[2025-04-03T13:43:00.126+0000] {processor.py:186} INFO - Started process (PID=97905) to work on /home/hamza/Documents/project/Mlops/myenv/lib/python3.12/site-packages/airflow/example_dags/subdags/subdag.py
[2025-04-03T13:43:00.127+0000] {processor.py:914} INFO - Processing file /home/hamza/Documents/project/Mlops/myenv/lib/python3.12/site-packages/airflow/example_dags/subdags/subdag.py for tasks to queue
[2025-04-03T13:43:00.130+0000] {logging_mixin.py:190} INFO - [2025-04-03T13:43:00.130+0000] {dagbag.py:588} INFO - Filling up the DagBag from /home/hamza/Documents/project/Mlops/myenv/lib/python3.12/site-packages/airflow/example_dags/subdags/subdag.py
[2025-04-03T13:43:00.133+0000] {processor.py:927} WARNING - No viable dags retrieved from /home/hamza/Documents/project/Mlops/myenv/lib/python3.12/site-packages/airflow/example_dags/subdags/subdag.py
[2025-04-03T13:43:00.149+0000] {processor.py:208} INFO - Processing /home/hamza/Documents/project/Mlops/myenv/lib/python3.12/site-packages/airflow/example_dags/subdags/subdag.py took 0.031 seconds
[2025-04-03T13:44:22.492+0000] {processor.py:186} INFO - Started process (PID=98982) to work on /home/hamza/Documents/project/Mlops/myenv/lib/python3.12/site-packages/airflow/example_dags/subdags/subdag.py
[2025-04-03T13:44:22.495+0000] {processor.py:914} INFO - Processing file /home/hamza/Documents/project/Mlops/myenv/lib/python3.12/site-packages/airflow/example_dags/subdags/subdag.py for tasks to queue
[2025-04-03T13:44:22.499+0000] {logging_mixin.py:190} INFO - [2025-04-03T13:44:22.499+0000] {dagbag.py:588} INFO - Filling up the DagBag from /home/hamza/Documents/project/Mlops/myenv/lib/python3.12/site-packages/airflow/example_dags/subdags/subdag.py
[2025-04-03T13:44:22.504+0000] {processor.py:927} WARNING - No viable dags retrieved from /home/hamza/Documents/project/Mlops/myenv/lib/python3.12/site-packages/airflow/example_dags/subdags/subdag.py
[2025-04-03T13:44:22.524+0000] {processor.py:208} INFO - Processing /home/hamza/Documents/project/Mlops/myenv/lib/python3.12/site-packages/airflow/example_dags/subdags/subdag.py took 0.042 seconds
[2025-04-03T13:45:03.323+0000] {processor.py:186} INFO - Started process (PID=99611) to work on /home/hamza/Documents/project/Mlops/myenv/lib/python3.12/site-packages/airflow/example_dags/subdags/subdag.py
[2025-04-03T13:45:03.324+0000] {processor.py:914} INFO - Processing file /home/hamza/Documents/project/Mlops/myenv/lib/python3.12/site-packages/airflow/example_dags/subdags/subdag.py for tasks to queue
[2025-04-03T13:45:03.328+0000] {logging_mixin.py:190} INFO - [2025-04-03T13:45:03.327+0000] {dagbag.py:588} INFO - Filling up the DagBag from /home/hamza/Documents/project/Mlops/myenv/lib/python3.12/site-packages/airflow/example_dags/subdags/subdag.py
[2025-04-03T13:45:03.332+0000] {processor.py:927} WARNING - No viable dags retrieved from /home/hamza/Documents/project/Mlops/myenv/lib/python3.12/site-packages/airflow/example_dags/subdags/subdag.py
[2025-04-03T13:45:03.350+0000] {processor.py:208} INFO - Processing /home/hamza/Documents/project/Mlops/myenv/lib/python3.12/site-packages/airflow/example_dags/subdags/subdag.py took 0.037 seconds
[2025-04-03T13:45:36.169+0000] {processor.py:186} INFO - Started process (PID=99891) to work on /home/hamza/Documents/project/Mlops/myenv/lib/python3.12/site-packages/airflow/example_dags/subdags/subdag.py
[2025-04-03T13:45:36.172+0000] {processor.py:914} INFO - Processing file /home/hamza/Documents/project/Mlops/myenv/lib/python3.12/site-packages/airflow/example_dags/subdags/subdag.py for tasks to queue
[2025-04-03T13:45:36.175+0000] {logging_mixin.py:190} INFO - [2025-04-03T13:45:36.175+0000] {dagbag.py:588} INFO - Filling up the DagBag from /home/hamza/Documents/project/Mlops/myenv/lib/python3.12/site-packages/airflow/example_dags/subdags/subdag.py
[2025-04-03T13:45:36.179+0000] {processor.py:927} WARNING - No viable dags retrieved from /home/hamza/Documents/project/Mlops/myenv/lib/python3.12/site-packages/airflow/example_dags/subdags/subdag.py
[2025-04-03T13:45:36.199+0000] {processor.py:208} INFO - Processing /home/hamza/Documents/project/Mlops/myenv/lib/python3.12/site-packages/airflow/example_dags/subdags/subdag.py took 0.039 seconds
[2025-04-03T13:46:09.917+0000] {processor.py:186} INFO - Started process (PID=100174) to work on /home/hamza/Documents/project/Mlops/myenv/lib/python3.12/site-packages/airflow/example_dags/subdags/subdag.py
[2025-04-03T13:46:09.919+0000] {processor.py:914} INFO - Processing file /home/hamza/Documents/project/Mlops/myenv/lib/python3.12/site-packages/airflow/example_dags/subdags/subdag.py for tasks to queue
[2025-04-03T13:46:09.923+0000] {logging_mixin.py:190} INFO - [2025-04-03T13:46:09.922+0000] {dagbag.py:588} INFO - Filling up the DagBag from /home/hamza/Documents/project/Mlops/myenv/lib/python3.12/site-packages/airflow/example_dags/subdags/subdag.py
[2025-04-03T13:46:09.926+0000] {processor.py:927} WARNING - No viable dags retrieved from /home/hamza/Documents/project/Mlops/myenv/lib/python3.12/site-packages/airflow/example_dags/subdags/subdag.py
[2025-04-03T13:46:09.945+0000] {processor.py:208} INFO - Processing /home/hamza/Documents/project/Mlops/myenv/lib/python3.12/site-packages/airflow/example_dags/subdags/subdag.py took 0.040 seconds
[2025-04-03T13:46:44.310+0000] {processor.py:186} INFO - Started process (PID=100570) to work on /home/hamza/Documents/project/Mlops/myenv/lib/python3.12/site-packages/airflow/example_dags/subdags/subdag.py
[2025-04-03T13:46:44.313+0000] {processor.py:914} INFO - Processing file /home/hamza/Documents/project/Mlops/myenv/lib/python3.12/site-packages/airflow/example_dags/subdags/subdag.py for tasks to queue
[2025-04-03T13:46:44.317+0000] {logging_mixin.py:190} INFO - [2025-04-03T13:46:44.316+0000] {dagbag.py:588} INFO - Filling up the DagBag from /home/hamza/Documents/project/Mlops/myenv/lib/python3.12/site-packages/airflow/example_dags/subdags/subdag.py
[2025-04-03T13:46:44.321+0000] {processor.py:927} WARNING - No viable dags retrieved from /home/hamza/Documents/project/Mlops/myenv/lib/python3.12/site-packages/airflow/example_dags/subdags/subdag.py
[2025-04-03T13:46:44.344+0000] {processor.py:208} INFO - Processing /home/hamza/Documents/project/Mlops/myenv/lib/python3.12/site-packages/airflow/example_dags/subdags/subdag.py took 0.043 seconds
[2025-04-03T13:47:17.643+0000] {processor.py:186} INFO - Started process (PID=100942) to work on /home/hamza/Documents/project/Mlops/myenv/lib/python3.12/site-packages/airflow/example_dags/subdags/subdag.py
[2025-04-03T13:47:17.645+0000] {processor.py:914} INFO - Processing file /home/hamza/Documents/project/Mlops/myenv/lib/python3.12/site-packages/airflow/example_dags/subdags/subdag.py for tasks to queue
[2025-04-03T13:47:17.649+0000] {logging_mixin.py:190} INFO - [2025-04-03T13:47:17.648+0000] {dagbag.py:588} INFO - Filling up the DagBag from /home/hamza/Documents/project/Mlops/myenv/lib/python3.12/site-packages/airflow/example_dags/subdags/subdag.py
[2025-04-03T13:47:17.653+0000] {processor.py:927} WARNING - No viable dags retrieved from /home/hamza/Documents/project/Mlops/myenv/lib/python3.12/site-packages/airflow/example_dags/subdags/subdag.py
[2025-04-03T13:47:17.672+0000] {processor.py:208} INFO - Processing /home/hamza/Documents/project/Mlops/myenv/lib/python3.12/site-packages/airflow/example_dags/subdags/subdag.py took 0.038 seconds
[2025-04-03T13:47:50.745+0000] {processor.py:186} INFO - Started process (PID=101391) to work on /home/hamza/Documents/project/Mlops/myenv/lib/python3.12/site-packages/airflow/example_dags/subdags/subdag.py
[2025-04-03T13:47:50.747+0000] {processor.py:914} INFO - Processing file /home/hamza/Documents/project/Mlops/myenv/lib/python3.12/site-packages/airflow/example_dags/subdags/subdag.py for tasks to queue
[2025-04-03T13:47:50.750+0000] {logging_mixin.py:190} INFO - [2025-04-03T13:47:50.750+0000] {dagbag.py:588} INFO - Filling up the DagBag from /home/hamza/Documents/project/Mlops/myenv/lib/python3.12/site-packages/airflow/example_dags/subdags/subdag.py
[2025-04-03T13:47:50.755+0000] {processor.py:927} WARNING - No viable dags retrieved from /home/hamza/Documents/project/Mlops/myenv/lib/python3.12/site-packages/airflow/example_dags/subdags/subdag.py
[2025-04-03T13:47:50.776+0000] {processor.py:208} INFO - Processing /home/hamza/Documents/project/Mlops/myenv/lib/python3.12/site-packages/airflow/example_dags/subdags/subdag.py took 0.040 seconds
[2025-04-03T13:49:20.390+0000] {processor.py:186} INFO - Started process (PID=102638) to work on /home/hamza/Documents/project/Mlops/myenv/lib/python3.12/site-packages/airflow/example_dags/subdags/subdag.py
[2025-04-03T13:49:20.397+0000] {processor.py:914} INFO - Processing file /home/hamza/Documents/project/Mlops/myenv/lib/python3.12/site-packages/airflow/example_dags/subdags/subdag.py for tasks to queue
[2025-04-03T13:49:20.400+0000] {logging_mixin.py:190} INFO - [2025-04-03T13:49:20.399+0000] {dagbag.py:588} INFO - Filling up the DagBag from /home/hamza/Documents/project/Mlops/myenv/lib/python3.12/site-packages/airflow/example_dags/subdags/subdag.py
[2025-04-03T13:49:20.404+0000] {processor.py:927} WARNING - No viable dags retrieved from /home/hamza/Documents/project/Mlops/myenv/lib/python3.12/site-packages/airflow/example_dags/subdags/subdag.py
[2025-04-03T13:49:20.421+0000] {processor.py:208} INFO - Processing /home/hamza/Documents/project/Mlops/myenv/lib/python3.12/site-packages/airflow/example_dags/subdags/subdag.py took 0.040 seconds
[2025-04-03T13:50:39.734+0000] {processor.py:186} INFO - Started process (PID=103684) to work on /home/hamza/Documents/project/Mlops/myenv/lib/python3.12/site-packages/airflow/example_dags/subdags/subdag.py
[2025-04-03T13:50:39.738+0000] {processor.py:914} INFO - Processing file /home/hamza/Documents/project/Mlops/myenv/lib/python3.12/site-packages/airflow/example_dags/subdags/subdag.py for tasks to queue
[2025-04-03T13:50:39.741+0000] {logging_mixin.py:190} INFO - [2025-04-03T13:50:39.741+0000] {dagbag.py:588} INFO - Filling up the DagBag from /home/hamza/Documents/project/Mlops/myenv/lib/python3.12/site-packages/airflow/example_dags/subdags/subdag.py
[2025-04-03T13:50:39.745+0000] {processor.py:927} WARNING - No viable dags retrieved from /home/hamza/Documents/project/Mlops/myenv/lib/python3.12/site-packages/airflow/example_dags/subdags/subdag.py
[2025-04-03T13:50:39.764+0000] {processor.py:208} INFO - Processing /home/hamza/Documents/project/Mlops/myenv/lib/python3.12/site-packages/airflow/example_dags/subdags/subdag.py took 0.040 seconds
[2025-04-03T13:51:26.754+0000] {processor.py:186} INFO - Started process (PID=104231) to work on /home/hamza/Documents/project/Mlops/myenv/lib/python3.12/site-packages/airflow/example_dags/subdags/subdag.py
[2025-04-03T13:51:26.756+0000] {processor.py:914} INFO - Processing file /home/hamza/Documents/project/Mlops/myenv/lib/python3.12/site-packages/airflow/example_dags/subdags/subdag.py for tasks to queue
[2025-04-03T13:51:26.761+0000] {logging_mixin.py:190} INFO - [2025-04-03T13:51:26.760+0000] {dagbag.py:588} INFO - Filling up the DagBag from /home/hamza/Documents/project/Mlops/myenv/lib/python3.12/site-packages/airflow/example_dags/subdags/subdag.py
[2025-04-03T13:51:26.765+0000] {processor.py:927} WARNING - No viable dags retrieved from /home/hamza/Documents/project/Mlops/myenv/lib/python3.12/site-packages/airflow/example_dags/subdags/subdag.py
[2025-04-03T13:51:26.790+0000] {processor.py:208} INFO - Processing /home/hamza/Documents/project/Mlops/myenv/lib/python3.12/site-packages/airflow/example_dags/subdags/subdag.py took 0.049 seconds
[2025-04-03T13:52:16.749+0000] {processor.py:186} INFO - Started process (PID=104807) to work on /home/hamza/Documents/project/Mlops/myenv/lib/python3.12/site-packages/airflow/example_dags/subdags/subdag.py
[2025-04-03T13:52:16.751+0000] {processor.py:914} INFO - Processing file /home/hamza/Documents/project/Mlops/myenv/lib/python3.12/site-packages/airflow/example_dags/subdags/subdag.py for tasks to queue
[2025-04-03T13:52:16.756+0000] {logging_mixin.py:190} INFO - [2025-04-03T13:52:16.754+0000] {dagbag.py:588} INFO - Filling up the DagBag from /home/hamza/Documents/project/Mlops/myenv/lib/python3.12/site-packages/airflow/example_dags/subdags/subdag.py
[2025-04-03T13:52:16.767+0000] {processor.py:927} WARNING - No viable dags retrieved from /home/hamza/Documents/project/Mlops/myenv/lib/python3.12/site-packages/airflow/example_dags/subdags/subdag.py
[2025-04-03T13:52:16.788+0000] {processor.py:208} INFO - Processing /home/hamza/Documents/project/Mlops/myenv/lib/python3.12/site-packages/airflow/example_dags/subdags/subdag.py took 0.052 seconds
[2025-04-03T13:53:07.728+0000] {processor.py:186} INFO - Started process (PID=105264) to work on /home/hamza/Documents/project/Mlops/myenv/lib/python3.12/site-packages/airflow/example_dags/subdags/subdag.py
[2025-04-03T13:53:07.730+0000] {processor.py:914} INFO - Processing file /home/hamza/Documents/project/Mlops/myenv/lib/python3.12/site-packages/airflow/example_dags/subdags/subdag.py for tasks to queue
[2025-04-03T13:53:07.733+0000] {logging_mixin.py:190} INFO - [2025-04-03T13:53:07.732+0000] {dagbag.py:588} INFO - Filling up the DagBag from /home/hamza/Documents/project/Mlops/myenv/lib/python3.12/site-packages/airflow/example_dags/subdags/subdag.py
[2025-04-03T13:53:07.738+0000] {processor.py:927} WARNING - No viable dags retrieved from /home/hamza/Documents/project/Mlops/myenv/lib/python3.12/site-packages/airflow/example_dags/subdags/subdag.py
[2025-04-03T13:53:07.756+0000] {processor.py:208} INFO - Processing /home/hamza/Documents/project/Mlops/myenv/lib/python3.12/site-packages/airflow/example_dags/subdags/subdag.py took 0.038 seconds
[2025-04-03T13:53:56.361+0000] {processor.py:186} INFO - Started process (PID=105765) to work on /home/hamza/Documents/project/Mlops/myenv/lib/python3.12/site-packages/airflow/example_dags/subdags/subdag.py
[2025-04-03T13:53:56.363+0000] {processor.py:914} INFO - Processing file /home/hamza/Documents/project/Mlops/myenv/lib/python3.12/site-packages/airflow/example_dags/subdags/subdag.py for tasks to queue
[2025-04-03T13:53:56.367+0000] {logging_mixin.py:190} INFO - [2025-04-03T13:53:56.366+0000] {dagbag.py:588} INFO - Filling up the DagBag from /home/hamza/Documents/project/Mlops/myenv/lib/python3.12/site-packages/airflow/example_dags/subdags/subdag.py
[2025-04-03T13:53:56.372+0000] {processor.py:927} WARNING - No viable dags retrieved from /home/hamza/Documents/project/Mlops/myenv/lib/python3.12/site-packages/airflow/example_dags/subdags/subdag.py
[2025-04-03T13:53:56.391+0000] {processor.py:208} INFO - Processing /home/hamza/Documents/project/Mlops/myenv/lib/python3.12/site-packages/airflow/example_dags/subdags/subdag.py took 0.040 seconds
[2025-04-03T13:57:40.536+0000] {processor.py:186} INFO - Started process (PID=108792) to work on /home/hamza/Documents/project/Mlops/myenv/lib/python3.12/site-packages/airflow/example_dags/subdags/subdag.py
[2025-04-03T13:57:40.539+0000] {processor.py:914} INFO - Processing file /home/hamza/Documents/project/Mlops/myenv/lib/python3.12/site-packages/airflow/example_dags/subdags/subdag.py for tasks to queue
[2025-04-03T13:57:40.541+0000] {logging_mixin.py:190} INFO - [2025-04-03T13:57:40.540+0000] {dagbag.py:588} INFO - Filling up the DagBag from /home/hamza/Documents/project/Mlops/myenv/lib/python3.12/site-packages/airflow/example_dags/subdags/subdag.py
[2025-04-03T13:57:40.545+0000] {processor.py:927} WARNING - No viable dags retrieved from /home/hamza/Documents/project/Mlops/myenv/lib/python3.12/site-packages/airflow/example_dags/subdags/subdag.py
[2025-04-03T13:57:40.563+0000] {processor.py:208} INFO - Processing /home/hamza/Documents/project/Mlops/myenv/lib/python3.12/site-packages/airflow/example_dags/subdags/subdag.py took 0.036 seconds
[2025-04-03T13:58:49.203+0000] {processor.py:186} INFO - Started process (PID=109627) to work on /home/hamza/Documents/project/Mlops/myenv/lib/python3.12/site-packages/airflow/example_dags/subdags/subdag.py
[2025-04-03T13:58:49.204+0000] {processor.py:914} INFO - Processing file /home/hamza/Documents/project/Mlops/myenv/lib/python3.12/site-packages/airflow/example_dags/subdags/subdag.py for tasks to queue
[2025-04-03T13:58:49.207+0000] {logging_mixin.py:190} INFO - [2025-04-03T13:58:49.207+0000] {dagbag.py:588} INFO - Filling up the DagBag from /home/hamza/Documents/project/Mlops/myenv/lib/python3.12/site-packages/airflow/example_dags/subdags/subdag.py
[2025-04-03T13:58:49.211+0000] {processor.py:927} WARNING - No viable dags retrieved from /home/hamza/Documents/project/Mlops/myenv/lib/python3.12/site-packages/airflow/example_dags/subdags/subdag.py
[2025-04-03T13:58:49.228+0000] {processor.py:208} INFO - Processing /home/hamza/Documents/project/Mlops/myenv/lib/python3.12/site-packages/airflow/example_dags/subdags/subdag.py took 0.036 seconds
[2025-04-03T14:09:41.530+0000] {processor.py:186} INFO - Started process (PID=117787) to work on /home/hamza/Documents/project/Mlops/myenv/lib/python3.12/site-packages/airflow/example_dags/subdags/subdag.py
[2025-04-03T14:09:41.531+0000] {processor.py:914} INFO - Processing file /home/hamza/Documents/project/Mlops/myenv/lib/python3.12/site-packages/airflow/example_dags/subdags/subdag.py for tasks to queue
[2025-04-03T14:09:41.534+0000] {logging_mixin.py:190} INFO - [2025-04-03T14:09:41.533+0000] {dagbag.py:588} INFO - Filling up the DagBag from /home/hamza/Documents/project/Mlops/myenv/lib/python3.12/site-packages/airflow/example_dags/subdags/subdag.py
[2025-04-03T14:09:41.539+0000] {processor.py:927} WARNING - No viable dags retrieved from /home/hamza/Documents/project/Mlops/myenv/lib/python3.12/site-packages/airflow/example_dags/subdags/subdag.py
[2025-04-03T14:09:41.555+0000] {processor.py:208} INFO - Processing /home/hamza/Documents/project/Mlops/myenv/lib/python3.12/site-packages/airflow/example_dags/subdags/subdag.py took 0.034 seconds
[2025-04-03T14:10:56.956+0000] {processor.py:186} INFO - Started process (PID=118481) to work on /home/hamza/Documents/project/Mlops/myenv/lib/python3.12/site-packages/airflow/example_dags/subdags/subdag.py
[2025-04-03T14:10:56.958+0000] {processor.py:914} INFO - Processing file /home/hamza/Documents/project/Mlops/myenv/lib/python3.12/site-packages/airflow/example_dags/subdags/subdag.py for tasks to queue
[2025-04-03T14:10:56.960+0000] {logging_mixin.py:190} INFO - [2025-04-03T14:10:56.960+0000] {dagbag.py:588} INFO - Filling up the DagBag from /home/hamza/Documents/project/Mlops/myenv/lib/python3.12/site-packages/airflow/example_dags/subdags/subdag.py
[2025-04-03T14:10:56.964+0000] {processor.py:927} WARNING - No viable dags retrieved from /home/hamza/Documents/project/Mlops/myenv/lib/python3.12/site-packages/airflow/example_dags/subdags/subdag.py
[2025-04-03T14:10:56.980+0000] {processor.py:208} INFO - Processing /home/hamza/Documents/project/Mlops/myenv/lib/python3.12/site-packages/airflow/example_dags/subdags/subdag.py took 0.033 seconds
[2025-04-03T14:11:45.925+0000] {processor.py:186} INFO - Started process (PID=118891) to work on /home/hamza/Documents/project/Mlops/myenv/lib/python3.12/site-packages/airflow/example_dags/subdags/subdag.py
[2025-04-03T14:11:45.927+0000] {processor.py:914} INFO - Processing file /home/hamza/Documents/project/Mlops/myenv/lib/python3.12/site-packages/airflow/example_dags/subdags/subdag.py for tasks to queue
[2025-04-03T14:11:45.930+0000] {logging_mixin.py:190} INFO - [2025-04-03T14:11:45.929+0000] {dagbag.py:588} INFO - Filling up the DagBag from /home/hamza/Documents/project/Mlops/myenv/lib/python3.12/site-packages/airflow/example_dags/subdags/subdag.py
[2025-04-03T14:11:45.934+0000] {processor.py:927} WARNING - No viable dags retrieved from /home/hamza/Documents/project/Mlops/myenv/lib/python3.12/site-packages/airflow/example_dags/subdags/subdag.py
[2025-04-03T14:11:45.952+0000] {processor.py:208} INFO - Processing /home/hamza/Documents/project/Mlops/myenv/lib/python3.12/site-packages/airflow/example_dags/subdags/subdag.py took 0.038 seconds
[2025-04-03T14:12:37.332+0000] {processor.py:186} INFO - Started process (PID=119367) to work on /home/hamza/Documents/project/Mlops/myenv/lib/python3.12/site-packages/airflow/example_dags/subdags/subdag.py
[2025-04-03T14:12:37.337+0000] {processor.py:914} INFO - Processing file /home/hamza/Documents/project/Mlops/myenv/lib/python3.12/site-packages/airflow/example_dags/subdags/subdag.py for tasks to queue
[2025-04-03T14:12:37.339+0000] {logging_mixin.py:190} INFO - [2025-04-03T14:12:37.338+0000] {dagbag.py:588} INFO - Filling up the DagBag from /home/hamza/Documents/project/Mlops/myenv/lib/python3.12/site-packages/airflow/example_dags/subdags/subdag.py
[2025-04-03T14:12:37.343+0000] {processor.py:927} WARNING - No viable dags retrieved from /home/hamza/Documents/project/Mlops/myenv/lib/python3.12/site-packages/airflow/example_dags/subdags/subdag.py
[2025-04-03T14:12:37.360+0000] {processor.py:208} INFO - Processing /home/hamza/Documents/project/Mlops/myenv/lib/python3.12/site-packages/airflow/example_dags/subdags/subdag.py took 0.037 seconds
[2025-04-03T14:13:30.210+0000] {processor.py:186} INFO - Started process (PID=119911) to work on /home/hamza/Documents/project/Mlops/myenv/lib/python3.12/site-packages/airflow/example_dags/subdags/subdag.py
[2025-04-03T14:13:30.212+0000] {processor.py:914} INFO - Processing file /home/hamza/Documents/project/Mlops/myenv/lib/python3.12/site-packages/airflow/example_dags/subdags/subdag.py for tasks to queue
[2025-04-03T14:13:30.215+0000] {logging_mixin.py:190} INFO - [2025-04-03T14:13:30.214+0000] {dagbag.py:588} INFO - Filling up the DagBag from /home/hamza/Documents/project/Mlops/myenv/lib/python3.12/site-packages/airflow/example_dags/subdags/subdag.py
[2025-04-03T14:13:30.219+0000] {processor.py:927} WARNING - No viable dags retrieved from /home/hamza/Documents/project/Mlops/myenv/lib/python3.12/site-packages/airflow/example_dags/subdags/subdag.py
[2025-04-03T14:13:30.237+0000] {processor.py:208} INFO - Processing /home/hamza/Documents/project/Mlops/myenv/lib/python3.12/site-packages/airflow/example_dags/subdags/subdag.py took 0.036 seconds
[2025-04-03T14:18:21.039+0000] {processor.py:186} INFO - Started process (PID=122155) to work on /home/hamza/Documents/project/Mlops/myenv/lib/python3.12/site-packages/airflow/example_dags/subdags/subdag.py
[2025-04-03T14:18:21.042+0000] {processor.py:914} INFO - Processing file /home/hamza/Documents/project/Mlops/myenv/lib/python3.12/site-packages/airflow/example_dags/subdags/subdag.py for tasks to queue
[2025-04-03T14:18:21.046+0000] {logging_mixin.py:190} INFO - [2025-04-03T14:18:21.044+0000] {dagbag.py:588} INFO - Filling up the DagBag from /home/hamza/Documents/project/Mlops/myenv/lib/python3.12/site-packages/airflow/example_dags/subdags/subdag.py
[2025-04-03T14:18:21.050+0000] {processor.py:927} WARNING - No viable dags retrieved from /home/hamza/Documents/project/Mlops/myenv/lib/python3.12/site-packages/airflow/example_dags/subdags/subdag.py
[2025-04-03T14:18:21.067+0000] {processor.py:208} INFO - Processing /home/hamza/Documents/project/Mlops/myenv/lib/python3.12/site-packages/airflow/example_dags/subdags/subdag.py took 0.038 seconds
[2025-04-03T14:19:35.577+0000] {processor.py:186} INFO - Started process (PID=122863) to work on /home/hamza/Documents/project/Mlops/myenv/lib/python3.12/site-packages/airflow/example_dags/subdags/subdag.py
[2025-04-03T14:19:35.580+0000] {processor.py:914} INFO - Processing file /home/hamza/Documents/project/Mlops/myenv/lib/python3.12/site-packages/airflow/example_dags/subdags/subdag.py for tasks to queue
[2025-04-03T14:19:35.582+0000] {logging_mixin.py:190} INFO - [2025-04-03T14:19:35.582+0000] {dagbag.py:588} INFO - Filling up the DagBag from /home/hamza/Documents/project/Mlops/myenv/lib/python3.12/site-packages/airflow/example_dags/subdags/subdag.py
[2025-04-03T14:19:35.587+0000] {processor.py:927} WARNING - No viable dags retrieved from /home/hamza/Documents/project/Mlops/myenv/lib/python3.12/site-packages/airflow/example_dags/subdags/subdag.py
[2025-04-03T14:19:35.611+0000] {processor.py:208} INFO - Processing /home/hamza/Documents/project/Mlops/myenv/lib/python3.12/site-packages/airflow/example_dags/subdags/subdag.py took 0.047 seconds
[2025-04-03T15:07:52.408+0000] {processor.py:186} INFO - Started process (PID=35591) to work on /home/hamza/Documents/project/Mlops/myenv/lib/python3.12/site-packages/airflow/example_dags/subdags/subdag.py
[2025-04-03T15:07:52.410+0000] {processor.py:914} INFO - Processing file /home/hamza/Documents/project/Mlops/myenv/lib/python3.12/site-packages/airflow/example_dags/subdags/subdag.py for tasks to queue
[2025-04-03T15:07:52.416+0000] {logging_mixin.py:190} INFO - [2025-04-03T15:07:52.415+0000] {dagbag.py:588} INFO - Filling up the DagBag from /home/hamza/Documents/project/Mlops/myenv/lib/python3.12/site-packages/airflow/example_dags/subdags/subdag.py
[2025-04-03T15:07:52.420+0000] {processor.py:927} WARNING - No viable dags retrieved from /home/hamza/Documents/project/Mlops/myenv/lib/python3.12/site-packages/airflow/example_dags/subdags/subdag.py
[2025-04-03T15:07:52.440+0000] {processor.py:208} INFO - Processing /home/hamza/Documents/project/Mlops/myenv/lib/python3.12/site-packages/airflow/example_dags/subdags/subdag.py took 0.042 seconds
[2025-04-03T15:09:07.701+0000] {processor.py:186} INFO - Started process (PID=36618) to work on /home/hamza/Documents/project/Mlops/myenv/lib/python3.12/site-packages/airflow/example_dags/subdags/subdag.py
[2025-04-03T15:09:07.703+0000] {processor.py:914} INFO - Processing file /home/hamza/Documents/project/Mlops/myenv/lib/python3.12/site-packages/airflow/example_dags/subdags/subdag.py for tasks to queue
[2025-04-03T15:09:07.707+0000] {logging_mixin.py:190} INFO - [2025-04-03T15:09:07.706+0000] {dagbag.py:588} INFO - Filling up the DagBag from /home/hamza/Documents/project/Mlops/myenv/lib/python3.12/site-packages/airflow/example_dags/subdags/subdag.py
[2025-04-03T15:09:07.711+0000] {processor.py:927} WARNING - No viable dags retrieved from /home/hamza/Documents/project/Mlops/myenv/lib/python3.12/site-packages/airflow/example_dags/subdags/subdag.py
[2025-04-03T15:09:07.728+0000] {processor.py:208} INFO - Processing /home/hamza/Documents/project/Mlops/myenv/lib/python3.12/site-packages/airflow/example_dags/subdags/subdag.py took 0.036 seconds
[2025-04-03T15:09:51.082+0000] {processor.py:186} INFO - Started process (PID=37049) to work on /home/hamza/Documents/project/Mlops/myenv/lib/python3.12/site-packages/airflow/example_dags/subdags/subdag.py
[2025-04-03T15:09:51.090+0000] {processor.py:914} INFO - Processing file /home/hamza/Documents/project/Mlops/myenv/lib/python3.12/site-packages/airflow/example_dags/subdags/subdag.py for tasks to queue
[2025-04-03T15:09:51.094+0000] {logging_mixin.py:190} INFO - [2025-04-03T15:09:51.094+0000] {dagbag.py:588} INFO - Filling up the DagBag from /home/hamza/Documents/project/Mlops/myenv/lib/python3.12/site-packages/airflow/example_dags/subdags/subdag.py
[2025-04-03T15:09:51.098+0000] {processor.py:927} WARNING - No viable dags retrieved from /home/hamza/Documents/project/Mlops/myenv/lib/python3.12/site-packages/airflow/example_dags/subdags/subdag.py
[2025-04-03T15:09:51.116+0000] {processor.py:208} INFO - Processing /home/hamza/Documents/project/Mlops/myenv/lib/python3.12/site-packages/airflow/example_dags/subdags/subdag.py took 0.043 seconds
[2025-04-03T15:10:37.801+0000] {processor.py:186} INFO - Started process (PID=37461) to work on /home/hamza/Documents/project/Mlops/myenv/lib/python3.12/site-packages/airflow/example_dags/subdags/subdag.py
[2025-04-03T15:10:37.804+0000] {processor.py:914} INFO - Processing file /home/hamza/Documents/project/Mlops/myenv/lib/python3.12/site-packages/airflow/example_dags/subdags/subdag.py for tasks to queue
[2025-04-03T15:10:37.807+0000] {logging_mixin.py:190} INFO - [2025-04-03T15:10:37.807+0000] {dagbag.py:588} INFO - Filling up the DagBag from /home/hamza/Documents/project/Mlops/myenv/lib/python3.12/site-packages/airflow/example_dags/subdags/subdag.py
[2025-04-03T15:10:37.811+0000] {processor.py:927} WARNING - No viable dags retrieved from /home/hamza/Documents/project/Mlops/myenv/lib/python3.12/site-packages/airflow/example_dags/subdags/subdag.py
[2025-04-03T15:10:37.829+0000] {processor.py:208} INFO - Processing /home/hamza/Documents/project/Mlops/myenv/lib/python3.12/site-packages/airflow/example_dags/subdags/subdag.py took 0.036 seconds
[2025-04-03T15:11:21.683+0000] {processor.py:186} INFO - Started process (PID=37867) to work on /home/hamza/Documents/project/Mlops/myenv/lib/python3.12/site-packages/airflow/example_dags/subdags/subdag.py
[2025-04-03T15:11:21.689+0000] {processor.py:914} INFO - Processing file /home/hamza/Documents/project/Mlops/myenv/lib/python3.12/site-packages/airflow/example_dags/subdags/subdag.py for tasks to queue
[2025-04-03T15:11:21.694+0000] {logging_mixin.py:190} INFO - [2025-04-03T15:11:21.693+0000] {dagbag.py:588} INFO - Filling up the DagBag from /home/hamza/Documents/project/Mlops/myenv/lib/python3.12/site-packages/airflow/example_dags/subdags/subdag.py
[2025-04-03T15:11:21.698+0000] {processor.py:927} WARNING - No viable dags retrieved from /home/hamza/Documents/project/Mlops/myenv/lib/python3.12/site-packages/airflow/example_dags/subdags/subdag.py
[2025-04-03T15:11:21.717+0000] {processor.py:208} INFO - Processing /home/hamza/Documents/project/Mlops/myenv/lib/python3.12/site-packages/airflow/example_dags/subdags/subdag.py took 0.042 seconds
[2025-04-03T15:12:04.962+0000] {processor.py:186} INFO - Started process (PID=38252) to work on /home/hamza/Documents/project/Mlops/myenv/lib/python3.12/site-packages/airflow/example_dags/subdags/subdag.py
[2025-04-03T15:12:04.967+0000] {processor.py:914} INFO - Processing file /home/hamza/Documents/project/Mlops/myenv/lib/python3.12/site-packages/airflow/example_dags/subdags/subdag.py for tasks to queue
[2025-04-03T15:12:04.970+0000] {logging_mixin.py:190} INFO - [2025-04-03T15:12:04.970+0000] {dagbag.py:588} INFO - Filling up the DagBag from /home/hamza/Documents/project/Mlops/myenv/lib/python3.12/site-packages/airflow/example_dags/subdags/subdag.py
[2025-04-03T15:12:04.975+0000] {processor.py:927} WARNING - No viable dags retrieved from /home/hamza/Documents/project/Mlops/myenv/lib/python3.12/site-packages/airflow/example_dags/subdags/subdag.py
[2025-04-03T15:12:04.993+0000] {processor.py:208} INFO - Processing /home/hamza/Documents/project/Mlops/myenv/lib/python3.12/site-packages/airflow/example_dags/subdags/subdag.py took 0.040 seconds
[2025-04-03T15:12:52.499+0000] {processor.py:186} INFO - Started process (PID=38701) to work on /home/hamza/Documents/project/Mlops/myenv/lib/python3.12/site-packages/airflow/example_dags/subdags/subdag.py
[2025-04-03T15:12:52.508+0000] {processor.py:914} INFO - Processing file /home/hamza/Documents/project/Mlops/myenv/lib/python3.12/site-packages/airflow/example_dags/subdags/subdag.py for tasks to queue
[2025-04-03T15:12:52.512+0000] {logging_mixin.py:190} INFO - [2025-04-03T15:12:52.511+0000] {dagbag.py:588} INFO - Filling up the DagBag from /home/hamza/Documents/project/Mlops/myenv/lib/python3.12/site-packages/airflow/example_dags/subdags/subdag.py
[2025-04-03T15:12:52.515+0000] {processor.py:927} WARNING - No viable dags retrieved from /home/hamza/Documents/project/Mlops/myenv/lib/python3.12/site-packages/airflow/example_dags/subdags/subdag.py
[2025-04-03T15:12:52.532+0000] {processor.py:208} INFO - Processing /home/hamza/Documents/project/Mlops/myenv/lib/python3.12/site-packages/airflow/example_dags/subdags/subdag.py took 0.042 seconds
[2025-04-03T15:13:42.234+0000] {processor.py:186} INFO - Started process (PID=39153) to work on /home/hamza/Documents/project/Mlops/myenv/lib/python3.12/site-packages/airflow/example_dags/subdags/subdag.py
[2025-04-03T15:13:42.236+0000] {processor.py:914} INFO - Processing file /home/hamza/Documents/project/Mlops/myenv/lib/python3.12/site-packages/airflow/example_dags/subdags/subdag.py for tasks to queue
[2025-04-03T15:13:42.241+0000] {logging_mixin.py:190} INFO - [2025-04-03T15:13:42.240+0000] {dagbag.py:588} INFO - Filling up the DagBag from /home/hamza/Documents/project/Mlops/myenv/lib/python3.12/site-packages/airflow/example_dags/subdags/subdag.py
[2025-04-03T15:13:42.245+0000] {processor.py:927} WARNING - No viable dags retrieved from /home/hamza/Documents/project/Mlops/myenv/lib/python3.12/site-packages/airflow/example_dags/subdags/subdag.py
[2025-04-03T15:13:42.262+0000] {processor.py:208} INFO - Processing /home/hamza/Documents/project/Mlops/myenv/lib/python3.12/site-packages/airflow/example_dags/subdags/subdag.py took 0.040 seconds
[2025-04-03T15:14:30.264+0000] {processor.py:186} INFO - Started process (PID=39619) to work on /home/hamza/Documents/project/Mlops/myenv/lib/python3.12/site-packages/airflow/example_dags/subdags/subdag.py
[2025-04-03T15:14:30.267+0000] {processor.py:914} INFO - Processing file /home/hamza/Documents/project/Mlops/myenv/lib/python3.12/site-packages/airflow/example_dags/subdags/subdag.py for tasks to queue
[2025-04-03T15:14:30.270+0000] {logging_mixin.py:190} INFO - [2025-04-03T15:14:30.270+0000] {dagbag.py:588} INFO - Filling up the DagBag from /home/hamza/Documents/project/Mlops/myenv/lib/python3.12/site-packages/airflow/example_dags/subdags/subdag.py
[2025-04-03T15:14:30.274+0000] {processor.py:927} WARNING - No viable dags retrieved from /home/hamza/Documents/project/Mlops/myenv/lib/python3.12/site-packages/airflow/example_dags/subdags/subdag.py
[2025-04-03T15:14:30.290+0000] {processor.py:208} INFO - Processing /home/hamza/Documents/project/Mlops/myenv/lib/python3.12/site-packages/airflow/example_dags/subdags/subdag.py took 0.035 seconds
[2025-04-03T15:15:16.791+0000] {processor.py:186} INFO - Started process (PID=40112) to work on /home/hamza/Documents/project/Mlops/myenv/lib/python3.12/site-packages/airflow/example_dags/subdags/subdag.py
[2025-04-03T15:15:16.793+0000] {processor.py:914} INFO - Processing file /home/hamza/Documents/project/Mlops/myenv/lib/python3.12/site-packages/airflow/example_dags/subdags/subdag.py for tasks to queue
[2025-04-03T15:15:16.797+0000] {logging_mixin.py:190} INFO - [2025-04-03T15:15:16.797+0000] {dagbag.py:588} INFO - Filling up the DagBag from /home/hamza/Documents/project/Mlops/myenv/lib/python3.12/site-packages/airflow/example_dags/subdags/subdag.py
[2025-04-03T15:15:16.802+0000] {processor.py:927} WARNING - No viable dags retrieved from /home/hamza/Documents/project/Mlops/myenv/lib/python3.12/site-packages/airflow/example_dags/subdags/subdag.py
[2025-04-03T15:15:16.825+0000] {processor.py:208} INFO - Processing /home/hamza/Documents/project/Mlops/myenv/lib/python3.12/site-packages/airflow/example_dags/subdags/subdag.py took 0.044 seconds
[2025-04-03T15:16:05.642+0000] {processor.py:186} INFO - Started process (PID=40564) to work on /home/hamza/Documents/project/Mlops/myenv/lib/python3.12/site-packages/airflow/example_dags/subdags/subdag.py
[2025-04-03T15:16:05.645+0000] {processor.py:914} INFO - Processing file /home/hamza/Documents/project/Mlops/myenv/lib/python3.12/site-packages/airflow/example_dags/subdags/subdag.py for tasks to queue
[2025-04-03T15:16:05.649+0000] {logging_mixin.py:190} INFO - [2025-04-03T15:16:05.648+0000] {dagbag.py:588} INFO - Filling up the DagBag from /home/hamza/Documents/project/Mlops/myenv/lib/python3.12/site-packages/airflow/example_dags/subdags/subdag.py
[2025-04-03T15:16:05.652+0000] {processor.py:927} WARNING - No viable dags retrieved from /home/hamza/Documents/project/Mlops/myenv/lib/python3.12/site-packages/airflow/example_dags/subdags/subdag.py
[2025-04-03T15:16:05.670+0000] {processor.py:208} INFO - Processing /home/hamza/Documents/project/Mlops/myenv/lib/python3.12/site-packages/airflow/example_dags/subdags/subdag.py took 0.036 seconds
[2025-04-03T15:16:55.213+0000] {processor.py:186} INFO - Started process (PID=41062) to work on /home/hamza/Documents/project/Mlops/myenv/lib/python3.12/site-packages/airflow/example_dags/subdags/subdag.py
[2025-04-03T15:16:55.215+0000] {processor.py:914} INFO - Processing file /home/hamza/Documents/project/Mlops/myenv/lib/python3.12/site-packages/airflow/example_dags/subdags/subdag.py for tasks to queue
[2025-04-03T15:16:55.219+0000] {logging_mixin.py:190} INFO - [2025-04-03T15:16:55.218+0000] {dagbag.py:588} INFO - Filling up the DagBag from /home/hamza/Documents/project/Mlops/myenv/lib/python3.12/site-packages/airflow/example_dags/subdags/subdag.py
[2025-04-03T15:16:55.224+0000] {processor.py:927} WARNING - No viable dags retrieved from /home/hamza/Documents/project/Mlops/myenv/lib/python3.12/site-packages/airflow/example_dags/subdags/subdag.py
[2025-04-03T15:16:55.239+0000] {processor.py:208} INFO - Processing /home/hamza/Documents/project/Mlops/myenv/lib/python3.12/site-packages/airflow/example_dags/subdags/subdag.py took 0.035 seconds
[2025-04-03T15:17:44.958+0000] {processor.py:186} INFO - Started process (PID=41617) to work on /home/hamza/Documents/project/Mlops/myenv/lib/python3.12/site-packages/airflow/example_dags/subdags/subdag.py
[2025-04-03T15:17:44.963+0000] {processor.py:914} INFO - Processing file /home/hamza/Documents/project/Mlops/myenv/lib/python3.12/site-packages/airflow/example_dags/subdags/subdag.py for tasks to queue
[2025-04-03T15:17:44.969+0000] {logging_mixin.py:190} INFO - [2025-04-03T15:17:44.968+0000] {dagbag.py:588} INFO - Filling up the DagBag from /home/hamza/Documents/project/Mlops/myenv/lib/python3.12/site-packages/airflow/example_dags/subdags/subdag.py
[2025-04-03T15:17:44.973+0000] {processor.py:927} WARNING - No viable dags retrieved from /home/hamza/Documents/project/Mlops/myenv/lib/python3.12/site-packages/airflow/example_dags/subdags/subdag.py
[2025-04-03T15:17:44.991+0000] {processor.py:208} INFO - Processing /home/hamza/Documents/project/Mlops/myenv/lib/python3.12/site-packages/airflow/example_dags/subdags/subdag.py took 0.041 seconds
[2025-04-03T15:18:32.175+0000] {processor.py:186} INFO - Started process (PID=42073) to work on /home/hamza/Documents/project/Mlops/myenv/lib/python3.12/site-packages/airflow/example_dags/subdags/subdag.py
[2025-04-03T15:18:32.178+0000] {processor.py:914} INFO - Processing file /home/hamza/Documents/project/Mlops/myenv/lib/python3.12/site-packages/airflow/example_dags/subdags/subdag.py for tasks to queue
[2025-04-03T15:18:32.182+0000] {logging_mixin.py:190} INFO - [2025-04-03T15:18:32.181+0000] {dagbag.py:588} INFO - Filling up the DagBag from /home/hamza/Documents/project/Mlops/myenv/lib/python3.12/site-packages/airflow/example_dags/subdags/subdag.py
[2025-04-03T15:18:32.185+0000] {processor.py:927} WARNING - No viable dags retrieved from /home/hamza/Documents/project/Mlops/myenv/lib/python3.12/site-packages/airflow/example_dags/subdags/subdag.py
[2025-04-03T15:18:32.202+0000] {processor.py:208} INFO - Processing /home/hamza/Documents/project/Mlops/myenv/lib/python3.12/site-packages/airflow/example_dags/subdags/subdag.py took 0.035 seconds
[2025-04-03T15:19:16.646+0000] {processor.py:186} INFO - Started process (PID=42512) to work on /home/hamza/Documents/project/Mlops/myenv/lib/python3.12/site-packages/airflow/example_dags/subdags/subdag.py
[2025-04-03T15:19:16.649+0000] {processor.py:914} INFO - Processing file /home/hamza/Documents/project/Mlops/myenv/lib/python3.12/site-packages/airflow/example_dags/subdags/subdag.py for tasks to queue
[2025-04-03T15:19:16.652+0000] {logging_mixin.py:190} INFO - [2025-04-03T15:19:16.652+0000] {dagbag.py:588} INFO - Filling up the DagBag from /home/hamza/Documents/project/Mlops/myenv/lib/python3.12/site-packages/airflow/example_dags/subdags/subdag.py
[2025-04-03T15:19:16.656+0000] {processor.py:927} WARNING - No viable dags retrieved from /home/hamza/Documents/project/Mlops/myenv/lib/python3.12/site-packages/airflow/example_dags/subdags/subdag.py
[2025-04-03T15:19:16.675+0000] {processor.py:208} INFO - Processing /home/hamza/Documents/project/Mlops/myenv/lib/python3.12/site-packages/airflow/example_dags/subdags/subdag.py took 0.037 seconds
[2025-04-03T15:20:02.352+0000] {processor.py:186} INFO - Started process (PID=43073) to work on /home/hamza/Documents/project/Mlops/myenv/lib/python3.12/site-packages/airflow/example_dags/subdags/subdag.py
[2025-04-03T15:20:02.355+0000] {processor.py:914} INFO - Processing file /home/hamza/Documents/project/Mlops/myenv/lib/python3.12/site-packages/airflow/example_dags/subdags/subdag.py for tasks to queue
[2025-04-03T15:20:02.359+0000] {logging_mixin.py:190} INFO - [2025-04-03T15:20:02.358+0000] {dagbag.py:588} INFO - Filling up the DagBag from /home/hamza/Documents/project/Mlops/myenv/lib/python3.12/site-packages/airflow/example_dags/subdags/subdag.py
[2025-04-03T15:20:02.363+0000] {processor.py:927} WARNING - No viable dags retrieved from /home/hamza/Documents/project/Mlops/myenv/lib/python3.12/site-packages/airflow/example_dags/subdags/subdag.py
[2025-04-03T15:20:02.380+0000] {processor.py:208} INFO - Processing /home/hamza/Documents/project/Mlops/myenv/lib/python3.12/site-packages/airflow/example_dags/subdags/subdag.py took 0.037 seconds
