[2025-04-03T13:49:02.231+0000] {processor.py:186} INFO - Started process (PID=102370) to work on /home/hamza/Documents/project/Mlops/airflow/dags/news_scrapper.py
[2025-04-03T13:49:02.233+0000] {processor.py:914} INFO - Processing file /home/hamza/Documents/project/Mlops/airflow/dags/news_scrapper.py for tasks to queue
[2025-04-03T13:49:02.236+0000] {logging_mixin.py:190} INFO - [2025-04-03T13:49:02.235+0000] {dagbag.py:588} INFO - Filling up the DagBag from /home/hamza/Documents/project/Mlops/airflow/dags/news_scrapper.py
[2025-04-03T13:49:18.759+0000] {processor.py:925} INFO - DAG(s) 'news_api_collection' retrieved from /home/hamza/Documents/project/Mlops/airflow/dags/news_scrapper.py
[2025-04-03T13:49:18.939+0000] {logging_mixin.py:190} INFO - [2025-04-03T13:49:18.938+0000] {override.py:1930} INFO - Created Permission View: can edit on DAG:news_api_collection
[2025-04-03T13:49:18.959+0000] {logging_mixin.py:190} INFO - [2025-04-03T13:49:18.958+0000] {override.py:1930} INFO - Created Permission View: can read on DAG:news_api_collection
[2025-04-03T13:49:18.974+0000] {logging_mixin.py:190} INFO - [2025-04-03T13:49:18.973+0000] {override.py:1930} INFO - Created Permission View: can delete on DAG:news_api_collection
[2025-04-03T13:49:18.997+0000] {logging_mixin.py:190} INFO - [2025-04-03T13:49:18.997+0000] {override.py:1930} INFO - Created Permission View: can delete on DAG Run:news_api_collection
[2025-04-03T13:49:19.011+0000] {logging_mixin.py:190} INFO - [2025-04-03T13:49:19.010+0000] {override.py:1930} INFO - Created Permission View: menu access on DAG Run:news_api_collection
[2025-04-03T13:49:19.023+0000] {logging_mixin.py:190} INFO - [2025-04-03T13:49:19.023+0000] {override.py:1930} INFO - Created Permission View: can create on DAG Run:news_api_collection
[2025-04-03T13:49:19.037+0000] {logging_mixin.py:190} INFO - [2025-04-03T13:49:19.036+0000] {override.py:1930} INFO - Created Permission View: can read on DAG Run:news_api_collection
[2025-04-03T13:49:19.038+0000] {logging_mixin.py:190} INFO - [2025-04-03T13:49:19.037+0000] {dag.py:3239} INFO - Sync 1 DAGs
[2025-04-03T13:49:19.058+0000] {logging_mixin.py:190} INFO - [2025-04-03T13:49:19.057+0000] {dag.py:3262} INFO - Creating ORM DAG for news_api_collection
[2025-04-03T13:49:19.072+0000] {logging_mixin.py:190} INFO - [2025-04-03T13:49:19.072+0000] {dag.py:4180} INFO - Setting next_dagrun for news_api_collection to 2025-04-03 06:00:00+00:00, run_after=2025-04-03 12:00:00+00:00
[2025-04-03T13:49:19.103+0000] {processor.py:208} INFO - Processing /home/hamza/Documents/project/Mlops/airflow/dags/news_scrapper.py took 16.879 seconds
[2025-04-03T13:50:27.438+0000] {processor.py:186} INFO - Started process (PID=103596) to work on /home/hamza/Documents/project/Mlops/airflow/dags/news_scrapper.py
[2025-04-03T13:50:27.439+0000] {processor.py:914} INFO - Processing file /home/hamza/Documents/project/Mlops/airflow/dags/news_scrapper.py for tasks to queue
[2025-04-03T13:50:27.443+0000] {logging_mixin.py:190} INFO - [2025-04-03T13:50:27.442+0000] {dagbag.py:588} INFO - Filling up the DagBag from /home/hamza/Documents/project/Mlops/airflow/dags/news_scrapper.py
[2025-04-03T13:50:38.462+0000] {processor.py:925} INFO - DAG(s) 'news_api_collection' retrieved from /home/hamza/Documents/project/Mlops/airflow/dags/news_scrapper.py
[2025-04-03T13:50:38.479+0000] {logging_mixin.py:190} INFO - [2025-04-03T13:50:38.478+0000] {dag.py:3239} INFO - Sync 1 DAGs
[2025-04-03T13:50:38.509+0000] {logging_mixin.py:190} INFO - [2025-04-03T13:50:38.509+0000] {dag.py:4180} INFO - Setting next_dagrun for news_api_collection to 2025-04-03 06:00:00+00:00, run_after=2025-04-03 12:00:00+00:00
[2025-04-03T13:50:38.547+0000] {processor.py:208} INFO - Processing /home/hamza/Documents/project/Mlops/airflow/dags/news_scrapper.py took 11.118 seconds
[2025-04-03T13:51:15.268+0000] {processor.py:186} INFO - Started process (PID=104128) to work on /home/hamza/Documents/project/Mlops/airflow/dags/news_scrapper.py
[2025-04-03T13:51:15.275+0000] {processor.py:914} INFO - Processing file /home/hamza/Documents/project/Mlops/airflow/dags/news_scrapper.py for tasks to queue
[2025-04-03T13:51:15.280+0000] {logging_mixin.py:190} INFO - [2025-04-03T13:51:15.279+0000] {dagbag.py:588} INFO - Filling up the DagBag from /home/hamza/Documents/project/Mlops/airflow/dags/news_scrapper.py
[2025-04-03T13:51:24.923+0000] {processor.py:925} INFO - DAG(s) 'news_api_collection' retrieved from /home/hamza/Documents/project/Mlops/airflow/dags/news_scrapper.py
[2025-04-03T13:51:24.942+0000] {logging_mixin.py:190} INFO - [2025-04-03T13:51:24.941+0000] {dag.py:3239} INFO - Sync 1 DAGs
[2025-04-03T13:51:24.979+0000] {logging_mixin.py:190} INFO - [2025-04-03T13:51:24.978+0000] {dag.py:4180} INFO - Setting next_dagrun for news_api_collection to 2025-04-03 06:00:00+00:00, run_after=2025-04-03 12:00:00+00:00
[2025-04-03T13:51:25.183+0000] {processor.py:208} INFO - Processing /home/hamza/Documents/project/Mlops/airflow/dags/news_scrapper.py took 9.925 seconds
[2025-04-03T13:52:03.944+0000] {processor.py:186} INFO - Started process (PID=104654) to work on /home/hamza/Documents/project/Mlops/airflow/dags/news_scrapper.py
[2025-04-03T13:52:03.946+0000] {processor.py:914} INFO - Processing file /home/hamza/Documents/project/Mlops/airflow/dags/news_scrapper.py for tasks to queue
[2025-04-03T13:52:03.949+0000] {logging_mixin.py:190} INFO - [2025-04-03T13:52:03.948+0000] {dagbag.py:588} INFO - Filling up the DagBag from /home/hamza/Documents/project/Mlops/airflow/dags/news_scrapper.py
[2025-04-03T13:52:15.463+0000] {processor.py:925} INFO - DAG(s) 'news_api_collection' retrieved from /home/hamza/Documents/project/Mlops/airflow/dags/news_scrapper.py
[2025-04-03T13:52:15.483+0000] {logging_mixin.py:190} INFO - [2025-04-03T13:52:15.482+0000] {dag.py:3239} INFO - Sync 1 DAGs
[2025-04-03T13:52:15.518+0000] {logging_mixin.py:190} INFO - [2025-04-03T13:52:15.518+0000] {dag.py:4180} INFO - Setting next_dagrun for news_api_collection to 2025-04-03 06:00:00+00:00, run_after=2025-04-03 12:00:00+00:00
[2025-04-03T13:52:15.549+0000] {processor.py:208} INFO - Processing /home/hamza/Documents/project/Mlops/airflow/dags/news_scrapper.py took 11.614 seconds
[2025-04-03T13:52:56.797+0000] {processor.py:186} INFO - Started process (PID=105177) to work on /home/hamza/Documents/project/Mlops/airflow/dags/news_scrapper.py
[2025-04-03T13:52:56.799+0000] {processor.py:914} INFO - Processing file /home/hamza/Documents/project/Mlops/airflow/dags/news_scrapper.py for tasks to queue
[2025-04-03T13:52:56.803+0000] {logging_mixin.py:190} INFO - [2025-04-03T13:52:56.802+0000] {dagbag.py:588} INFO - Filling up the DagBag from /home/hamza/Documents/project/Mlops/airflow/dags/news_scrapper.py
[2025-04-03T13:53:06.425+0000] {processor.py:925} INFO - DAG(s) 'news_api_collection' retrieved from /home/hamza/Documents/project/Mlops/airflow/dags/news_scrapper.py
[2025-04-03T13:53:06.445+0000] {logging_mixin.py:190} INFO - [2025-04-03T13:53:06.445+0000] {dag.py:3239} INFO - Sync 1 DAGs
[2025-04-03T13:53:06.477+0000] {logging_mixin.py:190} INFO - [2025-04-03T13:53:06.477+0000] {dag.py:4180} INFO - Setting next_dagrun for news_api_collection to 2025-04-03 06:00:00+00:00, run_after=2025-04-03 12:00:00+00:00
[2025-04-03T13:53:06.510+0000] {processor.py:208} INFO - Processing /home/hamza/Documents/project/Mlops/airflow/dags/news_scrapper.py took 9.722 seconds
[2025-04-03T13:53:44.932+0000] {processor.py:186} INFO - Started process (PID=105676) to work on /home/hamza/Documents/project/Mlops/airflow/dags/news_scrapper.py
[2025-04-03T13:53:44.934+0000] {processor.py:914} INFO - Processing file /home/hamza/Documents/project/Mlops/airflow/dags/news_scrapper.py for tasks to queue
[2025-04-03T13:53:44.938+0000] {logging_mixin.py:190} INFO - [2025-04-03T13:53:44.937+0000] {dagbag.py:588} INFO - Filling up the DagBag from /home/hamza/Documents/project/Mlops/airflow/dags/news_scrapper.py
[2025-04-03T13:53:55.054+0000] {processor.py:925} INFO - DAG(s) 'news_api_collection' retrieved from /home/hamza/Documents/project/Mlops/airflow/dags/news_scrapper.py
[2025-04-03T13:53:55.074+0000] {logging_mixin.py:190} INFO - [2025-04-03T13:53:55.074+0000] {dag.py:3239} INFO - Sync 1 DAGs
[2025-04-03T13:53:55.110+0000] {logging_mixin.py:190} INFO - [2025-04-03T13:53:55.110+0000] {dag.py:4180} INFO - Setting next_dagrun for news_api_collection to 2025-04-03 06:00:00+00:00, run_after=2025-04-03 12:00:00+00:00
[2025-04-03T13:53:55.142+0000] {processor.py:208} INFO - Processing /home/hamza/Documents/project/Mlops/airflow/dags/news_scrapper.py took 10.219 seconds
[2025-04-03T13:56:06.607+0000] {processor.py:186} INFO - Started process (PID=107586) to work on /home/hamza/Documents/project/Mlops/airflow/dags/news_scrapper.py
[2025-04-03T13:56:06.609+0000] {processor.py:914} INFO - Processing file /home/hamza/Documents/project/Mlops/airflow/dags/news_scrapper.py for tasks to queue
[2025-04-03T13:56:06.611+0000] {logging_mixin.py:190} INFO - [2025-04-03T13:56:06.610+0000] {dagbag.py:588} INFO - Filling up the DagBag from /home/hamza/Documents/project/Mlops/airflow/dags/news_scrapper.py
[2025-04-03T13:56:16.846+0000] {processor.py:925} INFO - DAG(s) 'news_api_collection' retrieved from /home/hamza/Documents/project/Mlops/airflow/dags/news_scrapper.py
[2025-04-03T13:56:16.876+0000] {logging_mixin.py:190} INFO - [2025-04-03T13:56:16.872+0000] {dag.py:3239} INFO - Sync 1 DAGs
[2025-04-03T13:56:16.905+0000] {logging_mixin.py:190} INFO - [2025-04-03T13:56:16.905+0000] {dag.py:4180} INFO - Setting next_dagrun for news_api_collection to 2025-04-03 12:00:00+00:00, run_after=2025-04-03 18:00:00+00:00
[2025-04-03T13:56:16.935+0000] {processor.py:208} INFO - Processing /home/hamza/Documents/project/Mlops/airflow/dags/news_scrapper.py took 10.339 seconds
[2025-04-03T13:57:29.640+0000] {processor.py:186} INFO - Started process (PID=108640) to work on /home/hamza/Documents/project/Mlops/airflow/dags/news_scrapper.py
[2025-04-03T13:57:29.642+0000] {processor.py:914} INFO - Processing file /home/hamza/Documents/project/Mlops/airflow/dags/news_scrapper.py for tasks to queue
[2025-04-03T13:57:29.644+0000] {logging_mixin.py:190} INFO - [2025-04-03T13:57:29.644+0000] {dagbag.py:588} INFO - Filling up the DagBag from /home/hamza/Documents/project/Mlops/airflow/dags/news_scrapper.py
[2025-04-03T13:57:39.189+0000] {processor.py:925} INFO - DAG(s) 'news_api_collection' retrieved from /home/hamza/Documents/project/Mlops/airflow/dags/news_scrapper.py
[2025-04-03T13:57:39.228+0000] {logging_mixin.py:190} INFO - [2025-04-03T13:57:39.226+0000] {dag.py:3239} INFO - Sync 1 DAGs
[2025-04-03T13:57:39.269+0000] {logging_mixin.py:190} INFO - [2025-04-03T13:57:39.268+0000] {dag.py:4180} INFO - Setting next_dagrun for news_api_collection to 2025-04-03 12:00:00+00:00, run_after=2025-04-03 18:00:00+00:00
[2025-04-03T13:57:39.307+0000] {processor.py:208} INFO - Processing /home/hamza/Documents/project/Mlops/airflow/dags/news_scrapper.py took 9.684 seconds
[2025-04-03T13:58:39.333+0000] {processor.py:186} INFO - Started process (PID=109460) to work on /home/hamza/Documents/project/Mlops/airflow/dags/news_scrapper.py
[2025-04-03T13:58:39.335+0000] {processor.py:914} INFO - Processing file /home/hamza/Documents/project/Mlops/airflow/dags/news_scrapper.py for tasks to queue
[2025-04-03T13:58:39.338+0000] {logging_mixin.py:190} INFO - [2025-04-03T13:58:39.338+0000] {dagbag.py:588} INFO - Filling up the DagBag from /home/hamza/Documents/project/Mlops/airflow/dags/news_scrapper.py
[2025-04-03T13:58:48.521+0000] {processor.py:925} INFO - DAG(s) 'news_api_collection' retrieved from /home/hamza/Documents/project/Mlops/airflow/dags/news_scrapper.py
[2025-04-03T13:58:48.546+0000] {logging_mixin.py:190} INFO - [2025-04-03T13:58:48.545+0000] {dag.py:3239} INFO - Sync 1 DAGs
[2025-04-03T13:58:48.578+0000] {logging_mixin.py:190} INFO - [2025-04-03T13:58:48.577+0000] {dag.py:4180} INFO - Setting next_dagrun for news_api_collection to 2025-04-03 12:00:00+00:00, run_after=2025-04-03 18:00:00+00:00
[2025-04-03T13:58:48.610+0000] {processor.py:208} INFO - Processing /home/hamza/Documents/project/Mlops/airflow/dags/news_scrapper.py took 9.286 seconds
[2025-04-03T14:03:46.837+0000] {processor.py:186} INFO - Started process (PID=114628) to work on /home/hamza/Documents/project/Mlops/airflow/dags/news_scrapper.py
[2025-04-03T14:03:46.839+0000] {processor.py:914} INFO - Processing file /home/hamza/Documents/project/Mlops/airflow/dags/news_scrapper.py for tasks to queue
[2025-04-03T14:03:46.843+0000] {logging_mixin.py:190} INFO - [2025-04-03T14:03:46.842+0000] {dagbag.py:588} INFO - Filling up the DagBag from /home/hamza/Documents/project/Mlops/airflow/dags/news_scrapper.py
[2025-04-03T14:03:57.298+0000] {processor.py:925} INFO - DAG(s) 'news_api_collection' retrieved from /home/hamza/Documents/project/Mlops/airflow/dags/news_scrapper.py
[2025-04-03T14:03:57.329+0000] {logging_mixin.py:190} INFO - [2025-04-03T14:03:57.328+0000] {dag.py:3239} INFO - Sync 1 DAGs
[2025-04-03T14:03:57.362+0000] {logging_mixin.py:190} INFO - [2025-04-03T14:03:57.362+0000] {dag.py:4180} INFO - Setting next_dagrun for news_api_collection to 2025-04-03 12:00:00+00:00, run_after=2025-04-03 18:00:00+00:00
[2025-04-03T14:03:57.392+0000] {processor.py:208} INFO - Processing /home/hamza/Documents/project/Mlops/airflow/dags/news_scrapper.py took 10.563 seconds
[2025-04-03T14:06:42.207+0000] {processor.py:186} INFO - Started process (PID=116320) to work on /home/hamza/Documents/project/Mlops/airflow/dags/news_scrapper.py
[2025-04-03T14:06:42.208+0000] {processor.py:914} INFO - Processing file /home/hamza/Documents/project/Mlops/airflow/dags/news_scrapper.py for tasks to queue
[2025-04-03T14:06:42.212+0000] {logging_mixin.py:190} INFO - [2025-04-03T14:06:42.211+0000] {dagbag.py:588} INFO - Filling up the DagBag from /home/hamza/Documents/project/Mlops/airflow/dags/news_scrapper.py
[2025-04-03T14:06:50.914+0000] {processor.py:925} INFO - DAG(s) 'news_api_collection' retrieved from /home/hamza/Documents/project/Mlops/airflow/dags/news_scrapper.py
[2025-04-03T14:06:50.940+0000] {logging_mixin.py:190} INFO - [2025-04-03T14:06:50.940+0000] {dag.py:3239} INFO - Sync 1 DAGs
[2025-04-03T14:06:50.969+0000] {logging_mixin.py:190} INFO - [2025-04-03T14:06:50.969+0000] {dag.py:4180} INFO - Setting next_dagrun for news_api_collection to 2025-04-03 12:00:00+00:00, run_after=2025-04-03 18:00:00+00:00
[2025-04-03T14:06:51.334+0000] {processor.py:208} INFO - Processing /home/hamza/Documents/project/Mlops/airflow/dags/news_scrapper.py took 9.137 seconds
[2025-04-03T14:09:14.356+0000] {processor.py:186} INFO - Started process (PID=117546) to work on /home/hamza/Documents/project/Mlops/airflow/dags/news_scrapper.py
[2025-04-03T14:09:14.358+0000] {processor.py:914} INFO - Processing file /home/hamza/Documents/project/Mlops/airflow/dags/news_scrapper.py for tasks to queue
[2025-04-03T14:09:14.360+0000] {logging_mixin.py:190} INFO - [2025-04-03T14:09:14.359+0000] {dagbag.py:588} INFO - Filling up the DagBag from /home/hamza/Documents/project/Mlops/airflow/dags/news_scrapper.py
[2025-04-03T14:09:23.862+0000] {processor.py:925} INFO - DAG(s) 'news_api_collection' retrieved from /home/hamza/Documents/project/Mlops/airflow/dags/news_scrapper.py
[2025-04-03T14:09:23.897+0000] {logging_mixin.py:190} INFO - [2025-04-03T14:09:23.896+0000] {dag.py:3239} INFO - Sync 1 DAGs
[2025-04-03T14:09:23.927+0000] {logging_mixin.py:190} INFO - [2025-04-03T14:09:23.927+0000] {dag.py:4180} INFO - Setting next_dagrun for news_api_collection to 2025-04-03 12:00:00+00:00, run_after=2025-04-03 18:00:00+00:00
[2025-04-03T14:09:23.961+0000] {processor.py:208} INFO - Processing /home/hamza/Documents/project/Mlops/airflow/dags/news_scrapper.py took 9.614 seconds
[2025-04-03T14:10:47.020+0000] {processor.py:186} INFO - Started process (PID=118398) to work on /home/hamza/Documents/project/Mlops/airflow/dags/news_scrapper.py
[2025-04-03T14:10:47.022+0000] {processor.py:914} INFO - Processing file /home/hamza/Documents/project/Mlops/airflow/dags/news_scrapper.py for tasks to queue
[2025-04-03T14:10:47.024+0000] {logging_mixin.py:190} INFO - [2025-04-03T14:10:47.024+0000] {dagbag.py:588} INFO - Filling up the DagBag from /home/hamza/Documents/project/Mlops/airflow/dags/news_scrapper.py
[2025-04-03T14:10:55.648+0000] {processor.py:925} INFO - DAG(s) 'news_api_collection' retrieved from /home/hamza/Documents/project/Mlops/airflow/dags/news_scrapper.py
[2025-04-03T14:10:55.668+0000] {logging_mixin.py:190} INFO - [2025-04-03T14:10:55.667+0000] {dag.py:3239} INFO - Sync 1 DAGs
[2025-04-03T14:10:55.697+0000] {logging_mixin.py:190} INFO - [2025-04-03T14:10:55.696+0000] {dag.py:4180} INFO - Setting next_dagrun for news_api_collection to 2025-04-03 12:00:00+00:00, run_after=2025-04-03 18:00:00+00:00
[2025-04-03T14:10:55.726+0000] {processor.py:208} INFO - Processing /home/hamza/Documents/project/Mlops/airflow/dags/news_scrapper.py took 8.715 seconds
[2025-04-03T14:11:33.257+0000] {processor.py:186} INFO - Started process (PID=118804) to work on /home/hamza/Documents/project/Mlops/airflow/dags/news_scrapper.py
[2025-04-03T14:11:33.259+0000] {processor.py:914} INFO - Processing file /home/hamza/Documents/project/Mlops/airflow/dags/news_scrapper.py for tasks to queue
[2025-04-03T14:11:33.262+0000] {logging_mixin.py:190} INFO - [2025-04-03T14:11:33.261+0000] {dagbag.py:588} INFO - Filling up the DagBag from /home/hamza/Documents/project/Mlops/airflow/dags/news_scrapper.py
[2025-04-03T14:11:44.163+0000] {processor.py:925} INFO - DAG(s) 'news_api_collection' retrieved from /home/hamza/Documents/project/Mlops/airflow/dags/news_scrapper.py
[2025-04-03T14:11:44.182+0000] {logging_mixin.py:190} INFO - [2025-04-03T14:11:44.181+0000] {dag.py:3239} INFO - Sync 1 DAGs
[2025-04-03T14:11:44.611+0000] {logging_mixin.py:190} INFO - [2025-04-03T14:11:44.610+0000] {dag.py:4180} INFO - Setting next_dagrun for news_api_collection to 2025-04-03 12:00:00+00:00, run_after=2025-04-03 18:00:00+00:00
[2025-04-03T14:11:44.645+0000] {processor.py:208} INFO - Processing /home/hamza/Documents/project/Mlops/airflow/dags/news_scrapper.py took 11.401 seconds
[2025-04-03T14:12:25.295+0000] {processor.py:186} INFO - Started process (PID=119277) to work on /home/hamza/Documents/project/Mlops/airflow/dags/news_scrapper.py
[2025-04-03T14:12:25.296+0000] {processor.py:914} INFO - Processing file /home/hamza/Documents/project/Mlops/airflow/dags/news_scrapper.py for tasks to queue
[2025-04-03T14:12:25.299+0000] {logging_mixin.py:190} INFO - [2025-04-03T14:12:25.298+0000] {dagbag.py:588} INFO - Filling up the DagBag from /home/hamza/Documents/project/Mlops/airflow/dags/news_scrapper.py
[2025-04-03T14:12:35.980+0000] {processor.py:925} INFO - DAG(s) 'news_api_collection' retrieved from /home/hamza/Documents/project/Mlops/airflow/dags/news_scrapper.py
[2025-04-03T14:12:36.001+0000] {logging_mixin.py:190} INFO - [2025-04-03T14:12:36.000+0000] {dag.py:3239} INFO - Sync 1 DAGs
[2025-04-03T14:12:36.033+0000] {logging_mixin.py:190} INFO - [2025-04-03T14:12:36.033+0000] {dag.py:4180} INFO - Setting next_dagrun for news_api_collection to 2025-04-03 12:00:00+00:00, run_after=2025-04-03 18:00:00+00:00
[2025-04-03T14:12:36.072+0000] {processor.py:208} INFO - Processing /home/hamza/Documents/project/Mlops/airflow/dags/news_scrapper.py took 10.787 seconds
[2025-04-03T14:13:17.355+0000] {processor.py:186} INFO - Started process (PID=119804) to work on /home/hamza/Documents/project/Mlops/airflow/dags/news_scrapper.py
[2025-04-03T14:13:17.357+0000] {processor.py:914} INFO - Processing file /home/hamza/Documents/project/Mlops/airflow/dags/news_scrapper.py for tasks to queue
[2025-04-03T14:13:17.359+0000] {logging_mixin.py:190} INFO - [2025-04-03T14:13:17.358+0000] {dagbag.py:588} INFO - Filling up the DagBag from /home/hamza/Documents/project/Mlops/airflow/dags/news_scrapper.py
[2025-04-03T14:13:28.526+0000] {processor.py:925} INFO - DAG(s) 'news_api_collection' retrieved from /home/hamza/Documents/project/Mlops/airflow/dags/news_scrapper.py
[2025-04-03T14:13:28.546+0000] {logging_mixin.py:190} INFO - [2025-04-03T14:13:28.545+0000] {dag.py:3239} INFO - Sync 1 DAGs
[2025-04-03T14:13:28.912+0000] {logging_mixin.py:190} INFO - [2025-04-03T14:13:28.912+0000] {dag.py:4180} INFO - Setting next_dagrun for news_api_collection to 2025-04-03 12:00:00+00:00, run_after=2025-04-03 18:00:00+00:00
[2025-04-03T14:13:28.951+0000] {processor.py:208} INFO - Processing /home/hamza/Documents/project/Mlops/airflow/dags/news_scrapper.py took 11.605 seconds
[2025-04-03T14:16:06.496+0000] {processor.py:186} INFO - Started process (PID=121085) to work on /home/hamza/Documents/project/Mlops/airflow/dags/news_scrapper.py
[2025-04-03T14:16:06.498+0000] {processor.py:914} INFO - Processing file /home/hamza/Documents/project/Mlops/airflow/dags/news_scrapper.py for tasks to queue
[2025-04-03T14:16:06.501+0000] {logging_mixin.py:190} INFO - [2025-04-03T14:16:06.500+0000] {dagbag.py:588} INFO - Filling up the DagBag from /home/hamza/Documents/project/Mlops/airflow/dags/news_scrapper.py
[2025-04-03T14:16:16.566+0000] {processor.py:925} INFO - DAG(s) 'news_api_collection' retrieved from /home/hamza/Documents/project/Mlops/airflow/dags/news_scrapper.py
[2025-04-03T14:16:16.596+0000] {logging_mixin.py:190} INFO - [2025-04-03T14:16:16.595+0000] {dag.py:3239} INFO - Sync 1 DAGs
[2025-04-03T14:16:16.624+0000] {logging_mixin.py:190} INFO - [2025-04-03T14:16:16.624+0000] {dag.py:4180} INFO - Setting next_dagrun for news_api_collection to 2025-04-03 12:00:00+00:00, run_after=2025-04-03 18:00:00+00:00
[2025-04-03T14:16:16.655+0000] {processor.py:208} INFO - Processing /home/hamza/Documents/project/Mlops/airflow/dags/news_scrapper.py took 10.167 seconds
[2025-04-03T14:18:09.695+0000] {processor.py:186} INFO - Started process (PID=122047) to work on /home/hamza/Documents/project/Mlops/airflow/dags/news_scrapper.py
[2025-04-03T14:18:09.697+0000] {processor.py:914} INFO - Processing file /home/hamza/Documents/project/Mlops/airflow/dags/news_scrapper.py for tasks to queue
[2025-04-03T14:18:09.705+0000] {logging_mixin.py:190} INFO - [2025-04-03T14:18:09.701+0000] {dagbag.py:588} INFO - Filling up the DagBag from /home/hamza/Documents/project/Mlops/airflow/dags/news_scrapper.py
[2025-04-03T14:18:19.708+0000] {processor.py:925} INFO - DAG(s) 'news_api_collection' retrieved from /home/hamza/Documents/project/Mlops/airflow/dags/news_scrapper.py
[2025-04-03T14:18:19.735+0000] {logging_mixin.py:190} INFO - [2025-04-03T14:18:19.735+0000] {dag.py:3239} INFO - Sync 1 DAGs
[2025-04-03T14:18:19.763+0000] {logging_mixin.py:190} INFO - [2025-04-03T14:18:19.763+0000] {dag.py:4180} INFO - Setting next_dagrun for news_api_collection to 2025-04-03 12:00:00+00:00, run_after=2025-04-03 18:00:00+00:00
[2025-04-03T14:18:19.793+0000] {processor.py:208} INFO - Processing /home/hamza/Documents/project/Mlops/airflow/dags/news_scrapper.py took 10.110 seconds
[2025-04-03T14:19:25.538+0000] {processor.py:186} INFO - Started process (PID=122778) to work on /home/hamza/Documents/project/Mlops/airflow/dags/news_scrapper.py
[2025-04-03T14:19:25.541+0000] {processor.py:914} INFO - Processing file /home/hamza/Documents/project/Mlops/airflow/dags/news_scrapper.py for tasks to queue
[2025-04-03T14:19:25.543+0000] {logging_mixin.py:190} INFO - [2025-04-03T14:19:25.542+0000] {dagbag.py:588} INFO - Filling up the DagBag from /home/hamza/Documents/project/Mlops/airflow/dags/news_scrapper.py
[2025-04-03T14:19:34.281+0000] {processor.py:925} INFO - DAG(s) 'news_api_collection' retrieved from /home/hamza/Documents/project/Mlops/airflow/dags/news_scrapper.py
[2025-04-03T14:19:34.299+0000] {logging_mixin.py:190} INFO - [2025-04-03T14:19:34.298+0000] {dag.py:3239} INFO - Sync 1 DAGs
[2025-04-03T14:19:34.327+0000] {logging_mixin.py:190} INFO - [2025-04-03T14:19:34.327+0000] {dag.py:4180} INFO - Setting next_dagrun for news_api_collection to 2025-04-03 12:00:00+00:00, run_after=2025-04-03 18:00:00+00:00
[2025-04-03T14:19:34.360+0000] {processor.py:208} INFO - Processing /home/hamza/Documents/project/Mlops/airflow/dags/news_scrapper.py took 8.832 seconds
[2025-04-03T15:07:37.848+0000] {processor.py:186} INFO - Started process (PID=35437) to work on /home/hamza/Documents/project/Mlops/airflow/dags/news_scrapper.py
[2025-04-03T15:07:37.850+0000] {processor.py:914} INFO - Processing file /home/hamza/Documents/project/Mlops/airflow/dags/news_scrapper.py for tasks to queue
[2025-04-03T15:07:37.855+0000] {logging_mixin.py:190} INFO - [2025-04-03T15:07:37.854+0000] {dagbag.py:588} INFO - Filling up the DagBag from /home/hamza/Documents/project/Mlops/airflow/dags/news_scrapper.py
[2025-04-03T15:07:50.273+0000] {processor.py:925} INFO - DAG(s) 'news_api_collection' retrieved from /home/hamza/Documents/project/Mlops/airflow/dags/news_scrapper.py
[2025-04-03T15:07:50.311+0000] {logging_mixin.py:190} INFO - [2025-04-03T15:07:50.310+0000] {dag.py:3239} INFO - Sync 1 DAGs
[2025-04-03T15:07:50.360+0000] {logging_mixin.py:190} INFO - [2025-04-03T15:07:50.359+0000] {dag.py:4180} INFO - Setting next_dagrun for news_api_collection to 2025-04-03 12:00:00+00:00, run_after=2025-04-03 18:00:00+00:00
[2025-04-03T15:07:50.788+0000] {processor.py:208} INFO - Processing /home/hamza/Documents/project/Mlops/airflow/dags/news_scrapper.py took 12.952 seconds
[2025-04-03T15:08:57.318+0000] {processor.py:186} INFO - Started process (PID=36471) to work on /home/hamza/Documents/project/Mlops/airflow/dags/news_scrapper.py
[2025-04-03T15:08:57.325+0000] {processor.py:914} INFO - Processing file /home/hamza/Documents/project/Mlops/airflow/dags/news_scrapper.py for tasks to queue
[2025-04-03T15:08:57.329+0000] {logging_mixin.py:190} INFO - [2025-04-03T15:08:57.328+0000] {dagbag.py:588} INFO - Filling up the DagBag from /home/hamza/Documents/project/Mlops/airflow/dags/news_scrapper.py
[2025-04-03T15:09:06.423+0000] {processor.py:925} INFO - DAG(s) 'news_api_collection' retrieved from /home/hamza/Documents/project/Mlops/airflow/dags/news_scrapper.py
[2025-04-03T15:09:06.440+0000] {logging_mixin.py:190} INFO - [2025-04-03T15:09:06.439+0000] {dag.py:3239} INFO - Sync 1 DAGs
[2025-04-03T15:09:06.475+0000] {logging_mixin.py:190} INFO - [2025-04-03T15:09:06.474+0000] {dag.py:4180} INFO - Setting next_dagrun for news_api_collection to 2025-04-03 12:00:00+00:00, run_after=2025-04-03 18:00:00+00:00
[2025-04-03T15:09:06.505+0000] {processor.py:208} INFO - Processing /home/hamza/Documents/project/Mlops/airflow/dags/news_scrapper.py took 9.197 seconds
[2025-04-03T15:09:41.755+0000] {processor.py:186} INFO - Started process (PID=36929) to work on /home/hamza/Documents/project/Mlops/airflow/dags/news_scrapper.py
[2025-04-03T15:09:41.756+0000] {processor.py:914} INFO - Processing file /home/hamza/Documents/project/Mlops/airflow/dags/news_scrapper.py for tasks to queue
[2025-04-03T15:09:41.760+0000] {logging_mixin.py:190} INFO - [2025-04-03T15:09:41.759+0000] {dagbag.py:588} INFO - Filling up the DagBag from /home/hamza/Documents/project/Mlops/airflow/dags/news_scrapper.py
[2025-04-03T15:09:49.819+0000] {processor.py:925} INFO - DAG(s) 'news_api_collection' retrieved from /home/hamza/Documents/project/Mlops/airflow/dags/news_scrapper.py
[2025-04-03T15:09:49.839+0000] {logging_mixin.py:190} INFO - [2025-04-03T15:09:49.839+0000] {dag.py:3239} INFO - Sync 1 DAGs
[2025-04-03T15:09:49.869+0000] {logging_mixin.py:190} INFO - [2025-04-03T15:09:49.869+0000] {dag.py:4180} INFO - Setting next_dagrun for news_api_collection to 2025-04-03 12:00:00+00:00, run_after=2025-04-03 18:00:00+00:00
[2025-04-03T15:09:49.901+0000] {processor.py:208} INFO - Processing /home/hamza/Documents/project/Mlops/airflow/dags/news_scrapper.py took 8.155 seconds
[2025-04-03T15:10:27.396+0000] {processor.py:186} INFO - Started process (PID=37391) to work on /home/hamza/Documents/project/Mlops/airflow/dags/news_scrapper.py
[2025-04-03T15:10:27.398+0000] {processor.py:914} INFO - Processing file /home/hamza/Documents/project/Mlops/airflow/dags/news_scrapper.py for tasks to queue
[2025-04-03T15:10:27.401+0000] {logging_mixin.py:190} INFO - [2025-04-03T15:10:27.400+0000] {dagbag.py:588} INFO - Filling up the DagBag from /home/hamza/Documents/project/Mlops/airflow/dags/news_scrapper.py
[2025-04-03T15:10:36.173+0000] {processor.py:925} INFO - DAG(s) 'news_api_collection' retrieved from /home/hamza/Documents/project/Mlops/airflow/dags/news_scrapper.py
[2025-04-03T15:10:36.190+0000] {logging_mixin.py:190} INFO - [2025-04-03T15:10:36.190+0000] {dag.py:3239} INFO - Sync 1 DAGs
[2025-04-03T15:10:36.590+0000] {logging_mixin.py:190} INFO - [2025-04-03T15:10:36.590+0000] {dag.py:4180} INFO - Setting next_dagrun for news_api_collection to 2025-04-03 12:00:00+00:00, run_after=2025-04-03 18:00:00+00:00
[2025-04-03T15:10:36.625+0000] {processor.py:208} INFO - Processing /home/hamza/Documents/project/Mlops/airflow/dags/news_scrapper.py took 9.237 seconds
[2025-04-03T15:11:11.814+0000] {processor.py:186} INFO - Started process (PID=37798) to work on /home/hamza/Documents/project/Mlops/airflow/dags/news_scrapper.py
[2025-04-03T15:11:11.818+0000] {processor.py:914} INFO - Processing file /home/hamza/Documents/project/Mlops/airflow/dags/news_scrapper.py for tasks to queue
[2025-04-03T15:11:11.822+0000] {logging_mixin.py:190} INFO - [2025-04-03T15:11:11.821+0000] {dagbag.py:588} INFO - Filling up the DagBag from /home/hamza/Documents/project/Mlops/airflow/dags/news_scrapper.py
[2025-04-03T15:11:20.410+0000] {processor.py:925} INFO - DAG(s) 'news_api_collection' retrieved from /home/hamza/Documents/project/Mlops/airflow/dags/news_scrapper.py
[2025-04-03T15:11:20.429+0000] {logging_mixin.py:190} INFO - [2025-04-03T15:11:20.428+0000] {dag.py:3239} INFO - Sync 1 DAGs
[2025-04-03T15:11:20.464+0000] {logging_mixin.py:190} INFO - [2025-04-03T15:11:20.463+0000] {dag.py:4180} INFO - Setting next_dagrun for news_api_collection to 2025-04-03 12:00:00+00:00, run_after=2025-04-03 18:00:00+00:00
[2025-04-03T15:11:20.497+0000] {processor.py:208} INFO - Processing /home/hamza/Documents/project/Mlops/airflow/dags/news_scrapper.py took 8.694 seconds
[2025-04-03T15:11:55.333+0000] {processor.py:186} INFO - Started process (PID=38173) to work on /home/hamza/Documents/project/Mlops/airflow/dags/news_scrapper.py
[2025-04-03T15:11:55.340+0000] {processor.py:914} INFO - Processing file /home/hamza/Documents/project/Mlops/airflow/dags/news_scrapper.py for tasks to queue
[2025-04-03T15:11:55.343+0000] {logging_mixin.py:190} INFO - [2025-04-03T15:11:55.343+0000] {dagbag.py:588} INFO - Filling up the DagBag from /home/hamza/Documents/project/Mlops/airflow/dags/news_scrapper.py
[2025-04-03T15:12:03.354+0000] {processor.py:925} INFO - DAG(s) 'news_api_collection' retrieved from /home/hamza/Documents/project/Mlops/airflow/dags/news_scrapper.py
[2025-04-03T15:12:03.371+0000] {logging_mixin.py:190} INFO - [2025-04-03T15:12:03.370+0000] {dag.py:3239} INFO - Sync 1 DAGs
[2025-04-03T15:12:03.752+0000] {logging_mixin.py:190} INFO - [2025-04-03T15:12:03.752+0000] {dag.py:4180} INFO - Setting next_dagrun for news_api_collection to 2025-04-03 12:00:00+00:00, run_after=2025-04-03 18:00:00+00:00
[2025-04-03T15:12:03.786+0000] {processor.py:208} INFO - Processing /home/hamza/Documents/project/Mlops/airflow/dags/news_scrapper.py took 8.462 seconds
[2025-04-03T15:12:43.212+0000] {processor.py:186} INFO - Started process (PID=38626) to work on /home/hamza/Documents/project/Mlops/airflow/dags/news_scrapper.py
[2025-04-03T15:12:43.219+0000] {processor.py:914} INFO - Processing file /home/hamza/Documents/project/Mlops/airflow/dags/news_scrapper.py for tasks to queue
[2025-04-03T15:12:43.223+0000] {logging_mixin.py:190} INFO - [2025-04-03T15:12:43.222+0000] {dagbag.py:588} INFO - Filling up the DagBag from /home/hamza/Documents/project/Mlops/airflow/dags/news_scrapper.py
[2025-04-03T15:12:51.229+0000] {processor.py:925} INFO - DAG(s) 'news_api_collection' retrieved from /home/hamza/Documents/project/Mlops/airflow/dags/news_scrapper.py
[2025-04-03T15:12:51.249+0000] {logging_mixin.py:190} INFO - [2025-04-03T15:12:51.248+0000] {dag.py:3239} INFO - Sync 1 DAGs
[2025-04-03T15:12:51.281+0000] {logging_mixin.py:190} INFO - [2025-04-03T15:12:51.280+0000] {dag.py:4180} INFO - Setting next_dagrun for news_api_collection to 2025-04-03 12:00:00+00:00, run_after=2025-04-03 18:00:00+00:00
[2025-04-03T15:12:51.314+0000] {processor.py:208} INFO - Processing /home/hamza/Documents/project/Mlops/airflow/dags/news_scrapper.py took 8.111 seconds
[2025-04-03T15:13:33.230+0000] {processor.py:186} INFO - Started process (PID=39071) to work on /home/hamza/Documents/project/Mlops/airflow/dags/news_scrapper.py
[2025-04-03T15:13:33.233+0000] {processor.py:914} INFO - Processing file /home/hamza/Documents/project/Mlops/airflow/dags/news_scrapper.py for tasks to queue
[2025-04-03T15:13:33.238+0000] {logging_mixin.py:190} INFO - [2025-04-03T15:13:33.237+0000] {dagbag.py:588} INFO - Filling up the DagBag from /home/hamza/Documents/project/Mlops/airflow/dags/news_scrapper.py
[2025-04-03T15:13:41.371+0000] {processor.py:925} INFO - DAG(s) 'news_api_collection' retrieved from /home/hamza/Documents/project/Mlops/airflow/dags/news_scrapper.py
[2025-04-03T15:13:41.387+0000] {logging_mixin.py:190} INFO - [2025-04-03T15:13:41.386+0000] {dag.py:3239} INFO - Sync 1 DAGs
[2025-04-03T15:13:41.770+0000] {logging_mixin.py:190} INFO - [2025-04-03T15:13:41.770+0000] {dag.py:4180} INFO - Setting next_dagrun for news_api_collection to 2025-04-03 12:00:00+00:00, run_after=2025-04-03 18:00:00+00:00
[2025-04-03T15:13:41.803+0000] {processor.py:208} INFO - Processing /home/hamza/Documents/project/Mlops/airflow/dags/news_scrapper.py took 8.583 seconds
[2025-04-03T15:14:20.440+0000] {processor.py:186} INFO - Started process (PID=39534) to work on /home/hamza/Documents/project/Mlops/airflow/dags/news_scrapper.py
[2025-04-03T15:14:20.443+0000] {processor.py:914} INFO - Processing file /home/hamza/Documents/project/Mlops/airflow/dags/news_scrapper.py for tasks to queue
[2025-04-03T15:14:20.446+0000] {logging_mixin.py:190} INFO - [2025-04-03T15:14:20.445+0000] {dagbag.py:588} INFO - Filling up the DagBag from /home/hamza/Documents/project/Mlops/airflow/dags/news_scrapper.py
[2025-04-03T15:14:29.012+0000] {processor.py:925} INFO - DAG(s) 'news_api_collection' retrieved from /home/hamza/Documents/project/Mlops/airflow/dags/news_scrapper.py
[2025-04-03T15:14:29.029+0000] {logging_mixin.py:190} INFO - [2025-04-03T15:14:29.028+0000] {dag.py:3239} INFO - Sync 1 DAGs
[2025-04-03T15:14:29.060+0000] {logging_mixin.py:190} INFO - [2025-04-03T15:14:29.060+0000] {dag.py:4180} INFO - Setting next_dagrun for news_api_collection to 2025-04-03 12:00:00+00:00, run_after=2025-04-03 18:00:00+00:00
[2025-04-03T15:14:29.092+0000] {processor.py:208} INFO - Processing /home/hamza/Documents/project/Mlops/airflow/dags/news_scrapper.py took 8.662 seconds
[2025-04-03T15:15:06.514+0000] {processor.py:186} INFO - Started process (PID=39985) to work on /home/hamza/Documents/project/Mlops/airflow/dags/news_scrapper.py
[2025-04-03T15:15:06.515+0000] {processor.py:914} INFO - Processing file /home/hamza/Documents/project/Mlops/airflow/dags/news_scrapper.py for tasks to queue
[2025-04-03T15:15:06.519+0000] {logging_mixin.py:190} INFO - [2025-04-03T15:15:06.518+0000] {dagbag.py:588} INFO - Filling up the DagBag from /home/hamza/Documents/project/Mlops/airflow/dags/news_scrapper.py
[2025-04-03T15:15:15.205+0000] {processor.py:925} INFO - DAG(s) 'news_api_collection' retrieved from /home/hamza/Documents/project/Mlops/airflow/dags/news_scrapper.py
[2025-04-03T15:15:15.221+0000] {logging_mixin.py:190} INFO - [2025-04-03T15:15:15.220+0000] {dag.py:3239} INFO - Sync 1 DAGs
[2025-04-03T15:15:15.562+0000] {logging_mixin.py:190} INFO - [2025-04-03T15:15:15.562+0000] {dag.py:4180} INFO - Setting next_dagrun for news_api_collection to 2025-04-03 12:00:00+00:00, run_after=2025-04-03 18:00:00+00:00
[2025-04-03T15:15:15.594+0000] {processor.py:208} INFO - Processing /home/hamza/Documents/project/Mlops/airflow/dags/news_scrapper.py took 9.092 seconds
[2025-04-03T15:15:56.220+0000] {processor.py:186} INFO - Started process (PID=40473) to work on /home/hamza/Documents/project/Mlops/airflow/dags/news_scrapper.py
[2025-04-03T15:15:56.221+0000] {processor.py:914} INFO - Processing file /home/hamza/Documents/project/Mlops/airflow/dags/news_scrapper.py for tasks to queue
[2025-04-03T15:15:56.226+0000] {logging_mixin.py:190} INFO - [2025-04-03T15:15:56.224+0000] {dagbag.py:588} INFO - Filling up the DagBag from /home/hamza/Documents/project/Mlops/airflow/dags/news_scrapper.py
[2025-04-03T15:16:04.394+0000] {processor.py:925} INFO - DAG(s) 'news_api_collection' retrieved from /home/hamza/Documents/project/Mlops/airflow/dags/news_scrapper.py
[2025-04-03T15:16:04.410+0000] {logging_mixin.py:190} INFO - [2025-04-03T15:16:04.410+0000] {dag.py:3239} INFO - Sync 1 DAGs
[2025-04-03T15:16:04.441+0000] {logging_mixin.py:190} INFO - [2025-04-03T15:16:04.440+0000] {dag.py:4180} INFO - Setting next_dagrun for news_api_collection to 2025-04-03 12:00:00+00:00, run_after=2025-04-03 18:00:00+00:00
[2025-04-03T15:16:04.466+0000] {processor.py:208} INFO - Processing /home/hamza/Documents/project/Mlops/airflow/dags/news_scrapper.py took 8.255 seconds
[2025-04-03T15:16:45.222+0000] {processor.py:186} INFO - Started process (PID=40960) to work on /home/hamza/Documents/project/Mlops/airflow/dags/news_scrapper.py
[2025-04-03T15:16:45.225+0000] {processor.py:914} INFO - Processing file /home/hamza/Documents/project/Mlops/airflow/dags/news_scrapper.py for tasks to queue
[2025-04-03T15:16:45.228+0000] {logging_mixin.py:190} INFO - [2025-04-03T15:16:45.228+0000] {dagbag.py:588} INFO - Filling up the DagBag from /home/hamza/Documents/project/Mlops/airflow/dags/news_scrapper.py
[2025-04-03T15:16:53.878+0000] {processor.py:925} INFO - DAG(s) 'news_api_collection' retrieved from /home/hamza/Documents/project/Mlops/airflow/dags/news_scrapper.py
[2025-04-03T15:16:53.895+0000] {logging_mixin.py:190} INFO - [2025-04-03T15:16:53.894+0000] {dag.py:3239} INFO - Sync 1 DAGs
[2025-04-03T15:16:53.935+0000] {logging_mixin.py:190} INFO - [2025-04-03T15:16:53.935+0000] {dag.py:4180} INFO - Setting next_dagrun for news_api_collection to 2025-04-03 12:00:00+00:00, run_after=2025-04-03 18:00:00+00:00
[2025-04-03T15:16:53.972+0000] {processor.py:208} INFO - Processing /home/hamza/Documents/project/Mlops/airflow/dags/news_scrapper.py took 8.759 seconds
[2025-04-03T15:17:35.926+0000] {processor.py:186} INFO - Started process (PID=41524) to work on /home/hamza/Documents/project/Mlops/airflow/dags/news_scrapper.py
[2025-04-03T15:17:35.929+0000] {processor.py:914} INFO - Processing file /home/hamza/Documents/project/Mlops/airflow/dags/news_scrapper.py for tasks to queue
[2025-04-03T15:17:35.932+0000] {logging_mixin.py:190} INFO - [2025-04-03T15:17:35.932+0000] {dagbag.py:588} INFO - Filling up the DagBag from /home/hamza/Documents/project/Mlops/airflow/dags/news_scrapper.py
[2025-04-03T15:17:44.317+0000] {processor.py:925} INFO - DAG(s) 'news_api_collection' retrieved from /home/hamza/Documents/project/Mlops/airflow/dags/news_scrapper.py
[2025-04-03T15:17:44.333+0000] {logging_mixin.py:190} INFO - [2025-04-03T15:17:44.332+0000] {dag.py:3239} INFO - Sync 1 DAGs
[2025-04-03T15:17:44.362+0000] {logging_mixin.py:190} INFO - [2025-04-03T15:17:44.362+0000] {dag.py:4180} INFO - Setting next_dagrun for news_api_collection to 2025-04-03 12:00:00+00:00, run_after=2025-04-03 18:00:00+00:00
[2025-04-03T15:17:44.388+0000] {processor.py:208} INFO - Processing /home/hamza/Documents/project/Mlops/airflow/dags/news_scrapper.py took 8.472 seconds
[2025-04-03T15:18:23.008+0000] {processor.py:186} INFO - Started process (PID=42001) to work on /home/hamza/Documents/project/Mlops/airflow/dags/news_scrapper.py
[2025-04-03T15:18:23.011+0000] {processor.py:914} INFO - Processing file /home/hamza/Documents/project/Mlops/airflow/dags/news_scrapper.py for tasks to queue
[2025-04-03T15:18:23.015+0000] {logging_mixin.py:190} INFO - [2025-04-03T15:18:23.015+0000] {dagbag.py:588} INFO - Filling up the DagBag from /home/hamza/Documents/project/Mlops/airflow/dags/news_scrapper.py
[2025-04-03T15:18:30.890+0000] {processor.py:925} INFO - DAG(s) 'news_api_collection' retrieved from /home/hamza/Documents/project/Mlops/airflow/dags/news_scrapper.py
[2025-04-03T15:18:30.910+0000] {logging_mixin.py:190} INFO - [2025-04-03T15:18:30.910+0000] {dag.py:3239} INFO - Sync 1 DAGs
[2025-04-03T15:18:30.942+0000] {logging_mixin.py:190} INFO - [2025-04-03T15:18:30.941+0000] {dag.py:4180} INFO - Setting next_dagrun for news_api_collection to 2025-04-03 12:00:00+00:00, run_after=2025-04-03 18:00:00+00:00
[2025-04-03T15:18:30.987+0000] {processor.py:208} INFO - Processing /home/hamza/Documents/project/Mlops/airflow/dags/news_scrapper.py took 7.988 seconds
[2025-04-03T15:19:07.739+0000] {processor.py:186} INFO - Started process (PID=42443) to work on /home/hamza/Documents/project/Mlops/airflow/dags/news_scrapper.py
[2025-04-03T15:19:07.741+0000] {processor.py:914} INFO - Processing file /home/hamza/Documents/project/Mlops/airflow/dags/news_scrapper.py for tasks to queue
[2025-04-03T15:19:07.745+0000] {logging_mixin.py:190} INFO - [2025-04-03T15:19:07.744+0000] {dagbag.py:588} INFO - Filling up the DagBag from /home/hamza/Documents/project/Mlops/airflow/dags/news_scrapper.py
[2025-04-03T15:19:16.085+0000] {processor.py:925} INFO - DAG(s) 'news_api_collection' retrieved from /home/hamza/Documents/project/Mlops/airflow/dags/news_scrapper.py
[2025-04-03T15:19:16.103+0000] {logging_mixin.py:190} INFO - [2025-04-03T15:19:16.102+0000] {dag.py:3239} INFO - Sync 1 DAGs
[2025-04-03T15:19:16.136+0000] {logging_mixin.py:190} INFO - [2025-04-03T15:19:16.135+0000] {dag.py:4180} INFO - Setting next_dagrun for news_api_collection to 2025-04-03 12:00:00+00:00, run_after=2025-04-03 18:00:00+00:00
[2025-04-03T15:19:16.167+0000] {processor.py:208} INFO - Processing /home/hamza/Documents/project/Mlops/airflow/dags/news_scrapper.py took 8.437 seconds
[2025-04-03T15:19:53.336+0000] {processor.py:186} INFO - Started process (PID=42990) to work on /home/hamza/Documents/project/Mlops/airflow/dags/news_scrapper.py
[2025-04-03T15:19:53.338+0000] {processor.py:914} INFO - Processing file /home/hamza/Documents/project/Mlops/airflow/dags/news_scrapper.py for tasks to queue
[2025-04-03T15:19:53.342+0000] {logging_mixin.py:190} INFO - [2025-04-03T15:19:53.341+0000] {dagbag.py:588} INFO - Filling up the DagBag from /home/hamza/Documents/project/Mlops/airflow/dags/news_scrapper.py
[2025-04-03T15:20:01.695+0000] {processor.py:925} INFO - DAG(s) 'news_api_collection' retrieved from /home/hamza/Documents/project/Mlops/airflow/dags/news_scrapper.py
[2025-04-03T15:20:01.716+0000] {logging_mixin.py:190} INFO - [2025-04-03T15:20:01.715+0000] {dag.py:3239} INFO - Sync 1 DAGs
[2025-04-03T15:20:01.745+0000] {logging_mixin.py:190} INFO - [2025-04-03T15:20:01.745+0000] {dag.py:4180} INFO - Setting next_dagrun for news_api_collection to 2025-04-03 12:00:00+00:00, run_after=2025-04-03 18:00:00+00:00
[2025-04-03T15:20:01.774+0000] {processor.py:208} INFO - Processing /home/hamza/Documents/project/Mlops/airflow/dags/news_scrapper.py took 8.446 seconds
[2025-04-03T15:20:37.525+0000] {processor.py:186} INFO - Started process (PID=43441) to work on /home/hamza/Documents/project/Mlops/airflow/dags/news_scrapper.py
[2025-04-03T15:20:37.527+0000] {processor.py:914} INFO - Processing file /home/hamza/Documents/project/Mlops/airflow/dags/news_scrapper.py for tasks to queue
[2025-04-03T15:20:37.531+0000] {logging_mixin.py:190} INFO - [2025-04-03T15:20:37.530+0000] {dagbag.py:588} INFO - Filling up the DagBag from /home/hamza/Documents/project/Mlops/airflow/dags/news_scrapper.py
[2025-04-03T15:20:46.509+0000] {processor.py:925} INFO - DAG(s) 'news_api_collection' retrieved from /home/hamza/Documents/project/Mlops/airflow/dags/news_scrapper.py
[2025-04-03T15:20:46.529+0000] {logging_mixin.py:190} INFO - [2025-04-03T15:20:46.529+0000] {dag.py:3239} INFO - Sync 1 DAGs
[2025-04-03T15:20:46.569+0000] {logging_mixin.py:190} INFO - [2025-04-03T15:20:46.568+0000] {dag.py:4180} INFO - Setting next_dagrun for news_api_collection to 2025-04-03 12:00:00+00:00, run_after=2025-04-03 18:00:00+00:00
[2025-04-03T15:20:46.612+0000] {processor.py:208} INFO - Processing /home/hamza/Documents/project/Mlops/airflow/dags/news_scrapper.py took 9.096 seconds
[2025-04-03T15:21:25.076+0000] {processor.py:186} INFO - Started process (PID=43877) to work on /home/hamza/Documents/project/Mlops/airflow/dags/news_scrapper.py
[2025-04-03T15:21:25.078+0000] {processor.py:914} INFO - Processing file /home/hamza/Documents/project/Mlops/airflow/dags/news_scrapper.py for tasks to queue
[2025-04-03T15:21:25.081+0000] {logging_mixin.py:190} INFO - [2025-04-03T15:21:25.081+0000] {dagbag.py:588} INFO - Filling up the DagBag from /home/hamza/Documents/project/Mlops/airflow/dags/news_scrapper.py
[2025-04-03T15:21:33.475+0000] {processor.py:925} INFO - DAG(s) 'news_api_collection' retrieved from /home/hamza/Documents/project/Mlops/airflow/dags/news_scrapper.py
[2025-04-03T15:21:33.498+0000] {logging_mixin.py:190} INFO - [2025-04-03T15:21:33.497+0000] {dag.py:3239} INFO - Sync 1 DAGs
[2025-04-03T15:21:33.533+0000] {logging_mixin.py:190} INFO - [2025-04-03T15:21:33.532+0000] {dag.py:4180} INFO - Setting next_dagrun for news_api_collection to 2025-04-03 12:00:00+00:00, run_after=2025-04-03 18:00:00+00:00
[2025-04-03T15:21:33.563+0000] {processor.py:208} INFO - Processing /home/hamza/Documents/project/Mlops/airflow/dags/news_scrapper.py took 8.496 seconds
[2025-04-03T15:22:14.098+0000] {processor.py:186} INFO - Started process (PID=44357) to work on /home/hamza/Documents/project/Mlops/airflow/dags/news_scrapper.py
[2025-04-03T15:22:14.099+0000] {processor.py:914} INFO - Processing file /home/hamza/Documents/project/Mlops/airflow/dags/news_scrapper.py for tasks to queue
[2025-04-03T15:22:14.103+0000] {logging_mixin.py:190} INFO - [2025-04-03T15:22:14.103+0000] {dagbag.py:588} INFO - Filling up the DagBag from /home/hamza/Documents/project/Mlops/airflow/dags/news_scrapper.py
[2025-04-03T15:22:22.408+0000] {processor.py:925} INFO - DAG(s) 'news_api_collection' retrieved from /home/hamza/Documents/project/Mlops/airflow/dags/news_scrapper.py
[2025-04-03T15:22:22.429+0000] {logging_mixin.py:190} INFO - [2025-04-03T15:22:22.429+0000] {dag.py:3239} INFO - Sync 1 DAGs
[2025-04-03T15:22:22.464+0000] {logging_mixin.py:190} INFO - [2025-04-03T15:22:22.463+0000] {dag.py:4180} INFO - Setting next_dagrun for news_api_collection to 2025-04-03 12:00:00+00:00, run_after=2025-04-03 18:00:00+00:00
[2025-04-03T15:22:22.493+0000] {processor.py:208} INFO - Processing /home/hamza/Documents/project/Mlops/airflow/dags/news_scrapper.py took 8.404 seconds
[2025-04-03T15:23:02.359+0000] {processor.py:186} INFO - Started process (PID=44801) to work on /home/hamza/Documents/project/Mlops/airflow/dags/news_scrapper.py
[2025-04-03T15:23:02.361+0000] {processor.py:914} INFO - Processing file /home/hamza/Documents/project/Mlops/airflow/dags/news_scrapper.py for tasks to queue
[2025-04-03T15:23:02.365+0000] {logging_mixin.py:190} INFO - [2025-04-03T15:23:02.365+0000] {dagbag.py:588} INFO - Filling up the DagBag from /home/hamza/Documents/project/Mlops/airflow/dags/news_scrapper.py
[2025-04-03T15:23:11.159+0000] {processor.py:925} INFO - DAG(s) 'news_api_collection' retrieved from /home/hamza/Documents/project/Mlops/airflow/dags/news_scrapper.py
[2025-04-03T15:23:11.178+0000] {logging_mixin.py:190} INFO - [2025-04-03T15:23:11.177+0000] {dag.py:3239} INFO - Sync 1 DAGs
[2025-04-03T15:23:11.214+0000] {logging_mixin.py:190} INFO - [2025-04-03T15:23:11.213+0000] {dag.py:4180} INFO - Setting next_dagrun for news_api_collection to 2025-04-03 12:00:00+00:00, run_after=2025-04-03 18:00:00+00:00
[2025-04-03T15:23:11.250+0000] {processor.py:208} INFO - Processing /home/hamza/Documents/project/Mlops/airflow/dags/news_scrapper.py took 8.901 seconds
[2025-04-03T15:23:49.872+0000] {processor.py:186} INFO - Started process (PID=45269) to work on /home/hamza/Documents/project/Mlops/airflow/dags/news_scrapper.py
[2025-04-03T15:23:49.875+0000] {processor.py:914} INFO - Processing file /home/hamza/Documents/project/Mlops/airflow/dags/news_scrapper.py for tasks to queue
[2025-04-03T15:23:49.878+0000] {logging_mixin.py:190} INFO - [2025-04-03T15:23:49.878+0000] {dagbag.py:588} INFO - Filling up the DagBag from /home/hamza/Documents/project/Mlops/airflow/dags/news_scrapper.py
[2025-04-03T15:23:58.975+0000] {processor.py:925} INFO - DAG(s) 'news_api_collection' retrieved from /home/hamza/Documents/project/Mlops/airflow/dags/news_scrapper.py
[2025-04-03T15:23:58.991+0000] {logging_mixin.py:190} INFO - [2025-04-03T15:23:58.990+0000] {dag.py:3239} INFO - Sync 1 DAGs
[2025-04-03T15:23:59.026+0000] {logging_mixin.py:190} INFO - [2025-04-03T15:23:59.025+0000] {dag.py:4180} INFO - Setting next_dagrun for news_api_collection to 2025-04-03 12:00:00+00:00, run_after=2025-04-03 18:00:00+00:00
[2025-04-03T15:23:59.057+0000] {processor.py:208} INFO - Processing /home/hamza/Documents/project/Mlops/airflow/dags/news_scrapper.py took 9.194 seconds
[2025-04-03T15:24:38.677+0000] {processor.py:186} INFO - Started process (PID=45777) to work on /home/hamza/Documents/project/Mlops/airflow/dags/news_scrapper.py
[2025-04-03T15:24:38.680+0000] {processor.py:914} INFO - Processing file /home/hamza/Documents/project/Mlops/airflow/dags/news_scrapper.py for tasks to queue
[2025-04-03T15:24:38.684+0000] {logging_mixin.py:190} INFO - [2025-04-03T15:24:38.683+0000] {dagbag.py:588} INFO - Filling up the DagBag from /home/hamza/Documents/project/Mlops/airflow/dags/news_scrapper.py
[2025-04-03T15:24:47.319+0000] {processor.py:925} INFO - DAG(s) 'news_api_collection' retrieved from /home/hamza/Documents/project/Mlops/airflow/dags/news_scrapper.py
[2025-04-03T15:24:47.338+0000] {logging_mixin.py:190} INFO - [2025-04-03T15:24:47.338+0000] {dag.py:3239} INFO - Sync 1 DAGs
[2025-04-03T15:24:47.371+0000] {logging_mixin.py:190} INFO - [2025-04-03T15:24:47.371+0000] {dag.py:4180} INFO - Setting next_dagrun for news_api_collection to 2025-04-03 12:00:00+00:00, run_after=2025-04-03 18:00:00+00:00
[2025-04-03T15:24:47.404+0000] {processor.py:208} INFO - Processing /home/hamza/Documents/project/Mlops/airflow/dags/news_scrapper.py took 8.736 seconds
[2025-04-03T15:25:23.910+0000] {processor.py:186} INFO - Started process (PID=46203) to work on /home/hamza/Documents/project/Mlops/airflow/dags/news_scrapper.py
[2025-04-03T15:25:23.912+0000] {processor.py:914} INFO - Processing file /home/hamza/Documents/project/Mlops/airflow/dags/news_scrapper.py for tasks to queue
[2025-04-03T15:25:23.916+0000] {logging_mixin.py:190} INFO - [2025-04-03T15:25:23.915+0000] {dagbag.py:588} INFO - Filling up the DagBag from /home/hamza/Documents/project/Mlops/airflow/dags/news_scrapper.py
[2025-04-03T15:25:32.599+0000] {processor.py:925} INFO - DAG(s) 'news_api_collection' retrieved from /home/hamza/Documents/project/Mlops/airflow/dags/news_scrapper.py
[2025-04-03T15:25:32.615+0000] {logging_mixin.py:190} INFO - [2025-04-03T15:25:32.614+0000] {dag.py:3239} INFO - Sync 1 DAGs
[2025-04-03T15:25:32.649+0000] {logging_mixin.py:190} INFO - [2025-04-03T15:25:32.648+0000] {dag.py:4180} INFO - Setting next_dagrun for news_api_collection to 2025-04-03 12:00:00+00:00, run_after=2025-04-03 18:00:00+00:00
[2025-04-03T15:25:32.678+0000] {processor.py:208} INFO - Processing /home/hamza/Documents/project/Mlops/airflow/dags/news_scrapper.py took 8.779 seconds
[2025-04-03T15:26:08.544+0000] {processor.py:186} INFO - Started process (PID=46656) to work on /home/hamza/Documents/project/Mlops/airflow/dags/news_scrapper.py
[2025-04-03T15:26:08.546+0000] {processor.py:914} INFO - Processing file /home/hamza/Documents/project/Mlops/airflow/dags/news_scrapper.py for tasks to queue
[2025-04-03T15:26:08.550+0000] {logging_mixin.py:190} INFO - [2025-04-03T15:26:08.549+0000] {dagbag.py:588} INFO - Filling up the DagBag from /home/hamza/Documents/project/Mlops/airflow/dags/news_scrapper.py
[2025-04-03T15:26:16.761+0000] {processor.py:925} INFO - DAG(s) 'news_api_collection' retrieved from /home/hamza/Documents/project/Mlops/airflow/dags/news_scrapper.py
[2025-04-03T15:26:16.777+0000] {logging_mixin.py:190} INFO - [2025-04-03T15:26:16.776+0000] {dag.py:3239} INFO - Sync 1 DAGs
[2025-04-03T15:26:16.806+0000] {logging_mixin.py:190} INFO - [2025-04-03T15:26:16.806+0000] {dag.py:4180} INFO - Setting next_dagrun for news_api_collection to 2025-04-03 12:00:00+00:00, run_after=2025-04-03 18:00:00+00:00
[2025-04-03T15:26:16.835+0000] {processor.py:208} INFO - Processing /home/hamza/Documents/project/Mlops/airflow/dags/news_scrapper.py took 8.300 seconds
[2025-04-03T16:30:35.248+0000] {processor.py:186} INFO - Started process (PID=82151) to work on /home/hamza/Documents/project/Mlops/airflow/dags/news_scrapper.py
[2025-04-03T16:30:35.250+0000] {processor.py:914} INFO - Processing file /home/hamza/Documents/project/Mlops/airflow/dags/news_scrapper.py for tasks to queue
[2025-04-03T16:30:35.253+0000] {logging_mixin.py:190} INFO - [2025-04-03T16:30:35.253+0000] {dagbag.py:588} INFO - Filling up the DagBag from /home/hamza/Documents/project/Mlops/airflow/dags/news_scrapper.py
[2025-04-03T16:30:49.461+0000] {processor.py:925} INFO - DAG(s) 'news_api_collection' retrieved from /home/hamza/Documents/project/Mlops/airflow/dags/news_scrapper.py
[2025-04-03T16:30:49.510+0000] {logging_mixin.py:190} INFO - [2025-04-03T16:30:49.507+0000] {dag.py:3239} INFO - Sync 1 DAGs
[2025-04-03T16:30:49.550+0000] {logging_mixin.py:190} INFO - [2025-04-03T16:30:49.550+0000] {dag.py:4180} INFO - Setting next_dagrun for news_api_collection to 2025-04-03 12:00:00+00:00, run_after=2025-04-03 18:00:00+00:00
[2025-04-03T16:30:49.907+0000] {processor.py:208} INFO - Processing /home/hamza/Documents/project/Mlops/airflow/dags/news_scrapper.py took 14.667 seconds
[2025-04-03T16:32:36.715+0000] {processor.py:186} INFO - Started process (PID=83412) to work on /home/hamza/Documents/project/Mlops/airflow/dags/news_scrapper.py
[2025-04-03T16:32:36.717+0000] {processor.py:914} INFO - Processing file /home/hamza/Documents/project/Mlops/airflow/dags/news_scrapper.py for tasks to queue
[2025-04-03T16:32:36.722+0000] {logging_mixin.py:190} INFO - [2025-04-03T16:32:36.721+0000] {dagbag.py:588} INFO - Filling up the DagBag from /home/hamza/Documents/project/Mlops/airflow/dags/news_scrapper.py
[2025-04-03T16:32:49.917+0000] {processor.py:925} INFO - DAG(s) 'news_api_collection' retrieved from /home/hamza/Documents/project/Mlops/airflow/dags/news_scrapper.py
[2025-04-03T16:32:49.957+0000] {logging_mixin.py:190} INFO - [2025-04-03T16:32:49.953+0000] {dag.py:3239} INFO - Sync 1 DAGs
[2025-04-03T16:32:49.995+0000] {logging_mixin.py:190} INFO - [2025-04-03T16:32:49.995+0000] {dag.py:4180} INFO - Setting next_dagrun for news_api_collection to 2025-04-03 12:00:00+00:00, run_after=2025-04-03 18:00:00+00:00
[2025-04-03T16:32:50.026+0000] {processor.py:208} INFO - Processing /home/hamza/Documents/project/Mlops/airflow/dags/news_scrapper.py took 13.322 seconds
[2025-04-03T16:33:14.342+0000] {processor.py:186} INFO - Started process (PID=83752) to work on /home/hamza/Documents/project/Mlops/airflow/dags/news_scrapper.py
[2025-04-03T16:33:14.344+0000] {processor.py:914} INFO - Processing file /home/hamza/Documents/project/Mlops/airflow/dags/news_scrapper.py for tasks to queue
[2025-04-03T16:33:14.347+0000] {logging_mixin.py:190} INFO - [2025-04-03T16:33:14.347+0000] {dagbag.py:588} INFO - Filling up the DagBag from /home/hamza/Documents/project/Mlops/airflow/dags/news_scrapper.py
[2025-04-03T16:33:27.780+0000] {processor.py:925} INFO - DAG(s) 'news_api_collection' retrieved from /home/hamza/Documents/project/Mlops/airflow/dags/news_scrapper.py
[2025-04-03T16:33:27.837+0000] {logging_mixin.py:190} INFO - [2025-04-03T16:33:27.833+0000] {dag.py:3239} INFO - Sync 1 DAGs
[2025-04-03T16:33:27.879+0000] {logging_mixin.py:190} INFO - [2025-04-03T16:33:27.878+0000] {dag.py:4180} INFO - Setting next_dagrun for news_api_collection to 2025-04-03 12:00:00+00:00, run_after=2025-04-03 18:00:00+00:00
[2025-04-03T16:33:28.306+0000] {processor.py:208} INFO - Processing /home/hamza/Documents/project/Mlops/airflow/dags/news_scrapper.py took 13.972 seconds
[2025-04-03T16:34:48.533+0000] {processor.py:186} INFO - Started process (PID=84625) to work on /home/hamza/Documents/project/Mlops/airflow/dags/news_scrapper.py
[2025-04-03T16:34:48.535+0000] {processor.py:914} INFO - Processing file /home/hamza/Documents/project/Mlops/airflow/dags/news_scrapper.py for tasks to queue
[2025-04-03T16:34:48.539+0000] {logging_mixin.py:190} INFO - [2025-04-03T16:34:48.538+0000] {dagbag.py:588} INFO - Filling up the DagBag from /home/hamza/Documents/project/Mlops/airflow/dags/news_scrapper.py
[2025-04-03T16:35:01.023+0000] {processor.py:925} INFO - DAG(s) 'news_api_collection' retrieved from /home/hamza/Documents/project/Mlops/airflow/dags/news_scrapper.py
[2025-04-03T16:35:01.050+0000] {logging_mixin.py:190} INFO - [2025-04-03T16:35:01.048+0000] {dag.py:3239} INFO - Sync 1 DAGs
[2025-04-03T16:35:01.095+0000] {logging_mixin.py:190} INFO - [2025-04-03T16:35:01.095+0000] {dag.py:4180} INFO - Setting next_dagrun for news_api_collection to 2025-04-03 12:00:00+00:00, run_after=2025-04-03 18:00:00+00:00
[2025-04-03T16:35:01.133+0000] {processor.py:208} INFO - Processing /home/hamza/Documents/project/Mlops/airflow/dags/news_scrapper.py took 12.611 seconds
[2025-04-03T16:35:47.807+0000] {processor.py:186} INFO - Started process (PID=85155) to work on /home/hamza/Documents/project/Mlops/airflow/dags/news_scrapper.py
[2025-04-03T16:35:47.808+0000] {processor.py:914} INFO - Processing file /home/hamza/Documents/project/Mlops/airflow/dags/news_scrapper.py for tasks to queue
[2025-04-03T16:35:47.814+0000] {logging_mixin.py:190} INFO - [2025-04-03T16:35:47.813+0000] {dagbag.py:588} INFO - Filling up the DagBag from /home/hamza/Documents/project/Mlops/airflow/dags/news_scrapper.py
[2025-04-03T16:36:02.662+0000] {processor.py:925} INFO - DAG(s) 'news_api_collection' retrieved from /home/hamza/Documents/project/Mlops/airflow/dags/news_scrapper.py
[2025-04-03T16:36:02.686+0000] {logging_mixin.py:190} INFO - [2025-04-03T16:36:02.683+0000] {dag.py:3239} INFO - Sync 1 DAGs
[2025-04-03T16:36:02.719+0000] {logging_mixin.py:190} INFO - [2025-04-03T16:36:02.719+0000] {dag.py:4180} INFO - Setting next_dagrun for news_api_collection to 2025-04-03 12:00:00+00:00, run_after=2025-04-03 18:00:00+00:00
[2025-04-03T16:36:02.751+0000] {processor.py:208} INFO - Processing /home/hamza/Documents/project/Mlops/airflow/dags/news_scrapper.py took 14.954 seconds
[2025-04-03T16:36:36.697+0000] {processor.py:186} INFO - Started process (PID=85566) to work on /home/hamza/Documents/project/Mlops/airflow/dags/news_scrapper.py
[2025-04-03T16:36:36.699+0000] {processor.py:914} INFO - Processing file /home/hamza/Documents/project/Mlops/airflow/dags/news_scrapper.py for tasks to queue
[2025-04-03T16:36:36.703+0000] {logging_mixin.py:190} INFO - [2025-04-03T16:36:36.703+0000] {dagbag.py:588} INFO - Filling up the DagBag from /home/hamza/Documents/project/Mlops/airflow/dags/news_scrapper.py
[2025-04-03T16:36:48.926+0000] {processor.py:925} INFO - DAG(s) 'news_api_collection' retrieved from /home/hamza/Documents/project/Mlops/airflow/dags/news_scrapper.py
[2025-04-03T16:36:48.946+0000] {logging_mixin.py:190} INFO - [2025-04-03T16:36:48.945+0000] {dag.py:3239} INFO - Sync 1 DAGs
[2025-04-03T16:36:48.991+0000] {logging_mixin.py:190} INFO - [2025-04-03T16:36:48.990+0000] {dag.py:4180} INFO - Setting next_dagrun for news_api_collection to 2025-04-03 12:00:00+00:00, run_after=2025-04-03 18:00:00+00:00
[2025-04-03T16:36:49.029+0000] {processor.py:208} INFO - Processing /home/hamza/Documents/project/Mlops/airflow/dags/news_scrapper.py took 12.342 seconds
[2025-04-03T16:37:20.424+0000] {processor.py:186} INFO - Started process (PID=85929) to work on /home/hamza/Documents/project/Mlops/airflow/dags/news_scrapper.py
[2025-04-03T16:37:20.426+0000] {processor.py:914} INFO - Processing file /home/hamza/Documents/project/Mlops/airflow/dags/news_scrapper.py for tasks to queue
[2025-04-03T16:37:20.430+0000] {logging_mixin.py:190} INFO - [2025-04-03T16:37:20.429+0000] {dagbag.py:588} INFO - Filling up the DagBag from /home/hamza/Documents/project/Mlops/airflow/dags/news_scrapper.py
[2025-04-03T16:37:32.559+0000] {processor.py:925} INFO - DAG(s) 'news_api_collection' retrieved from /home/hamza/Documents/project/Mlops/airflow/dags/news_scrapper.py
[2025-04-03T16:37:32.587+0000] {logging_mixin.py:190} INFO - [2025-04-03T16:37:32.585+0000] {dag.py:3239} INFO - Sync 1 DAGs
[2025-04-03T16:37:32.626+0000] {logging_mixin.py:190} INFO - [2025-04-03T16:37:32.626+0000] {dag.py:4180} INFO - Setting next_dagrun for news_api_collection to 2025-04-03 12:00:00+00:00, run_after=2025-04-03 18:00:00+00:00
[2025-04-03T16:37:32.661+0000] {processor.py:208} INFO - Processing /home/hamza/Documents/project/Mlops/airflow/dags/news_scrapper.py took 12.248 seconds
[2025-04-03T16:38:05.371+0000] {processor.py:186} INFO - Started process (PID=86333) to work on /home/hamza/Documents/project/Mlops/airflow/dags/news_scrapper.py
[2025-04-03T16:38:05.372+0000] {processor.py:914} INFO - Processing file /home/hamza/Documents/project/Mlops/airflow/dags/news_scrapper.py for tasks to queue
[2025-04-03T16:38:05.378+0000] {logging_mixin.py:190} INFO - [2025-04-03T16:38:05.377+0000] {dagbag.py:588} INFO - Filling up the DagBag from /home/hamza/Documents/project/Mlops/airflow/dags/news_scrapper.py
[2025-04-03T16:38:17.086+0000] {processor.py:925} INFO - DAG(s) 'news_api_collection' retrieved from /home/hamza/Documents/project/Mlops/airflow/dags/news_scrapper.py
[2025-04-03T16:38:17.120+0000] {logging_mixin.py:190} INFO - [2025-04-03T16:38:17.117+0000] {dag.py:3239} INFO - Sync 1 DAGs
[2025-04-03T16:38:17.526+0000] {logging_mixin.py:190} INFO - [2025-04-03T16:38:17.525+0000] {dag.py:4180} INFO - Setting next_dagrun for news_api_collection to 2025-04-03 12:00:00+00:00, run_after=2025-04-03 18:00:00+00:00
[2025-04-03T16:38:17.562+0000] {processor.py:208} INFO - Processing /home/hamza/Documents/project/Mlops/airflow/dags/news_scrapper.py took 12.201 seconds
[2025-04-03T16:38:50.511+0000] {processor.py:186} INFO - Started process (PID=86777) to work on /home/hamza/Documents/project/Mlops/airflow/dags/news_scrapper.py
[2025-04-03T16:38:50.512+0000] {processor.py:914} INFO - Processing file /home/hamza/Documents/project/Mlops/airflow/dags/news_scrapper.py for tasks to queue
[2025-04-03T16:38:50.516+0000] {logging_mixin.py:190} INFO - [2025-04-03T16:38:50.515+0000] {dagbag.py:588} INFO - Filling up the DagBag from /home/hamza/Documents/project/Mlops/airflow/dags/news_scrapper.py
[2025-04-03T16:39:06.302+0000] {processor.py:925} INFO - DAG(s) 'news_api_collection' retrieved from /home/hamza/Documents/project/Mlops/airflow/dags/news_scrapper.py
[2025-04-03T16:39:06.336+0000] {logging_mixin.py:190} INFO - [2025-04-03T16:39:06.334+0000] {dag.py:3239} INFO - Sync 1 DAGs
[2025-04-03T16:39:06.369+0000] {logging_mixin.py:190} INFO - [2025-04-03T16:39:06.368+0000] {dag.py:4180} INFO - Setting next_dagrun for news_api_collection to 2025-04-03 12:00:00+00:00, run_after=2025-04-03 18:00:00+00:00
[2025-04-03T16:39:06.402+0000] {processor.py:208} INFO - Processing /home/hamza/Documents/project/Mlops/airflow/dags/news_scrapper.py took 15.901 seconds
[2025-04-03T16:39:37.491+0000] {processor.py:186} INFO - Started process (PID=87568) to work on /home/hamza/Documents/project/Mlops/airflow/dags/news_scrapper.py
[2025-04-03T16:39:37.492+0000] {processor.py:914} INFO - Processing file /home/hamza/Documents/project/Mlops/airflow/dags/news_scrapper.py for tasks to queue
[2025-04-03T16:39:37.496+0000] {logging_mixin.py:190} INFO - [2025-04-03T16:39:37.495+0000] {dagbag.py:588} INFO - Filling up the DagBag from /home/hamza/Documents/project/Mlops/airflow/dags/news_scrapper.py
[2025-04-03T16:39:49.709+0000] {processor.py:925} INFO - DAG(s) 'news_api_collection' retrieved from /home/hamza/Documents/project/Mlops/airflow/dags/news_scrapper.py
[2025-04-03T16:39:49.740+0000] {logging_mixin.py:190} INFO - [2025-04-03T16:39:49.737+0000] {dag.py:3239} INFO - Sync 1 DAGs
[2025-04-03T16:39:50.149+0000] {logging_mixin.py:190} INFO - [2025-04-03T16:39:50.148+0000] {dag.py:4180} INFO - Setting next_dagrun for news_api_collection to 2025-04-03 12:00:00+00:00, run_after=2025-04-03 18:00:00+00:00
[2025-04-03T16:39:50.187+0000] {processor.py:208} INFO - Processing /home/hamza/Documents/project/Mlops/airflow/dags/news_scrapper.py took 12.706 seconds
[2025-04-03T16:40:22.664+0000] {processor.py:186} INFO - Started process (PID=87994) to work on /home/hamza/Documents/project/Mlops/airflow/dags/news_scrapper.py
[2025-04-03T16:40:22.666+0000] {processor.py:914} INFO - Processing file /home/hamza/Documents/project/Mlops/airflow/dags/news_scrapper.py for tasks to queue
[2025-04-03T16:40:22.671+0000] {logging_mixin.py:190} INFO - [2025-04-03T16:40:22.670+0000] {dagbag.py:588} INFO - Filling up the DagBag from /home/hamza/Documents/project/Mlops/airflow/dags/news_scrapper.py
[2025-04-03T16:40:34.142+0000] {processor.py:925} INFO - DAG(s) 'news_api_collection' retrieved from /home/hamza/Documents/project/Mlops/airflow/dags/news_scrapper.py
[2025-04-03T16:40:34.166+0000] {logging_mixin.py:190} INFO - [2025-04-03T16:40:34.165+0000] {dag.py:3239} INFO - Sync 1 DAGs
[2025-04-03T16:40:34.201+0000] {logging_mixin.py:190} INFO - [2025-04-03T16:40:34.200+0000] {dag.py:4180} INFO - Setting next_dagrun for news_api_collection to 2025-04-03 12:00:00+00:00, run_after=2025-04-03 18:00:00+00:00
[2025-04-03T16:40:34.231+0000] {processor.py:208} INFO - Processing /home/hamza/Documents/project/Mlops/airflow/dags/news_scrapper.py took 11.578 seconds
[2025-04-03T16:41:13.625+0000] {processor.py:186} INFO - Started process (PID=88533) to work on /home/hamza/Documents/project/Mlops/airflow/dags/news_scrapper.py
[2025-04-03T16:41:13.627+0000] {processor.py:914} INFO - Processing file /home/hamza/Documents/project/Mlops/airflow/dags/news_scrapper.py for tasks to queue
[2025-04-03T16:41:13.631+0000] {logging_mixin.py:190} INFO - [2025-04-03T16:41:13.630+0000] {dagbag.py:588} INFO - Filling up the DagBag from /home/hamza/Documents/project/Mlops/airflow/dags/news_scrapper.py
[2025-04-03T16:41:23.884+0000] {processor.py:925} INFO - DAG(s) 'news_api_collection' retrieved from /home/hamza/Documents/project/Mlops/airflow/dags/news_scrapper.py
[2025-04-03T16:41:23.904+0000] {logging_mixin.py:190} INFO - [2025-04-03T16:41:23.903+0000] {dag.py:3239} INFO - Sync 1 DAGs
[2025-04-03T16:41:23.951+0000] {logging_mixin.py:190} INFO - [2025-04-03T16:41:23.951+0000] {dag.py:4180} INFO - Setting next_dagrun for news_api_collection to 2025-04-03 12:00:00+00:00, run_after=2025-04-03 18:00:00+00:00
[2025-04-03T16:41:24.314+0000] {processor.py:208} INFO - Processing /home/hamza/Documents/project/Mlops/airflow/dags/news_scrapper.py took 10.698 seconds
[2025-04-03T16:42:03.214+0000] {processor.py:186} INFO - Started process (PID=88910) to work on /home/hamza/Documents/project/Mlops/airflow/dags/news_scrapper.py
[2025-04-03T16:42:03.216+0000] {processor.py:914} INFO - Processing file /home/hamza/Documents/project/Mlops/airflow/dags/news_scrapper.py for tasks to queue
[2025-04-03T16:42:03.220+0000] {logging_mixin.py:190} INFO - [2025-04-03T16:42:03.219+0000] {dagbag.py:588} INFO - Filling up the DagBag from /home/hamza/Documents/project/Mlops/airflow/dags/news_scrapper.py
[2025-04-03T16:42:13.420+0000] {processor.py:925} INFO - DAG(s) 'news_api_collection' retrieved from /home/hamza/Documents/project/Mlops/airflow/dags/news_scrapper.py
[2025-04-03T16:42:13.445+0000] {logging_mixin.py:190} INFO - [2025-04-03T16:42:13.444+0000] {dag.py:3239} INFO - Sync 1 DAGs
[2025-04-03T16:42:13.480+0000] {logging_mixin.py:190} INFO - [2025-04-03T16:42:13.480+0000] {dag.py:4180} INFO - Setting next_dagrun for news_api_collection to 2025-04-03 12:00:00+00:00, run_after=2025-04-03 18:00:00+00:00
[2025-04-03T16:42:13.513+0000] {processor.py:208} INFO - Processing /home/hamza/Documents/project/Mlops/airflow/dags/news_scrapper.py took 10.308 seconds
[2025-04-03T16:42:49.789+0000] {processor.py:186} INFO - Started process (PID=89295) to work on /home/hamza/Documents/project/Mlops/airflow/dags/news_scrapper.py
[2025-04-03T16:42:49.791+0000] {processor.py:914} INFO - Processing file /home/hamza/Documents/project/Mlops/airflow/dags/news_scrapper.py for tasks to queue
[2025-04-03T16:42:49.795+0000] {logging_mixin.py:190} INFO - [2025-04-03T16:42:49.794+0000] {dagbag.py:588} INFO - Filling up the DagBag from /home/hamza/Documents/project/Mlops/airflow/dags/news_scrapper.py
[2025-04-03T16:42:59.045+0000] {processor.py:925} INFO - DAG(s) 'news_api_collection' retrieved from /home/hamza/Documents/project/Mlops/airflow/dags/news_scrapper.py
[2025-04-03T16:42:59.062+0000] {logging_mixin.py:190} INFO - [2025-04-03T16:42:59.061+0000] {dag.py:3239} INFO - Sync 1 DAGs
[2025-04-03T16:42:59.098+0000] {logging_mixin.py:190} INFO - [2025-04-03T16:42:59.098+0000] {dag.py:4180} INFO - Setting next_dagrun for news_api_collection to 2025-04-03 12:00:00+00:00, run_after=2025-04-03 18:00:00+00:00
[2025-04-03T16:42:59.129+0000] {processor.py:208} INFO - Processing /home/hamza/Documents/project/Mlops/airflow/dags/news_scrapper.py took 9.349 seconds
[2025-04-03T16:43:36.450+0000] {processor.py:186} INFO - Started process (PID=89652) to work on /home/hamza/Documents/project/Mlops/airflow/dags/news_scrapper.py
[2025-04-03T16:43:36.453+0000] {processor.py:914} INFO - Processing file /home/hamza/Documents/project/Mlops/airflow/dags/news_scrapper.py for tasks to queue
[2025-04-03T16:43:36.457+0000] {logging_mixin.py:190} INFO - [2025-04-03T16:43:36.457+0000] {dagbag.py:588} INFO - Filling up the DagBag from /home/hamza/Documents/project/Mlops/airflow/dags/news_scrapper.py
[2025-04-03T16:43:45.513+0000] {processor.py:925} INFO - DAG(s) 'news_api_collection' retrieved from /home/hamza/Documents/project/Mlops/airflow/dags/news_scrapper.py
[2025-04-03T16:43:45.531+0000] {logging_mixin.py:190} INFO - [2025-04-03T16:43:45.530+0000] {dag.py:3239} INFO - Sync 1 DAGs
[2025-04-03T16:43:45.573+0000] {logging_mixin.py:190} INFO - [2025-04-03T16:43:45.572+0000] {dag.py:4180} INFO - Setting next_dagrun for news_api_collection to 2025-04-03 12:00:00+00:00, run_after=2025-04-03 18:00:00+00:00
[2025-04-03T16:43:45.605+0000] {processor.py:208} INFO - Processing /home/hamza/Documents/project/Mlops/airflow/dags/news_scrapper.py took 9.164 seconds
[2025-04-03T16:44:24.968+0000] {processor.py:186} INFO - Started process (PID=90008) to work on /home/hamza/Documents/project/Mlops/airflow/dags/news_scrapper.py
[2025-04-03T16:44:24.971+0000] {processor.py:914} INFO - Processing file /home/hamza/Documents/project/Mlops/airflow/dags/news_scrapper.py for tasks to queue
[2025-04-03T16:44:24.975+0000] {logging_mixin.py:190} INFO - [2025-04-03T16:44:24.974+0000] {dagbag.py:588} INFO - Filling up the DagBag from /home/hamza/Documents/project/Mlops/airflow/dags/news_scrapper.py
[2025-04-03T16:44:34.636+0000] {processor.py:925} INFO - DAG(s) 'news_api_collection' retrieved from /home/hamza/Documents/project/Mlops/airflow/dags/news_scrapper.py
[2025-04-03T16:44:34.655+0000] {logging_mixin.py:190} INFO - [2025-04-03T16:44:34.655+0000] {dag.py:3239} INFO - Sync 1 DAGs
[2025-04-03T16:44:34.695+0000] {logging_mixin.py:190} INFO - [2025-04-03T16:44:34.694+0000] {dag.py:4180} INFO - Setting next_dagrun for news_api_collection to 2025-04-03 12:00:00+00:00, run_after=2025-04-03 18:00:00+00:00
[2025-04-03T16:44:34.754+0000] {processor.py:208} INFO - Processing /home/hamza/Documents/project/Mlops/airflow/dags/news_scrapper.py took 9.795 seconds
[2025-04-03T16:45:13.700+0000] {processor.py:186} INFO - Started process (PID=90431) to work on /home/hamza/Documents/project/Mlops/airflow/dags/news_scrapper.py
[2025-04-03T16:45:13.702+0000] {processor.py:914} INFO - Processing file /home/hamza/Documents/project/Mlops/airflow/dags/news_scrapper.py for tasks to queue
[2025-04-03T16:45:13.707+0000] {logging_mixin.py:190} INFO - [2025-04-03T16:45:13.706+0000] {dagbag.py:588} INFO - Filling up the DagBag from /home/hamza/Documents/project/Mlops/airflow/dags/news_scrapper.py
[2025-04-03T16:45:24.170+0000] {processor.py:925} INFO - DAG(s) 'news_api_collection' retrieved from /home/hamza/Documents/project/Mlops/airflow/dags/news_scrapper.py
[2025-04-03T16:45:24.199+0000] {logging_mixin.py:190} INFO - [2025-04-03T16:45:24.198+0000] {dag.py:3239} INFO - Sync 1 DAGs
[2025-04-03T16:45:24.236+0000] {logging_mixin.py:190} INFO - [2025-04-03T16:45:24.236+0000] {dag.py:4180} INFO - Setting next_dagrun for news_api_collection to 2025-04-03 12:00:00+00:00, run_after=2025-04-03 18:00:00+00:00
[2025-04-03T16:45:24.271+0000] {processor.py:208} INFO - Processing /home/hamza/Documents/project/Mlops/airflow/dags/news_scrapper.py took 10.580 seconds
[2025-04-03T16:46:00.311+0000] {processor.py:186} INFO - Started process (PID=90834) to work on /home/hamza/Documents/project/Mlops/airflow/dags/news_scrapper.py
[2025-04-03T16:46:00.313+0000] {processor.py:914} INFO - Processing file /home/hamza/Documents/project/Mlops/airflow/dags/news_scrapper.py for tasks to queue
[2025-04-03T16:46:00.317+0000] {logging_mixin.py:190} INFO - [2025-04-03T16:46:00.316+0000] {dagbag.py:588} INFO - Filling up the DagBag from /home/hamza/Documents/project/Mlops/airflow/dags/news_scrapper.py
[2025-04-03T16:46:11.113+0000] {processor.py:925} INFO - DAG(s) 'news_api_collection' retrieved from /home/hamza/Documents/project/Mlops/airflow/dags/news_scrapper.py
[2025-04-03T16:46:11.133+0000] {logging_mixin.py:190} INFO - [2025-04-03T16:46:11.132+0000] {dag.py:3239} INFO - Sync 1 DAGs
[2025-04-03T16:46:11.171+0000] {logging_mixin.py:190} INFO - [2025-04-03T16:46:11.171+0000] {dag.py:4180} INFO - Setting next_dagrun for news_api_collection to 2025-04-03 12:00:00+00:00, run_after=2025-04-03 18:00:00+00:00
[2025-04-03T16:46:11.202+0000] {processor.py:208} INFO - Processing /home/hamza/Documents/project/Mlops/airflow/dags/news_scrapper.py took 10.901 seconds
[2025-04-03T16:46:47.339+0000] {processor.py:186} INFO - Started process (PID=91257) to work on /home/hamza/Documents/project/Mlops/airflow/dags/news_scrapper.py
[2025-04-03T16:46:47.342+0000] {processor.py:914} INFO - Processing file /home/hamza/Documents/project/Mlops/airflow/dags/news_scrapper.py for tasks to queue
[2025-04-03T16:46:47.346+0000] {logging_mixin.py:190} INFO - [2025-04-03T16:46:47.345+0000] {dagbag.py:588} INFO - Filling up the DagBag from /home/hamza/Documents/project/Mlops/airflow/dags/news_scrapper.py
[2025-04-03T16:46:58.556+0000] {processor.py:925} INFO - DAG(s) 'news_api_collection' retrieved from /home/hamza/Documents/project/Mlops/airflow/dags/news_scrapper.py
[2025-04-03T16:46:58.575+0000] {logging_mixin.py:190} INFO - [2025-04-03T16:46:58.574+0000] {dag.py:3239} INFO - Sync 1 DAGs
[2025-04-03T16:46:58.612+0000] {logging_mixin.py:190} INFO - [2025-04-03T16:46:58.611+0000] {dag.py:4180} INFO - Setting next_dagrun for news_api_collection to 2025-04-03 12:00:00+00:00, run_after=2025-04-03 18:00:00+00:00
[2025-04-03T16:46:58.652+0000] {processor.py:208} INFO - Processing /home/hamza/Documents/project/Mlops/airflow/dags/news_scrapper.py took 11.323 seconds
[2025-04-03T16:47:34.728+0000] {processor.py:186} INFO - Started process (PID=91696) to work on /home/hamza/Documents/project/Mlops/airflow/dags/news_scrapper.py
[2025-04-03T16:47:34.730+0000] {processor.py:914} INFO - Processing file /home/hamza/Documents/project/Mlops/airflow/dags/news_scrapper.py for tasks to queue
[2025-04-03T16:47:34.734+0000] {logging_mixin.py:190} INFO - [2025-04-03T16:47:34.733+0000] {dagbag.py:588} INFO - Filling up the DagBag from /home/hamza/Documents/project/Mlops/airflow/dags/news_scrapper.py
[2025-04-03T16:47:45.367+0000] {processor.py:925} INFO - DAG(s) 'news_api_collection' retrieved from /home/hamza/Documents/project/Mlops/airflow/dags/news_scrapper.py
[2025-04-03T16:47:45.391+0000] {logging_mixin.py:190} INFO - [2025-04-03T16:47:45.390+0000] {dag.py:3239} INFO - Sync 1 DAGs
[2025-04-03T16:47:45.429+0000] {logging_mixin.py:190} INFO - [2025-04-03T16:47:45.428+0000] {dag.py:4180} INFO - Setting next_dagrun for news_api_collection to 2025-04-03 12:00:00+00:00, run_after=2025-04-03 18:00:00+00:00
[2025-04-03T16:47:45.460+0000] {processor.py:208} INFO - Processing /home/hamza/Documents/project/Mlops/airflow/dags/news_scrapper.py took 10.742 seconds
[2025-04-03T16:48:25.094+0000] {processor.py:186} INFO - Started process (PID=92115) to work on /home/hamza/Documents/project/Mlops/airflow/dags/news_scrapper.py
[2025-04-03T16:48:25.096+0000] {processor.py:914} INFO - Processing file /home/hamza/Documents/project/Mlops/airflow/dags/news_scrapper.py for tasks to queue
[2025-04-03T16:48:25.100+0000] {logging_mixin.py:190} INFO - [2025-04-03T16:48:25.099+0000] {dagbag.py:588} INFO - Filling up the DagBag from /home/hamza/Documents/project/Mlops/airflow/dags/news_scrapper.py
[2025-04-03T16:48:36.303+0000] {processor.py:925} INFO - DAG(s) 'news_api_collection' retrieved from /home/hamza/Documents/project/Mlops/airflow/dags/news_scrapper.py
[2025-04-03T16:48:36.323+0000] {logging_mixin.py:190} INFO - [2025-04-03T16:48:36.322+0000] {dag.py:3239} INFO - Sync 1 DAGs
[2025-04-03T16:48:36.358+0000] {logging_mixin.py:190} INFO - [2025-04-03T16:48:36.357+0000] {dag.py:4180} INFO - Setting next_dagrun for news_api_collection to 2025-04-03 12:00:00+00:00, run_after=2025-04-03 18:00:00+00:00
[2025-04-03T16:48:36.391+0000] {processor.py:208} INFO - Processing /home/hamza/Documents/project/Mlops/airflow/dags/news_scrapper.py took 11.308 seconds
[2025-04-03T16:49:16.195+0000] {processor.py:186} INFO - Started process (PID=92543) to work on /home/hamza/Documents/project/Mlops/airflow/dags/news_scrapper.py
[2025-04-03T16:49:16.197+0000] {processor.py:914} INFO - Processing file /home/hamza/Documents/project/Mlops/airflow/dags/news_scrapper.py for tasks to queue
[2025-04-03T16:49:16.202+0000] {logging_mixin.py:190} INFO - [2025-04-03T16:49:16.201+0000] {dagbag.py:588} INFO - Filling up the DagBag from /home/hamza/Documents/project/Mlops/airflow/dags/news_scrapper.py
[2025-04-03T16:49:27.511+0000] {processor.py:925} INFO - DAG(s) 'news_api_collection' retrieved from /home/hamza/Documents/project/Mlops/airflow/dags/news_scrapper.py
[2025-04-03T16:49:27.539+0000] {logging_mixin.py:190} INFO - [2025-04-03T16:49:27.539+0000] {dag.py:3239} INFO - Sync 1 DAGs
[2025-04-03T16:49:27.583+0000] {logging_mixin.py:190} INFO - [2025-04-03T16:49:27.582+0000] {dag.py:4180} INFO - Setting next_dagrun for news_api_collection to 2025-04-03 12:00:00+00:00, run_after=2025-04-03 18:00:00+00:00
[2025-04-03T16:49:27.621+0000] {processor.py:208} INFO - Processing /home/hamza/Documents/project/Mlops/airflow/dags/news_scrapper.py took 11.435 seconds
[2025-04-03T16:50:05.168+0000] {processor.py:186} INFO - Started process (PID=92974) to work on /home/hamza/Documents/project/Mlops/airflow/dags/news_scrapper.py
[2025-04-03T16:50:05.170+0000] {processor.py:914} INFO - Processing file /home/hamza/Documents/project/Mlops/airflow/dags/news_scrapper.py for tasks to queue
[2025-04-03T16:50:05.174+0000] {logging_mixin.py:190} INFO - [2025-04-03T16:50:05.173+0000] {dagbag.py:588} INFO - Filling up the DagBag from /home/hamza/Documents/project/Mlops/airflow/dags/news_scrapper.py
[2025-04-03T16:50:16.624+0000] {processor.py:925} INFO - DAG(s) 'news_api_collection' retrieved from /home/hamza/Documents/project/Mlops/airflow/dags/news_scrapper.py
[2025-04-03T16:50:16.645+0000] {logging_mixin.py:190} INFO - [2025-04-03T16:50:16.644+0000] {dag.py:3239} INFO - Sync 1 DAGs
[2025-04-03T16:50:16.692+0000] {logging_mixin.py:190} INFO - [2025-04-03T16:50:16.692+0000] {dag.py:4180} INFO - Setting next_dagrun for news_api_collection to 2025-04-03 12:00:00+00:00, run_after=2025-04-03 18:00:00+00:00
[2025-04-03T16:50:16.734+0000] {processor.py:208} INFO - Processing /home/hamza/Documents/project/Mlops/airflow/dags/news_scrapper.py took 11.576 seconds
[2025-04-03T16:50:53.045+0000] {processor.py:186} INFO - Started process (PID=93369) to work on /home/hamza/Documents/project/Mlops/airflow/dags/news_scrapper.py
[2025-04-03T16:50:53.047+0000] {processor.py:914} INFO - Processing file /home/hamza/Documents/project/Mlops/airflow/dags/news_scrapper.py for tasks to queue
[2025-04-03T16:50:53.051+0000] {logging_mixin.py:190} INFO - [2025-04-03T16:50:53.050+0000] {dagbag.py:588} INFO - Filling up the DagBag from /home/hamza/Documents/project/Mlops/airflow/dags/news_scrapper.py
[2025-04-03T16:51:04.290+0000] {processor.py:925} INFO - DAG(s) 'news_api_collection' retrieved from /home/hamza/Documents/project/Mlops/airflow/dags/news_scrapper.py
[2025-04-03T16:51:04.318+0000] {logging_mixin.py:190} INFO - [2025-04-03T16:51:04.317+0000] {dag.py:3239} INFO - Sync 1 DAGs
[2025-04-03T16:51:04.364+0000] {logging_mixin.py:190} INFO - [2025-04-03T16:51:04.364+0000] {dag.py:4180} INFO - Setting next_dagrun for news_api_collection to 2025-04-03 12:00:00+00:00, run_after=2025-04-03 18:00:00+00:00
[2025-04-03T16:51:04.397+0000] {processor.py:208} INFO - Processing /home/hamza/Documents/project/Mlops/airflow/dags/news_scrapper.py took 11.361 seconds
[2025-04-03T16:51:42.942+0000] {processor.py:186} INFO - Started process (PID=93781) to work on /home/hamza/Documents/project/Mlops/airflow/dags/news_scrapper.py
[2025-04-03T16:51:42.943+0000] {processor.py:914} INFO - Processing file /home/hamza/Documents/project/Mlops/airflow/dags/news_scrapper.py for tasks to queue
[2025-04-03T16:51:42.947+0000] {logging_mixin.py:190} INFO - [2025-04-03T16:51:42.946+0000] {dagbag.py:588} INFO - Filling up the DagBag from /home/hamza/Documents/project/Mlops/airflow/dags/news_scrapper.py
[2025-04-03T16:51:54.430+0000] {processor.py:925} INFO - DAG(s) 'news_api_collection' retrieved from /home/hamza/Documents/project/Mlops/airflow/dags/news_scrapper.py
[2025-04-03T16:51:54.451+0000] {logging_mixin.py:190} INFO - [2025-04-03T16:51:54.450+0000] {dag.py:3239} INFO - Sync 1 DAGs
[2025-04-03T16:51:54.488+0000] {logging_mixin.py:190} INFO - [2025-04-03T16:51:54.487+0000] {dag.py:4180} INFO - Setting next_dagrun for news_api_collection to 2025-04-03 12:00:00+00:00, run_after=2025-04-03 18:00:00+00:00
[2025-04-03T16:51:54.521+0000] {processor.py:208} INFO - Processing /home/hamza/Documents/project/Mlops/airflow/dags/news_scrapper.py took 11.590 seconds
[2025-04-03T16:52:34.328+0000] {processor.py:186} INFO - Started process (PID=94202) to work on /home/hamza/Documents/project/Mlops/airflow/dags/news_scrapper.py
[2025-04-03T16:52:34.330+0000] {processor.py:914} INFO - Processing file /home/hamza/Documents/project/Mlops/airflow/dags/news_scrapper.py for tasks to queue
[2025-04-03T16:52:34.334+0000] {logging_mixin.py:190} INFO - [2025-04-03T16:52:34.333+0000] {dagbag.py:588} INFO - Filling up the DagBag from /home/hamza/Documents/project/Mlops/airflow/dags/news_scrapper.py
[2025-04-03T16:52:46.269+0000] {processor.py:925} INFO - DAG(s) 'news_api_collection' retrieved from /home/hamza/Documents/project/Mlops/airflow/dags/news_scrapper.py
[2025-04-03T16:52:46.293+0000] {logging_mixin.py:190} INFO - [2025-04-03T16:52:46.292+0000] {dag.py:3239} INFO - Sync 1 DAGs
[2025-04-03T16:52:46.333+0000] {logging_mixin.py:190} INFO - [2025-04-03T16:52:46.332+0000] {dag.py:4180} INFO - Setting next_dagrun for news_api_collection to 2025-04-03 12:00:00+00:00, run_after=2025-04-03 18:00:00+00:00
[2025-04-03T16:52:46.367+0000] {processor.py:208} INFO - Processing /home/hamza/Documents/project/Mlops/airflow/dags/news_scrapper.py took 12.049 seconds
[2025-04-03T16:53:22.235+0000] {processor.py:186} INFO - Started process (PID=94601) to work on /home/hamza/Documents/project/Mlops/airflow/dags/news_scrapper.py
[2025-04-03T16:53:22.236+0000] {processor.py:914} INFO - Processing file /home/hamza/Documents/project/Mlops/airflow/dags/news_scrapper.py for tasks to queue
[2025-04-03T16:53:22.241+0000] {logging_mixin.py:190} INFO - [2025-04-03T16:53:22.240+0000] {dagbag.py:588} INFO - Filling up the DagBag from /home/hamza/Documents/project/Mlops/airflow/dags/news_scrapper.py
[2025-04-03T16:53:34.234+0000] {processor.py:925} INFO - DAG(s) 'news_api_collection' retrieved from /home/hamza/Documents/project/Mlops/airflow/dags/news_scrapper.py
[2025-04-03T16:53:34.254+0000] {logging_mixin.py:190} INFO - [2025-04-03T16:53:34.253+0000] {dag.py:3239} INFO - Sync 1 DAGs
[2025-04-03T16:53:34.292+0000] {logging_mixin.py:190} INFO - [2025-04-03T16:53:34.292+0000] {dag.py:4180} INFO - Setting next_dagrun for news_api_collection to 2025-04-03 12:00:00+00:00, run_after=2025-04-03 18:00:00+00:00
[2025-04-03T16:53:34.332+0000] {processor.py:208} INFO - Processing /home/hamza/Documents/project/Mlops/airflow/dags/news_scrapper.py took 12.107 seconds
[2025-04-03T16:54:10.660+0000] {processor.py:186} INFO - Started process (PID=95066) to work on /home/hamza/Documents/project/Mlops/airflow/dags/news_scrapper.py
[2025-04-03T16:54:10.661+0000] {processor.py:914} INFO - Processing file /home/hamza/Documents/project/Mlops/airflow/dags/news_scrapper.py for tasks to queue
[2025-04-03T16:54:10.667+0000] {logging_mixin.py:190} INFO - [2025-04-03T16:54:10.666+0000] {dagbag.py:588} INFO - Filling up the DagBag from /home/hamza/Documents/project/Mlops/airflow/dags/news_scrapper.py
[2025-04-03T16:54:25.120+0000] {processor.py:925} INFO - DAG(s) 'news_api_collection' retrieved from /home/hamza/Documents/project/Mlops/airflow/dags/news_scrapper.py
[2025-04-03T16:54:25.157+0000] {logging_mixin.py:190} INFO - [2025-04-03T16:54:25.154+0000] {dag.py:3239} INFO - Sync 1 DAGs
[2025-04-03T16:54:25.200+0000] {logging_mixin.py:190} INFO - [2025-04-03T16:54:25.200+0000] {dag.py:4180} INFO - Setting next_dagrun for news_api_collection to 2025-04-03 12:00:00+00:00, run_after=2025-04-03 18:00:00+00:00
[2025-04-03T16:54:25.236+0000] {processor.py:208} INFO - Processing /home/hamza/Documents/project/Mlops/airflow/dags/news_scrapper.py took 14.591 seconds
[2025-04-03T16:55:02.767+0000] {processor.py:186} INFO - Started process (PID=95710) to work on /home/hamza/Documents/project/Mlops/airflow/dags/news_scrapper.py
[2025-04-03T16:55:02.769+0000] {processor.py:914} INFO - Processing file /home/hamza/Documents/project/Mlops/airflow/dags/news_scrapper.py for tasks to queue
[2025-04-03T16:55:02.773+0000] {logging_mixin.py:190} INFO - [2025-04-03T16:55:02.772+0000] {dagbag.py:588} INFO - Filling up the DagBag from /home/hamza/Documents/project/Mlops/airflow/dags/news_scrapper.py
[2025-04-03T16:55:19.764+0000] {processor.py:925} INFO - DAG(s) 'news_api_collection' retrieved from /home/hamza/Documents/project/Mlops/airflow/dags/news_scrapper.py
[2025-04-03T16:55:19.807+0000] {logging_mixin.py:190} INFO - [2025-04-03T16:55:19.803+0000] {dag.py:3239} INFO - Sync 1 DAGs
[2025-04-03T16:55:19.844+0000] {logging_mixin.py:190} INFO - [2025-04-03T16:55:19.844+0000] {dag.py:4180} INFO - Setting next_dagrun for news_api_collection to 2025-04-03 12:00:00+00:00, run_after=2025-04-03 18:00:00+00:00
[2025-04-03T16:55:19.880+0000] {processor.py:208} INFO - Processing /home/hamza/Documents/project/Mlops/airflow/dags/news_scrapper.py took 17.124 seconds
[2025-04-03T16:55:54.837+0000] {processor.py:186} INFO - Started process (PID=96097) to work on /home/hamza/Documents/project/Mlops/airflow/dags/news_scrapper.py
[2025-04-03T16:55:54.839+0000] {processor.py:914} INFO - Processing file /home/hamza/Documents/project/Mlops/airflow/dags/news_scrapper.py for tasks to queue
[2025-04-03T16:55:54.843+0000] {logging_mixin.py:190} INFO - [2025-04-03T16:55:54.842+0000] {dagbag.py:588} INFO - Filling up the DagBag from /home/hamza/Documents/project/Mlops/airflow/dags/news_scrapper.py
[2025-04-03T16:56:07.277+0000] {processor.py:925} INFO - DAG(s) 'news_api_collection' retrieved from /home/hamza/Documents/project/Mlops/airflow/dags/news_scrapper.py
[2025-04-03T16:56:07.315+0000] {logging_mixin.py:190} INFO - [2025-04-03T16:56:07.312+0000] {dag.py:3239} INFO - Sync 1 DAGs
[2025-04-03T16:56:07.354+0000] {logging_mixin.py:190} INFO - [2025-04-03T16:56:07.353+0000] {dag.py:4180} INFO - Setting next_dagrun for news_api_collection to 2025-04-03 12:00:00+00:00, run_after=2025-04-03 18:00:00+00:00
[2025-04-03T16:56:07.387+0000] {processor.py:208} INFO - Processing /home/hamza/Documents/project/Mlops/airflow/dags/news_scrapper.py took 12.559 seconds
