[2025-04-03T13:56:31.311+0000] {local_task_job_runner.py:123} INFO - ::group::Pre task execution logs
[2025-04-03T13:56:31.328+0000] {taskinstance.py:2614} INFO - Dependencies all met for dep_context=non-requeueable deps ti=<TaskInstance: news_api_collection.fetch_news_articles manual__2025-04-03T13:54:28.177967+00:00 [queued]>
[2025-04-03T13:56:31.339+0000] {taskinstance.py:2614} INFO - Dependencies all met for dep_context=requeueable deps ti=<TaskInstance: news_api_collection.fetch_news_articles manual__2025-04-03T13:54:28.177967+00:00 [queued]>
[2025-04-03T13:56:31.339+0000] {taskinstance.py:2867} INFO - Starting attempt 1 of 2
[2025-04-03T13:56:31.362+0000] {taskinstance.py:2890} INFO - Executing <Task(PythonOperator): fetch_news_articles> on 2025-04-03 13:54:28.177967+00:00
[2025-04-03T13:56:31.382+0000] {standard_task_runner.py:72} INFO - Started process 108015 to run task
[2025-04-03T13:56:31.387+0000] {standard_task_runner.py:104} INFO - Running: ['airflow', 'tasks', 'run', 'news_api_collection', 'fetch_news_articles', 'manual__2025-04-03T13:54:28.177967+00:00', '--job-id', '4', '--raw', '--subdir', 'DAGS_FOLDER/news_scrapper.py', '--cfg-path', '/tmp/tmprufmyhuk']
[2025-04-03T13:56:31.389+0000] {standard_task_runner.py:105} INFO - Job 4: Subtask fetch_news_articles
[2025-04-03T13:56:31.440+0000] {task_command.py:467} INFO - Running <TaskInstance: news_api_collection.fetch_news_articles manual__2025-04-03T13:54:28.177967+00:00 [running]> on host hamza-HP-ProBook-450-G8-Notebook-PC
[2025-04-03T13:56:31.526+0000] {taskinstance.py:3134} INFO - Exporting env vars: AIRFLOW_CTX_DAG_OWNER='retail_mlops' AIRFLOW_CTX_DAG_ID='news_api_collection' AIRFLOW_CTX_TASK_ID='fetch_news_articles' AIRFLOW_CTX_EXECUTION_DATE='2025-04-03T13:54:28.177967+00:00' AIRFLOW_CTX_TRY_NUMBER='1' AIRFLOW_CTX_DAG_RUN_ID='manual__2025-04-03T13:54:28.177967+00:00'
[2025-04-03T13:56:31.528+0000] {logging_mixin.py:190} INFO - Task instance is in running state
[2025-04-03T13:56:31.528+0000] {logging_mixin.py:190} INFO -  Previous state of the Task instance: queued
[2025-04-03T13:56:31.529+0000] {logging_mixin.py:190} INFO - Current task name:fetch_news_articles state:running start_date:2025-04-03 13:56:31.329460+00:00
[2025-04-03T13:56:31.529+0000] {logging_mixin.py:190} INFO - Dag name:news_api_collection and current dag run status:running
[2025-04-03T13:56:31.530+0000] {taskinstance.py:732} INFO - ::endgroup::
[2025-04-03T13:56:32.581+0000] {document_converter.py:269} INFO - Going to convert document batch...
[2025-04-03T13:56:32.582+0000] {document_converter.py:304} INFO - Initializing pipeline for SimplePipeline with options hash 4cc01982ae99b46a2a63fcda46c47c35
[2025-04-03T13:56:32.583+0000] {base_pipeline.py:38} INFO - Processing document no-batteries-and-less-in-the-package-here-are-the-way-us-companies-are-trying-to-avoid-tariffs-profit-cuts
[2025-04-03T13:56:32.634+0000] {document_converter.py:284} INFO - Finished converting document no-batteries-and-less-in-the-package-here-are-the-way-us-companies-are-trying-to-avoid-tariffs-profit-cuts in 0.67 sec.
[2025-04-03T13:56:33.702+0000] {document_converter.py:269} INFO - Going to convert document batch...
[2025-04-03T13:56:33.703+0000] {document_converter.py:304} INFO - Initializing pipeline for SimplePipeline with options hash 4cc01982ae99b46a2a63fcda46c47c35
[2025-04-03T13:56:33.704+0000] {base_pipeline.py:38} INFO - Processing document u-s-cisa-adds-apache-tomcat-flaw-known-exploited-vulnerabilities-catalog.html
[2025-04-03T13:56:40.445+0000] {document_converter.py:284} INFO - Finished converting document u-s-cisa-adds-apache-tomcat-flaw-known-exploited-vulnerabilities-catalog.html in 7.72 sec.
[2025-04-03T13:56:41.045+0000] {document_converter.py:269} INFO - Going to convert document batch...
[2025-04-03T13:56:41.046+0000] {document_converter.py:304} INFO - Initializing pipeline for SimplePipeline with options hash 4cc01982ae99b46a2a63fcda46c47c35
[2025-04-03T13:56:41.047+0000] {base_pipeline.py:38} INFO - Processing document Manuka-Honey-Market-Valuation-is-Reaching-New-High-and-is-Set-to-Attain-valuation-of-USD-816-55-Million-by-2033-Astute-Analytica.html
[2025-04-03T13:56:41.065+0000] {document_converter.py:284} INFO - Finished converting document Manuka-Honey-Market-Valuation-is-Reaching-New-High-and-is-Set-to-Attain-valuation-of-USD-816-55-Million-by-2033-Astute-Analytica.html in 0.50 sec.
[2025-04-03T13:56:41.455+0000] {document_converter.py:269} INFO - Going to convert document batch...
[2025-04-03T13:56:41.455+0000] {document_converter.py:304} INFO - Initializing pipeline for SimplePipeline with options hash 4cc01982ae99b46a2a63fcda46c47c35
[2025-04-03T13:56:41.456+0000] {base_pipeline.py:38} INFO - Processing document E-Ink-and-AUO-Display-Plus-to-Form-Joint-Venture-for-Large-Sized-ePaper-Module-Production.html
[2025-04-03T13:56:41.460+0000] {document_converter.py:284} INFO - Finished converting document E-Ink-and-AUO-Display-Plus-to-Form-Joint-Venture-for-Large-Sized-ePaper-Module-Production.html in 0.36 sec.
[2025-04-03T13:56:41.923+0000] {document_converter.py:269} INFO - Going to convert document batch...
[2025-04-03T13:56:41.923+0000] {document_converter.py:304} INFO - Initializing pipeline for SimplePipeline with options hash 4cc01982ae99b46a2a63fcda46c47c35
[2025-04-03T13:56:41.924+0000] {base_pipeline.py:38} INFO - Processing document India-BPO-Services-Market-to-Hit-Valuation-of-US-139-35-Billion-by-2033-Astute-Analytica.html
[2025-04-03T13:56:41.940+0000] {document_converter.py:284} INFO - Finished converting document India-BPO-Services-Market-to-Hit-Valuation-of-US-139-35-Billion-by-2033-Astute-Analytica.html in 0.47 sec.
[2025-04-03T13:56:42.460+0000] {document_converter.py:269} INFO - Going to convert document batch...
[2025-04-03T13:56:42.460+0000] {document_converter.py:304} INFO - Initializing pipeline for SimplePipeline with options hash 4cc01982ae99b46a2a63fcda46c47c35
[2025-04-03T13:56:42.461+0000] {base_pipeline.py:38} INFO - Processing document Circana-s-Liquid-Supply-Chain-Solution-Creates-an-Inventory-Command-Center-for-Cross-Retailer-Insights.html
[2025-04-03T13:56:42.464+0000] {document_converter.py:284} INFO - Finished converting document Circana-s-Liquid-Supply-Chain-Solution-Creates-an-Inventory-Command-Center-for-Cross-Retailer-Insights.html in 0.48 sec.
[2025-04-03T13:56:46.529+0000] {document_converter.py:269} INFO - Going to convert document batch...
[2025-04-03T13:56:46.530+0000] {document_converter.py:304} INFO - Initializing pipeline for SimplePipeline with options hash 4cc01982ae99b46a2a63fcda46c47c35
[2025-04-03T13:56:46.531+0000] {base_pipeline.py:38} INFO - Processing document qvc-is-betting-on-tiktok-to-help-revive-its-live-shopping-business.html
[2025-04-03T13:56:46.577+0000] {document_converter.py:284} INFO - Finished converting document qvc-is-betting-on-tiktok-to-help-revive-its-live-shopping-business.html in 4.10 sec.
[2025-04-03T13:56:47.197+0000] {document_converter.py:269} INFO - Going to convert document batch...
[2025-04-03T13:56:47.197+0000] {document_converter.py:304} INFO - Initializing pipeline for SimplePipeline with options hash 4cc01982ae99b46a2a63fcda46c47c35
[2025-04-03T13:56:47.198+0000] {base_pipeline.py:38} INFO - Processing document a616185087.html
[2025-04-03T13:56:47.796+0000] {document_converter.py:284} INFO - Finished converting document a616185087.html in 1.18 sec.
[2025-04-03T13:56:48.515+0000] {document_converter.py:269} INFO - Going to convert document batch...
[2025-04-03T13:56:48.516+0000] {document_converter.py:304} INFO - Initializing pipeline for SimplePipeline with options hash 4cc01982ae99b46a2a63fcda46c47c35
[2025-04-03T13:56:48.516+0000] {base_pipeline.py:38} INFO - Processing document a616185087.html
[2025-04-03T13:56:48.575+0000] {document_converter.py:284} INFO - Finished converting document a616185087.html in 0.70 sec.
[2025-04-03T13:56:49.192+0000] {document_converter.py:269} INFO - Going to convert document batch...
[2025-04-03T13:56:49.192+0000] {document_converter.py:304} INFO - Initializing pipeline for SimplePipeline with options hash 4cc01982ae99b46a2a63fcda46c47c35
[2025-04-03T13:56:49.193+0000] {base_pipeline.py:38} INFO - Processing document vanguard-group-inc-grows-stock-position-in-gxo-logistics-inc-nysegxo
[2025-04-03T13:56:49.202+0000] {document_converter.py:284} INFO - Finished converting document vanguard-group-inc-grows-stock-position-in-gxo-logistics-inc-nysegxo in 0.57 sec.
[2025-04-03T13:56:50.577+0000] {document_converter.py:269} INFO - Going to convert document batch...
[2025-04-03T13:56:50.577+0000] {document_converter.py:304} INFO - Initializing pipeline for SimplePipeline with options hash 4cc01982ae99b46a2a63fcda46c47c35
[2025-04-03T13:56:50.578+0000] {base_pipeline.py:38} INFO - Processing document why-real-time-bidding-is-retail-medias-next-frontier
[2025-04-03T13:56:50.626+0000] {document_converter.py:284} INFO - Finished converting document why-real-time-bidding-is-retail-medias-next-frontier in 1.41 sec.
[2025-04-03T13:56:51.285+0000] {document_converter.py:269} INFO - Going to convert document batch...
[2025-04-03T13:56:51.286+0000] {document_converter.py:304} INFO - Initializing pipeline for SimplePipeline with options hash 4cc01982ae99b46a2a63fcda46c47c35
[2025-04-03T13:56:51.287+0000] {base_pipeline.py:38} INFO - Processing document a616185087.html
[2025-04-03T13:56:51.344+0000] {document_converter.py:284} INFO - Finished converting document a616185087.html in 0.68 sec.
[2025-04-03T13:56:51.945+0000] {document_converter.py:269} INFO - Going to convert document batch...
[2025-04-03T13:56:51.946+0000] {document_converter.py:304} INFO - Initializing pipeline for SimplePipeline with options hash 4cc01982ae99b46a2a63fcda46c47c35
[2025-04-03T13:56:51.946+0000] {base_pipeline.py:38} INFO - Processing document a616185087.html
[2025-04-03T13:56:52.013+0000] {document_converter.py:284} INFO - Finished converting document a616185087.html in 0.57 sec.
[2025-04-03T13:56:53.639+0000] {document_converter.py:269} INFO - Going to convert document batch...
[2025-04-03T13:56:53.639+0000] {document_converter.py:304} INFO - Initializing pipeline for SimplePipeline with options hash 4cc01982ae99b46a2a63fcda46c47c35
[2025-04-03T13:56:53.640+0000] {base_pipeline.py:38} INFO - Processing document the-richest-billionaire-in-each-country-2025
[2025-04-03T13:56:53.744+0000] {document_converter.py:284} INFO - Finished converting document the-richest-billionaire-in-each-country-2025 in 1.67 sec.
[2025-04-03T13:57:00.649+0000] {document_converter.py:269} INFO - Going to convert document batch...
[2025-04-03T13:57:00.650+0000] {document_converter.py:304} INFO - Initializing pipeline for SimplePipeline with options hash 4cc01982ae99b46a2a63fcda46c47c35
[2025-04-03T13:57:00.651+0000] {base_pipeline.py:38} INFO - Processing document tariffs-last-thing-apparel-industry-100055358.html
[2025-04-03T13:57:00.723+0000] {document_converter.py:284} INFO - Finished converting document tariffs-last-thing-apparel-industry-100055358.html in 6.89 sec.
[2025-04-03T13:57:01.467+0000] {document_converter.py:269} INFO - Going to convert document batch...
[2025-04-03T13:57:01.468+0000] {document_converter.py:304} INFO - Initializing pipeline for SimplePipeline with options hash 4cc01982ae99b46a2a63fcda46c47c35
[2025-04-03T13:57:01.469+0000] {base_pipeline.py:38} INFO - Processing document 119901522.cms
[2025-04-03T13:57:01.486+0000] {document_converter.py:284} INFO - Finished converting document 119901522.cms in 0.63 sec.
[2025-04-03T13:57:03.019+0000] {document_converter.py:269} INFO - Going to convert document batch...
[2025-04-03T13:57:03.019+0000] {document_converter.py:304} INFO - Initializing pipeline for SimplePipeline with options hash 4cc01982ae99b46a2a63fcda46c47c35
[2025-04-03T13:57:03.020+0000] {base_pipeline.py:38} INFO - Processing document beyond-chatbots-domain-specific-genai
[2025-04-03T13:57:03.056+0000] {document_converter.py:284} INFO - Finished converting document beyond-chatbots-domain-specific-genai in 1.53 sec.
[2025-04-03T13:57:04.540+0000] {document_converter.py:269} INFO - Going to convert document batch...
[2025-04-03T13:57:04.541+0000] {document_converter.py:304} INFO - Initializing pipeline for SimplePipeline with options hash 4cc01982ae99b46a2a63fcda46c47c35
[2025-04-03T13:57:04.542+0000] {base_pipeline.py:38} INFO - Processing document apple-backported-fixes-for-three-actively-exploited-flaws-to-older-devices.html
[2025-04-03T13:57:10.897+0000] {document_converter.py:284} INFO - Finished converting document apple-backported-fixes-for-three-actively-exploited-flaws-to-older-devices.html in 7.77 sec.
[2025-04-03T13:57:11.339+0000] {document_converter.py:269} INFO - Going to convert document batch...
[2025-04-03T13:57:11.339+0000] {document_converter.py:304} INFO - Initializing pipeline for SimplePipeline with options hash 4cc01982ae99b46a2a63fcda46c47c35
[2025-04-03T13:57:11.340+0000] {base_pipeline.py:38} INFO - Processing document companies-climate-plans-trump-earnings-greenhushing
[2025-04-03T13:57:11.358+0000] {document_converter.py:284} INFO - Finished converting document companies-climate-plans-trump-earnings-greenhushing in 0.36 sec.
[2025-04-03T13:57:11.667+0000] {document_converter.py:269} INFO - Going to convert document batch...
[2025-04-03T13:57:11.668+0000] {document_converter.py:304} INFO - Initializing pipeline for SimplePipeline with options hash 4cc01982ae99b46a2a63fcda46c47c35
[2025-04-03T13:57:11.668+0000] {base_pipeline.py:38} INFO - Processing document specsavers_oracle_ebs_standardization
[2025-04-03T13:57:11.683+0000] {document_converter.py:284} INFO - Finished converting document specsavers_oracle_ebs_standardization in 0.30 sec.
[2025-04-03T13:57:12.356+0000] {document_converter.py:269} INFO - Going to convert document batch...
[2025-04-03T13:57:12.357+0000] {document_converter.py:304} INFO - Initializing pipeline for SimplePipeline with options hash 4cc01982ae99b46a2a63fcda46c47c35
[2025-04-03T13:57:12.357+0000] {base_pipeline.py:38} INFO - Processing document United-States-Coffee-Market-Companies-Shares-Analysis-Report-2025-2033-Featuring-Nestle-Eight-O-Clock-Coffee-Company-Kraft-Heinz-Co-The-J-M-Smucker-Co-Fresh-Roasted-Coffee-More.html
[2025-04-03T13:57:12.367+0000] {document_converter.py:284} INFO - Finished converting document United-States-Coffee-Market-Companies-Shares-Analysis-Report-2025-2033-Featuring-Nestle-Eight-O-Clock-Coffee-Company-Kraft-Heinz-Co-The-J-M-Smucker-Co-Fresh-Roasted-Coffee-More.html in 0.65 sec.
[2025-04-03T13:57:12.744+0000] {document_converter.py:269} INFO - Going to convert document batch...
[2025-04-03T13:57:12.745+0000] {document_converter.py:304} INFO - Initializing pipeline for SimplePipeline with options hash 4cc01982ae99b46a2a63fcda46c47c35
[2025-04-03T13:57:12.746+0000] {base_pipeline.py:38} INFO - Processing document Latest-Global-Water-Filtration-Systems-Market-Size-Share-Worth-USD-35-18-Billion-by-2034-at-a-9-61-CAGR-Custom-Market-Insights-Analysis-Outlook-Leaders-Report-Trends-Forecast-Segme.html
[2025-04-03T13:57:12.770+0000] {document_converter.py:284} INFO - Finished converting document Latest-Global-Water-Filtration-Systems-Market-Size-Share-Worth-USD-35-18-Billion-by-2034-at-a-9-61-CAGR-Custom-Market-Insights-Analysis-Outlook-Leaders-Report-Trends-Forecast-Segme.html in 0.39 sec.
[2025-04-03T13:57:13.197+0000] {document_converter.py:269} INFO - Going to convert document batch...
[2025-04-03T13:57:13.198+0000] {document_converter.py:304} INFO - Initializing pipeline for SimplePipeline with options hash 4cc01982ae99b46a2a63fcda46c47c35
[2025-04-03T13:57:13.198+0000] {base_pipeline.py:38} INFO - Processing document Cloud-Services-Industry-Analysis-2025-2030-Global-Revenues-Set-to-Triple-Reaching-US-2-9-Trillion-by-2030-Asia-Pacific-s-Rapid-Industrialization-and-Digitalization-Drive-Explosive-.html
[2025-04-03T13:57:13.212+0000] {document_converter.py:284} INFO - Finished converting document Cloud-Services-Industry-Analysis-2025-2030-Global-Revenues-Set-to-Triple-Reaching-US-2-9-Trillion-by-2030-Asia-Pacific-s-Rapid-Industrialization-and-Digitalization-Drive-Explosive-.html in 0.38 sec.
[2025-04-03T13:57:13.594+0000] {document_converter.py:269} INFO - Going to convert document batch...
[2025-04-03T13:57:13.594+0000] {document_converter.py:304} INFO - Initializing pipeline for SimplePipeline with options hash 4cc01982ae99b46a2a63fcda46c47c35
[2025-04-03T13:57:13.595+0000] {base_pipeline.py:38} INFO - Processing document Rain-Gutters-Market-and-Companies-Analysis-Report-2025-Regulatory-Changes-and-Water-Conservation-Efforts-Fuel-Demand-for-Advanced-Rain-Gutter-Systems-Industry-to-Reach-11-39-Billio.html
[2025-04-03T13:57:13.608+0000] {document_converter.py:284} INFO - Finished converting document Rain-Gutters-Market-and-Companies-Analysis-Report-2025-Regulatory-Changes-and-Water-Conservation-Efforts-Fuel-Demand-for-Advanced-Rain-Gutter-Systems-Industry-to-Reach-11-39-Billio.html in 0.37 sec.
[2025-04-03T13:57:14.050+0000] {document_converter.py:269} INFO - Going to convert document batch...
[2025-04-03T13:57:14.051+0000] {document_converter.py:304} INFO - Initializing pipeline for SimplePipeline with options hash 4cc01982ae99b46a2a63fcda46c47c35
[2025-04-03T13:57:14.052+0000] {base_pipeline.py:38} INFO - Processing document U-S-Meat-Market-Review-2020-2024-Analysis-2025-and-Forecast-to-2029-Poultry-Led-Market-Growth-in-2024-While-Beef-Sees-New-Opportunities-from-Changing-Demographics.html
[2025-04-03T13:57:14.062+0000] {document_converter.py:284} INFO - Finished converting document U-S-Meat-Market-Review-2020-2024-Analysis-2025-and-Forecast-to-2029-Poultry-Led-Market-Growth-in-2024-While-Beef-Sees-New-Opportunities-from-Changing-Demographics.html in 0.44 sec.
[2025-04-03T13:57:14.683+0000] {document_converter.py:269} INFO - Going to convert document batch...
[2025-04-03T13:57:14.684+0000] {document_converter.py:304} INFO - Initializing pipeline for SimplePipeline with options hash 4cc01982ae99b46a2a63fcda46c47c35
[2025-04-03T13:57:14.685+0000] {base_pipeline.py:38} INFO - Processing document gxo-logistics-inc-nysegxo-position-decreased-by-sei-investments-co
[2025-04-03T13:57:14.695+0000] {document_converter.py:284} INFO - Finished converting document gxo-logistics-inc-nysegxo-position-decreased-by-sei-investments-co in 0.61 sec.
[2025-04-03T13:57:15.710+0000] {document_converter.py:269} INFO - Going to convert document batch...
[2025-04-03T13:57:15.711+0000] {document_converter.py:304} INFO - Initializing pipeline for SimplePipeline with options hash 4cc01982ae99b46a2a63fcda46c47c35
[2025-04-03T13:57:15.711+0000] {base_pipeline.py:38} INFO - Processing document spike-in-palo-alto-networks-scanner-activity-suggests-imminent-cyber-threats.html
[2025-04-03T13:57:22.307+0000] {document_converter.py:284} INFO - Finished converting document spike-in-palo-alto-networks-scanner-activity-suggests-imminent-cyber-threats.html in 7.60 sec.
[2025-04-03T13:57:24.428+0000] {document_converter.py:269} INFO - Going to convert document batch...
[2025-04-03T13:57:24.429+0000] {document_converter.py:304} INFO - Initializing pipeline for SimplePipeline with options hash 4cc01982ae99b46a2a63fcda46c47c35
[2025-04-03T13:57:24.430+0000] {base_pipeline.py:38} INFO - Processing document unipart-announces-record-performance-for-year-ending-31-december-2024
[2025-04-03T13:57:24.476+0000] {document_converter.py:284} INFO - Finished converting document unipart-announces-record-performance-for-year-ending-31-december-2024 in 2.08 sec.
[2025-04-03T13:57:24.995+0000] {document_converter.py:269} INFO - Going to convert document batch...
[2025-04-03T13:57:24.996+0000] {document_converter.py:304} INFO - Initializing pipeline for SimplePipeline with options hash 4cc01982ae99b46a2a63fcda46c47c35
[2025-04-03T13:57:24.997+0000] {base_pipeline.py:38} INFO - Processing document Unipart-announces-record-performance-for-year-ending-31-December-2024.html
[2025-04-03T13:57:25.002+0000] {document_converter.py:284} INFO - Finished converting document Unipart-announces-record-performance-for-year-ending-31-December-2024.html in 0.46 sec.
[2025-04-03T13:57:25.412+0000] {document_converter.py:269} INFO - Going to convert document batch...
[2025-04-03T13:57:25.412+0000] {document_converter.py:304} INFO - Initializing pipeline for SimplePipeline with options hash 4cc01982ae99b46a2a63fcda46c47c35
[2025-04-03T13:57:25.413+0000] {base_pipeline.py:38} INFO - Processing document weikfield-foods-ready-mixes-younger-customers-ipo-acquisitions-expansion-plans-11743564739023.html
[2025-04-03T13:57:25.463+0000] {document_converter.py:284} INFO - Finished converting document weikfield-foods-ready-mixes-younger-customers-ipo-acquisitions-expansion-plans-11743564739023.html in 0.45 sec.
[2025-04-03T13:57:26.071+0000] {document_converter.py:269} INFO - Going to convert document batch...
[2025-04-03T13:57:26.071+0000] {document_converter.py:304} INFO - Initializing pipeline for SimplePipeline with options hash 4cc01982ae99b46a2a63fcda46c47c35
[2025-04-03T13:57:26.072+0000] {base_pipeline.py:38} INFO - Processing document brokerages-set-cencora-inc-nysecor-target-price-at-280-20
[2025-04-03T13:57:26.081+0000] {document_converter.py:284} INFO - Finished converting document brokerages-set-cencora-inc-nysecor-target-price-at-280-20 in 0.58 sec.
[2025-04-03T13:57:26.529+0000] {document_converter.py:269} INFO - Going to convert document batch...
[2025-04-03T13:57:26.529+0000] {document_converter.py:304} INFO - Initializing pipeline for SimplePipeline with options hash 4cc01982ae99b46a2a63fcda46c47c35
[2025-04-03T13:57:26.530+0000] {base_pipeline.py:38} INFO - Processing document influencers-livestreams-and-vr-shopping-the-six-trends-that-ensure-a-competitive-advantage-in-e-commerce
[2025-04-03T13:57:26.551+0000] {html_backend.py:136} ERROR - Error processing child from tag div: KeyError(-1)
[2025-04-03T13:57:26.552+0000] {html_backend.py:136} ERROR - Error processing child from tag div: KeyError(-1)
[2025-04-03T13:57:26.552+0000] {html_backend.py:136} ERROR - Error processing child from tag nav: KeyError(-1)
[2025-04-03T13:57:26.552+0000] {html_backend.py:136} ERROR - Error processing child from tag div: KeyError(-1)
[2025-04-03T13:57:26.552+0000] {html_backend.py:136} ERROR - Error processing child from tag body: KeyError(-1)
[2025-04-03T13:57:26.553+0000] {taskinstance.py:3313} ERROR - Task failed with exception
Traceback (most recent call last):
  File "/home/hamza/Documents/project/Mlops/myenv/lib/python3.12/site-packages/airflow/models/taskinstance.py", line 768, in _execute_task
    result = _execute_callable(context=context, **execute_callable_kwargs)
             ^^^^^^^^^^^^^^^^^^^^^^^^^^^^^^^^^^^^^^^^^^^^^^^^^^^^^^^^^^^^^
  File "/home/hamza/Documents/project/Mlops/myenv/lib/python3.12/site-packages/airflow/models/taskinstance.py", line 734, in _execute_callable
    return ExecutionCallableRunner(
           ^^^^^^^^^^^^^^^^^^^^^^^^
  File "/home/hamza/Documents/project/Mlops/myenv/lib/python3.12/site-packages/airflow/utils/operator_helpers.py", line 252, in run
    return self.func(*args, **kwargs)
           ^^^^^^^^^^^^^^^^^^^^^^^^^^
  File "/home/hamza/Documents/project/Mlops/myenv/lib/python3.12/site-packages/airflow/models/baseoperator.py", line 424, in wrapper
    return func(self, *args, **kwargs)
           ^^^^^^^^^^^^^^^^^^^^^^^^^^^
  File "/home/hamza/Documents/project/Mlops/myenv/lib/python3.12/site-packages/airflow/operators/python.py", line 238, in execute
    return_value = self.execute_callable()
                   ^^^^^^^^^^^^^^^^^^^^^^^
  File "/home/hamza/Documents/project/Mlops/myenv/lib/python3.12/site-packages/airflow/operators/python.py", line 256, in execute_callable
    return runner.run(*self.op_args, **self.op_kwargs)
           ^^^^^^^^^^^^^^^^^^^^^^^^^^^^^^^^^^^^^^^^^^^
  File "/home/hamza/Documents/project/Mlops/myenv/lib/python3.12/site-packages/airflow/utils/operator_helpers.py", line 252, in run
    return self.func(*args, **kwargs)
           ^^^^^^^^^^^^^^^^^^^^^^^^^^
  File "/home/hamza/Documents/project/Mlops/airflow/dags/news_scrapper.py", line 82, in fetch_news_articles
    article['content_md']=DC.convert(source, max_num_pages=5).document.export_to_markdown()
                          ^^^^^^^^^^^^^^^^^^^^^^^^^^^^^^^^^^^
  File "/home/hamza/Documents/project/Mlops/myenv/lib/python3.12/site-packages/pydantic/_internal/_validate_call.py", line 39, in wrapper_function
    return wrapper(*args, **kwargs)
           ^^^^^^^^^^^^^^^^^^^^^^^^
  File "/home/hamza/Documents/project/Mlops/myenv/lib/python3.12/site-packages/pydantic/_internal/_validate_call.py", line 136, in __call__
    res = self.__pydantic_validator__.validate_python(pydantic_core.ArgsKwargs(args, kwargs))
          ^^^^^^^^^^^^^^^^^^^^^^^^^^^^^^^^^^^^^^^^^^^^^^^^^^^^^^^^^^^^^^^^^^^^^^^^^^^^^^^^^^^
  File "/home/hamza/Documents/project/Mlops/myenv/lib/python3.12/site-packages/docling/document_converter.py", line 220, in convert
    return next(all_res)
           ^^^^^^^^^^^^^
  File "/home/hamza/Documents/project/Mlops/myenv/lib/python3.12/site-packages/docling/document_converter.py", line 243, in convert_all
    for conv_res in conv_res_iter:
  File "/home/hamza/Documents/project/Mlops/myenv/lib/python3.12/site-packages/docling/document_converter.py", line 278, in _convert
    for item in map(
  File "/home/hamza/Documents/project/Mlops/myenv/lib/python3.12/site-packages/docling/document_converter.py", line 324, in _process_document
    conv_res = self._execute_pipeline(in_doc, raises_on_error=raises_on_error)
               ^^^^^^^^^^^^^^^^^^^^^^^^^^^^^^^^^^^^^^^^^^^^^^^^^^^^^^^^^^^^^^^
  File "/home/hamza/Documents/project/Mlops/myenv/lib/python3.12/site-packages/docling/document_converter.py", line 347, in _execute_pipeline
    conv_res = pipeline.execute(in_doc, raises_on_error=raises_on_error)
               ^^^^^^^^^^^^^^^^^^^^^^^^^^^^^^^^^^^^^^^^^^^^^^^^^^^^^^^^^
  File "/home/hamza/Documents/project/Mlops/myenv/lib/python3.12/site-packages/docling/pipeline/base_pipeline.py", line 53, in execute
    raise e
  File "/home/hamza/Documents/project/Mlops/myenv/lib/python3.12/site-packages/docling/pipeline/base_pipeline.py", line 45, in execute
    conv_res = self._build_document(conv_res)
               ^^^^^^^^^^^^^^^^^^^^^^^^^^^^^^
  File "/home/hamza/Documents/project/Mlops/myenv/lib/python3.12/site-packages/docling/pipeline/simple_pipeline.py", line 41, in _build_document
    conv_res.document = conv_res.input._backend.convert()
                        ^^^^^^^^^^^^^^^^^^^^^^^^^^^^^^^^^
  File "/home/hamza/Documents/project/Mlops/myenv/lib/python3.12/site-packages/docling/backend/html_backend.py", line 119, in convert
    self.walk(content, doc)
  File "/home/hamza/Documents/project/Mlops/myenv/lib/python3.12/site-packages/docling/backend/html_backend.py", line 139, in walk
    raise exc_child
  File "/home/hamza/Documents/project/Mlops/myenv/lib/python3.12/site-packages/docling/backend/html_backend.py", line 134, in walk
    self.analyze_tag(cast(Tag, element), doc)
  File "/home/hamza/Documents/project/Mlops/myenv/lib/python3.12/site-packages/docling/backend/html_backend.py", line 181, in analyze_tag
    self.walk(tag, doc)
  File "/home/hamza/Documents/project/Mlops/myenv/lib/python3.12/site-packages/docling/backend/html_backend.py", line 139, in walk
    raise exc_child
  File "/home/hamza/Documents/project/Mlops/myenv/lib/python3.12/site-packages/docling/backend/html_backend.py", line 134, in walk
    self.analyze_tag(cast(Tag, element), doc)
  File "/home/hamza/Documents/project/Mlops/myenv/lib/python3.12/site-packages/docling/backend/html_backend.py", line 181, in analyze_tag
    self.walk(tag, doc)
  File "/home/hamza/Documents/project/Mlops/myenv/lib/python3.12/site-packages/docling/backend/html_backend.py", line 139, in walk
    raise exc_child
  File "/home/hamza/Documents/project/Mlops/myenv/lib/python3.12/site-packages/docling/backend/html_backend.py", line 134, in walk
    self.analyze_tag(cast(Tag, element), doc)
  File "/home/hamza/Documents/project/Mlops/myenv/lib/python3.12/site-packages/docling/backend/html_backend.py", line 181, in analyze_tag
    self.walk(tag, doc)
  File "/home/hamza/Documents/project/Mlops/myenv/lib/python3.12/site-packages/docling/backend/html_backend.py", line 139, in walk
    raise exc_child
  File "/home/hamza/Documents/project/Mlops/myenv/lib/python3.12/site-packages/docling/backend/html_backend.py", line 134, in walk
    self.analyze_tag(cast(Tag, element), doc)
  File "/home/hamza/Documents/project/Mlops/myenv/lib/python3.12/site-packages/docling/backend/html_backend.py", line 181, in analyze_tag
    self.walk(tag, doc)
  File "/home/hamza/Documents/project/Mlops/myenv/lib/python3.12/site-packages/docling/backend/html_backend.py", line 139, in walk
    raise exc_child
  File "/home/hamza/Documents/project/Mlops/myenv/lib/python3.12/site-packages/docling/backend/html_backend.py", line 134, in walk
    self.analyze_tag(cast(Tag, element), doc)
  File "/home/hamza/Documents/project/Mlops/myenv/lib/python3.12/site-packages/docling/backend/html_backend.py", line 171, in analyze_tag
    self.handle_list(tag, doc)
  File "/home/hamza/Documents/project/Mlops/myenv/lib/python3.12/site-packages/docling/backend/html_backend.py", line 281, in handle_list
    parent=self.parents[self.level],
           ~~~~~~~~~~~~^^^^^^^^^^^^
KeyError: -1
[2025-04-03T13:57:26.567+0000] {logging_mixin.py:190} INFO - Task instance in failure state
[2025-04-03T13:57:26.568+0000] {logging_mixin.py:190} INFO - Task start:2025-04-03 13:56:31.329460+00:00 end:2025-04-03 13:57:26.567084+00:00 duration:55.237624
[2025-04-03T13:57:26.568+0000] {logging_mixin.py:190} INFO - Task:<Task(PythonOperator): fetch_news_articles> dag:<DAG: news_api_collection> dagrun:<DagRun news_api_collection @ 2025-04-03 13:54:28.177967+00:00: manual__2025-04-03T13:54:28.177967+00:00, state:running, queued_at: 2025-04-03 13:54:28.233592+00:00. externally triggered: True>
[2025-04-03T13:57:26.569+0000] {logging_mixin.py:190} INFO - Failure caused by -1
[2025-04-03T13:57:26.569+0000] {taskinstance.py:1226} INFO - Marking task as UP_FOR_RETRY. dag_id=news_api_collection, task_id=fetch_news_articles, run_id=manual__2025-04-03T13:54:28.177967+00:00, execution_date=20250403T135428, start_date=20250403T135631, end_date=20250403T135726
[2025-04-03T13:57:26.600+0000] {taskinstance.py:341} INFO - ::group::Post task execution logs
[2025-04-03T13:57:26.601+0000] {standard_task_runner.py:124} ERROR - Failed to execute job 4 for task fetch_news_articles (-1; 108015)
Traceback (most recent call last):
  File "/home/hamza/Documents/project/Mlops/myenv/lib/python3.12/site-packages/airflow/task/task_runner/standard_task_runner.py", line 117, in _start_by_fork
    ret = args.func(args, dag=self.dag)
          ^^^^^^^^^^^^^^^^^^^^^^^^^^^^^
  File "/home/hamza/Documents/project/Mlops/myenv/lib/python3.12/site-packages/airflow/cli/cli_config.py", line 49, in command
    return func(*args, **kwargs)
           ^^^^^^^^^^^^^^^^^^^^^
  File "/home/hamza/Documents/project/Mlops/myenv/lib/python3.12/site-packages/airflow/utils/cli.py", line 116, in wrapper
    return f(*args, **kwargs)
           ^^^^^^^^^^^^^^^^^^
  File "/home/hamza/Documents/project/Mlops/myenv/lib/python3.12/site-packages/airflow/cli/commands/task_command.py", line 483, in task_run
    task_return_code = _run_task_by_selected_method(args, _dag, ti)
                       ^^^^^^^^^^^^^^^^^^^^^^^^^^^^^^^^^^^^^^^^^^^^
  File "/home/hamza/Documents/project/Mlops/myenv/lib/python3.12/site-packages/airflow/cli/commands/task_command.py", line 256, in _run_task_by_selected_method
    return _run_raw_task(args, ti)
           ^^^^^^^^^^^^^^^^^^^^^^^
  File "/home/hamza/Documents/project/Mlops/myenv/lib/python3.12/site-packages/airflow/cli/commands/task_command.py", line 341, in _run_raw_task
    return ti._run_raw_task(
           ^^^^^^^^^^^^^^^^^
  File "/home/hamza/Documents/project/Mlops/myenv/lib/python3.12/site-packages/airflow/utils/session.py", line 97, in wrapper
    return func(*args, session=session, **kwargs)
           ^^^^^^^^^^^^^^^^^^^^^^^^^^^^^^^^^^^^^^
  File "/home/hamza/Documents/project/Mlops/myenv/lib/python3.12/site-packages/airflow/models/taskinstance.py", line 3006, in _run_raw_task
    return _run_raw_task(
           ^^^^^^^^^^^^^^
  File "/home/hamza/Documents/project/Mlops/myenv/lib/python3.12/site-packages/airflow/models/taskinstance.py", line 274, in _run_raw_task
    TaskInstance._execute_task_with_callbacks(
  File "/home/hamza/Documents/project/Mlops/myenv/lib/python3.12/site-packages/airflow/models/taskinstance.py", line 3161, in _execute_task_with_callbacks
    result = self._execute_task(context, task_orig)
             ^^^^^^^^^^^^^^^^^^^^^^^^^^^^^^^^^^^^^^
  File "/home/hamza/Documents/project/Mlops/myenv/lib/python3.12/site-packages/airflow/models/taskinstance.py", line 3185, in _execute_task
    return _execute_task(self, context, task_orig)
           ^^^^^^^^^^^^^^^^^^^^^^^^^^^^^^^^^^^^^^^
  File "/home/hamza/Documents/project/Mlops/myenv/lib/python3.12/site-packages/airflow/models/taskinstance.py", line 768, in _execute_task
    result = _execute_callable(context=context, **execute_callable_kwargs)
             ^^^^^^^^^^^^^^^^^^^^^^^^^^^^^^^^^^^^^^^^^^^^^^^^^^^^^^^^^^^^^
  File "/home/hamza/Documents/project/Mlops/myenv/lib/python3.12/site-packages/airflow/models/taskinstance.py", line 734, in _execute_callable
    return ExecutionCallableRunner(
           ^^^^^^^^^^^^^^^^^^^^^^^^
  File "/home/hamza/Documents/project/Mlops/myenv/lib/python3.12/site-packages/airflow/utils/operator_helpers.py", line 252, in run
    return self.func(*args, **kwargs)
           ^^^^^^^^^^^^^^^^^^^^^^^^^^
  File "/home/hamza/Documents/project/Mlops/myenv/lib/python3.12/site-packages/airflow/models/baseoperator.py", line 424, in wrapper
    return func(self, *args, **kwargs)
           ^^^^^^^^^^^^^^^^^^^^^^^^^^^
  File "/home/hamza/Documents/project/Mlops/myenv/lib/python3.12/site-packages/airflow/operators/python.py", line 238, in execute
    return_value = self.execute_callable()
                   ^^^^^^^^^^^^^^^^^^^^^^^
  File "/home/hamza/Documents/project/Mlops/myenv/lib/python3.12/site-packages/airflow/operators/python.py", line 256, in execute_callable
    return runner.run(*self.op_args, **self.op_kwargs)
           ^^^^^^^^^^^^^^^^^^^^^^^^^^^^^^^^^^^^^^^^^^^
  File "/home/hamza/Documents/project/Mlops/myenv/lib/python3.12/site-packages/airflow/utils/operator_helpers.py", line 252, in run
    return self.func(*args, **kwargs)
           ^^^^^^^^^^^^^^^^^^^^^^^^^^
  File "/home/hamza/Documents/project/Mlops/airflow/dags/news_scrapper.py", line 82, in fetch_news_articles
    article['content_md']=DC.convert(source, max_num_pages=5).document.export_to_markdown()
                          ^^^^^^^^^^^^^^^^^^^^^^^^^^^^^^^^^^^
  File "/home/hamza/Documents/project/Mlops/myenv/lib/python3.12/site-packages/pydantic/_internal/_validate_call.py", line 39, in wrapper_function
    return wrapper(*args, **kwargs)
           ^^^^^^^^^^^^^^^^^^^^^^^^
  File "/home/hamza/Documents/project/Mlops/myenv/lib/python3.12/site-packages/pydantic/_internal/_validate_call.py", line 136, in __call__
    res = self.__pydantic_validator__.validate_python(pydantic_core.ArgsKwargs(args, kwargs))
          ^^^^^^^^^^^^^^^^^^^^^^^^^^^^^^^^^^^^^^^^^^^^^^^^^^^^^^^^^^^^^^^^^^^^^^^^^^^^^^^^^^^
  File "/home/hamza/Documents/project/Mlops/myenv/lib/python3.12/site-packages/docling/document_converter.py", line 220, in convert
    return next(all_res)
           ^^^^^^^^^^^^^
  File "/home/hamza/Documents/project/Mlops/myenv/lib/python3.12/site-packages/docling/document_converter.py", line 243, in convert_all
    for conv_res in conv_res_iter:
  File "/home/hamza/Documents/project/Mlops/myenv/lib/python3.12/site-packages/docling/document_converter.py", line 278, in _convert
    for item in map(
  File "/home/hamza/Documents/project/Mlops/myenv/lib/python3.12/site-packages/docling/document_converter.py", line 324, in _process_document
    conv_res = self._execute_pipeline(in_doc, raises_on_error=raises_on_error)
               ^^^^^^^^^^^^^^^^^^^^^^^^^^^^^^^^^^^^^^^^^^^^^^^^^^^^^^^^^^^^^^^
  File "/home/hamza/Documents/project/Mlops/myenv/lib/python3.12/site-packages/docling/document_converter.py", line 347, in _execute_pipeline
    conv_res = pipeline.execute(in_doc, raises_on_error=raises_on_error)
               ^^^^^^^^^^^^^^^^^^^^^^^^^^^^^^^^^^^^^^^^^^^^^^^^^^^^^^^^^
  File "/home/hamza/Documents/project/Mlops/myenv/lib/python3.12/site-packages/docling/pipeline/base_pipeline.py", line 53, in execute
    raise e
  File "/home/hamza/Documents/project/Mlops/myenv/lib/python3.12/site-packages/docling/pipeline/base_pipeline.py", line 45, in execute
    conv_res = self._build_document(conv_res)
               ^^^^^^^^^^^^^^^^^^^^^^^^^^^^^^
  File "/home/hamza/Documents/project/Mlops/myenv/lib/python3.12/site-packages/docling/pipeline/simple_pipeline.py", line 41, in _build_document
    conv_res.document = conv_res.input._backend.convert()
                        ^^^^^^^^^^^^^^^^^^^^^^^^^^^^^^^^^
  File "/home/hamza/Documents/project/Mlops/myenv/lib/python3.12/site-packages/docling/backend/html_backend.py", line 119, in convert
    self.walk(content, doc)
  File "/home/hamza/Documents/project/Mlops/myenv/lib/python3.12/site-packages/docling/backend/html_backend.py", line 139, in walk
    raise exc_child
  File "/home/hamza/Documents/project/Mlops/myenv/lib/python3.12/site-packages/docling/backend/html_backend.py", line 134, in walk
    self.analyze_tag(cast(Tag, element), doc)
  File "/home/hamza/Documents/project/Mlops/myenv/lib/python3.12/site-packages/docling/backend/html_backend.py", line 181, in analyze_tag
    self.walk(tag, doc)
  File "/home/hamza/Documents/project/Mlops/myenv/lib/python3.12/site-packages/docling/backend/html_backend.py", line 139, in walk
    raise exc_child
  File "/home/hamza/Documents/project/Mlops/myenv/lib/python3.12/site-packages/docling/backend/html_backend.py", line 134, in walk
    self.analyze_tag(cast(Tag, element), doc)
  File "/home/hamza/Documents/project/Mlops/myenv/lib/python3.12/site-packages/docling/backend/html_backend.py", line 181, in analyze_tag
    self.walk(tag, doc)
  File "/home/hamza/Documents/project/Mlops/myenv/lib/python3.12/site-packages/docling/backend/html_backend.py", line 139, in walk
    raise exc_child
  File "/home/hamza/Documents/project/Mlops/myenv/lib/python3.12/site-packages/docling/backend/html_backend.py", line 134, in walk
    self.analyze_tag(cast(Tag, element), doc)
  File "/home/hamza/Documents/project/Mlops/myenv/lib/python3.12/site-packages/docling/backend/html_backend.py", line 181, in analyze_tag
    self.walk(tag, doc)
  File "/home/hamza/Documents/project/Mlops/myenv/lib/python3.12/site-packages/docling/backend/html_backend.py", line 139, in walk
    raise exc_child
  File "/home/hamza/Documents/project/Mlops/myenv/lib/python3.12/site-packages/docling/backend/html_backend.py", line 134, in walk
    self.analyze_tag(cast(Tag, element), doc)
  File "/home/hamza/Documents/project/Mlops/myenv/lib/python3.12/site-packages/docling/backend/html_backend.py", line 181, in analyze_tag
    self.walk(tag, doc)
  File "/home/hamza/Documents/project/Mlops/myenv/lib/python3.12/site-packages/docling/backend/html_backend.py", line 139, in walk
    raise exc_child
  File "/home/hamza/Documents/project/Mlops/myenv/lib/python3.12/site-packages/docling/backend/html_backend.py", line 134, in walk
    self.analyze_tag(cast(Tag, element), doc)
  File "/home/hamza/Documents/project/Mlops/myenv/lib/python3.12/site-packages/docling/backend/html_backend.py", line 171, in analyze_tag
    self.handle_list(tag, doc)
  File "/home/hamza/Documents/project/Mlops/myenv/lib/python3.12/site-packages/docling/backend/html_backend.py", line 281, in handle_list
    parent=self.parents[self.level],
           ~~~~~~~~~~~~^^^^^^^^^^^^
KeyError: -1
[2025-04-03T13:57:26.694+0000] {local_task_job_runner.py:266} INFO - Task exited with return code 1
[2025-04-03T13:57:26.715+0000] {taskinstance.py:3901} INFO - 0 downstream tasks scheduled from follow-on schedule check
[2025-04-03T13:57:26.716+0000] {local_task_job_runner.py:245} INFO - ::endgroup::
