[2025-04-03T13:43:04.947+0000] {processor.py:186} INFO - Started process (PID=97990) to work on /home/hamza/Documents/project/Mlops/myenv/lib/python3.12/site-packages/airflow/example_dags/plugins/event_listener.py
[2025-04-03T13:43:04.948+0000] {processor.py:914} INFO - Processing file /home/hamza/Documents/project/Mlops/myenv/lib/python3.12/site-packages/airflow/example_dags/plugins/event_listener.py for tasks to queue
[2025-04-03T13:43:04.951+0000] {logging_mixin.py:190} INFO - [2025-04-03T13:43:04.950+0000] {dagbag.py:588} INFO - Filling up the DagBag from /home/hamza/Documents/project/Mlops/myenv/lib/python3.12/site-packages/airflow/example_dags/plugins/event_listener.py
[2025-04-03T13:43:04.955+0000] {processor.py:927} WARNING - No viable dags retrieved from /home/hamza/Documents/project/Mlops/myenv/lib/python3.12/site-packages/airflow/example_dags/plugins/event_listener.py
[2025-04-03T13:43:04.972+0000] {processor.py:208} INFO - Processing /home/hamza/Documents/project/Mlops/myenv/lib/python3.12/site-packages/airflow/example_dags/plugins/event_listener.py took 0.034 seconds
[2025-04-03T13:44:27.055+0000] {processor.py:186} INFO - Started process (PID=99022) to work on /home/hamza/Documents/project/Mlops/myenv/lib/python3.12/site-packages/airflow/example_dags/plugins/event_listener.py
[2025-04-03T13:44:27.057+0000] {processor.py:914} INFO - Processing file /home/hamza/Documents/project/Mlops/myenv/lib/python3.12/site-packages/airflow/example_dags/plugins/event_listener.py for tasks to queue
[2025-04-03T13:44:27.061+0000] {logging_mixin.py:190} INFO - [2025-04-03T13:44:27.060+0000] {dagbag.py:588} INFO - Filling up the DagBag from /home/hamza/Documents/project/Mlops/myenv/lib/python3.12/site-packages/airflow/example_dags/plugins/event_listener.py
[2025-04-03T13:44:27.065+0000] {processor.py:927} WARNING - No viable dags retrieved from /home/hamza/Documents/project/Mlops/myenv/lib/python3.12/site-packages/airflow/example_dags/plugins/event_listener.py
[2025-04-03T13:44:27.081+0000] {processor.py:208} INFO - Processing /home/hamza/Documents/project/Mlops/myenv/lib/python3.12/site-packages/airflow/example_dags/plugins/event_listener.py took 0.035 seconds
[2025-04-03T13:45:07.046+0000] {processor.py:186} INFO - Started process (PID=99649) to work on /home/hamza/Documents/project/Mlops/myenv/lib/python3.12/site-packages/airflow/example_dags/plugins/event_listener.py
[2025-04-03T13:45:07.049+0000] {processor.py:914} INFO - Processing file /home/hamza/Documents/project/Mlops/myenv/lib/python3.12/site-packages/airflow/example_dags/plugins/event_listener.py for tasks to queue
[2025-04-03T13:45:07.052+0000] {logging_mixin.py:190} INFO - [2025-04-03T13:45:07.051+0000] {dagbag.py:588} INFO - Filling up the DagBag from /home/hamza/Documents/project/Mlops/myenv/lib/python3.12/site-packages/airflow/example_dags/plugins/event_listener.py
[2025-04-03T13:45:07.056+0000] {processor.py:927} WARNING - No viable dags retrieved from /home/hamza/Documents/project/Mlops/myenv/lib/python3.12/site-packages/airflow/example_dags/plugins/event_listener.py
[2025-04-03T13:45:07.074+0000] {processor.py:208} INFO - Processing /home/hamza/Documents/project/Mlops/myenv/lib/python3.12/site-packages/airflow/example_dags/plugins/event_listener.py took 0.037 seconds
[2025-04-03T13:46:13.867+0000] {processor.py:186} INFO - Started process (PID=100208) to work on /home/hamza/Documents/project/Mlops/myenv/lib/python3.12/site-packages/airflow/example_dags/plugins/event_listener.py
[2025-04-03T13:46:13.869+0000] {processor.py:914} INFO - Processing file /home/hamza/Documents/project/Mlops/myenv/lib/python3.12/site-packages/airflow/example_dags/plugins/event_listener.py for tasks to queue
[2025-04-03T13:46:13.873+0000] {logging_mixin.py:190} INFO - [2025-04-03T13:46:13.872+0000] {dagbag.py:588} INFO - Filling up the DagBag from /home/hamza/Documents/project/Mlops/myenv/lib/python3.12/site-packages/airflow/example_dags/plugins/event_listener.py
[2025-04-03T13:46:13.878+0000] {processor.py:927} WARNING - No viable dags retrieved from /home/hamza/Documents/project/Mlops/myenv/lib/python3.12/site-packages/airflow/example_dags/plugins/event_listener.py
[2025-04-03T13:46:13.897+0000] {processor.py:208} INFO - Processing /home/hamza/Documents/project/Mlops/myenv/lib/python3.12/site-packages/airflow/example_dags/plugins/event_listener.py took 0.040 seconds
[2025-04-03T13:46:48.174+0000] {processor.py:186} INFO - Started process (PID=100608) to work on /home/hamza/Documents/project/Mlops/myenv/lib/python3.12/site-packages/airflow/example_dags/plugins/event_listener.py
[2025-04-03T13:46:48.177+0000] {processor.py:914} INFO - Processing file /home/hamza/Documents/project/Mlops/myenv/lib/python3.12/site-packages/airflow/example_dags/plugins/event_listener.py for tasks to queue
[2025-04-03T13:46:48.181+0000] {logging_mixin.py:190} INFO - [2025-04-03T13:46:48.180+0000] {dagbag.py:588} INFO - Filling up the DagBag from /home/hamza/Documents/project/Mlops/myenv/lib/python3.12/site-packages/airflow/example_dags/plugins/event_listener.py
[2025-04-03T13:46:48.185+0000] {processor.py:927} WARNING - No viable dags retrieved from /home/hamza/Documents/project/Mlops/myenv/lib/python3.12/site-packages/airflow/example_dags/plugins/event_listener.py
[2025-04-03T13:46:48.204+0000] {processor.py:208} INFO - Processing /home/hamza/Documents/project/Mlops/myenv/lib/python3.12/site-packages/airflow/example_dags/plugins/event_listener.py took 0.040 seconds
[2025-04-03T13:47:54.944+0000] {processor.py:186} INFO - Started process (PID=101441) to work on /home/hamza/Documents/project/Mlops/myenv/lib/python3.12/site-packages/airflow/example_dags/plugins/event_listener.py
[2025-04-03T13:47:54.946+0000] {processor.py:914} INFO - Processing file /home/hamza/Documents/project/Mlops/myenv/lib/python3.12/site-packages/airflow/example_dags/plugins/event_listener.py for tasks to queue
[2025-04-03T13:47:54.949+0000] {logging_mixin.py:190} INFO - [2025-04-03T13:47:54.948+0000] {dagbag.py:588} INFO - Filling up the DagBag from /home/hamza/Documents/project/Mlops/myenv/lib/python3.12/site-packages/airflow/example_dags/plugins/event_listener.py
[2025-04-03T13:47:54.953+0000] {processor.py:927} WARNING - No viable dags retrieved from /home/hamza/Documents/project/Mlops/myenv/lib/python3.12/site-packages/airflow/example_dags/plugins/event_listener.py
[2025-04-03T13:47:54.971+0000] {processor.py:208} INFO - Processing /home/hamza/Documents/project/Mlops/myenv/lib/python3.12/site-packages/airflow/example_dags/plugins/event_listener.py took 0.035 seconds
[2025-04-03T13:49:24.363+0000] {processor.py:186} INFO - Started process (PID=102674) to work on /home/hamza/Documents/project/Mlops/myenv/lib/python3.12/site-packages/airflow/example_dags/plugins/event_listener.py
[2025-04-03T13:49:24.367+0000] {processor.py:914} INFO - Processing file /home/hamza/Documents/project/Mlops/myenv/lib/python3.12/site-packages/airflow/example_dags/plugins/event_listener.py for tasks to queue
[2025-04-03T13:49:24.371+0000] {logging_mixin.py:190} INFO - [2025-04-03T13:49:24.370+0000] {dagbag.py:588} INFO - Filling up the DagBag from /home/hamza/Documents/project/Mlops/myenv/lib/python3.12/site-packages/airflow/example_dags/plugins/event_listener.py
[2025-04-03T13:49:24.375+0000] {processor.py:927} WARNING - No viable dags retrieved from /home/hamza/Documents/project/Mlops/myenv/lib/python3.12/site-packages/airflow/example_dags/plugins/event_listener.py
[2025-04-03T13:49:24.394+0000] {processor.py:208} INFO - Processing /home/hamza/Documents/project/Mlops/myenv/lib/python3.12/site-packages/airflow/example_dags/plugins/event_listener.py took 0.039 seconds
[2025-04-03T13:50:43.727+0000] {processor.py:186} INFO - Started process (PID=103720) to work on /home/hamza/Documents/project/Mlops/myenv/lib/python3.12/site-packages/airflow/example_dags/plugins/event_listener.py
[2025-04-03T13:50:43.735+0000] {processor.py:914} INFO - Processing file /home/hamza/Documents/project/Mlops/myenv/lib/python3.12/site-packages/airflow/example_dags/plugins/event_listener.py for tasks to queue
[2025-04-03T13:50:43.739+0000] {logging_mixin.py:190} INFO - [2025-04-03T13:50:43.738+0000] {dagbag.py:588} INFO - Filling up the DagBag from /home/hamza/Documents/project/Mlops/myenv/lib/python3.12/site-packages/airflow/example_dags/plugins/event_listener.py
[2025-04-03T13:50:43.745+0000] {processor.py:927} WARNING - No viable dags retrieved from /home/hamza/Documents/project/Mlops/myenv/lib/python3.12/site-packages/airflow/example_dags/plugins/event_listener.py
[2025-04-03T13:50:43.763+0000] {processor.py:208} INFO - Processing /home/hamza/Documents/project/Mlops/myenv/lib/python3.12/site-packages/airflow/example_dags/plugins/event_listener.py took 0.045 seconds
[2025-04-03T13:51:30.744+0000] {processor.py:186} INFO - Started process (PID=104291) to work on /home/hamza/Documents/project/Mlops/myenv/lib/python3.12/site-packages/airflow/example_dags/plugins/event_listener.py
[2025-04-03T13:51:30.747+0000] {processor.py:914} INFO - Processing file /home/hamza/Documents/project/Mlops/myenv/lib/python3.12/site-packages/airflow/example_dags/plugins/event_listener.py for tasks to queue
[2025-04-03T13:51:30.751+0000] {logging_mixin.py:190} INFO - [2025-04-03T13:51:30.750+0000] {dagbag.py:588} INFO - Filling up the DagBag from /home/hamza/Documents/project/Mlops/myenv/lib/python3.12/site-packages/airflow/example_dags/plugins/event_listener.py
[2025-04-03T13:51:30.756+0000] {processor.py:927} WARNING - No viable dags retrieved from /home/hamza/Documents/project/Mlops/myenv/lib/python3.12/site-packages/airflow/example_dags/plugins/event_listener.py
[2025-04-03T13:51:30.779+0000] {processor.py:208} INFO - Processing /home/hamza/Documents/project/Mlops/myenv/lib/python3.12/site-packages/airflow/example_dags/plugins/event_listener.py took 0.046 seconds
[2025-04-03T13:52:20.731+0000] {processor.py:186} INFO - Started process (PID=104828) to work on /home/hamza/Documents/project/Mlops/myenv/lib/python3.12/site-packages/airflow/example_dags/plugins/event_listener.py
[2025-04-03T13:52:20.737+0000] {processor.py:914} INFO - Processing file /home/hamza/Documents/project/Mlops/myenv/lib/python3.12/site-packages/airflow/example_dags/plugins/event_listener.py for tasks to queue
[2025-04-03T13:52:20.741+0000] {logging_mixin.py:190} INFO - [2025-04-03T13:52:20.741+0000] {dagbag.py:588} INFO - Filling up the DagBag from /home/hamza/Documents/project/Mlops/myenv/lib/python3.12/site-packages/airflow/example_dags/plugins/event_listener.py
[2025-04-03T13:52:20.746+0000] {processor.py:927} WARNING - No viable dags retrieved from /home/hamza/Documents/project/Mlops/myenv/lib/python3.12/site-packages/airflow/example_dags/plugins/event_listener.py
[2025-04-03T13:52:20.766+0000] {processor.py:208} INFO - Processing /home/hamza/Documents/project/Mlops/myenv/lib/python3.12/site-packages/airflow/example_dags/plugins/event_listener.py took 0.044 seconds
[2025-04-03T13:53:11.703+0000] {processor.py:186} INFO - Started process (PID=105298) to work on /home/hamza/Documents/project/Mlops/myenv/lib/python3.12/site-packages/airflow/example_dags/plugins/event_listener.py
[2025-04-03T13:53:11.704+0000] {processor.py:914} INFO - Processing file /home/hamza/Documents/project/Mlops/myenv/lib/python3.12/site-packages/airflow/example_dags/plugins/event_listener.py for tasks to queue
[2025-04-03T13:53:11.708+0000] {logging_mixin.py:190} INFO - [2025-04-03T13:53:11.707+0000] {dagbag.py:588} INFO - Filling up the DagBag from /home/hamza/Documents/project/Mlops/myenv/lib/python3.12/site-packages/airflow/example_dags/plugins/event_listener.py
[2025-04-03T13:53:11.712+0000] {processor.py:927} WARNING - No viable dags retrieved from /home/hamza/Documents/project/Mlops/myenv/lib/python3.12/site-packages/airflow/example_dags/plugins/event_listener.py
[2025-04-03T13:53:11.731+0000] {processor.py:208} INFO - Processing /home/hamza/Documents/project/Mlops/myenv/lib/python3.12/site-packages/airflow/example_dags/plugins/event_listener.py took 0.040 seconds
[2025-04-03T13:54:00.359+0000] {processor.py:186} INFO - Started process (PID=105822) to work on /home/hamza/Documents/project/Mlops/myenv/lib/python3.12/site-packages/airflow/example_dags/plugins/event_listener.py
[2025-04-03T13:54:00.360+0000] {processor.py:914} INFO - Processing file /home/hamza/Documents/project/Mlops/myenv/lib/python3.12/site-packages/airflow/example_dags/plugins/event_listener.py for tasks to queue
[2025-04-03T13:54:00.364+0000] {logging_mixin.py:190} INFO - [2025-04-03T13:54:00.364+0000] {dagbag.py:588} INFO - Filling up the DagBag from /home/hamza/Documents/project/Mlops/myenv/lib/python3.12/site-packages/airflow/example_dags/plugins/event_listener.py
[2025-04-03T13:54:00.369+0000] {processor.py:927} WARNING - No viable dags retrieved from /home/hamza/Documents/project/Mlops/myenv/lib/python3.12/site-packages/airflow/example_dags/plugins/event_listener.py
[2025-04-03T13:54:00.388+0000] {processor.py:208} INFO - Processing /home/hamza/Documents/project/Mlops/myenv/lib/python3.12/site-packages/airflow/example_dags/plugins/event_listener.py took 0.039 seconds
[2025-04-03T13:57:44.492+0000] {processor.py:186} INFO - Started process (PID=108836) to work on /home/hamza/Documents/project/Mlops/myenv/lib/python3.12/site-packages/airflow/example_dags/plugins/event_listener.py
[2025-04-03T13:57:44.494+0000] {processor.py:914} INFO - Processing file /home/hamza/Documents/project/Mlops/myenv/lib/python3.12/site-packages/airflow/example_dags/plugins/event_listener.py for tasks to queue
[2025-04-03T13:57:44.496+0000] {logging_mixin.py:190} INFO - [2025-04-03T13:57:44.495+0000] {dagbag.py:588} INFO - Filling up the DagBag from /home/hamza/Documents/project/Mlops/myenv/lib/python3.12/site-packages/airflow/example_dags/plugins/event_listener.py
[2025-04-03T13:57:44.500+0000] {processor.py:927} WARNING - No viable dags retrieved from /home/hamza/Documents/project/Mlops/myenv/lib/python3.12/site-packages/airflow/example_dags/plugins/event_listener.py
[2025-04-03T13:57:44.516+0000] {processor.py:208} INFO - Processing /home/hamza/Documents/project/Mlops/myenv/lib/python3.12/site-packages/airflow/example_dags/plugins/event_listener.py took 0.032 seconds
[2025-04-03T13:58:53.884+0000] {processor.py:186} INFO - Started process (PID=109693) to work on /home/hamza/Documents/project/Mlops/myenv/lib/python3.12/site-packages/airflow/example_dags/plugins/event_listener.py
[2025-04-03T13:58:53.886+0000] {processor.py:914} INFO - Processing file /home/hamza/Documents/project/Mlops/myenv/lib/python3.12/site-packages/airflow/example_dags/plugins/event_listener.py for tasks to queue
[2025-04-03T13:58:53.890+0000] {logging_mixin.py:190} INFO - [2025-04-03T13:58:53.889+0000] {dagbag.py:588} INFO - Filling up the DagBag from /home/hamza/Documents/project/Mlops/myenv/lib/python3.12/site-packages/airflow/example_dags/plugins/event_listener.py
[2025-04-03T13:58:53.894+0000] {processor.py:927} WARNING - No viable dags retrieved from /home/hamza/Documents/project/Mlops/myenv/lib/python3.12/site-packages/airflow/example_dags/plugins/event_listener.py
[2025-04-03T13:58:53.912+0000] {processor.py:208} INFO - Processing /home/hamza/Documents/project/Mlops/myenv/lib/python3.12/site-packages/airflow/example_dags/plugins/event_listener.py took 0.037 seconds
[2025-04-03T14:09:46.336+0000] {processor.py:186} INFO - Started process (PID=117823) to work on /home/hamza/Documents/project/Mlops/myenv/lib/python3.12/site-packages/airflow/example_dags/plugins/event_listener.py
[2025-04-03T14:09:46.339+0000] {processor.py:914} INFO - Processing file /home/hamza/Documents/project/Mlops/myenv/lib/python3.12/site-packages/airflow/example_dags/plugins/event_listener.py for tasks to queue
[2025-04-03T14:09:46.342+0000] {logging_mixin.py:190} INFO - [2025-04-03T14:09:46.341+0000] {dagbag.py:588} INFO - Filling up the DagBag from /home/hamza/Documents/project/Mlops/myenv/lib/python3.12/site-packages/airflow/example_dags/plugins/event_listener.py
[2025-04-03T14:09:46.346+0000] {processor.py:927} WARNING - No viable dags retrieved from /home/hamza/Documents/project/Mlops/myenv/lib/python3.12/site-packages/airflow/example_dags/plugins/event_listener.py
[2025-04-03T14:09:46.362+0000] {processor.py:208} INFO - Processing /home/hamza/Documents/project/Mlops/myenv/lib/python3.12/site-packages/airflow/example_dags/plugins/event_listener.py took 0.038 seconds
[2025-04-03T14:11:00.950+0000] {processor.py:186} INFO - Started process (PID=118528) to work on /home/hamza/Documents/project/Mlops/myenv/lib/python3.12/site-packages/airflow/example_dags/plugins/event_listener.py
[2025-04-03T14:11:00.952+0000] {processor.py:914} INFO - Processing file /home/hamza/Documents/project/Mlops/myenv/lib/python3.12/site-packages/airflow/example_dags/plugins/event_listener.py for tasks to queue
[2025-04-03T14:11:00.955+0000] {logging_mixin.py:190} INFO - [2025-04-03T14:11:00.954+0000] {dagbag.py:588} INFO - Filling up the DagBag from /home/hamza/Documents/project/Mlops/myenv/lib/python3.12/site-packages/airflow/example_dags/plugins/event_listener.py
[2025-04-03T14:11:00.960+0000] {processor.py:927} WARNING - No viable dags retrieved from /home/hamza/Documents/project/Mlops/myenv/lib/python3.12/site-packages/airflow/example_dags/plugins/event_listener.py
[2025-04-03T14:11:00.977+0000] {processor.py:208} INFO - Processing /home/hamza/Documents/project/Mlops/myenv/lib/python3.12/site-packages/airflow/example_dags/plugins/event_listener.py took 0.036 seconds
[2025-04-03T14:11:49.909+0000] {processor.py:186} INFO - Started process (PID=118938) to work on /home/hamza/Documents/project/Mlops/myenv/lib/python3.12/site-packages/airflow/example_dags/plugins/event_listener.py
[2025-04-03T14:11:49.910+0000] {processor.py:914} INFO - Processing file /home/hamza/Documents/project/Mlops/myenv/lib/python3.12/site-packages/airflow/example_dags/plugins/event_listener.py for tasks to queue
[2025-04-03T14:11:49.912+0000] {logging_mixin.py:190} INFO - [2025-04-03T14:11:49.912+0000] {dagbag.py:588} INFO - Filling up the DagBag from /home/hamza/Documents/project/Mlops/myenv/lib/python3.12/site-packages/airflow/example_dags/plugins/event_listener.py
[2025-04-03T14:11:49.916+0000] {processor.py:927} WARNING - No viable dags retrieved from /home/hamza/Documents/project/Mlops/myenv/lib/python3.12/site-packages/airflow/example_dags/plugins/event_listener.py
[2025-04-03T14:11:49.933+0000] {processor.py:208} INFO - Processing /home/hamza/Documents/project/Mlops/myenv/lib/python3.12/site-packages/airflow/example_dags/plugins/event_listener.py took 0.033 seconds
[2025-04-03T14:12:41.328+0000] {processor.py:186} INFO - Started process (PID=119434) to work on /home/hamza/Documents/project/Mlops/myenv/lib/python3.12/site-packages/airflow/example_dags/plugins/event_listener.py
[2025-04-03T14:12:41.331+0000] {processor.py:914} INFO - Processing file /home/hamza/Documents/project/Mlops/myenv/lib/python3.12/site-packages/airflow/example_dags/plugins/event_listener.py for tasks to queue
[2025-04-03T14:12:41.333+0000] {logging_mixin.py:190} INFO - [2025-04-03T14:12:41.333+0000] {dagbag.py:588} INFO - Filling up the DagBag from /home/hamza/Documents/project/Mlops/myenv/lib/python3.12/site-packages/airflow/example_dags/plugins/event_listener.py
[2025-04-03T14:12:41.338+0000] {processor.py:927} WARNING - No viable dags retrieved from /home/hamza/Documents/project/Mlops/myenv/lib/python3.12/site-packages/airflow/example_dags/plugins/event_listener.py
[2025-04-03T14:12:41.354+0000] {processor.py:208} INFO - Processing /home/hamza/Documents/project/Mlops/myenv/lib/python3.12/site-packages/airflow/example_dags/plugins/event_listener.py took 0.035 seconds
[2025-04-03T14:13:34.204+0000] {processor.py:186} INFO - Started process (PID=119932) to work on /home/hamza/Documents/project/Mlops/myenv/lib/python3.12/site-packages/airflow/example_dags/plugins/event_listener.py
[2025-04-03T14:13:34.206+0000] {processor.py:914} INFO - Processing file /home/hamza/Documents/project/Mlops/myenv/lib/python3.12/site-packages/airflow/example_dags/plugins/event_listener.py for tasks to queue
[2025-04-03T14:13:34.209+0000] {logging_mixin.py:190} INFO - [2025-04-03T14:13:34.208+0000] {dagbag.py:588} INFO - Filling up the DagBag from /home/hamza/Documents/project/Mlops/myenv/lib/python3.12/site-packages/airflow/example_dags/plugins/event_listener.py
[2025-04-03T14:13:34.214+0000] {processor.py:927} WARNING - No viable dags retrieved from /home/hamza/Documents/project/Mlops/myenv/lib/python3.12/site-packages/airflow/example_dags/plugins/event_listener.py
[2025-04-03T14:13:34.232+0000] {processor.py:208} INFO - Processing /home/hamza/Documents/project/Mlops/myenv/lib/python3.12/site-packages/airflow/example_dags/plugins/event_listener.py took 0.039 seconds
[2025-04-03T14:18:25.040+0000] {processor.py:186} INFO - Started process (PID=122190) to work on /home/hamza/Documents/project/Mlops/myenv/lib/python3.12/site-packages/airflow/example_dags/plugins/event_listener.py
[2025-04-03T14:18:25.041+0000] {processor.py:914} INFO - Processing file /home/hamza/Documents/project/Mlops/myenv/lib/python3.12/site-packages/airflow/example_dags/plugins/event_listener.py for tasks to queue
[2025-04-03T14:18:25.045+0000] {logging_mixin.py:190} INFO - [2025-04-03T14:18:25.044+0000] {dagbag.py:588} INFO - Filling up the DagBag from /home/hamza/Documents/project/Mlops/myenv/lib/python3.12/site-packages/airflow/example_dags/plugins/event_listener.py
[2025-04-03T14:18:25.050+0000] {processor.py:927} WARNING - No viable dags retrieved from /home/hamza/Documents/project/Mlops/myenv/lib/python3.12/site-packages/airflow/example_dags/plugins/event_listener.py
[2025-04-03T14:18:25.073+0000] {processor.py:208} INFO - Processing /home/hamza/Documents/project/Mlops/myenv/lib/python3.12/site-packages/airflow/example_dags/plugins/event_listener.py took 0.045 seconds
[2025-04-03T14:19:39.571+0000] {processor.py:186} INFO - Started process (PID=122899) to work on /home/hamza/Documents/project/Mlops/myenv/lib/python3.12/site-packages/airflow/example_dags/plugins/event_listener.py
[2025-04-03T14:19:39.572+0000] {processor.py:914} INFO - Processing file /home/hamza/Documents/project/Mlops/myenv/lib/python3.12/site-packages/airflow/example_dags/plugins/event_listener.py for tasks to queue
[2025-04-03T14:19:39.575+0000] {logging_mixin.py:190} INFO - [2025-04-03T14:19:39.574+0000] {dagbag.py:588} INFO - Filling up the DagBag from /home/hamza/Documents/project/Mlops/myenv/lib/python3.12/site-packages/airflow/example_dags/plugins/event_listener.py
[2025-04-03T14:19:39.579+0000] {processor.py:927} WARNING - No viable dags retrieved from /home/hamza/Documents/project/Mlops/myenv/lib/python3.12/site-packages/airflow/example_dags/plugins/event_listener.py
[2025-04-03T14:19:39.598+0000] {processor.py:208} INFO - Processing /home/hamza/Documents/project/Mlops/myenv/lib/python3.12/site-packages/airflow/example_dags/plugins/event_listener.py took 0.035 seconds
[2025-04-03T15:07:56.359+0000] {processor.py:186} INFO - Started process (PID=35615) to work on /home/hamza/Documents/project/Mlops/myenv/lib/python3.12/site-packages/airflow/example_dags/plugins/event_listener.py
[2025-04-03T15:07:56.361+0000] {processor.py:914} INFO - Processing file /home/hamza/Documents/project/Mlops/myenv/lib/python3.12/site-packages/airflow/example_dags/plugins/event_listener.py for tasks to queue
[2025-04-03T15:07:56.364+0000] {logging_mixin.py:190} INFO - [2025-04-03T15:07:56.364+0000] {dagbag.py:588} INFO - Filling up the DagBag from /home/hamza/Documents/project/Mlops/myenv/lib/python3.12/site-packages/airflow/example_dags/plugins/event_listener.py
[2025-04-03T15:07:56.369+0000] {processor.py:927} WARNING - No viable dags retrieved from /home/hamza/Documents/project/Mlops/myenv/lib/python3.12/site-packages/airflow/example_dags/plugins/event_listener.py
[2025-04-03T15:07:56.394+0000] {processor.py:208} INFO - Processing /home/hamza/Documents/project/Mlops/myenv/lib/python3.12/site-packages/airflow/example_dags/plugins/event_listener.py took 0.042 seconds
[2025-04-03T15:09:11.697+0000] {processor.py:186} INFO - Started process (PID=36660) to work on /home/hamza/Documents/project/Mlops/myenv/lib/python3.12/site-packages/airflow/example_dags/plugins/event_listener.py
[2025-04-03T15:09:11.698+0000] {processor.py:914} INFO - Processing file /home/hamza/Documents/project/Mlops/myenv/lib/python3.12/site-packages/airflow/example_dags/plugins/event_listener.py for tasks to queue
[2025-04-03T15:09:11.702+0000] {logging_mixin.py:190} INFO - [2025-04-03T15:09:11.701+0000] {dagbag.py:588} INFO - Filling up the DagBag from /home/hamza/Documents/project/Mlops/myenv/lib/python3.12/site-packages/airflow/example_dags/plugins/event_listener.py
[2025-04-03T15:09:11.707+0000] {processor.py:927} WARNING - No viable dags retrieved from /home/hamza/Documents/project/Mlops/myenv/lib/python3.12/site-packages/airflow/example_dags/plugins/event_listener.py
[2025-04-03T15:09:11.724+0000] {processor.py:208} INFO - Processing /home/hamza/Documents/project/Mlops/myenv/lib/python3.12/site-packages/airflow/example_dags/plugins/event_listener.py took 0.037 seconds
[2025-04-03T15:10:41.814+0000] {processor.py:186} INFO - Started process (PID=37498) to work on /home/hamza/Documents/project/Mlops/myenv/lib/python3.12/site-packages/airflow/example_dags/plugins/event_listener.py
[2025-04-03T15:10:41.818+0000] {processor.py:914} INFO - Processing file /home/hamza/Documents/project/Mlops/myenv/lib/python3.12/site-packages/airflow/example_dags/plugins/event_listener.py for tasks to queue
[2025-04-03T15:10:41.822+0000] {logging_mixin.py:190} INFO - [2025-04-03T15:10:41.821+0000] {dagbag.py:588} INFO - Filling up the DagBag from /home/hamza/Documents/project/Mlops/myenv/lib/python3.12/site-packages/airflow/example_dags/plugins/event_listener.py
[2025-04-03T15:10:41.826+0000] {processor.py:927} WARNING - No viable dags retrieved from /home/hamza/Documents/project/Mlops/myenv/lib/python3.12/site-packages/airflow/example_dags/plugins/event_listener.py
[2025-04-03T15:10:41.844+0000] {processor.py:208} INFO - Processing /home/hamza/Documents/project/Mlops/myenv/lib/python3.12/site-packages/airflow/example_dags/plugins/event_listener.py took 0.039 seconds
[2025-04-03T15:12:08.962+0000] {processor.py:186} INFO - Started process (PID=38290) to work on /home/hamza/Documents/project/Mlops/myenv/lib/python3.12/site-packages/airflow/example_dags/plugins/event_listener.py
[2025-04-03T15:12:08.967+0000] {processor.py:914} INFO - Processing file /home/hamza/Documents/project/Mlops/myenv/lib/python3.12/site-packages/airflow/example_dags/plugins/event_listener.py for tasks to queue
[2025-04-03T15:12:08.971+0000] {logging_mixin.py:190} INFO - [2025-04-03T15:12:08.970+0000] {dagbag.py:588} INFO - Filling up the DagBag from /home/hamza/Documents/project/Mlops/myenv/lib/python3.12/site-packages/airflow/example_dags/plugins/event_listener.py
[2025-04-03T15:12:08.975+0000] {processor.py:927} WARNING - No viable dags retrieved from /home/hamza/Documents/project/Mlops/myenv/lib/python3.12/site-packages/airflow/example_dags/plugins/event_listener.py
[2025-04-03T15:12:08.992+0000] {processor.py:208} INFO - Processing /home/hamza/Documents/project/Mlops/myenv/lib/python3.12/site-packages/airflow/example_dags/plugins/event_listener.py took 0.039 seconds
[2025-04-03T15:12:56.496+0000] {processor.py:186} INFO - Started process (PID=38735) to work on /home/hamza/Documents/project/Mlops/myenv/lib/python3.12/site-packages/airflow/example_dags/plugins/event_listener.py
[2025-04-03T15:12:56.507+0000] {processor.py:914} INFO - Processing file /home/hamza/Documents/project/Mlops/myenv/lib/python3.12/site-packages/airflow/example_dags/plugins/event_listener.py for tasks to queue
[2025-04-03T15:12:56.510+0000] {logging_mixin.py:190} INFO - [2025-04-03T15:12:56.510+0000] {dagbag.py:588} INFO - Filling up the DagBag from /home/hamza/Documents/project/Mlops/myenv/lib/python3.12/site-packages/airflow/example_dags/plugins/event_listener.py
[2025-04-03T15:12:56.515+0000] {processor.py:927} WARNING - No viable dags retrieved from /home/hamza/Documents/project/Mlops/myenv/lib/python3.12/site-packages/airflow/example_dags/plugins/event_listener.py
[2025-04-03T15:12:56.531+0000] {processor.py:208} INFO - Processing /home/hamza/Documents/project/Mlops/myenv/lib/python3.12/site-packages/airflow/example_dags/plugins/event_listener.py took 0.044 seconds
[2025-04-03T15:13:46.875+0000] {processor.py:186} INFO - Started process (PID=39198) to work on /home/hamza/Documents/project/Mlops/myenv/lib/python3.12/site-packages/airflow/example_dags/plugins/event_listener.py
[2025-04-03T15:13:46.878+0000] {processor.py:914} INFO - Processing file /home/hamza/Documents/project/Mlops/myenv/lib/python3.12/site-packages/airflow/example_dags/plugins/event_listener.py for tasks to queue
[2025-04-03T15:13:46.882+0000] {logging_mixin.py:190} INFO - [2025-04-03T15:13:46.881+0000] {dagbag.py:588} INFO - Filling up the DagBag from /home/hamza/Documents/project/Mlops/myenv/lib/python3.12/site-packages/airflow/example_dags/plugins/event_listener.py
[2025-04-03T15:13:46.886+0000] {processor.py:927} WARNING - No viable dags retrieved from /home/hamza/Documents/project/Mlops/myenv/lib/python3.12/site-packages/airflow/example_dags/plugins/event_listener.py
[2025-04-03T15:13:46.905+0000] {processor.py:208} INFO - Processing /home/hamza/Documents/project/Mlops/myenv/lib/python3.12/site-packages/airflow/example_dags/plugins/event_listener.py took 0.039 seconds
[2025-04-03T15:14:34.262+0000] {processor.py:186} INFO - Started process (PID=39649) to work on /home/hamza/Documents/project/Mlops/myenv/lib/python3.12/site-packages/airflow/example_dags/plugins/event_listener.py
[2025-04-03T15:14:34.265+0000] {processor.py:914} INFO - Processing file /home/hamza/Documents/project/Mlops/myenv/lib/python3.12/site-packages/airflow/example_dags/plugins/event_listener.py for tasks to queue
[2025-04-03T15:14:34.269+0000] {logging_mixin.py:190} INFO - [2025-04-03T15:14:34.269+0000] {dagbag.py:588} INFO - Filling up the DagBag from /home/hamza/Documents/project/Mlops/myenv/lib/python3.12/site-packages/airflow/example_dags/plugins/event_listener.py
[2025-04-03T15:14:34.274+0000] {processor.py:927} WARNING - No viable dags retrieved from /home/hamza/Documents/project/Mlops/myenv/lib/python3.12/site-packages/airflow/example_dags/plugins/event_listener.py
[2025-04-03T15:14:34.291+0000] {processor.py:208} INFO - Processing /home/hamza/Documents/project/Mlops/myenv/lib/python3.12/site-packages/airflow/example_dags/plugins/event_listener.py took 0.038 seconds
[2025-04-03T15:15:20.780+0000] {processor.py:186} INFO - Started process (PID=40149) to work on /home/hamza/Documents/project/Mlops/myenv/lib/python3.12/site-packages/airflow/example_dags/plugins/event_listener.py
[2025-04-03T15:15:20.782+0000] {processor.py:914} INFO - Processing file /home/hamza/Documents/project/Mlops/myenv/lib/python3.12/site-packages/airflow/example_dags/plugins/event_listener.py for tasks to queue
[2025-04-03T15:15:20.787+0000] {logging_mixin.py:190} INFO - [2025-04-03T15:15:20.786+0000] {dagbag.py:588} INFO - Filling up the DagBag from /home/hamza/Documents/project/Mlops/myenv/lib/python3.12/site-packages/airflow/example_dags/plugins/event_listener.py
[2025-04-03T15:15:20.792+0000] {processor.py:927} WARNING - No viable dags retrieved from /home/hamza/Documents/project/Mlops/myenv/lib/python3.12/site-packages/airflow/example_dags/plugins/event_listener.py
[2025-04-03T15:15:20.813+0000] {processor.py:208} INFO - Processing /home/hamza/Documents/project/Mlops/myenv/lib/python3.12/site-packages/airflow/example_dags/plugins/event_listener.py took 0.044 seconds
[2025-04-03T15:16:09.638+0000] {processor.py:186} INFO - Started process (PID=40592) to work on /home/hamza/Documents/project/Mlops/myenv/lib/python3.12/site-packages/airflow/example_dags/plugins/event_listener.py
[2025-04-03T15:16:09.640+0000] {processor.py:914} INFO - Processing file /home/hamza/Documents/project/Mlops/myenv/lib/python3.12/site-packages/airflow/example_dags/plugins/event_listener.py for tasks to queue
[2025-04-03T15:16:09.646+0000] {logging_mixin.py:190} INFO - [2025-04-03T15:16:09.645+0000] {dagbag.py:588} INFO - Filling up the DagBag from /home/hamza/Documents/project/Mlops/myenv/lib/python3.12/site-packages/airflow/example_dags/plugins/event_listener.py
[2025-04-03T15:16:09.650+0000] {processor.py:927} WARNING - No viable dags retrieved from /home/hamza/Documents/project/Mlops/myenv/lib/python3.12/site-packages/airflow/example_dags/plugins/event_listener.py
[2025-04-03T15:16:09.667+0000] {processor.py:208} INFO - Processing /home/hamza/Documents/project/Mlops/myenv/lib/python3.12/site-packages/airflow/example_dags/plugins/event_listener.py took 0.037 seconds
[2025-04-03T15:16:59.206+0000] {processor.py:186} INFO - Started process (PID=41097) to work on /home/hamza/Documents/project/Mlops/myenv/lib/python3.12/site-packages/airflow/example_dags/plugins/event_listener.py
[2025-04-03T15:16:59.208+0000] {processor.py:914} INFO - Processing file /home/hamza/Documents/project/Mlops/myenv/lib/python3.12/site-packages/airflow/example_dags/plugins/event_listener.py for tasks to queue
[2025-04-03T15:16:59.211+0000] {logging_mixin.py:190} INFO - [2025-04-03T15:16:59.211+0000] {dagbag.py:588} INFO - Filling up the DagBag from /home/hamza/Documents/project/Mlops/myenv/lib/python3.12/site-packages/airflow/example_dags/plugins/event_listener.py
[2025-04-03T15:16:59.215+0000] {processor.py:927} WARNING - No viable dags retrieved from /home/hamza/Documents/project/Mlops/myenv/lib/python3.12/site-packages/airflow/example_dags/plugins/event_listener.py
[2025-04-03T15:16:59.229+0000] {processor.py:208} INFO - Processing /home/hamza/Documents/project/Mlops/myenv/lib/python3.12/site-packages/airflow/example_dags/plugins/event_listener.py took 0.030 seconds
[2025-04-03T15:17:49.562+0000] {processor.py:186} INFO - Started process (PID=41655) to work on /home/hamza/Documents/project/Mlops/myenv/lib/python3.12/site-packages/airflow/example_dags/plugins/event_listener.py
[2025-04-03T15:17:49.567+0000] {processor.py:914} INFO - Processing file /home/hamza/Documents/project/Mlops/myenv/lib/python3.12/site-packages/airflow/example_dags/plugins/event_listener.py for tasks to queue
[2025-04-03T15:17:49.570+0000] {logging_mixin.py:190} INFO - [2025-04-03T15:17:49.569+0000] {dagbag.py:588} INFO - Filling up the DagBag from /home/hamza/Documents/project/Mlops/myenv/lib/python3.12/site-packages/airflow/example_dags/plugins/event_listener.py
[2025-04-03T15:17:49.573+0000] {processor.py:927} WARNING - No viable dags retrieved from /home/hamza/Documents/project/Mlops/myenv/lib/python3.12/site-packages/airflow/example_dags/plugins/event_listener.py
[2025-04-03T15:17:49.588+0000] {processor.py:208} INFO - Processing /home/hamza/Documents/project/Mlops/myenv/lib/python3.12/site-packages/airflow/example_dags/plugins/event_listener.py took 0.034 seconds
[2025-04-03T15:18:36.169+0000] {processor.py:186} INFO - Started process (PID=42115) to work on /home/hamza/Documents/project/Mlops/myenv/lib/python3.12/site-packages/airflow/example_dags/plugins/event_listener.py
[2025-04-03T15:18:36.171+0000] {processor.py:914} INFO - Processing file /home/hamza/Documents/project/Mlops/myenv/lib/python3.12/site-packages/airflow/example_dags/plugins/event_listener.py for tasks to queue
[2025-04-03T15:18:36.176+0000] {logging_mixin.py:190} INFO - [2025-04-03T15:18:36.175+0000] {dagbag.py:588} INFO - Filling up the DagBag from /home/hamza/Documents/project/Mlops/myenv/lib/python3.12/site-packages/airflow/example_dags/plugins/event_listener.py
[2025-04-03T15:18:36.180+0000] {processor.py:927} WARNING - No viable dags retrieved from /home/hamza/Documents/project/Mlops/myenv/lib/python3.12/site-packages/airflow/example_dags/plugins/event_listener.py
[2025-04-03T15:18:36.198+0000] {processor.py:208} INFO - Processing /home/hamza/Documents/project/Mlops/myenv/lib/python3.12/site-packages/airflow/example_dags/plugins/event_listener.py took 0.038 seconds
[2025-04-03T15:19:21.294+0000] {processor.py:186} INFO - Started process (PID=42556) to work on /home/hamza/Documents/project/Mlops/myenv/lib/python3.12/site-packages/airflow/example_dags/plugins/event_listener.py
[2025-04-03T15:19:21.297+0000] {processor.py:914} INFO - Processing file /home/hamza/Documents/project/Mlops/myenv/lib/python3.12/site-packages/airflow/example_dags/plugins/event_listener.py for tasks to queue
[2025-04-03T15:19:21.301+0000] {logging_mixin.py:190} INFO - [2025-04-03T15:19:21.300+0000] {dagbag.py:588} INFO - Filling up the DagBag from /home/hamza/Documents/project/Mlops/myenv/lib/python3.12/site-packages/airflow/example_dags/plugins/event_listener.py
[2025-04-03T15:19:21.305+0000] {processor.py:927} WARNING - No viable dags retrieved from /home/hamza/Documents/project/Mlops/myenv/lib/python3.12/site-packages/airflow/example_dags/plugins/event_listener.py
[2025-04-03T15:19:21.323+0000] {processor.py:208} INFO - Processing /home/hamza/Documents/project/Mlops/myenv/lib/python3.12/site-packages/airflow/example_dags/plugins/event_listener.py took 0.038 seconds
[2025-04-03T15:20:06.946+0000] {processor.py:186} INFO - Started process (PID=43132) to work on /home/hamza/Documents/project/Mlops/myenv/lib/python3.12/site-packages/airflow/example_dags/plugins/event_listener.py
[2025-04-03T15:20:06.949+0000] {processor.py:914} INFO - Processing file /home/hamza/Documents/project/Mlops/myenv/lib/python3.12/site-packages/airflow/example_dags/plugins/event_listener.py for tasks to queue
[2025-04-03T15:20:06.953+0000] {logging_mixin.py:190} INFO - [2025-04-03T15:20:06.952+0000] {dagbag.py:588} INFO - Filling up the DagBag from /home/hamza/Documents/project/Mlops/myenv/lib/python3.12/site-packages/airflow/example_dags/plugins/event_listener.py
[2025-04-03T15:20:06.957+0000] {processor.py:927} WARNING - No viable dags retrieved from /home/hamza/Documents/project/Mlops/myenv/lib/python3.12/site-packages/airflow/example_dags/plugins/event_listener.py
[2025-04-03T15:20:06.974+0000] {processor.py:208} INFO - Processing /home/hamza/Documents/project/Mlops/myenv/lib/python3.12/site-packages/airflow/example_dags/plugins/event_listener.py took 0.037 seconds
