[2025-04-03T13:43:02.643+0000] {processor.py:186} INFO - Started process (PID=97940) to work on /home/hamza/Documents/project/Mlops/myenv/lib/python3.12/site-packages/airflow/example_dags/plugins/listener_plugin.py
[2025-04-03T13:43:02.644+0000] {processor.py:914} INFO - Processing file /home/hamza/Documents/project/Mlops/myenv/lib/python3.12/site-packages/airflow/example_dags/plugins/listener_plugin.py for tasks to queue
[2025-04-03T13:43:02.649+0000] {logging_mixin.py:190} INFO - [2025-04-03T13:43:02.648+0000] {dagbag.py:588} INFO - Filling up the DagBag from /home/hamza/Documents/project/Mlops/myenv/lib/python3.12/site-packages/airflow/example_dags/plugins/listener_plugin.py
[2025-04-03T13:43:02.654+0000] {processor.py:927} WARNING - No viable dags retrieved from /home/hamza/Documents/project/Mlops/myenv/lib/python3.12/site-packages/airflow/example_dags/plugins/listener_plugin.py
[2025-04-03T13:43:02.675+0000] {processor.py:208} INFO - Processing /home/hamza/Documents/project/Mlops/myenv/lib/python3.12/site-packages/airflow/example_dags/plugins/listener_plugin.py took 0.044 seconds
[2025-04-03T13:44:24.828+0000] {processor.py:186} INFO - Started process (PID=99004) to work on /home/hamza/Documents/project/Mlops/myenv/lib/python3.12/site-packages/airflow/example_dags/plugins/listener_plugin.py
[2025-04-03T13:44:24.829+0000] {processor.py:914} INFO - Processing file /home/hamza/Documents/project/Mlops/myenv/lib/python3.12/site-packages/airflow/example_dags/plugins/listener_plugin.py for tasks to queue
[2025-04-03T13:44:24.833+0000] {logging_mixin.py:190} INFO - [2025-04-03T13:44:24.833+0000] {dagbag.py:588} INFO - Filling up the DagBag from /home/hamza/Documents/project/Mlops/myenv/lib/python3.12/site-packages/airflow/example_dags/plugins/listener_plugin.py
[2025-04-03T13:44:24.838+0000] {processor.py:927} WARNING - No viable dags retrieved from /home/hamza/Documents/project/Mlops/myenv/lib/python3.12/site-packages/airflow/example_dags/plugins/listener_plugin.py
[2025-04-03T13:44:24.855+0000] {processor.py:208} INFO - Processing /home/hamza/Documents/project/Mlops/myenv/lib/python3.12/site-packages/airflow/example_dags/plugins/listener_plugin.py took 0.037 seconds
[2025-04-03T13:45:04.722+0000] {processor.py:186} INFO - Started process (PID=99627) to work on /home/hamza/Documents/project/Mlops/myenv/lib/python3.12/site-packages/airflow/example_dags/plugins/listener_plugin.py
[2025-04-03T13:45:04.724+0000] {processor.py:914} INFO - Processing file /home/hamza/Documents/project/Mlops/myenv/lib/python3.12/site-packages/airflow/example_dags/plugins/listener_plugin.py for tasks to queue
[2025-04-03T13:45:04.727+0000] {logging_mixin.py:190} INFO - [2025-04-03T13:45:04.727+0000] {dagbag.py:588} INFO - Filling up the DagBag from /home/hamza/Documents/project/Mlops/myenv/lib/python3.12/site-packages/airflow/example_dags/plugins/listener_plugin.py
[2025-04-03T13:45:04.731+0000] {processor.py:927} WARNING - No viable dags retrieved from /home/hamza/Documents/project/Mlops/myenv/lib/python3.12/site-packages/airflow/example_dags/plugins/listener_plugin.py
[2025-04-03T13:45:04.748+0000] {processor.py:208} INFO - Processing /home/hamza/Documents/project/Mlops/myenv/lib/python3.12/site-packages/airflow/example_dags/plugins/listener_plugin.py took 0.036 seconds
[2025-04-03T13:45:38.493+0000] {processor.py:186} INFO - Started process (PID=99909) to work on /home/hamza/Documents/project/Mlops/myenv/lib/python3.12/site-packages/airflow/example_dags/plugins/listener_plugin.py
[2025-04-03T13:45:38.496+0000] {processor.py:914} INFO - Processing file /home/hamza/Documents/project/Mlops/myenv/lib/python3.12/site-packages/airflow/example_dags/plugins/listener_plugin.py for tasks to queue
[2025-04-03T13:45:38.500+0000] {logging_mixin.py:190} INFO - [2025-04-03T13:45:38.499+0000] {dagbag.py:588} INFO - Filling up the DagBag from /home/hamza/Documents/project/Mlops/myenv/lib/python3.12/site-packages/airflow/example_dags/plugins/listener_plugin.py
[2025-04-03T13:45:38.503+0000] {processor.py:927} WARNING - No viable dags retrieved from /home/hamza/Documents/project/Mlops/myenv/lib/python3.12/site-packages/airflow/example_dags/plugins/listener_plugin.py
[2025-04-03T13:45:38.523+0000] {processor.py:208} INFO - Processing /home/hamza/Documents/project/Mlops/myenv/lib/python3.12/site-packages/airflow/example_dags/plugins/listener_plugin.py took 0.039 seconds
[2025-04-03T13:46:11.479+0000] {processor.py:186} INFO - Started process (PID=100192) to work on /home/hamza/Documents/project/Mlops/myenv/lib/python3.12/site-packages/airflow/example_dags/plugins/listener_plugin.py
[2025-04-03T13:46:11.480+0000] {processor.py:914} INFO - Processing file /home/hamza/Documents/project/Mlops/myenv/lib/python3.12/site-packages/airflow/example_dags/plugins/listener_plugin.py for tasks to queue
[2025-04-03T13:46:11.483+0000] {logging_mixin.py:190} INFO - [2025-04-03T13:46:11.482+0000] {dagbag.py:588} INFO - Filling up the DagBag from /home/hamza/Documents/project/Mlops/myenv/lib/python3.12/site-packages/airflow/example_dags/plugins/listener_plugin.py
[2025-04-03T13:46:11.487+0000] {processor.py:927} WARNING - No viable dags retrieved from /home/hamza/Documents/project/Mlops/myenv/lib/python3.12/site-packages/airflow/example_dags/plugins/listener_plugin.py
[2025-04-03T13:46:11.505+0000] {processor.py:208} INFO - Processing /home/hamza/Documents/project/Mlops/myenv/lib/python3.12/site-packages/airflow/example_dags/plugins/listener_plugin.py took 0.036 seconds
[2025-04-03T13:46:45.831+0000] {processor.py:186} INFO - Started process (PID=100578) to work on /home/hamza/Documents/project/Mlops/myenv/lib/python3.12/site-packages/airflow/example_dags/plugins/listener_plugin.py
[2025-04-03T13:46:45.833+0000] {processor.py:914} INFO - Processing file /home/hamza/Documents/project/Mlops/myenv/lib/python3.12/site-packages/airflow/example_dags/plugins/listener_plugin.py for tasks to queue
[2025-04-03T13:46:45.837+0000] {logging_mixin.py:190} INFO - [2025-04-03T13:46:45.836+0000] {dagbag.py:588} INFO - Filling up the DagBag from /home/hamza/Documents/project/Mlops/myenv/lib/python3.12/site-packages/airflow/example_dags/plugins/listener_plugin.py
[2025-04-03T13:46:45.842+0000] {processor.py:927} WARNING - No viable dags retrieved from /home/hamza/Documents/project/Mlops/myenv/lib/python3.12/site-packages/airflow/example_dags/plugins/listener_plugin.py
[2025-04-03T13:46:45.865+0000] {processor.py:208} INFO - Processing /home/hamza/Documents/project/Mlops/myenv/lib/python3.12/site-packages/airflow/example_dags/plugins/listener_plugin.py took 0.047 seconds
[2025-04-03T13:47:19.418+0000] {processor.py:186} INFO - Started process (PID=100960) to work on /home/hamza/Documents/project/Mlops/myenv/lib/python3.12/site-packages/airflow/example_dags/plugins/listener_plugin.py
[2025-04-03T13:47:19.421+0000] {processor.py:914} INFO - Processing file /home/hamza/Documents/project/Mlops/myenv/lib/python3.12/site-packages/airflow/example_dags/plugins/listener_plugin.py for tasks to queue
[2025-04-03T13:47:19.424+0000] {logging_mixin.py:190} INFO - [2025-04-03T13:47:19.423+0000] {dagbag.py:588} INFO - Filling up the DagBag from /home/hamza/Documents/project/Mlops/myenv/lib/python3.12/site-packages/airflow/example_dags/plugins/listener_plugin.py
[2025-04-03T13:47:19.428+0000] {processor.py:927} WARNING - No viable dags retrieved from /home/hamza/Documents/project/Mlops/myenv/lib/python3.12/site-packages/airflow/example_dags/plugins/listener_plugin.py
[2025-04-03T13:47:19.446+0000] {processor.py:208} INFO - Processing /home/hamza/Documents/project/Mlops/myenv/lib/python3.12/site-packages/airflow/example_dags/plugins/listener_plugin.py took 0.039 seconds
[2025-04-03T13:47:52.615+0000] {processor.py:186} INFO - Started process (PID=101410) to work on /home/hamza/Documents/project/Mlops/myenv/lib/python3.12/site-packages/airflow/example_dags/plugins/listener_plugin.py
[2025-04-03T13:47:52.618+0000] {processor.py:914} INFO - Processing file /home/hamza/Documents/project/Mlops/myenv/lib/python3.12/site-packages/airflow/example_dags/plugins/listener_plugin.py for tasks to queue
[2025-04-03T13:47:52.623+0000] {logging_mixin.py:190} INFO - [2025-04-03T13:47:52.622+0000] {dagbag.py:588} INFO - Filling up the DagBag from /home/hamza/Documents/project/Mlops/myenv/lib/python3.12/site-packages/airflow/example_dags/plugins/listener_plugin.py
[2025-04-03T13:47:52.627+0000] {processor.py:927} WARNING - No viable dags retrieved from /home/hamza/Documents/project/Mlops/myenv/lib/python3.12/site-packages/airflow/example_dags/plugins/listener_plugin.py
[2025-04-03T13:47:52.648+0000] {processor.py:208} INFO - Processing /home/hamza/Documents/project/Mlops/myenv/lib/python3.12/site-packages/airflow/example_dags/plugins/listener_plugin.py took 0.044 seconds
[2025-04-03T13:49:22.722+0000] {processor.py:186} INFO - Started process (PID=102665) to work on /home/hamza/Documents/project/Mlops/myenv/lib/python3.12/site-packages/airflow/example_dags/plugins/listener_plugin.py
[2025-04-03T13:49:22.726+0000] {processor.py:914} INFO - Processing file /home/hamza/Documents/project/Mlops/myenv/lib/python3.12/site-packages/airflow/example_dags/plugins/listener_plugin.py for tasks to queue
[2025-04-03T13:49:22.730+0000] {logging_mixin.py:190} INFO - [2025-04-03T13:49:22.729+0000] {dagbag.py:588} INFO - Filling up the DagBag from /home/hamza/Documents/project/Mlops/myenv/lib/python3.12/site-packages/airflow/example_dags/plugins/listener_plugin.py
[2025-04-03T13:49:22.734+0000] {processor.py:927} WARNING - No viable dags retrieved from /home/hamza/Documents/project/Mlops/myenv/lib/python3.12/site-packages/airflow/example_dags/plugins/listener_plugin.py
[2025-04-03T13:49:22.753+0000] {processor.py:208} INFO - Processing /home/hamza/Documents/project/Mlops/myenv/lib/python3.12/site-packages/airflow/example_dags/plugins/listener_plugin.py took 0.040 seconds
[2025-04-03T13:50:42.057+0000] {processor.py:186} INFO - Started process (PID=103702) to work on /home/hamza/Documents/project/Mlops/myenv/lib/python3.12/site-packages/airflow/example_dags/plugins/listener_plugin.py
[2025-04-03T13:50:42.059+0000] {processor.py:914} INFO - Processing file /home/hamza/Documents/project/Mlops/myenv/lib/python3.12/site-packages/airflow/example_dags/plugins/listener_plugin.py for tasks to queue
[2025-04-03T13:50:42.062+0000] {logging_mixin.py:190} INFO - [2025-04-03T13:50:42.061+0000] {dagbag.py:588} INFO - Filling up the DagBag from /home/hamza/Documents/project/Mlops/myenv/lib/python3.12/site-packages/airflow/example_dags/plugins/listener_plugin.py
[2025-04-03T13:50:42.067+0000] {processor.py:927} WARNING - No viable dags retrieved from /home/hamza/Documents/project/Mlops/myenv/lib/python3.12/site-packages/airflow/example_dags/plugins/listener_plugin.py
[2025-04-03T13:50:42.088+0000] {processor.py:208} INFO - Processing /home/hamza/Documents/project/Mlops/myenv/lib/python3.12/site-packages/airflow/example_dags/plugins/listener_plugin.py took 0.041 seconds
[2025-04-03T13:51:29.064+0000] {processor.py:186} INFO - Started process (PID=104251) to work on /home/hamza/Documents/project/Mlops/myenv/lib/python3.12/site-packages/airflow/example_dags/plugins/listener_plugin.py
[2025-04-03T13:51:29.067+0000] {processor.py:914} INFO - Processing file /home/hamza/Documents/project/Mlops/myenv/lib/python3.12/site-packages/airflow/example_dags/plugins/listener_plugin.py for tasks to queue
[2025-04-03T13:51:29.071+0000] {logging_mixin.py:190} INFO - [2025-04-03T13:51:29.070+0000] {dagbag.py:588} INFO - Filling up the DagBag from /home/hamza/Documents/project/Mlops/myenv/lib/python3.12/site-packages/airflow/example_dags/plugins/listener_plugin.py
[2025-04-03T13:51:29.075+0000] {processor.py:927} WARNING - No viable dags retrieved from /home/hamza/Documents/project/Mlops/myenv/lib/python3.12/site-packages/airflow/example_dags/plugins/listener_plugin.py
[2025-04-03T13:51:29.094+0000] {processor.py:208} INFO - Processing /home/hamza/Documents/project/Mlops/myenv/lib/python3.12/site-packages/airflow/example_dags/plugins/listener_plugin.py took 0.040 seconds
[2025-04-03T13:52:19.068+0000] {processor.py:186} INFO - Started process (PID=104823) to work on /home/hamza/Documents/project/Mlops/myenv/lib/python3.12/site-packages/airflow/example_dags/plugins/listener_plugin.py
[2025-04-03T13:52:19.071+0000] {processor.py:914} INFO - Processing file /home/hamza/Documents/project/Mlops/myenv/lib/python3.12/site-packages/airflow/example_dags/plugins/listener_plugin.py for tasks to queue
[2025-04-03T13:52:19.075+0000] {logging_mixin.py:190} INFO - [2025-04-03T13:52:19.074+0000] {dagbag.py:588} INFO - Filling up the DagBag from /home/hamza/Documents/project/Mlops/myenv/lib/python3.12/site-packages/airflow/example_dags/plugins/listener_plugin.py
[2025-04-03T13:52:19.079+0000] {processor.py:927} WARNING - No viable dags retrieved from /home/hamza/Documents/project/Mlops/myenv/lib/python3.12/site-packages/airflow/example_dags/plugins/listener_plugin.py
[2025-04-03T13:52:19.098+0000] {processor.py:208} INFO - Processing /home/hamza/Documents/project/Mlops/myenv/lib/python3.12/site-packages/airflow/example_dags/plugins/listener_plugin.py took 0.039 seconds
[2025-04-03T13:53:10.056+0000] {processor.py:186} INFO - Started process (PID=105280) to work on /home/hamza/Documents/project/Mlops/myenv/lib/python3.12/site-packages/airflow/example_dags/plugins/listener_plugin.py
[2025-04-03T13:53:10.058+0000] {processor.py:914} INFO - Processing file /home/hamza/Documents/project/Mlops/myenv/lib/python3.12/site-packages/airflow/example_dags/plugins/listener_plugin.py for tasks to queue
[2025-04-03T13:53:10.061+0000] {logging_mixin.py:190} INFO - [2025-04-03T13:53:10.061+0000] {dagbag.py:588} INFO - Filling up the DagBag from /home/hamza/Documents/project/Mlops/myenv/lib/python3.12/site-packages/airflow/example_dags/plugins/listener_plugin.py
[2025-04-03T13:53:10.065+0000] {processor.py:927} WARNING - No viable dags retrieved from /home/hamza/Documents/project/Mlops/myenv/lib/python3.12/site-packages/airflow/example_dags/plugins/listener_plugin.py
[2025-04-03T13:53:10.083+0000] {processor.py:208} INFO - Processing /home/hamza/Documents/project/Mlops/myenv/lib/python3.12/site-packages/airflow/example_dags/plugins/listener_plugin.py took 0.037 seconds
[2025-04-03T13:53:58.703+0000] {processor.py:186} INFO - Started process (PID=105812) to work on /home/hamza/Documents/project/Mlops/myenv/lib/python3.12/site-packages/airflow/example_dags/plugins/listener_plugin.py
[2025-04-03T13:53:58.705+0000] {processor.py:914} INFO - Processing file /home/hamza/Documents/project/Mlops/myenv/lib/python3.12/site-packages/airflow/example_dags/plugins/listener_plugin.py for tasks to queue
[2025-04-03T13:53:58.708+0000] {logging_mixin.py:190} INFO - [2025-04-03T13:53:58.708+0000] {dagbag.py:588} INFO - Filling up the DagBag from /home/hamza/Documents/project/Mlops/myenv/lib/python3.12/site-packages/airflow/example_dags/plugins/listener_plugin.py
[2025-04-03T13:53:58.713+0000] {processor.py:927} WARNING - No viable dags retrieved from /home/hamza/Documents/project/Mlops/myenv/lib/python3.12/site-packages/airflow/example_dags/plugins/listener_plugin.py
[2025-04-03T13:53:58.731+0000] {processor.py:208} INFO - Processing /home/hamza/Documents/project/Mlops/myenv/lib/python3.12/site-packages/airflow/example_dags/plugins/listener_plugin.py took 0.038 seconds
[2025-04-03T13:57:42.928+0000] {processor.py:186} INFO - Started process (PID=108819) to work on /home/hamza/Documents/project/Mlops/myenv/lib/python3.12/site-packages/airflow/example_dags/plugins/listener_plugin.py
[2025-04-03T13:57:42.930+0000] {processor.py:914} INFO - Processing file /home/hamza/Documents/project/Mlops/myenv/lib/python3.12/site-packages/airflow/example_dags/plugins/listener_plugin.py for tasks to queue
[2025-04-03T13:57:42.932+0000] {logging_mixin.py:190} INFO - [2025-04-03T13:57:42.931+0000] {dagbag.py:588} INFO - Filling up the DagBag from /home/hamza/Documents/project/Mlops/myenv/lib/python3.12/site-packages/airflow/example_dags/plugins/listener_plugin.py
[2025-04-03T13:57:42.936+0000] {processor.py:927} WARNING - No viable dags retrieved from /home/hamza/Documents/project/Mlops/myenv/lib/python3.12/site-packages/airflow/example_dags/plugins/listener_plugin.py
[2025-04-03T13:57:42.954+0000] {processor.py:208} INFO - Processing /home/hamza/Documents/project/Mlops/myenv/lib/python3.12/site-packages/airflow/example_dags/plugins/listener_plugin.py took 0.035 seconds
[2025-04-03T13:58:51.589+0000] {processor.py:186} INFO - Started process (PID=109663) to work on /home/hamza/Documents/project/Mlops/myenv/lib/python3.12/site-packages/airflow/example_dags/plugins/listener_plugin.py
[2025-04-03T13:58:51.592+0000] {processor.py:914} INFO - Processing file /home/hamza/Documents/project/Mlops/myenv/lib/python3.12/site-packages/airflow/example_dags/plugins/listener_plugin.py for tasks to queue
[2025-04-03T13:58:51.596+0000] {logging_mixin.py:190} INFO - [2025-04-03T13:58:51.596+0000] {dagbag.py:588} INFO - Filling up the DagBag from /home/hamza/Documents/project/Mlops/myenv/lib/python3.12/site-packages/airflow/example_dags/plugins/listener_plugin.py
[2025-04-03T13:58:51.600+0000] {processor.py:927} WARNING - No viable dags retrieved from /home/hamza/Documents/project/Mlops/myenv/lib/python3.12/site-packages/airflow/example_dags/plugins/listener_plugin.py
[2025-04-03T13:58:51.618+0000] {processor.py:208} INFO - Processing /home/hamza/Documents/project/Mlops/myenv/lib/python3.12/site-packages/airflow/example_dags/plugins/listener_plugin.py took 0.037 seconds
[2025-04-03T14:09:43.932+0000] {processor.py:186} INFO - Started process (PID=117805) to work on /home/hamza/Documents/project/Mlops/myenv/lib/python3.12/site-packages/airflow/example_dags/plugins/listener_plugin.py
[2025-04-03T14:09:43.935+0000] {processor.py:914} INFO - Processing file /home/hamza/Documents/project/Mlops/myenv/lib/python3.12/site-packages/airflow/example_dags/plugins/listener_plugin.py for tasks to queue
[2025-04-03T14:09:43.937+0000] {logging_mixin.py:190} INFO - [2025-04-03T14:09:43.937+0000] {dagbag.py:588} INFO - Filling up the DagBag from /home/hamza/Documents/project/Mlops/myenv/lib/python3.12/site-packages/airflow/example_dags/plugins/listener_plugin.py
[2025-04-03T14:09:43.941+0000] {processor.py:927} WARNING - No viable dags retrieved from /home/hamza/Documents/project/Mlops/myenv/lib/python3.12/site-packages/airflow/example_dags/plugins/listener_plugin.py
[2025-04-03T14:09:43.959+0000] {processor.py:208} INFO - Processing /home/hamza/Documents/project/Mlops/myenv/lib/python3.12/site-packages/airflow/example_dags/plugins/listener_plugin.py took 0.035 seconds
[2025-04-03T14:10:58.956+0000] {processor.py:186} INFO - Started process (PID=118499) to work on /home/hamza/Documents/project/Mlops/myenv/lib/python3.12/site-packages/airflow/example_dags/plugins/listener_plugin.py
[2025-04-03T14:10:58.959+0000] {processor.py:914} INFO - Processing file /home/hamza/Documents/project/Mlops/myenv/lib/python3.12/site-packages/airflow/example_dags/plugins/listener_plugin.py for tasks to queue
[2025-04-03T14:10:58.962+0000] {logging_mixin.py:190} INFO - [2025-04-03T14:10:58.961+0000] {dagbag.py:588} INFO - Filling up the DagBag from /home/hamza/Documents/project/Mlops/myenv/lib/python3.12/site-packages/airflow/example_dags/plugins/listener_plugin.py
[2025-04-03T14:10:58.966+0000] {processor.py:927} WARNING - No viable dags retrieved from /home/hamza/Documents/project/Mlops/myenv/lib/python3.12/site-packages/airflow/example_dags/plugins/listener_plugin.py
[2025-04-03T14:10:58.982+0000] {processor.py:208} INFO - Processing /home/hamza/Documents/project/Mlops/myenv/lib/python3.12/site-packages/airflow/example_dags/plugins/listener_plugin.py took 0.036 seconds
[2025-04-03T14:11:48.356+0000] {processor.py:186} INFO - Started process (PID=118926) to work on /home/hamza/Documents/project/Mlops/myenv/lib/python3.12/site-packages/airflow/example_dags/plugins/listener_plugin.py
[2025-04-03T14:11:48.358+0000] {processor.py:914} INFO - Processing file /home/hamza/Documents/project/Mlops/myenv/lib/python3.12/site-packages/airflow/example_dags/plugins/listener_plugin.py for tasks to queue
[2025-04-03T14:11:48.361+0000] {logging_mixin.py:190} INFO - [2025-04-03T14:11:48.360+0000] {dagbag.py:588} INFO - Filling up the DagBag from /home/hamza/Documents/project/Mlops/myenv/lib/python3.12/site-packages/airflow/example_dags/plugins/listener_plugin.py
[2025-04-03T14:11:48.367+0000] {processor.py:927} WARNING - No viable dags retrieved from /home/hamza/Documents/project/Mlops/myenv/lib/python3.12/site-packages/airflow/example_dags/plugins/listener_plugin.py
[2025-04-03T14:11:48.387+0000] {processor.py:208} INFO - Processing /home/hamza/Documents/project/Mlops/myenv/lib/python3.12/site-packages/airflow/example_dags/plugins/listener_plugin.py took 0.044 seconds
[2025-04-03T14:12:39.751+0000] {processor.py:186} INFO - Started process (PID=119414) to work on /home/hamza/Documents/project/Mlops/myenv/lib/python3.12/site-packages/airflow/example_dags/plugins/listener_plugin.py
[2025-04-03T14:12:39.754+0000] {processor.py:914} INFO - Processing file /home/hamza/Documents/project/Mlops/myenv/lib/python3.12/site-packages/airflow/example_dags/plugins/listener_plugin.py for tasks to queue
[2025-04-03T14:12:39.757+0000] {logging_mixin.py:190} INFO - [2025-04-03T14:12:39.756+0000] {dagbag.py:588} INFO - Filling up the DagBag from /home/hamza/Documents/project/Mlops/myenv/lib/python3.12/site-packages/airflow/example_dags/plugins/listener_plugin.py
[2025-04-03T14:12:39.761+0000] {processor.py:927} WARNING - No viable dags retrieved from /home/hamza/Documents/project/Mlops/myenv/lib/python3.12/site-packages/airflow/example_dags/plugins/listener_plugin.py
[2025-04-03T14:12:39.777+0000] {processor.py:208} INFO - Processing /home/hamza/Documents/project/Mlops/myenv/lib/python3.12/site-packages/airflow/example_dags/plugins/listener_plugin.py took 0.036 seconds
[2025-04-03T14:13:32.636+0000] {processor.py:186} INFO - Started process (PID=119927) to work on /home/hamza/Documents/project/Mlops/myenv/lib/python3.12/site-packages/airflow/example_dags/plugins/listener_plugin.py
[2025-04-03T14:13:32.639+0000] {processor.py:914} INFO - Processing file /home/hamza/Documents/project/Mlops/myenv/lib/python3.12/site-packages/airflow/example_dags/plugins/listener_plugin.py for tasks to queue
[2025-04-03T14:13:32.642+0000] {logging_mixin.py:190} INFO - [2025-04-03T14:13:32.641+0000] {dagbag.py:588} INFO - Filling up the DagBag from /home/hamza/Documents/project/Mlops/myenv/lib/python3.12/site-packages/airflow/example_dags/plugins/listener_plugin.py
[2025-04-03T14:13:32.648+0000] {processor.py:927} WARNING - No viable dags retrieved from /home/hamza/Documents/project/Mlops/myenv/lib/python3.12/site-packages/airflow/example_dags/plugins/listener_plugin.py
[2025-04-03T14:13:32.671+0000] {processor.py:208} INFO - Processing /home/hamza/Documents/project/Mlops/myenv/lib/python3.12/site-packages/airflow/example_dags/plugins/listener_plugin.py took 0.047 seconds
[2025-04-03T14:18:23.364+0000] {processor.py:186} INFO - Started process (PID=122174) to work on /home/hamza/Documents/project/Mlops/myenv/lib/python3.12/site-packages/airflow/example_dags/plugins/listener_plugin.py
[2025-04-03T14:18:23.365+0000] {processor.py:914} INFO - Processing file /home/hamza/Documents/project/Mlops/myenv/lib/python3.12/site-packages/airflow/example_dags/plugins/listener_plugin.py for tasks to queue
[2025-04-03T14:18:23.367+0000] {logging_mixin.py:190} INFO - [2025-04-03T14:18:23.367+0000] {dagbag.py:588} INFO - Filling up the DagBag from /home/hamza/Documents/project/Mlops/myenv/lib/python3.12/site-packages/airflow/example_dags/plugins/listener_plugin.py
[2025-04-03T14:18:23.372+0000] {processor.py:927} WARNING - No viable dags retrieved from /home/hamza/Documents/project/Mlops/myenv/lib/python3.12/site-packages/airflow/example_dags/plugins/listener_plugin.py
[2025-04-03T14:18:23.389+0000] {processor.py:208} INFO - Processing /home/hamza/Documents/project/Mlops/myenv/lib/python3.12/site-packages/airflow/example_dags/plugins/listener_plugin.py took 0.034 seconds
[2025-04-03T14:19:37.911+0000] {processor.py:186} INFO - Started process (PID=122881) to work on /home/hamza/Documents/project/Mlops/myenv/lib/python3.12/site-packages/airflow/example_dags/plugins/listener_plugin.py
[2025-04-03T14:19:37.912+0000] {processor.py:914} INFO - Processing file /home/hamza/Documents/project/Mlops/myenv/lib/python3.12/site-packages/airflow/example_dags/plugins/listener_plugin.py for tasks to queue
[2025-04-03T14:19:37.915+0000] {logging_mixin.py:190} INFO - [2025-04-03T14:19:37.914+0000] {dagbag.py:588} INFO - Filling up the DagBag from /home/hamza/Documents/project/Mlops/myenv/lib/python3.12/site-packages/airflow/example_dags/plugins/listener_plugin.py
[2025-04-03T14:19:37.918+0000] {processor.py:927} WARNING - No viable dags retrieved from /home/hamza/Documents/project/Mlops/myenv/lib/python3.12/site-packages/airflow/example_dags/plugins/listener_plugin.py
[2025-04-03T14:19:37.935+0000] {processor.py:208} INFO - Processing /home/hamza/Documents/project/Mlops/myenv/lib/python3.12/site-packages/airflow/example_dags/plugins/listener_plugin.py took 0.034 seconds
[2025-04-03T15:07:54.736+0000] {processor.py:186} INFO - Started process (PID=35608) to work on /home/hamza/Documents/project/Mlops/myenv/lib/python3.12/site-packages/airflow/example_dags/plugins/listener_plugin.py
[2025-04-03T15:07:54.737+0000] {processor.py:914} INFO - Processing file /home/hamza/Documents/project/Mlops/myenv/lib/python3.12/site-packages/airflow/example_dags/plugins/listener_plugin.py for tasks to queue
[2025-04-03T15:07:54.742+0000] {logging_mixin.py:190} INFO - [2025-04-03T15:07:54.741+0000] {dagbag.py:588} INFO - Filling up the DagBag from /home/hamza/Documents/project/Mlops/myenv/lib/python3.12/site-packages/airflow/example_dags/plugins/listener_plugin.py
[2025-04-03T15:07:54.745+0000] {processor.py:927} WARNING - No viable dags retrieved from /home/hamza/Documents/project/Mlops/myenv/lib/python3.12/site-packages/airflow/example_dags/plugins/listener_plugin.py
[2025-04-03T15:07:54.765+0000] {processor.py:208} INFO - Processing /home/hamza/Documents/project/Mlops/myenv/lib/python3.12/site-packages/airflow/example_dags/plugins/listener_plugin.py took 0.038 seconds
[2025-04-03T15:09:09.964+0000] {processor.py:186} INFO - Started process (PID=36639) to work on /home/hamza/Documents/project/Mlops/myenv/lib/python3.12/site-packages/airflow/example_dags/plugins/listener_plugin.py
[2025-04-03T15:09:09.966+0000] {processor.py:914} INFO - Processing file /home/hamza/Documents/project/Mlops/myenv/lib/python3.12/site-packages/airflow/example_dags/plugins/listener_plugin.py for tasks to queue
[2025-04-03T15:09:09.969+0000] {logging_mixin.py:190} INFO - [2025-04-03T15:09:09.969+0000] {dagbag.py:588} INFO - Filling up the DagBag from /home/hamza/Documents/project/Mlops/myenv/lib/python3.12/site-packages/airflow/example_dags/plugins/listener_plugin.py
[2025-04-03T15:09:09.973+0000] {processor.py:927} WARNING - No viable dags retrieved from /home/hamza/Documents/project/Mlops/myenv/lib/python3.12/site-packages/airflow/example_dags/plugins/listener_plugin.py
[2025-04-03T15:09:09.991+0000] {processor.py:208} INFO - Processing /home/hamza/Documents/project/Mlops/myenv/lib/python3.12/site-packages/airflow/example_dags/plugins/listener_plugin.py took 0.035 seconds
[2025-04-03T15:09:53.404+0000] {processor.py:186} INFO - Started process (PID=37075) to work on /home/hamza/Documents/project/Mlops/myenv/lib/python3.12/site-packages/airflow/example_dags/plugins/listener_plugin.py
[2025-04-03T15:09:53.405+0000] {processor.py:914} INFO - Processing file /home/hamza/Documents/project/Mlops/myenv/lib/python3.12/site-packages/airflow/example_dags/plugins/listener_plugin.py for tasks to queue
[2025-04-03T15:09:53.408+0000] {logging_mixin.py:190} INFO - [2025-04-03T15:09:53.408+0000] {dagbag.py:588} INFO - Filling up the DagBag from /home/hamza/Documents/project/Mlops/myenv/lib/python3.12/site-packages/airflow/example_dags/plugins/listener_plugin.py
[2025-04-03T15:09:53.412+0000] {processor.py:927} WARNING - No viable dags retrieved from /home/hamza/Documents/project/Mlops/myenv/lib/python3.12/site-packages/airflow/example_dags/plugins/listener_plugin.py
[2025-04-03T15:09:53.429+0000] {processor.py:208} INFO - Processing /home/hamza/Documents/project/Mlops/myenv/lib/python3.12/site-packages/airflow/example_dags/plugins/listener_plugin.py took 0.033 seconds
[2025-04-03T15:10:40.108+0000] {processor.py:186} INFO - Started process (PID=37481) to work on /home/hamza/Documents/project/Mlops/myenv/lib/python3.12/site-packages/airflow/example_dags/plugins/listener_plugin.py
[2025-04-03T15:10:40.115+0000] {processor.py:914} INFO - Processing file /home/hamza/Documents/project/Mlops/myenv/lib/python3.12/site-packages/airflow/example_dags/plugins/listener_plugin.py for tasks to queue
[2025-04-03T15:10:40.119+0000] {logging_mixin.py:190} INFO - [2025-04-03T15:10:40.118+0000] {dagbag.py:588} INFO - Filling up the DagBag from /home/hamza/Documents/project/Mlops/myenv/lib/python3.12/site-packages/airflow/example_dags/plugins/listener_plugin.py
[2025-04-03T15:10:40.122+0000] {processor.py:927} WARNING - No viable dags retrieved from /home/hamza/Documents/project/Mlops/myenv/lib/python3.12/site-packages/airflow/example_dags/plugins/listener_plugin.py
[2025-04-03T15:10:40.146+0000] {processor.py:208} INFO - Processing /home/hamza/Documents/project/Mlops/myenv/lib/python3.12/site-packages/airflow/example_dags/plugins/listener_plugin.py took 0.047 seconds
[2025-04-03T15:11:24.004+0000] {processor.py:186} INFO - Started process (PID=37890) to work on /home/hamza/Documents/project/Mlops/myenv/lib/python3.12/site-packages/airflow/example_dags/plugins/listener_plugin.py
[2025-04-03T15:11:24.008+0000] {processor.py:914} INFO - Processing file /home/hamza/Documents/project/Mlops/myenv/lib/python3.12/site-packages/airflow/example_dags/plugins/listener_plugin.py for tasks to queue
[2025-04-03T15:11:24.012+0000] {logging_mixin.py:190} INFO - [2025-04-03T15:11:24.012+0000] {dagbag.py:588} INFO - Filling up the DagBag from /home/hamza/Documents/project/Mlops/myenv/lib/python3.12/site-packages/airflow/example_dags/plugins/listener_plugin.py
[2025-04-03T15:11:24.016+0000] {processor.py:927} WARNING - No viable dags retrieved from /home/hamza/Documents/project/Mlops/myenv/lib/python3.12/site-packages/airflow/example_dags/plugins/listener_plugin.py
[2025-04-03T15:11:24.034+0000] {processor.py:208} INFO - Processing /home/hamza/Documents/project/Mlops/myenv/lib/python3.12/site-packages/airflow/example_dags/plugins/listener_plugin.py took 0.040 seconds
[2025-04-03T15:12:07.288+0000] {processor.py:186} INFO - Started process (PID=38272) to work on /home/hamza/Documents/project/Mlops/myenv/lib/python3.12/site-packages/airflow/example_dags/plugins/listener_plugin.py
[2025-04-03T15:12:07.296+0000] {processor.py:914} INFO - Processing file /home/hamza/Documents/project/Mlops/myenv/lib/python3.12/site-packages/airflow/example_dags/plugins/listener_plugin.py for tasks to queue
[2025-04-03T15:12:07.299+0000] {logging_mixin.py:190} INFO - [2025-04-03T15:12:07.299+0000] {dagbag.py:588} INFO - Filling up the DagBag from /home/hamza/Documents/project/Mlops/myenv/lib/python3.12/site-packages/airflow/example_dags/plugins/listener_plugin.py
[2025-04-03T15:12:07.303+0000] {processor.py:927} WARNING - No viable dags retrieved from /home/hamza/Documents/project/Mlops/myenv/lib/python3.12/site-packages/airflow/example_dags/plugins/listener_plugin.py
[2025-04-03T15:12:07.321+0000] {processor.py:208} INFO - Processing /home/hamza/Documents/project/Mlops/myenv/lib/python3.12/site-packages/airflow/example_dags/plugins/listener_plugin.py took 0.042 seconds
[2025-04-03T15:12:54.824+0000] {processor.py:186} INFO - Started process (PID=38716) to work on /home/hamza/Documents/project/Mlops/myenv/lib/python3.12/site-packages/airflow/example_dags/plugins/listener_plugin.py
[2025-04-03T15:12:54.826+0000] {processor.py:914} INFO - Processing file /home/hamza/Documents/project/Mlops/myenv/lib/python3.12/site-packages/airflow/example_dags/plugins/listener_plugin.py for tasks to queue
[2025-04-03T15:12:54.830+0000] {logging_mixin.py:190} INFO - [2025-04-03T15:12:54.829+0000] {dagbag.py:588} INFO - Filling up the DagBag from /home/hamza/Documents/project/Mlops/myenv/lib/python3.12/site-packages/airflow/example_dags/plugins/listener_plugin.py
[2025-04-03T15:12:54.833+0000] {processor.py:927} WARNING - No viable dags retrieved from /home/hamza/Documents/project/Mlops/myenv/lib/python3.12/site-packages/airflow/example_dags/plugins/listener_plugin.py
[2025-04-03T15:12:54.852+0000] {processor.py:208} INFO - Processing /home/hamza/Documents/project/Mlops/myenv/lib/python3.12/site-packages/airflow/example_dags/plugins/listener_plugin.py took 0.036 seconds
[2025-04-03T15:13:44.553+0000] {processor.py:186} INFO - Started process (PID=39180) to work on /home/hamza/Documents/project/Mlops/myenv/lib/python3.12/site-packages/airflow/example_dags/plugins/listener_plugin.py
[2025-04-03T15:13:44.556+0000] {processor.py:914} INFO - Processing file /home/hamza/Documents/project/Mlops/myenv/lib/python3.12/site-packages/airflow/example_dags/plugins/listener_plugin.py for tasks to queue
[2025-04-03T15:13:44.560+0000] {logging_mixin.py:190} INFO - [2025-04-03T15:13:44.559+0000] {dagbag.py:588} INFO - Filling up the DagBag from /home/hamza/Documents/project/Mlops/myenv/lib/python3.12/site-packages/airflow/example_dags/plugins/listener_plugin.py
[2025-04-03T15:13:44.563+0000] {processor.py:927} WARNING - No viable dags retrieved from /home/hamza/Documents/project/Mlops/myenv/lib/python3.12/site-packages/airflow/example_dags/plugins/listener_plugin.py
[2025-04-03T15:13:44.581+0000] {processor.py:208} INFO - Processing /home/hamza/Documents/project/Mlops/myenv/lib/python3.12/site-packages/airflow/example_dags/plugins/listener_plugin.py took 0.037 seconds
[2025-04-03T15:14:32.588+0000] {processor.py:186} INFO - Started process (PID=39643) to work on /home/hamza/Documents/project/Mlops/myenv/lib/python3.12/site-packages/airflow/example_dags/plugins/listener_plugin.py
[2025-04-03T15:14:32.590+0000] {processor.py:914} INFO - Processing file /home/hamza/Documents/project/Mlops/myenv/lib/python3.12/site-packages/airflow/example_dags/plugins/listener_plugin.py for tasks to queue
[2025-04-03T15:14:32.594+0000] {logging_mixin.py:190} INFO - [2025-04-03T15:14:32.593+0000] {dagbag.py:588} INFO - Filling up the DagBag from /home/hamza/Documents/project/Mlops/myenv/lib/python3.12/site-packages/airflow/example_dags/plugins/listener_plugin.py
[2025-04-03T15:14:32.598+0000] {processor.py:927} WARNING - No viable dags retrieved from /home/hamza/Documents/project/Mlops/myenv/lib/python3.12/site-packages/airflow/example_dags/plugins/listener_plugin.py
[2025-04-03T15:14:32.615+0000] {processor.py:208} INFO - Processing /home/hamza/Documents/project/Mlops/myenv/lib/python3.12/site-packages/airflow/example_dags/plugins/listener_plugin.py took 0.036 seconds
[2025-04-03T15:15:19.115+0000] {processor.py:186} INFO - Started process (PID=40132) to work on /home/hamza/Documents/project/Mlops/myenv/lib/python3.12/site-packages/airflow/example_dags/plugins/listener_plugin.py
[2025-04-03T15:15:19.118+0000] {processor.py:914} INFO - Processing file /home/hamza/Documents/project/Mlops/myenv/lib/python3.12/site-packages/airflow/example_dags/plugins/listener_plugin.py for tasks to queue
[2025-04-03T15:15:19.123+0000] {logging_mixin.py:190} INFO - [2025-04-03T15:15:19.122+0000] {dagbag.py:588} INFO - Filling up the DagBag from /home/hamza/Documents/project/Mlops/myenv/lib/python3.12/site-packages/airflow/example_dags/plugins/listener_plugin.py
[2025-04-03T15:15:19.126+0000] {processor.py:927} WARNING - No viable dags retrieved from /home/hamza/Documents/project/Mlops/myenv/lib/python3.12/site-packages/airflow/example_dags/plugins/listener_plugin.py
[2025-04-03T15:15:19.145+0000] {processor.py:208} INFO - Processing /home/hamza/Documents/project/Mlops/myenv/lib/python3.12/site-packages/airflow/example_dags/plugins/listener_plugin.py took 0.039 seconds
[2025-04-03T15:16:07.967+0000] {processor.py:186} INFO - Started process (PID=40585) to work on /home/hamza/Documents/project/Mlops/myenv/lib/python3.12/site-packages/airflow/example_dags/plugins/listener_plugin.py
[2025-04-03T15:16:07.970+0000] {processor.py:914} INFO - Processing file /home/hamza/Documents/project/Mlops/myenv/lib/python3.12/site-packages/airflow/example_dags/plugins/listener_plugin.py for tasks to queue
[2025-04-03T15:16:07.973+0000] {logging_mixin.py:190} INFO - [2025-04-03T15:16:07.972+0000] {dagbag.py:588} INFO - Filling up the DagBag from /home/hamza/Documents/project/Mlops/myenv/lib/python3.12/site-packages/airflow/example_dags/plugins/listener_plugin.py
[2025-04-03T15:16:07.977+0000] {processor.py:927} WARNING - No viable dags retrieved from /home/hamza/Documents/project/Mlops/myenv/lib/python3.12/site-packages/airflow/example_dags/plugins/listener_plugin.py
[2025-04-03T15:16:07.995+0000] {processor.py:208} INFO - Processing /home/hamza/Documents/project/Mlops/myenv/lib/python3.12/site-packages/airflow/example_dags/plugins/listener_plugin.py took 0.037 seconds
