[2025-04-03T13:43:27.301+0000] {processor.py:186} INFO - Started process (PID=98275) to work on /home/hamza/Documents/project/Mlops/myenv/lib/python3.12/site-packages/airflow/example_dags/example_time_delta_sensor_async.py
[2025-04-03T13:43:27.302+0000] {processor.py:914} INFO - Processing file /home/hamza/Documents/project/Mlops/myenv/lib/python3.12/site-packages/airflow/example_dags/example_time_delta_sensor_async.py for tasks to queue
[2025-04-03T13:43:27.306+0000] {logging_mixin.py:190} INFO - [2025-04-03T13:43:27.305+0000] {dagbag.py:588} INFO - Filling up the DagBag from /home/hamza/Documents/project/Mlops/myenv/lib/python3.12/site-packages/airflow/example_dags/example_time_delta_sensor_async.py
[2025-04-03T13:43:27.319+0000] {processor.py:925} INFO - DAG(s) 'example_time_delta_sensor_async' retrieved from /home/hamza/Documents/project/Mlops/myenv/lib/python3.12/site-packages/airflow/example_dags/example_time_delta_sensor_async.py
[2025-04-03T13:43:27.513+0000] {logging_mixin.py:190} INFO - [2025-04-03T13:43:27.511+0000] {override.py:1930} INFO - Created Permission View: can delete on DAG:example_time_delta_sensor_async
[2025-04-03T13:43:27.534+0000] {logging_mixin.py:190} INFO - [2025-04-03T13:43:27.534+0000] {override.py:1930} INFO - Created Permission View: can read on DAG:example_time_delta_sensor_async
[2025-04-03T13:43:27.553+0000] {logging_mixin.py:190} INFO - [2025-04-03T13:43:27.552+0000] {override.py:1930} INFO - Created Permission View: can edit on DAG:example_time_delta_sensor_async
[2025-04-03T13:43:27.580+0000] {logging_mixin.py:190} INFO - [2025-04-03T13:43:27.579+0000] {override.py:1930} INFO - Created Permission View: can delete on DAG Run:example_time_delta_sensor_async
[2025-04-03T13:43:27.598+0000] {logging_mixin.py:190} INFO - [2025-04-03T13:43:27.597+0000] {override.py:1930} INFO - Created Permission View: can read on DAG Run:example_time_delta_sensor_async
[2025-04-03T13:43:27.612+0000] {logging_mixin.py:190} INFO - [2025-04-03T13:43:27.611+0000] {override.py:1930} INFO - Created Permission View: menu access on DAG Run:example_time_delta_sensor_async
[2025-04-03T13:43:27.625+0000] {logging_mixin.py:190} INFO - [2025-04-03T13:43:27.624+0000] {override.py:1930} INFO - Created Permission View: can create on DAG Run:example_time_delta_sensor_async
[2025-04-03T13:43:27.626+0000] {logging_mixin.py:190} INFO - [2025-04-03T13:43:27.625+0000] {dag.py:3239} INFO - Sync 1 DAGs
[2025-04-03T13:43:27.646+0000] {logging_mixin.py:190} INFO - [2025-04-03T13:43:27.645+0000] {dag.py:3262} INFO - Creating ORM DAG for example_time_delta_sensor_async
[2025-04-03T13:43:27.646+0000] {logging_mixin.py:190} INFO - [2025-04-03T13:43:27.646+0000] {dag.py:4180} INFO - Setting next_dagrun for example_time_delta_sensor_async to None, run_after=None
[2025-04-03T13:43:27.675+0000] {processor.py:208} INFO - Processing /home/hamza/Documents/project/Mlops/myenv/lib/python3.12/site-packages/airflow/example_dags/example_time_delta_sensor_async.py took 0.386 seconds
[2025-04-03T13:44:42.935+0000] {processor.py:186} INFO - Started process (PID=99430) to work on /home/hamza/Documents/project/Mlops/myenv/lib/python3.12/site-packages/airflow/example_dags/example_time_delta_sensor_async.py
[2025-04-03T13:44:42.936+0000] {processor.py:914} INFO - Processing file /home/hamza/Documents/project/Mlops/myenv/lib/python3.12/site-packages/airflow/example_dags/example_time_delta_sensor_async.py for tasks to queue
[2025-04-03T13:44:42.940+0000] {logging_mixin.py:190} INFO - [2025-04-03T13:44:42.939+0000] {dagbag.py:588} INFO - Filling up the DagBag from /home/hamza/Documents/project/Mlops/myenv/lib/python3.12/site-packages/airflow/example_dags/example_time_delta_sensor_async.py
[2025-04-03T13:44:42.955+0000] {processor.py:925} INFO - DAG(s) 'example_time_delta_sensor_async' retrieved from /home/hamza/Documents/project/Mlops/myenv/lib/python3.12/site-packages/airflow/example_dags/example_time_delta_sensor_async.py
[2025-04-03T13:44:42.985+0000] {logging_mixin.py:190} INFO - [2025-04-03T13:44:42.984+0000] {dag.py:3239} INFO - Sync 1 DAGs
[2025-04-03T13:44:43.016+0000] {logging_mixin.py:190} INFO - [2025-04-03T13:44:43.016+0000] {dag.py:4180} INFO - Setting next_dagrun for example_time_delta_sensor_async to None, run_after=None
[2025-04-03T13:44:43.063+0000] {processor.py:208} INFO - Processing /home/hamza/Documents/project/Mlops/myenv/lib/python3.12/site-packages/airflow/example_dags/example_time_delta_sensor_async.py took 0.137 seconds
[2025-04-03T13:45:49.264+0000] {processor.py:186} INFO - Started process (PID=99997) to work on /home/hamza/Documents/project/Mlops/myenv/lib/python3.12/site-packages/airflow/example_dags/example_time_delta_sensor_async.py
[2025-04-03T13:45:49.266+0000] {processor.py:914} INFO - Processing file /home/hamza/Documents/project/Mlops/myenv/lib/python3.12/site-packages/airflow/example_dags/example_time_delta_sensor_async.py for tasks to queue
[2025-04-03T13:45:49.271+0000] {logging_mixin.py:190} INFO - [2025-04-03T13:45:49.271+0000] {dagbag.py:588} INFO - Filling up the DagBag from /home/hamza/Documents/project/Mlops/myenv/lib/python3.12/site-packages/airflow/example_dags/example_time_delta_sensor_async.py
[2025-04-03T13:45:49.284+0000] {processor.py:925} INFO - DAG(s) 'example_time_delta_sensor_async' retrieved from /home/hamza/Documents/project/Mlops/myenv/lib/python3.12/site-packages/airflow/example_dags/example_time_delta_sensor_async.py
[2025-04-03T13:45:49.309+0000] {logging_mixin.py:190} INFO - [2025-04-03T13:45:49.309+0000] {dag.py:3239} INFO - Sync 1 DAGs
[2025-04-03T13:45:49.329+0000] {logging_mixin.py:190} INFO - [2025-04-03T13:45:49.329+0000] {dag.py:4180} INFO - Setting next_dagrun for example_time_delta_sensor_async to None, run_after=None
[2025-04-03T13:45:49.365+0000] {processor.py:208} INFO - Processing /home/hamza/Documents/project/Mlops/myenv/lib/python3.12/site-packages/airflow/example_dags/example_time_delta_sensor_async.py took 0.110 seconds
[2025-04-03T13:46:58.456+0000] {processor.py:186} INFO - Started process (PID=100736) to work on /home/hamza/Documents/project/Mlops/myenv/lib/python3.12/site-packages/airflow/example_dags/example_time_delta_sensor_async.py
[2025-04-03T13:46:58.458+0000] {processor.py:914} INFO - Processing file /home/hamza/Documents/project/Mlops/myenv/lib/python3.12/site-packages/airflow/example_dags/example_time_delta_sensor_async.py for tasks to queue
[2025-04-03T13:46:58.463+0000] {logging_mixin.py:190} INFO - [2025-04-03T13:46:58.462+0000] {dagbag.py:588} INFO - Filling up the DagBag from /home/hamza/Documents/project/Mlops/myenv/lib/python3.12/site-packages/airflow/example_dags/example_time_delta_sensor_async.py
[2025-04-03T13:46:58.475+0000] {processor.py:925} INFO - DAG(s) 'example_time_delta_sensor_async' retrieved from /home/hamza/Documents/project/Mlops/myenv/lib/python3.12/site-packages/airflow/example_dags/example_time_delta_sensor_async.py
[2025-04-03T13:46:58.500+0000] {logging_mixin.py:190} INFO - [2025-04-03T13:46:58.500+0000] {dag.py:3239} INFO - Sync 1 DAGs
[2025-04-03T13:46:58.522+0000] {logging_mixin.py:190} INFO - [2025-04-03T13:46:58.521+0000] {dag.py:4180} INFO - Setting next_dagrun for example_time_delta_sensor_async to None, run_after=None
[2025-04-03T13:46:58.565+0000] {processor.py:208} INFO - Processing /home/hamza/Documents/project/Mlops/myenv/lib/python3.12/site-packages/airflow/example_dags/example_time_delta_sensor_async.py took 0.119 seconds
[2025-04-03T13:48:05.287+0000] {processor.py:186} INFO - Started process (PID=101586) to work on /home/hamza/Documents/project/Mlops/myenv/lib/python3.12/site-packages/airflow/example_dags/example_time_delta_sensor_async.py
[2025-04-03T13:48:05.289+0000] {processor.py:914} INFO - Processing file /home/hamza/Documents/project/Mlops/myenv/lib/python3.12/site-packages/airflow/example_dags/example_time_delta_sensor_async.py for tasks to queue
[2025-04-03T13:48:05.293+0000] {logging_mixin.py:190} INFO - [2025-04-03T13:48:05.292+0000] {dagbag.py:588} INFO - Filling up the DagBag from /home/hamza/Documents/project/Mlops/myenv/lib/python3.12/site-packages/airflow/example_dags/example_time_delta_sensor_async.py
[2025-04-03T13:48:05.306+0000] {processor.py:925} INFO - DAG(s) 'example_time_delta_sensor_async' retrieved from /home/hamza/Documents/project/Mlops/myenv/lib/python3.12/site-packages/airflow/example_dags/example_time_delta_sensor_async.py
[2025-04-03T13:48:05.334+0000] {logging_mixin.py:190} INFO - [2025-04-03T13:48:05.334+0000] {dag.py:3239} INFO - Sync 1 DAGs
[2025-04-03T13:48:05.360+0000] {logging_mixin.py:190} INFO - [2025-04-03T13:48:05.359+0000] {dag.py:4180} INFO - Setting next_dagrun for example_time_delta_sensor_async to None, run_after=None
[2025-04-03T13:48:05.400+0000] {processor.py:208} INFO - Processing /home/hamza/Documents/project/Mlops/myenv/lib/python3.12/site-packages/airflow/example_dags/example_time_delta_sensor_async.py took 0.125 seconds
[2025-04-03T13:49:41.354+0000] {processor.py:186} INFO - Started process (PID=102939) to work on /home/hamza/Documents/project/Mlops/myenv/lib/python3.12/site-packages/airflow/example_dags/example_time_delta_sensor_async.py
[2025-04-03T13:49:41.356+0000] {processor.py:914} INFO - Processing file /home/hamza/Documents/project/Mlops/myenv/lib/python3.12/site-packages/airflow/example_dags/example_time_delta_sensor_async.py for tasks to queue
[2025-04-03T13:49:41.359+0000] {logging_mixin.py:190} INFO - [2025-04-03T13:49:41.359+0000] {dagbag.py:588} INFO - Filling up the DagBag from /home/hamza/Documents/project/Mlops/myenv/lib/python3.12/site-packages/airflow/example_dags/example_time_delta_sensor_async.py
[2025-04-03T13:49:41.371+0000] {processor.py:925} INFO - DAG(s) 'example_time_delta_sensor_async' retrieved from /home/hamza/Documents/project/Mlops/myenv/lib/python3.12/site-packages/airflow/example_dags/example_time_delta_sensor_async.py
[2025-04-03T13:49:41.402+0000] {logging_mixin.py:190} INFO - [2025-04-03T13:49:41.402+0000] {dag.py:3239} INFO - Sync 1 DAGs
[2025-04-03T13:49:41.423+0000] {logging_mixin.py:190} INFO - [2025-04-03T13:49:41.422+0000] {dag.py:4180} INFO - Setting next_dagrun for example_time_delta_sensor_async to None, run_after=None
[2025-04-03T13:49:41.456+0000] {processor.py:208} INFO - Processing /home/hamza/Documents/project/Mlops/myenv/lib/python3.12/site-packages/airflow/example_dags/example_time_delta_sensor_async.py took 0.111 seconds
[2025-04-03T13:51:00.757+0000] {processor.py:186} INFO - Started process (PID=103914) to work on /home/hamza/Documents/project/Mlops/myenv/lib/python3.12/site-packages/airflow/example_dags/example_time_delta_sensor_async.py
[2025-04-03T13:51:00.763+0000] {processor.py:914} INFO - Processing file /home/hamza/Documents/project/Mlops/myenv/lib/python3.12/site-packages/airflow/example_dags/example_time_delta_sensor_async.py for tasks to queue
[2025-04-03T13:51:00.768+0000] {logging_mixin.py:190} INFO - [2025-04-03T13:51:00.767+0000] {dagbag.py:588} INFO - Filling up the DagBag from /home/hamza/Documents/project/Mlops/myenv/lib/python3.12/site-packages/airflow/example_dags/example_time_delta_sensor_async.py
[2025-04-03T13:51:00.781+0000] {processor.py:925} INFO - DAG(s) 'example_time_delta_sensor_async' retrieved from /home/hamza/Documents/project/Mlops/myenv/lib/python3.12/site-packages/airflow/example_dags/example_time_delta_sensor_async.py
[2025-04-03T13:51:00.809+0000] {logging_mixin.py:190} INFO - [2025-04-03T13:51:00.808+0000] {dag.py:3239} INFO - Sync 1 DAGs
[2025-04-03T13:51:00.832+0000] {logging_mixin.py:190} INFO - [2025-04-03T13:51:00.831+0000] {dag.py:4180} INFO - Setting next_dagrun for example_time_delta_sensor_async to None, run_after=None
[2025-04-03T13:51:00.870+0000] {processor.py:208} INFO - Processing /home/hamza/Documents/project/Mlops/myenv/lib/python3.12/site-packages/airflow/example_dags/example_time_delta_sensor_async.py took 0.123 seconds
[2025-04-03T13:52:39.854+0000] {processor.py:186} INFO - Started process (PID=104984) to work on /home/hamza/Documents/project/Mlops/myenv/lib/python3.12/site-packages/airflow/example_dags/example_time_delta_sensor_async.py
[2025-04-03T13:52:39.856+0000] {processor.py:914} INFO - Processing file /home/hamza/Documents/project/Mlops/myenv/lib/python3.12/site-packages/airflow/example_dags/example_time_delta_sensor_async.py for tasks to queue
[2025-04-03T13:52:39.860+0000] {logging_mixin.py:190} INFO - [2025-04-03T13:52:39.859+0000] {dagbag.py:588} INFO - Filling up the DagBag from /home/hamza/Documents/project/Mlops/myenv/lib/python3.12/site-packages/airflow/example_dags/example_time_delta_sensor_async.py
[2025-04-03T13:52:39.873+0000] {processor.py:925} INFO - DAG(s) 'example_time_delta_sensor_async' retrieved from /home/hamza/Documents/project/Mlops/myenv/lib/python3.12/site-packages/airflow/example_dags/example_time_delta_sensor_async.py
[2025-04-03T13:52:39.900+0000] {logging_mixin.py:190} INFO - [2025-04-03T13:52:39.899+0000] {dag.py:3239} INFO - Sync 1 DAGs
[2025-04-03T13:52:39.921+0000] {logging_mixin.py:190} INFO - [2025-04-03T13:52:39.920+0000] {dag.py:4180} INFO - Setting next_dagrun for example_time_delta_sensor_async to None, run_after=None
[2025-04-03T13:52:39.956+0000] {processor.py:208} INFO - Processing /home/hamza/Documents/project/Mlops/myenv/lib/python3.12/site-packages/airflow/example_dags/example_time_delta_sensor_async.py took 0.112 seconds
[2025-04-03T13:54:15.534+0000] {processor.py:186} INFO - Started process (PID=106031) to work on /home/hamza/Documents/project/Mlops/myenv/lib/python3.12/site-packages/airflow/example_dags/example_time_delta_sensor_async.py
[2025-04-03T13:54:15.537+0000] {processor.py:914} INFO - Processing file /home/hamza/Documents/project/Mlops/myenv/lib/python3.12/site-packages/airflow/example_dags/example_time_delta_sensor_async.py for tasks to queue
[2025-04-03T13:54:15.541+0000] {logging_mixin.py:190} INFO - [2025-04-03T13:54:15.540+0000] {dagbag.py:588} INFO - Filling up the DagBag from /home/hamza/Documents/project/Mlops/myenv/lib/python3.12/site-packages/airflow/example_dags/example_time_delta_sensor_async.py
[2025-04-03T13:54:15.552+0000] {processor.py:925} INFO - DAG(s) 'example_time_delta_sensor_async' retrieved from /home/hamza/Documents/project/Mlops/myenv/lib/python3.12/site-packages/airflow/example_dags/example_time_delta_sensor_async.py
[2025-04-03T13:54:15.578+0000] {logging_mixin.py:190} INFO - [2025-04-03T13:54:15.578+0000] {dag.py:3239} INFO - Sync 1 DAGs
[2025-04-03T13:54:15.600+0000] {logging_mixin.py:190} INFO - [2025-04-03T13:54:15.600+0000] {dag.py:4180} INFO - Setting next_dagrun for example_time_delta_sensor_async to None, run_after=None
[2025-04-03T13:54:15.637+0000] {processor.py:208} INFO - Processing /home/hamza/Documents/project/Mlops/myenv/lib/python3.12/site-packages/airflow/example_dags/example_time_delta_sensor_async.py took 0.112 seconds
[2025-04-03T13:58:02.683+0000] {processor.py:186} INFO - Started process (PID=109033) to work on /home/hamza/Documents/project/Mlops/myenv/lib/python3.12/site-packages/airflow/example_dags/example_time_delta_sensor_async.py
[2025-04-03T13:58:02.685+0000] {processor.py:914} INFO - Processing file /home/hamza/Documents/project/Mlops/myenv/lib/python3.12/site-packages/airflow/example_dags/example_time_delta_sensor_async.py for tasks to queue
[2025-04-03T13:58:02.687+0000] {logging_mixin.py:190} INFO - [2025-04-03T13:58:02.687+0000] {dagbag.py:588} INFO - Filling up the DagBag from /home/hamza/Documents/project/Mlops/myenv/lib/python3.12/site-packages/airflow/example_dags/example_time_delta_sensor_async.py
[2025-04-03T13:58:02.695+0000] {processor.py:925} INFO - DAG(s) 'example_time_delta_sensor_async' retrieved from /home/hamza/Documents/project/Mlops/myenv/lib/python3.12/site-packages/airflow/example_dags/example_time_delta_sensor_async.py
[2025-04-03T13:58:02.721+0000] {logging_mixin.py:190} INFO - [2025-04-03T13:58:02.721+0000] {dag.py:3239} INFO - Sync 1 DAGs
[2025-04-03T13:58:02.739+0000] {logging_mixin.py:190} INFO - [2025-04-03T13:58:02.738+0000] {dag.py:4180} INFO - Setting next_dagrun for example_time_delta_sensor_async to None, run_after=None
[2025-04-03T13:58:02.767+0000] {processor.py:208} INFO - Processing /home/hamza/Documents/project/Mlops/myenv/lib/python3.12/site-packages/airflow/example_dags/example_time_delta_sensor_async.py took 0.093 seconds
[2025-04-03T13:59:12.077+0000] {processor.py:186} INFO - Started process (PID=109938) to work on /home/hamza/Documents/project/Mlops/myenv/lib/python3.12/site-packages/airflow/example_dags/example_time_delta_sensor_async.py
[2025-04-03T13:59:12.080+0000] {processor.py:914} INFO - Processing file /home/hamza/Documents/project/Mlops/myenv/lib/python3.12/site-packages/airflow/example_dags/example_time_delta_sensor_async.py for tasks to queue
[2025-04-03T13:59:12.084+0000] {logging_mixin.py:190} INFO - [2025-04-03T13:59:12.083+0000] {dagbag.py:588} INFO - Filling up the DagBag from /home/hamza/Documents/project/Mlops/myenv/lib/python3.12/site-packages/airflow/example_dags/example_time_delta_sensor_async.py
[2025-04-03T13:59:12.096+0000] {processor.py:925} INFO - DAG(s) 'example_time_delta_sensor_async' retrieved from /home/hamza/Documents/project/Mlops/myenv/lib/python3.12/site-packages/airflow/example_dags/example_time_delta_sensor_async.py
[2025-04-03T13:59:12.129+0000] {logging_mixin.py:190} INFO - [2025-04-03T13:59:12.129+0000] {dag.py:3239} INFO - Sync 1 DAGs
[2025-04-03T13:59:12.149+0000] {logging_mixin.py:190} INFO - [2025-04-03T13:59:12.149+0000] {dag.py:4180} INFO - Setting next_dagrun for example_time_delta_sensor_async to None, run_after=None
[2025-04-03T13:59:12.182+0000] {processor.py:208} INFO - Processing /home/hamza/Documents/project/Mlops/myenv/lib/python3.12/site-packages/airflow/example_dags/example_time_delta_sensor_async.py took 0.117 seconds
[2025-04-03T14:10:03.505+0000] {processor.py:186} INFO - Started process (PID=117977) to work on /home/hamza/Documents/project/Mlops/myenv/lib/python3.12/site-packages/airflow/example_dags/example_time_delta_sensor_async.py
[2025-04-03T14:10:03.509+0000] {processor.py:914} INFO - Processing file /home/hamza/Documents/project/Mlops/myenv/lib/python3.12/site-packages/airflow/example_dags/example_time_delta_sensor_async.py for tasks to queue
[2025-04-03T14:10:03.511+0000] {logging_mixin.py:190} INFO - [2025-04-03T14:10:03.511+0000] {dagbag.py:588} INFO - Filling up the DagBag from /home/hamza/Documents/project/Mlops/myenv/lib/python3.12/site-packages/airflow/example_dags/example_time_delta_sensor_async.py
[2025-04-03T14:10:03.519+0000] {processor.py:925} INFO - DAG(s) 'example_time_delta_sensor_async' retrieved from /home/hamza/Documents/project/Mlops/myenv/lib/python3.12/site-packages/airflow/example_dags/example_time_delta_sensor_async.py
[2025-04-03T14:10:03.552+0000] {logging_mixin.py:190} INFO - [2025-04-03T14:10:03.551+0000] {dag.py:3239} INFO - Sync 1 DAGs
[2025-04-03T14:10:03.571+0000] {logging_mixin.py:190} INFO - [2025-04-03T14:10:03.571+0000] {dag.py:4180} INFO - Setting next_dagrun for example_time_delta_sensor_async to None, run_after=None
[2025-04-03T14:10:03.604+0000] {processor.py:208} INFO - Processing /home/hamza/Documents/project/Mlops/myenv/lib/python3.12/site-packages/airflow/example_dags/example_time_delta_sensor_async.py took 0.109 seconds
[2025-04-03T14:11:18.905+0000] {processor.py:186} INFO - Started process (PID=118676) to work on /home/hamza/Documents/project/Mlops/myenv/lib/python3.12/site-packages/airflow/example_dags/example_time_delta_sensor_async.py
[2025-04-03T14:11:18.907+0000] {processor.py:914} INFO - Processing file /home/hamza/Documents/project/Mlops/myenv/lib/python3.12/site-packages/airflow/example_dags/example_time_delta_sensor_async.py for tasks to queue
[2025-04-03T14:11:18.909+0000] {logging_mixin.py:190} INFO - [2025-04-03T14:11:18.908+0000] {dagbag.py:588} INFO - Filling up the DagBag from /home/hamza/Documents/project/Mlops/myenv/lib/python3.12/site-packages/airflow/example_dags/example_time_delta_sensor_async.py
[2025-04-03T14:11:18.917+0000] {processor.py:925} INFO - DAG(s) 'example_time_delta_sensor_async' retrieved from /home/hamza/Documents/project/Mlops/myenv/lib/python3.12/site-packages/airflow/example_dags/example_time_delta_sensor_async.py
[2025-04-03T14:11:18.942+0000] {logging_mixin.py:190} INFO - [2025-04-03T14:11:18.942+0000] {dag.py:3239} INFO - Sync 1 DAGs
[2025-04-03T14:11:18.961+0000] {logging_mixin.py:190} INFO - [2025-04-03T14:11:18.960+0000] {dag.py:4180} INFO - Setting next_dagrun for example_time_delta_sensor_async to None, run_after=None
[2025-04-03T14:11:18.997+0000] {processor.py:208} INFO - Processing /home/hamza/Documents/project/Mlops/myenv/lib/python3.12/site-packages/airflow/example_dags/example_time_delta_sensor_async.py took 0.100 seconds
[2025-04-03T14:12:59.321+0000] {processor.py:186} INFO - Started process (PID=119604) to work on /home/hamza/Documents/project/Mlops/myenv/lib/python3.12/site-packages/airflow/example_dags/example_time_delta_sensor_async.py
[2025-04-03T14:12:59.323+0000] {processor.py:914} INFO - Processing file /home/hamza/Documents/project/Mlops/myenv/lib/python3.12/site-packages/airflow/example_dags/example_time_delta_sensor_async.py for tasks to queue
[2025-04-03T14:12:59.325+0000] {logging_mixin.py:190} INFO - [2025-04-03T14:12:59.325+0000] {dagbag.py:588} INFO - Filling up the DagBag from /home/hamza/Documents/project/Mlops/myenv/lib/python3.12/site-packages/airflow/example_dags/example_time_delta_sensor_async.py
[2025-04-03T14:12:59.335+0000] {processor.py:925} INFO - DAG(s) 'example_time_delta_sensor_async' retrieved from /home/hamza/Documents/project/Mlops/myenv/lib/python3.12/site-packages/airflow/example_dags/example_time_delta_sensor_async.py
[2025-04-03T14:12:59.362+0000] {logging_mixin.py:190} INFO - [2025-04-03T14:12:59.361+0000] {dag.py:3239} INFO - Sync 1 DAGs
[2025-04-03T14:12:59.382+0000] {logging_mixin.py:190} INFO - [2025-04-03T14:12:59.382+0000] {dag.py:4180} INFO - Setting next_dagrun for example_time_delta_sensor_async to None, run_after=None
[2025-04-03T14:12:59.426+0000] {processor.py:208} INFO - Processing /home/hamza/Documents/project/Mlops/myenv/lib/python3.12/site-packages/airflow/example_dags/example_time_delta_sensor_async.py took 0.115 seconds
[2025-04-03T14:18:42.970+0000] {processor.py:186} INFO - Started process (PID=122376) to work on /home/hamza/Documents/project/Mlops/myenv/lib/python3.12/site-packages/airflow/example_dags/example_time_delta_sensor_async.py
[2025-04-03T14:18:42.973+0000] {processor.py:914} INFO - Processing file /home/hamza/Documents/project/Mlops/myenv/lib/python3.12/site-packages/airflow/example_dags/example_time_delta_sensor_async.py for tasks to queue
[2025-04-03T14:18:42.975+0000] {logging_mixin.py:190} INFO - [2025-04-03T14:18:42.975+0000] {dagbag.py:588} INFO - Filling up the DagBag from /home/hamza/Documents/project/Mlops/myenv/lib/python3.12/site-packages/airflow/example_dags/example_time_delta_sensor_async.py
[2025-04-03T14:18:42.985+0000] {processor.py:925} INFO - DAG(s) 'example_time_delta_sensor_async' retrieved from /home/hamza/Documents/project/Mlops/myenv/lib/python3.12/site-packages/airflow/example_dags/example_time_delta_sensor_async.py
[2025-04-03T14:18:43.019+0000] {logging_mixin.py:190} INFO - [2025-04-03T14:18:43.018+0000] {dag.py:3239} INFO - Sync 1 DAGs
[2025-04-03T14:18:43.045+0000] {logging_mixin.py:190} INFO - [2025-04-03T14:18:43.045+0000] {dag.py:4180} INFO - Setting next_dagrun for example_time_delta_sensor_async to None, run_after=None
[2025-04-03T14:18:43.093+0000] {processor.py:208} INFO - Processing /home/hamza/Documents/project/Mlops/myenv/lib/python3.12/site-packages/airflow/example_dags/example_time_delta_sensor_async.py took 0.132 seconds
[2025-04-03T14:20:11.782+0000] {processor.py:186} INFO - Started process (PID=123049) to work on /home/hamza/Documents/project/Mlops/myenv/lib/python3.12/site-packages/airflow/example_dags/example_time_delta_sensor_async.py
[2025-04-03T14:20:11.817+0000] {processor.py:914} INFO - Processing file /home/hamza/Documents/project/Mlops/myenv/lib/python3.12/site-packages/airflow/example_dags/example_time_delta_sensor_async.py for tasks to queue
[2025-04-03T14:20:11.845+0000] {logging_mixin.py:190} INFO - [2025-04-03T14:20:11.819+0000] {dagbag.py:588} INFO - Filling up the DagBag from /home/hamza/Documents/project/Mlops/myenv/lib/python3.12/site-packages/airflow/example_dags/example_time_delta_sensor_async.py
[2025-04-03T14:20:12.115+0000] {processor.py:925} INFO - DAG(s) 'example_time_delta_sensor_async' retrieved from /home/hamza/Documents/project/Mlops/myenv/lib/python3.12/site-packages/airflow/example_dags/example_time_delta_sensor_async.py
[2025-04-03T14:20:12.860+0000] {logging_mixin.py:190} INFO - [2025-04-03T14:20:12.802+0000] {dag.py:3239} INFO - Sync 1 DAGs
[2025-04-03T14:20:13.124+0000] {logging_mixin.py:190} INFO - [2025-04-03T14:20:13.095+0000] {dag.py:4180} INFO - Setting next_dagrun for example_time_delta_sensor_async to None, run_after=None
[2025-04-03T14:20:14.566+0000] {processor.py:208} INFO - Processing /home/hamza/Documents/project/Mlops/myenv/lib/python3.12/site-packages/airflow/example_dags/example_time_delta_sensor_async.py took 2.881 seconds
[2025-04-03T15:08:14.249+0000] {processor.py:186} INFO - Started process (PID=36044) to work on /home/hamza/Documents/project/Mlops/myenv/lib/python3.12/site-packages/airflow/example_dags/example_time_delta_sensor_async.py
[2025-04-03T15:08:14.251+0000] {processor.py:914} INFO - Processing file /home/hamza/Documents/project/Mlops/myenv/lib/python3.12/site-packages/airflow/example_dags/example_time_delta_sensor_async.py for tasks to queue
[2025-04-03T15:08:14.255+0000] {logging_mixin.py:190} INFO - [2025-04-03T15:08:14.254+0000] {dagbag.py:588} INFO - Filling up the DagBag from /home/hamza/Documents/project/Mlops/myenv/lib/python3.12/site-packages/airflow/example_dags/example_time_delta_sensor_async.py
[2025-04-03T15:08:14.267+0000] {processor.py:925} INFO - DAG(s) 'example_time_delta_sensor_async' retrieved from /home/hamza/Documents/project/Mlops/myenv/lib/python3.12/site-packages/airflow/example_dags/example_time_delta_sensor_async.py
[2025-04-03T15:08:14.296+0000] {logging_mixin.py:190} INFO - [2025-04-03T15:08:14.295+0000] {dag.py:3239} INFO - Sync 1 DAGs
[2025-04-03T15:08:14.316+0000] {logging_mixin.py:190} INFO - [2025-04-03T15:08:14.315+0000] {dag.py:4180} INFO - Setting next_dagrun for example_time_delta_sensor_async to None, run_after=None
[2025-04-03T15:08:14.350+0000] {processor.py:208} INFO - Processing /home/hamza/Documents/project/Mlops/myenv/lib/python3.12/site-packages/airflow/example_dags/example_time_delta_sensor_async.py took 0.112 seconds
[2025-04-03T15:09:29.512+0000] {processor.py:186} INFO - Started process (PID=36822) to work on /home/hamza/Documents/project/Mlops/myenv/lib/python3.12/site-packages/airflow/example_dags/example_time_delta_sensor_async.py
[2025-04-03T15:09:29.514+0000] {processor.py:914} INFO - Processing file /home/hamza/Documents/project/Mlops/myenv/lib/python3.12/site-packages/airflow/example_dags/example_time_delta_sensor_async.py for tasks to queue
[2025-04-03T15:09:29.518+0000] {logging_mixin.py:190} INFO - [2025-04-03T15:09:29.517+0000] {dagbag.py:588} INFO - Filling up the DagBag from /home/hamza/Documents/project/Mlops/myenv/lib/python3.12/site-packages/airflow/example_dags/example_time_delta_sensor_async.py
[2025-04-03T15:09:29.530+0000] {processor.py:925} INFO - DAG(s) 'example_time_delta_sensor_async' retrieved from /home/hamza/Documents/project/Mlops/myenv/lib/python3.12/site-packages/airflow/example_dags/example_time_delta_sensor_async.py
[2025-04-03T15:09:29.557+0000] {logging_mixin.py:190} INFO - [2025-04-03T15:09:29.556+0000] {dag.py:3239} INFO - Sync 1 DAGs
[2025-04-03T15:09:29.578+0000] {logging_mixin.py:190} INFO - [2025-04-03T15:09:29.578+0000] {dag.py:4180} INFO - Setting next_dagrun for example_time_delta_sensor_async to None, run_after=None
[2025-04-03T15:09:29.618+0000] {processor.py:208} INFO - Processing /home/hamza/Documents/project/Mlops/myenv/lib/python3.12/site-packages/airflow/example_dags/example_time_delta_sensor_async.py took 0.114 seconds
[2025-04-03T15:10:57.339+0000] {processor.py:186} INFO - Started process (PID=37637) to work on /home/hamza/Documents/project/Mlops/myenv/lib/python3.12/site-packages/airflow/example_dags/example_time_delta_sensor_async.py
[2025-04-03T15:10:57.346+0000] {processor.py:914} INFO - Processing file /home/hamza/Documents/project/Mlops/myenv/lib/python3.12/site-packages/airflow/example_dags/example_time_delta_sensor_async.py for tasks to queue
[2025-04-03T15:10:57.349+0000] {logging_mixin.py:190} INFO - [2025-04-03T15:10:57.349+0000] {dagbag.py:588} INFO - Filling up the DagBag from /home/hamza/Documents/project/Mlops/myenv/lib/python3.12/site-packages/airflow/example_dags/example_time_delta_sensor_async.py
[2025-04-03T15:10:57.361+0000] {processor.py:925} INFO - DAG(s) 'example_time_delta_sensor_async' retrieved from /home/hamza/Documents/project/Mlops/myenv/lib/python3.12/site-packages/airflow/example_dags/example_time_delta_sensor_async.py
[2025-04-03T15:10:57.389+0000] {logging_mixin.py:190} INFO - [2025-04-03T15:10:57.388+0000] {dag.py:3239} INFO - Sync 1 DAGs
[2025-04-03T15:10:57.409+0000] {logging_mixin.py:190} INFO - [2025-04-03T15:10:57.409+0000] {dag.py:4180} INFO - Setting next_dagrun for example_time_delta_sensor_async to None, run_after=None
[2025-04-03T15:10:57.441+0000] {processor.py:208} INFO - Processing /home/hamza/Documents/project/Mlops/myenv/lib/python3.12/site-packages/airflow/example_dags/example_time_delta_sensor_async.py took 0.113 seconds
[2025-04-03T15:12:27.811+0000] {processor.py:186} INFO - Started process (PID=38461) to work on /home/hamza/Documents/project/Mlops/myenv/lib/python3.12/site-packages/airflow/example_dags/example_time_delta_sensor_async.py
[2025-04-03T15:12:27.816+0000] {processor.py:914} INFO - Processing file /home/hamza/Documents/project/Mlops/myenv/lib/python3.12/site-packages/airflow/example_dags/example_time_delta_sensor_async.py for tasks to queue
[2025-04-03T15:12:27.820+0000] {logging_mixin.py:190} INFO - [2025-04-03T15:12:27.819+0000] {dagbag.py:588} INFO - Filling up the DagBag from /home/hamza/Documents/project/Mlops/myenv/lib/python3.12/site-packages/airflow/example_dags/example_time_delta_sensor_async.py
[2025-04-03T15:12:27.832+0000] {processor.py:925} INFO - DAG(s) 'example_time_delta_sensor_async' retrieved from /home/hamza/Documents/project/Mlops/myenv/lib/python3.12/site-packages/airflow/example_dags/example_time_delta_sensor_async.py
[2025-04-03T15:12:27.855+0000] {logging_mixin.py:190} INFO - [2025-04-03T15:12:27.855+0000] {dag.py:3239} INFO - Sync 1 DAGs
[2025-04-03T15:12:27.875+0000] {logging_mixin.py:190} INFO - [2025-04-03T15:12:27.875+0000] {dag.py:4180} INFO - Setting next_dagrun for example_time_delta_sensor_async to None, run_after=None
[2025-04-03T15:12:27.911+0000] {processor.py:208} INFO - Processing /home/hamza/Documents/project/Mlops/myenv/lib/python3.12/site-packages/airflow/example_dags/example_time_delta_sensor_async.py took 0.109 seconds
[2025-04-03T15:14:03.930+0000] {processor.py:186} INFO - Started process (PID=39349) to work on /home/hamza/Documents/project/Mlops/myenv/lib/python3.12/site-packages/airflow/example_dags/example_time_delta_sensor_async.py
[2025-04-03T15:14:03.932+0000] {processor.py:914} INFO - Processing file /home/hamza/Documents/project/Mlops/myenv/lib/python3.12/site-packages/airflow/example_dags/example_time_delta_sensor_async.py for tasks to queue
[2025-04-03T15:14:03.936+0000] {logging_mixin.py:190} INFO - [2025-04-03T15:14:03.936+0000] {dagbag.py:588} INFO - Filling up the DagBag from /home/hamza/Documents/project/Mlops/myenv/lib/python3.12/site-packages/airflow/example_dags/example_time_delta_sensor_async.py
[2025-04-03T15:14:03.949+0000] {processor.py:925} INFO - DAG(s) 'example_time_delta_sensor_async' retrieved from /home/hamza/Documents/project/Mlops/myenv/lib/python3.12/site-packages/airflow/example_dags/example_time_delta_sensor_async.py
[2025-04-03T15:14:03.973+0000] {logging_mixin.py:190} INFO - [2025-04-03T15:14:03.973+0000] {dag.py:3239} INFO - Sync 1 DAGs
[2025-04-03T15:14:03.995+0000] {logging_mixin.py:190} INFO - [2025-04-03T15:14:03.995+0000] {dag.py:4180} INFO - Setting next_dagrun for example_time_delta_sensor_async to None, run_after=None
[2025-04-03T15:14:04.031+0000] {processor.py:208} INFO - Processing /home/hamza/Documents/project/Mlops/myenv/lib/python3.12/site-packages/airflow/example_dags/example_time_delta_sensor_async.py took 0.112 seconds
[2025-04-03T15:15:38.543+0000] {processor.py:186} INFO - Started process (PID=40303) to work on /home/hamza/Documents/project/Mlops/myenv/lib/python3.12/site-packages/airflow/example_dags/example_time_delta_sensor_async.py
[2025-04-03T15:15:38.547+0000] {processor.py:914} INFO - Processing file /home/hamza/Documents/project/Mlops/myenv/lib/python3.12/site-packages/airflow/example_dags/example_time_delta_sensor_async.py for tasks to queue
[2025-04-03T15:15:38.552+0000] {logging_mixin.py:190} INFO - [2025-04-03T15:15:38.551+0000] {dagbag.py:588} INFO - Filling up the DagBag from /home/hamza/Documents/project/Mlops/myenv/lib/python3.12/site-packages/airflow/example_dags/example_time_delta_sensor_async.py
[2025-04-03T15:15:38.564+0000] {processor.py:925} INFO - DAG(s) 'example_time_delta_sensor_async' retrieved from /home/hamza/Documents/project/Mlops/myenv/lib/python3.12/site-packages/airflow/example_dags/example_time_delta_sensor_async.py
[2025-04-03T15:15:38.590+0000] {logging_mixin.py:190} INFO - [2025-04-03T15:15:38.590+0000] {dag.py:3239} INFO - Sync 1 DAGs
[2025-04-03T15:15:38.610+0000] {logging_mixin.py:190} INFO - [2025-04-03T15:15:38.610+0000] {dag.py:4180} INFO - Setting next_dagrun for example_time_delta_sensor_async to None, run_after=None
[2025-04-03T15:15:38.643+0000] {processor.py:208} INFO - Processing /home/hamza/Documents/project/Mlops/myenv/lib/python3.12/site-packages/airflow/example_dags/example_time_delta_sensor_async.py took 0.111 seconds
[2025-04-03T15:17:16.836+0000] {processor.py:186} INFO - Started process (PID=41278) to work on /home/hamza/Documents/project/Mlops/myenv/lib/python3.12/site-packages/airflow/example_dags/example_time_delta_sensor_async.py
[2025-04-03T15:17:16.837+0000] {processor.py:914} INFO - Processing file /home/hamza/Documents/project/Mlops/myenv/lib/python3.12/site-packages/airflow/example_dags/example_time_delta_sensor_async.py for tasks to queue
[2025-04-03T15:17:16.842+0000] {logging_mixin.py:190} INFO - [2025-04-03T15:17:16.842+0000] {dagbag.py:588} INFO - Filling up the DagBag from /home/hamza/Documents/project/Mlops/myenv/lib/python3.12/site-packages/airflow/example_dags/example_time_delta_sensor_async.py
[2025-04-03T15:17:16.860+0000] {processor.py:925} INFO - DAG(s) 'example_time_delta_sensor_async' retrieved from /home/hamza/Documents/project/Mlops/myenv/lib/python3.12/site-packages/airflow/example_dags/example_time_delta_sensor_async.py
[2025-04-03T15:17:16.898+0000] {logging_mixin.py:190} INFO - [2025-04-03T15:17:16.897+0000] {dag.py:3239} INFO - Sync 1 DAGs
[2025-04-03T15:17:16.927+0000] {logging_mixin.py:190} INFO - [2025-04-03T15:17:16.926+0000] {dag.py:4180} INFO - Setting next_dagrun for example_time_delta_sensor_async to None, run_after=None
[2025-04-03T15:17:16.967+0000] {processor.py:208} INFO - Processing /home/hamza/Documents/project/Mlops/myenv/lib/python3.12/site-packages/airflow/example_dags/example_time_delta_sensor_async.py took 0.141 seconds
[2025-04-03T15:18:48.723+0000] {processor.py:186} INFO - Started process (PID=42262) to work on /home/hamza/Documents/project/Mlops/myenv/lib/python3.12/site-packages/airflow/example_dags/example_time_delta_sensor_async.py
[2025-04-03T15:18:48.726+0000] {processor.py:914} INFO - Processing file /home/hamza/Documents/project/Mlops/myenv/lib/python3.12/site-packages/airflow/example_dags/example_time_delta_sensor_async.py for tasks to queue
[2025-04-03T15:18:48.730+0000] {logging_mixin.py:190} INFO - [2025-04-03T15:18:48.729+0000] {dagbag.py:588} INFO - Filling up the DagBag from /home/hamza/Documents/project/Mlops/myenv/lib/python3.12/site-packages/airflow/example_dags/example_time_delta_sensor_async.py
[2025-04-03T15:18:48.741+0000] {processor.py:925} INFO - DAG(s) 'example_time_delta_sensor_async' retrieved from /home/hamza/Documents/project/Mlops/myenv/lib/python3.12/site-packages/airflow/example_dags/example_time_delta_sensor_async.py
[2025-04-03T15:18:48.766+0000] {logging_mixin.py:190} INFO - [2025-04-03T15:18:48.766+0000] {dag.py:3239} INFO - Sync 1 DAGs
[2025-04-03T15:18:48.790+0000] {logging_mixin.py:190} INFO - [2025-04-03T15:18:48.789+0000] {dag.py:4180} INFO - Setting next_dagrun for example_time_delta_sensor_async to None, run_after=None
[2025-04-03T15:18:48.826+0000] {processor.py:208} INFO - Processing /home/hamza/Documents/project/Mlops/myenv/lib/python3.12/site-packages/airflow/example_dags/example_time_delta_sensor_async.py took 0.113 seconds
[2025-04-03T15:20:20.057+0000] {processor.py:186} INFO - Started process (PID=43273) to work on /home/hamza/Documents/project/Mlops/myenv/lib/python3.12/site-packages/airflow/example_dags/example_time_delta_sensor_async.py
[2025-04-03T15:20:20.058+0000] {processor.py:914} INFO - Processing file /home/hamza/Documents/project/Mlops/myenv/lib/python3.12/site-packages/airflow/example_dags/example_time_delta_sensor_async.py for tasks to queue
[2025-04-03T15:20:20.063+0000] {logging_mixin.py:190} INFO - [2025-04-03T15:20:20.062+0000] {dagbag.py:588} INFO - Filling up the DagBag from /home/hamza/Documents/project/Mlops/myenv/lib/python3.12/site-packages/airflow/example_dags/example_time_delta_sensor_async.py
[2025-04-03T15:20:20.074+0000] {processor.py:925} INFO - DAG(s) 'example_time_delta_sensor_async' retrieved from /home/hamza/Documents/project/Mlops/myenv/lib/python3.12/site-packages/airflow/example_dags/example_time_delta_sensor_async.py
[2025-04-03T15:20:20.096+0000] {logging_mixin.py:190} INFO - [2025-04-03T15:20:20.095+0000] {dag.py:3239} INFO - Sync 1 DAGs
[2025-04-03T15:20:20.114+0000] {logging_mixin.py:190} INFO - [2025-04-03T15:20:20.113+0000] {dag.py:4180} INFO - Setting next_dagrun for example_time_delta_sensor_async to None, run_after=None
[2025-04-03T15:20:20.149+0000] {processor.py:208} INFO - Processing /home/hamza/Documents/project/Mlops/myenv/lib/python3.12/site-packages/airflow/example_dags/example_time_delta_sensor_async.py took 0.101 seconds
[2025-04-03T15:21:55.101+0000] {processor.py:186} INFO - Started process (PID=44170) to work on /home/hamza/Documents/project/Mlops/myenv/lib/python3.12/site-packages/airflow/example_dags/example_time_delta_sensor_async.py
[2025-04-03T15:21:55.104+0000] {processor.py:914} INFO - Processing file /home/hamza/Documents/project/Mlops/myenv/lib/python3.12/site-packages/airflow/example_dags/example_time_delta_sensor_async.py for tasks to queue
[2025-04-03T15:21:55.109+0000] {logging_mixin.py:190} INFO - [2025-04-03T15:21:55.108+0000] {dagbag.py:588} INFO - Filling up the DagBag from /home/hamza/Documents/project/Mlops/myenv/lib/python3.12/site-packages/airflow/example_dags/example_time_delta_sensor_async.py
[2025-04-03T15:21:55.120+0000] {processor.py:925} INFO - DAG(s) 'example_time_delta_sensor_async' retrieved from /home/hamza/Documents/project/Mlops/myenv/lib/python3.12/site-packages/airflow/example_dags/example_time_delta_sensor_async.py
[2025-04-03T15:21:55.145+0000] {logging_mixin.py:190} INFO - [2025-04-03T15:21:55.145+0000] {dag.py:3239} INFO - Sync 1 DAGs
[2025-04-03T15:21:55.165+0000] {logging_mixin.py:190} INFO - [2025-04-03T15:21:55.165+0000] {dag.py:4180} INFO - Setting next_dagrun for example_time_delta_sensor_async to None, run_after=None
[2025-04-03T15:21:55.199+0000] {processor.py:208} INFO - Processing /home/hamza/Documents/project/Mlops/myenv/lib/python3.12/site-packages/airflow/example_dags/example_time_delta_sensor_async.py took 0.106 seconds
[2025-04-03T15:23:32.801+0000] {processor.py:186} INFO - Started process (PID=45118) to work on /home/hamza/Documents/project/Mlops/myenv/lib/python3.12/site-packages/airflow/example_dags/example_time_delta_sensor_async.py
[2025-04-03T15:23:32.804+0000] {processor.py:914} INFO - Processing file /home/hamza/Documents/project/Mlops/myenv/lib/python3.12/site-packages/airflow/example_dags/example_time_delta_sensor_async.py for tasks to queue
[2025-04-03T15:23:32.809+0000] {logging_mixin.py:190} INFO - [2025-04-03T15:23:32.808+0000] {dagbag.py:588} INFO - Filling up the DagBag from /home/hamza/Documents/project/Mlops/myenv/lib/python3.12/site-packages/airflow/example_dags/example_time_delta_sensor_async.py
[2025-04-03T15:23:32.821+0000] {processor.py:925} INFO - DAG(s) 'example_time_delta_sensor_async' retrieved from /home/hamza/Documents/project/Mlops/myenv/lib/python3.12/site-packages/airflow/example_dags/example_time_delta_sensor_async.py
[2025-04-03T15:23:32.846+0000] {logging_mixin.py:190} INFO - [2025-04-03T15:23:32.846+0000] {dag.py:3239} INFO - Sync 1 DAGs
[2025-04-03T15:23:32.867+0000] {logging_mixin.py:190} INFO - [2025-04-03T15:23:32.867+0000] {dag.py:4180} INFO - Setting next_dagrun for example_time_delta_sensor_async to None, run_after=None
[2025-04-03T15:23:32.900+0000] {processor.py:208} INFO - Processing /home/hamza/Documents/project/Mlops/myenv/lib/python3.12/site-packages/airflow/example_dags/example_time_delta_sensor_async.py took 0.109 seconds
[2025-04-03T15:25:06.975+0000] {processor.py:186} INFO - Started process (PID=46036) to work on /home/hamza/Documents/project/Mlops/myenv/lib/python3.12/site-packages/airflow/example_dags/example_time_delta_sensor_async.py
[2025-04-03T15:25:06.977+0000] {processor.py:914} INFO - Processing file /home/hamza/Documents/project/Mlops/myenv/lib/python3.12/site-packages/airflow/example_dags/example_time_delta_sensor_async.py for tasks to queue
[2025-04-03T15:25:06.982+0000] {logging_mixin.py:190} INFO - [2025-04-03T15:25:06.981+0000] {dagbag.py:588} INFO - Filling up the DagBag from /home/hamza/Documents/project/Mlops/myenv/lib/python3.12/site-packages/airflow/example_dags/example_time_delta_sensor_async.py
[2025-04-03T15:25:06.993+0000] {processor.py:925} INFO - DAG(s) 'example_time_delta_sensor_async' retrieved from /home/hamza/Documents/project/Mlops/myenv/lib/python3.12/site-packages/airflow/example_dags/example_time_delta_sensor_async.py
[2025-04-03T15:25:07.019+0000] {logging_mixin.py:190} INFO - [2025-04-03T15:25:07.019+0000] {dag.py:3239} INFO - Sync 1 DAGs
[2025-04-03T15:25:07.039+0000] {logging_mixin.py:190} INFO - [2025-04-03T15:25:07.038+0000] {dag.py:4180} INFO - Setting next_dagrun for example_time_delta_sensor_async to None, run_after=None
[2025-04-03T15:25:07.071+0000] {processor.py:208} INFO - Processing /home/hamza/Documents/project/Mlops/myenv/lib/python3.12/site-packages/airflow/example_dags/example_time_delta_sensor_async.py took 0.105 seconds
[2025-04-03T16:31:12.266+0000] {processor.py:186} INFO - Started process (PID=82662) to work on /home/hamza/Documents/project/Mlops/myenv/lib/python3.12/site-packages/airflow/example_dags/example_time_delta_sensor_async.py
[2025-04-03T16:31:12.268+0000] {processor.py:914} INFO - Processing file /home/hamza/Documents/project/Mlops/myenv/lib/python3.12/site-packages/airflow/example_dags/example_time_delta_sensor_async.py for tasks to queue
[2025-04-03T16:31:12.272+0000] {logging_mixin.py:190} INFO - [2025-04-03T16:31:12.271+0000] {dagbag.py:588} INFO - Filling up the DagBag from /home/hamza/Documents/project/Mlops/myenv/lib/python3.12/site-packages/airflow/example_dags/example_time_delta_sensor_async.py
[2025-04-03T16:31:12.286+0000] {processor.py:925} INFO - DAG(s) 'example_time_delta_sensor_async' retrieved from /home/hamza/Documents/project/Mlops/myenv/lib/python3.12/site-packages/airflow/example_dags/example_time_delta_sensor_async.py
[2025-04-03T16:31:12.316+0000] {logging_mixin.py:190} INFO - [2025-04-03T16:31:12.316+0000] {dag.py:3239} INFO - Sync 1 DAGs
[2025-04-03T16:31:12.337+0000] {logging_mixin.py:190} INFO - [2025-04-03T16:31:12.336+0000] {dag.py:4180} INFO - Setting next_dagrun for example_time_delta_sensor_async to None, run_after=None
[2025-04-03T16:31:12.376+0000] {processor.py:208} INFO - Processing /home/hamza/Documents/project/Mlops/myenv/lib/python3.12/site-packages/airflow/example_dags/example_time_delta_sensor_async.py took 0.125 seconds
[2025-04-03T16:33:51.864+0000] {processor.py:186} INFO - Started process (PID=84158) to work on /home/hamza/Documents/project/Mlops/myenv/lib/python3.12/site-packages/airflow/example_dags/example_time_delta_sensor_async.py
[2025-04-03T16:33:51.866+0000] {processor.py:914} INFO - Processing file /home/hamza/Documents/project/Mlops/myenv/lib/python3.12/site-packages/airflow/example_dags/example_time_delta_sensor_async.py for tasks to queue
[2025-04-03T16:33:51.870+0000] {logging_mixin.py:190} INFO - [2025-04-03T16:33:51.869+0000] {dagbag.py:588} INFO - Filling up the DagBag from /home/hamza/Documents/project/Mlops/myenv/lib/python3.12/site-packages/airflow/example_dags/example_time_delta_sensor_async.py
[2025-04-03T16:33:51.883+0000] {processor.py:925} INFO - DAG(s) 'example_time_delta_sensor_async' retrieved from /home/hamza/Documents/project/Mlops/myenv/lib/python3.12/site-packages/airflow/example_dags/example_time_delta_sensor_async.py
[2025-04-03T16:33:51.916+0000] {logging_mixin.py:190} INFO - [2025-04-03T16:33:51.915+0000] {dag.py:3239} INFO - Sync 1 DAGs
[2025-04-03T16:33:51.944+0000] {logging_mixin.py:190} INFO - [2025-04-03T16:33:51.943+0000] {dag.py:4180} INFO - Setting next_dagrun for example_time_delta_sensor_async to None, run_after=None
[2025-04-03T16:33:51.986+0000] {processor.py:208} INFO - Processing /home/hamza/Documents/project/Mlops/myenv/lib/python3.12/site-packages/airflow/example_dags/example_time_delta_sensor_async.py took 0.132 seconds
[2025-04-03T16:35:22.853+0000] {processor.py:186} INFO - Started process (PID=84888) to work on /home/hamza/Documents/project/Mlops/myenv/lib/python3.12/site-packages/airflow/example_dags/example_time_delta_sensor_async.py
[2025-04-03T16:35:22.855+0000] {processor.py:914} INFO - Processing file /home/hamza/Documents/project/Mlops/myenv/lib/python3.12/site-packages/airflow/example_dags/example_time_delta_sensor_async.py for tasks to queue
[2025-04-03T16:35:22.859+0000] {logging_mixin.py:190} INFO - [2025-04-03T16:35:22.858+0000] {dagbag.py:588} INFO - Filling up the DagBag from /home/hamza/Documents/project/Mlops/myenv/lib/python3.12/site-packages/airflow/example_dags/example_time_delta_sensor_async.py
[2025-04-03T16:35:22.873+0000] {processor.py:925} INFO - DAG(s) 'example_time_delta_sensor_async' retrieved from /home/hamza/Documents/project/Mlops/myenv/lib/python3.12/site-packages/airflow/example_dags/example_time_delta_sensor_async.py
[2025-04-03T16:35:22.900+0000] {logging_mixin.py:190} INFO - [2025-04-03T16:35:22.900+0000] {dag.py:3239} INFO - Sync 1 DAGs
[2025-04-03T16:35:22.922+0000] {logging_mixin.py:190} INFO - [2025-04-03T16:35:22.921+0000] {dag.py:4180} INFO - Setting next_dagrun for example_time_delta_sensor_async to None, run_after=None
[2025-04-03T16:35:22.959+0000] {processor.py:208} INFO - Processing /home/hamza/Documents/project/Mlops/myenv/lib/python3.12/site-packages/airflow/example_dags/example_time_delta_sensor_async.py took 0.117 seconds
[2025-04-03T16:36:58.082+0000] {processor.py:186} INFO - Started process (PID=85741) to work on /home/hamza/Documents/project/Mlops/myenv/lib/python3.12/site-packages/airflow/example_dags/example_time_delta_sensor_async.py
[2025-04-03T16:36:58.084+0000] {processor.py:914} INFO - Processing file /home/hamza/Documents/project/Mlops/myenv/lib/python3.12/site-packages/airflow/example_dags/example_time_delta_sensor_async.py for tasks to queue
[2025-04-03T16:36:58.090+0000] {logging_mixin.py:190} INFO - [2025-04-03T16:36:58.089+0000] {dagbag.py:588} INFO - Filling up the DagBag from /home/hamza/Documents/project/Mlops/myenv/lib/python3.12/site-packages/airflow/example_dags/example_time_delta_sensor_async.py
[2025-04-03T16:36:58.103+0000] {processor.py:925} INFO - DAG(s) 'example_time_delta_sensor_async' retrieved from /home/hamza/Documents/project/Mlops/myenv/lib/python3.12/site-packages/airflow/example_dags/example_time_delta_sensor_async.py
[2025-04-03T16:36:58.130+0000] {logging_mixin.py:190} INFO - [2025-04-03T16:36:58.130+0000] {dag.py:3239} INFO - Sync 1 DAGs
[2025-04-03T16:36:58.155+0000] {logging_mixin.py:190} INFO - [2025-04-03T16:36:58.154+0000] {dag.py:4180} INFO - Setting next_dagrun for example_time_delta_sensor_async to None, run_after=None
[2025-04-03T16:36:58.197+0000] {processor.py:208} INFO - Processing /home/hamza/Documents/project/Mlops/myenv/lib/python3.12/site-packages/airflow/example_dags/example_time_delta_sensor_async.py took 0.124 seconds
[2025-04-03T16:38:27.771+0000] {processor.py:186} INFO - Started process (PID=86502) to work on /home/hamza/Documents/project/Mlops/myenv/lib/python3.12/site-packages/airflow/example_dags/example_time_delta_sensor_async.py
[2025-04-03T16:38:27.775+0000] {processor.py:914} INFO - Processing file /home/hamza/Documents/project/Mlops/myenv/lib/python3.12/site-packages/airflow/example_dags/example_time_delta_sensor_async.py for tasks to queue
[2025-04-03T16:38:27.780+0000] {logging_mixin.py:190} INFO - [2025-04-03T16:38:27.780+0000] {dagbag.py:588} INFO - Filling up the DagBag from /home/hamza/Documents/project/Mlops/myenv/lib/python3.12/site-packages/airflow/example_dags/example_time_delta_sensor_async.py
[2025-04-03T16:38:27.793+0000] {processor.py:925} INFO - DAG(s) 'example_time_delta_sensor_async' retrieved from /home/hamza/Documents/project/Mlops/myenv/lib/python3.12/site-packages/airflow/example_dags/example_time_delta_sensor_async.py
[2025-04-03T16:38:27.818+0000] {logging_mixin.py:190} INFO - [2025-04-03T16:38:27.818+0000] {dag.py:3239} INFO - Sync 1 DAGs
[2025-04-03T16:38:27.841+0000] {logging_mixin.py:190} INFO - [2025-04-03T16:38:27.841+0000] {dag.py:4180} INFO - Setting next_dagrun for example_time_delta_sensor_async to None, run_after=None
[2025-04-03T16:38:27.879+0000] {processor.py:208} INFO - Processing /home/hamza/Documents/project/Mlops/myenv/lib/python3.12/site-packages/airflow/example_dags/example_time_delta_sensor_async.py took 0.117 seconds
[2025-04-03T16:39:57.966+0000] {processor.py:186} INFO - Started process (PID=87752) to work on /home/hamza/Documents/project/Mlops/myenv/lib/python3.12/site-packages/airflow/example_dags/example_time_delta_sensor_async.py
[2025-04-03T16:39:57.967+0000] {processor.py:914} INFO - Processing file /home/hamza/Documents/project/Mlops/myenv/lib/python3.12/site-packages/airflow/example_dags/example_time_delta_sensor_async.py for tasks to queue
[2025-04-03T16:39:57.973+0000] {logging_mixin.py:190} INFO - [2025-04-03T16:39:57.972+0000] {dagbag.py:588} INFO - Filling up the DagBag from /home/hamza/Documents/project/Mlops/myenv/lib/python3.12/site-packages/airflow/example_dags/example_time_delta_sensor_async.py
[2025-04-03T16:39:57.988+0000] {processor.py:925} INFO - DAG(s) 'example_time_delta_sensor_async' retrieved from /home/hamza/Documents/project/Mlops/myenv/lib/python3.12/site-packages/airflow/example_dags/example_time_delta_sensor_async.py
[2025-04-03T16:39:58.016+0000] {logging_mixin.py:190} INFO - [2025-04-03T16:39:58.015+0000] {dag.py:3239} INFO - Sync 1 DAGs
[2025-04-03T16:39:58.044+0000] {logging_mixin.py:190} INFO - [2025-04-03T16:39:58.044+0000] {dag.py:4180} INFO - Setting next_dagrun for example_time_delta_sensor_async to None, run_after=None
[2025-04-03T16:39:58.088+0000] {processor.py:208} INFO - Processing /home/hamza/Documents/project/Mlops/myenv/lib/python3.12/site-packages/airflow/example_dags/example_time_delta_sensor_async.py took 0.134 seconds
[2025-04-03T16:41:39.536+0000] {processor.py:186} INFO - Started process (PID=88724) to work on /home/hamza/Documents/project/Mlops/myenv/lib/python3.12/site-packages/airflow/example_dags/example_time_delta_sensor_async.py
[2025-04-03T16:41:39.538+0000] {processor.py:914} INFO - Processing file /home/hamza/Documents/project/Mlops/myenv/lib/python3.12/site-packages/airflow/example_dags/example_time_delta_sensor_async.py for tasks to queue
[2025-04-03T16:41:39.542+0000] {logging_mixin.py:190} INFO - [2025-04-03T16:41:39.541+0000] {dagbag.py:588} INFO - Filling up the DagBag from /home/hamza/Documents/project/Mlops/myenv/lib/python3.12/site-packages/airflow/example_dags/example_time_delta_sensor_async.py
[2025-04-03T16:41:39.557+0000] {processor.py:925} INFO - DAG(s) 'example_time_delta_sensor_async' retrieved from /home/hamza/Documents/project/Mlops/myenv/lib/python3.12/site-packages/airflow/example_dags/example_time_delta_sensor_async.py
[2025-04-03T16:41:39.582+0000] {logging_mixin.py:190} INFO - [2025-04-03T16:41:39.582+0000] {dag.py:3239} INFO - Sync 1 DAGs
[2025-04-03T16:41:39.604+0000] {logging_mixin.py:190} INFO - [2025-04-03T16:41:39.604+0000] {dag.py:4180} INFO - Setting next_dagrun for example_time_delta_sensor_async to None, run_after=None
[2025-04-03T16:41:39.641+0000] {processor.py:208} INFO - Processing /home/hamza/Documents/project/Mlops/myenv/lib/python3.12/site-packages/airflow/example_dags/example_time_delta_sensor_async.py took 0.113 seconds
[2025-04-03T16:43:11.846+0000] {processor.py:186} INFO - Started process (PID=89456) to work on /home/hamza/Documents/project/Mlops/myenv/lib/python3.12/site-packages/airflow/example_dags/example_time_delta_sensor_async.py
[2025-04-03T16:43:11.848+0000] {processor.py:914} INFO - Processing file /home/hamza/Documents/project/Mlops/myenv/lib/python3.12/site-packages/airflow/example_dags/example_time_delta_sensor_async.py for tasks to queue
[2025-04-03T16:43:11.853+0000] {logging_mixin.py:190} INFO - [2025-04-03T16:43:11.852+0000] {dagbag.py:588} INFO - Filling up the DagBag from /home/hamza/Documents/project/Mlops/myenv/lib/python3.12/site-packages/airflow/example_dags/example_time_delta_sensor_async.py
[2025-04-03T16:43:11.868+0000] {processor.py:925} INFO - DAG(s) 'example_time_delta_sensor_async' retrieved from /home/hamza/Documents/project/Mlops/myenv/lib/python3.12/site-packages/airflow/example_dags/example_time_delta_sensor_async.py
[2025-04-03T16:43:11.893+0000] {logging_mixin.py:190} INFO - [2025-04-03T16:43:11.893+0000] {dag.py:3239} INFO - Sync 1 DAGs
[2025-04-03T16:43:11.915+0000] {logging_mixin.py:190} INFO - [2025-04-03T16:43:11.914+0000] {dag.py:4180} INFO - Setting next_dagrun for example_time_delta_sensor_async to None, run_after=None
[2025-04-03T16:43:11.952+0000] {processor.py:208} INFO - Processing /home/hamza/Documents/project/Mlops/myenv/lib/python3.12/site-packages/airflow/example_dags/example_time_delta_sensor_async.py took 0.115 seconds
[2025-04-03T16:44:49.951+0000] {processor.py:186} INFO - Started process (PID=90221) to work on /home/hamza/Documents/project/Mlops/myenv/lib/python3.12/site-packages/airflow/example_dags/example_time_delta_sensor_async.py
[2025-04-03T16:44:49.954+0000] {processor.py:914} INFO - Processing file /home/hamza/Documents/project/Mlops/myenv/lib/python3.12/site-packages/airflow/example_dags/example_time_delta_sensor_async.py for tasks to queue
[2025-04-03T16:44:49.958+0000] {logging_mixin.py:190} INFO - [2025-04-03T16:44:49.957+0000] {dagbag.py:588} INFO - Filling up the DagBag from /home/hamza/Documents/project/Mlops/myenv/lib/python3.12/site-packages/airflow/example_dags/example_time_delta_sensor_async.py
[2025-04-03T16:44:49.972+0000] {processor.py:925} INFO - DAG(s) 'example_time_delta_sensor_async' retrieved from /home/hamza/Documents/project/Mlops/myenv/lib/python3.12/site-packages/airflow/example_dags/example_time_delta_sensor_async.py
[2025-04-03T16:44:49.998+0000] {logging_mixin.py:190} INFO - [2025-04-03T16:44:49.998+0000] {dag.py:3239} INFO - Sync 1 DAGs
[2025-04-03T16:44:50.023+0000] {logging_mixin.py:190} INFO - [2025-04-03T16:44:50.023+0000] {dag.py:4180} INFO - Setting next_dagrun for example_time_delta_sensor_async to None, run_after=None
[2025-04-03T16:44:50.059+0000] {processor.py:208} INFO - Processing /home/hamza/Documents/project/Mlops/myenv/lib/python3.12/site-packages/airflow/example_dags/example_time_delta_sensor_async.py took 0.118 seconds
[2025-04-03T16:46:23.950+0000] {processor.py:186} INFO - Started process (PID=91044) to work on /home/hamza/Documents/project/Mlops/myenv/lib/python3.12/site-packages/airflow/example_dags/example_time_delta_sensor_async.py
[2025-04-03T16:46:23.952+0000] {processor.py:914} INFO - Processing file /home/hamza/Documents/project/Mlops/myenv/lib/python3.12/site-packages/airflow/example_dags/example_time_delta_sensor_async.py for tasks to queue
[2025-04-03T16:46:23.956+0000] {logging_mixin.py:190} INFO - [2025-04-03T16:46:23.955+0000] {dagbag.py:588} INFO - Filling up the DagBag from /home/hamza/Documents/project/Mlops/myenv/lib/python3.12/site-packages/airflow/example_dags/example_time_delta_sensor_async.py
[2025-04-03T16:46:23.969+0000] {processor.py:925} INFO - DAG(s) 'example_time_delta_sensor_async' retrieved from /home/hamza/Documents/project/Mlops/myenv/lib/python3.12/site-packages/airflow/example_dags/example_time_delta_sensor_async.py
[2025-04-03T16:46:23.993+0000] {logging_mixin.py:190} INFO - [2025-04-03T16:46:23.993+0000] {dag.py:3239} INFO - Sync 1 DAGs
[2025-04-03T16:46:24.014+0000] {logging_mixin.py:190} INFO - [2025-04-03T16:46:24.014+0000] {dag.py:4180} INFO - Setting next_dagrun for example_time_delta_sensor_async to None, run_after=None
[2025-04-03T16:46:24.049+0000] {processor.py:208} INFO - Processing /home/hamza/Documents/project/Mlops/myenv/lib/python3.12/site-packages/airflow/example_dags/example_time_delta_sensor_async.py took 0.108 seconds
[2025-04-03T16:47:58.213+0000] {processor.py:186} INFO - Started process (PID=91883) to work on /home/hamza/Documents/project/Mlops/myenv/lib/python3.12/site-packages/airflow/example_dags/example_time_delta_sensor_async.py
[2025-04-03T16:47:58.214+0000] {processor.py:914} INFO - Processing file /home/hamza/Documents/project/Mlops/myenv/lib/python3.12/site-packages/airflow/example_dags/example_time_delta_sensor_async.py for tasks to queue
[2025-04-03T16:47:58.218+0000] {logging_mixin.py:190} INFO - [2025-04-03T16:47:58.217+0000] {dagbag.py:588} INFO - Filling up the DagBag from /home/hamza/Documents/project/Mlops/myenv/lib/python3.12/site-packages/airflow/example_dags/example_time_delta_sensor_async.py
[2025-04-03T16:47:58.232+0000] {processor.py:925} INFO - DAG(s) 'example_time_delta_sensor_async' retrieved from /home/hamza/Documents/project/Mlops/myenv/lib/python3.12/site-packages/airflow/example_dags/example_time_delta_sensor_async.py
[2025-04-03T16:47:58.260+0000] {logging_mixin.py:190} INFO - [2025-04-03T16:47:58.259+0000] {dag.py:3239} INFO - Sync 1 DAGs
[2025-04-03T16:47:58.284+0000] {logging_mixin.py:190} INFO - [2025-04-03T16:47:58.283+0000] {dag.py:4180} INFO - Setting next_dagrun for example_time_delta_sensor_async to None, run_after=None
[2025-04-03T16:47:58.319+0000] {processor.py:208} INFO - Processing /home/hamza/Documents/project/Mlops/myenv/lib/python3.12/site-packages/airflow/example_dags/example_time_delta_sensor_async.py took 0.117 seconds
[2025-04-03T16:49:41.670+0000] {processor.py:186} INFO - Started process (PID=92756) to work on /home/hamza/Documents/project/Mlops/myenv/lib/python3.12/site-packages/airflow/example_dags/example_time_delta_sensor_async.py
[2025-04-03T16:49:41.672+0000] {processor.py:914} INFO - Processing file /home/hamza/Documents/project/Mlops/myenv/lib/python3.12/site-packages/airflow/example_dags/example_time_delta_sensor_async.py for tasks to queue
[2025-04-03T16:49:41.677+0000] {logging_mixin.py:190} INFO - [2025-04-03T16:49:41.676+0000] {dagbag.py:588} INFO - Filling up the DagBag from /home/hamza/Documents/project/Mlops/myenv/lib/python3.12/site-packages/airflow/example_dags/example_time_delta_sensor_async.py
[2025-04-03T16:49:41.692+0000] {processor.py:925} INFO - DAG(s) 'example_time_delta_sensor_async' retrieved from /home/hamza/Documents/project/Mlops/myenv/lib/python3.12/site-packages/airflow/example_dags/example_time_delta_sensor_async.py
[2025-04-03T16:49:41.721+0000] {logging_mixin.py:190} INFO - [2025-04-03T16:49:41.721+0000] {dag.py:3239} INFO - Sync 1 DAGs
[2025-04-03T16:49:41.746+0000] {logging_mixin.py:190} INFO - [2025-04-03T16:49:41.745+0000] {dag.py:4180} INFO - Setting next_dagrun for example_time_delta_sensor_async to None, run_after=None
[2025-04-03T16:49:41.786+0000] {processor.py:208} INFO - Processing /home/hamza/Documents/project/Mlops/myenv/lib/python3.12/site-packages/airflow/example_dags/example_time_delta_sensor_async.py took 0.126 seconds
[2025-04-03T16:51:17.140+0000] {processor.py:186} INFO - Started process (PID=93556) to work on /home/hamza/Documents/project/Mlops/myenv/lib/python3.12/site-packages/airflow/example_dags/example_time_delta_sensor_async.py
[2025-04-03T16:51:17.142+0000] {processor.py:914} INFO - Processing file /home/hamza/Documents/project/Mlops/myenv/lib/python3.12/site-packages/airflow/example_dags/example_time_delta_sensor_async.py for tasks to queue
[2025-04-03T16:51:17.146+0000] {logging_mixin.py:190} INFO - [2025-04-03T16:51:17.146+0000] {dagbag.py:588} INFO - Filling up the DagBag from /home/hamza/Documents/project/Mlops/myenv/lib/python3.12/site-packages/airflow/example_dags/example_time_delta_sensor_async.py
[2025-04-03T16:51:17.160+0000] {processor.py:925} INFO - DAG(s) 'example_time_delta_sensor_async' retrieved from /home/hamza/Documents/project/Mlops/myenv/lib/python3.12/site-packages/airflow/example_dags/example_time_delta_sensor_async.py
[2025-04-03T16:51:17.188+0000] {logging_mixin.py:190} INFO - [2025-04-03T16:51:17.188+0000] {dag.py:3239} INFO - Sync 1 DAGs
[2025-04-03T16:51:17.210+0000] {logging_mixin.py:190} INFO - [2025-04-03T16:51:17.210+0000] {dag.py:4180} INFO - Setting next_dagrun for example_time_delta_sensor_async to None, run_after=None
[2025-04-03T16:51:17.255+0000] {processor.py:208} INFO - Processing /home/hamza/Documents/project/Mlops/myenv/lib/python3.12/site-packages/airflow/example_dags/example_time_delta_sensor_async.py took 0.124 seconds
[2025-04-03T16:52:59.140+0000] {processor.py:186} INFO - Started process (PID=94414) to work on /home/hamza/Documents/project/Mlops/myenv/lib/python3.12/site-packages/airflow/example_dags/example_time_delta_sensor_async.py
[2025-04-03T16:52:59.142+0000] {processor.py:914} INFO - Processing file /home/hamza/Documents/project/Mlops/myenv/lib/python3.12/site-packages/airflow/example_dags/example_time_delta_sensor_async.py for tasks to queue
[2025-04-03T16:52:59.147+0000] {logging_mixin.py:190} INFO - [2025-04-03T16:52:59.146+0000] {dagbag.py:588} INFO - Filling up the DagBag from /home/hamza/Documents/project/Mlops/myenv/lib/python3.12/site-packages/airflow/example_dags/example_time_delta_sensor_async.py
[2025-04-03T16:52:59.163+0000] {processor.py:925} INFO - DAG(s) 'example_time_delta_sensor_async' retrieved from /home/hamza/Documents/project/Mlops/myenv/lib/python3.12/site-packages/airflow/example_dags/example_time_delta_sensor_async.py
[2025-04-03T16:52:59.192+0000] {logging_mixin.py:190} INFO - [2025-04-03T16:52:59.191+0000] {dag.py:3239} INFO - Sync 1 DAGs
[2025-04-03T16:52:59.218+0000] {logging_mixin.py:190} INFO - [2025-04-03T16:52:59.217+0000] {dag.py:4180} INFO - Setting next_dagrun for example_time_delta_sensor_async to None, run_after=None
[2025-04-03T16:52:59.258+0000] {processor.py:208} INFO - Processing /home/hamza/Documents/project/Mlops/myenv/lib/python3.12/site-packages/airflow/example_dags/example_time_delta_sensor_async.py took 0.131 seconds
[2025-04-03T16:54:39.573+0000] {processor.py:186} INFO - Started process (PID=95459) to work on /home/hamza/Documents/project/Mlops/myenv/lib/python3.12/site-packages/airflow/example_dags/example_time_delta_sensor_async.py
[2025-04-03T16:54:39.576+0000] {processor.py:914} INFO - Processing file /home/hamza/Documents/project/Mlops/myenv/lib/python3.12/site-packages/airflow/example_dags/example_time_delta_sensor_async.py for tasks to queue
[2025-04-03T16:54:39.580+0000] {logging_mixin.py:190} INFO - [2025-04-03T16:54:39.579+0000] {dagbag.py:588} INFO - Filling up the DagBag from /home/hamza/Documents/project/Mlops/myenv/lib/python3.12/site-packages/airflow/example_dags/example_time_delta_sensor_async.py
[2025-04-03T16:54:39.597+0000] {processor.py:925} INFO - DAG(s) 'example_time_delta_sensor_async' retrieved from /home/hamza/Documents/project/Mlops/myenv/lib/python3.12/site-packages/airflow/example_dags/example_time_delta_sensor_async.py
[2025-04-03T16:54:39.622+0000] {logging_mixin.py:190} INFO - [2025-04-03T16:54:39.622+0000] {dag.py:3239} INFO - Sync 1 DAGs
[2025-04-03T16:54:39.644+0000] {logging_mixin.py:190} INFO - [2025-04-03T16:54:39.644+0000] {dag.py:4180} INFO - Setting next_dagrun for example_time_delta_sensor_async to None, run_after=None
[2025-04-03T16:54:39.681+0000] {processor.py:208} INFO - Processing /home/hamza/Documents/project/Mlops/myenv/lib/python3.12/site-packages/airflow/example_dags/example_time_delta_sensor_async.py took 0.118 seconds
[2025-04-03T16:56:17.861+0000] {processor.py:186} INFO - Started process (PID=96275) to work on /home/hamza/Documents/project/Mlops/myenv/lib/python3.12/site-packages/airflow/example_dags/example_time_delta_sensor_async.py
[2025-04-03T16:56:17.862+0000] {processor.py:914} INFO - Processing file /home/hamza/Documents/project/Mlops/myenv/lib/python3.12/site-packages/airflow/example_dags/example_time_delta_sensor_async.py for tasks to queue
[2025-04-03T16:56:17.866+0000] {logging_mixin.py:190} INFO - [2025-04-03T16:56:17.865+0000] {dagbag.py:588} INFO - Filling up the DagBag from /home/hamza/Documents/project/Mlops/myenv/lib/python3.12/site-packages/airflow/example_dags/example_time_delta_sensor_async.py
[2025-04-03T16:56:17.879+0000] {processor.py:925} INFO - DAG(s) 'example_time_delta_sensor_async' retrieved from /home/hamza/Documents/project/Mlops/myenv/lib/python3.12/site-packages/airflow/example_dags/example_time_delta_sensor_async.py
[2025-04-03T16:56:17.904+0000] {logging_mixin.py:190} INFO - [2025-04-03T16:56:17.904+0000] {dag.py:3239} INFO - Sync 1 DAGs
[2025-04-03T16:56:17.926+0000] {logging_mixin.py:190} INFO - [2025-04-03T16:56:17.926+0000] {dag.py:4180} INFO - Setting next_dagrun for example_time_delta_sensor_async to None, run_after=None
[2025-04-03T16:56:17.965+0000] {processor.py:208} INFO - Processing /home/hamza/Documents/project/Mlops/myenv/lib/python3.12/site-packages/airflow/example_dags/example_time_delta_sensor_async.py took 0.113 seconds
