[2025-04-03T13:43:59.945+0000] {processor.py:186} INFO - Started process (PID=98649) to work on /home/hamza/Documents/project/Mlops/myenv/lib/python3.12/site-packages/airflow/example_dags/example_datasets.py
[2025-04-03T13:43:59.946+0000] {processor.py:914} INFO - Processing file /home/hamza/Documents/project/Mlops/myenv/lib/python3.12/site-packages/airflow/example_dags/example_datasets.py for tasks to queue
[2025-04-03T13:43:59.950+0000] {logging_mixin.py:190} INFO - [2025-04-03T13:43:59.949+0000] {dagbag.py:588} INFO - Filling up the DagBag from /home/hamza/Documents/project/Mlops/myenv/lib/python3.12/site-packages/airflow/example_dags/example_datasets.py
[2025-04-03T13:43:59.977+0000] {processor.py:925} INFO - DAG(s) 'dataset_produces_1', 'dataset_consumes_1_never_scheduled', 'consume_1_and_2_with_dataset_expressions', 'consume_1_or_2_with_dataset_expressions', 'conditional_dataset_and_time_based_timetable', 'dataset_consumes_1', 'consume_1_or_both_2_and_3_with_dataset_expressions', 'dataset_consumes_unknown_never_scheduled', 'dataset_consumes_1_and_2', 'dataset_produces_2' retrieved from /home/hamza/Documents/project/Mlops/myenv/lib/python3.12/site-packages/airflow/example_dags/example_datasets.py
[2025-04-03T13:44:00.146+0000] {logging_mixin.py:190} INFO - [2025-04-03T13:44:00.145+0000] {override.py:1930} INFO - Created Permission View: can delete on DAG:dataset_produces_1
[2025-04-03T13:44:00.165+0000] {logging_mixin.py:190} INFO - [2025-04-03T13:44:00.165+0000] {override.py:1930} INFO - Created Permission View: can read on DAG:dataset_produces_1
[2025-04-03T13:44:00.180+0000] {logging_mixin.py:190} INFO - [2025-04-03T13:44:00.179+0000] {override.py:1930} INFO - Created Permission View: can edit on DAG:dataset_produces_1
[2025-04-03T13:44:00.202+0000] {logging_mixin.py:190} INFO - [2025-04-03T13:44:00.201+0000] {override.py:1930} INFO - Created Permission View: can delete on DAG Run:dataset_produces_1
[2025-04-03T13:44:00.217+0000] {logging_mixin.py:190} INFO - [2025-04-03T13:44:00.216+0000] {override.py:1930} INFO - Created Permission View: can read on DAG Run:dataset_produces_1
[2025-04-03T13:44:00.230+0000] {logging_mixin.py:190} INFO - [2025-04-03T13:44:00.229+0000] {override.py:1930} INFO - Created Permission View: menu access on DAG Run:dataset_produces_1
[2025-04-03T13:44:00.244+0000] {logging_mixin.py:190} INFO - [2025-04-03T13:44:00.244+0000] {override.py:1930} INFO - Created Permission View: can create on DAG Run:dataset_produces_1
[2025-04-03T13:44:00.272+0000] {logging_mixin.py:190} INFO - [2025-04-03T13:44:00.272+0000] {override.py:1930} INFO - Created Permission View: can delete on DAG:dataset_consumes_1_never_scheduled
[2025-04-03T13:44:00.286+0000] {logging_mixin.py:190} INFO - [2025-04-03T13:44:00.285+0000] {override.py:1930} INFO - Created Permission View: can read on DAG:dataset_consumes_1_never_scheduled
[2025-04-03T13:44:00.299+0000] {logging_mixin.py:190} INFO - [2025-04-03T13:44:00.298+0000] {override.py:1930} INFO - Created Permission View: can edit on DAG:dataset_consumes_1_never_scheduled
[2025-04-03T13:44:00.317+0000] {logging_mixin.py:190} INFO - [2025-04-03T13:44:00.317+0000] {override.py:1930} INFO - Created Permission View: can delete on DAG Run:dataset_consumes_1_never_scheduled
[2025-04-03T13:44:00.330+0000] {logging_mixin.py:190} INFO - [2025-04-03T13:44:00.329+0000] {override.py:1930} INFO - Created Permission View: can read on DAG Run:dataset_consumes_1_never_scheduled
[2025-04-03T13:44:00.347+0000] {logging_mixin.py:190} INFO - [2025-04-03T13:44:00.346+0000] {override.py:1930} INFO - Created Permission View: menu access on DAG Run:dataset_consumes_1_never_scheduled
[2025-04-03T13:44:00.361+0000] {logging_mixin.py:190} INFO - [2025-04-03T13:44:00.360+0000] {override.py:1930} INFO - Created Permission View: can create on DAG Run:dataset_consumes_1_never_scheduled
[2025-04-03T13:44:00.388+0000] {logging_mixin.py:190} INFO - [2025-04-03T13:44:00.388+0000] {override.py:1930} INFO - Created Permission View: can delete on DAG:consume_1_and_2_with_dataset_expressions
[2025-04-03T13:44:00.401+0000] {logging_mixin.py:190} INFO - [2025-04-03T13:44:00.400+0000] {override.py:1930} INFO - Created Permission View: can read on DAG:consume_1_and_2_with_dataset_expressions
[2025-04-03T13:44:00.415+0000] {logging_mixin.py:190} INFO - [2025-04-03T13:44:00.414+0000] {override.py:1930} INFO - Created Permission View: can edit on DAG:consume_1_and_2_with_dataset_expressions
[2025-04-03T13:44:00.434+0000] {logging_mixin.py:190} INFO - [2025-04-03T13:44:00.434+0000] {override.py:1930} INFO - Created Permission View: can delete on DAG Run:consume_1_and_2_with_dataset_expressions
[2025-04-03T13:44:00.447+0000] {logging_mixin.py:190} INFO - [2025-04-03T13:44:00.446+0000] {override.py:1930} INFO - Created Permission View: can read on DAG Run:consume_1_and_2_with_dataset_expressions
[2025-04-03T13:44:00.461+0000] {logging_mixin.py:190} INFO - [2025-04-03T13:44:00.460+0000] {override.py:1930} INFO - Created Permission View: menu access on DAG Run:consume_1_and_2_with_dataset_expressions
[2025-04-03T13:44:00.475+0000] {logging_mixin.py:190} INFO - [2025-04-03T13:44:00.474+0000] {override.py:1930} INFO - Created Permission View: can create on DAG Run:consume_1_and_2_with_dataset_expressions
[2025-04-03T13:44:00.501+0000] {logging_mixin.py:190} INFO - [2025-04-03T13:44:00.500+0000] {override.py:1930} INFO - Created Permission View: can delete on DAG:consume_1_or_2_with_dataset_expressions
[2025-04-03T13:44:00.513+0000] {logging_mixin.py:190} INFO - [2025-04-03T13:44:00.512+0000] {override.py:1930} INFO - Created Permission View: can read on DAG:consume_1_or_2_with_dataset_expressions
[2025-04-03T13:44:00.525+0000] {logging_mixin.py:190} INFO - [2025-04-03T13:44:00.525+0000] {override.py:1930} INFO - Created Permission View: can edit on DAG:consume_1_or_2_with_dataset_expressions
[2025-04-03T13:44:00.543+0000] {logging_mixin.py:190} INFO - [2025-04-03T13:44:00.543+0000] {override.py:1930} INFO - Created Permission View: can delete on DAG Run:consume_1_or_2_with_dataset_expressions
[2025-04-03T13:44:00.556+0000] {logging_mixin.py:190} INFO - [2025-04-03T13:44:00.555+0000] {override.py:1930} INFO - Created Permission View: can read on DAG Run:consume_1_or_2_with_dataset_expressions
[2025-04-03T13:44:00.567+0000] {logging_mixin.py:190} INFO - [2025-04-03T13:44:00.567+0000] {override.py:1930} INFO - Created Permission View: menu access on DAG Run:consume_1_or_2_with_dataset_expressions
[2025-04-03T13:44:00.579+0000] {logging_mixin.py:190} INFO - [2025-04-03T13:44:00.579+0000] {override.py:1930} INFO - Created Permission View: can create on DAG Run:consume_1_or_2_with_dataset_expressions
[2025-04-03T13:44:00.608+0000] {logging_mixin.py:190} INFO - [2025-04-03T13:44:00.608+0000] {override.py:1930} INFO - Created Permission View: can delete on DAG:conditional_dataset_and_time_based_timetable
[2025-04-03T13:44:00.621+0000] {logging_mixin.py:190} INFO - [2025-04-03T13:44:00.620+0000] {override.py:1930} INFO - Created Permission View: can read on DAG:conditional_dataset_and_time_based_timetable
[2025-04-03T13:44:00.636+0000] {logging_mixin.py:190} INFO - [2025-04-03T13:44:00.635+0000] {override.py:1930} INFO - Created Permission View: can edit on DAG:conditional_dataset_and_time_based_timetable
[2025-04-03T13:44:00.655+0000] {logging_mixin.py:190} INFO - [2025-04-03T13:44:00.655+0000] {override.py:1930} INFO - Created Permission View: can delete on DAG Run:conditional_dataset_and_time_based_timetable
[2025-04-03T13:44:00.669+0000] {logging_mixin.py:190} INFO - [2025-04-03T13:44:00.668+0000] {override.py:1930} INFO - Created Permission View: can read on DAG Run:conditional_dataset_and_time_based_timetable
[2025-04-03T13:44:00.686+0000] {logging_mixin.py:190} INFO - [2025-04-03T13:44:00.685+0000] {override.py:1930} INFO - Created Permission View: menu access on DAG Run:conditional_dataset_and_time_based_timetable
[2025-04-03T13:44:00.702+0000] {logging_mixin.py:190} INFO - [2025-04-03T13:44:00.701+0000] {override.py:1930} INFO - Created Permission View: can create on DAG Run:conditional_dataset_and_time_based_timetable
[2025-04-03T13:44:00.750+0000] {logging_mixin.py:190} INFO - [2025-04-03T13:44:00.749+0000] {override.py:1930} INFO - Created Permission View: can delete on DAG:dataset_consumes_1
[2025-04-03T13:44:00.768+0000] {logging_mixin.py:190} INFO - [2025-04-03T13:44:00.767+0000] {override.py:1930} INFO - Created Permission View: can read on DAG:dataset_consumes_1
[2025-04-03T13:44:00.785+0000] {logging_mixin.py:190} INFO - [2025-04-03T13:44:00.784+0000] {override.py:1930} INFO - Created Permission View: can edit on DAG:dataset_consumes_1
[2025-04-03T13:44:00.812+0000] {logging_mixin.py:190} INFO - [2025-04-03T13:44:00.811+0000] {override.py:1930} INFO - Created Permission View: can delete on DAG Run:dataset_consumes_1
[2025-04-03T13:44:00.829+0000] {logging_mixin.py:190} INFO - [2025-04-03T13:44:00.828+0000] {override.py:1930} INFO - Created Permission View: can read on DAG Run:dataset_consumes_1
[2025-04-03T13:44:00.857+0000] {logging_mixin.py:190} INFO - [2025-04-03T13:44:00.856+0000] {override.py:1930} INFO - Created Permission View: menu access on DAG Run:dataset_consumes_1
[2025-04-03T13:44:00.881+0000] {logging_mixin.py:190} INFO - [2025-04-03T13:44:00.877+0000] {override.py:1930} INFO - Created Permission View: can create on DAG Run:dataset_consumes_1
[2025-04-03T13:44:00.918+0000] {logging_mixin.py:190} INFO - [2025-04-03T13:44:00.917+0000] {override.py:1930} INFO - Created Permission View: can delete on DAG:consume_1_or_both_2_and_3_with_dataset_expressions
[2025-04-03T13:44:00.946+0000] {logging_mixin.py:190} INFO - [2025-04-03T13:44:00.945+0000] {override.py:1930} INFO - Created Permission View: can read on DAG:consume_1_or_both_2_and_3_with_dataset_expressions
[2025-04-03T13:44:00.964+0000] {logging_mixin.py:190} INFO - [2025-04-03T13:44:00.963+0000] {override.py:1930} INFO - Created Permission View: can edit on DAG:consume_1_or_both_2_and_3_with_dataset_expressions
[2025-04-03T13:44:00.996+0000] {logging_mixin.py:190} INFO - [2025-04-03T13:44:00.995+0000] {override.py:1930} INFO - Created Permission View: can delete on DAG Run:consume_1_or_both_2_and_3_with_dataset_expressions
[2025-04-03T13:44:01.012+0000] {logging_mixin.py:190} INFO - [2025-04-03T13:44:01.012+0000] {override.py:1930} INFO - Created Permission View: can read on DAG Run:consume_1_or_both_2_and_3_with_dataset_expressions
[2025-04-03T13:44:01.030+0000] {logging_mixin.py:190} INFO - [2025-04-03T13:44:01.030+0000] {override.py:1930} INFO - Created Permission View: menu access on DAG Run:consume_1_or_both_2_and_3_with_dataset_expressions
[2025-04-03T13:44:01.045+0000] {logging_mixin.py:190} INFO - [2025-04-03T13:44:01.045+0000] {override.py:1930} INFO - Created Permission View: can create on DAG Run:consume_1_or_both_2_and_3_with_dataset_expressions
[2025-04-03T13:44:01.074+0000] {logging_mixin.py:190} INFO - [2025-04-03T13:44:01.073+0000] {override.py:1930} INFO - Created Permission View: can delete on DAG:dataset_consumes_unknown_never_scheduled
[2025-04-03T13:44:01.087+0000] {logging_mixin.py:190} INFO - [2025-04-03T13:44:01.087+0000] {override.py:1930} INFO - Created Permission View: can read on DAG:dataset_consumes_unknown_never_scheduled
[2025-04-03T13:44:01.101+0000] {logging_mixin.py:190} INFO - [2025-04-03T13:44:01.100+0000] {override.py:1930} INFO - Created Permission View: can edit on DAG:dataset_consumes_unknown_never_scheduled
[2025-04-03T13:44:01.123+0000] {logging_mixin.py:190} INFO - [2025-04-03T13:44:01.122+0000] {override.py:1930} INFO - Created Permission View: can delete on DAG Run:dataset_consumes_unknown_never_scheduled
[2025-04-03T13:44:01.135+0000] {logging_mixin.py:190} INFO - [2025-04-03T13:44:01.134+0000] {override.py:1930} INFO - Created Permission View: can read on DAG Run:dataset_consumes_unknown_never_scheduled
[2025-04-03T13:44:01.150+0000] {logging_mixin.py:190} INFO - [2025-04-03T13:44:01.149+0000] {override.py:1930} INFO - Created Permission View: menu access on DAG Run:dataset_consumes_unknown_never_scheduled
[2025-04-03T13:44:01.164+0000] {logging_mixin.py:190} INFO - [2025-04-03T13:44:01.163+0000] {override.py:1930} INFO - Created Permission View: can create on DAG Run:dataset_consumes_unknown_never_scheduled
[2025-04-03T13:44:01.195+0000] {logging_mixin.py:190} INFO - [2025-04-03T13:44:01.194+0000] {override.py:1930} INFO - Created Permission View: can delete on DAG:dataset_consumes_1_and_2
[2025-04-03T13:44:01.213+0000] {logging_mixin.py:190} INFO - [2025-04-03T13:44:01.213+0000] {override.py:1930} INFO - Created Permission View: can read on DAG:dataset_consumes_1_and_2
[2025-04-03T13:44:01.240+0000] {logging_mixin.py:190} INFO - [2025-04-03T13:44:01.239+0000] {override.py:1930} INFO - Created Permission View: can edit on DAG:dataset_consumes_1_and_2
[2025-04-03T13:44:01.280+0000] {logging_mixin.py:190} INFO - [2025-04-03T13:44:01.279+0000] {override.py:1930} INFO - Created Permission View: can delete on DAG Run:dataset_consumes_1_and_2
[2025-04-03T13:44:01.306+0000] {logging_mixin.py:190} INFO - [2025-04-03T13:44:01.305+0000] {override.py:1930} INFO - Created Permission View: can read on DAG Run:dataset_consumes_1_and_2
[2025-04-03T13:44:01.327+0000] {logging_mixin.py:190} INFO - [2025-04-03T13:44:01.326+0000] {override.py:1930} INFO - Created Permission View: menu access on DAG Run:dataset_consumes_1_and_2
[2025-04-03T13:44:01.344+0000] {logging_mixin.py:190} INFO - [2025-04-03T13:44:01.343+0000] {override.py:1930} INFO - Created Permission View: can create on DAG Run:dataset_consumes_1_and_2
[2025-04-03T13:44:01.384+0000] {logging_mixin.py:190} INFO - [2025-04-03T13:44:01.383+0000] {override.py:1930} INFO - Created Permission View: can delete on DAG:dataset_produces_2
[2025-04-03T13:44:01.404+0000] {logging_mixin.py:190} INFO - [2025-04-03T13:44:01.403+0000] {override.py:1930} INFO - Created Permission View: can read on DAG:dataset_produces_2
[2025-04-03T13:44:01.427+0000] {logging_mixin.py:190} INFO - [2025-04-03T13:44:01.426+0000] {override.py:1930} INFO - Created Permission View: can edit on DAG:dataset_produces_2
[2025-04-03T13:44:01.453+0000] {logging_mixin.py:190} INFO - [2025-04-03T13:44:01.452+0000] {override.py:1930} INFO - Created Permission View: can delete on DAG Run:dataset_produces_2
[2025-04-03T13:44:01.473+0000] {logging_mixin.py:190} INFO - [2025-04-03T13:44:01.472+0000] {override.py:1930} INFO - Created Permission View: can read on DAG Run:dataset_produces_2
[2025-04-03T13:44:01.495+0000] {logging_mixin.py:190} INFO - [2025-04-03T13:44:01.494+0000] {override.py:1930} INFO - Created Permission View: menu access on DAG Run:dataset_produces_2
[2025-04-03T13:44:01.584+0000] {logging_mixin.py:190} INFO - [2025-04-03T13:44:01.583+0000] {override.py:1930} INFO - Created Permission View: can create on DAG Run:dataset_produces_2
[2025-04-03T13:44:01.591+0000] {logging_mixin.py:190} INFO - [2025-04-03T13:44:01.585+0000] {dag.py:3239} INFO - Sync 10 DAGs
[2025-04-03T13:44:01.652+0000] {logging_mixin.py:190} INFO - [2025-04-03T13:44:01.651+0000] {dag.py:3262} INFO - Creating ORM DAG for dataset_consumes_1_never_scheduled
[2025-04-03T13:44:01.654+0000] {logging_mixin.py:190} INFO - [2025-04-03T13:44:01.653+0000] {dag.py:3262} INFO - Creating ORM DAG for dataset_produces_1
[2025-04-03T13:44:01.655+0000] {logging_mixin.py:190} INFO - [2025-04-03T13:44:01.655+0000] {dag.py:3262} INFO - Creating ORM DAG for dataset_consumes_1
[2025-04-03T13:44:01.657+0000] {logging_mixin.py:190} INFO - [2025-04-03T13:44:01.657+0000] {dag.py:3262} INFO - Creating ORM DAG for consume_1_and_2_with_dataset_expressions
[2025-04-03T13:44:01.659+0000] {logging_mixin.py:190} INFO - [2025-04-03T13:44:01.659+0000] {dag.py:3262} INFO - Creating ORM DAG for consume_1_or_2_with_dataset_expressions
[2025-04-03T13:44:01.661+0000] {logging_mixin.py:190} INFO - [2025-04-03T13:44:01.660+0000] {dag.py:3262} INFO - Creating ORM DAG for consume_1_or_both_2_and_3_with_dataset_expressions
[2025-04-03T13:44:01.662+0000] {logging_mixin.py:190} INFO - [2025-04-03T13:44:01.662+0000] {dag.py:3262} INFO - Creating ORM DAG for dataset_consumes_unknown_never_scheduled
[2025-04-03T13:44:01.664+0000] {logging_mixin.py:190} INFO - [2025-04-03T13:44:01.663+0000] {dag.py:3262} INFO - Creating ORM DAG for dataset_consumes_1_and_2
[2025-04-03T13:44:01.665+0000] {logging_mixin.py:190} INFO - [2025-04-03T13:44:01.665+0000] {dag.py:3262} INFO - Creating ORM DAG for conditional_dataset_and_time_based_timetable
[2025-04-03T13:44:01.667+0000] {logging_mixin.py:190} INFO - [2025-04-03T13:44:01.666+0000] {dag.py:3262} INFO - Creating ORM DAG for dataset_produces_2
[2025-04-03T13:44:01.711+0000] {logging_mixin.py:190} INFO - [2025-04-03T13:44:01.711+0000] {dag.py:4180} INFO - Setting next_dagrun for conditional_dataset_and_time_based_timetable to 2025-04-02 01:00:00+00:00, run_after=2025-04-02 01:00:00+00:00
[2025-04-03T13:44:01.716+0000] {logging_mixin.py:190} INFO - [2025-04-03T13:44:01.715+0000] {dag.py:4180} INFO - Setting next_dagrun for consume_1_and_2_with_dataset_expressions to None, run_after=None
[2025-04-03T13:44:01.717+0000] {logging_mixin.py:190} INFO - [2025-04-03T13:44:01.716+0000] {dag.py:4180} INFO - Setting next_dagrun for consume_1_or_2_with_dataset_expressions to None, run_after=None
[2025-04-03T13:44:01.718+0000] {logging_mixin.py:190} INFO - [2025-04-03T13:44:01.717+0000] {dag.py:4180} INFO - Setting next_dagrun for consume_1_or_both_2_and_3_with_dataset_expressions to None, run_after=None
[2025-04-03T13:44:01.719+0000] {logging_mixin.py:190} INFO - [2025-04-03T13:44:01.718+0000] {dag.py:4180} INFO - Setting next_dagrun for dataset_consumes_1 to None, run_after=None
[2025-04-03T13:44:01.720+0000] {logging_mixin.py:190} INFO - [2025-04-03T13:44:01.720+0000] {dag.py:4180} INFO - Setting next_dagrun for dataset_consumes_1_and_2 to None, run_after=None
[2025-04-03T13:44:01.721+0000] {logging_mixin.py:190} INFO - [2025-04-03T13:44:01.721+0000] {dag.py:4180} INFO - Setting next_dagrun for dataset_consumes_1_never_scheduled to None, run_after=None
[2025-04-03T13:44:01.723+0000] {logging_mixin.py:190} INFO - [2025-04-03T13:44:01.723+0000] {dag.py:4180} INFO - Setting next_dagrun for dataset_consumes_unknown_never_scheduled to None, run_after=None
[2025-04-03T13:44:01.728+0000] {logging_mixin.py:190} INFO - [2025-04-03T13:44:01.728+0000] {dag.py:4180} INFO - Setting next_dagrun for dataset_produces_1 to 2025-04-02 00:00:00+00:00, run_after=2025-04-03 00:00:00+00:00
[2025-04-03T13:44:01.732+0000] {logging_mixin.py:190} INFO - [2025-04-03T13:44:01.731+0000] {dag.py:4180} INFO - Setting next_dagrun for dataset_produces_2 to None, run_after=None
[2025-04-03T13:44:01.950+0000] {processor.py:208} INFO - Processing /home/hamza/Documents/project/Mlops/myenv/lib/python3.12/site-packages/airflow/example_dags/example_datasets.py took 2.014 seconds
[2025-04-03T13:45:20.349+0000] {processor.py:186} INFO - Started process (PID=99762) to work on /home/hamza/Documents/project/Mlops/myenv/lib/python3.12/site-packages/airflow/example_dags/example_datasets.py
[2025-04-03T13:45:20.352+0000] {processor.py:914} INFO - Processing file /home/hamza/Documents/project/Mlops/myenv/lib/python3.12/site-packages/airflow/example_dags/example_datasets.py for tasks to queue
[2025-04-03T13:45:20.357+0000] {logging_mixin.py:190} INFO - [2025-04-03T13:45:20.356+0000] {dagbag.py:588} INFO - Filling up the DagBag from /home/hamza/Documents/project/Mlops/myenv/lib/python3.12/site-packages/airflow/example_dags/example_datasets.py
[2025-04-03T13:45:20.387+0000] {processor.py:925} INFO - DAG(s) 'consume_1_or_2_with_dataset_expressions', 'dataset_consumes_1_and_2', 'dataset_produces_2', 'conditional_dataset_and_time_based_timetable', 'dataset_consumes_1', 'consume_1_and_2_with_dataset_expressions', 'dataset_produces_1', 'consume_1_or_both_2_and_3_with_dataset_expressions', 'dataset_consumes_unknown_never_scheduled', 'dataset_consumes_1_never_scheduled' retrieved from /home/hamza/Documents/project/Mlops/myenv/lib/python3.12/site-packages/airflow/example_dags/example_datasets.py
[2025-04-03T13:45:20.444+0000] {logging_mixin.py:190} INFO - [2025-04-03T13:45:20.444+0000] {dag.py:3239} INFO - Sync 10 DAGs
[2025-04-03T13:45:20.481+0000] {logging_mixin.py:190} INFO - [2025-04-03T13:45:20.481+0000] {dag.py:4180} INFO - Setting next_dagrun for conditional_dataset_and_time_based_timetable to 2025-04-02 01:00:00+00:00, run_after=2025-04-02 01:00:00+00:00
[2025-04-03T13:45:20.487+0000] {logging_mixin.py:190} INFO - [2025-04-03T13:45:20.486+0000] {dag.py:4180} INFO - Setting next_dagrun for consume_1_and_2_with_dataset_expressions to None, run_after=None
[2025-04-03T13:45:20.488+0000] {logging_mixin.py:190} INFO - [2025-04-03T13:45:20.488+0000] {dag.py:4180} INFO - Setting next_dagrun for consume_1_or_2_with_dataset_expressions to None, run_after=None
[2025-04-03T13:45:20.489+0000] {logging_mixin.py:190} INFO - [2025-04-03T13:45:20.489+0000] {dag.py:4180} INFO - Setting next_dagrun for consume_1_or_both_2_and_3_with_dataset_expressions to None, run_after=None
[2025-04-03T13:45:20.490+0000] {logging_mixin.py:190} INFO - [2025-04-03T13:45:20.490+0000] {dag.py:4180} INFO - Setting next_dagrun for dataset_consumes_1 to None, run_after=None
[2025-04-03T13:45:20.492+0000] {logging_mixin.py:190} INFO - [2025-04-03T13:45:20.492+0000] {dag.py:4180} INFO - Setting next_dagrun for dataset_consumes_1_and_2 to None, run_after=None
[2025-04-03T13:45:20.493+0000] {logging_mixin.py:190} INFO - [2025-04-03T13:45:20.493+0000] {dag.py:4180} INFO - Setting next_dagrun for dataset_consumes_1_never_scheduled to None, run_after=None
[2025-04-03T13:45:20.495+0000] {logging_mixin.py:190} INFO - [2025-04-03T13:45:20.494+0000] {dag.py:4180} INFO - Setting next_dagrun for dataset_consumes_unknown_never_scheduled to None, run_after=None
[2025-04-03T13:45:20.498+0000] {logging_mixin.py:190} INFO - [2025-04-03T13:45:20.498+0000] {dag.py:4180} INFO - Setting next_dagrun for dataset_produces_1 to 2025-04-02 00:00:00+00:00, run_after=2025-04-03 00:00:00+00:00
[2025-04-03T13:45:20.499+0000] {logging_mixin.py:190} INFO - [2025-04-03T13:45:20.499+0000] {dag.py:4180} INFO - Setting next_dagrun for dataset_produces_2 to None, run_after=None
[2025-04-03T13:45:20.547+0000] {processor.py:208} INFO - Processing /home/hamza/Documents/project/Mlops/myenv/lib/python3.12/site-packages/airflow/example_dags/example_datasets.py took 0.207 seconds
[2025-04-03T13:46:27.266+0000] {processor.py:186} INFO - Started process (PID=100378) to work on /home/hamza/Documents/project/Mlops/myenv/lib/python3.12/site-packages/airflow/example_dags/example_datasets.py
[2025-04-03T13:46:27.268+0000] {processor.py:914} INFO - Processing file /home/hamza/Documents/project/Mlops/myenv/lib/python3.12/site-packages/airflow/example_dags/example_datasets.py for tasks to queue
[2025-04-03T13:46:27.272+0000] {logging_mixin.py:190} INFO - [2025-04-03T13:46:27.271+0000] {dagbag.py:588} INFO - Filling up the DagBag from /home/hamza/Documents/project/Mlops/myenv/lib/python3.12/site-packages/airflow/example_dags/example_datasets.py
[2025-04-03T13:46:27.301+0000] {processor.py:925} INFO - DAG(s) 'consume_1_and_2_with_dataset_expressions', 'dataset_produces_1', 'dataset_produces_2', 'dataset_consumes_1_and_2', 'dataset_consumes_unknown_never_scheduled', 'dataset_consumes_1', 'consume_1_or_both_2_and_3_with_dataset_expressions', 'conditional_dataset_and_time_based_timetable', 'dataset_consumes_1_never_scheduled', 'consume_1_or_2_with_dataset_expressions' retrieved from /home/hamza/Documents/project/Mlops/myenv/lib/python3.12/site-packages/airflow/example_dags/example_datasets.py
[2025-04-03T13:46:27.364+0000] {logging_mixin.py:190} INFO - [2025-04-03T13:46:27.364+0000] {dag.py:3239} INFO - Sync 10 DAGs
[2025-04-03T13:46:27.408+0000] {logging_mixin.py:190} INFO - [2025-04-03T13:46:27.407+0000] {dag.py:4180} INFO - Setting next_dagrun for conditional_dataset_and_time_based_timetable to 2025-04-02 01:00:00+00:00, run_after=2025-04-02 01:00:00+00:00
[2025-04-03T13:46:27.417+0000] {logging_mixin.py:190} INFO - [2025-04-03T13:46:27.417+0000] {dag.py:4180} INFO - Setting next_dagrun for consume_1_and_2_with_dataset_expressions to None, run_after=None
[2025-04-03T13:46:27.419+0000] {logging_mixin.py:190} INFO - [2025-04-03T13:46:27.419+0000] {dag.py:4180} INFO - Setting next_dagrun for consume_1_or_2_with_dataset_expressions to None, run_after=None
[2025-04-03T13:46:27.421+0000] {logging_mixin.py:190} INFO - [2025-04-03T13:46:27.421+0000] {dag.py:4180} INFO - Setting next_dagrun for consume_1_or_both_2_and_3_with_dataset_expressions to None, run_after=None
[2025-04-03T13:46:27.423+0000] {logging_mixin.py:190} INFO - [2025-04-03T13:46:27.423+0000] {dag.py:4180} INFO - Setting next_dagrun for dataset_consumes_1 to None, run_after=None
[2025-04-03T13:46:27.425+0000] {logging_mixin.py:190} INFO - [2025-04-03T13:46:27.425+0000] {dag.py:4180} INFO - Setting next_dagrun for dataset_consumes_1_and_2 to None, run_after=None
[2025-04-03T13:46:27.427+0000] {logging_mixin.py:190} INFO - [2025-04-03T13:46:27.427+0000] {dag.py:4180} INFO - Setting next_dagrun for dataset_consumes_1_never_scheduled to None, run_after=None
[2025-04-03T13:46:27.429+0000] {logging_mixin.py:190} INFO - [2025-04-03T13:46:27.429+0000] {dag.py:4180} INFO - Setting next_dagrun for dataset_consumes_unknown_never_scheduled to None, run_after=None
[2025-04-03T13:46:27.433+0000] {logging_mixin.py:190} INFO - [2025-04-03T13:46:27.432+0000] {dag.py:4180} INFO - Setting next_dagrun for dataset_produces_1 to 2025-04-02 00:00:00+00:00, run_after=2025-04-03 00:00:00+00:00
[2025-04-03T13:46:27.435+0000] {logging_mixin.py:190} INFO - [2025-04-03T13:46:27.434+0000] {dag.py:4180} INFO - Setting next_dagrun for dataset_produces_2 to None, run_after=None
[2025-04-03T13:46:27.490+0000] {processor.py:208} INFO - Processing /home/hamza/Documents/project/Mlops/myenv/lib/python3.12/site-packages/airflow/example_dags/example_datasets.py took 0.234 seconds
[2025-04-03T13:47:34.868+0000] {processor.py:186} INFO - Started process (PID=101210) to work on /home/hamza/Documents/project/Mlops/myenv/lib/python3.12/site-packages/airflow/example_dags/example_datasets.py
[2025-04-03T13:47:34.871+0000] {processor.py:914} INFO - Processing file /home/hamza/Documents/project/Mlops/myenv/lib/python3.12/site-packages/airflow/example_dags/example_datasets.py for tasks to queue
[2025-04-03T13:47:34.875+0000] {logging_mixin.py:190} INFO - [2025-04-03T13:47:34.874+0000] {dagbag.py:588} INFO - Filling up the DagBag from /home/hamza/Documents/project/Mlops/myenv/lib/python3.12/site-packages/airflow/example_dags/example_datasets.py
[2025-04-03T13:47:34.905+0000] {processor.py:925} INFO - DAG(s) 'conditional_dataset_and_time_based_timetable', 'dataset_consumes_1_never_scheduled', 'consume_1_or_both_2_and_3_with_dataset_expressions', 'consume_1_and_2_with_dataset_expressions', 'dataset_consumes_unknown_never_scheduled', 'consume_1_or_2_with_dataset_expressions', 'dataset_produces_1', 'dataset_produces_2', 'dataset_consumes_1', 'dataset_consumes_1_and_2' retrieved from /home/hamza/Documents/project/Mlops/myenv/lib/python3.12/site-packages/airflow/example_dags/example_datasets.py
[2025-04-03T13:47:34.965+0000] {logging_mixin.py:190} INFO - [2025-04-03T13:47:34.964+0000] {dag.py:3239} INFO - Sync 10 DAGs
[2025-04-03T13:47:35.002+0000] {logging_mixin.py:190} INFO - [2025-04-03T13:47:35.002+0000] {dag.py:4180} INFO - Setting next_dagrun for conditional_dataset_and_time_based_timetable to 2025-04-02 01:00:00+00:00, run_after=2025-04-02 01:00:00+00:00
[2025-04-03T13:47:35.008+0000] {logging_mixin.py:190} INFO - [2025-04-03T13:47:35.008+0000] {dag.py:4180} INFO - Setting next_dagrun for consume_1_and_2_with_dataset_expressions to None, run_after=None
[2025-04-03T13:47:35.010+0000] {logging_mixin.py:190} INFO - [2025-04-03T13:47:35.010+0000] {dag.py:4180} INFO - Setting next_dagrun for consume_1_or_2_with_dataset_expressions to None, run_after=None
[2025-04-03T13:47:35.011+0000] {logging_mixin.py:190} INFO - [2025-04-03T13:47:35.011+0000] {dag.py:4180} INFO - Setting next_dagrun for consume_1_or_both_2_and_3_with_dataset_expressions to None, run_after=None
[2025-04-03T13:47:35.013+0000] {logging_mixin.py:190} INFO - [2025-04-03T13:47:35.012+0000] {dag.py:4180} INFO - Setting next_dagrun for dataset_consumes_1 to None, run_after=None
[2025-04-03T13:47:35.014+0000] {logging_mixin.py:190} INFO - [2025-04-03T13:47:35.014+0000] {dag.py:4180} INFO - Setting next_dagrun for dataset_consumes_1_and_2 to None, run_after=None
[2025-04-03T13:47:35.015+0000] {logging_mixin.py:190} INFO - [2025-04-03T13:47:35.015+0000] {dag.py:4180} INFO - Setting next_dagrun for dataset_consumes_1_never_scheduled to None, run_after=None
[2025-04-03T13:47:35.017+0000] {logging_mixin.py:190} INFO - [2025-04-03T13:47:35.016+0000] {dag.py:4180} INFO - Setting next_dagrun for dataset_consumes_unknown_never_scheduled to None, run_after=None
[2025-04-03T13:47:35.020+0000] {logging_mixin.py:190} INFO - [2025-04-03T13:47:35.020+0000] {dag.py:4180} INFO - Setting next_dagrun for dataset_produces_1 to 2025-04-02 00:00:00+00:00, run_after=2025-04-03 00:00:00+00:00
[2025-04-03T13:47:35.021+0000] {logging_mixin.py:190} INFO - [2025-04-03T13:47:35.021+0000] {dag.py:4180} INFO - Setting next_dagrun for dataset_produces_2 to None, run_after=None
[2025-04-03T13:47:35.071+0000] {processor.py:208} INFO - Processing /home/hamza/Documents/project/Mlops/myenv/lib/python3.12/site-packages/airflow/example_dags/example_datasets.py took 0.215 seconds
[2025-04-03T13:50:08.720+0000] {processor.py:186} INFO - Started process (PID=103196) to work on /home/hamza/Documents/project/Mlops/myenv/lib/python3.12/site-packages/airflow/example_dags/example_datasets.py
[2025-04-03T13:50:08.722+0000] {processor.py:914} INFO - Processing file /home/hamza/Documents/project/Mlops/myenv/lib/python3.12/site-packages/airflow/example_dags/example_datasets.py for tasks to queue
[2025-04-03T13:50:08.726+0000] {logging_mixin.py:190} INFO - [2025-04-03T13:50:08.725+0000] {dagbag.py:588} INFO - Filling up the DagBag from /home/hamza/Documents/project/Mlops/myenv/lib/python3.12/site-packages/airflow/example_dags/example_datasets.py
[2025-04-03T13:50:08.756+0000] {processor.py:925} INFO - DAG(s) 'dataset_consumes_1_and_2', 'conditional_dataset_and_time_based_timetable', 'consume_1_or_both_2_and_3_with_dataset_expressions', 'dataset_consumes_1_never_scheduled', 'dataset_consumes_unknown_never_scheduled', 'dataset_produces_2', 'consume_1_and_2_with_dataset_expressions', 'dataset_produces_1', 'consume_1_or_2_with_dataset_expressions', 'dataset_consumes_1' retrieved from /home/hamza/Documents/project/Mlops/myenv/lib/python3.12/site-packages/airflow/example_dags/example_datasets.py
[2025-04-03T13:50:08.820+0000] {logging_mixin.py:190} INFO - [2025-04-03T13:50:08.819+0000] {dag.py:3239} INFO - Sync 10 DAGs
[2025-04-03T13:50:08.864+0000] {logging_mixin.py:190} INFO - [2025-04-03T13:50:08.863+0000] {dag.py:4180} INFO - Setting next_dagrun for conditional_dataset_and_time_based_timetable to 2025-04-02 01:00:00+00:00, run_after=2025-04-02 01:00:00+00:00
[2025-04-03T13:50:08.870+0000] {logging_mixin.py:190} INFO - [2025-04-03T13:50:08.869+0000] {dag.py:4180} INFO - Setting next_dagrun for consume_1_and_2_with_dataset_expressions to None, run_after=None
[2025-04-03T13:50:08.872+0000] {logging_mixin.py:190} INFO - [2025-04-03T13:50:08.871+0000] {dag.py:4180} INFO - Setting next_dagrun for consume_1_or_2_with_dataset_expressions to None, run_after=None
[2025-04-03T13:50:08.874+0000] {logging_mixin.py:190} INFO - [2025-04-03T13:50:08.874+0000] {dag.py:4180} INFO - Setting next_dagrun for consume_1_or_both_2_and_3_with_dataset_expressions to None, run_after=None
[2025-04-03T13:50:08.876+0000] {logging_mixin.py:190} INFO - [2025-04-03T13:50:08.875+0000] {dag.py:4180} INFO - Setting next_dagrun for dataset_consumes_1 to None, run_after=None
[2025-04-03T13:50:08.877+0000] {logging_mixin.py:190} INFO - [2025-04-03T13:50:08.877+0000] {dag.py:4180} INFO - Setting next_dagrun for dataset_consumes_1_and_2 to None, run_after=None
[2025-04-03T13:50:08.878+0000] {logging_mixin.py:190} INFO - [2025-04-03T13:50:08.878+0000] {dag.py:4180} INFO - Setting next_dagrun for dataset_consumes_1_never_scheduled to None, run_after=None
[2025-04-03T13:50:08.880+0000] {logging_mixin.py:190} INFO - [2025-04-03T13:50:08.880+0000] {dag.py:4180} INFO - Setting next_dagrun for dataset_consumes_unknown_never_scheduled to None, run_after=None
[2025-04-03T13:50:08.884+0000] {logging_mixin.py:190} INFO - [2025-04-03T13:50:08.884+0000] {dag.py:4180} INFO - Setting next_dagrun for dataset_produces_1 to 2025-04-02 00:00:00+00:00, run_after=2025-04-03 00:00:00+00:00
[2025-04-03T13:50:08.886+0000] {logging_mixin.py:190} INFO - [2025-04-03T13:50:08.885+0000] {dag.py:4180} INFO - Setting next_dagrun for dataset_produces_2 to None, run_after=None
[2025-04-03T13:50:08.940+0000] {processor.py:208} INFO - Processing /home/hamza/Documents/project/Mlops/myenv/lib/python3.12/site-packages/airflow/example_dags/example_datasets.py took 0.231 seconds
[2025-04-03T13:51:44.802+0000] {processor.py:186} INFO - Started process (PID=104433) to work on /home/hamza/Documents/project/Mlops/myenv/lib/python3.12/site-packages/airflow/example_dags/example_datasets.py
[2025-04-03T13:51:44.805+0000] {processor.py:914} INFO - Processing file /home/hamza/Documents/project/Mlops/myenv/lib/python3.12/site-packages/airflow/example_dags/example_datasets.py for tasks to queue
[2025-04-03T13:51:44.809+0000] {logging_mixin.py:190} INFO - [2025-04-03T13:51:44.809+0000] {dagbag.py:588} INFO - Filling up the DagBag from /home/hamza/Documents/project/Mlops/myenv/lib/python3.12/site-packages/airflow/example_dags/example_datasets.py
[2025-04-03T13:51:44.838+0000] {processor.py:925} INFO - DAG(s) 'consume_1_and_2_with_dataset_expressions', 'dataset_consumes_1_and_2', 'conditional_dataset_and_time_based_timetable', 'dataset_produces_2', 'consume_1_or_2_with_dataset_expressions', 'dataset_consumes_1', 'consume_1_or_both_2_and_3_with_dataset_expressions', 'dataset_consumes_unknown_never_scheduled', 'dataset_produces_1', 'dataset_consumes_1_never_scheduled' retrieved from /home/hamza/Documents/project/Mlops/myenv/lib/python3.12/site-packages/airflow/example_dags/example_datasets.py
[2025-04-03T13:51:44.894+0000] {logging_mixin.py:190} INFO - [2025-04-03T13:51:44.894+0000] {dag.py:3239} INFO - Sync 10 DAGs
[2025-04-03T13:51:44.930+0000] {logging_mixin.py:190} INFO - [2025-04-03T13:51:44.930+0000] {dag.py:4180} INFO - Setting next_dagrun for conditional_dataset_and_time_based_timetable to 2025-04-02 01:00:00+00:00, run_after=2025-04-02 01:00:00+00:00
[2025-04-03T13:51:44.935+0000] {logging_mixin.py:190} INFO - [2025-04-03T13:51:44.935+0000] {dag.py:4180} INFO - Setting next_dagrun for consume_1_and_2_with_dataset_expressions to None, run_after=None
[2025-04-03T13:51:44.937+0000] {logging_mixin.py:190} INFO - [2025-04-03T13:51:44.937+0000] {dag.py:4180} INFO - Setting next_dagrun for consume_1_or_2_with_dataset_expressions to None, run_after=None
[2025-04-03T13:51:44.938+0000] {logging_mixin.py:190} INFO - [2025-04-03T13:51:44.938+0000] {dag.py:4180} INFO - Setting next_dagrun for consume_1_or_both_2_and_3_with_dataset_expressions to None, run_after=None
[2025-04-03T13:51:44.939+0000] {logging_mixin.py:190} INFO - [2025-04-03T13:51:44.939+0000] {dag.py:4180} INFO - Setting next_dagrun for dataset_consumes_1 to None, run_after=None
[2025-04-03T13:51:44.941+0000] {logging_mixin.py:190} INFO - [2025-04-03T13:51:44.940+0000] {dag.py:4180} INFO - Setting next_dagrun for dataset_consumes_1_and_2 to None, run_after=None
[2025-04-03T13:51:44.942+0000] {logging_mixin.py:190} INFO - [2025-04-03T13:51:44.942+0000] {dag.py:4180} INFO - Setting next_dagrun for dataset_consumes_1_never_scheduled to None, run_after=None
[2025-04-03T13:51:44.943+0000] {logging_mixin.py:190} INFO - [2025-04-03T13:51:44.943+0000] {dag.py:4180} INFO - Setting next_dagrun for dataset_consumes_unknown_never_scheduled to None, run_after=None
[2025-04-03T13:51:44.946+0000] {logging_mixin.py:190} INFO - [2025-04-03T13:51:44.946+0000] {dag.py:4180} INFO - Setting next_dagrun for dataset_produces_1 to 2025-04-02 00:00:00+00:00, run_after=2025-04-03 00:00:00+00:00
[2025-04-03T13:51:44.948+0000] {logging_mixin.py:190} INFO - [2025-04-03T13:51:44.947+0000] {dag.py:4180} INFO - Setting next_dagrun for dataset_produces_2 to None, run_after=None
[2025-04-03T13:51:44.999+0000] {processor.py:208} INFO - Processing /home/hamza/Documents/project/Mlops/myenv/lib/python3.12/site-packages/airflow/example_dags/example_datasets.py took 0.206 seconds
[2025-04-03T13:53:28.276+0000] {processor.py:186} INFO - Started process (PID=105494) to work on /home/hamza/Documents/project/Mlops/myenv/lib/python3.12/site-packages/airflow/example_dags/example_datasets.py
[2025-04-03T13:53:28.278+0000] {processor.py:914} INFO - Processing file /home/hamza/Documents/project/Mlops/myenv/lib/python3.12/site-packages/airflow/example_dags/example_datasets.py for tasks to queue
[2025-04-03T13:53:28.282+0000] {logging_mixin.py:190} INFO - [2025-04-03T13:53:28.281+0000] {dagbag.py:588} INFO - Filling up the DagBag from /home/hamza/Documents/project/Mlops/myenv/lib/python3.12/site-packages/airflow/example_dags/example_datasets.py
[2025-04-03T13:53:28.316+0000] {processor.py:925} INFO - DAG(s) 'consume_1_or_both_2_and_3_with_dataset_expressions', 'dataset_consumes_unknown_never_scheduled', 'dataset_consumes_1', 'consume_1_or_2_with_dataset_expressions', 'consume_1_and_2_with_dataset_expressions', 'dataset_produces_1', 'dataset_consumes_1_and_2', 'dataset_consumes_1_never_scheduled', 'dataset_produces_2', 'conditional_dataset_and_time_based_timetable' retrieved from /home/hamza/Documents/project/Mlops/myenv/lib/python3.12/site-packages/airflow/example_dags/example_datasets.py
[2025-04-03T13:53:28.388+0000] {logging_mixin.py:190} INFO - [2025-04-03T13:53:28.387+0000] {dag.py:3239} INFO - Sync 10 DAGs
[2025-04-03T13:53:28.441+0000] {logging_mixin.py:190} INFO - [2025-04-03T13:53:28.440+0000] {dag.py:4180} INFO - Setting next_dagrun for conditional_dataset_and_time_based_timetable to 2025-04-02 01:00:00+00:00, run_after=2025-04-02 01:00:00+00:00
[2025-04-03T13:53:28.447+0000] {logging_mixin.py:190} INFO - [2025-04-03T13:53:28.447+0000] {dag.py:4180} INFO - Setting next_dagrun for consume_1_and_2_with_dataset_expressions to None, run_after=None
[2025-04-03T13:53:28.449+0000] {logging_mixin.py:190} INFO - [2025-04-03T13:53:28.449+0000] {dag.py:4180} INFO - Setting next_dagrun for consume_1_or_2_with_dataset_expressions to None, run_after=None
[2025-04-03T13:53:28.450+0000] {logging_mixin.py:190} INFO - [2025-04-03T13:53:28.450+0000] {dag.py:4180} INFO - Setting next_dagrun for consume_1_or_both_2_and_3_with_dataset_expressions to None, run_after=None
[2025-04-03T13:53:28.452+0000] {logging_mixin.py:190} INFO - [2025-04-03T13:53:28.451+0000] {dag.py:4180} INFO - Setting next_dagrun for dataset_consumes_1 to None, run_after=None
[2025-04-03T13:53:28.453+0000] {logging_mixin.py:190} INFO - [2025-04-03T13:53:28.453+0000] {dag.py:4180} INFO - Setting next_dagrun for dataset_consumes_1_and_2 to None, run_after=None
[2025-04-03T13:53:28.455+0000] {logging_mixin.py:190} INFO - [2025-04-03T13:53:28.455+0000] {dag.py:4180} INFO - Setting next_dagrun for dataset_consumes_1_never_scheduled to None, run_after=None
[2025-04-03T13:53:28.456+0000] {logging_mixin.py:190} INFO - [2025-04-03T13:53:28.456+0000] {dag.py:4180} INFO - Setting next_dagrun for dataset_consumes_unknown_never_scheduled to None, run_after=None
[2025-04-03T13:53:28.462+0000] {logging_mixin.py:190} INFO - [2025-04-03T13:53:28.461+0000] {dag.py:4180} INFO - Setting next_dagrun for dataset_produces_1 to 2025-04-02 00:00:00+00:00, run_after=2025-04-03 00:00:00+00:00
[2025-04-03T13:53:28.464+0000] {logging_mixin.py:190} INFO - [2025-04-03T13:53:28.463+0000] {dag.py:4180} INFO - Setting next_dagrun for dataset_produces_2 to None, run_after=None
[2025-04-03T13:53:28.522+0000] {processor.py:208} INFO - Processing /home/hamza/Documents/project/Mlops/myenv/lib/python3.12/site-packages/airflow/example_dags/example_datasets.py took 0.257 seconds
[2025-04-03T13:59:43.226+0000] {processor.py:186} INFO - Started process (PID=110246) to work on /home/hamza/Documents/project/Mlops/myenv/lib/python3.12/site-packages/airflow/example_dags/example_datasets.py
[2025-04-03T13:59:43.229+0000] {processor.py:914} INFO - Processing file /home/hamza/Documents/project/Mlops/myenv/lib/python3.12/site-packages/airflow/example_dags/example_datasets.py for tasks to queue
[2025-04-03T13:59:43.234+0000] {logging_mixin.py:190} INFO - [2025-04-03T13:59:43.233+0000] {dagbag.py:588} INFO - Filling up the DagBag from /home/hamza/Documents/project/Mlops/myenv/lib/python3.12/site-packages/airflow/example_dags/example_datasets.py
[2025-04-03T13:59:43.279+0000] {processor.py:925} INFO - DAG(s) 'dataset_produces_1', 'dataset_consumes_1_and_2', 'conditional_dataset_and_time_based_timetable', 'consume_1_or_both_2_and_3_with_dataset_expressions', 'dataset_consumes_1', 'consume_1_and_2_with_dataset_expressions', 'dataset_produces_2', 'dataset_consumes_1_never_scheduled', 'dataset_consumes_unknown_never_scheduled', 'consume_1_or_2_with_dataset_expressions' retrieved from /home/hamza/Documents/project/Mlops/myenv/lib/python3.12/site-packages/airflow/example_dags/example_datasets.py
[2025-04-03T13:59:43.437+0000] {logging_mixin.py:190} INFO - [2025-04-03T13:59:43.436+0000] {dag.py:3239} INFO - Sync 10 DAGs
[2025-04-03T13:59:43.502+0000] {logging_mixin.py:190} INFO - [2025-04-03T13:59:43.501+0000] {dag.py:4180} INFO - Setting next_dagrun for conditional_dataset_and_time_based_timetable to 2025-04-02 01:00:00+00:00, run_after=2025-04-02 01:00:00+00:00
[2025-04-03T13:59:43.512+0000] {logging_mixin.py:190} INFO - [2025-04-03T13:59:43.511+0000] {dag.py:4180} INFO - Setting next_dagrun for consume_1_and_2_with_dataset_expressions to None, run_after=None
[2025-04-03T13:59:43.516+0000] {logging_mixin.py:190} INFO - [2025-04-03T13:59:43.516+0000] {dag.py:4180} INFO - Setting next_dagrun for consume_1_or_2_with_dataset_expressions to None, run_after=None
[2025-04-03T13:59:43.519+0000] {logging_mixin.py:190} INFO - [2025-04-03T13:59:43.519+0000] {dag.py:4180} INFO - Setting next_dagrun for consume_1_or_both_2_and_3_with_dataset_expressions to None, run_after=None
[2025-04-03T13:59:43.522+0000] {logging_mixin.py:190} INFO - [2025-04-03T13:59:43.521+0000] {dag.py:4180} INFO - Setting next_dagrun for dataset_consumes_1 to None, run_after=None
[2025-04-03T13:59:43.525+0000] {logging_mixin.py:190} INFO - [2025-04-03T13:59:43.524+0000] {dag.py:4180} INFO - Setting next_dagrun for dataset_consumes_1_and_2 to None, run_after=None
[2025-04-03T13:59:43.527+0000] {logging_mixin.py:190} INFO - [2025-04-03T13:59:43.527+0000] {dag.py:4180} INFO - Setting next_dagrun for dataset_consumes_1_never_scheduled to None, run_after=None
[2025-04-03T13:59:43.530+0000] {logging_mixin.py:190} INFO - [2025-04-03T13:59:43.530+0000] {dag.py:4180} INFO - Setting next_dagrun for dataset_consumes_unknown_never_scheduled to None, run_after=None
[2025-04-03T13:59:43.536+0000] {logging_mixin.py:190} INFO - [2025-04-03T13:59:43.536+0000] {dag.py:4180} INFO - Setting next_dagrun for dataset_produces_1 to 2025-04-02 00:00:00+00:00, run_after=2025-04-03 00:00:00+00:00
[2025-04-03T13:59:43.539+0000] {logging_mixin.py:190} INFO - [2025-04-03T13:59:43.538+0000] {dag.py:4180} INFO - Setting next_dagrun for dataset_produces_2 to None, run_after=None
[2025-04-03T13:59:43.640+0000] {processor.py:208} INFO - Processing /home/hamza/Documents/project/Mlops/myenv/lib/python3.12/site-packages/airflow/example_dags/example_datasets.py took 0.426 seconds
[2025-04-03T14:10:30.097+0000] {processor.py:186} INFO - Started process (PID=118255) to work on /home/hamza/Documents/project/Mlops/myenv/lib/python3.12/site-packages/airflow/example_dags/example_datasets.py
[2025-04-03T14:10:30.099+0000] {processor.py:914} INFO - Processing file /home/hamza/Documents/project/Mlops/myenv/lib/python3.12/site-packages/airflow/example_dags/example_datasets.py for tasks to queue
[2025-04-03T14:10:30.101+0000] {logging_mixin.py:190} INFO - [2025-04-03T14:10:30.101+0000] {dagbag.py:588} INFO - Filling up the DagBag from /home/hamza/Documents/project/Mlops/myenv/lib/python3.12/site-packages/airflow/example_dags/example_datasets.py
[2025-04-03T14:10:30.122+0000] {processor.py:925} INFO - DAG(s) 'dataset_consumes_1', 'dataset_produces_1', 'consume_1_or_2_with_dataset_expressions', 'dataset_produces_2', 'consume_1_and_2_with_dataset_expressions', 'consume_1_or_both_2_and_3_with_dataset_expressions', 'conditional_dataset_and_time_based_timetable', 'dataset_consumes_1_never_scheduled', 'dataset_consumes_unknown_never_scheduled', 'dataset_consumes_1_and_2' retrieved from /home/hamza/Documents/project/Mlops/myenv/lib/python3.12/site-packages/airflow/example_dags/example_datasets.py
[2025-04-03T14:10:30.181+0000] {logging_mixin.py:190} INFO - [2025-04-03T14:10:30.181+0000] {dag.py:3239} INFO - Sync 10 DAGs
[2025-04-03T14:10:30.214+0000] {logging_mixin.py:190} INFO - [2025-04-03T14:10:30.214+0000] {dag.py:4180} INFO - Setting next_dagrun for conditional_dataset_and_time_based_timetable to 2025-04-02 01:00:00+00:00, run_after=2025-04-02 01:00:00+00:00
[2025-04-03T14:10:30.219+0000] {logging_mixin.py:190} INFO - [2025-04-03T14:10:30.218+0000] {dag.py:4180} INFO - Setting next_dagrun for consume_1_and_2_with_dataset_expressions to None, run_after=None
[2025-04-03T14:10:30.221+0000] {logging_mixin.py:190} INFO - [2025-04-03T14:10:30.220+0000] {dag.py:4180} INFO - Setting next_dagrun for consume_1_or_2_with_dataset_expressions to None, run_after=None
[2025-04-03T14:10:30.223+0000] {logging_mixin.py:190} INFO - [2025-04-03T14:10:30.222+0000] {dag.py:4180} INFO - Setting next_dagrun for consume_1_or_both_2_and_3_with_dataset_expressions to None, run_after=None
[2025-04-03T14:10:30.224+0000] {logging_mixin.py:190} INFO - [2025-04-03T14:10:30.224+0000] {dag.py:4180} INFO - Setting next_dagrun for dataset_consumes_1 to None, run_after=None
[2025-04-03T14:10:30.226+0000] {logging_mixin.py:190} INFO - [2025-04-03T14:10:30.225+0000] {dag.py:4180} INFO - Setting next_dagrun for dataset_consumes_1_and_2 to None, run_after=None
[2025-04-03T14:10:30.227+0000] {logging_mixin.py:190} INFO - [2025-04-03T14:10:30.227+0000] {dag.py:4180} INFO - Setting next_dagrun for dataset_consumes_1_never_scheduled to None, run_after=None
[2025-04-03T14:10:30.229+0000] {logging_mixin.py:190} INFO - [2025-04-03T14:10:30.228+0000] {dag.py:4180} INFO - Setting next_dagrun for dataset_consumes_unknown_never_scheduled to None, run_after=None
[2025-04-03T14:10:30.232+0000] {logging_mixin.py:190} INFO - [2025-04-03T14:10:30.232+0000] {dag.py:4180} INFO - Setting next_dagrun for dataset_produces_1 to 2025-04-02 00:00:00+00:00, run_after=2025-04-03 00:00:00+00:00
[2025-04-03T14:10:30.234+0000] {logging_mixin.py:190} INFO - [2025-04-03T14:10:30.233+0000] {dag.py:4180} INFO - Setting next_dagrun for dataset_produces_2 to None, run_after=None
[2025-04-03T14:10:30.283+0000] {processor.py:208} INFO - Processing /home/hamza/Documents/project/Mlops/myenv/lib/python3.12/site-packages/airflow/example_dags/example_datasets.py took 0.195 seconds
[2025-04-03T14:12:07.821+0000] {processor.py:186} INFO - Started process (PID=119137) to work on /home/hamza/Documents/project/Mlops/myenv/lib/python3.12/site-packages/airflow/example_dags/example_datasets.py
[2025-04-03T14:12:07.823+0000] {processor.py:914} INFO - Processing file /home/hamza/Documents/project/Mlops/myenv/lib/python3.12/site-packages/airflow/example_dags/example_datasets.py for tasks to queue
[2025-04-03T14:12:07.825+0000] {logging_mixin.py:190} INFO - [2025-04-03T14:12:07.824+0000] {dagbag.py:588} INFO - Filling up the DagBag from /home/hamza/Documents/project/Mlops/myenv/lib/python3.12/site-packages/airflow/example_dags/example_datasets.py
[2025-04-03T14:12:07.850+0000] {processor.py:925} INFO - DAG(s) 'consume_1_or_2_with_dataset_expressions', 'conditional_dataset_and_time_based_timetable', 'consume_1_and_2_with_dataset_expressions', 'dataset_produces_2', 'dataset_consumes_1_never_scheduled', 'dataset_consumes_1_and_2', 'dataset_consumes_unknown_never_scheduled', 'dataset_produces_1', 'dataset_consumes_1', 'consume_1_or_both_2_and_3_with_dataset_expressions' retrieved from /home/hamza/Documents/project/Mlops/myenv/lib/python3.12/site-packages/airflow/example_dags/example_datasets.py
[2025-04-03T14:12:07.908+0000] {logging_mixin.py:190} INFO - [2025-04-03T14:12:07.907+0000] {dag.py:3239} INFO - Sync 10 DAGs
[2025-04-03T14:12:07.943+0000] {logging_mixin.py:190} INFO - [2025-04-03T14:12:07.943+0000] {dag.py:4180} INFO - Setting next_dagrun for conditional_dataset_and_time_based_timetable to 2025-04-02 01:00:00+00:00, run_after=2025-04-02 01:00:00+00:00
[2025-04-03T14:12:07.948+0000] {logging_mixin.py:190} INFO - [2025-04-03T14:12:07.948+0000] {dag.py:4180} INFO - Setting next_dagrun for consume_1_and_2_with_dataset_expressions to None, run_after=None
[2025-04-03T14:12:07.949+0000] {logging_mixin.py:190} INFO - [2025-04-03T14:12:07.949+0000] {dag.py:4180} INFO - Setting next_dagrun for consume_1_or_2_with_dataset_expressions to None, run_after=None
[2025-04-03T14:12:07.951+0000] {logging_mixin.py:190} INFO - [2025-04-03T14:12:07.951+0000] {dag.py:4180} INFO - Setting next_dagrun for consume_1_or_both_2_and_3_with_dataset_expressions to None, run_after=None
[2025-04-03T14:12:07.952+0000] {logging_mixin.py:190} INFO - [2025-04-03T14:12:07.952+0000] {dag.py:4180} INFO - Setting next_dagrun for dataset_consumes_1 to None, run_after=None
[2025-04-03T14:12:07.954+0000] {logging_mixin.py:190} INFO - [2025-04-03T14:12:07.953+0000] {dag.py:4180} INFO - Setting next_dagrun for dataset_consumes_1_and_2 to None, run_after=None
[2025-04-03T14:12:07.955+0000] {logging_mixin.py:190} INFO - [2025-04-03T14:12:07.955+0000] {dag.py:4180} INFO - Setting next_dagrun for dataset_consumes_1_never_scheduled to None, run_after=None
[2025-04-03T14:12:07.956+0000] {logging_mixin.py:190} INFO - [2025-04-03T14:12:07.956+0000] {dag.py:4180} INFO - Setting next_dagrun for dataset_consumes_unknown_never_scheduled to None, run_after=None
[2025-04-03T14:12:07.960+0000] {logging_mixin.py:190} INFO - [2025-04-03T14:12:07.960+0000] {dag.py:4180} INFO - Setting next_dagrun for dataset_produces_1 to 2025-04-02 00:00:00+00:00, run_after=2025-04-03 00:00:00+00:00
[2025-04-03T14:12:07.961+0000] {logging_mixin.py:190} INFO - [2025-04-03T14:12:07.961+0000] {dag.py:4180} INFO - Setting next_dagrun for dataset_produces_2 to None, run_after=None
[2025-04-03T14:12:08.012+0000] {processor.py:208} INFO - Processing /home/hamza/Documents/project/Mlops/myenv/lib/python3.12/site-packages/airflow/example_dags/example_datasets.py took 0.202 seconds
[2025-04-03T14:19:10.161+0000] {processor.py:186} INFO - Started process (PID=122632) to work on /home/hamza/Documents/project/Mlops/myenv/lib/python3.12/site-packages/airflow/example_dags/example_datasets.py
[2025-04-03T14:19:10.163+0000] {processor.py:914} INFO - Processing file /home/hamza/Documents/project/Mlops/myenv/lib/python3.12/site-packages/airflow/example_dags/example_datasets.py for tasks to queue
[2025-04-03T14:19:10.165+0000] {logging_mixin.py:190} INFO - [2025-04-03T14:19:10.165+0000] {dagbag.py:588} INFO - Filling up the DagBag from /home/hamza/Documents/project/Mlops/myenv/lib/python3.12/site-packages/airflow/example_dags/example_datasets.py
[2025-04-03T14:19:10.198+0000] {processor.py:925} INFO - DAG(s) 'dataset_produces_1', 'conditional_dataset_and_time_based_timetable', 'dataset_consumes_1', 'dataset_consumes_1_and_2', 'dataset_consumes_1_never_scheduled', 'dataset_consumes_unknown_never_scheduled', 'consume_1_or_both_2_and_3_with_dataset_expressions', 'dataset_produces_2', 'consume_1_and_2_with_dataset_expressions', 'consume_1_or_2_with_dataset_expressions' retrieved from /home/hamza/Documents/project/Mlops/myenv/lib/python3.12/site-packages/airflow/example_dags/example_datasets.py
[2025-04-03T14:19:10.288+0000] {logging_mixin.py:190} INFO - [2025-04-03T14:19:10.288+0000] {dag.py:3239} INFO - Sync 10 DAGs
[2025-04-03T14:19:10.336+0000] {logging_mixin.py:190} INFO - [2025-04-03T14:19:10.335+0000] {dag.py:4180} INFO - Setting next_dagrun for conditional_dataset_and_time_based_timetable to 2025-04-02 01:00:00+00:00, run_after=2025-04-02 01:00:00+00:00
[2025-04-03T14:19:10.343+0000] {logging_mixin.py:190} INFO - [2025-04-03T14:19:10.343+0000] {dag.py:4180} INFO - Setting next_dagrun for consume_1_and_2_with_dataset_expressions to None, run_after=None
[2025-04-03T14:19:10.346+0000] {logging_mixin.py:190} INFO - [2025-04-03T14:19:10.346+0000] {dag.py:4180} INFO - Setting next_dagrun for consume_1_or_2_with_dataset_expressions to None, run_after=None
[2025-04-03T14:19:10.349+0000] {logging_mixin.py:190} INFO - [2025-04-03T14:19:10.348+0000] {dag.py:4180} INFO - Setting next_dagrun for consume_1_or_both_2_and_3_with_dataset_expressions to None, run_after=None
[2025-04-03T14:19:10.351+0000] {logging_mixin.py:190} INFO - [2025-04-03T14:19:10.350+0000] {dag.py:4180} INFO - Setting next_dagrun for dataset_consumes_1 to None, run_after=None
[2025-04-03T14:19:10.353+0000] {logging_mixin.py:190} INFO - [2025-04-03T14:19:10.353+0000] {dag.py:4180} INFO - Setting next_dagrun for dataset_consumes_1_and_2 to None, run_after=None
[2025-04-03T14:19:10.355+0000] {logging_mixin.py:190} INFO - [2025-04-03T14:19:10.355+0000] {dag.py:4180} INFO - Setting next_dagrun for dataset_consumes_1_never_scheduled to None, run_after=None
[2025-04-03T14:19:10.358+0000] {logging_mixin.py:190} INFO - [2025-04-03T14:19:10.357+0000] {dag.py:4180} INFO - Setting next_dagrun for dataset_consumes_unknown_never_scheduled to None, run_after=None
[2025-04-03T14:19:10.363+0000] {logging_mixin.py:190} INFO - [2025-04-03T14:19:10.363+0000] {dag.py:4180} INFO - Setting next_dagrun for dataset_produces_1 to 2025-04-02 00:00:00+00:00, run_after=2025-04-03 00:00:00+00:00
[2025-04-03T14:19:10.365+0000] {logging_mixin.py:190} INFO - [2025-04-03T14:19:10.365+0000] {dag.py:4180} INFO - Setting next_dagrun for dataset_produces_2 to None, run_after=None
[2025-04-03T14:19:10.418+0000] {processor.py:208} INFO - Processing /home/hamza/Documents/project/Mlops/myenv/lib/python3.12/site-packages/airflow/example_dags/example_datasets.py took 0.268 seconds
[2025-04-03T15:08:41.911+0000] {processor.py:186} INFO - Started process (PID=36329) to work on /home/hamza/Documents/project/Mlops/myenv/lib/python3.12/site-packages/airflow/example_dags/example_datasets.py
[2025-04-03T15:08:41.912+0000] {processor.py:914} INFO - Processing file /home/hamza/Documents/project/Mlops/myenv/lib/python3.12/site-packages/airflow/example_dags/example_datasets.py for tasks to queue
[2025-04-03T15:08:41.917+0000] {logging_mixin.py:190} INFO - [2025-04-03T15:08:41.916+0000] {dagbag.py:588} INFO - Filling up the DagBag from /home/hamza/Documents/project/Mlops/myenv/lib/python3.12/site-packages/airflow/example_dags/example_datasets.py
[2025-04-03T15:08:41.946+0000] {processor.py:925} INFO - DAG(s) 'dataset_produces_1', 'consume_1_and_2_with_dataset_expressions', 'dataset_consumes_1_and_2', 'dataset_consumes_1', 'conditional_dataset_and_time_based_timetable', 'dataset_consumes_1_never_scheduled', 'consume_1_or_both_2_and_3_with_dataset_expressions', 'dataset_produces_2', 'consume_1_or_2_with_dataset_expressions', 'dataset_consumes_unknown_never_scheduled' retrieved from /home/hamza/Documents/project/Mlops/myenv/lib/python3.12/site-packages/airflow/example_dags/example_datasets.py
[2025-04-03T15:08:42.006+0000] {logging_mixin.py:190} INFO - [2025-04-03T15:08:42.005+0000] {dag.py:3239} INFO - Sync 10 DAGs
[2025-04-03T15:08:42.045+0000] {logging_mixin.py:190} INFO - [2025-04-03T15:08:42.045+0000] {dag.py:4180} INFO - Setting next_dagrun for conditional_dataset_and_time_based_timetable to 2025-04-02 01:00:00+00:00, run_after=2025-04-02 01:00:00+00:00
[2025-04-03T15:08:42.051+0000] {logging_mixin.py:190} INFO - [2025-04-03T15:08:42.050+0000] {dag.py:4180} INFO - Setting next_dagrun for consume_1_and_2_with_dataset_expressions to None, run_after=None
[2025-04-03T15:08:42.053+0000] {logging_mixin.py:190} INFO - [2025-04-03T15:08:42.052+0000] {dag.py:4180} INFO - Setting next_dagrun for consume_1_or_2_with_dataset_expressions to None, run_after=None
[2025-04-03T15:08:42.054+0000] {logging_mixin.py:190} INFO - [2025-04-03T15:08:42.054+0000] {dag.py:4180} INFO - Setting next_dagrun for consume_1_or_both_2_and_3_with_dataset_expressions to None, run_after=None
[2025-04-03T15:08:42.055+0000] {logging_mixin.py:190} INFO - [2025-04-03T15:08:42.055+0000] {dag.py:4180} INFO - Setting next_dagrun for dataset_consumes_1 to None, run_after=None
[2025-04-03T15:08:42.057+0000] {logging_mixin.py:190} INFO - [2025-04-03T15:08:42.056+0000] {dag.py:4180} INFO - Setting next_dagrun for dataset_consumes_1_and_2 to None, run_after=None
[2025-04-03T15:08:42.058+0000] {logging_mixin.py:190} INFO - [2025-04-03T15:08:42.058+0000] {dag.py:4180} INFO - Setting next_dagrun for dataset_consumes_1_never_scheduled to None, run_after=None
[2025-04-03T15:08:42.059+0000] {logging_mixin.py:190} INFO - [2025-04-03T15:08:42.059+0000] {dag.py:4180} INFO - Setting next_dagrun for dataset_consumes_unknown_never_scheduled to None, run_after=None
[2025-04-03T15:08:42.062+0000] {logging_mixin.py:190} INFO - [2025-04-03T15:08:42.062+0000] {dag.py:4180} INFO - Setting next_dagrun for dataset_produces_1 to 2025-04-02 00:00:00+00:00, run_after=2025-04-03 00:00:00+00:00
[2025-04-03T15:08:42.064+0000] {logging_mixin.py:190} INFO - [2025-04-03T15:08:42.063+0000] {dag.py:4180} INFO - Setting next_dagrun for dataset_produces_2 to None, run_after=None
[2025-04-03T15:08:42.111+0000] {processor.py:208} INFO - Processing /home/hamza/Documents/project/Mlops/myenv/lib/python3.12/site-packages/airflow/example_dags/example_datasets.py took 0.209 seconds
[2025-04-03T15:10:10.379+0000] {processor.py:186} INFO - Started process (PID=37228) to work on /home/hamza/Documents/project/Mlops/myenv/lib/python3.12/site-packages/airflow/example_dags/example_datasets.py
[2025-04-03T15:10:10.384+0000] {processor.py:914} INFO - Processing file /home/hamza/Documents/project/Mlops/myenv/lib/python3.12/site-packages/airflow/example_dags/example_datasets.py for tasks to queue
[2025-04-03T15:10:10.387+0000] {logging_mixin.py:190} INFO - [2025-04-03T15:10:10.387+0000] {dagbag.py:588} INFO - Filling up the DagBag from /home/hamza/Documents/project/Mlops/myenv/lib/python3.12/site-packages/airflow/example_dags/example_datasets.py
[2025-04-03T15:10:10.414+0000] {processor.py:925} INFO - DAG(s) 'dataset_produces_1', 'dataset_consumes_1_and_2', 'consume_1_or_2_with_dataset_expressions', 'dataset_consumes_1', 'consume_1_or_both_2_and_3_with_dataset_expressions', 'conditional_dataset_and_time_based_timetable', 'dataset_consumes_unknown_never_scheduled', 'dataset_consumes_1_never_scheduled', 'dataset_produces_2', 'consume_1_and_2_with_dataset_expressions' retrieved from /home/hamza/Documents/project/Mlops/myenv/lib/python3.12/site-packages/airflow/example_dags/example_datasets.py
[2025-04-03T15:10:10.472+0000] {logging_mixin.py:190} INFO - [2025-04-03T15:10:10.471+0000] {dag.py:3239} INFO - Sync 10 DAGs
[2025-04-03T15:10:10.509+0000] {logging_mixin.py:190} INFO - [2025-04-03T15:10:10.509+0000] {dag.py:4180} INFO - Setting next_dagrun for conditional_dataset_and_time_based_timetable to 2025-04-02 01:00:00+00:00, run_after=2025-04-02 01:00:00+00:00
[2025-04-03T15:10:10.516+0000] {logging_mixin.py:190} INFO - [2025-04-03T15:10:10.515+0000] {dag.py:4180} INFO - Setting next_dagrun for consume_1_and_2_with_dataset_expressions to None, run_after=None
[2025-04-03T15:10:10.517+0000] {logging_mixin.py:190} INFO - [2025-04-03T15:10:10.517+0000] {dag.py:4180} INFO - Setting next_dagrun for consume_1_or_2_with_dataset_expressions to None, run_after=None
[2025-04-03T15:10:10.519+0000] {logging_mixin.py:190} INFO - [2025-04-03T15:10:10.518+0000] {dag.py:4180} INFO - Setting next_dagrun for consume_1_or_both_2_and_3_with_dataset_expressions to None, run_after=None
[2025-04-03T15:10:10.520+0000] {logging_mixin.py:190} INFO - [2025-04-03T15:10:10.520+0000] {dag.py:4180} INFO - Setting next_dagrun for dataset_consumes_1 to None, run_after=None
[2025-04-03T15:10:10.522+0000] {logging_mixin.py:190} INFO - [2025-04-03T15:10:10.522+0000] {dag.py:4180} INFO - Setting next_dagrun for dataset_consumes_1_and_2 to None, run_after=None
[2025-04-03T15:10:10.524+0000] {logging_mixin.py:190} INFO - [2025-04-03T15:10:10.524+0000] {dag.py:4180} INFO - Setting next_dagrun for dataset_consumes_1_never_scheduled to None, run_after=None
[2025-04-03T15:10:10.526+0000] {logging_mixin.py:190} INFO - [2025-04-03T15:10:10.526+0000] {dag.py:4180} INFO - Setting next_dagrun for dataset_consumes_unknown_never_scheduled to None, run_after=None
[2025-04-03T15:10:10.530+0000] {logging_mixin.py:190} INFO - [2025-04-03T15:10:10.530+0000] {dag.py:4180} INFO - Setting next_dagrun for dataset_produces_1 to 2025-04-02 00:00:00+00:00, run_after=2025-04-03 00:00:00+00:00
[2025-04-03T15:10:10.532+0000] {logging_mixin.py:190} INFO - [2025-04-03T15:10:10.532+0000] {dag.py:4180} INFO - Setting next_dagrun for dataset_produces_2 to None, run_after=None
[2025-04-03T15:10:10.583+0000] {processor.py:208} INFO - Processing /home/hamza/Documents/project/Mlops/myenv/lib/python3.12/site-packages/airflow/example_dags/example_datasets.py took 0.212 seconds
[2025-04-03T15:11:39.096+0000] {processor.py:186} INFO - Started process (PID=38018) to work on /home/hamza/Documents/project/Mlops/myenv/lib/python3.12/site-packages/airflow/example_dags/example_datasets.py
[2025-04-03T15:11:39.097+0000] {processor.py:914} INFO - Processing file /home/hamza/Documents/project/Mlops/myenv/lib/python3.12/site-packages/airflow/example_dags/example_datasets.py for tasks to queue
[2025-04-03T15:11:39.101+0000] {logging_mixin.py:190} INFO - [2025-04-03T15:11:39.100+0000] {dagbag.py:588} INFO - Filling up the DagBag from /home/hamza/Documents/project/Mlops/myenv/lib/python3.12/site-packages/airflow/example_dags/example_datasets.py
[2025-04-03T15:11:39.129+0000] {processor.py:925} INFO - DAG(s) 'dataset_consumes_1', 'conditional_dataset_and_time_based_timetable', 'dataset_consumes_1_and_2', 'consume_1_and_2_with_dataset_expressions', 'dataset_consumes_unknown_never_scheduled', 'dataset_produces_1', 'dataset_consumes_1_never_scheduled', 'consume_1_or_2_with_dataset_expressions', 'dataset_produces_2', 'consume_1_or_both_2_and_3_with_dataset_expressions' retrieved from /home/hamza/Documents/project/Mlops/myenv/lib/python3.12/site-packages/airflow/example_dags/example_datasets.py
[2025-04-03T15:11:39.204+0000] {logging_mixin.py:190} INFO - [2025-04-03T15:11:39.204+0000] {dag.py:3239} INFO - Sync 10 DAGs
[2025-04-03T15:11:39.243+0000] {logging_mixin.py:190} INFO - [2025-04-03T15:11:39.243+0000] {dag.py:4180} INFO - Setting next_dagrun for conditional_dataset_and_time_based_timetable to 2025-04-02 01:00:00+00:00, run_after=2025-04-02 01:00:00+00:00
[2025-04-03T15:11:39.250+0000] {logging_mixin.py:190} INFO - [2025-04-03T15:11:39.249+0000] {dag.py:4180} INFO - Setting next_dagrun for consume_1_and_2_with_dataset_expressions to None, run_after=None
[2025-04-03T15:11:39.252+0000] {logging_mixin.py:190} INFO - [2025-04-03T15:11:39.252+0000] {dag.py:4180} INFO - Setting next_dagrun for consume_1_or_2_with_dataset_expressions to None, run_after=None
[2025-04-03T15:11:39.254+0000] {logging_mixin.py:190} INFO - [2025-04-03T15:11:39.254+0000] {dag.py:4180} INFO - Setting next_dagrun for consume_1_or_both_2_and_3_with_dataset_expressions to None, run_after=None
[2025-04-03T15:11:39.255+0000] {logging_mixin.py:190} INFO - [2025-04-03T15:11:39.255+0000] {dag.py:4180} INFO - Setting next_dagrun for dataset_consumes_1 to None, run_after=None
[2025-04-03T15:11:39.257+0000] {logging_mixin.py:190} INFO - [2025-04-03T15:11:39.257+0000] {dag.py:4180} INFO - Setting next_dagrun for dataset_consumes_1_and_2 to None, run_after=None
[2025-04-03T15:11:39.259+0000] {logging_mixin.py:190} INFO - [2025-04-03T15:11:39.259+0000] {dag.py:4180} INFO - Setting next_dagrun for dataset_consumes_1_never_scheduled to None, run_after=None
[2025-04-03T15:11:39.260+0000] {logging_mixin.py:190} INFO - [2025-04-03T15:11:39.260+0000] {dag.py:4180} INFO - Setting next_dagrun for dataset_consumes_unknown_never_scheduled to None, run_after=None
[2025-04-03T15:11:39.264+0000] {logging_mixin.py:190} INFO - [2025-04-03T15:11:39.263+0000] {dag.py:4180} INFO - Setting next_dagrun for dataset_produces_1 to 2025-04-02 00:00:00+00:00, run_after=2025-04-03 00:00:00+00:00
[2025-04-03T15:11:39.265+0000] {logging_mixin.py:190} INFO - [2025-04-03T15:11:39.265+0000] {dag.py:4180} INFO - Setting next_dagrun for dataset_produces_2 to None, run_after=None
[2025-04-03T15:11:39.328+0000] {processor.py:208} INFO - Processing /home/hamza/Documents/project/Mlops/myenv/lib/python3.12/site-packages/airflow/example_dags/example_datasets.py took 0.242 seconds
[2025-04-03T15:13:15.370+0000] {processor.py:186} INFO - Started process (PID=38923) to work on /home/hamza/Documents/project/Mlops/myenv/lib/python3.12/site-packages/airflow/example_dags/example_datasets.py
[2025-04-03T15:13:15.372+0000] {processor.py:914} INFO - Processing file /home/hamza/Documents/project/Mlops/myenv/lib/python3.12/site-packages/airflow/example_dags/example_datasets.py for tasks to queue
[2025-04-03T15:13:15.376+0000] {logging_mixin.py:190} INFO - [2025-04-03T15:13:15.375+0000] {dagbag.py:588} INFO - Filling up the DagBag from /home/hamza/Documents/project/Mlops/myenv/lib/python3.12/site-packages/airflow/example_dags/example_datasets.py
[2025-04-03T15:13:15.403+0000] {processor.py:925} INFO - DAG(s) 'dataset_consumes_1', 'consume_1_or_both_2_and_3_with_dataset_expressions', 'dataset_consumes_1_never_scheduled', 'conditional_dataset_and_time_based_timetable', 'consume_1_and_2_with_dataset_expressions', 'dataset_consumes_1_and_2', 'dataset_produces_1', 'consume_1_or_2_with_dataset_expressions', 'dataset_consumes_unknown_never_scheduled', 'dataset_produces_2' retrieved from /home/hamza/Documents/project/Mlops/myenv/lib/python3.12/site-packages/airflow/example_dags/example_datasets.py
[2025-04-03T15:13:15.458+0000] {logging_mixin.py:190} INFO - [2025-04-03T15:13:15.458+0000] {dag.py:3239} INFO - Sync 10 DAGs
[2025-04-03T15:13:15.505+0000] {logging_mixin.py:190} INFO - [2025-04-03T15:13:15.504+0000] {dag.py:4180} INFO - Setting next_dagrun for conditional_dataset_and_time_based_timetable to 2025-04-02 01:00:00+00:00, run_after=2025-04-02 01:00:00+00:00
[2025-04-03T15:13:15.510+0000] {logging_mixin.py:190} INFO - [2025-04-03T15:13:15.510+0000] {dag.py:4180} INFO - Setting next_dagrun for consume_1_and_2_with_dataset_expressions to None, run_after=None
[2025-04-03T15:13:15.512+0000] {logging_mixin.py:190} INFO - [2025-04-03T15:13:15.512+0000] {dag.py:4180} INFO - Setting next_dagrun for consume_1_or_2_with_dataset_expressions to None, run_after=None
[2025-04-03T15:13:15.513+0000] {logging_mixin.py:190} INFO - [2025-04-03T15:13:15.513+0000] {dag.py:4180} INFO - Setting next_dagrun for consume_1_or_both_2_and_3_with_dataset_expressions to None, run_after=None
[2025-04-03T15:13:15.515+0000] {logging_mixin.py:190} INFO - [2025-04-03T15:13:15.514+0000] {dag.py:4180} INFO - Setting next_dagrun for dataset_consumes_1 to None, run_after=None
[2025-04-03T15:13:15.516+0000] {logging_mixin.py:190} INFO - [2025-04-03T15:13:15.516+0000] {dag.py:4180} INFO - Setting next_dagrun for dataset_consumes_1_and_2 to None, run_after=None
[2025-04-03T15:13:15.517+0000] {logging_mixin.py:190} INFO - [2025-04-03T15:13:15.517+0000] {dag.py:4180} INFO - Setting next_dagrun for dataset_consumes_1_never_scheduled to None, run_after=None
[2025-04-03T15:13:15.518+0000] {logging_mixin.py:190} INFO - [2025-04-03T15:13:15.518+0000] {dag.py:4180} INFO - Setting next_dagrun for dataset_consumes_unknown_never_scheduled to None, run_after=None
[2025-04-03T15:13:15.522+0000] {logging_mixin.py:190} INFO - [2025-04-03T15:13:15.521+0000] {dag.py:4180} INFO - Setting next_dagrun for dataset_produces_1 to 2025-04-02 00:00:00+00:00, run_after=2025-04-03 00:00:00+00:00
[2025-04-03T15:13:15.523+0000] {logging_mixin.py:190} INFO - [2025-04-03T15:13:15.523+0000] {dag.py:4180} INFO - Setting next_dagrun for dataset_produces_2 to None, run_after=None
[2025-04-03T15:13:15.570+0000] {processor.py:208} INFO - Processing /home/hamza/Documents/project/Mlops/myenv/lib/python3.12/site-packages/airflow/example_dags/example_datasets.py took 0.210 seconds
[2025-04-03T15:14:49.356+0000] {processor.py:186} INFO - Started process (PID=39783) to work on /home/hamza/Documents/project/Mlops/myenv/lib/python3.12/site-packages/airflow/example_dags/example_datasets.py
[2025-04-03T15:14:49.359+0000] {processor.py:914} INFO - Processing file /home/hamza/Documents/project/Mlops/myenv/lib/python3.12/site-packages/airflow/example_dags/example_datasets.py for tasks to queue
[2025-04-03T15:14:49.362+0000] {logging_mixin.py:190} INFO - [2025-04-03T15:14:49.362+0000] {dagbag.py:588} INFO - Filling up the DagBag from /home/hamza/Documents/project/Mlops/myenv/lib/python3.12/site-packages/airflow/example_dags/example_datasets.py
[2025-04-03T15:14:49.391+0000] {processor.py:925} INFO - DAG(s) 'consume_1_or_both_2_and_3_with_dataset_expressions', 'dataset_consumes_1_never_scheduled', 'consume_1_or_2_with_dataset_expressions', 'dataset_consumes_unknown_never_scheduled', 'dataset_produces_2', 'dataset_produces_1', 'dataset_consumes_1', 'dataset_consumes_1_and_2', 'conditional_dataset_and_time_based_timetable', 'consume_1_and_2_with_dataset_expressions' retrieved from /home/hamza/Documents/project/Mlops/myenv/lib/python3.12/site-packages/airflow/example_dags/example_datasets.py
[2025-04-03T15:14:49.450+0000] {logging_mixin.py:190} INFO - [2025-04-03T15:14:49.449+0000] {dag.py:3239} INFO - Sync 10 DAGs
[2025-04-03T15:14:49.488+0000] {logging_mixin.py:190} INFO - [2025-04-03T15:14:49.487+0000] {dag.py:4180} INFO - Setting next_dagrun for conditional_dataset_and_time_based_timetable to 2025-04-02 01:00:00+00:00, run_after=2025-04-02 01:00:00+00:00
[2025-04-03T15:14:49.494+0000] {logging_mixin.py:190} INFO - [2025-04-03T15:14:49.494+0000] {dag.py:4180} INFO - Setting next_dagrun for consume_1_and_2_with_dataset_expressions to None, run_after=None
[2025-04-03T15:14:49.496+0000] {logging_mixin.py:190} INFO - [2025-04-03T15:14:49.495+0000] {dag.py:4180} INFO - Setting next_dagrun for consume_1_or_2_with_dataset_expressions to None, run_after=None
[2025-04-03T15:14:49.497+0000] {logging_mixin.py:190} INFO - [2025-04-03T15:14:49.497+0000] {dag.py:4180} INFO - Setting next_dagrun for consume_1_or_both_2_and_3_with_dataset_expressions to None, run_after=None
[2025-04-03T15:14:49.498+0000] {logging_mixin.py:190} INFO - [2025-04-03T15:14:49.498+0000] {dag.py:4180} INFO - Setting next_dagrun for dataset_consumes_1 to None, run_after=None
[2025-04-03T15:14:49.500+0000] {logging_mixin.py:190} INFO - [2025-04-03T15:14:49.500+0000] {dag.py:4180} INFO - Setting next_dagrun for dataset_consumes_1_and_2 to None, run_after=None
[2025-04-03T15:14:49.501+0000] {logging_mixin.py:190} INFO - [2025-04-03T15:14:49.501+0000] {dag.py:4180} INFO - Setting next_dagrun for dataset_consumes_1_never_scheduled to None, run_after=None
[2025-04-03T15:14:49.503+0000] {logging_mixin.py:190} INFO - [2025-04-03T15:14:49.502+0000] {dag.py:4180} INFO - Setting next_dagrun for dataset_consumes_unknown_never_scheduled to None, run_after=None
[2025-04-03T15:14:49.506+0000] {logging_mixin.py:190} INFO - [2025-04-03T15:14:49.505+0000] {dag.py:4180} INFO - Setting next_dagrun for dataset_produces_1 to 2025-04-02 00:00:00+00:00, run_after=2025-04-03 00:00:00+00:00
[2025-04-03T15:14:49.507+0000] {logging_mixin.py:190} INFO - [2025-04-03T15:14:49.507+0000] {dag.py:4180} INFO - Setting next_dagrun for dataset_produces_2 to None, run_after=None
[2025-04-03T15:14:49.554+0000] {processor.py:208} INFO - Processing /home/hamza/Documents/project/Mlops/myenv/lib/python3.12/site-packages/airflow/example_dags/example_datasets.py took 0.208 seconds
