[2025-04-03T13:43:25.719+0000] {processor.py:186} INFO - Started process (PID=98260) to work on /home/hamza/Documents/project/Mlops/myenv/lib/python3.12/site-packages/airflow/example_dags/example_subdag_operator.py
[2025-04-03T13:43:25.721+0000] {processor.py:914} INFO - Processing file /home/hamza/Documents/project/Mlops/myenv/lib/python3.12/site-packages/airflow/example_dags/example_subdag_operator.py for tasks to queue
[2025-04-03T13:43:25.726+0000] {logging_mixin.py:190} INFO - [2025-04-03T13:43:25.725+0000] {dagbag.py:588} INFO - Filling up the DagBag from /home/hamza/Documents/project/Mlops/myenv/lib/python3.12/site-packages/airflow/example_dags/example_subdag_operator.py
[2025-04-03T13:43:25.783+0000] {processor.py:925} INFO - DAG(s) 'example_subdag_operator.section-1', 'example_subdag_operator.section-2', 'example_subdag_operator' retrieved from /home/hamza/Documents/project/Mlops/myenv/lib/python3.12/site-packages/airflow/example_dags/example_subdag_operator.py
[2025-04-03T13:43:25.985+0000] {logging_mixin.py:190} INFO - [2025-04-03T13:43:25.984+0000] {override.py:1930} INFO - Created Permission View: can delete on DAG:example_subdag_operator
[2025-04-03T13:43:26.009+0000] {logging_mixin.py:190} INFO - [2025-04-03T13:43:26.008+0000] {override.py:1930} INFO - Created Permission View: can read on DAG:example_subdag_operator
[2025-04-03T13:43:26.024+0000] {logging_mixin.py:190} INFO - [2025-04-03T13:43:26.023+0000] {override.py:1930} INFO - Created Permission View: can edit on DAG:example_subdag_operator
[2025-04-03T13:43:26.047+0000] {logging_mixin.py:190} INFO - [2025-04-03T13:43:26.046+0000] {override.py:1930} INFO - Created Permission View: can delete on DAG Run:example_subdag_operator
[2025-04-03T13:43:26.061+0000] {logging_mixin.py:190} INFO - [2025-04-03T13:43:26.060+0000] {override.py:1930} INFO - Created Permission View: can read on DAG Run:example_subdag_operator
[2025-04-03T13:43:26.074+0000] {logging_mixin.py:190} INFO - [2025-04-03T13:43:26.074+0000] {override.py:1930} INFO - Created Permission View: menu access on DAG Run:example_subdag_operator
[2025-04-03T13:43:26.088+0000] {logging_mixin.py:190} INFO - [2025-04-03T13:43:26.087+0000] {override.py:1930} INFO - Created Permission View: can create on DAG Run:example_subdag_operator
[2025-04-03T13:43:26.088+0000] {logging_mixin.py:190} INFO - [2025-04-03T13:43:26.088+0000] {dag.py:3239} INFO - Sync 3 DAGs
[2025-04-03T13:43:26.106+0000] {logging_mixin.py:190} INFO - [2025-04-03T13:43:26.106+0000] {dag.py:3262} INFO - Creating ORM DAG for example_subdag_operator
[2025-04-03T13:43:26.107+0000] {logging_mixin.py:190} INFO - [2025-04-03T13:43:26.107+0000] {dag.py:3262} INFO - Creating ORM DAG for example_subdag_operator.section-1
[2025-04-03T13:43:26.108+0000] {logging_mixin.py:190} INFO - [2025-04-03T13:43:26.108+0000] {dag.py:3262} INFO - Creating ORM DAG for example_subdag_operator.section-2
[2025-04-03T13:43:26.121+0000] {logging_mixin.py:190} INFO - [2025-04-03T13:43:26.120+0000] {dag.py:4180} INFO - Setting next_dagrun for example_subdag_operator to 2022-01-01 00:00:00+00:00, run_after=2022-01-01 00:00:00+00:00
[2025-04-03T13:43:26.122+0000] {logging_mixin.py:190} INFO - [2025-04-03T13:43:26.121+0000] {dag.py:4180} INFO - Setting next_dagrun for example_subdag_operator.section-1 to None, run_after=None
[2025-04-03T13:43:26.122+0000] {logging_mixin.py:190} INFO - [2025-04-03T13:43:26.122+0000] {dag.py:4180} INFO - Setting next_dagrun for example_subdag_operator.section-2 to None, run_after=None
[2025-04-03T13:43:26.132+0000] {logging_mixin.py:190} INFO - [2025-04-03T13:43:26.132+0000] {dag.py:3239} INFO - Sync 2 DAGs
[2025-04-03T13:43:26.139+0000] {logging_mixin.py:190} INFO - [2025-04-03T13:43:26.138+0000] {dag.py:4180} INFO - Setting next_dagrun for example_subdag_operator.section-1 to None, run_after=None
[2025-04-03T13:43:26.143+0000] {logging_mixin.py:190} INFO - [2025-04-03T13:43:26.142+0000] {dag.py:4180} INFO - Setting next_dagrun for example_subdag_operator.section-2 to None, run_after=None
[2025-04-03T13:43:26.169+0000] {processor.py:208} INFO - Processing /home/hamza/Documents/project/Mlops/myenv/lib/python3.12/site-packages/airflow/example_dags/example_subdag_operator.py took 0.462 seconds
[2025-04-03T13:44:42.424+0000] {processor.py:186} INFO - Started process (PID=99418) to work on /home/hamza/Documents/project/Mlops/myenv/lib/python3.12/site-packages/airflow/example_dags/example_subdag_operator.py
[2025-04-03T13:44:42.426+0000] {processor.py:914} INFO - Processing file /home/hamza/Documents/project/Mlops/myenv/lib/python3.12/site-packages/airflow/example_dags/example_subdag_operator.py for tasks to queue
[2025-04-03T13:44:42.430+0000] {logging_mixin.py:190} INFO - [2025-04-03T13:44:42.429+0000] {dagbag.py:588} INFO - Filling up the DagBag from /home/hamza/Documents/project/Mlops/myenv/lib/python3.12/site-packages/airflow/example_dags/example_subdag_operator.py
[2025-04-03T13:44:42.473+0000] {processor.py:925} INFO - DAG(s) 'example_subdag_operator.section-1', 'example_subdag_operator.section-2', 'example_subdag_operator' retrieved from /home/hamza/Documents/project/Mlops/myenv/lib/python3.12/site-packages/airflow/example_dags/example_subdag_operator.py
[2025-04-03T13:44:42.502+0000] {logging_mixin.py:190} INFO - [2025-04-03T13:44:42.502+0000] {dag.py:3239} INFO - Sync 3 DAGs
[2025-04-03T13:44:42.541+0000] {logging_mixin.py:190} INFO - [2025-04-03T13:44:42.540+0000] {dag.py:4180} INFO - Setting next_dagrun for example_subdag_operator to 2022-01-01 00:00:00+00:00, run_after=2022-01-01 00:00:00+00:00
[2025-04-03T13:44:42.549+0000] {logging_mixin.py:190} INFO - [2025-04-03T13:44:42.548+0000] {dag.py:4180} INFO - Setting next_dagrun for example_subdag_operator.section-1 to None, run_after=None
[2025-04-03T13:44:42.550+0000] {logging_mixin.py:190} INFO - [2025-04-03T13:44:42.550+0000] {dag.py:4180} INFO - Setting next_dagrun for example_subdag_operator.section-2 to None, run_after=None
[2025-04-03T13:44:42.562+0000] {logging_mixin.py:190} INFO - [2025-04-03T13:44:42.561+0000] {dag.py:3239} INFO - Sync 2 DAGs
[2025-04-03T13:44:42.570+0000] {logging_mixin.py:190} INFO - [2025-04-03T13:44:42.569+0000] {dag.py:4180} INFO - Setting next_dagrun for example_subdag_operator.section-1 to None, run_after=None
[2025-04-03T13:44:42.570+0000] {logging_mixin.py:190} INFO - [2025-04-03T13:44:42.570+0000] {dag.py:4180} INFO - Setting next_dagrun for example_subdag_operator.section-2 to None, run_after=None
[2025-04-03T13:44:42.596+0000] {processor.py:208} INFO - Processing /home/hamza/Documents/project/Mlops/myenv/lib/python3.12/site-packages/airflow/example_dags/example_subdag_operator.py took 0.182 seconds
[2025-04-03T13:45:48.003+0000] {processor.py:186} INFO - Started process (PID=99994) to work on /home/hamza/Documents/project/Mlops/myenv/lib/python3.12/site-packages/airflow/example_dags/example_subdag_operator.py
[2025-04-03T13:45:48.006+0000] {processor.py:914} INFO - Processing file /home/hamza/Documents/project/Mlops/myenv/lib/python3.12/site-packages/airflow/example_dags/example_subdag_operator.py for tasks to queue
[2025-04-03T13:45:48.010+0000] {logging_mixin.py:190} INFO - [2025-04-03T13:45:48.009+0000] {dagbag.py:588} INFO - Filling up the DagBag from /home/hamza/Documents/project/Mlops/myenv/lib/python3.12/site-packages/airflow/example_dags/example_subdag_operator.py
[2025-04-03T13:45:48.049+0000] {processor.py:925} INFO - DAG(s) 'example_subdag_operator.section-1', 'example_subdag_operator.section-2', 'example_subdag_operator' retrieved from /home/hamza/Documents/project/Mlops/myenv/lib/python3.12/site-packages/airflow/example_dags/example_subdag_operator.py
[2025-04-03T13:45:48.075+0000] {logging_mixin.py:190} INFO - [2025-04-03T13:45:48.075+0000] {dag.py:3239} INFO - Sync 3 DAGs
[2025-04-03T13:45:48.107+0000] {logging_mixin.py:190} INFO - [2025-04-03T13:45:48.106+0000] {dag.py:4180} INFO - Setting next_dagrun for example_subdag_operator to 2022-01-01 00:00:00+00:00, run_after=2022-01-01 00:00:00+00:00
[2025-04-03T13:45:48.112+0000] {logging_mixin.py:190} INFO - [2025-04-03T13:45:48.112+0000] {dag.py:4180} INFO - Setting next_dagrun for example_subdag_operator.section-1 to None, run_after=None
[2025-04-03T13:45:48.114+0000] {logging_mixin.py:190} INFO - [2025-04-03T13:45:48.114+0000] {dag.py:4180} INFO - Setting next_dagrun for example_subdag_operator.section-2 to None, run_after=None
[2025-04-03T13:45:48.124+0000] {logging_mixin.py:190} INFO - [2025-04-03T13:45:48.123+0000] {dag.py:3239} INFO - Sync 2 DAGs
[2025-04-03T13:45:48.130+0000] {logging_mixin.py:190} INFO - [2025-04-03T13:45:48.130+0000] {dag.py:4180} INFO - Setting next_dagrun for example_subdag_operator.section-1 to None, run_after=None
[2025-04-03T13:45:48.131+0000] {logging_mixin.py:190} INFO - [2025-04-03T13:45:48.131+0000] {dag.py:4180} INFO - Setting next_dagrun for example_subdag_operator.section-2 to None, run_after=None
[2025-04-03T13:45:48.155+0000] {processor.py:208} INFO - Processing /home/hamza/Documents/project/Mlops/myenv/lib/python3.12/site-packages/airflow/example_dags/example_subdag_operator.py took 0.162 seconds
[2025-04-03T13:46:57.193+0000] {processor.py:186} INFO - Started process (PID=100730) to work on /home/hamza/Documents/project/Mlops/myenv/lib/python3.12/site-packages/airflow/example_dags/example_subdag_operator.py
[2025-04-03T13:46:57.196+0000] {processor.py:914} INFO - Processing file /home/hamza/Documents/project/Mlops/myenv/lib/python3.12/site-packages/airflow/example_dags/example_subdag_operator.py for tasks to queue
[2025-04-03T13:46:57.199+0000] {logging_mixin.py:190} INFO - [2025-04-03T13:46:57.199+0000] {dagbag.py:588} INFO - Filling up the DagBag from /home/hamza/Documents/project/Mlops/myenv/lib/python3.12/site-packages/airflow/example_dags/example_subdag_operator.py
[2025-04-03T13:46:57.236+0000] {processor.py:925} INFO - DAG(s) 'example_subdag_operator.section-1', 'example_subdag_operator.section-2', 'example_subdag_operator' retrieved from /home/hamza/Documents/project/Mlops/myenv/lib/python3.12/site-packages/airflow/example_dags/example_subdag_operator.py
[2025-04-03T13:46:57.262+0000] {logging_mixin.py:190} INFO - [2025-04-03T13:46:57.262+0000] {dag.py:3239} INFO - Sync 3 DAGs
[2025-04-03T13:46:57.296+0000] {logging_mixin.py:190} INFO - [2025-04-03T13:46:57.295+0000] {dag.py:4180} INFO - Setting next_dagrun for example_subdag_operator to 2022-01-01 00:00:00+00:00, run_after=2022-01-01 00:00:00+00:00
[2025-04-03T13:46:57.301+0000] {logging_mixin.py:190} INFO - [2025-04-03T13:46:57.301+0000] {dag.py:4180} INFO - Setting next_dagrun for example_subdag_operator.section-1 to None, run_after=None
[2025-04-03T13:46:57.303+0000] {logging_mixin.py:190} INFO - [2025-04-03T13:46:57.302+0000] {dag.py:4180} INFO - Setting next_dagrun for example_subdag_operator.section-2 to None, run_after=None
[2025-04-03T13:46:57.312+0000] {logging_mixin.py:190} INFO - [2025-04-03T13:46:57.312+0000] {dag.py:3239} INFO - Sync 2 DAGs
[2025-04-03T13:46:57.319+0000] {logging_mixin.py:190} INFO - [2025-04-03T13:46:57.319+0000] {dag.py:4180} INFO - Setting next_dagrun for example_subdag_operator.section-1 to None, run_after=None
[2025-04-03T13:46:57.320+0000] {logging_mixin.py:190} INFO - [2025-04-03T13:46:57.319+0000] {dag.py:4180} INFO - Setting next_dagrun for example_subdag_operator.section-2 to None, run_after=None
[2025-04-03T13:46:57.341+0000] {processor.py:208} INFO - Processing /home/hamza/Documents/project/Mlops/myenv/lib/python3.12/site-packages/airflow/example_dags/example_subdag_operator.py took 0.156 seconds
[2025-04-03T13:48:04.024+0000] {processor.py:186} INFO - Started process (PID=101568) to work on /home/hamza/Documents/project/Mlops/myenv/lib/python3.12/site-packages/airflow/example_dags/example_subdag_operator.py
[2025-04-03T13:48:04.027+0000] {processor.py:914} INFO - Processing file /home/hamza/Documents/project/Mlops/myenv/lib/python3.12/site-packages/airflow/example_dags/example_subdag_operator.py for tasks to queue
[2025-04-03T13:48:04.030+0000] {logging_mixin.py:190} INFO - [2025-04-03T13:48:04.029+0000] {dagbag.py:588} INFO - Filling up the DagBag from /home/hamza/Documents/project/Mlops/myenv/lib/python3.12/site-packages/airflow/example_dags/example_subdag_operator.py
[2025-04-03T13:48:04.069+0000] {processor.py:925} INFO - DAG(s) 'example_subdag_operator.section-1', 'example_subdag_operator.section-2', 'example_subdag_operator' retrieved from /home/hamza/Documents/project/Mlops/myenv/lib/python3.12/site-packages/airflow/example_dags/example_subdag_operator.py
[2025-04-03T13:48:04.100+0000] {logging_mixin.py:190} INFO - [2025-04-03T13:48:04.100+0000] {dag.py:3239} INFO - Sync 3 DAGs
[2025-04-03T13:48:04.133+0000] {logging_mixin.py:190} INFO - [2025-04-03T13:48:04.133+0000] {dag.py:4180} INFO - Setting next_dagrun for example_subdag_operator to 2022-01-01 00:00:00+00:00, run_after=2022-01-01 00:00:00+00:00
[2025-04-03T13:48:04.138+0000] {logging_mixin.py:190} INFO - [2025-04-03T13:48:04.138+0000] {dag.py:4180} INFO - Setting next_dagrun for example_subdag_operator.section-1 to None, run_after=None
[2025-04-03T13:48:04.140+0000] {logging_mixin.py:190} INFO - [2025-04-03T13:48:04.140+0000] {dag.py:4180} INFO - Setting next_dagrun for example_subdag_operator.section-2 to None, run_after=None
[2025-04-03T13:48:04.152+0000] {logging_mixin.py:190} INFO - [2025-04-03T13:48:04.152+0000] {dag.py:3239} INFO - Sync 2 DAGs
[2025-04-03T13:48:04.161+0000] {logging_mixin.py:190} INFO - [2025-04-03T13:48:04.161+0000] {dag.py:4180} INFO - Setting next_dagrun for example_subdag_operator.section-1 to None, run_after=None
[2025-04-03T13:48:04.162+0000] {logging_mixin.py:190} INFO - [2025-04-03T13:48:04.161+0000] {dag.py:4180} INFO - Setting next_dagrun for example_subdag_operator.section-2 to None, run_after=None
[2025-04-03T13:48:04.193+0000] {processor.py:208} INFO - Processing /home/hamza/Documents/project/Mlops/myenv/lib/python3.12/site-packages/airflow/example_dags/example_subdag_operator.py took 0.177 seconds
[2025-04-03T13:49:39.975+0000] {processor.py:186} INFO - Started process (PID=102921) to work on /home/hamza/Documents/project/Mlops/myenv/lib/python3.12/site-packages/airflow/example_dags/example_subdag_operator.py
[2025-04-03T13:49:39.981+0000] {processor.py:914} INFO - Processing file /home/hamza/Documents/project/Mlops/myenv/lib/python3.12/site-packages/airflow/example_dags/example_subdag_operator.py for tasks to queue
[2025-04-03T13:49:39.986+0000] {logging_mixin.py:190} INFO - [2025-04-03T13:49:39.985+0000] {dagbag.py:588} INFO - Filling up the DagBag from /home/hamza/Documents/project/Mlops/myenv/lib/python3.12/site-packages/airflow/example_dags/example_subdag_operator.py
[2025-04-03T13:49:40.036+0000] {processor.py:925} INFO - DAG(s) 'example_subdag_operator.section-1', 'example_subdag_operator.section-2', 'example_subdag_operator' retrieved from /home/hamza/Documents/project/Mlops/myenv/lib/python3.12/site-packages/airflow/example_dags/example_subdag_operator.py
[2025-04-03T13:49:40.069+0000] {logging_mixin.py:190} INFO - [2025-04-03T13:49:40.068+0000] {dag.py:3239} INFO - Sync 3 DAGs
[2025-04-03T13:49:40.110+0000] {logging_mixin.py:190} INFO - [2025-04-03T13:49:40.109+0000] {dag.py:4180} INFO - Setting next_dagrun for example_subdag_operator to 2022-01-01 00:00:00+00:00, run_after=2022-01-01 00:00:00+00:00
[2025-04-03T13:49:40.118+0000] {logging_mixin.py:190} INFO - [2025-04-03T13:49:40.117+0000] {dag.py:4180} INFO - Setting next_dagrun for example_subdag_operator.section-1 to None, run_after=None
[2025-04-03T13:49:40.120+0000] {logging_mixin.py:190} INFO - [2025-04-03T13:49:40.120+0000] {dag.py:4180} INFO - Setting next_dagrun for example_subdag_operator.section-2 to None, run_after=None
[2025-04-03T13:49:40.133+0000] {logging_mixin.py:190} INFO - [2025-04-03T13:49:40.132+0000] {dag.py:3239} INFO - Sync 2 DAGs
[2025-04-03T13:49:40.142+0000] {logging_mixin.py:190} INFO - [2025-04-03T13:49:40.141+0000] {dag.py:4180} INFO - Setting next_dagrun for example_subdag_operator.section-1 to None, run_after=None
[2025-04-03T13:49:40.143+0000] {logging_mixin.py:190} INFO - [2025-04-03T13:49:40.142+0000] {dag.py:4180} INFO - Setting next_dagrun for example_subdag_operator.section-2 to None, run_after=None
[2025-04-03T13:49:40.171+0000] {processor.py:208} INFO - Processing /home/hamza/Documents/project/Mlops/myenv/lib/python3.12/site-packages/airflow/example_dags/example_subdag_operator.py took 0.208 seconds
[2025-04-03T13:50:59.468+0000] {processor.py:186} INFO - Started process (PID=103891) to work on /home/hamza/Documents/project/Mlops/myenv/lib/python3.12/site-packages/airflow/example_dags/example_subdag_operator.py
[2025-04-03T13:50:59.469+0000] {processor.py:914} INFO - Processing file /home/hamza/Documents/project/Mlops/myenv/lib/python3.12/site-packages/airflow/example_dags/example_subdag_operator.py for tasks to queue
[2025-04-03T13:50:59.473+0000] {logging_mixin.py:190} INFO - [2025-04-03T13:50:59.472+0000] {dagbag.py:588} INFO - Filling up the DagBag from /home/hamza/Documents/project/Mlops/myenv/lib/python3.12/site-packages/airflow/example_dags/example_subdag_operator.py
[2025-04-03T13:50:59.509+0000] {processor.py:925} INFO - DAG(s) 'example_subdag_operator.section-1', 'example_subdag_operator.section-2', 'example_subdag_operator' retrieved from /home/hamza/Documents/project/Mlops/myenv/lib/python3.12/site-packages/airflow/example_dags/example_subdag_operator.py
[2025-04-03T13:50:59.534+0000] {logging_mixin.py:190} INFO - [2025-04-03T13:50:59.533+0000] {dag.py:3239} INFO - Sync 3 DAGs
[2025-04-03T13:50:59.566+0000] {logging_mixin.py:190} INFO - [2025-04-03T13:50:59.565+0000] {dag.py:4180} INFO - Setting next_dagrun for example_subdag_operator to 2022-01-01 00:00:00+00:00, run_after=2022-01-01 00:00:00+00:00
[2025-04-03T13:50:59.572+0000] {logging_mixin.py:190} INFO - [2025-04-03T13:50:59.572+0000] {dag.py:4180} INFO - Setting next_dagrun for example_subdag_operator.section-1 to None, run_after=None
[2025-04-03T13:50:59.574+0000] {logging_mixin.py:190} INFO - [2025-04-03T13:50:59.574+0000] {dag.py:4180} INFO - Setting next_dagrun for example_subdag_operator.section-2 to None, run_after=None
[2025-04-03T13:50:59.583+0000] {logging_mixin.py:190} INFO - [2025-04-03T13:50:59.583+0000] {dag.py:3239} INFO - Sync 2 DAGs
[2025-04-03T13:50:59.590+0000] {logging_mixin.py:190} INFO - [2025-04-03T13:50:59.589+0000] {dag.py:4180} INFO - Setting next_dagrun for example_subdag_operator.section-1 to None, run_after=None
[2025-04-03T13:50:59.590+0000] {logging_mixin.py:190} INFO - [2025-04-03T13:50:59.590+0000] {dag.py:4180} INFO - Setting next_dagrun for example_subdag_operator.section-2 to None, run_after=None
[2025-04-03T13:50:59.615+0000] {processor.py:208} INFO - Processing /home/hamza/Documents/project/Mlops/myenv/lib/python3.12/site-packages/airflow/example_dags/example_subdag_operator.py took 0.155 seconds
[2025-04-03T13:52:38.494+0000] {processor.py:186} INFO - Started process (PID=104982) to work on /home/hamza/Documents/project/Mlops/myenv/lib/python3.12/site-packages/airflow/example_dags/example_subdag_operator.py
[2025-04-03T13:52:38.495+0000] {processor.py:914} INFO - Processing file /home/hamza/Documents/project/Mlops/myenv/lib/python3.12/site-packages/airflow/example_dags/example_subdag_operator.py for tasks to queue
[2025-04-03T13:52:38.498+0000] {logging_mixin.py:190} INFO - [2025-04-03T13:52:38.498+0000] {dagbag.py:588} INFO - Filling up the DagBag from /home/hamza/Documents/project/Mlops/myenv/lib/python3.12/site-packages/airflow/example_dags/example_subdag_operator.py
[2025-04-03T13:52:38.548+0000] {processor.py:925} INFO - DAG(s) 'example_subdag_operator.section-1', 'example_subdag_operator.section-2', 'example_subdag_operator' retrieved from /home/hamza/Documents/project/Mlops/myenv/lib/python3.12/site-packages/airflow/example_dags/example_subdag_operator.py
[2025-04-03T13:52:38.577+0000] {logging_mixin.py:190} INFO - [2025-04-03T13:52:38.576+0000] {dag.py:3239} INFO - Sync 3 DAGs
[2025-04-03T13:52:38.616+0000] {logging_mixin.py:190} INFO - [2025-04-03T13:52:38.615+0000] {dag.py:4180} INFO - Setting next_dagrun for example_subdag_operator to 2022-01-01 00:00:00+00:00, run_after=2022-01-01 00:00:00+00:00
[2025-04-03T13:52:38.623+0000] {logging_mixin.py:190} INFO - [2025-04-03T13:52:38.623+0000] {dag.py:4180} INFO - Setting next_dagrun for example_subdag_operator.section-1 to None, run_after=None
[2025-04-03T13:52:38.625+0000] {logging_mixin.py:190} INFO - [2025-04-03T13:52:38.625+0000] {dag.py:4180} INFO - Setting next_dagrun for example_subdag_operator.section-2 to None, run_after=None
[2025-04-03T13:52:38.637+0000] {logging_mixin.py:190} INFO - [2025-04-03T13:52:38.637+0000] {dag.py:3239} INFO - Sync 2 DAGs
[2025-04-03T13:52:38.646+0000] {logging_mixin.py:190} INFO - [2025-04-03T13:52:38.646+0000] {dag.py:4180} INFO - Setting next_dagrun for example_subdag_operator.section-1 to None, run_after=None
[2025-04-03T13:52:38.647+0000] {logging_mixin.py:190} INFO - [2025-04-03T13:52:38.647+0000] {dag.py:4180} INFO - Setting next_dagrun for example_subdag_operator.section-2 to None, run_after=None
[2025-04-03T13:52:38.680+0000] {processor.py:208} INFO - Processing /home/hamza/Documents/project/Mlops/myenv/lib/python3.12/site-packages/airflow/example_dags/example_subdag_operator.py took 0.196 seconds
[2025-04-03T13:54:14.272+0000] {processor.py:186} INFO - Started process (PID=106028) to work on /home/hamza/Documents/project/Mlops/myenv/lib/python3.12/site-packages/airflow/example_dags/example_subdag_operator.py
[2025-04-03T13:54:14.275+0000] {processor.py:914} INFO - Processing file /home/hamza/Documents/project/Mlops/myenv/lib/python3.12/site-packages/airflow/example_dags/example_subdag_operator.py for tasks to queue
[2025-04-03T13:54:14.279+0000] {logging_mixin.py:190} INFO - [2025-04-03T13:54:14.279+0000] {dagbag.py:588} INFO - Filling up the DagBag from /home/hamza/Documents/project/Mlops/myenv/lib/python3.12/site-packages/airflow/example_dags/example_subdag_operator.py
[2025-04-03T13:54:14.318+0000] {processor.py:925} INFO - DAG(s) 'example_subdag_operator.section-1', 'example_subdag_operator.section-2', 'example_subdag_operator' retrieved from /home/hamza/Documents/project/Mlops/myenv/lib/python3.12/site-packages/airflow/example_dags/example_subdag_operator.py
[2025-04-03T13:54:14.343+0000] {logging_mixin.py:190} INFO - [2025-04-03T13:54:14.343+0000] {dag.py:3239} INFO - Sync 3 DAGs
[2025-04-03T13:54:14.376+0000] {logging_mixin.py:190} INFO - [2025-04-03T13:54:14.376+0000] {dag.py:4180} INFO - Setting next_dagrun for example_subdag_operator to 2022-01-01 00:00:00+00:00, run_after=2022-01-01 00:00:00+00:00
[2025-04-03T13:54:14.382+0000] {logging_mixin.py:190} INFO - [2025-04-03T13:54:14.381+0000] {dag.py:4180} INFO - Setting next_dagrun for example_subdag_operator.section-1 to None, run_after=None
[2025-04-03T13:54:14.383+0000] {logging_mixin.py:190} INFO - [2025-04-03T13:54:14.383+0000] {dag.py:4180} INFO - Setting next_dagrun for example_subdag_operator.section-2 to None, run_after=None
[2025-04-03T13:54:14.395+0000] {logging_mixin.py:190} INFO - [2025-04-03T13:54:14.394+0000] {dag.py:3239} INFO - Sync 2 DAGs
[2025-04-03T13:54:14.401+0000] {logging_mixin.py:190} INFO - [2025-04-03T13:54:14.400+0000] {dag.py:4180} INFO - Setting next_dagrun for example_subdag_operator.section-1 to None, run_after=None
[2025-04-03T13:54:14.401+0000] {logging_mixin.py:190} INFO - [2025-04-03T13:54:14.401+0000] {dag.py:4180} INFO - Setting next_dagrun for example_subdag_operator.section-2 to None, run_after=None
[2025-04-03T13:54:14.421+0000] {processor.py:208} INFO - Processing /home/hamza/Documents/project/Mlops/myenv/lib/python3.12/site-packages/airflow/example_dags/example_subdag_operator.py took 0.158 seconds
[2025-04-03T13:58:01.395+0000] {processor.py:186} INFO - Started process (PID=109009) to work on /home/hamza/Documents/project/Mlops/myenv/lib/python3.12/site-packages/airflow/example_dags/example_subdag_operator.py
[2025-04-03T13:58:01.398+0000] {processor.py:914} INFO - Processing file /home/hamza/Documents/project/Mlops/myenv/lib/python3.12/site-packages/airflow/example_dags/example_subdag_operator.py for tasks to queue
[2025-04-03T13:58:01.400+0000] {logging_mixin.py:190} INFO - [2025-04-03T13:58:01.399+0000] {dagbag.py:588} INFO - Filling up the DagBag from /home/hamza/Documents/project/Mlops/myenv/lib/python3.12/site-packages/airflow/example_dags/example_subdag_operator.py
[2025-04-03T13:58:01.432+0000] {processor.py:925} INFO - DAG(s) 'example_subdag_operator.section-1', 'example_subdag_operator.section-2', 'example_subdag_operator' retrieved from /home/hamza/Documents/project/Mlops/myenv/lib/python3.12/site-packages/airflow/example_dags/example_subdag_operator.py
[2025-04-03T13:58:01.458+0000] {logging_mixin.py:190} INFO - [2025-04-03T13:58:01.457+0000] {dag.py:3239} INFO - Sync 3 DAGs
[2025-04-03T13:58:01.483+0000] {logging_mixin.py:190} INFO - [2025-04-03T13:58:01.483+0000] {dag.py:4180} INFO - Setting next_dagrun for example_subdag_operator to 2022-01-01 00:00:00+00:00, run_after=2022-01-01 00:00:00+00:00
[2025-04-03T13:58:01.487+0000] {logging_mixin.py:190} INFO - [2025-04-03T13:58:01.487+0000] {dag.py:4180} INFO - Setting next_dagrun for example_subdag_operator.section-1 to None, run_after=None
[2025-04-03T13:58:01.489+0000] {logging_mixin.py:190} INFO - [2025-04-03T13:58:01.488+0000] {dag.py:4180} INFO - Setting next_dagrun for example_subdag_operator.section-2 to None, run_after=None
[2025-04-03T13:58:01.496+0000] {logging_mixin.py:190} INFO - [2025-04-03T13:58:01.495+0000] {dag.py:3239} INFO - Sync 2 DAGs
[2025-04-03T13:58:01.502+0000] {logging_mixin.py:190} INFO - [2025-04-03T13:58:01.502+0000] {dag.py:4180} INFO - Setting next_dagrun for example_subdag_operator.section-1 to None, run_after=None
[2025-04-03T13:58:01.503+0000] {logging_mixin.py:190} INFO - [2025-04-03T13:58:01.503+0000] {dag.py:4180} INFO - Setting next_dagrun for example_subdag_operator.section-2 to None, run_after=None
[2025-04-03T13:58:01.526+0000] {processor.py:208} INFO - Processing /home/hamza/Documents/project/Mlops/myenv/lib/python3.12/site-packages/airflow/example_dags/example_subdag_operator.py took 0.139 seconds
[2025-04-03T13:59:10.787+0000] {processor.py:186} INFO - Started process (PID=109933) to work on /home/hamza/Documents/project/Mlops/myenv/lib/python3.12/site-packages/airflow/example_dags/example_subdag_operator.py
[2025-04-03T13:59:10.789+0000] {processor.py:914} INFO - Processing file /home/hamza/Documents/project/Mlops/myenv/lib/python3.12/site-packages/airflow/example_dags/example_subdag_operator.py for tasks to queue
[2025-04-03T13:59:10.795+0000] {logging_mixin.py:190} INFO - [2025-04-03T13:59:10.794+0000] {dagbag.py:588} INFO - Filling up the DagBag from /home/hamza/Documents/project/Mlops/myenv/lib/python3.12/site-packages/airflow/example_dags/example_subdag_operator.py
[2025-04-03T13:59:10.837+0000] {processor.py:925} INFO - DAG(s) 'example_subdag_operator.section-1', 'example_subdag_operator.section-2', 'example_subdag_operator' retrieved from /home/hamza/Documents/project/Mlops/myenv/lib/python3.12/site-packages/airflow/example_dags/example_subdag_operator.py
[2025-04-03T13:59:10.864+0000] {logging_mixin.py:190} INFO - [2025-04-03T13:59:10.864+0000] {dag.py:3239} INFO - Sync 3 DAGs
[2025-04-03T13:59:10.896+0000] {logging_mixin.py:190} INFO - [2025-04-03T13:59:10.895+0000] {dag.py:4180} INFO - Setting next_dagrun for example_subdag_operator to 2022-01-01 00:00:00+00:00, run_after=2022-01-01 00:00:00+00:00
[2025-04-03T13:59:10.901+0000] {logging_mixin.py:190} INFO - [2025-04-03T13:59:10.900+0000] {dag.py:4180} INFO - Setting next_dagrun for example_subdag_operator.section-1 to None, run_after=None
[2025-04-03T13:59:10.903+0000] {logging_mixin.py:190} INFO - [2025-04-03T13:59:10.902+0000] {dag.py:4180} INFO - Setting next_dagrun for example_subdag_operator.section-2 to None, run_after=None
[2025-04-03T13:59:10.911+0000] {logging_mixin.py:190} INFO - [2025-04-03T13:59:10.911+0000] {dag.py:3239} INFO - Sync 2 DAGs
[2025-04-03T13:59:10.917+0000] {logging_mixin.py:190} INFO - [2025-04-03T13:59:10.917+0000] {dag.py:4180} INFO - Setting next_dagrun for example_subdag_operator.section-1 to None, run_after=None
[2025-04-03T13:59:10.918+0000] {logging_mixin.py:190} INFO - [2025-04-03T13:59:10.918+0000] {dag.py:4180} INFO - Setting next_dagrun for example_subdag_operator.section-2 to None, run_after=None
[2025-04-03T13:59:10.938+0000] {processor.py:208} INFO - Processing /home/hamza/Documents/project/Mlops/myenv/lib/python3.12/site-packages/airflow/example_dags/example_subdag_operator.py took 0.161 seconds
[2025-04-03T14:10:02.185+0000] {processor.py:186} INFO - Started process (PID=117974) to work on /home/hamza/Documents/project/Mlops/myenv/lib/python3.12/site-packages/airflow/example_dags/example_subdag_operator.py
[2025-04-03T14:10:02.187+0000] {processor.py:914} INFO - Processing file /home/hamza/Documents/project/Mlops/myenv/lib/python3.12/site-packages/airflow/example_dags/example_subdag_operator.py for tasks to queue
[2025-04-03T14:10:02.188+0000] {logging_mixin.py:190} INFO - [2025-04-03T14:10:02.188+0000] {dagbag.py:588} INFO - Filling up the DagBag from /home/hamza/Documents/project/Mlops/myenv/lib/python3.12/site-packages/airflow/example_dags/example_subdag_operator.py
[2025-04-03T14:10:02.223+0000] {processor.py:925} INFO - DAG(s) 'example_subdag_operator.section-1', 'example_subdag_operator.section-2', 'example_subdag_operator' retrieved from /home/hamza/Documents/project/Mlops/myenv/lib/python3.12/site-packages/airflow/example_dags/example_subdag_operator.py
[2025-04-03T14:10:02.258+0000] {logging_mixin.py:190} INFO - [2025-04-03T14:10:02.258+0000] {dag.py:3239} INFO - Sync 3 DAGs
[2025-04-03T14:10:02.284+0000] {logging_mixin.py:190} INFO - [2025-04-03T14:10:02.284+0000] {dag.py:4180} INFO - Setting next_dagrun for example_subdag_operator to 2022-01-01 00:00:00+00:00, run_after=2022-01-01 00:00:00+00:00
[2025-04-03T14:10:02.288+0000] {logging_mixin.py:190} INFO - [2025-04-03T14:10:02.288+0000] {dag.py:4180} INFO - Setting next_dagrun for example_subdag_operator.section-1 to None, run_after=None
[2025-04-03T14:10:02.291+0000] {logging_mixin.py:190} INFO - [2025-04-03T14:10:02.290+0000] {dag.py:4180} INFO - Setting next_dagrun for example_subdag_operator.section-2 to None, run_after=None
[2025-04-03T14:10:02.299+0000] {logging_mixin.py:190} INFO - [2025-04-03T14:10:02.299+0000] {dag.py:3239} INFO - Sync 2 DAGs
[2025-04-03T14:10:02.305+0000] {logging_mixin.py:190} INFO - [2025-04-03T14:10:02.305+0000] {dag.py:4180} INFO - Setting next_dagrun for example_subdag_operator.section-1 to None, run_after=None
[2025-04-03T14:10:02.306+0000] {logging_mixin.py:190} INFO - [2025-04-03T14:10:02.305+0000] {dag.py:4180} INFO - Setting next_dagrun for example_subdag_operator.section-2 to None, run_after=None
[2025-04-03T14:10:02.330+0000] {processor.py:208} INFO - Processing /home/hamza/Documents/project/Mlops/myenv/lib/python3.12/site-packages/airflow/example_dags/example_subdag_operator.py took 0.152 seconds
[2025-04-03T14:11:17.587+0000] {processor.py:186} INFO - Started process (PID=118657) to work on /home/hamza/Documents/project/Mlops/myenv/lib/python3.12/site-packages/airflow/example_dags/example_subdag_operator.py
[2025-04-03T14:11:17.588+0000] {processor.py:914} INFO - Processing file /home/hamza/Documents/project/Mlops/myenv/lib/python3.12/site-packages/airflow/example_dags/example_subdag_operator.py for tasks to queue
[2025-04-03T14:11:17.591+0000] {logging_mixin.py:190} INFO - [2025-04-03T14:11:17.590+0000] {dagbag.py:588} INFO - Filling up the DagBag from /home/hamza/Documents/project/Mlops/myenv/lib/python3.12/site-packages/airflow/example_dags/example_subdag_operator.py
[2025-04-03T14:11:17.628+0000] {processor.py:925} INFO - DAG(s) 'example_subdag_operator.section-1', 'example_subdag_operator.section-2', 'example_subdag_operator' retrieved from /home/hamza/Documents/project/Mlops/myenv/lib/python3.12/site-packages/airflow/example_dags/example_subdag_operator.py
[2025-04-03T14:11:17.655+0000] {logging_mixin.py:190} INFO - [2025-04-03T14:11:17.655+0000] {dag.py:3239} INFO - Sync 3 DAGs
[2025-04-03T14:11:17.685+0000] {logging_mixin.py:190} INFO - [2025-04-03T14:11:17.684+0000] {dag.py:4180} INFO - Setting next_dagrun for example_subdag_operator to 2022-01-01 00:00:00+00:00, run_after=2022-01-01 00:00:00+00:00
[2025-04-03T14:11:17.689+0000] {logging_mixin.py:190} INFO - [2025-04-03T14:11:17.689+0000] {dag.py:4180} INFO - Setting next_dagrun for example_subdag_operator.section-1 to None, run_after=None
[2025-04-03T14:11:17.691+0000] {logging_mixin.py:190} INFO - [2025-04-03T14:11:17.690+0000] {dag.py:4180} INFO - Setting next_dagrun for example_subdag_operator.section-2 to None, run_after=None
[2025-04-03T14:11:17.700+0000] {logging_mixin.py:190} INFO - [2025-04-03T14:11:17.700+0000] {dag.py:3239} INFO - Sync 2 DAGs
[2025-04-03T14:11:17.707+0000] {logging_mixin.py:190} INFO - [2025-04-03T14:11:17.706+0000] {dag.py:4180} INFO - Setting next_dagrun for example_subdag_operator.section-1 to None, run_after=None
[2025-04-03T14:11:17.707+0000] {logging_mixin.py:190} INFO - [2025-04-03T14:11:17.707+0000] {dag.py:4180} INFO - Setting next_dagrun for example_subdag_operator.section-2 to None, run_after=None
[2025-04-03T14:11:17.731+0000] {processor.py:208} INFO - Processing /home/hamza/Documents/project/Mlops/myenv/lib/python3.12/site-packages/airflow/example_dags/example_subdag_operator.py took 0.153 seconds
[2025-04-03T14:12:58.015+0000] {processor.py:186} INFO - Started process (PID=119601) to work on /home/hamza/Documents/project/Mlops/myenv/lib/python3.12/site-packages/airflow/example_dags/example_subdag_operator.py
[2025-04-03T14:12:58.017+0000] {processor.py:914} INFO - Processing file /home/hamza/Documents/project/Mlops/myenv/lib/python3.12/site-packages/airflow/example_dags/example_subdag_operator.py for tasks to queue
[2025-04-03T14:12:58.019+0000] {logging_mixin.py:190} INFO - [2025-04-03T14:12:58.019+0000] {dagbag.py:588} INFO - Filling up the DagBag from /home/hamza/Documents/project/Mlops/myenv/lib/python3.12/site-packages/airflow/example_dags/example_subdag_operator.py
[2025-04-03T14:12:58.054+0000] {processor.py:925} INFO - DAG(s) 'example_subdag_operator.section-1', 'example_subdag_operator.section-2', 'example_subdag_operator' retrieved from /home/hamza/Documents/project/Mlops/myenv/lib/python3.12/site-packages/airflow/example_dags/example_subdag_operator.py
[2025-04-03T14:12:58.080+0000] {logging_mixin.py:190} INFO - [2025-04-03T14:12:58.080+0000] {dag.py:3239} INFO - Sync 3 DAGs
[2025-04-03T14:12:58.109+0000] {logging_mixin.py:190} INFO - [2025-04-03T14:12:58.109+0000] {dag.py:4180} INFO - Setting next_dagrun for example_subdag_operator to 2022-01-01 00:00:00+00:00, run_after=2022-01-01 00:00:00+00:00
[2025-04-03T14:12:58.113+0000] {logging_mixin.py:190} INFO - [2025-04-03T14:12:58.113+0000] {dag.py:4180} INFO - Setting next_dagrun for example_subdag_operator.section-1 to None, run_after=None
[2025-04-03T14:12:58.115+0000] {logging_mixin.py:190} INFO - [2025-04-03T14:12:58.115+0000] {dag.py:4180} INFO - Setting next_dagrun for example_subdag_operator.section-2 to None, run_after=None
[2025-04-03T14:12:58.124+0000] {logging_mixin.py:190} INFO - [2025-04-03T14:12:58.124+0000] {dag.py:3239} INFO - Sync 2 DAGs
[2025-04-03T14:12:58.132+0000] {logging_mixin.py:190} INFO - [2025-04-03T14:12:58.131+0000] {dag.py:4180} INFO - Setting next_dagrun for example_subdag_operator.section-1 to None, run_after=None
[2025-04-03T14:12:58.132+0000] {logging_mixin.py:190} INFO - [2025-04-03T14:12:58.132+0000] {dag.py:4180} INFO - Setting next_dagrun for example_subdag_operator.section-2 to None, run_after=None
[2025-04-03T14:12:58.156+0000] {processor.py:208} INFO - Processing /home/hamza/Documents/project/Mlops/myenv/lib/python3.12/site-packages/airflow/example_dags/example_subdag_operator.py took 0.151 seconds
[2025-04-03T14:18:41.702+0000] {processor.py:186} INFO - Started process (PID=122335) to work on /home/hamza/Documents/project/Mlops/myenv/lib/python3.12/site-packages/airflow/example_dags/example_subdag_operator.py
[2025-04-03T14:18:41.703+0000] {processor.py:914} INFO - Processing file /home/hamza/Documents/project/Mlops/myenv/lib/python3.12/site-packages/airflow/example_dags/example_subdag_operator.py for tasks to queue
[2025-04-03T14:18:41.706+0000] {logging_mixin.py:190} INFO - [2025-04-03T14:18:41.705+0000] {dagbag.py:588} INFO - Filling up the DagBag from /home/hamza/Documents/project/Mlops/myenv/lib/python3.12/site-packages/airflow/example_dags/example_subdag_operator.py
[2025-04-03T14:18:41.747+0000] {processor.py:925} INFO - DAG(s) 'example_subdag_operator.section-1', 'example_subdag_operator.section-2', 'example_subdag_operator' retrieved from /home/hamza/Documents/project/Mlops/myenv/lib/python3.12/site-packages/airflow/example_dags/example_subdag_operator.py
[2025-04-03T14:18:41.780+0000] {logging_mixin.py:190} INFO - [2025-04-03T14:18:41.780+0000] {dag.py:3239} INFO - Sync 3 DAGs
[2025-04-03T14:18:41.811+0000] {logging_mixin.py:190} INFO - [2025-04-03T14:18:41.810+0000] {dag.py:4180} INFO - Setting next_dagrun for example_subdag_operator to 2022-01-01 00:00:00+00:00, run_after=2022-01-01 00:00:00+00:00
[2025-04-03T14:18:41.817+0000] {logging_mixin.py:190} INFO - [2025-04-03T14:18:41.816+0000] {dag.py:4180} INFO - Setting next_dagrun for example_subdag_operator.section-1 to None, run_after=None
[2025-04-03T14:18:41.818+0000] {logging_mixin.py:190} INFO - [2025-04-03T14:18:41.818+0000] {dag.py:4180} INFO - Setting next_dagrun for example_subdag_operator.section-2 to None, run_after=None
[2025-04-03T14:18:41.828+0000] {logging_mixin.py:190} INFO - [2025-04-03T14:18:41.827+0000] {dag.py:3239} INFO - Sync 2 DAGs
[2025-04-03T14:18:41.839+0000] {logging_mixin.py:190} INFO - [2025-04-03T14:18:41.839+0000] {dag.py:4180} INFO - Setting next_dagrun for example_subdag_operator.section-1 to None, run_after=None
[2025-04-03T14:18:41.840+0000] {logging_mixin.py:190} INFO - [2025-04-03T14:18:41.840+0000] {dag.py:4180} INFO - Setting next_dagrun for example_subdag_operator.section-2 to None, run_after=None
[2025-04-03T14:18:41.863+0000] {processor.py:208} INFO - Processing /home/hamza/Documents/project/Mlops/myenv/lib/python3.12/site-packages/airflow/example_dags/example_subdag_operator.py took 0.172 seconds
[2025-04-03T14:19:56.280+0000] {processor.py:186} INFO - Started process (PID=123036) to work on /home/hamza/Documents/project/Mlops/myenv/lib/python3.12/site-packages/airflow/example_dags/example_subdag_operator.py
[2025-04-03T14:19:56.287+0000] {processor.py:914} INFO - Processing file /home/hamza/Documents/project/Mlops/myenv/lib/python3.12/site-packages/airflow/example_dags/example_subdag_operator.py for tasks to queue
[2025-04-03T14:19:56.298+0000] {logging_mixin.py:190} INFO - [2025-04-03T14:19:56.289+0000] {dagbag.py:588} INFO - Filling up the DagBag from /home/hamza/Documents/project/Mlops/myenv/lib/python3.12/site-packages/airflow/example_dags/example_subdag_operator.py
[2025-04-03T14:19:56.615+0000] {processor.py:925} INFO - DAG(s) 'example_subdag_operator.section-1', 'example_subdag_operator.section-2', 'example_subdag_operator' retrieved from /home/hamza/Documents/project/Mlops/myenv/lib/python3.12/site-packages/airflow/example_dags/example_subdag_operator.py
[2025-04-03T14:19:56.843+0000] {logging_mixin.py:190} INFO - [2025-04-03T14:19:56.829+0000] {dag.py:3239} INFO - Sync 3 DAGs
[2025-04-03T14:19:56.975+0000] {logging_mixin.py:190} INFO - [2025-04-03T14:19:56.960+0000] {dag.py:4180} INFO - Setting next_dagrun for example_subdag_operator to 2022-01-01 00:00:00+00:00, run_after=2022-01-01 00:00:00+00:00
[2025-04-03T14:19:57.130+0000] {logging_mixin.py:190} INFO - [2025-04-03T14:19:57.066+0000] {dag.py:4180} INFO - Setting next_dagrun for example_subdag_operator.section-1 to None, run_after=None
[2025-04-03T14:19:57.302+0000] {logging_mixin.py:190} INFO - [2025-04-03T14:19:57.256+0000] {dag.py:4180} INFO - Setting next_dagrun for example_subdag_operator.section-2 to None, run_after=None
[2025-04-03T14:19:58.993+0000] {logging_mixin.py:190} INFO - [2025-04-03T14:19:58.691+0000] {dag.py:3239} INFO - Sync 2 DAGs
[2025-04-03T14:20:00.906+0000] {logging_mixin.py:190} INFO - [2025-04-03T14:20:00.603+0000] {dag.py:4180} INFO - Setting next_dagrun for example_subdag_operator.section-1 to None, run_after=None
[2025-04-03T14:20:03.867+0000] {logging_mixin.py:190} INFO - [2025-04-03T14:20:01.731+0000] {dag.py:4180} INFO - Setting next_dagrun for example_subdag_operator.section-2 to None, run_after=None
[2025-04-03T14:20:07.923+0000] {processor.py:208} INFO - Processing /home/hamza/Documents/project/Mlops/myenv/lib/python3.12/site-packages/airflow/example_dags/example_subdag_operator.py took 11.659 seconds
[2025-04-03T15:08:12.991+0000] {processor.py:186} INFO - Started process (PID=35785) to work on /home/hamza/Documents/project/Mlops/myenv/lib/python3.12/site-packages/airflow/example_dags/example_subdag_operator.py
[2025-04-03T15:08:12.992+0000] {processor.py:914} INFO - Processing file /home/hamza/Documents/project/Mlops/myenv/lib/python3.12/site-packages/airflow/example_dags/example_subdag_operator.py for tasks to queue
[2025-04-03T15:08:13.001+0000] {logging_mixin.py:190} INFO - [2025-04-03T15:08:13.000+0000] {dagbag.py:588} INFO - Filling up the DagBag from /home/hamza/Documents/project/Mlops/myenv/lib/python3.12/site-packages/airflow/example_dags/example_subdag_operator.py
[2025-04-03T15:08:13.043+0000] {processor.py:925} INFO - DAG(s) 'example_subdag_operator.section-1', 'example_subdag_operator.section-2', 'example_subdag_operator' retrieved from /home/hamza/Documents/project/Mlops/myenv/lib/python3.12/site-packages/airflow/example_dags/example_subdag_operator.py
[2025-04-03T15:08:13.071+0000] {logging_mixin.py:190} INFO - [2025-04-03T15:08:13.071+0000] {dag.py:3239} INFO - Sync 3 DAGs
[2025-04-03T15:08:13.103+0000] {logging_mixin.py:190} INFO - [2025-04-03T15:08:13.103+0000] {dag.py:4180} INFO - Setting next_dagrun for example_subdag_operator to 2022-01-01 00:00:00+00:00, run_after=2022-01-01 00:00:00+00:00
[2025-04-03T15:08:13.109+0000] {logging_mixin.py:190} INFO - [2025-04-03T15:08:13.108+0000] {dag.py:4180} INFO - Setting next_dagrun for example_subdag_operator.section-1 to None, run_after=None
[2025-04-03T15:08:13.110+0000] {logging_mixin.py:190} INFO - [2025-04-03T15:08:13.110+0000] {dag.py:4180} INFO - Setting next_dagrun for example_subdag_operator.section-2 to None, run_after=None
[2025-04-03T15:08:13.123+0000] {logging_mixin.py:190} INFO - [2025-04-03T15:08:13.123+0000] {dag.py:3239} INFO - Sync 2 DAGs
[2025-04-03T15:08:13.133+0000] {logging_mixin.py:190} INFO - [2025-04-03T15:08:13.133+0000] {dag.py:4180} INFO - Setting next_dagrun for example_subdag_operator.section-1 to None, run_after=None
[2025-04-03T15:08:13.134+0000] {logging_mixin.py:190} INFO - [2025-04-03T15:08:13.133+0000] {dag.py:4180} INFO - Setting next_dagrun for example_subdag_operator.section-2 to None, run_after=None
[2025-04-03T15:08:13.155+0000] {processor.py:208} INFO - Processing /home/hamza/Documents/project/Mlops/myenv/lib/python3.12/site-packages/airflow/example_dags/example_subdag_operator.py took 0.172 seconds
[2025-04-03T15:09:28.249+0000] {processor.py:186} INFO - Started process (PID=36806) to work on /home/hamza/Documents/project/Mlops/myenv/lib/python3.12/site-packages/airflow/example_dags/example_subdag_operator.py
[2025-04-03T15:09:28.251+0000] {processor.py:914} INFO - Processing file /home/hamza/Documents/project/Mlops/myenv/lib/python3.12/site-packages/airflow/example_dags/example_subdag_operator.py for tasks to queue
[2025-04-03T15:09:28.254+0000] {logging_mixin.py:190} INFO - [2025-04-03T15:09:28.254+0000] {dagbag.py:588} INFO - Filling up the DagBag from /home/hamza/Documents/project/Mlops/myenv/lib/python3.12/site-packages/airflow/example_dags/example_subdag_operator.py
[2025-04-03T15:09:28.294+0000] {processor.py:925} INFO - DAG(s) 'example_subdag_operator.section-1', 'example_subdag_operator.section-2', 'example_subdag_operator' retrieved from /home/hamza/Documents/project/Mlops/myenv/lib/python3.12/site-packages/airflow/example_dags/example_subdag_operator.py
[2025-04-03T15:09:28.319+0000] {logging_mixin.py:190} INFO - [2025-04-03T15:09:28.318+0000] {dag.py:3239} INFO - Sync 3 DAGs
[2025-04-03T15:09:28.349+0000] {logging_mixin.py:190} INFO - [2025-04-03T15:09:28.349+0000] {dag.py:4180} INFO - Setting next_dagrun for example_subdag_operator to 2022-01-01 00:00:00+00:00, run_after=2022-01-01 00:00:00+00:00
[2025-04-03T15:09:28.355+0000] {logging_mixin.py:190} INFO - [2025-04-03T15:09:28.355+0000] {dag.py:4180} INFO - Setting next_dagrun for example_subdag_operator.section-1 to None, run_after=None
[2025-04-03T15:09:28.357+0000] {logging_mixin.py:190} INFO - [2025-04-03T15:09:28.356+0000] {dag.py:4180} INFO - Setting next_dagrun for example_subdag_operator.section-2 to None, run_after=None
[2025-04-03T15:09:28.366+0000] {logging_mixin.py:190} INFO - [2025-04-03T15:09:28.365+0000] {dag.py:3239} INFO - Sync 2 DAGs
[2025-04-03T15:09:28.372+0000] {logging_mixin.py:190} INFO - [2025-04-03T15:09:28.371+0000] {dag.py:4180} INFO - Setting next_dagrun for example_subdag_operator.section-1 to None, run_after=None
[2025-04-03T15:09:28.372+0000] {logging_mixin.py:190} INFO - [2025-04-03T15:09:28.372+0000] {dag.py:4180} INFO - Setting next_dagrun for example_subdag_operator.section-2 to None, run_after=None
[2025-04-03T15:09:28.394+0000] {processor.py:208} INFO - Processing /home/hamza/Documents/project/Mlops/myenv/lib/python3.12/site-packages/airflow/example_dags/example_subdag_operator.py took 0.153 seconds
[2025-04-03T15:10:56.950+0000] {processor.py:186} INFO - Started process (PID=37634) to work on /home/hamza/Documents/project/Mlops/myenv/lib/python3.12/site-packages/airflow/example_dags/example_subdag_operator.py
[2025-04-03T15:10:56.953+0000] {processor.py:914} INFO - Processing file /home/hamza/Documents/project/Mlops/myenv/lib/python3.12/site-packages/airflow/example_dags/example_subdag_operator.py for tasks to queue
[2025-04-03T15:10:56.958+0000] {logging_mixin.py:190} INFO - [2025-04-03T15:10:56.957+0000] {dagbag.py:588} INFO - Filling up the DagBag from /home/hamza/Documents/project/Mlops/myenv/lib/python3.12/site-packages/airflow/example_dags/example_subdag_operator.py
[2025-04-03T15:10:57.000+0000] {processor.py:925} INFO - DAG(s) 'example_subdag_operator.section-1', 'example_subdag_operator.section-2', 'example_subdag_operator' retrieved from /home/hamza/Documents/project/Mlops/myenv/lib/python3.12/site-packages/airflow/example_dags/example_subdag_operator.py
[2025-04-03T15:10:57.022+0000] {logging_mixin.py:190} INFO - [2025-04-03T15:10:57.022+0000] {dag.py:3239} INFO - Sync 3 DAGs
[2025-04-03T15:10:57.054+0000] {logging_mixin.py:190} INFO - [2025-04-03T15:10:57.053+0000] {dag.py:4180} INFO - Setting next_dagrun for example_subdag_operator to 2022-01-01 00:00:00+00:00, run_after=2022-01-01 00:00:00+00:00
[2025-04-03T15:10:57.058+0000] {logging_mixin.py:190} INFO - [2025-04-03T15:10:57.058+0000] {dag.py:4180} INFO - Setting next_dagrun for example_subdag_operator.section-1 to None, run_after=None
[2025-04-03T15:10:57.060+0000] {logging_mixin.py:190} INFO - [2025-04-03T15:10:57.060+0000] {dag.py:4180} INFO - Setting next_dagrun for example_subdag_operator.section-2 to None, run_after=None
[2025-04-03T15:10:57.069+0000] {logging_mixin.py:190} INFO - [2025-04-03T15:10:57.068+0000] {dag.py:3239} INFO - Sync 2 DAGs
[2025-04-03T15:10:57.074+0000] {logging_mixin.py:190} INFO - [2025-04-03T15:10:57.074+0000] {dag.py:4180} INFO - Setting next_dagrun for example_subdag_operator.section-1 to None, run_after=None
[2025-04-03T15:10:57.075+0000] {logging_mixin.py:190} INFO - [2025-04-03T15:10:57.075+0000] {dag.py:4180} INFO - Setting next_dagrun for example_subdag_operator.section-2 to None, run_after=None
[2025-04-03T15:10:57.095+0000] {processor.py:208} INFO - Processing /home/hamza/Documents/project/Mlops/myenv/lib/python3.12/site-packages/airflow/example_dags/example_subdag_operator.py took 0.158 seconds
[2025-04-03T15:12:26.554+0000] {processor.py:186} INFO - Started process (PID=38442) to work on /home/hamza/Documents/project/Mlops/myenv/lib/python3.12/site-packages/airflow/example_dags/example_subdag_operator.py
[2025-04-03T15:12:26.557+0000] {processor.py:914} INFO - Processing file /home/hamza/Documents/project/Mlops/myenv/lib/python3.12/site-packages/airflow/example_dags/example_subdag_operator.py for tasks to queue
[2025-04-03T15:12:26.561+0000] {logging_mixin.py:190} INFO - [2025-04-03T15:12:26.561+0000] {dagbag.py:588} INFO - Filling up the DagBag from /home/hamza/Documents/project/Mlops/myenv/lib/python3.12/site-packages/airflow/example_dags/example_subdag_operator.py
[2025-04-03T15:12:26.602+0000] {processor.py:925} INFO - DAG(s) 'example_subdag_operator.section-1', 'example_subdag_operator.section-2', 'example_subdag_operator' retrieved from /home/hamza/Documents/project/Mlops/myenv/lib/python3.12/site-packages/airflow/example_dags/example_subdag_operator.py
[2025-04-03T15:12:26.627+0000] {logging_mixin.py:190} INFO - [2025-04-03T15:12:26.626+0000] {dag.py:3239} INFO - Sync 3 DAGs
[2025-04-03T15:12:26.666+0000] {logging_mixin.py:190} INFO - [2025-04-03T15:12:26.666+0000] {dag.py:4180} INFO - Setting next_dagrun for example_subdag_operator to 2022-01-01 00:00:00+00:00, run_after=2022-01-01 00:00:00+00:00
[2025-04-03T15:12:26.673+0000] {logging_mixin.py:190} INFO - [2025-04-03T15:12:26.672+0000] {dag.py:4180} INFO - Setting next_dagrun for example_subdag_operator.section-1 to None, run_after=None
[2025-04-03T15:12:26.674+0000] {logging_mixin.py:190} INFO - [2025-04-03T15:12:26.674+0000] {dag.py:4180} INFO - Setting next_dagrun for example_subdag_operator.section-2 to None, run_after=None
[2025-04-03T15:12:26.685+0000] {logging_mixin.py:190} INFO - [2025-04-03T15:12:26.684+0000] {dag.py:3239} INFO - Sync 2 DAGs
[2025-04-03T15:12:26.691+0000] {logging_mixin.py:190} INFO - [2025-04-03T15:12:26.691+0000] {dag.py:4180} INFO - Setting next_dagrun for example_subdag_operator.section-1 to None, run_after=None
[2025-04-03T15:12:26.692+0000] {logging_mixin.py:190} INFO - [2025-04-03T15:12:26.692+0000] {dag.py:4180} INFO - Setting next_dagrun for example_subdag_operator.section-2 to None, run_after=None
[2025-04-03T15:12:26.718+0000] {processor.py:208} INFO - Processing /home/hamza/Documents/project/Mlops/myenv/lib/python3.12/site-packages/airflow/example_dags/example_subdag_operator.py took 0.174 seconds
[2025-04-03T15:14:02.656+0000] {processor.py:186} INFO - Started process (PID=39338) to work on /home/hamza/Documents/project/Mlops/myenv/lib/python3.12/site-packages/airflow/example_dags/example_subdag_operator.py
[2025-04-03T15:14:02.662+0000] {processor.py:914} INFO - Processing file /home/hamza/Documents/project/Mlops/myenv/lib/python3.12/site-packages/airflow/example_dags/example_subdag_operator.py for tasks to queue
[2025-04-03T15:14:02.669+0000] {logging_mixin.py:190} INFO - [2025-04-03T15:14:02.668+0000] {dagbag.py:588} INFO - Filling up the DagBag from /home/hamza/Documents/project/Mlops/myenv/lib/python3.12/site-packages/airflow/example_dags/example_subdag_operator.py
[2025-04-03T15:14:02.716+0000] {processor.py:925} INFO - DAG(s) 'example_subdag_operator.section-1', 'example_subdag_operator.section-2', 'example_subdag_operator' retrieved from /home/hamza/Documents/project/Mlops/myenv/lib/python3.12/site-packages/airflow/example_dags/example_subdag_operator.py
[2025-04-03T15:14:02.740+0000] {logging_mixin.py:190} INFO - [2025-04-03T15:14:02.739+0000] {dag.py:3239} INFO - Sync 3 DAGs
[2025-04-03T15:14:02.773+0000] {logging_mixin.py:190} INFO - [2025-04-03T15:14:02.773+0000] {dag.py:4180} INFO - Setting next_dagrun for example_subdag_operator to 2022-01-01 00:00:00+00:00, run_after=2022-01-01 00:00:00+00:00
[2025-04-03T15:14:02.780+0000] {logging_mixin.py:190} INFO - [2025-04-03T15:14:02.780+0000] {dag.py:4180} INFO - Setting next_dagrun for example_subdag_operator.section-1 to None, run_after=None
[2025-04-03T15:14:02.782+0000] {logging_mixin.py:190} INFO - [2025-04-03T15:14:02.782+0000] {dag.py:4180} INFO - Setting next_dagrun for example_subdag_operator.section-2 to None, run_after=None
[2025-04-03T15:14:02.792+0000] {logging_mixin.py:190} INFO - [2025-04-03T15:14:02.792+0000] {dag.py:3239} INFO - Sync 2 DAGs
[2025-04-03T15:14:02.798+0000] {logging_mixin.py:190} INFO - [2025-04-03T15:14:02.798+0000] {dag.py:4180} INFO - Setting next_dagrun for example_subdag_operator.section-1 to None, run_after=None
[2025-04-03T15:14:02.799+0000] {logging_mixin.py:190} INFO - [2025-04-03T15:14:02.798+0000] {dag.py:4180} INFO - Setting next_dagrun for example_subdag_operator.section-2 to None, run_after=None
[2025-04-03T15:14:02.822+0000] {processor.py:208} INFO - Processing /home/hamza/Documents/project/Mlops/myenv/lib/python3.12/site-packages/airflow/example_dags/example_subdag_operator.py took 0.175 seconds
[2025-04-03T15:15:37.280+0000] {processor.py:186} INFO - Started process (PID=40294) to work on /home/hamza/Documents/project/Mlops/myenv/lib/python3.12/site-packages/airflow/example_dags/example_subdag_operator.py
[2025-04-03T15:15:37.286+0000] {processor.py:914} INFO - Processing file /home/hamza/Documents/project/Mlops/myenv/lib/python3.12/site-packages/airflow/example_dags/example_subdag_operator.py for tasks to queue
[2025-04-03T15:15:37.291+0000] {logging_mixin.py:190} INFO - [2025-04-03T15:15:37.290+0000] {dagbag.py:588} INFO - Filling up the DagBag from /home/hamza/Documents/project/Mlops/myenv/lib/python3.12/site-packages/airflow/example_dags/example_subdag_operator.py
[2025-04-03T15:15:37.330+0000] {processor.py:925} INFO - DAG(s) 'example_subdag_operator.section-1', 'example_subdag_operator.section-2', 'example_subdag_operator' retrieved from /home/hamza/Documents/project/Mlops/myenv/lib/python3.12/site-packages/airflow/example_dags/example_subdag_operator.py
[2025-04-03T15:15:37.353+0000] {logging_mixin.py:190} INFO - [2025-04-03T15:15:37.352+0000] {dag.py:3239} INFO - Sync 3 DAGs
[2025-04-03T15:15:37.384+0000] {logging_mixin.py:190} INFO - [2025-04-03T15:15:37.383+0000] {dag.py:4180} INFO - Setting next_dagrun for example_subdag_operator to 2022-01-01 00:00:00+00:00, run_after=2022-01-01 00:00:00+00:00
[2025-04-03T15:15:37.390+0000] {logging_mixin.py:190} INFO - [2025-04-03T15:15:37.389+0000] {dag.py:4180} INFO - Setting next_dagrun for example_subdag_operator.section-1 to None, run_after=None
[2025-04-03T15:15:37.391+0000] {logging_mixin.py:190} INFO - [2025-04-03T15:15:37.391+0000] {dag.py:4180} INFO - Setting next_dagrun for example_subdag_operator.section-2 to None, run_after=None
[2025-04-03T15:15:37.402+0000] {logging_mixin.py:190} INFO - [2025-04-03T15:15:37.401+0000] {dag.py:3239} INFO - Sync 2 DAGs
[2025-04-03T15:15:37.408+0000] {logging_mixin.py:190} INFO - [2025-04-03T15:15:37.408+0000] {dag.py:4180} INFO - Setting next_dagrun for example_subdag_operator.section-1 to None, run_after=None
[2025-04-03T15:15:37.409+0000] {logging_mixin.py:190} INFO - [2025-04-03T15:15:37.408+0000] {dag.py:4180} INFO - Setting next_dagrun for example_subdag_operator.section-2 to None, run_after=None
[2025-04-03T15:15:37.430+0000] {processor.py:208} INFO - Processing /home/hamza/Documents/project/Mlops/myenv/lib/python3.12/site-packages/airflow/example_dags/example_subdag_operator.py took 0.159 seconds
[2025-04-03T15:17:15.570+0000] {processor.py:186} INFO - Started process (PID=41249) to work on /home/hamza/Documents/project/Mlops/myenv/lib/python3.12/site-packages/airflow/example_dags/example_subdag_operator.py
[2025-04-03T15:17:15.573+0000] {processor.py:914} INFO - Processing file /home/hamza/Documents/project/Mlops/myenv/lib/python3.12/site-packages/airflow/example_dags/example_subdag_operator.py for tasks to queue
[2025-04-03T15:17:15.578+0000] {logging_mixin.py:190} INFO - [2025-04-03T15:17:15.577+0000] {dagbag.py:588} INFO - Filling up the DagBag from /home/hamza/Documents/project/Mlops/myenv/lib/python3.12/site-packages/airflow/example_dags/example_subdag_operator.py
[2025-04-03T15:17:15.625+0000] {processor.py:925} INFO - DAG(s) 'example_subdag_operator.section-1', 'example_subdag_operator.section-2', 'example_subdag_operator' retrieved from /home/hamza/Documents/project/Mlops/myenv/lib/python3.12/site-packages/airflow/example_dags/example_subdag_operator.py
[2025-04-03T15:17:15.650+0000] {logging_mixin.py:190} INFO - [2025-04-03T15:17:15.650+0000] {dag.py:3239} INFO - Sync 3 DAGs
[2025-04-03T15:17:15.683+0000] {logging_mixin.py:190} INFO - [2025-04-03T15:17:15.683+0000] {dag.py:4180} INFO - Setting next_dagrun for example_subdag_operator to 2022-01-01 00:00:00+00:00, run_after=2022-01-01 00:00:00+00:00
[2025-04-03T15:17:15.691+0000] {logging_mixin.py:190} INFO - [2025-04-03T15:17:15.691+0000] {dag.py:4180} INFO - Setting next_dagrun for example_subdag_operator.section-1 to None, run_after=None
[2025-04-03T15:17:15.693+0000] {logging_mixin.py:190} INFO - [2025-04-03T15:17:15.693+0000] {dag.py:4180} INFO - Setting next_dagrun for example_subdag_operator.section-2 to None, run_after=None
[2025-04-03T15:17:15.703+0000] {logging_mixin.py:190} INFO - [2025-04-03T15:17:15.703+0000] {dag.py:3239} INFO - Sync 2 DAGs
[2025-04-03T15:17:15.710+0000] {logging_mixin.py:190} INFO - [2025-04-03T15:17:15.710+0000] {dag.py:4180} INFO - Setting next_dagrun for example_subdag_operator.section-1 to None, run_after=None
[2025-04-03T15:17:15.711+0000] {logging_mixin.py:190} INFO - [2025-04-03T15:17:15.711+0000] {dag.py:4180} INFO - Setting next_dagrun for example_subdag_operator.section-2 to None, run_after=None
[2025-04-03T15:17:15.738+0000] {processor.py:208} INFO - Processing /home/hamza/Documents/project/Mlops/myenv/lib/python3.12/site-packages/airflow/example_dags/example_subdag_operator.py took 0.177 seconds
[2025-04-03T15:18:47.460+0000] {processor.py:186} INFO - Started process (PID=42247) to work on /home/hamza/Documents/project/Mlops/myenv/lib/python3.12/site-packages/airflow/example_dags/example_subdag_operator.py
[2025-04-03T15:18:47.463+0000] {processor.py:914} INFO - Processing file /home/hamza/Documents/project/Mlops/myenv/lib/python3.12/site-packages/airflow/example_dags/example_subdag_operator.py for tasks to queue
[2025-04-03T15:18:47.467+0000] {logging_mixin.py:190} INFO - [2025-04-03T15:18:47.467+0000] {dagbag.py:588} INFO - Filling up the DagBag from /home/hamza/Documents/project/Mlops/myenv/lib/python3.12/site-packages/airflow/example_dags/example_subdag_operator.py
[2025-04-03T15:18:47.505+0000] {processor.py:925} INFO - DAG(s) 'example_subdag_operator.section-1', 'example_subdag_operator.section-2', 'example_subdag_operator' retrieved from /home/hamza/Documents/project/Mlops/myenv/lib/python3.12/site-packages/airflow/example_dags/example_subdag_operator.py
[2025-04-03T15:18:47.529+0000] {logging_mixin.py:190} INFO - [2025-04-03T15:18:47.529+0000] {dag.py:3239} INFO - Sync 3 DAGs
[2025-04-03T15:18:47.562+0000] {logging_mixin.py:190} INFO - [2025-04-03T15:18:47.562+0000] {dag.py:4180} INFO - Setting next_dagrun for example_subdag_operator to 2022-01-01 00:00:00+00:00, run_after=2022-01-01 00:00:00+00:00
[2025-04-03T15:18:47.568+0000] {logging_mixin.py:190} INFO - [2025-04-03T15:18:47.568+0000] {dag.py:4180} INFO - Setting next_dagrun for example_subdag_operator.section-1 to None, run_after=None
[2025-04-03T15:18:47.570+0000] {logging_mixin.py:190} INFO - [2025-04-03T15:18:47.570+0000] {dag.py:4180} INFO - Setting next_dagrun for example_subdag_operator.section-2 to None, run_after=None
[2025-04-03T15:18:47.579+0000] {logging_mixin.py:190} INFO - [2025-04-03T15:18:47.579+0000] {dag.py:3239} INFO - Sync 2 DAGs
[2025-04-03T15:18:47.586+0000] {logging_mixin.py:190} INFO - [2025-04-03T15:18:47.585+0000] {dag.py:4180} INFO - Setting next_dagrun for example_subdag_operator.section-1 to None, run_after=None
[2025-04-03T15:18:47.586+0000] {logging_mixin.py:190} INFO - [2025-04-03T15:18:47.586+0000] {dag.py:4180} INFO - Setting next_dagrun for example_subdag_operator.section-2 to None, run_after=None
[2025-04-03T15:18:47.607+0000] {processor.py:208} INFO - Processing /home/hamza/Documents/project/Mlops/myenv/lib/python3.12/site-packages/airflow/example_dags/example_subdag_operator.py took 0.155 seconds
