[2025-04-03T13:43:28.777+0000] {processor.py:186} INFO - Started process (PID=98296) to work on /home/hamza/Documents/project/Mlops/myenv/lib/python3.12/site-packages/airflow/example_dags/example_skip_dag.py
[2025-04-03T13:43:28.778+0000] {processor.py:914} INFO - Processing file /home/hamza/Documents/project/Mlops/myenv/lib/python3.12/site-packages/airflow/example_dags/example_skip_dag.py for tasks to queue
[2025-04-03T13:43:28.783+0000] {logging_mixin.py:190} INFO - [2025-04-03T13:43:28.782+0000] {dagbag.py:588} INFO - Filling up the DagBag from /home/hamza/Documents/project/Mlops/myenv/lib/python3.12/site-packages/airflow/example_dags/example_skip_dag.py
[2025-04-03T13:43:28.803+0000] {processor.py:925} INFO - DAG(s) 'example_skip_dag' retrieved from /home/hamza/Documents/project/Mlops/myenv/lib/python3.12/site-packages/airflow/example_dags/example_skip_dag.py
[2025-04-03T13:43:29.006+0000] {logging_mixin.py:190} INFO - [2025-04-03T13:43:29.004+0000] {override.py:1930} INFO - Created Permission View: can delete on DAG:example_skip_dag
[2025-04-03T13:43:29.035+0000] {logging_mixin.py:190} INFO - [2025-04-03T13:43:29.034+0000] {override.py:1930} INFO - Created Permission View: can read on DAG:example_skip_dag
[2025-04-03T13:43:29.055+0000] {logging_mixin.py:190} INFO - [2025-04-03T13:43:29.054+0000] {override.py:1930} INFO - Created Permission View: can edit on DAG:example_skip_dag
[2025-04-03T13:43:29.080+0000] {logging_mixin.py:190} INFO - [2025-04-03T13:43:29.079+0000] {override.py:1930} INFO - Created Permission View: can delete on DAG Run:example_skip_dag
[2025-04-03T13:43:29.098+0000] {logging_mixin.py:190} INFO - [2025-04-03T13:43:29.097+0000] {override.py:1930} INFO - Created Permission View: can read on DAG Run:example_skip_dag
[2025-04-03T13:43:29.141+0000] {logging_mixin.py:190} INFO - [2025-04-03T13:43:29.140+0000] {override.py:1930} INFO - Created Permission View: menu access on DAG Run:example_skip_dag
[2025-04-03T13:43:29.161+0000] {logging_mixin.py:190} INFO - [2025-04-03T13:43:29.160+0000] {override.py:1930} INFO - Created Permission View: can create on DAG Run:example_skip_dag
[2025-04-03T13:43:29.162+0000] {logging_mixin.py:190} INFO - [2025-04-03T13:43:29.161+0000] {dag.py:3239} INFO - Sync 1 DAGs
[2025-04-03T13:43:29.191+0000] {logging_mixin.py:190} INFO - [2025-04-03T13:43:29.190+0000] {dag.py:3262} INFO - Creating ORM DAG for example_skip_dag
[2025-04-03T13:43:29.210+0000] {logging_mixin.py:190} INFO - [2025-04-03T13:43:29.209+0000] {dag.py:4180} INFO - Setting next_dagrun for example_skip_dag to 2025-04-02 00:00:00+00:00, run_after=2025-04-03 00:00:00+00:00
[2025-04-03T13:43:29.252+0000] {processor.py:208} INFO - Processing /home/hamza/Documents/project/Mlops/myenv/lib/python3.12/site-packages/airflow/example_dags/example_skip_dag.py took 0.487 seconds
[2025-04-03T13:44:44.216+0000] {processor.py:186} INFO - Started process (PID=99433) to work on /home/hamza/Documents/project/Mlops/myenv/lib/python3.12/site-packages/airflow/example_dags/example_skip_dag.py
[2025-04-03T13:44:44.218+0000] {processor.py:914} INFO - Processing file /home/hamza/Documents/project/Mlops/myenv/lib/python3.12/site-packages/airflow/example_dags/example_skip_dag.py for tasks to queue
[2025-04-03T13:44:44.221+0000] {logging_mixin.py:190} INFO - [2025-04-03T13:44:44.220+0000] {dagbag.py:588} INFO - Filling up the DagBag from /home/hamza/Documents/project/Mlops/myenv/lib/python3.12/site-packages/airflow/example_dags/example_skip_dag.py
[2025-04-03T13:44:44.239+0000] {processor.py:925} INFO - DAG(s) 'example_skip_dag' retrieved from /home/hamza/Documents/project/Mlops/myenv/lib/python3.12/site-packages/airflow/example_dags/example_skip_dag.py
[2025-04-03T13:44:44.273+0000] {logging_mixin.py:190} INFO - [2025-04-03T13:44:44.272+0000] {dag.py:3239} INFO - Sync 1 DAGs
[2025-04-03T13:44:44.306+0000] {logging_mixin.py:190} INFO - [2025-04-03T13:44:44.306+0000] {dag.py:4180} INFO - Setting next_dagrun for example_skip_dag to 2025-04-02 00:00:00+00:00, run_after=2025-04-03 00:00:00+00:00
[2025-04-03T13:44:44.349+0000] {processor.py:208} INFO - Processing /home/hamza/Documents/project/Mlops/myenv/lib/python3.12/site-packages/airflow/example_dags/example_skip_dag.py took 0.142 seconds
[2025-04-03T13:45:50.530+0000] {processor.py:186} INFO - Started process (PID=100011) to work on /home/hamza/Documents/project/Mlops/myenv/lib/python3.12/site-packages/airflow/example_dags/example_skip_dag.py
[2025-04-03T13:45:50.532+0000] {processor.py:914} INFO - Processing file /home/hamza/Documents/project/Mlops/myenv/lib/python3.12/site-packages/airflow/example_dags/example_skip_dag.py for tasks to queue
[2025-04-03T13:45:50.537+0000] {logging_mixin.py:190} INFO - [2025-04-03T13:45:50.536+0000] {dagbag.py:588} INFO - Filling up the DagBag from /home/hamza/Documents/project/Mlops/myenv/lib/python3.12/site-packages/airflow/example_dags/example_skip_dag.py
[2025-04-03T13:45:50.553+0000] {processor.py:925} INFO - DAG(s) 'example_skip_dag' retrieved from /home/hamza/Documents/project/Mlops/myenv/lib/python3.12/site-packages/airflow/example_dags/example_skip_dag.py
[2025-04-03T13:45:50.584+0000] {logging_mixin.py:190} INFO - [2025-04-03T13:45:50.584+0000] {dag.py:3239} INFO - Sync 1 DAGs
[2025-04-03T13:45:50.619+0000] {logging_mixin.py:190} INFO - [2025-04-03T13:45:50.619+0000] {dag.py:4180} INFO - Setting next_dagrun for example_skip_dag to 2025-04-02 00:00:00+00:00, run_after=2025-04-03 00:00:00+00:00
[2025-04-03T13:45:50.667+0000] {processor.py:208} INFO - Processing /home/hamza/Documents/project/Mlops/myenv/lib/python3.12/site-packages/airflow/example_dags/example_skip_dag.py took 0.146 seconds
[2025-04-03T13:46:59.733+0000] {processor.py:186} INFO - Started process (PID=100761) to work on /home/hamza/Documents/project/Mlops/myenv/lib/python3.12/site-packages/airflow/example_dags/example_skip_dag.py
[2025-04-03T13:46:59.735+0000] {processor.py:914} INFO - Processing file /home/hamza/Documents/project/Mlops/myenv/lib/python3.12/site-packages/airflow/example_dags/example_skip_dag.py for tasks to queue
[2025-04-03T13:46:59.740+0000] {logging_mixin.py:190} INFO - [2025-04-03T13:46:59.739+0000] {dagbag.py:588} INFO - Filling up the DagBag from /home/hamza/Documents/project/Mlops/myenv/lib/python3.12/site-packages/airflow/example_dags/example_skip_dag.py
[2025-04-03T13:46:59.754+0000] {processor.py:925} INFO - DAG(s) 'example_skip_dag' retrieved from /home/hamza/Documents/project/Mlops/myenv/lib/python3.12/site-packages/airflow/example_dags/example_skip_dag.py
[2025-04-03T13:46:59.781+0000] {logging_mixin.py:190} INFO - [2025-04-03T13:46:59.781+0000] {dag.py:3239} INFO - Sync 1 DAGs
[2025-04-03T13:46:59.813+0000] {logging_mixin.py:190} INFO - [2025-04-03T13:46:59.813+0000] {dag.py:4180} INFO - Setting next_dagrun for example_skip_dag to 2025-04-02 00:00:00+00:00, run_after=2025-04-03 00:00:00+00:00
[2025-04-03T13:46:59.847+0000] {processor.py:208} INFO - Processing /home/hamza/Documents/project/Mlops/myenv/lib/python3.12/site-packages/airflow/example_dags/example_skip_dag.py took 0.123 seconds
[2025-04-03T13:48:06.376+0000] {processor.py:186} INFO - Started process (PID=101601) to work on /home/hamza/Documents/project/Mlops/myenv/lib/python3.12/site-packages/airflow/example_dags/example_skip_dag.py
[2025-04-03T13:48:06.379+0000] {processor.py:914} INFO - Processing file /home/hamza/Documents/project/Mlops/myenv/lib/python3.12/site-packages/airflow/example_dags/example_skip_dag.py for tasks to queue
[2025-04-03T13:48:06.382+0000] {logging_mixin.py:190} INFO - [2025-04-03T13:48:06.382+0000] {dagbag.py:588} INFO - Filling up the DagBag from /home/hamza/Documents/project/Mlops/myenv/lib/python3.12/site-packages/airflow/example_dags/example_skip_dag.py
[2025-04-03T13:48:06.397+0000] {processor.py:925} INFO - DAG(s) 'example_skip_dag' retrieved from /home/hamza/Documents/project/Mlops/myenv/lib/python3.12/site-packages/airflow/example_dags/example_skip_dag.py
[2025-04-03T13:48:06.427+0000] {logging_mixin.py:190} INFO - [2025-04-03T13:48:06.426+0000] {dag.py:3239} INFO - Sync 1 DAGs
[2025-04-03T13:48:06.464+0000] {logging_mixin.py:190} INFO - [2025-04-03T13:48:06.464+0000] {dag.py:4180} INFO - Setting next_dagrun for example_skip_dag to 2025-04-02 00:00:00+00:00, run_after=2025-04-03 00:00:00+00:00
[2025-04-03T13:48:06.503+0000] {processor.py:208} INFO - Processing /home/hamza/Documents/project/Mlops/myenv/lib/python3.12/site-packages/airflow/example_dags/example_skip_dag.py took 0.136 seconds
[2025-04-03T13:49:42.614+0000] {processor.py:186} INFO - Started process (PID=102963) to work on /home/hamza/Documents/project/Mlops/myenv/lib/python3.12/site-packages/airflow/example_dags/example_skip_dag.py
[2025-04-03T13:49:42.620+0000] {processor.py:914} INFO - Processing file /home/hamza/Documents/project/Mlops/myenv/lib/python3.12/site-packages/airflow/example_dags/example_skip_dag.py for tasks to queue
[2025-04-03T13:49:42.623+0000] {logging_mixin.py:190} INFO - [2025-04-03T13:49:42.622+0000] {dagbag.py:588} INFO - Filling up the DagBag from /home/hamza/Documents/project/Mlops/myenv/lib/python3.12/site-packages/airflow/example_dags/example_skip_dag.py
[2025-04-03T13:49:42.640+0000] {processor.py:925} INFO - DAG(s) 'example_skip_dag' retrieved from /home/hamza/Documents/project/Mlops/myenv/lib/python3.12/site-packages/airflow/example_dags/example_skip_dag.py
[2025-04-03T13:49:42.670+0000] {logging_mixin.py:190} INFO - [2025-04-03T13:49:42.670+0000] {dag.py:3239} INFO - Sync 1 DAGs
[2025-04-03T13:49:42.704+0000] {logging_mixin.py:190} INFO - [2025-04-03T13:49:42.703+0000] {dag.py:4180} INFO - Setting next_dagrun for example_skip_dag to 2025-04-02 00:00:00+00:00, run_after=2025-04-03 00:00:00+00:00
[2025-04-03T13:49:42.762+0000] {processor.py:208} INFO - Processing /home/hamza/Documents/project/Mlops/myenv/lib/python3.12/site-packages/airflow/example_dags/example_skip_dag.py took 0.157 seconds
[2025-04-03T13:51:02.025+0000] {processor.py:186} INFO - Started process (PID=103929) to work on /home/hamza/Documents/project/Mlops/myenv/lib/python3.12/site-packages/airflow/example_dags/example_skip_dag.py
[2025-04-03T13:51:02.027+0000] {processor.py:914} INFO - Processing file /home/hamza/Documents/project/Mlops/myenv/lib/python3.12/site-packages/airflow/example_dags/example_skip_dag.py for tasks to queue
[2025-04-03T13:51:02.031+0000] {logging_mixin.py:190} INFO - [2025-04-03T13:51:02.030+0000] {dagbag.py:588} INFO - Filling up the DagBag from /home/hamza/Documents/project/Mlops/myenv/lib/python3.12/site-packages/airflow/example_dags/example_skip_dag.py
[2025-04-03T13:51:02.049+0000] {processor.py:925} INFO - DAG(s) 'example_skip_dag' retrieved from /home/hamza/Documents/project/Mlops/myenv/lib/python3.12/site-packages/airflow/example_dags/example_skip_dag.py
[2025-04-03T13:51:02.088+0000] {logging_mixin.py:190} INFO - [2025-04-03T13:51:02.087+0000] {dag.py:3239} INFO - Sync 1 DAGs
[2025-04-03T13:51:02.124+0000] {logging_mixin.py:190} INFO - [2025-04-03T13:51:02.123+0000] {dag.py:4180} INFO - Setting next_dagrun for example_skip_dag to 2025-04-02 00:00:00+00:00, run_after=2025-04-03 00:00:00+00:00
[2025-04-03T13:51:02.163+0000] {processor.py:208} INFO - Processing /home/hamza/Documents/project/Mlops/myenv/lib/python3.12/site-packages/airflow/example_dags/example_skip_dag.py took 0.149 seconds
[2025-04-03T13:52:41.112+0000] {processor.py:186} INFO - Started process (PID=104998) to work on /home/hamza/Documents/project/Mlops/myenv/lib/python3.12/site-packages/airflow/example_dags/example_skip_dag.py
[2025-04-03T13:52:41.113+0000] {processor.py:914} INFO - Processing file /home/hamza/Documents/project/Mlops/myenv/lib/python3.12/site-packages/airflow/example_dags/example_skip_dag.py for tasks to queue
[2025-04-03T13:52:41.116+0000] {logging_mixin.py:190} INFO - [2025-04-03T13:52:41.116+0000] {dagbag.py:588} INFO - Filling up the DagBag from /home/hamza/Documents/project/Mlops/myenv/lib/python3.12/site-packages/airflow/example_dags/example_skip_dag.py
[2025-04-03T13:52:41.129+0000] {processor.py:925} INFO - DAG(s) 'example_skip_dag' retrieved from /home/hamza/Documents/project/Mlops/myenv/lib/python3.12/site-packages/airflow/example_dags/example_skip_dag.py
[2025-04-03T13:52:41.156+0000] {logging_mixin.py:190} INFO - [2025-04-03T13:52:41.156+0000] {dag.py:3239} INFO - Sync 1 DAGs
[2025-04-03T13:52:41.195+0000] {logging_mixin.py:190} INFO - [2025-04-03T13:52:41.194+0000] {dag.py:4180} INFO - Setting next_dagrun for example_skip_dag to 2025-04-02 00:00:00+00:00, run_after=2025-04-03 00:00:00+00:00
[2025-04-03T13:52:41.239+0000] {processor.py:208} INFO - Processing /home/hamza/Documents/project/Mlops/myenv/lib/python3.12/site-packages/airflow/example_dags/example_skip_dag.py took 0.137 seconds
[2025-04-03T13:54:16.815+0000] {processor.py:186} INFO - Started process (PID=106045) to work on /home/hamza/Documents/project/Mlops/myenv/lib/python3.12/site-packages/airflow/example_dags/example_skip_dag.py
[2025-04-03T13:54:16.818+0000] {processor.py:914} INFO - Processing file /home/hamza/Documents/project/Mlops/myenv/lib/python3.12/site-packages/airflow/example_dags/example_skip_dag.py for tasks to queue
[2025-04-03T13:54:16.822+0000] {logging_mixin.py:190} INFO - [2025-04-03T13:54:16.822+0000] {dagbag.py:588} INFO - Filling up the DagBag from /home/hamza/Documents/project/Mlops/myenv/lib/python3.12/site-packages/airflow/example_dags/example_skip_dag.py
[2025-04-03T13:54:16.835+0000] {processor.py:925} INFO - DAG(s) 'example_skip_dag' retrieved from /home/hamza/Documents/project/Mlops/myenv/lib/python3.12/site-packages/airflow/example_dags/example_skip_dag.py
[2025-04-03T13:54:16.870+0000] {logging_mixin.py:190} INFO - [2025-04-03T13:54:16.870+0000] {dag.py:3239} INFO - Sync 1 DAGs
[2025-04-03T13:54:16.909+0000] {logging_mixin.py:190} INFO - [2025-04-03T13:54:16.908+0000] {dag.py:4180} INFO - Setting next_dagrun for example_skip_dag to 2025-04-02 00:00:00+00:00, run_after=2025-04-03 00:00:00+00:00
[2025-04-03T13:54:16.948+0000] {processor.py:208} INFO - Processing /home/hamza/Documents/project/Mlops/myenv/lib/python3.12/site-packages/airflow/example_dags/example_skip_dag.py took 0.142 seconds
[2025-04-03T13:58:03.876+0000] {processor.py:186} INFO - Started process (PID=109040) to work on /home/hamza/Documents/project/Mlops/myenv/lib/python3.12/site-packages/airflow/example_dags/example_skip_dag.py
[2025-04-03T13:58:03.878+0000] {processor.py:914} INFO - Processing file /home/hamza/Documents/project/Mlops/myenv/lib/python3.12/site-packages/airflow/example_dags/example_skip_dag.py for tasks to queue
[2025-04-03T13:58:03.881+0000] {logging_mixin.py:190} INFO - [2025-04-03T13:58:03.880+0000] {dagbag.py:588} INFO - Filling up the DagBag from /home/hamza/Documents/project/Mlops/myenv/lib/python3.12/site-packages/airflow/example_dags/example_skip_dag.py
[2025-04-03T13:58:03.893+0000] {processor.py:925} INFO - DAG(s) 'example_skip_dag' retrieved from /home/hamza/Documents/project/Mlops/myenv/lib/python3.12/site-packages/airflow/example_dags/example_skip_dag.py
[2025-04-03T13:58:03.928+0000] {logging_mixin.py:190} INFO - [2025-04-03T13:58:03.928+0000] {dag.py:3239} INFO - Sync 1 DAGs
[2025-04-03T13:58:03.959+0000] {logging_mixin.py:190} INFO - [2025-04-03T13:58:03.958+0000] {dag.py:4180} INFO - Setting next_dagrun for example_skip_dag to 2025-04-02 00:00:00+00:00, run_after=2025-04-03 00:00:00+00:00
[2025-04-03T13:58:04.000+0000] {processor.py:208} INFO - Processing /home/hamza/Documents/project/Mlops/myenv/lib/python3.12/site-packages/airflow/example_dags/example_skip_dag.py took 0.133 seconds
[2025-04-03T13:59:13.358+0000] {processor.py:186} INFO - Started process (PID=109954) to work on /home/hamza/Documents/project/Mlops/myenv/lib/python3.12/site-packages/airflow/example_dags/example_skip_dag.py
[2025-04-03T13:59:13.361+0000] {processor.py:914} INFO - Processing file /home/hamza/Documents/project/Mlops/myenv/lib/python3.12/site-packages/airflow/example_dags/example_skip_dag.py for tasks to queue
[2025-04-03T13:59:13.365+0000] {logging_mixin.py:190} INFO - [2025-04-03T13:59:13.364+0000] {dagbag.py:588} INFO - Filling up the DagBag from /home/hamza/Documents/project/Mlops/myenv/lib/python3.12/site-packages/airflow/example_dags/example_skip_dag.py
[2025-04-03T13:59:13.381+0000] {processor.py:925} INFO - DAG(s) 'example_skip_dag' retrieved from /home/hamza/Documents/project/Mlops/myenv/lib/python3.12/site-packages/airflow/example_dags/example_skip_dag.py
[2025-04-03T13:59:13.413+0000] {logging_mixin.py:190} INFO - [2025-04-03T13:59:13.413+0000] {dag.py:3239} INFO - Sync 1 DAGs
[2025-04-03T13:59:13.447+0000] {logging_mixin.py:190} INFO - [2025-04-03T13:59:13.447+0000] {dag.py:4180} INFO - Setting next_dagrun for example_skip_dag to 2025-04-02 00:00:00+00:00, run_after=2025-04-03 00:00:00+00:00
[2025-04-03T13:59:13.482+0000] {processor.py:208} INFO - Processing /home/hamza/Documents/project/Mlops/myenv/lib/python3.12/site-packages/airflow/example_dags/example_skip_dag.py took 0.133 seconds
[2025-04-03T14:10:04.800+0000] {processor.py:186} INFO - Started process (PID=117992) to work on /home/hamza/Documents/project/Mlops/myenv/lib/python3.12/site-packages/airflow/example_dags/example_skip_dag.py
[2025-04-03T14:10:04.801+0000] {processor.py:914} INFO - Processing file /home/hamza/Documents/project/Mlops/myenv/lib/python3.12/site-packages/airflow/example_dags/example_skip_dag.py for tasks to queue
[2025-04-03T14:10:04.803+0000] {logging_mixin.py:190} INFO - [2025-04-03T14:10:04.802+0000] {dagbag.py:588} INFO - Filling up the DagBag from /home/hamza/Documents/project/Mlops/myenv/lib/python3.12/site-packages/airflow/example_dags/example_skip_dag.py
[2025-04-03T14:10:04.816+0000] {processor.py:925} INFO - DAG(s) 'example_skip_dag' retrieved from /home/hamza/Documents/project/Mlops/myenv/lib/python3.12/site-packages/airflow/example_dags/example_skip_dag.py
[2025-04-03T14:10:04.854+0000] {logging_mixin.py:190} INFO - [2025-04-03T14:10:04.853+0000] {dag.py:3239} INFO - Sync 1 DAGs
[2025-04-03T14:10:04.885+0000] {logging_mixin.py:190} INFO - [2025-04-03T14:10:04.884+0000] {dag.py:4180} INFO - Setting next_dagrun for example_skip_dag to 2025-04-02 00:00:00+00:00, run_after=2025-04-03 00:00:00+00:00
[2025-04-03T14:10:04.921+0000] {processor.py:208} INFO - Processing /home/hamza/Documents/project/Mlops/myenv/lib/python3.12/site-packages/airflow/example_dags/example_skip_dag.py took 0.131 seconds
[2025-04-03T14:11:20.206+0000] {processor.py:186} INFO - Started process (PID=118689) to work on /home/hamza/Documents/project/Mlops/myenv/lib/python3.12/site-packages/airflow/example_dags/example_skip_dag.py
[2025-04-03T14:11:20.209+0000] {processor.py:914} INFO - Processing file /home/hamza/Documents/project/Mlops/myenv/lib/python3.12/site-packages/airflow/example_dags/example_skip_dag.py for tasks to queue
[2025-04-03T14:11:20.211+0000] {logging_mixin.py:190} INFO - [2025-04-03T14:11:20.211+0000] {dagbag.py:588} INFO - Filling up the DagBag from /home/hamza/Documents/project/Mlops/myenv/lib/python3.12/site-packages/airflow/example_dags/example_skip_dag.py
[2025-04-03T14:11:20.225+0000] {processor.py:925} INFO - DAG(s) 'example_skip_dag' retrieved from /home/hamza/Documents/project/Mlops/myenv/lib/python3.12/site-packages/airflow/example_dags/example_skip_dag.py
[2025-04-03T14:11:20.266+0000] {logging_mixin.py:190} INFO - [2025-04-03T14:11:20.265+0000] {dag.py:3239} INFO - Sync 1 DAGs
[2025-04-03T14:11:20.298+0000] {logging_mixin.py:190} INFO - [2025-04-03T14:11:20.298+0000] {dag.py:4180} INFO - Setting next_dagrun for example_skip_dag to 2025-04-02 00:00:00+00:00, run_after=2025-04-03 00:00:00+00:00
[2025-04-03T14:11:20.337+0000] {processor.py:208} INFO - Processing /home/hamza/Documents/project/Mlops/myenv/lib/python3.12/site-packages/airflow/example_dags/example_skip_dag.py took 0.141 seconds
[2025-04-03T14:13:00.618+0000] {processor.py:186} INFO - Started process (PID=119617) to work on /home/hamza/Documents/project/Mlops/myenv/lib/python3.12/site-packages/airflow/example_dags/example_skip_dag.py
[2025-04-03T14:13:00.620+0000] {processor.py:914} INFO - Processing file /home/hamza/Documents/project/Mlops/myenv/lib/python3.12/site-packages/airflow/example_dags/example_skip_dag.py for tasks to queue
[2025-04-03T14:13:00.623+0000] {logging_mixin.py:190} INFO - [2025-04-03T14:13:00.622+0000] {dagbag.py:588} INFO - Filling up the DagBag from /home/hamza/Documents/project/Mlops/myenv/lib/python3.12/site-packages/airflow/example_dags/example_skip_dag.py
[2025-04-03T14:13:00.635+0000] {processor.py:925} INFO - DAG(s) 'example_skip_dag' retrieved from /home/hamza/Documents/project/Mlops/myenv/lib/python3.12/site-packages/airflow/example_dags/example_skip_dag.py
[2025-04-03T14:13:00.675+0000] {logging_mixin.py:190} INFO - [2025-04-03T14:13:00.675+0000] {dag.py:3239} INFO - Sync 1 DAGs
[2025-04-03T14:13:00.707+0000] {logging_mixin.py:190} INFO - [2025-04-03T14:13:00.706+0000] {dag.py:4180} INFO - Setting next_dagrun for example_skip_dag to 2025-04-02 00:00:00+00:00, run_after=2025-04-03 00:00:00+00:00
[2025-04-03T14:13:00.743+0000] {processor.py:208} INFO - Processing /home/hamza/Documents/project/Mlops/myenv/lib/python3.12/site-packages/airflow/example_dags/example_skip_dag.py took 0.135 seconds
[2025-04-03T14:18:44.234+0000] {processor.py:186} INFO - Started process (PID=122381) to work on /home/hamza/Documents/project/Mlops/myenv/lib/python3.12/site-packages/airflow/example_dags/example_skip_dag.py
[2025-04-03T14:18:44.236+0000] {processor.py:914} INFO - Processing file /home/hamza/Documents/project/Mlops/myenv/lib/python3.12/site-packages/airflow/example_dags/example_skip_dag.py for tasks to queue
[2025-04-03T14:18:44.238+0000] {logging_mixin.py:190} INFO - [2025-04-03T14:18:44.237+0000] {dagbag.py:588} INFO - Filling up the DagBag from /home/hamza/Documents/project/Mlops/myenv/lib/python3.12/site-packages/airflow/example_dags/example_skip_dag.py
[2025-04-03T14:18:44.251+0000] {processor.py:925} INFO - DAG(s) 'example_skip_dag' retrieved from /home/hamza/Documents/project/Mlops/myenv/lib/python3.12/site-packages/airflow/example_dags/example_skip_dag.py
[2025-04-03T14:18:44.285+0000] {logging_mixin.py:190} INFO - [2025-04-03T14:18:44.284+0000] {dag.py:3239} INFO - Sync 1 DAGs
[2025-04-03T14:18:44.318+0000] {logging_mixin.py:190} INFO - [2025-04-03T14:18:44.318+0000] {dag.py:4180} INFO - Setting next_dagrun for example_skip_dag to 2025-04-02 00:00:00+00:00, run_after=2025-04-03 00:00:00+00:00
[2025-04-03T14:18:44.358+0000] {processor.py:208} INFO - Processing /home/hamza/Documents/project/Mlops/myenv/lib/python3.12/site-packages/airflow/example_dags/example_skip_dag.py took 0.134 seconds
[2025-04-03T14:20:16.188+0000] {processor.py:186} INFO - Started process (PID=123053) to work on /home/hamza/Documents/project/Mlops/myenv/lib/python3.12/site-packages/airflow/example_dags/example_skip_dag.py
[2025-04-03T14:20:16.236+0000] {processor.py:914} INFO - Processing file /home/hamza/Documents/project/Mlops/myenv/lib/python3.12/site-packages/airflow/example_dags/example_skip_dag.py for tasks to queue
[2025-04-03T14:20:16.286+0000] {logging_mixin.py:190} INFO - [2025-04-03T14:20:16.281+0000] {dagbag.py:588} INFO - Filling up the DagBag from /home/hamza/Documents/project/Mlops/myenv/lib/python3.12/site-packages/airflow/example_dags/example_skip_dag.py
[2025-04-03T14:20:16.374+0000] {processor.py:925} INFO - DAG(s) 'example_skip_dag' retrieved from /home/hamza/Documents/project/Mlops/myenv/lib/python3.12/site-packages/airflow/example_dags/example_skip_dag.py
[2025-04-03T14:20:16.634+0000] {logging_mixin.py:190} INFO - [2025-04-03T14:20:16.601+0000] {dag.py:3239} INFO - Sync 1 DAGs
[2025-04-03T14:20:16.796+0000] {logging_mixin.py:190} INFO - [2025-04-03T14:20:16.777+0000] {dag.py:4180} INFO - Setting next_dagrun for example_skip_dag to 2025-04-02 00:00:00+00:00, run_after=2025-04-03 00:00:00+00:00
[2025-04-03T14:20:17.074+0000] {processor.py:208} INFO - Processing /home/hamza/Documents/project/Mlops/myenv/lib/python3.12/site-packages/airflow/example_dags/example_skip_dag.py took 0.899 seconds
[2025-04-03T15:08:15.511+0000] {processor.py:186} INFO - Started process (PID=36085) to work on /home/hamza/Documents/project/Mlops/myenv/lib/python3.12/site-packages/airflow/example_dags/example_skip_dag.py
[2025-04-03T15:08:15.513+0000] {processor.py:914} INFO - Processing file /home/hamza/Documents/project/Mlops/myenv/lib/python3.12/site-packages/airflow/example_dags/example_skip_dag.py for tasks to queue
[2025-04-03T15:08:15.516+0000] {logging_mixin.py:190} INFO - [2025-04-03T15:08:15.515+0000] {dagbag.py:588} INFO - Filling up the DagBag from /home/hamza/Documents/project/Mlops/myenv/lib/python3.12/site-packages/airflow/example_dags/example_skip_dag.py
[2025-04-03T15:08:15.527+0000] {processor.py:925} INFO - DAG(s) 'example_skip_dag' retrieved from /home/hamza/Documents/project/Mlops/myenv/lib/python3.12/site-packages/airflow/example_dags/example_skip_dag.py
[2025-04-03T15:08:15.560+0000] {logging_mixin.py:190} INFO - [2025-04-03T15:08:15.560+0000] {dag.py:3239} INFO - Sync 1 DAGs
[2025-04-03T15:08:15.587+0000] {logging_mixin.py:190} INFO - [2025-04-03T15:08:15.587+0000] {dag.py:4180} INFO - Setting next_dagrun for example_skip_dag to 2025-04-02 00:00:00+00:00, run_after=2025-04-03 00:00:00+00:00
[2025-04-03T15:08:15.634+0000] {processor.py:208} INFO - Processing /home/hamza/Documents/project/Mlops/myenv/lib/python3.12/site-packages/airflow/example_dags/example_skip_dag.py took 0.131 seconds
[2025-04-03T15:09:30.774+0000] {processor.py:186} INFO - Started process (PID=36837) to work on /home/hamza/Documents/project/Mlops/myenv/lib/python3.12/site-packages/airflow/example_dags/example_skip_dag.py
[2025-04-03T15:09:30.779+0000] {processor.py:914} INFO - Processing file /home/hamza/Documents/project/Mlops/myenv/lib/python3.12/site-packages/airflow/example_dags/example_skip_dag.py for tasks to queue
[2025-04-03T15:09:30.783+0000] {logging_mixin.py:190} INFO - [2025-04-03T15:09:30.782+0000] {dagbag.py:588} INFO - Filling up the DagBag from /home/hamza/Documents/project/Mlops/myenv/lib/python3.12/site-packages/airflow/example_dags/example_skip_dag.py
[2025-04-03T15:09:30.802+0000] {processor.py:925} INFO - DAG(s) 'example_skip_dag' retrieved from /home/hamza/Documents/project/Mlops/myenv/lib/python3.12/site-packages/airflow/example_dags/example_skip_dag.py
[2025-04-03T15:09:30.838+0000] {logging_mixin.py:190} INFO - [2025-04-03T15:09:30.837+0000] {dag.py:3239} INFO - Sync 1 DAGs
[2025-04-03T15:09:30.882+0000] {logging_mixin.py:190} INFO - [2025-04-03T15:09:30.882+0000] {dag.py:4180} INFO - Setting next_dagrun for example_skip_dag to 2025-04-02 00:00:00+00:00, run_after=2025-04-03 00:00:00+00:00
[2025-04-03T15:09:30.925+0000] {processor.py:208} INFO - Processing /home/hamza/Documents/project/Mlops/myenv/lib/python3.12/site-packages/airflow/example_dags/example_skip_dag.py took 0.159 seconds
[2025-04-03T15:10:58.616+0000] {processor.py:186} INFO - Started process (PID=37650) to work on /home/hamza/Documents/project/Mlops/myenv/lib/python3.12/site-packages/airflow/example_dags/example_skip_dag.py
[2025-04-03T15:10:58.623+0000] {processor.py:914} INFO - Processing file /home/hamza/Documents/project/Mlops/myenv/lib/python3.12/site-packages/airflow/example_dags/example_skip_dag.py for tasks to queue
[2025-04-03T15:10:58.627+0000] {logging_mixin.py:190} INFO - [2025-04-03T15:10:58.626+0000] {dagbag.py:588} INFO - Filling up the DagBag from /home/hamza/Documents/project/Mlops/myenv/lib/python3.12/site-packages/airflow/example_dags/example_skip_dag.py
[2025-04-03T15:10:58.642+0000] {processor.py:925} INFO - DAG(s) 'example_skip_dag' retrieved from /home/hamza/Documents/project/Mlops/myenv/lib/python3.12/site-packages/airflow/example_dags/example_skip_dag.py
[2025-04-03T15:10:58.671+0000] {logging_mixin.py:190} INFO - [2025-04-03T15:10:58.670+0000] {dag.py:3239} INFO - Sync 1 DAGs
[2025-04-03T15:10:58.705+0000] {logging_mixin.py:190} INFO - [2025-04-03T15:10:58.704+0000] {dag.py:4180} INFO - Setting next_dagrun for example_skip_dag to 2025-04-02 00:00:00+00:00, run_after=2025-04-03 00:00:00+00:00
[2025-04-03T15:10:58.740+0000] {processor.py:208} INFO - Processing /home/hamza/Documents/project/Mlops/myenv/lib/python3.12/site-packages/airflow/example_dags/example_skip_dag.py took 0.134 seconds
[2025-04-03T15:12:29.070+0000] {processor.py:186} INFO - Started process (PID=38465) to work on /home/hamza/Documents/project/Mlops/myenv/lib/python3.12/site-packages/airflow/example_dags/example_skip_dag.py
[2025-04-03T15:12:29.071+0000] {processor.py:914} INFO - Processing file /home/hamza/Documents/project/Mlops/myenv/lib/python3.12/site-packages/airflow/example_dags/example_skip_dag.py for tasks to queue
[2025-04-03T15:12:29.075+0000] {logging_mixin.py:190} INFO - [2025-04-03T15:12:29.074+0000] {dagbag.py:588} INFO - Filling up the DagBag from /home/hamza/Documents/project/Mlops/myenv/lib/python3.12/site-packages/airflow/example_dags/example_skip_dag.py
[2025-04-03T15:12:29.090+0000] {processor.py:925} INFO - DAG(s) 'example_skip_dag' retrieved from /home/hamza/Documents/project/Mlops/myenv/lib/python3.12/site-packages/airflow/example_dags/example_skip_dag.py
[2025-04-03T15:12:29.120+0000] {logging_mixin.py:190} INFO - [2025-04-03T15:12:29.120+0000] {dag.py:3239} INFO - Sync 1 DAGs
[2025-04-03T15:12:29.155+0000] {logging_mixin.py:190} INFO - [2025-04-03T15:12:29.155+0000] {dag.py:4180} INFO - Setting next_dagrun for example_skip_dag to 2025-04-02 00:00:00+00:00, run_after=2025-04-03 00:00:00+00:00
[2025-04-03T15:12:29.192+0000] {processor.py:208} INFO - Processing /home/hamza/Documents/project/Mlops/myenv/lib/python3.12/site-packages/airflow/example_dags/example_skip_dag.py took 0.132 seconds
[2025-04-03T15:14:05.192+0000] {processor.py:186} INFO - Started process (PID=39362) to work on /home/hamza/Documents/project/Mlops/myenv/lib/python3.12/site-packages/airflow/example_dags/example_skip_dag.py
[2025-04-03T15:14:05.195+0000] {processor.py:914} INFO - Processing file /home/hamza/Documents/project/Mlops/myenv/lib/python3.12/site-packages/airflow/example_dags/example_skip_dag.py for tasks to queue
[2025-04-03T15:14:05.200+0000] {logging_mixin.py:190} INFO - [2025-04-03T15:14:05.200+0000] {dagbag.py:588} INFO - Filling up the DagBag from /home/hamza/Documents/project/Mlops/myenv/lib/python3.12/site-packages/airflow/example_dags/example_skip_dag.py
[2025-04-03T15:14:05.214+0000] {processor.py:925} INFO - DAG(s) 'example_skip_dag' retrieved from /home/hamza/Documents/project/Mlops/myenv/lib/python3.12/site-packages/airflow/example_dags/example_skip_dag.py
[2025-04-03T15:14:05.242+0000] {logging_mixin.py:190} INFO - [2025-04-03T15:14:05.241+0000] {dag.py:3239} INFO - Sync 1 DAGs
[2025-04-03T15:14:05.276+0000] {logging_mixin.py:190} INFO - [2025-04-03T15:14:05.275+0000] {dag.py:4180} INFO - Setting next_dagrun for example_skip_dag to 2025-04-02 00:00:00+00:00, run_after=2025-04-03 00:00:00+00:00
[2025-04-03T15:14:05.314+0000] {processor.py:208} INFO - Processing /home/hamza/Documents/project/Mlops/myenv/lib/python3.12/site-packages/airflow/example_dags/example_skip_dag.py took 0.131 seconds
[2025-04-03T15:15:39.803+0000] {processor.py:186} INFO - Started process (PID=40319) to work on /home/hamza/Documents/project/Mlops/myenv/lib/python3.12/site-packages/airflow/example_dags/example_skip_dag.py
[2025-04-03T15:15:39.806+0000] {processor.py:914} INFO - Processing file /home/hamza/Documents/project/Mlops/myenv/lib/python3.12/site-packages/airflow/example_dags/example_skip_dag.py for tasks to queue
[2025-04-03T15:15:39.811+0000] {logging_mixin.py:190} INFO - [2025-04-03T15:15:39.810+0000] {dagbag.py:588} INFO - Filling up the DagBag from /home/hamza/Documents/project/Mlops/myenv/lib/python3.12/site-packages/airflow/example_dags/example_skip_dag.py
[2025-04-03T15:15:39.824+0000] {processor.py:925} INFO - DAG(s) 'example_skip_dag' retrieved from /home/hamza/Documents/project/Mlops/myenv/lib/python3.12/site-packages/airflow/example_dags/example_skip_dag.py
[2025-04-03T15:15:39.852+0000] {logging_mixin.py:190} INFO - [2025-04-03T15:15:39.851+0000] {dag.py:3239} INFO - Sync 1 DAGs
[2025-04-03T15:15:39.884+0000] {logging_mixin.py:190} INFO - [2025-04-03T15:15:39.884+0000] {dag.py:4180} INFO - Setting next_dagrun for example_skip_dag to 2025-04-02 00:00:00+00:00, run_after=2025-04-03 00:00:00+00:00
[2025-04-03T15:15:39.925+0000] {processor.py:208} INFO - Processing /home/hamza/Documents/project/Mlops/myenv/lib/python3.12/site-packages/airflow/example_dags/example_skip_dag.py took 0.132 seconds
[2025-04-03T15:17:18.100+0000] {processor.py:186} INFO - Started process (PID=41317) to work on /home/hamza/Documents/project/Mlops/myenv/lib/python3.12/site-packages/airflow/example_dags/example_skip_dag.py
[2025-04-03T15:17:18.101+0000] {processor.py:914} INFO - Processing file /home/hamza/Documents/project/Mlops/myenv/lib/python3.12/site-packages/airflow/example_dags/example_skip_dag.py for tasks to queue
[2025-04-03T15:17:18.106+0000] {logging_mixin.py:190} INFO - [2025-04-03T15:17:18.105+0000] {dagbag.py:588} INFO - Filling up the DagBag from /home/hamza/Documents/project/Mlops/myenv/lib/python3.12/site-packages/airflow/example_dags/example_skip_dag.py
[2025-04-03T15:17:18.121+0000] {processor.py:925} INFO - DAG(s) 'example_skip_dag' retrieved from /home/hamza/Documents/project/Mlops/myenv/lib/python3.12/site-packages/airflow/example_dags/example_skip_dag.py
[2025-04-03T15:17:18.153+0000] {logging_mixin.py:190} INFO - [2025-04-03T15:17:18.152+0000] {dag.py:3239} INFO - Sync 1 DAGs
[2025-04-03T15:17:18.188+0000] {logging_mixin.py:190} INFO - [2025-04-03T15:17:18.187+0000] {dag.py:4180} INFO - Setting next_dagrun for example_skip_dag to 2025-04-02 00:00:00+00:00, run_after=2025-04-03 00:00:00+00:00
[2025-04-03T15:17:18.224+0000] {processor.py:208} INFO - Processing /home/hamza/Documents/project/Mlops/myenv/lib/python3.12/site-packages/airflow/example_dags/example_skip_dag.py took 0.135 seconds
[2025-04-03T15:18:49.981+0000] {processor.py:186} INFO - Started process (PID=42278) to work on /home/hamza/Documents/project/Mlops/myenv/lib/python3.12/site-packages/airflow/example_dags/example_skip_dag.py
[2025-04-03T15:18:49.983+0000] {processor.py:914} INFO - Processing file /home/hamza/Documents/project/Mlops/myenv/lib/python3.12/site-packages/airflow/example_dags/example_skip_dag.py for tasks to queue
[2025-04-03T15:18:49.988+0000] {logging_mixin.py:190} INFO - [2025-04-03T15:18:49.987+0000] {dagbag.py:588} INFO - Filling up the DagBag from /home/hamza/Documents/project/Mlops/myenv/lib/python3.12/site-packages/airflow/example_dags/example_skip_dag.py
[2025-04-03T15:18:50.001+0000] {processor.py:925} INFO - DAG(s) 'example_skip_dag' retrieved from /home/hamza/Documents/project/Mlops/myenv/lib/python3.12/site-packages/airflow/example_dags/example_skip_dag.py
[2025-04-03T15:18:50.030+0000] {logging_mixin.py:190} INFO - [2025-04-03T15:18:50.029+0000] {dag.py:3239} INFO - Sync 1 DAGs
[2025-04-03T15:18:50.063+0000] {logging_mixin.py:190} INFO - [2025-04-03T15:18:50.063+0000] {dag.py:4180} INFO - Setting next_dagrun for example_skip_dag to 2025-04-02 00:00:00+00:00, run_after=2025-04-03 00:00:00+00:00
[2025-04-03T15:18:50.096+0000] {processor.py:208} INFO - Processing /home/hamza/Documents/project/Mlops/myenv/lib/python3.12/site-packages/airflow/example_dags/example_skip_dag.py took 0.126 seconds
[2025-04-03T15:20:21.318+0000] {processor.py:186} INFO - Started process (PID=43279) to work on /home/hamza/Documents/project/Mlops/myenv/lib/python3.12/site-packages/airflow/example_dags/example_skip_dag.py
[2025-04-03T15:20:21.320+0000] {processor.py:914} INFO - Processing file /home/hamza/Documents/project/Mlops/myenv/lib/python3.12/site-packages/airflow/example_dags/example_skip_dag.py for tasks to queue
[2025-04-03T15:20:21.324+0000] {logging_mixin.py:190} INFO - [2025-04-03T15:20:21.323+0000] {dagbag.py:588} INFO - Filling up the DagBag from /home/hamza/Documents/project/Mlops/myenv/lib/python3.12/site-packages/airflow/example_dags/example_skip_dag.py
[2025-04-03T15:20:21.335+0000] {processor.py:925} INFO - DAG(s) 'example_skip_dag' retrieved from /home/hamza/Documents/project/Mlops/myenv/lib/python3.12/site-packages/airflow/example_dags/example_skip_dag.py
[2025-04-03T15:20:21.359+0000] {logging_mixin.py:190} INFO - [2025-04-03T15:20:21.358+0000] {dag.py:3239} INFO - Sync 1 DAGs
[2025-04-03T15:20:21.387+0000] {logging_mixin.py:190} INFO - [2025-04-03T15:20:21.386+0000] {dag.py:4180} INFO - Setting next_dagrun for example_skip_dag to 2025-04-02 00:00:00+00:00, run_after=2025-04-03 00:00:00+00:00
[2025-04-03T15:20:21.418+0000] {processor.py:208} INFO - Processing /home/hamza/Documents/project/Mlops/myenv/lib/python3.12/site-packages/airflow/example_dags/example_skip_dag.py took 0.107 seconds
[2025-04-03T15:21:56.367+0000] {processor.py:186} INFO - Started process (PID=44185) to work on /home/hamza/Documents/project/Mlops/myenv/lib/python3.12/site-packages/airflow/example_dags/example_skip_dag.py
[2025-04-03T15:21:56.368+0000] {processor.py:914} INFO - Processing file /home/hamza/Documents/project/Mlops/myenv/lib/python3.12/site-packages/airflow/example_dags/example_skip_dag.py for tasks to queue
[2025-04-03T15:21:56.373+0000] {logging_mixin.py:190} INFO - [2025-04-03T15:21:56.372+0000] {dagbag.py:588} INFO - Filling up the DagBag from /home/hamza/Documents/project/Mlops/myenv/lib/python3.12/site-packages/airflow/example_dags/example_skip_dag.py
[2025-04-03T15:21:56.386+0000] {processor.py:925} INFO - DAG(s) 'example_skip_dag' retrieved from /home/hamza/Documents/project/Mlops/myenv/lib/python3.12/site-packages/airflow/example_dags/example_skip_dag.py
[2025-04-03T15:21:56.413+0000] {logging_mixin.py:190} INFO - [2025-04-03T15:21:56.413+0000] {dag.py:3239} INFO - Sync 1 DAGs
[2025-04-03T15:21:56.447+0000] {logging_mixin.py:190} INFO - [2025-04-03T15:21:56.447+0000] {dag.py:4180} INFO - Setting next_dagrun for example_skip_dag to 2025-04-02 00:00:00+00:00, run_after=2025-04-03 00:00:00+00:00
[2025-04-03T15:21:56.481+0000] {processor.py:208} INFO - Processing /home/hamza/Documents/project/Mlops/myenv/lib/python3.12/site-packages/airflow/example_dags/example_skip_dag.py took 0.123 seconds
[2025-04-03T15:23:34.055+0000] {processor.py:186} INFO - Started process (PID=45123) to work on /home/hamza/Documents/project/Mlops/myenv/lib/python3.12/site-packages/airflow/example_dags/example_skip_dag.py
[2025-04-03T15:23:34.058+0000] {processor.py:914} INFO - Processing file /home/hamza/Documents/project/Mlops/myenv/lib/python3.12/site-packages/airflow/example_dags/example_skip_dag.py for tasks to queue
[2025-04-03T15:23:34.063+0000] {logging_mixin.py:190} INFO - [2025-04-03T15:23:34.062+0000] {dagbag.py:588} INFO - Filling up the DagBag from /home/hamza/Documents/project/Mlops/myenv/lib/python3.12/site-packages/airflow/example_dags/example_skip_dag.py
[2025-04-03T15:23:34.076+0000] {processor.py:925} INFO - DAG(s) 'example_skip_dag' retrieved from /home/hamza/Documents/project/Mlops/myenv/lib/python3.12/site-packages/airflow/example_dags/example_skip_dag.py
[2025-04-03T15:23:34.104+0000] {logging_mixin.py:190} INFO - [2025-04-03T15:23:34.104+0000] {dag.py:3239} INFO - Sync 1 DAGs
[2025-04-03T15:23:34.137+0000] {logging_mixin.py:190} INFO - [2025-04-03T15:23:34.136+0000] {dag.py:4180} INFO - Setting next_dagrun for example_skip_dag to 2025-04-02 00:00:00+00:00, run_after=2025-04-03 00:00:00+00:00
[2025-04-03T15:23:34.170+0000] {processor.py:208} INFO - Processing /home/hamza/Documents/project/Mlops/myenv/lib/python3.12/site-packages/airflow/example_dags/example_skip_dag.py took 0.124 seconds
[2025-04-03T15:25:07.871+0000] {processor.py:186} INFO - Started process (PID=46040) to work on /home/hamza/Documents/project/Mlops/myenv/lib/python3.12/site-packages/airflow/example_dags/example_skip_dag.py
[2025-04-03T15:25:07.874+0000] {processor.py:914} INFO - Processing file /home/hamza/Documents/project/Mlops/myenv/lib/python3.12/site-packages/airflow/example_dags/example_skip_dag.py for tasks to queue
[2025-04-03T15:25:07.879+0000] {logging_mixin.py:190} INFO - [2025-04-03T15:25:07.878+0000] {dagbag.py:588} INFO - Filling up the DagBag from /home/hamza/Documents/project/Mlops/myenv/lib/python3.12/site-packages/airflow/example_dags/example_skip_dag.py
[2025-04-03T15:25:07.892+0000] {processor.py:925} INFO - DAG(s) 'example_skip_dag' retrieved from /home/hamza/Documents/project/Mlops/myenv/lib/python3.12/site-packages/airflow/example_dags/example_skip_dag.py
[2025-04-03T15:25:07.921+0000] {logging_mixin.py:190} INFO - [2025-04-03T15:25:07.921+0000] {dag.py:3239} INFO - Sync 1 DAGs
[2025-04-03T15:25:07.954+0000] {logging_mixin.py:190} INFO - [2025-04-03T15:25:07.953+0000] {dag.py:4180} INFO - Setting next_dagrun for example_skip_dag to 2025-04-02 00:00:00+00:00, run_after=2025-04-03 00:00:00+00:00
[2025-04-03T15:25:07.987+0000] {processor.py:208} INFO - Processing /home/hamza/Documents/project/Mlops/myenv/lib/python3.12/site-packages/airflow/example_dags/example_skip_dag.py took 0.125 seconds
[2025-04-03T16:31:13.526+0000] {processor.py:186} INFO - Started process (PID=82678) to work on /home/hamza/Documents/project/Mlops/myenv/lib/python3.12/site-packages/airflow/example_dags/example_skip_dag.py
[2025-04-03T16:31:13.527+0000] {processor.py:914} INFO - Processing file /home/hamza/Documents/project/Mlops/myenv/lib/python3.12/site-packages/airflow/example_dags/example_skip_dag.py for tasks to queue
[2025-04-03T16:31:13.531+0000] {logging_mixin.py:190} INFO - [2025-04-03T16:31:13.530+0000] {dagbag.py:588} INFO - Filling up the DagBag from /home/hamza/Documents/project/Mlops/myenv/lib/python3.12/site-packages/airflow/example_dags/example_skip_dag.py
[2025-04-03T16:31:13.547+0000] {processor.py:925} INFO - DAG(s) 'example_skip_dag' retrieved from /home/hamza/Documents/project/Mlops/myenv/lib/python3.12/site-packages/airflow/example_dags/example_skip_dag.py
[2025-04-03T16:31:13.579+0000] {logging_mixin.py:190} INFO - [2025-04-03T16:31:13.578+0000] {dag.py:3239} INFO - Sync 1 DAGs
[2025-04-03T16:31:13.615+0000] {logging_mixin.py:190} INFO - [2025-04-03T16:31:13.615+0000] {dag.py:4180} INFO - Setting next_dagrun for example_skip_dag to 2025-04-02 00:00:00+00:00, run_after=2025-04-03 00:00:00+00:00
[2025-04-03T16:31:13.657+0000] {processor.py:208} INFO - Processing /home/hamza/Documents/project/Mlops/myenv/lib/python3.12/site-packages/airflow/example_dags/example_skip_dag.py took 0.141 seconds
[2025-04-03T16:33:53.139+0000] {processor.py:186} INFO - Started process (PID=84182) to work on /home/hamza/Documents/project/Mlops/myenv/lib/python3.12/site-packages/airflow/example_dags/example_skip_dag.py
[2025-04-03T16:33:53.140+0000] {processor.py:914} INFO - Processing file /home/hamza/Documents/project/Mlops/myenv/lib/python3.12/site-packages/airflow/example_dags/example_skip_dag.py for tasks to queue
[2025-04-03T16:33:53.144+0000] {logging_mixin.py:190} INFO - [2025-04-03T16:33:53.143+0000] {dagbag.py:588} INFO - Filling up the DagBag from /home/hamza/Documents/project/Mlops/myenv/lib/python3.12/site-packages/airflow/example_dags/example_skip_dag.py
[2025-04-03T16:33:53.160+0000] {processor.py:925} INFO - DAG(s) 'example_skip_dag' retrieved from /home/hamza/Documents/project/Mlops/myenv/lib/python3.12/site-packages/airflow/example_dags/example_skip_dag.py
[2025-04-03T16:33:53.197+0000] {logging_mixin.py:190} INFO - [2025-04-03T16:33:53.197+0000] {dag.py:3239} INFO - Sync 1 DAGs
[2025-04-03T16:33:53.244+0000] {logging_mixin.py:190} INFO - [2025-04-03T16:33:53.244+0000] {dag.py:4180} INFO - Setting next_dagrun for example_skip_dag to 2025-04-02 00:00:00+00:00, run_after=2025-04-03 00:00:00+00:00
[2025-04-03T16:33:53.290+0000] {processor.py:208} INFO - Processing /home/hamza/Documents/project/Mlops/myenv/lib/python3.12/site-packages/airflow/example_dags/example_skip_dag.py took 0.161 seconds
[2025-04-03T16:35:24.122+0000] {processor.py:186} INFO - Started process (PID=84897) to work on /home/hamza/Documents/project/Mlops/myenv/lib/python3.12/site-packages/airflow/example_dags/example_skip_dag.py
[2025-04-03T16:35:24.124+0000] {processor.py:914} INFO - Processing file /home/hamza/Documents/project/Mlops/myenv/lib/python3.12/site-packages/airflow/example_dags/example_skip_dag.py for tasks to queue
[2025-04-03T16:35:24.128+0000] {logging_mixin.py:190} INFO - [2025-04-03T16:35:24.127+0000] {dagbag.py:588} INFO - Filling up the DagBag from /home/hamza/Documents/project/Mlops/myenv/lib/python3.12/site-packages/airflow/example_dags/example_skip_dag.py
[2025-04-03T16:35:24.148+0000] {processor.py:925} INFO - DAG(s) 'example_skip_dag' retrieved from /home/hamza/Documents/project/Mlops/myenv/lib/python3.12/site-packages/airflow/example_dags/example_skip_dag.py
[2025-04-03T16:35:24.181+0000] {logging_mixin.py:190} INFO - [2025-04-03T16:35:24.180+0000] {dag.py:3239} INFO - Sync 1 DAGs
[2025-04-03T16:35:24.224+0000] {logging_mixin.py:190} INFO - [2025-04-03T16:35:24.223+0000] {dag.py:4180} INFO - Setting next_dagrun for example_skip_dag to 2025-04-02 00:00:00+00:00, run_after=2025-04-03 00:00:00+00:00
[2025-04-03T16:35:24.276+0000] {processor.py:208} INFO - Processing /home/hamza/Documents/project/Mlops/myenv/lib/python3.12/site-packages/airflow/example_dags/example_skip_dag.py took 0.163 seconds
[2025-04-03T16:36:59.267+0000] {processor.py:186} INFO - Started process (PID=85745) to work on /home/hamza/Documents/project/Mlops/myenv/lib/python3.12/site-packages/airflow/example_dags/example_skip_dag.py
[2025-04-03T16:36:59.269+0000] {processor.py:914} INFO - Processing file /home/hamza/Documents/project/Mlops/myenv/lib/python3.12/site-packages/airflow/example_dags/example_skip_dag.py for tasks to queue
[2025-04-03T16:36:59.275+0000] {logging_mixin.py:190} INFO - [2025-04-03T16:36:59.274+0000] {dagbag.py:588} INFO - Filling up the DagBag from /home/hamza/Documents/project/Mlops/myenv/lib/python3.12/site-packages/airflow/example_dags/example_skip_dag.py
[2025-04-03T16:36:59.290+0000] {processor.py:925} INFO - DAG(s) 'example_skip_dag' retrieved from /home/hamza/Documents/project/Mlops/myenv/lib/python3.12/site-packages/airflow/example_dags/example_skip_dag.py
[2025-04-03T16:36:59.320+0000] {logging_mixin.py:190} INFO - [2025-04-03T16:36:59.319+0000] {dag.py:3239} INFO - Sync 1 DAGs
[2025-04-03T16:36:59.357+0000] {logging_mixin.py:190} INFO - [2025-04-03T16:36:59.357+0000] {dag.py:4180} INFO - Setting next_dagrun for example_skip_dag to 2025-04-02 00:00:00+00:00, run_after=2025-04-03 00:00:00+00:00
[2025-04-03T16:36:59.397+0000] {processor.py:208} INFO - Processing /home/hamza/Documents/project/Mlops/myenv/lib/python3.12/site-packages/airflow/example_dags/example_skip_dag.py took 0.140 seconds
[2025-04-03T16:38:28.149+0000] {processor.py:186} INFO - Started process (PID=86504) to work on /home/hamza/Documents/project/Mlops/myenv/lib/python3.12/site-packages/airflow/example_dags/example_skip_dag.py
[2025-04-03T16:38:28.152+0000] {processor.py:914} INFO - Processing file /home/hamza/Documents/project/Mlops/myenv/lib/python3.12/site-packages/airflow/example_dags/example_skip_dag.py for tasks to queue
[2025-04-03T16:38:28.157+0000] {logging_mixin.py:190} INFO - [2025-04-03T16:38:28.156+0000] {dagbag.py:588} INFO - Filling up the DagBag from /home/hamza/Documents/project/Mlops/myenv/lib/python3.12/site-packages/airflow/example_dags/example_skip_dag.py
[2025-04-03T16:38:28.171+0000] {processor.py:925} INFO - DAG(s) 'example_skip_dag' retrieved from /home/hamza/Documents/project/Mlops/myenv/lib/python3.12/site-packages/airflow/example_dags/example_skip_dag.py
[2025-04-03T16:38:28.203+0000] {logging_mixin.py:190} INFO - [2025-04-03T16:38:28.202+0000] {dag.py:3239} INFO - Sync 1 DAGs
[2025-04-03T16:38:28.241+0000] {logging_mixin.py:190} INFO - [2025-04-03T16:38:28.241+0000] {dag.py:4180} INFO - Setting next_dagrun for example_skip_dag to 2025-04-02 00:00:00+00:00, run_after=2025-04-03 00:00:00+00:00
[2025-04-03T16:38:28.278+0000] {processor.py:208} INFO - Processing /home/hamza/Documents/project/Mlops/myenv/lib/python3.12/site-packages/airflow/example_dags/example_skip_dag.py took 0.139 seconds
[2025-04-03T16:39:59.231+0000] {processor.py:186} INFO - Started process (PID=87765) to work on /home/hamza/Documents/project/Mlops/myenv/lib/python3.12/site-packages/airflow/example_dags/example_skip_dag.py
[2025-04-03T16:39:59.233+0000] {processor.py:914} INFO - Processing file /home/hamza/Documents/project/Mlops/myenv/lib/python3.12/site-packages/airflow/example_dags/example_skip_dag.py for tasks to queue
[2025-04-03T16:39:59.238+0000] {logging_mixin.py:190} INFO - [2025-04-03T16:39:59.237+0000] {dagbag.py:588} INFO - Filling up the DagBag from /home/hamza/Documents/project/Mlops/myenv/lib/python3.12/site-packages/airflow/example_dags/example_skip_dag.py
[2025-04-03T16:39:59.256+0000] {processor.py:925} INFO - DAG(s) 'example_skip_dag' retrieved from /home/hamza/Documents/project/Mlops/myenv/lib/python3.12/site-packages/airflow/example_dags/example_skip_dag.py
[2025-04-03T16:39:59.293+0000] {logging_mixin.py:190} INFO - [2025-04-03T16:39:59.292+0000] {dag.py:3239} INFO - Sync 1 DAGs
[2025-04-03T16:39:59.338+0000] {logging_mixin.py:190} INFO - [2025-04-03T16:39:59.338+0000] {dag.py:4180} INFO - Setting next_dagrun for example_skip_dag to 2025-04-02 00:00:00+00:00, run_after=2025-04-03 00:00:00+00:00
[2025-04-03T16:39:59.383+0000] {processor.py:208} INFO - Processing /home/hamza/Documents/project/Mlops/myenv/lib/python3.12/site-packages/airflow/example_dags/example_skip_dag.py took 0.161 seconds
[2025-04-03T16:41:39.868+0000] {processor.py:186} INFO - Started process (PID=88738) to work on /home/hamza/Documents/project/Mlops/myenv/lib/python3.12/site-packages/airflow/example_dags/example_skip_dag.py
[2025-04-03T16:41:39.869+0000] {processor.py:914} INFO - Processing file /home/hamza/Documents/project/Mlops/myenv/lib/python3.12/site-packages/airflow/example_dags/example_skip_dag.py for tasks to queue
[2025-04-03T16:41:39.873+0000] {logging_mixin.py:190} INFO - [2025-04-03T16:41:39.872+0000] {dagbag.py:588} INFO - Filling up the DagBag from /home/hamza/Documents/project/Mlops/myenv/lib/python3.12/site-packages/airflow/example_dags/example_skip_dag.py
[2025-04-03T16:41:39.888+0000] {processor.py:925} INFO - DAG(s) 'example_skip_dag' retrieved from /home/hamza/Documents/project/Mlops/myenv/lib/python3.12/site-packages/airflow/example_dags/example_skip_dag.py
[2025-04-03T16:41:39.919+0000] {logging_mixin.py:190} INFO - [2025-04-03T16:41:39.919+0000] {dag.py:3239} INFO - Sync 1 DAGs
[2025-04-03T16:41:39.955+0000] {logging_mixin.py:190} INFO - [2025-04-03T16:41:39.954+0000] {dag.py:4180} INFO - Setting next_dagrun for example_skip_dag to 2025-04-02 00:00:00+00:00, run_after=2025-04-03 00:00:00+00:00
[2025-04-03T16:41:39.990+0000] {processor.py:208} INFO - Processing /home/hamza/Documents/project/Mlops/myenv/lib/python3.12/site-packages/airflow/example_dags/example_skip_dag.py took 0.132 seconds
[2025-04-03T16:43:13.106+0000] {processor.py:186} INFO - Started process (PID=89471) to work on /home/hamza/Documents/project/Mlops/myenv/lib/python3.12/site-packages/airflow/example_dags/example_skip_dag.py
[2025-04-03T16:43:13.107+0000] {processor.py:914} INFO - Processing file /home/hamza/Documents/project/Mlops/myenv/lib/python3.12/site-packages/airflow/example_dags/example_skip_dag.py for tasks to queue
[2025-04-03T16:43:13.111+0000] {logging_mixin.py:190} INFO - [2025-04-03T16:43:13.110+0000] {dagbag.py:588} INFO - Filling up the DagBag from /home/hamza/Documents/project/Mlops/myenv/lib/python3.12/site-packages/airflow/example_dags/example_skip_dag.py
[2025-04-03T16:43:13.127+0000] {processor.py:925} INFO - DAG(s) 'example_skip_dag' retrieved from /home/hamza/Documents/project/Mlops/myenv/lib/python3.12/site-packages/airflow/example_dags/example_skip_dag.py
[2025-04-03T16:43:13.159+0000] {logging_mixin.py:190} INFO - [2025-04-03T16:43:13.159+0000] {dag.py:3239} INFO - Sync 1 DAGs
[2025-04-03T16:43:13.195+0000] {logging_mixin.py:190} INFO - [2025-04-03T16:43:13.194+0000] {dag.py:4180} INFO - Setting next_dagrun for example_skip_dag to 2025-04-02 00:00:00+00:00, run_after=2025-04-03 00:00:00+00:00
[2025-04-03T16:43:13.231+0000] {processor.py:208} INFO - Processing /home/hamza/Documents/project/Mlops/myenv/lib/python3.12/site-packages/airflow/example_dags/example_skip_dag.py took 0.135 seconds
[2025-04-03T16:44:50.449+0000] {processor.py:186} INFO - Started process (PID=90223) to work on /home/hamza/Documents/project/Mlops/myenv/lib/python3.12/site-packages/airflow/example_dags/example_skip_dag.py
[2025-04-03T16:44:50.451+0000] {processor.py:914} INFO - Processing file /home/hamza/Documents/project/Mlops/myenv/lib/python3.12/site-packages/airflow/example_dags/example_skip_dag.py for tasks to queue
[2025-04-03T16:44:50.455+0000] {logging_mixin.py:190} INFO - [2025-04-03T16:44:50.454+0000] {dagbag.py:588} INFO - Filling up the DagBag from /home/hamza/Documents/project/Mlops/myenv/lib/python3.12/site-packages/airflow/example_dags/example_skip_dag.py
[2025-04-03T16:44:50.472+0000] {processor.py:925} INFO - DAG(s) 'example_skip_dag' retrieved from /home/hamza/Documents/project/Mlops/myenv/lib/python3.12/site-packages/airflow/example_dags/example_skip_dag.py
[2025-04-03T16:44:50.503+0000] {logging_mixin.py:190} INFO - [2025-04-03T16:44:50.502+0000] {dag.py:3239} INFO - Sync 1 DAGs
[2025-04-03T16:44:50.539+0000] {logging_mixin.py:190} INFO - [2025-04-03T16:44:50.538+0000] {dag.py:4180} INFO - Setting next_dagrun for example_skip_dag to 2025-04-02 00:00:00+00:00, run_after=2025-04-03 00:00:00+00:00
[2025-04-03T16:44:50.579+0000] {processor.py:208} INFO - Processing /home/hamza/Documents/project/Mlops/myenv/lib/python3.12/site-packages/airflow/example_dags/example_skip_dag.py took 0.141 seconds
[2025-04-03T16:46:25.212+0000] {processor.py:186} INFO - Started process (PID=91058) to work on /home/hamza/Documents/project/Mlops/myenv/lib/python3.12/site-packages/airflow/example_dags/example_skip_dag.py
[2025-04-03T16:46:25.213+0000] {processor.py:914} INFO - Processing file /home/hamza/Documents/project/Mlops/myenv/lib/python3.12/site-packages/airflow/example_dags/example_skip_dag.py for tasks to queue
[2025-04-03T16:46:25.217+0000] {logging_mixin.py:190} INFO - [2025-04-03T16:46:25.216+0000] {dagbag.py:588} INFO - Filling up the DagBag from /home/hamza/Documents/project/Mlops/myenv/lib/python3.12/site-packages/airflow/example_dags/example_skip_dag.py
[2025-04-03T16:46:25.232+0000] {processor.py:925} INFO - DAG(s) 'example_skip_dag' retrieved from /home/hamza/Documents/project/Mlops/myenv/lib/python3.12/site-packages/airflow/example_dags/example_skip_dag.py
[2025-04-03T16:46:25.261+0000] {logging_mixin.py:190} INFO - [2025-04-03T16:46:25.261+0000] {dag.py:3239} INFO - Sync 1 DAGs
[2025-04-03T16:46:25.297+0000] {logging_mixin.py:190} INFO - [2025-04-03T16:46:25.297+0000] {dag.py:4180} INFO - Setting next_dagrun for example_skip_dag to 2025-04-02 00:00:00+00:00, run_after=2025-04-03 00:00:00+00:00
[2025-04-03T16:46:25.334+0000] {processor.py:208} INFO - Processing /home/hamza/Documents/project/Mlops/myenv/lib/python3.12/site-packages/airflow/example_dags/example_skip_dag.py took 0.132 seconds
[2025-04-03T16:47:59.481+0000] {processor.py:186} INFO - Started process (PID=91898) to work on /home/hamza/Documents/project/Mlops/myenv/lib/python3.12/site-packages/airflow/example_dags/example_skip_dag.py
[2025-04-03T16:47:59.482+0000] {processor.py:914} INFO - Processing file /home/hamza/Documents/project/Mlops/myenv/lib/python3.12/site-packages/airflow/example_dags/example_skip_dag.py for tasks to queue
[2025-04-03T16:47:59.486+0000] {logging_mixin.py:190} INFO - [2025-04-03T16:47:59.485+0000] {dagbag.py:588} INFO - Filling up the DagBag from /home/hamza/Documents/project/Mlops/myenv/lib/python3.12/site-packages/airflow/example_dags/example_skip_dag.py
[2025-04-03T16:47:59.502+0000] {processor.py:925} INFO - DAG(s) 'example_skip_dag' retrieved from /home/hamza/Documents/project/Mlops/myenv/lib/python3.12/site-packages/airflow/example_dags/example_skip_dag.py
[2025-04-03T16:47:59.535+0000] {logging_mixin.py:190} INFO - [2025-04-03T16:47:59.534+0000] {dag.py:3239} INFO - Sync 1 DAGs
[2025-04-03T16:47:59.575+0000] {logging_mixin.py:190} INFO - [2025-04-03T16:47:59.574+0000] {dag.py:4180} INFO - Setting next_dagrun for example_skip_dag to 2025-04-02 00:00:00+00:00, run_after=2025-04-03 00:00:00+00:00
[2025-04-03T16:47:59.616+0000] {processor.py:208} INFO - Processing /home/hamza/Documents/project/Mlops/myenv/lib/python3.12/site-packages/airflow/example_dags/example_skip_dag.py took 0.145 seconds
[2025-04-03T16:49:42.829+0000] {processor.py:186} INFO - Started process (PID=92775) to work on /home/hamza/Documents/project/Mlops/myenv/lib/python3.12/site-packages/airflow/example_dags/example_skip_dag.py
[2025-04-03T16:49:42.830+0000] {processor.py:914} INFO - Processing file /home/hamza/Documents/project/Mlops/myenv/lib/python3.12/site-packages/airflow/example_dags/example_skip_dag.py for tasks to queue
[2025-04-03T16:49:42.834+0000] {logging_mixin.py:190} INFO - [2025-04-03T16:49:42.833+0000] {dagbag.py:588} INFO - Filling up the DagBag from /home/hamza/Documents/project/Mlops/myenv/lib/python3.12/site-packages/airflow/example_dags/example_skip_dag.py
[2025-04-03T16:49:42.849+0000] {processor.py:925} INFO - DAG(s) 'example_skip_dag' retrieved from /home/hamza/Documents/project/Mlops/myenv/lib/python3.12/site-packages/airflow/example_dags/example_skip_dag.py
[2025-04-03T16:49:42.878+0000] {logging_mixin.py:190} INFO - [2025-04-03T16:49:42.877+0000] {dag.py:3239} INFO - Sync 1 DAGs
[2025-04-03T16:49:42.910+0000] {logging_mixin.py:190} INFO - [2025-04-03T16:49:42.910+0000] {dag.py:4180} INFO - Setting next_dagrun for example_skip_dag to 2025-04-02 00:00:00+00:00, run_after=2025-04-03 00:00:00+00:00
[2025-04-03T16:49:42.945+0000] {processor.py:208} INFO - Processing /home/hamza/Documents/project/Mlops/myenv/lib/python3.12/site-packages/airflow/example_dags/example_skip_dag.py took 0.125 seconds
[2025-04-03T16:51:18.406+0000] {processor.py:186} INFO - Started process (PID=93571) to work on /home/hamza/Documents/project/Mlops/myenv/lib/python3.12/site-packages/airflow/example_dags/example_skip_dag.py
[2025-04-03T16:51:18.407+0000] {processor.py:914} INFO - Processing file /home/hamza/Documents/project/Mlops/myenv/lib/python3.12/site-packages/airflow/example_dags/example_skip_dag.py for tasks to queue
[2025-04-03T16:51:18.411+0000] {logging_mixin.py:190} INFO - [2025-04-03T16:51:18.410+0000] {dagbag.py:588} INFO - Filling up the DagBag from /home/hamza/Documents/project/Mlops/myenv/lib/python3.12/site-packages/airflow/example_dags/example_skip_dag.py
[2025-04-03T16:51:18.426+0000] {processor.py:925} INFO - DAG(s) 'example_skip_dag' retrieved from /home/hamza/Documents/project/Mlops/myenv/lib/python3.12/site-packages/airflow/example_dags/example_skip_dag.py
[2025-04-03T16:51:18.457+0000] {logging_mixin.py:190} INFO - [2025-04-03T16:51:18.456+0000] {dag.py:3239} INFO - Sync 1 DAGs
[2025-04-03T16:51:18.496+0000] {logging_mixin.py:190} INFO - [2025-04-03T16:51:18.495+0000] {dag.py:4180} INFO - Setting next_dagrun for example_skip_dag to 2025-04-02 00:00:00+00:00, run_after=2025-04-03 00:00:00+00:00
[2025-04-03T16:51:18.534+0000] {processor.py:208} INFO - Processing /home/hamza/Documents/project/Mlops/myenv/lib/python3.12/site-packages/airflow/example_dags/example_skip_dag.py took 0.138 seconds
[2025-04-03T16:53:00.399+0000] {processor.py:186} INFO - Started process (PID=94417) to work on /home/hamza/Documents/project/Mlops/myenv/lib/python3.12/site-packages/airflow/example_dags/example_skip_dag.py
[2025-04-03T16:53:00.401+0000] {processor.py:914} INFO - Processing file /home/hamza/Documents/project/Mlops/myenv/lib/python3.12/site-packages/airflow/example_dags/example_skip_dag.py for tasks to queue
[2025-04-03T16:53:00.405+0000] {logging_mixin.py:190} INFO - [2025-04-03T16:53:00.404+0000] {dagbag.py:588} INFO - Filling up the DagBag from /home/hamza/Documents/project/Mlops/myenv/lib/python3.12/site-packages/airflow/example_dags/example_skip_dag.py
[2025-04-03T16:53:00.424+0000] {processor.py:925} INFO - DAG(s) 'example_skip_dag' retrieved from /home/hamza/Documents/project/Mlops/myenv/lib/python3.12/site-packages/airflow/example_dags/example_skip_dag.py
[2025-04-03T16:53:00.456+0000] {logging_mixin.py:190} INFO - [2025-04-03T16:53:00.456+0000] {dag.py:3239} INFO - Sync 1 DAGs
[2025-04-03T16:53:00.499+0000] {logging_mixin.py:190} INFO - [2025-04-03T16:53:00.498+0000] {dag.py:4180} INFO - Setting next_dagrun for example_skip_dag to 2025-04-02 00:00:00+00:00, run_after=2025-04-03 00:00:00+00:00
[2025-04-03T16:53:00.539+0000] {processor.py:208} INFO - Processing /home/hamza/Documents/project/Mlops/myenv/lib/python3.12/site-packages/airflow/example_dags/example_skip_dag.py took 0.150 seconds
[2025-04-03T16:54:40.432+0000] {processor.py:186} INFO - Started process (PID=95462) to work on /home/hamza/Documents/project/Mlops/myenv/lib/python3.12/site-packages/airflow/example_dags/example_skip_dag.py
[2025-04-03T16:54:40.433+0000] {processor.py:914} INFO - Processing file /home/hamza/Documents/project/Mlops/myenv/lib/python3.12/site-packages/airflow/example_dags/example_skip_dag.py for tasks to queue
[2025-04-03T16:54:40.437+0000] {logging_mixin.py:190} INFO - [2025-04-03T16:54:40.436+0000] {dagbag.py:588} INFO - Filling up the DagBag from /home/hamza/Documents/project/Mlops/myenv/lib/python3.12/site-packages/airflow/example_dags/example_skip_dag.py
[2025-04-03T16:54:40.452+0000] {processor.py:925} INFO - DAG(s) 'example_skip_dag' retrieved from /home/hamza/Documents/project/Mlops/myenv/lib/python3.12/site-packages/airflow/example_dags/example_skip_dag.py
[2025-04-03T16:54:40.480+0000] {logging_mixin.py:190} INFO - [2025-04-03T16:54:40.480+0000] {dag.py:3239} INFO - Sync 1 DAGs
[2025-04-03T16:54:40.517+0000] {logging_mixin.py:190} INFO - [2025-04-03T16:54:40.517+0000] {dag.py:4180} INFO - Setting next_dagrun for example_skip_dag to 2025-04-02 00:00:00+00:00, run_after=2025-04-03 00:00:00+00:00
[2025-04-03T16:54:40.554+0000] {processor.py:208} INFO - Processing /home/hamza/Documents/project/Mlops/myenv/lib/python3.12/site-packages/airflow/example_dags/example_skip_dag.py took 0.131 seconds
[2025-04-03T16:56:19.137+0000] {processor.py:186} INFO - Started process (PID=96277) to work on /home/hamza/Documents/project/Mlops/myenv/lib/python3.12/site-packages/airflow/example_dags/example_skip_dag.py
[2025-04-03T16:56:19.139+0000] {processor.py:914} INFO - Processing file /home/hamza/Documents/project/Mlops/myenv/lib/python3.12/site-packages/airflow/example_dags/example_skip_dag.py for tasks to queue
[2025-04-03T16:56:19.144+0000] {logging_mixin.py:190} INFO - [2025-04-03T16:56:19.143+0000] {dagbag.py:588} INFO - Filling up the DagBag from /home/hamza/Documents/project/Mlops/myenv/lib/python3.12/site-packages/airflow/example_dags/example_skip_dag.py
[2025-04-03T16:56:19.158+0000] {processor.py:925} INFO - DAG(s) 'example_skip_dag' retrieved from /home/hamza/Documents/project/Mlops/myenv/lib/python3.12/site-packages/airflow/example_dags/example_skip_dag.py
[2025-04-03T16:56:19.187+0000] {logging_mixin.py:190} INFO - [2025-04-03T16:56:19.186+0000] {dag.py:3239} INFO - Sync 1 DAGs
[2025-04-03T16:56:19.219+0000] {logging_mixin.py:190} INFO - [2025-04-03T16:56:19.219+0000] {dag.py:4180} INFO - Setting next_dagrun for example_skip_dag to 2025-04-02 00:00:00+00:00, run_after=2025-04-03 00:00:00+00:00
[2025-04-03T16:56:19.254+0000] {processor.py:208} INFO - Processing /home/hamza/Documents/project/Mlops/myenv/lib/python3.12/site-packages/airflow/example_dags/example_skip_dag.py took 0.126 seconds
