[2025-04-03T13:43:45.538+0000] {processor.py:186} INFO - Started process (PID=98512) to work on /home/hamza/Documents/project/Mlops/myenv/lib/python3.12/site-packages/airflow/example_dags/example_outlet_event_extra.py
[2025-04-03T13:43:45.539+0000] {processor.py:914} INFO - Processing file /home/hamza/Documents/project/Mlops/myenv/lib/python3.12/site-packages/airflow/example_dags/example_outlet_event_extra.py for tasks to queue
[2025-04-03T13:43:45.544+0000] {logging_mixin.py:190} INFO - [2025-04-03T13:43:45.543+0000] {dagbag.py:588} INFO - Filling up the DagBag from /home/hamza/Documents/project/Mlops/myenv/lib/python3.12/site-packages/airflow/example_dags/example_outlet_event_extra.py
[2025-04-03T13:43:45.575+0000] {processor.py:925} INFO - DAG(s) 'dataset_with_extra_by_context', 'dataset_with_extra_from_classic_operator', 'dataset_with_extra_by_yield' retrieved from /home/hamza/Documents/project/Mlops/myenv/lib/python3.12/site-packages/airflow/example_dags/example_outlet_event_extra.py
[2025-04-03T13:43:45.791+0000] {logging_mixin.py:190} INFO - [2025-04-03T13:43:45.790+0000] {override.py:1930} INFO - Created Permission View: can delete on DAG:dataset_with_extra_by_context
[2025-04-03T13:43:45.828+0000] {logging_mixin.py:190} INFO - [2025-04-03T13:43:45.827+0000] {override.py:1930} INFO - Created Permission View: can read on DAG:dataset_with_extra_by_context
[2025-04-03T13:43:45.858+0000] {logging_mixin.py:190} INFO - [2025-04-03T13:43:45.857+0000] {override.py:1930} INFO - Created Permission View: can edit on DAG:dataset_with_extra_by_context
[2025-04-03T13:43:45.917+0000] {logging_mixin.py:190} INFO - [2025-04-03T13:43:45.916+0000] {override.py:1930} INFO - Created Permission View: can delete on DAG Run:dataset_with_extra_by_context
[2025-04-03T13:43:45.953+0000] {logging_mixin.py:190} INFO - [2025-04-03T13:43:45.952+0000] {override.py:1930} INFO - Created Permission View: can read on DAG Run:dataset_with_extra_by_context
[2025-04-03T13:43:45.978+0000] {logging_mixin.py:190} INFO - [2025-04-03T13:43:45.977+0000] {override.py:1930} INFO - Created Permission View: menu access on DAG Run:dataset_with_extra_by_context
[2025-04-03T13:43:46.006+0000] {logging_mixin.py:190} INFO - [2025-04-03T13:43:46.005+0000] {override.py:1930} INFO - Created Permission View: can create on DAG Run:dataset_with_extra_by_context
[2025-04-03T13:43:46.051+0000] {logging_mixin.py:190} INFO - [2025-04-03T13:43:46.050+0000] {override.py:1930} INFO - Created Permission View: can delete on DAG:dataset_with_extra_from_classic_operator
[2025-04-03T13:43:46.070+0000] {logging_mixin.py:190} INFO - [2025-04-03T13:43:46.069+0000] {override.py:1930} INFO - Created Permission View: can read on DAG:dataset_with_extra_from_classic_operator
[2025-04-03T13:43:46.087+0000] {logging_mixin.py:190} INFO - [2025-04-03T13:43:46.086+0000] {override.py:1930} INFO - Created Permission View: can edit on DAG:dataset_with_extra_from_classic_operator
[2025-04-03T13:43:46.115+0000] {logging_mixin.py:190} INFO - [2025-04-03T13:43:46.113+0000] {override.py:1930} INFO - Created Permission View: can delete on DAG Run:dataset_with_extra_from_classic_operator
[2025-04-03T13:43:46.135+0000] {logging_mixin.py:190} INFO - [2025-04-03T13:43:46.133+0000] {override.py:1930} INFO - Created Permission View: can read on DAG Run:dataset_with_extra_from_classic_operator
[2025-04-03T13:43:46.159+0000] {logging_mixin.py:190} INFO - [2025-04-03T13:43:46.158+0000] {override.py:1930} INFO - Created Permission View: menu access on DAG Run:dataset_with_extra_from_classic_operator
[2025-04-03T13:43:46.182+0000] {logging_mixin.py:190} INFO - [2025-04-03T13:43:46.181+0000] {override.py:1930} INFO - Created Permission View: can create on DAG Run:dataset_with_extra_from_classic_operator
[2025-04-03T13:43:46.220+0000] {logging_mixin.py:190} INFO - [2025-04-03T13:43:46.219+0000] {override.py:1930} INFO - Created Permission View: can delete on DAG:dataset_with_extra_by_yield
[2025-04-03T13:43:46.236+0000] {logging_mixin.py:190} INFO - [2025-04-03T13:43:46.236+0000] {override.py:1930} INFO - Created Permission View: can read on DAG:dataset_with_extra_by_yield
[2025-04-03T13:43:46.255+0000] {logging_mixin.py:190} INFO - [2025-04-03T13:43:46.254+0000] {override.py:1930} INFO - Created Permission View: can edit on DAG:dataset_with_extra_by_yield
[2025-04-03T13:43:46.275+0000] {logging_mixin.py:190} INFO - [2025-04-03T13:43:46.275+0000] {override.py:1930} INFO - Created Permission View: can delete on DAG Run:dataset_with_extra_by_yield
[2025-04-03T13:43:46.289+0000] {logging_mixin.py:190} INFO - [2025-04-03T13:43:46.288+0000] {override.py:1930} INFO - Created Permission View: can read on DAG Run:dataset_with_extra_by_yield
[2025-04-03T13:43:46.303+0000] {logging_mixin.py:190} INFO - [2025-04-03T13:43:46.302+0000] {override.py:1930} INFO - Created Permission View: menu access on DAG Run:dataset_with_extra_by_yield
[2025-04-03T13:43:46.316+0000] {logging_mixin.py:190} INFO - [2025-04-03T13:43:46.315+0000] {override.py:1930} INFO - Created Permission View: can create on DAG Run:dataset_with_extra_by_yield
[2025-04-03T13:43:46.317+0000] {logging_mixin.py:190} INFO - [2025-04-03T13:43:46.316+0000] {dag.py:3239} INFO - Sync 3 DAGs
[2025-04-03T13:43:46.344+0000] {logging_mixin.py:190} INFO - [2025-04-03T13:43:46.343+0000] {dag.py:3262} INFO - Creating ORM DAG for dataset_with_extra_from_classic_operator
[2025-04-03T13:43:46.346+0000] {logging_mixin.py:190} INFO - [2025-04-03T13:43:46.345+0000] {dag.py:3262} INFO - Creating ORM DAG for dataset_with_extra_by_context
[2025-04-03T13:43:46.347+0000] {logging_mixin.py:190} INFO - [2025-04-03T13:43:46.347+0000] {dag.py:3262} INFO - Creating ORM DAG for dataset_with_extra_by_yield
[2025-04-03T13:43:46.367+0000] {logging_mixin.py:190} INFO - [2025-04-03T13:43:46.366+0000] {dag.py:4180} INFO - Setting next_dagrun for dataset_with_extra_by_context to 2025-04-02 00:00:00+00:00, run_after=2025-04-03 00:00:00+00:00
[2025-04-03T13:43:46.371+0000] {logging_mixin.py:190} INFO - [2025-04-03T13:43:46.370+0000] {dag.py:4180} INFO - Setting next_dagrun for dataset_with_extra_by_yield to 2025-04-02 00:00:00+00:00, run_after=2025-04-03 00:00:00+00:00
[2025-04-03T13:43:46.374+0000] {logging_mixin.py:190} INFO - [2025-04-03T13:43:46.374+0000] {dag.py:4180} INFO - Setting next_dagrun for dataset_with_extra_from_classic_operator to 2025-04-02 00:00:00+00:00, run_after=2025-04-03 00:00:00+00:00
[2025-04-03T13:43:46.423+0000] {processor.py:208} INFO - Processing /home/hamza/Documents/project/Mlops/myenv/lib/python3.12/site-packages/airflow/example_dags/example_outlet_event_extra.py took 0.895 seconds
[2025-04-03T13:44:58.130+0000] {processor.py:186} INFO - Started process (PID=99568) to work on /home/hamza/Documents/project/Mlops/myenv/lib/python3.12/site-packages/airflow/example_dags/example_outlet_event_extra.py
[2025-04-03T13:44:58.132+0000] {processor.py:914} INFO - Processing file /home/hamza/Documents/project/Mlops/myenv/lib/python3.12/site-packages/airflow/example_dags/example_outlet_event_extra.py for tasks to queue
[2025-04-03T13:44:58.135+0000] {logging_mixin.py:190} INFO - [2025-04-03T13:44:58.134+0000] {dagbag.py:588} INFO - Filling up the DagBag from /home/hamza/Documents/project/Mlops/myenv/lib/python3.12/site-packages/airflow/example_dags/example_outlet_event_extra.py
[2025-04-03T13:44:58.161+0000] {processor.py:925} INFO - DAG(s) 'dataset_with_extra_by_yield', 'dataset_with_extra_from_classic_operator', 'dataset_with_extra_by_context' retrieved from /home/hamza/Documents/project/Mlops/myenv/lib/python3.12/site-packages/airflow/example_dags/example_outlet_event_extra.py
[2025-04-03T13:44:58.195+0000] {logging_mixin.py:190} INFO - [2025-04-03T13:44:58.195+0000] {dag.py:3239} INFO - Sync 3 DAGs
[2025-04-03T13:44:58.232+0000] {logging_mixin.py:190} INFO - [2025-04-03T13:44:58.231+0000] {dag.py:4180} INFO - Setting next_dagrun for dataset_with_extra_by_context to 2025-04-02 00:00:00+00:00, run_after=2025-04-03 00:00:00+00:00
[2025-04-03T13:44:58.240+0000] {logging_mixin.py:190} INFO - [2025-04-03T13:44:58.239+0000] {dag.py:4180} INFO - Setting next_dagrun for dataset_with_extra_by_yield to 2025-04-02 00:00:00+00:00, run_after=2025-04-03 00:00:00+00:00
[2025-04-03T13:44:58.244+0000] {logging_mixin.py:190} INFO - [2025-04-03T13:44:58.244+0000] {dag.py:4180} INFO - Setting next_dagrun for dataset_with_extra_from_classic_operator to 2025-04-02 00:00:00+00:00, run_after=2025-04-03 00:00:00+00:00
[2025-04-03T13:44:58.295+0000] {processor.py:208} INFO - Processing /home/hamza/Documents/project/Mlops/myenv/lib/python3.12/site-packages/airflow/example_dags/example_outlet_event_extra.py took 0.174 seconds
[2025-04-03T13:46:04.528+0000] {processor.py:186} INFO - Started process (PID=100126) to work on /home/hamza/Documents/project/Mlops/myenv/lib/python3.12/site-packages/airflow/example_dags/example_outlet_event_extra.py
[2025-04-03T13:46:04.531+0000] {processor.py:914} INFO - Processing file /home/hamza/Documents/project/Mlops/myenv/lib/python3.12/site-packages/airflow/example_dags/example_outlet_event_extra.py for tasks to queue
[2025-04-03T13:46:04.535+0000] {logging_mixin.py:190} INFO - [2025-04-03T13:46:04.534+0000] {dagbag.py:588} INFO - Filling up the DagBag from /home/hamza/Documents/project/Mlops/myenv/lib/python3.12/site-packages/airflow/example_dags/example_outlet_event_extra.py
[2025-04-03T13:46:04.561+0000] {processor.py:925} INFO - DAG(s) 'dataset_with_extra_by_yield', 'dataset_with_extra_by_context', 'dataset_with_extra_from_classic_operator' retrieved from /home/hamza/Documents/project/Mlops/myenv/lib/python3.12/site-packages/airflow/example_dags/example_outlet_event_extra.py
[2025-04-03T13:46:04.595+0000] {logging_mixin.py:190} INFO - [2025-04-03T13:46:04.595+0000] {dag.py:3239} INFO - Sync 3 DAGs
[2025-04-03T13:46:04.633+0000] {logging_mixin.py:190} INFO - [2025-04-03T13:46:04.633+0000] {dag.py:4180} INFO - Setting next_dagrun for dataset_with_extra_by_context to 2025-04-02 00:00:00+00:00, run_after=2025-04-03 00:00:00+00:00
[2025-04-03T13:46:04.641+0000] {logging_mixin.py:190} INFO - [2025-04-03T13:46:04.641+0000] {dag.py:4180} INFO - Setting next_dagrun for dataset_with_extra_by_yield to 2025-04-02 00:00:00+00:00, run_after=2025-04-03 00:00:00+00:00
[2025-04-03T13:46:04.648+0000] {logging_mixin.py:190} INFO - [2025-04-03T13:46:04.648+0000] {dag.py:4180} INFO - Setting next_dagrun for dataset_with_extra_from_classic_operator to 2025-04-02 00:00:00+00:00, run_after=2025-04-03 00:00:00+00:00
[2025-04-03T13:46:04.695+0000] {processor.py:208} INFO - Processing /home/hamza/Documents/project/Mlops/myenv/lib/python3.12/site-packages/airflow/example_dags/example_outlet_event_extra.py took 0.176 seconds
[2025-04-03T13:47:11.589+0000] {processor.py:186} INFO - Started process (PID=100876) to work on /home/hamza/Documents/project/Mlops/myenv/lib/python3.12/site-packages/airflow/example_dags/example_outlet_event_extra.py
[2025-04-03T13:47:11.592+0000] {processor.py:914} INFO - Processing file /home/hamza/Documents/project/Mlops/myenv/lib/python3.12/site-packages/airflow/example_dags/example_outlet_event_extra.py for tasks to queue
[2025-04-03T13:47:11.596+0000] {logging_mixin.py:190} INFO - [2025-04-03T13:47:11.595+0000] {dagbag.py:588} INFO - Filling up the DagBag from /home/hamza/Documents/project/Mlops/myenv/lib/python3.12/site-packages/airflow/example_dags/example_outlet_event_extra.py
[2025-04-03T13:47:11.620+0000] {processor.py:925} INFO - DAG(s) 'dataset_with_extra_from_classic_operator', 'dataset_with_extra_by_context', 'dataset_with_extra_by_yield' retrieved from /home/hamza/Documents/project/Mlops/myenv/lib/python3.12/site-packages/airflow/example_dags/example_outlet_event_extra.py
[2025-04-03T13:47:11.655+0000] {logging_mixin.py:190} INFO - [2025-04-03T13:47:11.654+0000] {dag.py:3239} INFO - Sync 3 DAGs
[2025-04-03T13:47:11.689+0000] {logging_mixin.py:190} INFO - [2025-04-03T13:47:11.689+0000] {dag.py:4180} INFO - Setting next_dagrun for dataset_with_extra_by_context to 2025-04-02 00:00:00+00:00, run_after=2025-04-03 00:00:00+00:00
[2025-04-03T13:47:11.696+0000] {logging_mixin.py:190} INFO - [2025-04-03T13:47:11.696+0000] {dag.py:4180} INFO - Setting next_dagrun for dataset_with_extra_by_yield to 2025-04-02 00:00:00+00:00, run_after=2025-04-03 00:00:00+00:00
[2025-04-03T13:47:11.700+0000] {logging_mixin.py:190} INFO - [2025-04-03T13:47:11.700+0000] {dag.py:4180} INFO - Setting next_dagrun for dataset_with_extra_from_classic_operator to 2025-04-02 00:00:00+00:00, run_after=2025-04-03 00:00:00+00:00
[2025-04-03T13:47:11.737+0000] {processor.py:208} INFO - Processing /home/hamza/Documents/project/Mlops/myenv/lib/python3.12/site-packages/airflow/example_dags/example_outlet_event_extra.py took 0.160 seconds
[2025-04-03T13:48:20.273+0000] {processor.py:186} INFO - Started process (PID=101813) to work on /home/hamza/Documents/project/Mlops/myenv/lib/python3.12/site-packages/airflow/example_dags/example_outlet_event_extra.py
[2025-04-03T13:48:20.275+0000] {processor.py:914} INFO - Processing file /home/hamza/Documents/project/Mlops/myenv/lib/python3.12/site-packages/airflow/example_dags/example_outlet_event_extra.py for tasks to queue
[2025-04-03T13:48:20.278+0000] {logging_mixin.py:190} INFO - [2025-04-03T13:48:20.277+0000] {dagbag.py:588} INFO - Filling up the DagBag from /home/hamza/Documents/project/Mlops/myenv/lib/python3.12/site-packages/airflow/example_dags/example_outlet_event_extra.py
[2025-04-03T13:48:20.307+0000] {processor.py:925} INFO - DAG(s) 'dataset_with_extra_by_yield', 'dataset_with_extra_from_classic_operator', 'dataset_with_extra_by_context' retrieved from /home/hamza/Documents/project/Mlops/myenv/lib/python3.12/site-packages/airflow/example_dags/example_outlet_event_extra.py
[2025-04-03T13:48:20.347+0000] {logging_mixin.py:190} INFO - [2025-04-03T13:48:20.346+0000] {dag.py:3239} INFO - Sync 3 DAGs
[2025-04-03T13:48:20.395+0000] {logging_mixin.py:190} INFO - [2025-04-03T13:48:20.395+0000] {dag.py:4180} INFO - Setting next_dagrun for dataset_with_extra_by_context to 2025-04-02 00:00:00+00:00, run_after=2025-04-03 00:00:00+00:00
[2025-04-03T13:48:20.403+0000] {logging_mixin.py:190} INFO - [2025-04-03T13:48:20.403+0000] {dag.py:4180} INFO - Setting next_dagrun for dataset_with_extra_by_yield to 2025-04-02 00:00:00+00:00, run_after=2025-04-03 00:00:00+00:00
[2025-04-03T13:48:20.408+0000] {logging_mixin.py:190} INFO - [2025-04-03T13:48:20.408+0000] {dag.py:4180} INFO - Setting next_dagrun for dataset_with_extra_from_classic_operator to 2025-04-02 00:00:00+00:00, run_after=2025-04-03 00:00:00+00:00
[2025-04-03T13:48:20.444+0000] {processor.py:208} INFO - Processing /home/hamza/Documents/project/Mlops/myenv/lib/python3.12/site-packages/airflow/example_dags/example_outlet_event_extra.py took 0.182 seconds
[2025-04-03T13:49:56.991+0000] {processor.py:186} INFO - Started process (PID=103095) to work on /home/hamza/Documents/project/Mlops/myenv/lib/python3.12/site-packages/airflow/example_dags/example_outlet_event_extra.py
[2025-04-03T13:49:56.993+0000] {processor.py:914} INFO - Processing file /home/hamza/Documents/project/Mlops/myenv/lib/python3.12/site-packages/airflow/example_dags/example_outlet_event_extra.py for tasks to queue
[2025-04-03T13:49:56.997+0000] {logging_mixin.py:190} INFO - [2025-04-03T13:49:56.996+0000] {dagbag.py:588} INFO - Filling up the DagBag from /home/hamza/Documents/project/Mlops/myenv/lib/python3.12/site-packages/airflow/example_dags/example_outlet_event_extra.py
[2025-04-03T13:49:57.022+0000] {processor.py:925} INFO - DAG(s) 'dataset_with_extra_by_context', 'dataset_with_extra_from_classic_operator', 'dataset_with_extra_by_yield' retrieved from /home/hamza/Documents/project/Mlops/myenv/lib/python3.12/site-packages/airflow/example_dags/example_outlet_event_extra.py
[2025-04-03T13:49:57.059+0000] {logging_mixin.py:190} INFO - [2025-04-03T13:49:57.059+0000] {dag.py:3239} INFO - Sync 3 DAGs
[2025-04-03T13:49:57.097+0000] {logging_mixin.py:190} INFO - [2025-04-03T13:49:57.097+0000] {dag.py:4180} INFO - Setting next_dagrun for dataset_with_extra_by_context to 2025-04-02 00:00:00+00:00, run_after=2025-04-03 00:00:00+00:00
[2025-04-03T13:49:57.106+0000] {logging_mixin.py:190} INFO - [2025-04-03T13:49:57.106+0000] {dag.py:4180} INFO - Setting next_dagrun for dataset_with_extra_by_yield to 2025-04-02 00:00:00+00:00, run_after=2025-04-03 00:00:00+00:00
[2025-04-03T13:49:57.110+0000] {logging_mixin.py:190} INFO - [2025-04-03T13:49:57.110+0000] {dag.py:4180} INFO - Setting next_dagrun for dataset_with_extra_from_classic_operator to 2025-04-02 00:00:00+00:00, run_after=2025-04-03 00:00:00+00:00
[2025-04-03T13:49:57.156+0000] {processor.py:208} INFO - Processing /home/hamza/Documents/project/Mlops/myenv/lib/python3.12/site-packages/airflow/example_dags/example_outlet_event_extra.py took 0.174 seconds
[2025-04-03T13:51:13.998+0000] {processor.py:186} INFO - Started process (PID=104112) to work on /home/hamza/Documents/project/Mlops/myenv/lib/python3.12/site-packages/airflow/example_dags/example_outlet_event_extra.py
[2025-04-03T13:51:14.001+0000] {processor.py:914} INFO - Processing file /home/hamza/Documents/project/Mlops/myenv/lib/python3.12/site-packages/airflow/example_dags/example_outlet_event_extra.py for tasks to queue
[2025-04-03T13:51:14.004+0000] {logging_mixin.py:190} INFO - [2025-04-03T13:51:14.003+0000] {dagbag.py:588} INFO - Filling up the DagBag from /home/hamza/Documents/project/Mlops/myenv/lib/python3.12/site-packages/airflow/example_dags/example_outlet_event_extra.py
[2025-04-03T13:51:14.031+0000] {processor.py:925} INFO - DAG(s) 'dataset_with_extra_by_yield', 'dataset_with_extra_from_classic_operator', 'dataset_with_extra_by_context' retrieved from /home/hamza/Documents/project/Mlops/myenv/lib/python3.12/site-packages/airflow/example_dags/example_outlet_event_extra.py
[2025-04-03T13:51:14.067+0000] {logging_mixin.py:190} INFO - [2025-04-03T13:51:14.066+0000] {dag.py:3239} INFO - Sync 3 DAGs
[2025-04-03T13:51:14.105+0000] {logging_mixin.py:190} INFO - [2025-04-03T13:51:14.105+0000] {dag.py:4180} INFO - Setting next_dagrun for dataset_with_extra_by_context to 2025-04-02 00:00:00+00:00, run_after=2025-04-03 00:00:00+00:00
[2025-04-03T13:51:14.114+0000] {logging_mixin.py:190} INFO - [2025-04-03T13:51:14.114+0000] {dag.py:4180} INFO - Setting next_dagrun for dataset_with_extra_by_yield to 2025-04-02 00:00:00+00:00, run_after=2025-04-03 00:00:00+00:00
[2025-04-03T13:51:14.118+0000] {logging_mixin.py:190} INFO - [2025-04-03T13:51:14.118+0000] {dag.py:4180} INFO - Setting next_dagrun for dataset_with_extra_from_classic_operator to 2025-04-02 00:00:00+00:00, run_after=2025-04-03 00:00:00+00:00
[2025-04-03T13:51:14.158+0000] {processor.py:208} INFO - Processing /home/hamza/Documents/project/Mlops/myenv/lib/python3.12/site-packages/airflow/example_dags/example_outlet_event_extra.py took 0.169 seconds
[2025-04-03T13:52:55.332+0000] {processor.py:186} INFO - Started process (PID=105163) to work on /home/hamza/Documents/project/Mlops/myenv/lib/python3.12/site-packages/airflow/example_dags/example_outlet_event_extra.py
[2025-04-03T13:52:55.336+0000] {processor.py:914} INFO - Processing file /home/hamza/Documents/project/Mlops/myenv/lib/python3.12/site-packages/airflow/example_dags/example_outlet_event_extra.py for tasks to queue
[2025-04-03T13:52:55.340+0000] {logging_mixin.py:190} INFO - [2025-04-03T13:52:55.339+0000] {dagbag.py:588} INFO - Filling up the DagBag from /home/hamza/Documents/project/Mlops/myenv/lib/python3.12/site-packages/airflow/example_dags/example_outlet_event_extra.py
[2025-04-03T13:52:55.373+0000] {processor.py:925} INFO - DAG(s) 'dataset_with_extra_by_context', 'dataset_with_extra_by_yield', 'dataset_with_extra_from_classic_operator' retrieved from /home/hamza/Documents/project/Mlops/myenv/lib/python3.12/site-packages/airflow/example_dags/example_outlet_event_extra.py
[2025-04-03T13:52:55.415+0000] {logging_mixin.py:190} INFO - [2025-04-03T13:52:55.415+0000] {dag.py:3239} INFO - Sync 3 DAGs
[2025-04-03T13:52:55.457+0000] {logging_mixin.py:190} INFO - [2025-04-03T13:52:55.457+0000] {dag.py:4180} INFO - Setting next_dagrun for dataset_with_extra_by_context to 2025-04-02 00:00:00+00:00, run_after=2025-04-03 00:00:00+00:00
[2025-04-03T13:52:55.468+0000] {logging_mixin.py:190} INFO - [2025-04-03T13:52:55.468+0000] {dag.py:4180} INFO - Setting next_dagrun for dataset_with_extra_by_yield to 2025-04-02 00:00:00+00:00, run_after=2025-04-03 00:00:00+00:00
[2025-04-03T13:52:55.476+0000] {logging_mixin.py:190} INFO - [2025-04-03T13:52:55.475+0000] {dag.py:4180} INFO - Setting next_dagrun for dataset_with_extra_from_classic_operator to 2025-04-02 00:00:00+00:00, run_after=2025-04-03 00:00:00+00:00
[2025-04-03T13:52:55.535+0000] {processor.py:208} INFO - Processing /home/hamza/Documents/project/Mlops/myenv/lib/python3.12/site-packages/airflow/example_dags/example_outlet_event_extra.py took 0.213 seconds
[2025-04-03T13:59:28.778+0000] {processor.py:186} INFO - Started process (PID=110091) to work on /home/hamza/Documents/project/Mlops/myenv/lib/python3.12/site-packages/airflow/example_dags/example_outlet_event_extra.py
[2025-04-03T13:59:28.781+0000] {processor.py:914} INFO - Processing file /home/hamza/Documents/project/Mlops/myenv/lib/python3.12/site-packages/airflow/example_dags/example_outlet_event_extra.py for tasks to queue
[2025-04-03T13:59:28.784+0000] {logging_mixin.py:190} INFO - [2025-04-03T13:59:28.784+0000] {dagbag.py:588} INFO - Filling up the DagBag from /home/hamza/Documents/project/Mlops/myenv/lib/python3.12/site-packages/airflow/example_dags/example_outlet_event_extra.py
[2025-04-03T13:59:28.809+0000] {processor.py:925} INFO - DAG(s) 'dataset_with_extra_by_yield', 'dataset_with_extra_by_context', 'dataset_with_extra_from_classic_operator' retrieved from /home/hamza/Documents/project/Mlops/myenv/lib/python3.12/site-packages/airflow/example_dags/example_outlet_event_extra.py
[2025-04-03T13:59:28.845+0000] {logging_mixin.py:190} INFO - [2025-04-03T13:59:28.845+0000] {dag.py:3239} INFO - Sync 3 DAGs
[2025-04-03T13:59:28.882+0000] {logging_mixin.py:190} INFO - [2025-04-03T13:59:28.882+0000] {dag.py:4180} INFO - Setting next_dagrun for dataset_with_extra_by_context to 2025-04-02 00:00:00+00:00, run_after=2025-04-03 00:00:00+00:00
[2025-04-03T13:59:28.891+0000] {logging_mixin.py:190} INFO - [2025-04-03T13:59:28.890+0000] {dag.py:4180} INFO - Setting next_dagrun for dataset_with_extra_by_yield to 2025-04-02 00:00:00+00:00, run_after=2025-04-03 00:00:00+00:00
[2025-04-03T13:59:28.894+0000] {logging_mixin.py:190} INFO - [2025-04-03T13:59:28.894+0000] {dag.py:4180} INFO - Setting next_dagrun for dataset_with_extra_from_classic_operator to 2025-04-02 00:00:00+00:00, run_after=2025-04-03 00:00:00+00:00
[2025-04-03T13:59:28.932+0000] {processor.py:208} INFO - Processing /home/hamza/Documents/project/Mlops/myenv/lib/python3.12/site-packages/airflow/example_dags/example_outlet_event_extra.py took 0.163 seconds
[2025-04-03T14:10:18.143+0000] {processor.py:186} INFO - Started process (PID=118109) to work on /home/hamza/Documents/project/Mlops/myenv/lib/python3.12/site-packages/airflow/example_dags/example_outlet_event_extra.py
[2025-04-03T14:10:18.146+0000] {processor.py:914} INFO - Processing file /home/hamza/Documents/project/Mlops/myenv/lib/python3.12/site-packages/airflow/example_dags/example_outlet_event_extra.py for tasks to queue
[2025-04-03T14:10:18.148+0000] {logging_mixin.py:190} INFO - [2025-04-03T14:10:18.147+0000] {dagbag.py:588} INFO - Filling up the DagBag from /home/hamza/Documents/project/Mlops/myenv/lib/python3.12/site-packages/airflow/example_dags/example_outlet_event_extra.py
[2025-04-03T14:10:18.169+0000] {processor.py:925} INFO - DAG(s) 'dataset_with_extra_from_classic_operator', 'dataset_with_extra_by_yield', 'dataset_with_extra_by_context' retrieved from /home/hamza/Documents/project/Mlops/myenv/lib/python3.12/site-packages/airflow/example_dags/example_outlet_event_extra.py
[2025-04-03T14:10:18.210+0000] {logging_mixin.py:190} INFO - [2025-04-03T14:10:18.210+0000] {dag.py:3239} INFO - Sync 3 DAGs
[2025-04-03T14:10:18.242+0000] {logging_mixin.py:190} INFO - [2025-04-03T14:10:18.242+0000] {dag.py:4180} INFO - Setting next_dagrun for dataset_with_extra_by_context to 2025-04-02 00:00:00+00:00, run_after=2025-04-03 00:00:00+00:00
[2025-04-03T14:10:18.249+0000] {logging_mixin.py:190} INFO - [2025-04-03T14:10:18.248+0000] {dag.py:4180} INFO - Setting next_dagrun for dataset_with_extra_by_yield to 2025-04-02 00:00:00+00:00, run_after=2025-04-03 00:00:00+00:00
[2025-04-03T14:10:18.253+0000] {logging_mixin.py:190} INFO - [2025-04-03T14:10:18.252+0000] {dag.py:4180} INFO - Setting next_dagrun for dataset_with_extra_from_classic_operator to 2025-04-02 00:00:00+00:00, run_after=2025-04-03 00:00:00+00:00
[2025-04-03T14:10:18.287+0000] {processor.py:208} INFO - Processing /home/hamza/Documents/project/Mlops/myenv/lib/python3.12/site-packages/airflow/example_dags/example_outlet_event_extra.py took 0.153 seconds
[2025-04-03T14:11:53.784+0000] {processor.py:186} INFO - Started process (PID=118997) to work on /home/hamza/Documents/project/Mlops/myenv/lib/python3.12/site-packages/airflow/example_dags/example_outlet_event_extra.py
[2025-04-03T14:11:53.786+0000] {processor.py:914} INFO - Processing file /home/hamza/Documents/project/Mlops/myenv/lib/python3.12/site-packages/airflow/example_dags/example_outlet_event_extra.py for tasks to queue
[2025-04-03T14:11:53.788+0000] {logging_mixin.py:190} INFO - [2025-04-03T14:11:53.788+0000] {dagbag.py:588} INFO - Filling up the DagBag from /home/hamza/Documents/project/Mlops/myenv/lib/python3.12/site-packages/airflow/example_dags/example_outlet_event_extra.py
[2025-04-03T14:11:53.810+0000] {processor.py:925} INFO - DAG(s) 'dataset_with_extra_from_classic_operator', 'dataset_with_extra_by_yield', 'dataset_with_extra_by_context' retrieved from /home/hamza/Documents/project/Mlops/myenv/lib/python3.12/site-packages/airflow/example_dags/example_outlet_event_extra.py
[2025-04-03T14:11:53.849+0000] {logging_mixin.py:190} INFO - [2025-04-03T14:11:53.848+0000] {dag.py:3239} INFO - Sync 3 DAGs
[2025-04-03T14:11:53.907+0000] {logging_mixin.py:190} INFO - [2025-04-03T14:11:53.906+0000] {dag.py:4180} INFO - Setting next_dagrun for dataset_with_extra_by_context to 2025-04-02 00:00:00+00:00, run_after=2025-04-03 00:00:00+00:00
[2025-04-03T14:11:53.917+0000] {logging_mixin.py:190} INFO - [2025-04-03T14:11:53.916+0000] {dag.py:4180} INFO - Setting next_dagrun for dataset_with_extra_by_yield to 2025-04-02 00:00:00+00:00, run_after=2025-04-03 00:00:00+00:00
[2025-04-03T14:11:53.922+0000] {logging_mixin.py:190} INFO - [2025-04-03T14:11:53.922+0000] {dag.py:4180} INFO - Setting next_dagrun for dataset_with_extra_from_classic_operator to 2025-04-02 00:00:00+00:00, run_after=2025-04-03 00:00:00+00:00
[2025-04-03T14:11:53.986+0000] {processor.py:208} INFO - Processing /home/hamza/Documents/project/Mlops/myenv/lib/python3.12/site-packages/airflow/example_dags/example_outlet_event_extra.py took 0.210 seconds
[2025-04-03T14:13:14.685+0000] {processor.py:186} INFO - Started process (PID=119744) to work on /home/hamza/Documents/project/Mlops/myenv/lib/python3.12/site-packages/airflow/example_dags/example_outlet_event_extra.py
[2025-04-03T14:13:14.689+0000] {processor.py:914} INFO - Processing file /home/hamza/Documents/project/Mlops/myenv/lib/python3.12/site-packages/airflow/example_dags/example_outlet_event_extra.py for tasks to queue
[2025-04-03T14:13:14.692+0000] {logging_mixin.py:190} INFO - [2025-04-03T14:13:14.691+0000] {dagbag.py:588} INFO - Filling up the DagBag from /home/hamza/Documents/project/Mlops/myenv/lib/python3.12/site-packages/airflow/example_dags/example_outlet_event_extra.py
[2025-04-03T14:13:14.724+0000] {processor.py:925} INFO - DAG(s) 'dataset_with_extra_from_classic_operator', 'dataset_with_extra_by_context', 'dataset_with_extra_by_yield' retrieved from /home/hamza/Documents/project/Mlops/myenv/lib/python3.12/site-packages/airflow/example_dags/example_outlet_event_extra.py
[2025-04-03T14:13:14.772+0000] {logging_mixin.py:190} INFO - [2025-04-03T14:13:14.772+0000] {dag.py:3239} INFO - Sync 3 DAGs
[2025-04-03T14:13:14.814+0000] {logging_mixin.py:190} INFO - [2025-04-03T14:13:14.813+0000] {dag.py:4180} INFO - Setting next_dagrun for dataset_with_extra_by_context to 2025-04-02 00:00:00+00:00, run_after=2025-04-03 00:00:00+00:00
[2025-04-03T14:13:14.824+0000] {logging_mixin.py:190} INFO - [2025-04-03T14:13:14.824+0000] {dag.py:4180} INFO - Setting next_dagrun for dataset_with_extra_by_yield to 2025-04-02 00:00:00+00:00, run_after=2025-04-03 00:00:00+00:00
[2025-04-03T14:13:14.830+0000] {logging_mixin.py:190} INFO - [2025-04-03T14:13:14.830+0000] {dag.py:4180} INFO - Setting next_dagrun for dataset_with_extra_from_classic_operator to 2025-04-02 00:00:00+00:00, run_after=2025-04-03 00:00:00+00:00
[2025-04-03T14:13:14.876+0000] {processor.py:208} INFO - Processing /home/hamza/Documents/project/Mlops/myenv/lib/python3.12/site-packages/airflow/example_dags/example_outlet_event_extra.py took 0.201 seconds
[2025-04-03T14:18:58.439+0000] {processor.py:186} INFO - Started process (PID=122510) to work on /home/hamza/Documents/project/Mlops/myenv/lib/python3.12/site-packages/airflow/example_dags/example_outlet_event_extra.py
[2025-04-03T14:18:58.442+0000] {processor.py:914} INFO - Processing file /home/hamza/Documents/project/Mlops/myenv/lib/python3.12/site-packages/airflow/example_dags/example_outlet_event_extra.py for tasks to queue
[2025-04-03T14:18:58.444+0000] {logging_mixin.py:190} INFO - [2025-04-03T14:18:58.444+0000] {dagbag.py:588} INFO - Filling up the DagBag from /home/hamza/Documents/project/Mlops/myenv/lib/python3.12/site-packages/airflow/example_dags/example_outlet_event_extra.py
[2025-04-03T14:18:58.464+0000] {processor.py:925} INFO - DAG(s) 'dataset_with_extra_by_yield', 'dataset_with_extra_from_classic_operator', 'dataset_with_extra_by_context' retrieved from /home/hamza/Documents/project/Mlops/myenv/lib/python3.12/site-packages/airflow/example_dags/example_outlet_event_extra.py
[2025-04-03T14:18:58.505+0000] {logging_mixin.py:190} INFO - [2025-04-03T14:18:58.504+0000] {dag.py:3239} INFO - Sync 3 DAGs
[2025-04-03T14:18:58.541+0000] {logging_mixin.py:190} INFO - [2025-04-03T14:18:58.541+0000] {dag.py:4180} INFO - Setting next_dagrun for dataset_with_extra_by_context to 2025-04-02 00:00:00+00:00, run_after=2025-04-03 00:00:00+00:00
[2025-04-03T14:18:58.551+0000] {logging_mixin.py:190} INFO - [2025-04-03T14:18:58.551+0000] {dag.py:4180} INFO - Setting next_dagrun for dataset_with_extra_by_yield to 2025-04-02 00:00:00+00:00, run_after=2025-04-03 00:00:00+00:00
[2025-04-03T14:18:58.555+0000] {logging_mixin.py:190} INFO - [2025-04-03T14:18:58.555+0000] {dag.py:4180} INFO - Setting next_dagrun for dataset_with_extra_from_classic_operator to 2025-04-02 00:00:00+00:00, run_after=2025-04-03 00:00:00+00:00
[2025-04-03T14:18:58.591+0000] {processor.py:208} INFO - Processing /home/hamza/Documents/project/Mlops/myenv/lib/python3.12/site-packages/airflow/example_dags/example_outlet_event_extra.py took 0.163 seconds
[2025-04-03T15:08:29.697+0000] {processor.py:186} INFO - Started process (PID=36220) to work on /home/hamza/Documents/project/Mlops/myenv/lib/python3.12/site-packages/airflow/example_dags/example_outlet_event_extra.py
[2025-04-03T15:08:29.699+0000] {processor.py:914} INFO - Processing file /home/hamza/Documents/project/Mlops/myenv/lib/python3.12/site-packages/airflow/example_dags/example_outlet_event_extra.py for tasks to queue
[2025-04-03T15:08:29.702+0000] {logging_mixin.py:190} INFO - [2025-04-03T15:08:29.702+0000] {dagbag.py:588} INFO - Filling up the DagBag from /home/hamza/Documents/project/Mlops/myenv/lib/python3.12/site-packages/airflow/example_dags/example_outlet_event_extra.py
[2025-04-03T15:08:29.726+0000] {processor.py:925} INFO - DAG(s) 'dataset_with_extra_from_classic_operator', 'dataset_with_extra_by_context', 'dataset_with_extra_by_yield' retrieved from /home/hamza/Documents/project/Mlops/myenv/lib/python3.12/site-packages/airflow/example_dags/example_outlet_event_extra.py
[2025-04-03T15:08:29.761+0000] {logging_mixin.py:190} INFO - [2025-04-03T15:08:29.761+0000] {dag.py:3239} INFO - Sync 3 DAGs
[2025-04-03T15:08:29.799+0000] {logging_mixin.py:190} INFO - [2025-04-03T15:08:29.799+0000] {dag.py:4180} INFO - Setting next_dagrun for dataset_with_extra_by_context to 2025-04-02 00:00:00+00:00, run_after=2025-04-03 00:00:00+00:00
[2025-04-03T15:08:29.806+0000] {logging_mixin.py:190} INFO - [2025-04-03T15:08:29.806+0000] {dag.py:4180} INFO - Setting next_dagrun for dataset_with_extra_by_yield to 2025-04-02 00:00:00+00:00, run_after=2025-04-03 00:00:00+00:00
[2025-04-03T15:08:29.810+0000] {logging_mixin.py:190} INFO - [2025-04-03T15:08:29.810+0000] {dag.py:4180} INFO - Setting next_dagrun for dataset_with_extra_from_classic_operator to 2025-04-02 00:00:00+00:00, run_after=2025-04-03 00:00:00+00:00
[2025-04-03T15:08:29.847+0000] {processor.py:208} INFO - Processing /home/hamza/Documents/project/Mlops/myenv/lib/python3.12/site-packages/airflow/example_dags/example_outlet_event_extra.py took 0.158 seconds
[2025-04-03T15:09:57.630+0000] {processor.py:186} INFO - Started process (PID=37111) to work on /home/hamza/Documents/project/Mlops/myenv/lib/python3.12/site-packages/airflow/example_dags/example_outlet_event_extra.py
[2025-04-03T15:09:57.631+0000] {processor.py:914} INFO - Processing file /home/hamza/Documents/project/Mlops/myenv/lib/python3.12/site-packages/airflow/example_dags/example_outlet_event_extra.py for tasks to queue
[2025-04-03T15:09:57.635+0000] {logging_mixin.py:190} INFO - [2025-04-03T15:09:57.634+0000] {dagbag.py:588} INFO - Filling up the DagBag from /home/hamza/Documents/project/Mlops/myenv/lib/python3.12/site-packages/airflow/example_dags/example_outlet_event_extra.py
[2025-04-03T15:09:57.659+0000] {processor.py:925} INFO - DAG(s) 'dataset_with_extra_from_classic_operator', 'dataset_with_extra_by_context', 'dataset_with_extra_by_yield' retrieved from /home/hamza/Documents/project/Mlops/myenv/lib/python3.12/site-packages/airflow/example_dags/example_outlet_event_extra.py
[2025-04-03T15:09:57.690+0000] {logging_mixin.py:190} INFO - [2025-04-03T15:09:57.689+0000] {dag.py:3239} INFO - Sync 3 DAGs
[2025-04-03T15:09:57.728+0000] {logging_mixin.py:190} INFO - [2025-04-03T15:09:57.728+0000] {dag.py:4180} INFO - Setting next_dagrun for dataset_with_extra_by_context to 2025-04-02 00:00:00+00:00, run_after=2025-04-03 00:00:00+00:00
[2025-04-03T15:09:57.739+0000] {logging_mixin.py:190} INFO - [2025-04-03T15:09:57.738+0000] {dag.py:4180} INFO - Setting next_dagrun for dataset_with_extra_by_yield to 2025-04-02 00:00:00+00:00, run_after=2025-04-03 00:00:00+00:00
[2025-04-03T15:09:57.744+0000] {logging_mixin.py:190} INFO - [2025-04-03T15:09:57.743+0000] {dag.py:4180} INFO - Setting next_dagrun for dataset_with_extra_from_classic_operator to 2025-04-02 00:00:00+00:00, run_after=2025-04-03 00:00:00+00:00
[2025-04-03T15:09:57.778+0000] {processor.py:208} INFO - Processing /home/hamza/Documents/project/Mlops/myenv/lib/python3.12/site-packages/airflow/example_dags/example_outlet_event_extra.py took 0.157 seconds
[2025-04-03T15:11:25.678+0000] {processor.py:186} INFO - Started process (PID=37903) to work on /home/hamza/Documents/project/Mlops/myenv/lib/python3.12/site-packages/airflow/example_dags/example_outlet_event_extra.py
[2025-04-03T15:11:25.682+0000] {processor.py:914} INFO - Processing file /home/hamza/Documents/project/Mlops/myenv/lib/python3.12/site-packages/airflow/example_dags/example_outlet_event_extra.py for tasks to queue
[2025-04-03T15:11:25.685+0000] {logging_mixin.py:190} INFO - [2025-04-03T15:11:25.685+0000] {dagbag.py:588} INFO - Filling up the DagBag from /home/hamza/Documents/project/Mlops/myenv/lib/python3.12/site-packages/airflow/example_dags/example_outlet_event_extra.py
[2025-04-03T15:11:25.714+0000] {processor.py:925} INFO - DAG(s) 'dataset_with_extra_from_classic_operator', 'dataset_with_extra_by_yield', 'dataset_with_extra_by_context' retrieved from /home/hamza/Documents/project/Mlops/myenv/lib/python3.12/site-packages/airflow/example_dags/example_outlet_event_extra.py
[2025-04-03T15:11:25.753+0000] {logging_mixin.py:190} INFO - [2025-04-03T15:11:25.752+0000] {dag.py:3239} INFO - Sync 3 DAGs
[2025-04-03T15:11:25.792+0000] {logging_mixin.py:190} INFO - [2025-04-03T15:11:25.791+0000] {dag.py:4180} INFO - Setting next_dagrun for dataset_with_extra_by_context to 2025-04-02 00:00:00+00:00, run_after=2025-04-03 00:00:00+00:00
[2025-04-03T15:11:25.800+0000] {logging_mixin.py:190} INFO - [2025-04-03T15:11:25.799+0000] {dag.py:4180} INFO - Setting next_dagrun for dataset_with_extra_by_yield to 2025-04-02 00:00:00+00:00, run_after=2025-04-03 00:00:00+00:00
[2025-04-03T15:11:25.804+0000] {logging_mixin.py:190} INFO - [2025-04-03T15:11:25.803+0000] {dag.py:4180} INFO - Setting next_dagrun for dataset_with_extra_from_classic_operator to 2025-04-02 00:00:00+00:00, run_after=2025-04-03 00:00:00+00:00
[2025-04-03T15:11:25.844+0000] {processor.py:208} INFO - Processing /home/hamza/Documents/project/Mlops/myenv/lib/python3.12/site-packages/airflow/example_dags/example_outlet_event_extra.py took 0.175 seconds
[2025-04-03T15:13:01.464+0000] {processor.py:186} INFO - Started process (PID=38770) to work on /home/hamza/Documents/project/Mlops/myenv/lib/python3.12/site-packages/airflow/example_dags/example_outlet_event_extra.py
[2025-04-03T15:13:01.465+0000] {processor.py:914} INFO - Processing file /home/hamza/Documents/project/Mlops/myenv/lib/python3.12/site-packages/airflow/example_dags/example_outlet_event_extra.py for tasks to queue
[2025-04-03T15:13:01.469+0000] {logging_mixin.py:190} INFO - [2025-04-03T15:13:01.468+0000] {dagbag.py:588} INFO - Filling up the DagBag from /home/hamza/Documents/project/Mlops/myenv/lib/python3.12/site-packages/airflow/example_dags/example_outlet_event_extra.py
[2025-04-03T15:13:01.495+0000] {processor.py:925} INFO - DAG(s) 'dataset_with_extra_by_context', 'dataset_with_extra_by_yield', 'dataset_with_extra_from_classic_operator' retrieved from /home/hamza/Documents/project/Mlops/myenv/lib/python3.12/site-packages/airflow/example_dags/example_outlet_event_extra.py
[2025-04-03T15:13:01.527+0000] {logging_mixin.py:190} INFO - [2025-04-03T15:13:01.527+0000] {dag.py:3239} INFO - Sync 3 DAGs
[2025-04-03T15:13:01.574+0000] {logging_mixin.py:190} INFO - [2025-04-03T15:13:01.574+0000] {dag.py:4180} INFO - Setting next_dagrun for dataset_with_extra_by_context to 2025-04-02 00:00:00+00:00, run_after=2025-04-03 00:00:00+00:00
[2025-04-03T15:13:01.582+0000] {logging_mixin.py:190} INFO - [2025-04-03T15:13:01.582+0000] {dag.py:4180} INFO - Setting next_dagrun for dataset_with_extra_by_yield to 2025-04-02 00:00:00+00:00, run_after=2025-04-03 00:00:00+00:00
[2025-04-03T15:13:01.587+0000] {logging_mixin.py:190} INFO - [2025-04-03T15:13:01.586+0000] {dag.py:4180} INFO - Setting next_dagrun for dataset_with_extra_from_classic_operator to 2025-04-02 00:00:00+00:00, run_after=2025-04-03 00:00:00+00:00
[2025-04-03T15:13:01.634+0000] {processor.py:208} INFO - Processing /home/hamza/Documents/project/Mlops/myenv/lib/python3.12/site-packages/airflow/example_dags/example_outlet_event_extra.py took 0.182 seconds
[2025-04-03T15:14:17.886+0000] {processor.py:186} INFO - Started process (PID=39509) to work on /home/hamza/Documents/project/Mlops/myenv/lib/python3.12/site-packages/airflow/example_dags/example_outlet_event_extra.py
[2025-04-03T15:14:17.888+0000] {processor.py:914} INFO - Processing file /home/hamza/Documents/project/Mlops/myenv/lib/python3.12/site-packages/airflow/example_dags/example_outlet_event_extra.py for tasks to queue
[2025-04-03T15:14:17.891+0000] {logging_mixin.py:190} INFO - [2025-04-03T15:14:17.891+0000] {dagbag.py:588} INFO - Filling up the DagBag from /home/hamza/Documents/project/Mlops/myenv/lib/python3.12/site-packages/airflow/example_dags/example_outlet_event_extra.py
[2025-04-03T15:14:17.917+0000] {processor.py:925} INFO - DAG(s) 'dataset_with_extra_from_classic_operator', 'dataset_with_extra_by_yield', 'dataset_with_extra_by_context' retrieved from /home/hamza/Documents/project/Mlops/myenv/lib/python3.12/site-packages/airflow/example_dags/example_outlet_event_extra.py
[2025-04-03T15:14:17.950+0000] {logging_mixin.py:190} INFO - [2025-04-03T15:14:17.950+0000] {dag.py:3239} INFO - Sync 3 DAGs
[2025-04-03T15:14:17.986+0000] {logging_mixin.py:190} INFO - [2025-04-03T15:14:17.986+0000] {dag.py:4180} INFO - Setting next_dagrun for dataset_with_extra_by_context to 2025-04-02 00:00:00+00:00, run_after=2025-04-03 00:00:00+00:00
[2025-04-03T15:14:17.993+0000] {logging_mixin.py:190} INFO - [2025-04-03T15:14:17.993+0000] {dag.py:4180} INFO - Setting next_dagrun for dataset_with_extra_by_yield to 2025-04-02 00:00:00+00:00, run_after=2025-04-03 00:00:00+00:00
[2025-04-03T15:14:17.997+0000] {logging_mixin.py:190} INFO - [2025-04-03T15:14:17.997+0000] {dag.py:4180} INFO - Setting next_dagrun for dataset_with_extra_from_classic_operator to 2025-04-02 00:00:00+00:00, run_after=2025-04-03 00:00:00+00:00
[2025-04-03T15:14:18.032+0000] {processor.py:208} INFO - Processing /home/hamza/Documents/project/Mlops/myenv/lib/python3.12/site-packages/airflow/example_dags/example_outlet_event_extra.py took 0.154 seconds
[2025-04-03T15:15:53.691+0000] {processor.py:186} INFO - Started process (PID=40448) to work on /home/hamza/Documents/project/Mlops/myenv/lib/python3.12/site-packages/airflow/example_dags/example_outlet_event_extra.py
[2025-04-03T15:15:53.693+0000] {processor.py:914} INFO - Processing file /home/hamza/Documents/project/Mlops/myenv/lib/python3.12/site-packages/airflow/example_dags/example_outlet_event_extra.py for tasks to queue
[2025-04-03T15:15:53.697+0000] {logging_mixin.py:190} INFO - [2025-04-03T15:15:53.696+0000] {dagbag.py:588} INFO - Filling up the DagBag from /home/hamza/Documents/project/Mlops/myenv/lib/python3.12/site-packages/airflow/example_dags/example_outlet_event_extra.py
[2025-04-03T15:15:53.721+0000] {processor.py:925} INFO - DAG(s) 'dataset_with_extra_by_yield', 'dataset_with_extra_from_classic_operator', 'dataset_with_extra_by_context' retrieved from /home/hamza/Documents/project/Mlops/myenv/lib/python3.12/site-packages/airflow/example_dags/example_outlet_event_extra.py
[2025-04-03T15:15:53.751+0000] {logging_mixin.py:190} INFO - [2025-04-03T15:15:53.751+0000] {dag.py:3239} INFO - Sync 3 DAGs
[2025-04-03T15:15:53.796+0000] {logging_mixin.py:190} INFO - [2025-04-03T15:15:53.795+0000] {dag.py:4180} INFO - Setting next_dagrun for dataset_with_extra_by_context to 2025-04-02 00:00:00+00:00, run_after=2025-04-03 00:00:00+00:00
[2025-04-03T15:15:53.803+0000] {logging_mixin.py:190} INFO - [2025-04-03T15:15:53.803+0000] {dag.py:4180} INFO - Setting next_dagrun for dataset_with_extra_by_yield to 2025-04-02 00:00:00+00:00, run_after=2025-04-03 00:00:00+00:00
[2025-04-03T15:15:53.807+0000] {logging_mixin.py:190} INFO - [2025-04-03T15:15:53.807+0000] {dag.py:4180} INFO - Setting next_dagrun for dataset_with_extra_from_classic_operator to 2025-04-02 00:00:00+00:00, run_after=2025-04-03 00:00:00+00:00
[2025-04-03T15:15:53.840+0000] {processor.py:208} INFO - Processing /home/hamza/Documents/project/Mlops/myenv/lib/python3.12/site-packages/airflow/example_dags/example_outlet_event_extra.py took 0.157 seconds
[2025-04-03T15:17:33.362+0000] {processor.py:186} INFO - Started process (PID=41504) to work on /home/hamza/Documents/project/Mlops/myenv/lib/python3.12/site-packages/airflow/example_dags/example_outlet_event_extra.py
[2025-04-03T15:17:33.364+0000] {processor.py:914} INFO - Processing file /home/hamza/Documents/project/Mlops/myenv/lib/python3.12/site-packages/airflow/example_dags/example_outlet_event_extra.py for tasks to queue
[2025-04-03T15:17:33.368+0000] {logging_mixin.py:190} INFO - [2025-04-03T15:17:33.367+0000] {dagbag.py:588} INFO - Filling up the DagBag from /home/hamza/Documents/project/Mlops/myenv/lib/python3.12/site-packages/airflow/example_dags/example_outlet_event_extra.py
[2025-04-03T15:17:33.392+0000] {processor.py:925} INFO - DAG(s) 'dataset_with_extra_by_yield', 'dataset_with_extra_from_classic_operator', 'dataset_with_extra_by_context' retrieved from /home/hamza/Documents/project/Mlops/myenv/lib/python3.12/site-packages/airflow/example_dags/example_outlet_event_extra.py
[2025-04-03T15:17:33.426+0000] {logging_mixin.py:190} INFO - [2025-04-03T15:17:33.425+0000] {dag.py:3239} INFO - Sync 3 DAGs
[2025-04-03T15:17:33.461+0000] {logging_mixin.py:190} INFO - [2025-04-03T15:17:33.460+0000] {dag.py:4180} INFO - Setting next_dagrun for dataset_with_extra_by_context to 2025-04-02 00:00:00+00:00, run_after=2025-04-03 00:00:00+00:00
[2025-04-03T15:17:33.468+0000] {logging_mixin.py:190} INFO - [2025-04-03T15:17:33.468+0000] {dag.py:4180} INFO - Setting next_dagrun for dataset_with_extra_by_yield to 2025-04-02 00:00:00+00:00, run_after=2025-04-03 00:00:00+00:00
[2025-04-03T15:17:33.472+0000] {logging_mixin.py:190} INFO - [2025-04-03T15:17:33.472+0000] {dag.py:4180} INFO - Setting next_dagrun for dataset_with_extra_from_classic_operator to 2025-04-02 00:00:00+00:00, run_after=2025-04-03 00:00:00+00:00
[2025-04-03T15:17:33.509+0000] {processor.py:208} INFO - Processing /home/hamza/Documents/project/Mlops/myenv/lib/python3.12/site-packages/airflow/example_dags/example_outlet_event_extra.py took 0.156 seconds
[2025-04-03T15:19:05.194+0000] {processor.py:186} INFO - Started process (PID=42415) to work on /home/hamza/Documents/project/Mlops/myenv/lib/python3.12/site-packages/airflow/example_dags/example_outlet_event_extra.py
[2025-04-03T15:19:05.196+0000] {processor.py:914} INFO - Processing file /home/hamza/Documents/project/Mlops/myenv/lib/python3.12/site-packages/airflow/example_dags/example_outlet_event_extra.py for tasks to queue
[2025-04-03T15:19:05.200+0000] {logging_mixin.py:190} INFO - [2025-04-03T15:19:05.199+0000] {dagbag.py:588} INFO - Filling up the DagBag from /home/hamza/Documents/project/Mlops/myenv/lib/python3.12/site-packages/airflow/example_dags/example_outlet_event_extra.py
[2025-04-03T15:19:05.232+0000] {processor.py:925} INFO - DAG(s) 'dataset_with_extra_by_yield', 'dataset_with_extra_by_context', 'dataset_with_extra_from_classic_operator' retrieved from /home/hamza/Documents/project/Mlops/myenv/lib/python3.12/site-packages/airflow/example_dags/example_outlet_event_extra.py
[2025-04-03T15:19:05.264+0000] {logging_mixin.py:190} INFO - [2025-04-03T15:19:05.264+0000] {dag.py:3239} INFO - Sync 3 DAGs
[2025-04-03T15:19:05.299+0000] {logging_mixin.py:190} INFO - [2025-04-03T15:19:05.299+0000] {dag.py:4180} INFO - Setting next_dagrun for dataset_with_extra_by_context to 2025-04-02 00:00:00+00:00, run_after=2025-04-03 00:00:00+00:00
[2025-04-03T15:19:05.306+0000] {logging_mixin.py:190} INFO - [2025-04-03T15:19:05.306+0000] {dag.py:4180} INFO - Setting next_dagrun for dataset_with_extra_by_yield to 2025-04-02 00:00:00+00:00, run_after=2025-04-03 00:00:00+00:00
[2025-04-03T15:19:05.310+0000] {logging_mixin.py:190} INFO - [2025-04-03T15:19:05.310+0000] {dag.py:4180} INFO - Setting next_dagrun for dataset_with_extra_from_classic_operator to 2025-04-02 00:00:00+00:00, run_after=2025-04-03 00:00:00+00:00
[2025-04-03T15:19:05.346+0000] {processor.py:208} INFO - Processing /home/hamza/Documents/project/Mlops/myenv/lib/python3.12/site-packages/airflow/example_dags/example_outlet_event_extra.py took 0.161 seconds
