[2025-04-03T13:43:21.708+0000] {processor.py:186} INFO - Started process (PID=98220) to work on /home/hamza/Documents/project/Mlops/myenv/lib/python3.12/site-packages/airflow/example_dags/example_workday_timetable.py
[2025-04-03T13:43:21.710+0000] {processor.py:914} INFO - Processing file /home/hamza/Documents/project/Mlops/myenv/lib/python3.12/site-packages/airflow/example_dags/example_workday_timetable.py for tasks to queue
[2025-04-03T13:43:21.713+0000] {logging_mixin.py:190} INFO - [2025-04-03T13:43:21.713+0000] {dagbag.py:588} INFO - Filling up the DagBag from /home/hamza/Documents/project/Mlops/myenv/lib/python3.12/site-packages/airflow/example_dags/example_workday_timetable.py
[2025-04-03T13:43:21.724+0000] {processor.py:925} INFO - DAG(s) 'example_workday_timetable' retrieved from /home/hamza/Documents/project/Mlops/myenv/lib/python3.12/site-packages/airflow/example_dags/example_workday_timetable.py
[2025-04-03T13:43:21.892+0000] {logging_mixin.py:190} INFO - [2025-04-03T13:43:21.891+0000] {override.py:1930} INFO - Created Permission View: can delete on DAG:example_workday_timetable
[2025-04-03T13:43:21.910+0000] {logging_mixin.py:190} INFO - [2025-04-03T13:43:21.910+0000] {override.py:1930} INFO - Created Permission View: can read on DAG:example_workday_timetable
[2025-04-03T13:43:21.924+0000] {logging_mixin.py:190} INFO - [2025-04-03T13:43:21.923+0000] {override.py:1930} INFO - Created Permission View: can edit on DAG:example_workday_timetable
[2025-04-03T13:43:21.944+0000] {logging_mixin.py:190} INFO - [2025-04-03T13:43:21.944+0000] {override.py:1930} INFO - Created Permission View: can delete on DAG Run:example_workday_timetable
[2025-04-03T13:43:21.961+0000] {logging_mixin.py:190} INFO - [2025-04-03T13:43:21.960+0000] {override.py:1930} INFO - Created Permission View: can read on DAG Run:example_workday_timetable
[2025-04-03T13:43:21.975+0000] {logging_mixin.py:190} INFO - [2025-04-03T13:43:21.974+0000] {override.py:1930} INFO - Created Permission View: menu access on DAG Run:example_workday_timetable
[2025-04-03T13:43:21.991+0000] {logging_mixin.py:190} INFO - [2025-04-03T13:43:21.990+0000] {override.py:1930} INFO - Created Permission View: can create on DAG Run:example_workday_timetable
[2025-04-03T13:43:21.991+0000] {logging_mixin.py:190} INFO - [2025-04-03T13:43:21.991+0000] {dag.py:3239} INFO - Sync 1 DAGs
[2025-04-03T13:43:22.010+0000] {logging_mixin.py:190} INFO - [2025-04-03T13:43:22.010+0000] {dag.py:3262} INFO - Creating ORM DAG for example_workday_timetable
[2025-04-03T13:43:22.081+0000] {logging_mixin.py:190} INFO - [2025-04-03T13:43:22.081+0000] {dag.py:4180} INFO - Setting next_dagrun for example_workday_timetable to 2021-01-04 00:00:00+00:00, run_after=2021-01-05 00:00:00+00:00
[2025-04-03T13:43:22.111+0000] {processor.py:208} INFO - Processing /home/hamza/Documents/project/Mlops/myenv/lib/python3.12/site-packages/airflow/example_dags/example_workday_timetable.py took 0.414 seconds
[2025-04-03T13:44:38.610+0000] {processor.py:186} INFO - Started process (PID=99396) to work on /home/hamza/Documents/project/Mlops/myenv/lib/python3.12/site-packages/airflow/example_dags/example_workday_timetable.py
[2025-04-03T13:44:38.619+0000] {processor.py:914} INFO - Processing file /home/hamza/Documents/project/Mlops/myenv/lib/python3.12/site-packages/airflow/example_dags/example_workday_timetable.py for tasks to queue
[2025-04-03T13:44:38.625+0000] {logging_mixin.py:190} INFO - [2025-04-03T13:44:38.624+0000] {dagbag.py:588} INFO - Filling up the DagBag from /home/hamza/Documents/project/Mlops/myenv/lib/python3.12/site-packages/airflow/example_dags/example_workday_timetable.py
[2025-04-03T13:44:38.636+0000] {processor.py:925} INFO - DAG(s) 'example_workday_timetable' retrieved from /home/hamza/Documents/project/Mlops/myenv/lib/python3.12/site-packages/airflow/example_dags/example_workday_timetable.py
[2025-04-03T13:44:38.663+0000] {logging_mixin.py:190} INFO - [2025-04-03T13:44:38.663+0000] {dag.py:3239} INFO - Sync 1 DAGs
[2025-04-03T13:44:38.760+0000] {logging_mixin.py:190} INFO - [2025-04-03T13:44:38.759+0000] {dag.py:4180} INFO - Setting next_dagrun for example_workday_timetable to 2021-01-04 00:00:00+00:00, run_after=2021-01-05 00:00:00+00:00
[2025-04-03T13:44:38.793+0000] {processor.py:208} INFO - Processing /home/hamza/Documents/project/Mlops/myenv/lib/python3.12/site-packages/airflow/example_dags/example_workday_timetable.py took 0.193 seconds
[2025-04-03T13:45:44.303+0000] {processor.py:186} INFO - Started process (PID=99964) to work on /home/hamza/Documents/project/Mlops/myenv/lib/python3.12/site-packages/airflow/example_dags/example_workday_timetable.py
[2025-04-03T13:45:44.305+0000] {processor.py:914} INFO - Processing file /home/hamza/Documents/project/Mlops/myenv/lib/python3.12/site-packages/airflow/example_dags/example_workday_timetable.py for tasks to queue
[2025-04-03T13:45:44.308+0000] {logging_mixin.py:190} INFO - [2025-04-03T13:45:44.307+0000] {dagbag.py:588} INFO - Filling up the DagBag from /home/hamza/Documents/project/Mlops/myenv/lib/python3.12/site-packages/airflow/example_dags/example_workday_timetable.py
[2025-04-03T13:45:44.319+0000] {processor.py:925} INFO - DAG(s) 'example_workday_timetable' retrieved from /home/hamza/Documents/project/Mlops/myenv/lib/python3.12/site-packages/airflow/example_dags/example_workday_timetable.py
[2025-04-03T13:45:44.345+0000] {logging_mixin.py:190} INFO - [2025-04-03T13:45:44.345+0000] {dag.py:3239} INFO - Sync 1 DAGs
[2025-04-03T13:45:44.458+0000] {logging_mixin.py:190} INFO - [2025-04-03T13:45:44.458+0000] {dag.py:4180} INFO - Setting next_dagrun for example_workday_timetable to 2021-01-04 00:00:00+00:00, run_after=2021-01-05 00:00:00+00:00
[2025-04-03T13:45:44.493+0000] {processor.py:208} INFO - Processing /home/hamza/Documents/project/Mlops/myenv/lib/python3.12/site-packages/airflow/example_dags/example_workday_timetable.py took 0.198 seconds
[2025-04-03T13:46:53.366+0000] {processor.py:186} INFO - Started process (PID=100657) to work on /home/hamza/Documents/project/Mlops/myenv/lib/python3.12/site-packages/airflow/example_dags/example_workday_timetable.py
[2025-04-03T13:46:53.368+0000] {processor.py:914} INFO - Processing file /home/hamza/Documents/project/Mlops/myenv/lib/python3.12/site-packages/airflow/example_dags/example_workday_timetable.py for tasks to queue
[2025-04-03T13:46:53.373+0000] {logging_mixin.py:190} INFO - [2025-04-03T13:46:53.372+0000] {dagbag.py:588} INFO - Filling up the DagBag from /home/hamza/Documents/project/Mlops/myenv/lib/python3.12/site-packages/airflow/example_dags/example_workday_timetable.py
[2025-04-03T13:46:53.386+0000] {processor.py:925} INFO - DAG(s) 'example_workday_timetable' retrieved from /home/hamza/Documents/project/Mlops/myenv/lib/python3.12/site-packages/airflow/example_dags/example_workday_timetable.py
[2025-04-03T13:46:53.411+0000] {logging_mixin.py:190} INFO - [2025-04-03T13:46:53.411+0000] {dag.py:3239} INFO - Sync 1 DAGs
[2025-04-03T13:46:53.506+0000] {logging_mixin.py:190} INFO - [2025-04-03T13:46:53.505+0000] {dag.py:4180} INFO - Setting next_dagrun for example_workday_timetable to 2021-01-04 00:00:00+00:00, run_after=2021-01-05 00:00:00+00:00
[2025-04-03T13:46:53.546+0000] {processor.py:208} INFO - Processing /home/hamza/Documents/project/Mlops/myenv/lib/python3.12/site-packages/airflow/example_dags/example_workday_timetable.py took 0.191 seconds
[2025-04-03T13:48:01.079+0000] {processor.py:186} INFO - Started process (PID=101526) to work on /home/hamza/Documents/project/Mlops/myenv/lib/python3.12/site-packages/airflow/example_dags/example_workday_timetable.py
[2025-04-03T13:48:01.080+0000] {processor.py:914} INFO - Processing file /home/hamza/Documents/project/Mlops/myenv/lib/python3.12/site-packages/airflow/example_dags/example_workday_timetable.py for tasks to queue
[2025-04-03T13:48:01.083+0000] {logging_mixin.py:190} INFO - [2025-04-03T13:48:01.083+0000] {dagbag.py:588} INFO - Filling up the DagBag from /home/hamza/Documents/project/Mlops/myenv/lib/python3.12/site-packages/airflow/example_dags/example_workday_timetable.py
[2025-04-03T13:48:01.093+0000] {processor.py:925} INFO - DAG(s) 'example_workday_timetable' retrieved from /home/hamza/Documents/project/Mlops/myenv/lib/python3.12/site-packages/airflow/example_dags/example_workday_timetable.py
[2025-04-03T13:48:01.120+0000] {logging_mixin.py:190} INFO - [2025-04-03T13:48:01.120+0000] {dag.py:3239} INFO - Sync 1 DAGs
[2025-04-03T13:48:01.217+0000] {logging_mixin.py:190} INFO - [2025-04-03T13:48:01.217+0000] {dag.py:4180} INFO - Setting next_dagrun for example_workday_timetable to 2021-01-04 00:00:00+00:00, run_after=2021-01-05 00:00:00+00:00
[2025-04-03T13:48:01.256+0000] {processor.py:208} INFO - Processing /home/hamza/Documents/project/Mlops/myenv/lib/python3.12/site-packages/airflow/example_dags/example_workday_timetable.py took 0.190 seconds
[2025-04-03T13:49:37.224+0000] {processor.py:186} INFO - Started process (PID=102870) to work on /home/hamza/Documents/project/Mlops/myenv/lib/python3.12/site-packages/airflow/example_dags/example_workday_timetable.py
[2025-04-03T13:49:37.232+0000] {processor.py:914} INFO - Processing file /home/hamza/Documents/project/Mlops/myenv/lib/python3.12/site-packages/airflow/example_dags/example_workday_timetable.py for tasks to queue
[2025-04-03T13:49:37.235+0000] {logging_mixin.py:190} INFO - [2025-04-03T13:49:37.234+0000] {dagbag.py:588} INFO - Filling up the DagBag from /home/hamza/Documents/project/Mlops/myenv/lib/python3.12/site-packages/airflow/example_dags/example_workday_timetable.py
[2025-04-03T13:49:37.243+0000] {processor.py:925} INFO - DAG(s) 'example_workday_timetable' retrieved from /home/hamza/Documents/project/Mlops/myenv/lib/python3.12/site-packages/airflow/example_dags/example_workday_timetable.py
[2025-04-03T13:49:37.271+0000] {logging_mixin.py:190} INFO - [2025-04-03T13:49:37.271+0000] {dag.py:3239} INFO - Sync 1 DAGs
[2025-04-03T13:49:37.358+0000] {logging_mixin.py:190} INFO - [2025-04-03T13:49:37.358+0000] {dag.py:4180} INFO - Setting next_dagrun for example_workday_timetable to 2021-01-04 00:00:00+00:00, run_after=2021-01-05 00:00:00+00:00
[2025-04-03T13:49:37.402+0000] {processor.py:208} INFO - Processing /home/hamza/Documents/project/Mlops/myenv/lib/python3.12/site-packages/airflow/example_dags/example_workday_timetable.py took 0.186 seconds
[2025-04-03T13:50:56.732+0000] {processor.py:186} INFO - Started process (PID=103837) to work on /home/hamza/Documents/project/Mlops/myenv/lib/python3.12/site-packages/airflow/example_dags/example_workday_timetable.py
[2025-04-03T13:50:56.734+0000] {processor.py:914} INFO - Processing file /home/hamza/Documents/project/Mlops/myenv/lib/python3.12/site-packages/airflow/example_dags/example_workday_timetable.py for tasks to queue
[2025-04-03T13:50:56.737+0000] {logging_mixin.py:190} INFO - [2025-04-03T13:50:56.737+0000] {dagbag.py:588} INFO - Filling up the DagBag from /home/hamza/Documents/project/Mlops/myenv/lib/python3.12/site-packages/airflow/example_dags/example_workday_timetable.py
[2025-04-03T13:50:56.747+0000] {processor.py:925} INFO - DAG(s) 'example_workday_timetable' retrieved from /home/hamza/Documents/project/Mlops/myenv/lib/python3.12/site-packages/airflow/example_dags/example_workday_timetable.py
[2025-04-03T13:50:56.773+0000] {logging_mixin.py:190} INFO - [2025-04-03T13:50:56.772+0000] {dag.py:3239} INFO - Sync 1 DAGs
[2025-04-03T13:50:56.871+0000] {logging_mixin.py:190} INFO - [2025-04-03T13:50:56.871+0000] {dag.py:4180} INFO - Setting next_dagrun for example_workday_timetable to 2021-01-04 00:00:00+00:00, run_after=2021-01-05 00:00:00+00:00
[2025-04-03T13:50:56.906+0000] {processor.py:208} INFO - Processing /home/hamza/Documents/project/Mlops/myenv/lib/python3.12/site-packages/airflow/example_dags/example_workday_timetable.py took 0.184 seconds
[2025-04-03T13:52:34.553+0000] {processor.py:186} INFO - Started process (PID=104943) to work on /home/hamza/Documents/project/Mlops/myenv/lib/python3.12/site-packages/airflow/example_dags/example_workday_timetable.py
[2025-04-03T13:52:34.555+0000] {processor.py:914} INFO - Processing file /home/hamza/Documents/project/Mlops/myenv/lib/python3.12/site-packages/airflow/example_dags/example_workday_timetable.py for tasks to queue
[2025-04-03T13:52:34.559+0000] {logging_mixin.py:190} INFO - [2025-04-03T13:52:34.559+0000] {dagbag.py:588} INFO - Filling up the DagBag from /home/hamza/Documents/project/Mlops/myenv/lib/python3.12/site-packages/airflow/example_dags/example_workday_timetable.py
[2025-04-03T13:52:34.570+0000] {processor.py:925} INFO - DAG(s) 'example_workday_timetable' retrieved from /home/hamza/Documents/project/Mlops/myenv/lib/python3.12/site-packages/airflow/example_dags/example_workday_timetable.py
[2025-04-03T13:52:34.599+0000] {logging_mixin.py:190} INFO - [2025-04-03T13:52:34.598+0000] {dag.py:3239} INFO - Sync 1 DAGs
[2025-04-03T13:52:34.776+0000] {logging_mixin.py:190} INFO - [2025-04-03T13:52:34.776+0000] {dag.py:4180} INFO - Setting next_dagrun for example_workday_timetable to 2021-01-04 00:00:00+00:00, run_after=2021-01-05 00:00:00+00:00
[2025-04-03T13:52:34.823+0000] {processor.py:208} INFO - Processing /home/hamza/Documents/project/Mlops/myenv/lib/python3.12/site-packages/airflow/example_dags/example_workday_timetable.py took 0.279 seconds
[2025-04-03T13:54:10.359+0000] {processor.py:186} INFO - Started process (PID=105961) to work on /home/hamza/Documents/project/Mlops/myenv/lib/python3.12/site-packages/airflow/example_dags/example_workday_timetable.py
[2025-04-03T13:54:10.361+0000] {processor.py:914} INFO - Processing file /home/hamza/Documents/project/Mlops/myenv/lib/python3.12/site-packages/airflow/example_dags/example_workday_timetable.py for tasks to queue
[2025-04-03T13:54:10.365+0000] {logging_mixin.py:190} INFO - [2025-04-03T13:54:10.364+0000] {dagbag.py:588} INFO - Filling up the DagBag from /home/hamza/Documents/project/Mlops/myenv/lib/python3.12/site-packages/airflow/example_dags/example_workday_timetable.py
[2025-04-03T13:54:10.376+0000] {processor.py:925} INFO - DAG(s) 'example_workday_timetable' retrieved from /home/hamza/Documents/project/Mlops/myenv/lib/python3.12/site-packages/airflow/example_dags/example_workday_timetable.py
[2025-04-03T13:54:10.400+0000] {logging_mixin.py:190} INFO - [2025-04-03T13:54:10.399+0000] {dag.py:3239} INFO - Sync 1 DAGs
[2025-04-03T13:54:10.531+0000] {logging_mixin.py:190} INFO - [2025-04-03T13:54:10.531+0000] {dag.py:4180} INFO - Setting next_dagrun for example_workday_timetable to 2021-01-04 00:00:00+00:00, run_after=2021-01-05 00:00:00+00:00
[2025-04-03T13:54:10.570+0000] {processor.py:208} INFO - Processing /home/hamza/Documents/project/Mlops/myenv/lib/python3.12/site-packages/airflow/example_dags/example_workday_timetable.py took 0.220 seconds
[2025-04-03T13:57:58.671+0000] {processor.py:186} INFO - Started process (PID=108984) to work on /home/hamza/Documents/project/Mlops/myenv/lib/python3.12/site-packages/airflow/example_dags/example_workday_timetable.py
[2025-04-03T13:57:58.673+0000] {processor.py:914} INFO - Processing file /home/hamza/Documents/project/Mlops/myenv/lib/python3.12/site-packages/airflow/example_dags/example_workday_timetable.py for tasks to queue
[2025-04-03T13:57:58.675+0000] {logging_mixin.py:190} INFO - [2025-04-03T13:57:58.675+0000] {dagbag.py:588} INFO - Filling up the DagBag from /home/hamza/Documents/project/Mlops/myenv/lib/python3.12/site-packages/airflow/example_dags/example_workday_timetable.py
[2025-04-03T13:57:58.683+0000] {processor.py:925} INFO - DAG(s) 'example_workday_timetable' retrieved from /home/hamza/Documents/project/Mlops/myenv/lib/python3.12/site-packages/airflow/example_dags/example_workday_timetable.py
[2025-04-03T13:57:58.718+0000] {logging_mixin.py:190} INFO - [2025-04-03T13:57:58.718+0000] {dag.py:3239} INFO - Sync 1 DAGs
[2025-04-03T13:57:58.826+0000] {logging_mixin.py:190} INFO - [2025-04-03T13:57:58.826+0000] {dag.py:4180} INFO - Setting next_dagrun for example_workday_timetable to 2021-01-04 00:00:00+00:00, run_after=2021-01-05 00:00:00+00:00
[2025-04-03T13:57:58.863+0000] {processor.py:208} INFO - Processing /home/hamza/Documents/project/Mlops/myenv/lib/python3.12/site-packages/airflow/example_dags/example_workday_timetable.py took 0.202 seconds
[2025-04-03T13:59:06.965+0000] {processor.py:186} INFO - Started process (PID=109900) to work on /home/hamza/Documents/project/Mlops/myenv/lib/python3.12/site-packages/airflow/example_dags/example_workday_timetable.py
[2025-04-03T13:59:06.967+0000] {processor.py:914} INFO - Processing file /home/hamza/Documents/project/Mlops/myenv/lib/python3.12/site-packages/airflow/example_dags/example_workday_timetable.py for tasks to queue
[2025-04-03T13:59:06.970+0000] {logging_mixin.py:190} INFO - [2025-04-03T13:59:06.970+0000] {dagbag.py:588} INFO - Filling up the DagBag from /home/hamza/Documents/project/Mlops/myenv/lib/python3.12/site-packages/airflow/example_dags/example_workday_timetable.py
[2025-04-03T13:59:06.981+0000] {processor.py:925} INFO - DAG(s) 'example_workday_timetable' retrieved from /home/hamza/Documents/project/Mlops/myenv/lib/python3.12/site-packages/airflow/example_dags/example_workday_timetable.py
[2025-04-03T13:59:07.011+0000] {logging_mixin.py:190} INFO - [2025-04-03T13:59:07.011+0000] {dag.py:3239} INFO - Sync 1 DAGs
[2025-04-03T13:59:07.106+0000] {logging_mixin.py:190} INFO - [2025-04-03T13:59:07.105+0000] {dag.py:4180} INFO - Setting next_dagrun for example_workday_timetable to 2021-01-04 00:00:00+00:00, run_after=2021-01-05 00:00:00+00:00
[2025-04-03T13:59:07.139+0000] {processor.py:208} INFO - Processing /home/hamza/Documents/project/Mlops/myenv/lib/python3.12/site-packages/airflow/example_dags/example_workday_timetable.py took 0.183 seconds
[2025-04-03T14:09:59.496+0000] {processor.py:186} INFO - Started process (PID=117935) to work on /home/hamza/Documents/project/Mlops/myenv/lib/python3.12/site-packages/airflow/example_dags/example_workday_timetable.py
[2025-04-03T14:09:59.498+0000] {processor.py:914} INFO - Processing file /home/hamza/Documents/project/Mlops/myenv/lib/python3.12/site-packages/airflow/example_dags/example_workday_timetable.py for tasks to queue
[2025-04-03T14:09:59.500+0000] {logging_mixin.py:190} INFO - [2025-04-03T14:09:59.500+0000] {dagbag.py:588} INFO - Filling up the DagBag from /home/hamza/Documents/project/Mlops/myenv/lib/python3.12/site-packages/airflow/example_dags/example_workday_timetable.py
[2025-04-03T14:09:59.507+0000] {processor.py:925} INFO - DAG(s) 'example_workday_timetable' retrieved from /home/hamza/Documents/project/Mlops/myenv/lib/python3.12/site-packages/airflow/example_dags/example_workday_timetable.py
[2025-04-03T14:09:59.538+0000] {logging_mixin.py:190} INFO - [2025-04-03T14:09:59.538+0000] {dag.py:3239} INFO - Sync 1 DAGs
[2025-04-03T14:09:59.666+0000] {logging_mixin.py:190} INFO - [2025-04-03T14:09:59.665+0000] {dag.py:4180} INFO - Setting next_dagrun for example_workday_timetable to 2021-01-04 00:00:00+00:00, run_after=2021-01-05 00:00:00+00:00
[2025-04-03T14:09:59.705+0000] {processor.py:208} INFO - Processing /home/hamza/Documents/project/Mlops/myenv/lib/python3.12/site-packages/airflow/example_dags/example_workday_timetable.py took 0.219 seconds
[2025-04-03T14:11:14.252+0000] {processor.py:186} INFO - Started process (PID=118639) to work on /home/hamza/Documents/project/Mlops/myenv/lib/python3.12/site-packages/airflow/example_dags/example_workday_timetable.py
[2025-04-03T14:11:14.254+0000] {processor.py:914} INFO - Processing file /home/hamza/Documents/project/Mlops/myenv/lib/python3.12/site-packages/airflow/example_dags/example_workday_timetable.py for tasks to queue
[2025-04-03T14:11:14.257+0000] {logging_mixin.py:190} INFO - [2025-04-03T14:11:14.256+0000] {dagbag.py:588} INFO - Filling up the DagBag from /home/hamza/Documents/project/Mlops/myenv/lib/python3.12/site-packages/airflow/example_dags/example_workday_timetable.py
[2025-04-03T14:11:14.266+0000] {processor.py:925} INFO - DAG(s) 'example_workday_timetable' retrieved from /home/hamza/Documents/project/Mlops/myenv/lib/python3.12/site-packages/airflow/example_dags/example_workday_timetable.py
[2025-04-03T14:11:14.300+0000] {logging_mixin.py:190} INFO - [2025-04-03T14:11:14.300+0000] {dag.py:3239} INFO - Sync 1 DAGs
[2025-04-03T14:11:14.408+0000] {logging_mixin.py:190} INFO - [2025-04-03T14:11:14.408+0000] {dag.py:4180} INFO - Setting next_dagrun for example_workday_timetable to 2021-01-04 00:00:00+00:00, run_after=2021-01-05 00:00:00+00:00
[2025-04-03T14:11:14.443+0000] {processor.py:208} INFO - Processing /home/hamza/Documents/project/Mlops/myenv/lib/python3.12/site-packages/airflow/example_dags/example_workday_timetable.py took 0.201 seconds
[2025-04-03T14:12:54.281+0000] {processor.py:186} INFO - Started process (PID=119564) to work on /home/hamza/Documents/project/Mlops/myenv/lib/python3.12/site-packages/airflow/example_dags/example_workday_timetable.py
[2025-04-03T14:12:54.283+0000] {processor.py:914} INFO - Processing file /home/hamza/Documents/project/Mlops/myenv/lib/python3.12/site-packages/airflow/example_dags/example_workday_timetable.py for tasks to queue
[2025-04-03T14:12:54.286+0000] {logging_mixin.py:190} INFO - [2025-04-03T14:12:54.285+0000] {dagbag.py:588} INFO - Filling up the DagBag from /home/hamza/Documents/project/Mlops/myenv/lib/python3.12/site-packages/airflow/example_dags/example_workday_timetable.py
[2025-04-03T14:12:54.292+0000] {processor.py:925} INFO - DAG(s) 'example_workday_timetable' retrieved from /home/hamza/Documents/project/Mlops/myenv/lib/python3.12/site-packages/airflow/example_dags/example_workday_timetable.py
[2025-04-03T14:12:54.317+0000] {logging_mixin.py:190} INFO - [2025-04-03T14:12:54.317+0000] {dag.py:3239} INFO - Sync 1 DAGs
[2025-04-03T14:12:54.414+0000] {logging_mixin.py:190} INFO - [2025-04-03T14:12:54.413+0000] {dag.py:4180} INFO - Setting next_dagrun for example_workday_timetable to 2021-01-04 00:00:00+00:00, run_after=2021-01-05 00:00:00+00:00
[2025-04-03T14:12:54.441+0000] {processor.py:208} INFO - Processing /home/hamza/Documents/project/Mlops/myenv/lib/python3.12/site-packages/airflow/example_dags/example_workday_timetable.py took 0.170 seconds
[2025-04-03T14:18:39.032+0000] {processor.py:186} INFO - Started process (PID=122311) to work on /home/hamza/Documents/project/Mlops/myenv/lib/python3.12/site-packages/airflow/example_dags/example_workday_timetable.py
[2025-04-03T14:18:39.035+0000] {processor.py:914} INFO - Processing file /home/hamza/Documents/project/Mlops/myenv/lib/python3.12/site-packages/airflow/example_dags/example_workday_timetable.py for tasks to queue
[2025-04-03T14:18:39.037+0000] {logging_mixin.py:190} INFO - [2025-04-03T14:18:39.036+0000] {dagbag.py:588} INFO - Filling up the DagBag from /home/hamza/Documents/project/Mlops/myenv/lib/python3.12/site-packages/airflow/example_dags/example_workday_timetable.py
[2025-04-03T14:18:39.044+0000] {processor.py:925} INFO - DAG(s) 'example_workday_timetable' retrieved from /home/hamza/Documents/project/Mlops/myenv/lib/python3.12/site-packages/airflow/example_dags/example_workday_timetable.py
[2025-04-03T14:18:39.074+0000] {logging_mixin.py:190} INFO - [2025-04-03T14:18:39.073+0000] {dag.py:3239} INFO - Sync 1 DAGs
[2025-04-03T14:18:39.169+0000] {logging_mixin.py:190} INFO - [2025-04-03T14:18:39.169+0000] {dag.py:4180} INFO - Setting next_dagrun for example_workday_timetable to 2021-01-04 00:00:00+00:00, run_after=2021-01-05 00:00:00+00:00
[2025-04-03T14:18:39.200+0000] {processor.py:208} INFO - Processing /home/hamza/Documents/project/Mlops/myenv/lib/python3.12/site-packages/airflow/example_dags/example_workday_timetable.py took 0.176 seconds
[2025-04-03T14:19:52.466+0000] {processor.py:186} INFO - Started process (PID=123010) to work on /home/hamza/Documents/project/Mlops/myenv/lib/python3.12/site-packages/airflow/example_dags/example_workday_timetable.py
[2025-04-03T14:19:52.467+0000] {processor.py:914} INFO - Processing file /home/hamza/Documents/project/Mlops/myenv/lib/python3.12/site-packages/airflow/example_dags/example_workday_timetable.py for tasks to queue
[2025-04-03T14:19:52.470+0000] {logging_mixin.py:190} INFO - [2025-04-03T14:19:52.469+0000] {dagbag.py:588} INFO - Filling up the DagBag from /home/hamza/Documents/project/Mlops/myenv/lib/python3.12/site-packages/airflow/example_dags/example_workday_timetable.py
[2025-04-03T14:19:52.476+0000] {processor.py:925} INFO - DAG(s) 'example_workday_timetable' retrieved from /home/hamza/Documents/project/Mlops/myenv/lib/python3.12/site-packages/airflow/example_dags/example_workday_timetable.py
[2025-04-03T14:19:52.502+0000] {logging_mixin.py:190} INFO - [2025-04-03T14:19:52.502+0000] {dag.py:3239} INFO - Sync 1 DAGs
[2025-04-03T14:19:52.635+0000] {logging_mixin.py:190} INFO - [2025-04-03T14:19:52.634+0000] {dag.py:4180} INFO - Setting next_dagrun for example_workday_timetable to 2021-01-04 00:00:00+00:00, run_after=2021-01-05 00:00:00+00:00
[2025-04-03T14:19:52.670+0000] {processor.py:208} INFO - Processing /home/hamza/Documents/project/Mlops/myenv/lib/python3.12/site-packages/airflow/example_dags/example_workday_timetable.py took 0.214 seconds
[2025-04-03T15:08:10.104+0000] {processor.py:186} INFO - Started process (PID=35764) to work on /home/hamza/Documents/project/Mlops/myenv/lib/python3.12/site-packages/airflow/example_dags/example_workday_timetable.py
[2025-04-03T15:08:10.106+0000] {processor.py:914} INFO - Processing file /home/hamza/Documents/project/Mlops/myenv/lib/python3.12/site-packages/airflow/example_dags/example_workday_timetable.py for tasks to queue
[2025-04-03T15:08:10.109+0000] {logging_mixin.py:190} INFO - [2025-04-03T15:08:10.108+0000] {dagbag.py:588} INFO - Filling up the DagBag from /home/hamza/Documents/project/Mlops/myenv/lib/python3.12/site-packages/airflow/example_dags/example_workday_timetable.py
[2025-04-03T15:08:10.118+0000] {processor.py:925} INFO - DAG(s) 'example_workday_timetable' retrieved from /home/hamza/Documents/project/Mlops/myenv/lib/python3.12/site-packages/airflow/example_dags/example_workday_timetable.py
[2025-04-03T15:08:10.140+0000] {logging_mixin.py:190} INFO - [2025-04-03T15:08:10.140+0000] {dag.py:3239} INFO - Sync 1 DAGs
[2025-04-03T15:08:10.236+0000] {logging_mixin.py:190} INFO - [2025-04-03T15:08:10.236+0000] {dag.py:4180} INFO - Setting next_dagrun for example_workday_timetable to 2021-01-04 00:00:00+00:00, run_after=2021-01-05 00:00:00+00:00
[2025-04-03T15:08:10.276+0000] {processor.py:208} INFO - Processing /home/hamza/Documents/project/Mlops/myenv/lib/python3.12/site-packages/airflow/example_dags/example_workday_timetable.py took 0.179 seconds
[2025-04-03T15:09:25.217+0000] {processor.py:186} INFO - Started process (PID=36778) to work on /home/hamza/Documents/project/Mlops/myenv/lib/python3.12/site-packages/airflow/example_dags/example_workday_timetable.py
[2025-04-03T15:09:25.222+0000] {processor.py:914} INFO - Processing file /home/hamza/Documents/project/Mlops/myenv/lib/python3.12/site-packages/airflow/example_dags/example_workday_timetable.py for tasks to queue
[2025-04-03T15:09:25.226+0000] {logging_mixin.py:190} INFO - [2025-04-03T15:09:25.225+0000] {dagbag.py:588} INFO - Filling up the DagBag from /home/hamza/Documents/project/Mlops/myenv/lib/python3.12/site-packages/airflow/example_dags/example_workday_timetable.py
[2025-04-03T15:09:25.236+0000] {processor.py:925} INFO - DAG(s) 'example_workday_timetable' retrieved from /home/hamza/Documents/project/Mlops/myenv/lib/python3.12/site-packages/airflow/example_dags/example_workday_timetable.py
[2025-04-03T15:09:25.260+0000] {logging_mixin.py:190} INFO - [2025-04-03T15:09:25.259+0000] {dag.py:3239} INFO - Sync 1 DAGs
[2025-04-03T15:09:25.350+0000] {logging_mixin.py:190} INFO - [2025-04-03T15:09:25.350+0000] {dag.py:4180} INFO - Setting next_dagrun for example_workday_timetable to 2021-01-04 00:00:00+00:00, run_after=2021-01-05 00:00:00+00:00
[2025-04-03T15:09:25.381+0000] {processor.py:208} INFO - Processing /home/hamza/Documents/project/Mlops/myenv/lib/python3.12/site-packages/airflow/example_dags/example_workday_timetable.py took 0.174 seconds
[2025-04-03T15:10:54.606+0000] {processor.py:186} INFO - Started process (PID=37611) to work on /home/hamza/Documents/project/Mlops/myenv/lib/python3.12/site-packages/airflow/example_dags/example_workday_timetable.py
[2025-04-03T15:10:54.609+0000] {processor.py:914} INFO - Processing file /home/hamza/Documents/project/Mlops/myenv/lib/python3.12/site-packages/airflow/example_dags/example_workday_timetable.py for tasks to queue
[2025-04-03T15:10:54.616+0000] {logging_mixin.py:190} INFO - [2025-04-03T15:10:54.615+0000] {dagbag.py:588} INFO - Filling up the DagBag from /home/hamza/Documents/project/Mlops/myenv/lib/python3.12/site-packages/airflow/example_dags/example_workday_timetable.py
[2025-04-03T15:10:54.627+0000] {processor.py:925} INFO - DAG(s) 'example_workday_timetable' retrieved from /home/hamza/Documents/project/Mlops/myenv/lib/python3.12/site-packages/airflow/example_dags/example_workday_timetable.py
[2025-04-03T15:10:54.653+0000] {logging_mixin.py:190} INFO - [2025-04-03T15:10:54.652+0000] {dag.py:3239} INFO - Sync 1 DAGs
[2025-04-03T15:10:54.748+0000] {logging_mixin.py:190} INFO - [2025-04-03T15:10:54.747+0000] {dag.py:4180} INFO - Setting next_dagrun for example_workday_timetable to 2021-01-04 00:00:00+00:00, run_after=2021-01-05 00:00:00+00:00
[2025-04-03T15:10:54.784+0000] {processor.py:208} INFO - Processing /home/hamza/Documents/project/Mlops/myenv/lib/python3.12/site-packages/airflow/example_dags/example_workday_timetable.py took 0.187 seconds
[2025-04-03T15:12:22.756+0000] {processor.py:186} INFO - Started process (PID=38404) to work on /home/hamza/Documents/project/Mlops/myenv/lib/python3.12/site-packages/airflow/example_dags/example_workday_timetable.py
[2025-04-03T15:12:22.758+0000] {processor.py:914} INFO - Processing file /home/hamza/Documents/project/Mlops/myenv/lib/python3.12/site-packages/airflow/example_dags/example_workday_timetable.py for tasks to queue
[2025-04-03T15:12:22.763+0000] {logging_mixin.py:190} INFO - [2025-04-03T15:12:22.762+0000] {dagbag.py:588} INFO - Filling up the DagBag from /home/hamza/Documents/project/Mlops/myenv/lib/python3.12/site-packages/airflow/example_dags/example_workday_timetable.py
[2025-04-03T15:12:22.773+0000] {processor.py:925} INFO - DAG(s) 'example_workday_timetable' retrieved from /home/hamza/Documents/project/Mlops/myenv/lib/python3.12/site-packages/airflow/example_dags/example_workday_timetable.py
[2025-04-03T15:12:22.798+0000] {logging_mixin.py:190} INFO - [2025-04-03T15:12:22.798+0000] {dag.py:3239} INFO - Sync 1 DAGs
[2025-04-03T15:12:22.885+0000] {logging_mixin.py:190} INFO - [2025-04-03T15:12:22.884+0000] {dag.py:4180} INFO - Setting next_dagrun for example_workday_timetable to 2021-01-04 00:00:00+00:00, run_after=2021-01-05 00:00:00+00:00
[2025-04-03T15:12:22.925+0000] {processor.py:208} INFO - Processing /home/hamza/Documents/project/Mlops/myenv/lib/python3.12/site-packages/airflow/example_dags/example_workday_timetable.py took 0.179 seconds
[2025-04-03T15:13:59.525+0000] {processor.py:186} INFO - Started process (PID=39306) to work on /home/hamza/Documents/project/Mlops/myenv/lib/python3.12/site-packages/airflow/example_dags/example_workday_timetable.py
[2025-04-03T15:13:59.528+0000] {processor.py:914} INFO - Processing file /home/hamza/Documents/project/Mlops/myenv/lib/python3.12/site-packages/airflow/example_dags/example_workday_timetable.py for tasks to queue
[2025-04-03T15:13:59.532+0000] {logging_mixin.py:190} INFO - [2025-04-03T15:13:59.531+0000] {dagbag.py:588} INFO - Filling up the DagBag from /home/hamza/Documents/project/Mlops/myenv/lib/python3.12/site-packages/airflow/example_dags/example_workday_timetable.py
[2025-04-03T15:13:59.541+0000] {processor.py:925} INFO - DAG(s) 'example_workday_timetable' retrieved from /home/hamza/Documents/project/Mlops/myenv/lib/python3.12/site-packages/airflow/example_dags/example_workday_timetable.py
[2025-04-03T15:13:59.563+0000] {logging_mixin.py:190} INFO - [2025-04-03T15:13:59.563+0000] {dag.py:3239} INFO - Sync 1 DAGs
[2025-04-03T15:13:59.659+0000] {logging_mixin.py:190} INFO - [2025-04-03T15:13:59.658+0000] {dag.py:4180} INFO - Setting next_dagrun for example_workday_timetable to 2021-01-04 00:00:00+00:00, run_after=2021-01-05 00:00:00+00:00
[2025-04-03T15:13:59.699+0000] {processor.py:208} INFO - Processing /home/hamza/Documents/project/Mlops/myenv/lib/python3.12/site-packages/airflow/example_dags/example_workday_timetable.py took 0.185 seconds
[2025-04-03T15:15:33.359+0000] {processor.py:186} INFO - Started process (PID=40258) to work on /home/hamza/Documents/project/Mlops/myenv/lib/python3.12/site-packages/airflow/example_dags/example_workday_timetable.py
[2025-04-03T15:15:33.366+0000] {processor.py:914} INFO - Processing file /home/hamza/Documents/project/Mlops/myenv/lib/python3.12/site-packages/airflow/example_dags/example_workday_timetable.py for tasks to queue
[2025-04-03T15:15:33.371+0000] {logging_mixin.py:190} INFO - [2025-04-03T15:15:33.370+0000] {dagbag.py:588} INFO - Filling up the DagBag from /home/hamza/Documents/project/Mlops/myenv/lib/python3.12/site-packages/airflow/example_dags/example_workday_timetable.py
[2025-04-03T15:15:33.382+0000] {processor.py:925} INFO - DAG(s) 'example_workday_timetable' retrieved from /home/hamza/Documents/project/Mlops/myenv/lib/python3.12/site-packages/airflow/example_dags/example_workday_timetable.py
[2025-04-03T15:15:33.411+0000] {logging_mixin.py:190} INFO - [2025-04-03T15:15:33.410+0000] {dag.py:3239} INFO - Sync 1 DAGs
[2025-04-03T15:15:33.520+0000] {logging_mixin.py:190} INFO - [2025-04-03T15:15:33.520+0000] {dag.py:4180} INFO - Setting next_dagrun for example_workday_timetable to 2021-01-04 00:00:00+00:00, run_after=2021-01-05 00:00:00+00:00
[2025-04-03T15:15:33.556+0000] {processor.py:208} INFO - Processing /home/hamza/Documents/project/Mlops/myenv/lib/python3.12/site-packages/airflow/example_dags/example_workday_timetable.py took 0.208 seconds
[2025-04-03T15:17:11.758+0000] {processor.py:186} INFO - Started process (PID=41228) to work on /home/hamza/Documents/project/Mlops/myenv/lib/python3.12/site-packages/airflow/example_dags/example_workday_timetable.py
[2025-04-03T15:17:11.761+0000] {processor.py:914} INFO - Processing file /home/hamza/Documents/project/Mlops/myenv/lib/python3.12/site-packages/airflow/example_dags/example_workday_timetable.py for tasks to queue
[2025-04-03T15:17:11.767+0000] {logging_mixin.py:190} INFO - [2025-04-03T15:17:11.766+0000] {dagbag.py:588} INFO - Filling up the DagBag from /home/hamza/Documents/project/Mlops/myenv/lib/python3.12/site-packages/airflow/example_dags/example_workday_timetable.py
[2025-04-03T15:17:11.777+0000] {processor.py:925} INFO - DAG(s) 'example_workday_timetable' retrieved from /home/hamza/Documents/project/Mlops/myenv/lib/python3.12/site-packages/airflow/example_dags/example_workday_timetable.py
[2025-04-03T15:17:11.801+0000] {logging_mixin.py:190} INFO - [2025-04-03T15:17:11.801+0000] {dag.py:3239} INFO - Sync 1 DAGs
[2025-04-03T15:17:11.889+0000] {logging_mixin.py:190} INFO - [2025-04-03T15:17:11.888+0000] {dag.py:4180} INFO - Setting next_dagrun for example_workday_timetable to 2021-01-04 00:00:00+00:00, run_after=2021-01-05 00:00:00+00:00
[2025-04-03T15:17:11.922+0000] {processor.py:208} INFO - Processing /home/hamza/Documents/project/Mlops/myenv/lib/python3.12/site-packages/airflow/example_dags/example_workday_timetable.py took 0.174 seconds
[2025-04-03T15:18:44.582+0000] {processor.py:186} INFO - Started process (PID=42218) to work on /home/hamza/Documents/project/Mlops/myenv/lib/python3.12/site-packages/airflow/example_dags/example_workday_timetable.py
[2025-04-03T15:18:44.585+0000] {processor.py:914} INFO - Processing file /home/hamza/Documents/project/Mlops/myenv/lib/python3.12/site-packages/airflow/example_dags/example_workday_timetable.py for tasks to queue
[2025-04-03T15:18:44.590+0000] {logging_mixin.py:190} INFO - [2025-04-03T15:18:44.589+0000] {dagbag.py:588} INFO - Filling up the DagBag from /home/hamza/Documents/project/Mlops/myenv/lib/python3.12/site-packages/airflow/example_dags/example_workday_timetable.py
[2025-04-03T15:18:44.602+0000] {processor.py:925} INFO - DAG(s) 'example_workday_timetable' retrieved from /home/hamza/Documents/project/Mlops/myenv/lib/python3.12/site-packages/airflow/example_dags/example_workday_timetable.py
[2025-04-03T15:18:44.631+0000] {logging_mixin.py:190} INFO - [2025-04-03T15:18:44.630+0000] {dag.py:3239} INFO - Sync 1 DAGs
[2025-04-03T15:18:44.724+0000] {logging_mixin.py:190} INFO - [2025-04-03T15:18:44.724+0000] {dag.py:4180} INFO - Setting next_dagrun for example_workday_timetable to 2021-01-04 00:00:00+00:00, run_after=2021-01-05 00:00:00+00:00
[2025-04-03T15:18:44.756+0000] {processor.py:208} INFO - Processing /home/hamza/Documents/project/Mlops/myenv/lib/python3.12/site-packages/airflow/example_dags/example_workday_timetable.py took 0.183 seconds
[2025-04-03T15:20:15.707+0000] {processor.py:186} INFO - Started process (PID=43213) to work on /home/hamza/Documents/project/Mlops/myenv/lib/python3.12/site-packages/airflow/example_dags/example_workday_timetable.py
[2025-04-03T15:20:15.710+0000] {processor.py:914} INFO - Processing file /home/hamza/Documents/project/Mlops/myenv/lib/python3.12/site-packages/airflow/example_dags/example_workday_timetable.py for tasks to queue
[2025-04-03T15:20:15.714+0000] {logging_mixin.py:190} INFO - [2025-04-03T15:20:15.713+0000] {dagbag.py:588} INFO - Filling up the DagBag from /home/hamza/Documents/project/Mlops/myenv/lib/python3.12/site-packages/airflow/example_dags/example_workday_timetable.py
[2025-04-03T15:20:15.724+0000] {processor.py:925} INFO - DAG(s) 'example_workday_timetable' retrieved from /home/hamza/Documents/project/Mlops/myenv/lib/python3.12/site-packages/airflow/example_dags/example_workday_timetable.py
[2025-04-03T15:20:15.750+0000] {logging_mixin.py:190} INFO - [2025-04-03T15:20:15.749+0000] {dag.py:3239} INFO - Sync 1 DAGs
[2025-04-03T15:20:15.843+0000] {logging_mixin.py:190} INFO - [2025-04-03T15:20:15.843+0000] {dag.py:4180} INFO - Setting next_dagrun for example_workday_timetable to 2021-01-04 00:00:00+00:00, run_after=2021-01-05 00:00:00+00:00
[2025-04-03T15:20:15.876+0000] {processor.py:208} INFO - Processing /home/hamza/Documents/project/Mlops/myenv/lib/python3.12/site-packages/airflow/example_dags/example_workday_timetable.py took 0.177 seconds
[2025-04-03T15:21:50.033+0000] {processor.py:186} INFO - Started process (PID=44118) to work on /home/hamza/Documents/project/Mlops/myenv/lib/python3.12/site-packages/airflow/example_dags/example_workday_timetable.py
[2025-04-03T15:21:50.036+0000] {processor.py:914} INFO - Processing file /home/hamza/Documents/project/Mlops/myenv/lib/python3.12/site-packages/airflow/example_dags/example_workday_timetable.py for tasks to queue
[2025-04-03T15:21:50.041+0000] {logging_mixin.py:190} INFO - [2025-04-03T15:21:50.040+0000] {dagbag.py:588} INFO - Filling up the DagBag from /home/hamza/Documents/project/Mlops/myenv/lib/python3.12/site-packages/airflow/example_dags/example_workday_timetable.py
[2025-04-03T15:21:50.051+0000] {processor.py:925} INFO - DAG(s) 'example_workday_timetable' retrieved from /home/hamza/Documents/project/Mlops/myenv/lib/python3.12/site-packages/airflow/example_dags/example_workday_timetable.py
[2025-04-03T15:21:50.076+0000] {logging_mixin.py:190} INFO - [2025-04-03T15:21:50.075+0000] {dag.py:3239} INFO - Sync 1 DAGs
[2025-04-03T15:21:50.164+0000] {logging_mixin.py:190} INFO - [2025-04-03T15:21:50.163+0000] {dag.py:4180} INFO - Setting next_dagrun for example_workday_timetable to 2021-01-04 00:00:00+00:00, run_after=2021-01-05 00:00:00+00:00
[2025-04-03T15:21:50.197+0000] {processor.py:208} INFO - Processing /home/hamza/Documents/project/Mlops/myenv/lib/python3.12/site-packages/airflow/example_dags/example_workday_timetable.py took 0.173 seconds
[2025-04-03T15:23:27.728+0000] {processor.py:186} INFO - Started process (PID=45065) to work on /home/hamza/Documents/project/Mlops/myenv/lib/python3.12/site-packages/airflow/example_dags/example_workday_timetable.py
[2025-04-03T15:23:27.731+0000] {processor.py:914} INFO - Processing file /home/hamza/Documents/project/Mlops/myenv/lib/python3.12/site-packages/airflow/example_dags/example_workday_timetable.py for tasks to queue
[2025-04-03T15:23:27.735+0000] {logging_mixin.py:190} INFO - [2025-04-03T15:23:27.734+0000] {dagbag.py:588} INFO - Filling up the DagBag from /home/hamza/Documents/project/Mlops/myenv/lib/python3.12/site-packages/airflow/example_dags/example_workday_timetable.py
[2025-04-03T15:23:27.745+0000] {processor.py:925} INFO - DAG(s) 'example_workday_timetable' retrieved from /home/hamza/Documents/project/Mlops/myenv/lib/python3.12/site-packages/airflow/example_dags/example_workday_timetable.py
[2025-04-03T15:23:27.769+0000] {logging_mixin.py:190} INFO - [2025-04-03T15:23:27.769+0000] {dag.py:3239} INFO - Sync 1 DAGs
[2025-04-03T15:23:27.859+0000] {logging_mixin.py:190} INFO - [2025-04-03T15:23:27.859+0000] {dag.py:4180} INFO - Setting next_dagrun for example_workday_timetable to 2021-01-04 00:00:00+00:00, run_after=2021-01-05 00:00:00+00:00
[2025-04-03T15:23:27.891+0000] {processor.py:208} INFO - Processing /home/hamza/Documents/project/Mlops/myenv/lib/python3.12/site-packages/airflow/example_dags/example_workday_timetable.py took 0.172 seconds
[2025-04-03T15:25:02.600+0000] {processor.py:186} INFO - Started process (PID=45998) to work on /home/hamza/Documents/project/Mlops/myenv/lib/python3.12/site-packages/airflow/example_dags/example_workday_timetable.py
[2025-04-03T15:25:02.602+0000] {processor.py:914} INFO - Processing file /home/hamza/Documents/project/Mlops/myenv/lib/python3.12/site-packages/airflow/example_dags/example_workday_timetable.py for tasks to queue
[2025-04-03T15:25:02.607+0000] {logging_mixin.py:190} INFO - [2025-04-03T15:25:02.606+0000] {dagbag.py:588} INFO - Filling up the DagBag from /home/hamza/Documents/project/Mlops/myenv/lib/python3.12/site-packages/airflow/example_dags/example_workday_timetable.py
[2025-04-03T15:25:02.617+0000] {processor.py:925} INFO - DAG(s) 'example_workday_timetable' retrieved from /home/hamza/Documents/project/Mlops/myenv/lib/python3.12/site-packages/airflow/example_dags/example_workday_timetable.py
[2025-04-03T15:25:02.643+0000] {logging_mixin.py:190} INFO - [2025-04-03T15:25:02.642+0000] {dag.py:3239} INFO - Sync 1 DAGs
[2025-04-03T15:25:02.732+0000] {logging_mixin.py:190} INFO - [2025-04-03T15:25:02.732+0000] {dag.py:4180} INFO - Setting next_dagrun for example_workday_timetable to 2021-01-04 00:00:00+00:00, run_after=2021-01-05 00:00:00+00:00
[2025-04-03T15:25:02.766+0000] {processor.py:208} INFO - Processing /home/hamza/Documents/project/Mlops/myenv/lib/python3.12/site-packages/airflow/example_dags/example_workday_timetable.py took 0.175 seconds
[2025-04-03T15:26:33.327+0000] {processor.py:186} INFO - Started process (PID=46869) to work on /home/hamza/Documents/project/Mlops/myenv/lib/python3.12/site-packages/airflow/example_dags/example_workday_timetable.py
[2025-04-03T15:26:33.332+0000] {processor.py:914} INFO - Processing file /home/hamza/Documents/project/Mlops/myenv/lib/python3.12/site-packages/airflow/example_dags/example_workday_timetable.py for tasks to queue
[2025-04-03T15:26:33.335+0000] {logging_mixin.py:190} INFO - [2025-04-03T15:26:33.335+0000] {dagbag.py:588} INFO - Filling up the DagBag from /home/hamza/Documents/project/Mlops/myenv/lib/python3.12/site-packages/airflow/example_dags/example_workday_timetable.py
[2025-04-03T15:26:33.346+0000] {processor.py:925} INFO - DAG(s) 'example_workday_timetable' retrieved from /home/hamza/Documents/project/Mlops/myenv/lib/python3.12/site-packages/airflow/example_dags/example_workday_timetable.py
[2025-04-03T15:26:33.372+0000] {logging_mixin.py:190} INFO - [2025-04-03T15:26:33.371+0000] {dag.py:3239} INFO - Sync 1 DAGs
[2025-04-03T15:26:33.458+0000] {logging_mixin.py:190} INFO - [2025-04-03T15:26:33.458+0000] {dag.py:4180} INFO - Setting next_dagrun for example_workday_timetable to 2021-01-04 00:00:00+00:00, run_after=2021-01-05 00:00:00+00:00
[2025-04-03T15:26:33.491+0000] {processor.py:208} INFO - Processing /home/hamza/Documents/project/Mlops/myenv/lib/python3.12/site-packages/airflow/example_dags/example_workday_timetable.py took 0.172 seconds
[2025-04-03T16:31:08.235+0000] {processor.py:186} INFO - Started process (PID=82595) to work on /home/hamza/Documents/project/Mlops/myenv/lib/python3.12/site-packages/airflow/example_dags/example_workday_timetable.py
[2025-04-03T16:31:08.237+0000] {processor.py:914} INFO - Processing file /home/hamza/Documents/project/Mlops/myenv/lib/python3.12/site-packages/airflow/example_dags/example_workday_timetable.py for tasks to queue
[2025-04-03T16:31:08.240+0000] {logging_mixin.py:190} INFO - [2025-04-03T16:31:08.240+0000] {dagbag.py:588} INFO - Filling up the DagBag from /home/hamza/Documents/project/Mlops/myenv/lib/python3.12/site-packages/airflow/example_dags/example_workday_timetable.py
[2025-04-03T16:31:08.251+0000] {processor.py:925} INFO - DAG(s) 'example_workday_timetable' retrieved from /home/hamza/Documents/project/Mlops/myenv/lib/python3.12/site-packages/airflow/example_dags/example_workday_timetable.py
[2025-04-03T16:31:08.279+0000] {logging_mixin.py:190} INFO - [2025-04-03T16:31:08.278+0000] {dag.py:3239} INFO - Sync 1 DAGs
[2025-04-03T16:31:08.421+0000] {logging_mixin.py:190} INFO - [2025-04-03T16:31:08.420+0000] {dag.py:4180} INFO - Setting next_dagrun for example_workday_timetable to 2021-01-04 00:00:00+00:00, run_after=2021-01-05 00:00:00+00:00
[2025-04-03T16:31:08.458+0000] {processor.py:208} INFO - Processing /home/hamza/Documents/project/Mlops/myenv/lib/python3.12/site-packages/airflow/example_dags/example_workday_timetable.py took 0.232 seconds
[2025-04-03T16:33:46.970+0000] {processor.py:186} INFO - Started process (PID=84066) to work on /home/hamza/Documents/project/Mlops/myenv/lib/python3.12/site-packages/airflow/example_dags/example_workday_timetable.py
[2025-04-03T16:33:46.971+0000] {processor.py:914} INFO - Processing file /home/hamza/Documents/project/Mlops/myenv/lib/python3.12/site-packages/airflow/example_dags/example_workday_timetable.py for tasks to queue
[2025-04-03T16:33:46.975+0000] {logging_mixin.py:190} INFO - [2025-04-03T16:33:46.974+0000] {dagbag.py:588} INFO - Filling up the DagBag from /home/hamza/Documents/project/Mlops/myenv/lib/python3.12/site-packages/airflow/example_dags/example_workday_timetable.py
[2025-04-03T16:33:46.993+0000] {processor.py:925} INFO - DAG(s) 'example_workday_timetable' retrieved from /home/hamza/Documents/project/Mlops/myenv/lib/python3.12/site-packages/airflow/example_dags/example_workday_timetable.py
[2025-04-03T16:33:47.027+0000] {logging_mixin.py:190} INFO - [2025-04-03T16:33:47.026+0000] {dag.py:3239} INFO - Sync 1 DAGs
[2025-04-03T16:33:47.188+0000] {logging_mixin.py:190} INFO - [2025-04-03T16:33:47.187+0000] {dag.py:4180} INFO - Setting next_dagrun for example_workday_timetable to 2021-01-04 00:00:00+00:00, run_after=2021-01-05 00:00:00+00:00
[2025-04-03T16:33:47.229+0000] {processor.py:208} INFO - Processing /home/hamza/Documents/project/Mlops/myenv/lib/python3.12/site-packages/airflow/example_dags/example_workday_timetable.py took 0.270 seconds
[2025-04-03T16:35:17.656+0000] {processor.py:186} INFO - Started process (PID=84837) to work on /home/hamza/Documents/project/Mlops/myenv/lib/python3.12/site-packages/airflow/example_dags/example_workday_timetable.py
[2025-04-03T16:35:17.657+0000] {processor.py:914} INFO - Processing file /home/hamza/Documents/project/Mlops/myenv/lib/python3.12/site-packages/airflow/example_dags/example_workday_timetable.py for tasks to queue
[2025-04-03T16:35:17.661+0000] {logging_mixin.py:190} INFO - [2025-04-03T16:35:17.660+0000] {dagbag.py:588} INFO - Filling up the DagBag from /home/hamza/Documents/project/Mlops/myenv/lib/python3.12/site-packages/airflow/example_dags/example_workday_timetable.py
[2025-04-03T16:35:17.672+0000] {processor.py:925} INFO - DAG(s) 'example_workday_timetable' retrieved from /home/hamza/Documents/project/Mlops/myenv/lib/python3.12/site-packages/airflow/example_dags/example_workday_timetable.py
[2025-04-03T16:35:17.699+0000] {logging_mixin.py:190} INFO - [2025-04-03T16:35:17.699+0000] {dag.py:3239} INFO - Sync 1 DAGs
[2025-04-03T16:35:17.838+0000] {logging_mixin.py:190} INFO - [2025-04-03T16:35:17.837+0000] {dag.py:4180} INFO - Setting next_dagrun for example_workday_timetable to 2021-01-04 00:00:00+00:00, run_after=2021-01-05 00:00:00+00:00
[2025-04-03T16:35:17.877+0000] {processor.py:208} INFO - Processing /home/hamza/Documents/project/Mlops/myenv/lib/python3.12/site-packages/airflow/example_dags/example_workday_timetable.py took 0.232 seconds
[2025-04-03T16:36:53.777+0000] {processor.py:186} INFO - Started process (PID=85701) to work on /home/hamza/Documents/project/Mlops/myenv/lib/python3.12/site-packages/airflow/example_dags/example_workday_timetable.py
[2025-04-03T16:36:53.779+0000] {processor.py:914} INFO - Processing file /home/hamza/Documents/project/Mlops/myenv/lib/python3.12/site-packages/airflow/example_dags/example_workday_timetable.py for tasks to queue
[2025-04-03T16:36:53.783+0000] {logging_mixin.py:190} INFO - [2025-04-03T16:36:53.782+0000] {dagbag.py:588} INFO - Filling up the DagBag from /home/hamza/Documents/project/Mlops/myenv/lib/python3.12/site-packages/airflow/example_dags/example_workday_timetable.py
[2025-04-03T16:36:53.797+0000] {processor.py:925} INFO - DAG(s) 'example_workday_timetable' retrieved from /home/hamza/Documents/project/Mlops/myenv/lib/python3.12/site-packages/airflow/example_dags/example_workday_timetable.py
[2025-04-03T16:36:53.825+0000] {logging_mixin.py:190} INFO - [2025-04-03T16:36:53.825+0000] {dag.py:3239} INFO - Sync 1 DAGs
[2025-04-03T16:36:53.964+0000] {logging_mixin.py:190} INFO - [2025-04-03T16:36:53.964+0000] {dag.py:4180} INFO - Setting next_dagrun for example_workday_timetable to 2021-01-04 00:00:00+00:00, run_after=2021-01-05 00:00:00+00:00
[2025-04-03T16:36:54.003+0000] {processor.py:208} INFO - Processing /home/hamza/Documents/project/Mlops/myenv/lib/python3.12/site-packages/airflow/example_dags/example_workday_timetable.py took 0.236 seconds
[2025-04-03T16:38:22.765+0000] {processor.py:186} INFO - Started process (PID=86465) to work on /home/hamza/Documents/project/Mlops/myenv/lib/python3.12/site-packages/airflow/example_dags/example_workday_timetable.py
[2025-04-03T16:38:22.766+0000] {processor.py:914} INFO - Processing file /home/hamza/Documents/project/Mlops/myenv/lib/python3.12/site-packages/airflow/example_dags/example_workday_timetable.py for tasks to queue
[2025-04-03T16:38:22.770+0000] {logging_mixin.py:190} INFO - [2025-04-03T16:38:22.769+0000] {dagbag.py:588} INFO - Filling up the DagBag from /home/hamza/Documents/project/Mlops/myenv/lib/python3.12/site-packages/airflow/example_dags/example_workday_timetable.py
[2025-04-03T16:38:22.782+0000] {processor.py:925} INFO - DAG(s) 'example_workday_timetable' retrieved from /home/hamza/Documents/project/Mlops/myenv/lib/python3.12/site-packages/airflow/example_dags/example_workday_timetable.py
[2025-04-03T16:38:22.810+0000] {logging_mixin.py:190} INFO - [2025-04-03T16:38:22.809+0000] {dag.py:3239} INFO - Sync 1 DAGs
[2025-04-03T16:38:22.955+0000] {logging_mixin.py:190} INFO - [2025-04-03T16:38:22.955+0000] {dag.py:4180} INFO - Setting next_dagrun for example_workday_timetable to 2021-01-04 00:00:00+00:00, run_after=2021-01-05 00:00:00+00:00
[2025-04-03T16:38:22.993+0000] {processor.py:208} INFO - Processing /home/hamza/Documents/project/Mlops/myenv/lib/python3.12/site-packages/airflow/example_dags/example_workday_timetable.py took 0.238 seconds
[2025-04-03T16:39:53.330+0000] {processor.py:186} INFO - Started process (PID=87685) to work on /home/hamza/Documents/project/Mlops/myenv/lib/python3.12/site-packages/airflow/example_dags/example_workday_timetable.py
[2025-04-03T16:39:53.331+0000] {processor.py:914} INFO - Processing file /home/hamza/Documents/project/Mlops/myenv/lib/python3.12/site-packages/airflow/example_dags/example_workday_timetable.py for tasks to queue
[2025-04-03T16:39:53.336+0000] {logging_mixin.py:190} INFO - [2025-04-03T16:39:53.335+0000] {dagbag.py:588} INFO - Filling up the DagBag from /home/hamza/Documents/project/Mlops/myenv/lib/python3.12/site-packages/airflow/example_dags/example_workday_timetable.py
[2025-04-03T16:39:53.347+0000] {processor.py:925} INFO - DAG(s) 'example_workday_timetable' retrieved from /home/hamza/Documents/project/Mlops/myenv/lib/python3.12/site-packages/airflow/example_dags/example_workday_timetable.py
[2025-04-03T16:39:53.379+0000] {logging_mixin.py:190} INFO - [2025-04-03T16:39:53.378+0000] {dag.py:3239} INFO - Sync 1 DAGs
[2025-04-03T16:39:53.564+0000] {logging_mixin.py:190} INFO - [2025-04-03T16:39:53.564+0000] {dag.py:4180} INFO - Setting next_dagrun for example_workday_timetable to 2021-01-04 00:00:00+00:00, run_after=2021-01-05 00:00:00+00:00
[2025-04-03T16:39:53.612+0000] {processor.py:208} INFO - Processing /home/hamza/Documents/project/Mlops/myenv/lib/python3.12/site-packages/airflow/example_dags/example_workday_timetable.py took 0.292 seconds
[2025-04-03T16:41:34.487+0000] {processor.py:186} INFO - Started process (PID=88684) to work on /home/hamza/Documents/project/Mlops/myenv/lib/python3.12/site-packages/airflow/example_dags/example_workday_timetable.py
[2025-04-03T16:41:34.488+0000] {processor.py:914} INFO - Processing file /home/hamza/Documents/project/Mlops/myenv/lib/python3.12/site-packages/airflow/example_dags/example_workday_timetable.py for tasks to queue
[2025-04-03T16:41:34.492+0000] {logging_mixin.py:190} INFO - [2025-04-03T16:41:34.492+0000] {dagbag.py:588} INFO - Filling up the DagBag from /home/hamza/Documents/project/Mlops/myenv/lib/python3.12/site-packages/airflow/example_dags/example_workday_timetable.py
[2025-04-03T16:41:34.502+0000] {processor.py:925} INFO - DAG(s) 'example_workday_timetable' retrieved from /home/hamza/Documents/project/Mlops/myenv/lib/python3.12/site-packages/airflow/example_dags/example_workday_timetable.py
[2025-04-03T16:41:34.529+0000] {logging_mixin.py:190} INFO - [2025-04-03T16:41:34.528+0000] {dag.py:3239} INFO - Sync 1 DAGs
[2025-04-03T16:41:34.667+0000] {logging_mixin.py:190} INFO - [2025-04-03T16:41:34.667+0000] {dag.py:4180} INFO - Setting next_dagrun for example_workday_timetable to 2021-01-04 00:00:00+00:00, run_after=2021-01-05 00:00:00+00:00
[2025-04-03T16:41:34.702+0000] {processor.py:208} INFO - Processing /home/hamza/Documents/project/Mlops/myenv/lib/python3.12/site-packages/airflow/example_dags/example_workday_timetable.py took 0.224 seconds
[2025-04-03T16:43:06.764+0000] {processor.py:186} INFO - Started process (PID=89419) to work on /home/hamza/Documents/project/Mlops/myenv/lib/python3.12/site-packages/airflow/example_dags/example_workday_timetable.py
[2025-04-03T16:43:06.766+0000] {processor.py:914} INFO - Processing file /home/hamza/Documents/project/Mlops/myenv/lib/python3.12/site-packages/airflow/example_dags/example_workday_timetable.py for tasks to queue
[2025-04-03T16:43:06.769+0000] {logging_mixin.py:190} INFO - [2025-04-03T16:43:06.769+0000] {dagbag.py:588} INFO - Filling up the DagBag from /home/hamza/Documents/project/Mlops/myenv/lib/python3.12/site-packages/airflow/example_dags/example_workday_timetable.py
[2025-04-03T16:43:06.780+0000] {processor.py:925} INFO - DAG(s) 'example_workday_timetable' retrieved from /home/hamza/Documents/project/Mlops/myenv/lib/python3.12/site-packages/airflow/example_dags/example_workday_timetable.py
[2025-04-03T16:43:06.806+0000] {logging_mixin.py:190} INFO - [2025-04-03T16:43:06.806+0000] {dag.py:3239} INFO - Sync 1 DAGs
[2025-04-03T16:43:06.908+0000] {logging_mixin.py:190} INFO - [2025-04-03T16:43:06.907+0000] {dag.py:4180} INFO - Setting next_dagrun for example_workday_timetable to 2021-01-04 00:00:00+00:00, run_after=2021-01-05 00:00:00+00:00
[2025-04-03T16:43:06.942+0000] {processor.py:208} INFO - Processing /home/hamza/Documents/project/Mlops/myenv/lib/python3.12/site-packages/airflow/example_dags/example_workday_timetable.py took 0.188 seconds
[2025-04-03T16:44:44.958+0000] {processor.py:186} INFO - Started process (PID=90181) to work on /home/hamza/Documents/project/Mlops/myenv/lib/python3.12/site-packages/airflow/example_dags/example_workday_timetable.py
[2025-04-03T16:44:44.960+0000] {processor.py:914} INFO - Processing file /home/hamza/Documents/project/Mlops/myenv/lib/python3.12/site-packages/airflow/example_dags/example_workday_timetable.py for tasks to queue
[2025-04-03T16:44:44.965+0000] {logging_mixin.py:190} INFO - [2025-04-03T16:44:44.964+0000] {dagbag.py:588} INFO - Filling up the DagBag from /home/hamza/Documents/project/Mlops/myenv/lib/python3.12/site-packages/airflow/example_dags/example_workday_timetable.py
[2025-04-03T16:44:44.979+0000] {processor.py:925} INFO - DAG(s) 'example_workday_timetable' retrieved from /home/hamza/Documents/project/Mlops/myenv/lib/python3.12/site-packages/airflow/example_dags/example_workday_timetable.py
[2025-04-03T16:44:45.019+0000] {logging_mixin.py:190} INFO - [2025-04-03T16:44:45.018+0000] {dag.py:3239} INFO - Sync 1 DAGs
[2025-04-03T16:44:45.194+0000] {logging_mixin.py:190} INFO - [2025-04-03T16:44:45.194+0000] {dag.py:4180} INFO - Setting next_dagrun for example_workday_timetable to 2021-01-04 00:00:00+00:00, run_after=2021-01-05 00:00:00+00:00
[2025-04-03T16:44:45.255+0000] {processor.py:208} INFO - Processing /home/hamza/Documents/project/Mlops/myenv/lib/python3.12/site-packages/airflow/example_dags/example_workday_timetable.py took 0.310 seconds
[2025-04-03T16:46:18.840+0000] {processor.py:186} INFO - Started process (PID=91002) to work on /home/hamza/Documents/project/Mlops/myenv/lib/python3.12/site-packages/airflow/example_dags/example_workday_timetable.py
[2025-04-03T16:46:18.842+0000] {processor.py:914} INFO - Processing file /home/hamza/Documents/project/Mlops/myenv/lib/python3.12/site-packages/airflow/example_dags/example_workday_timetable.py for tasks to queue
[2025-04-03T16:46:18.846+0000] {logging_mixin.py:190} INFO - [2025-04-03T16:46:18.846+0000] {dagbag.py:588} INFO - Filling up the DagBag from /home/hamza/Documents/project/Mlops/myenv/lib/python3.12/site-packages/airflow/example_dags/example_workday_timetable.py
[2025-04-03T16:46:18.858+0000] {processor.py:925} INFO - DAG(s) 'example_workday_timetable' retrieved from /home/hamza/Documents/project/Mlops/myenv/lib/python3.12/site-packages/airflow/example_dags/example_workday_timetable.py
[2025-04-03T16:46:18.887+0000] {logging_mixin.py:190} INFO - [2025-04-03T16:46:18.886+0000] {dag.py:3239} INFO - Sync 1 DAGs
[2025-04-03T16:46:19.007+0000] {logging_mixin.py:190} INFO - [2025-04-03T16:46:19.007+0000] {dag.py:4180} INFO - Setting next_dagrun for example_workday_timetable to 2021-01-04 00:00:00+00:00, run_after=2021-01-05 00:00:00+00:00
[2025-04-03T16:46:19.041+0000] {processor.py:208} INFO - Processing /home/hamza/Documents/project/Mlops/myenv/lib/python3.12/site-packages/airflow/example_dags/example_workday_timetable.py took 0.211 seconds
[2025-04-03T16:47:53.087+0000] {processor.py:186} INFO - Started process (PID=91841) to work on /home/hamza/Documents/project/Mlops/myenv/lib/python3.12/site-packages/airflow/example_dags/example_workday_timetable.py
[2025-04-03T16:47:53.088+0000] {processor.py:914} INFO - Processing file /home/hamza/Documents/project/Mlops/myenv/lib/python3.12/site-packages/airflow/example_dags/example_workday_timetable.py for tasks to queue
[2025-04-03T16:47:53.092+0000] {logging_mixin.py:190} INFO - [2025-04-03T16:47:53.091+0000] {dagbag.py:588} INFO - Filling up the DagBag from /home/hamza/Documents/project/Mlops/myenv/lib/python3.12/site-packages/airflow/example_dags/example_workday_timetable.py
[2025-04-03T16:47:53.105+0000] {processor.py:925} INFO - DAG(s) 'example_workday_timetable' retrieved from /home/hamza/Documents/project/Mlops/myenv/lib/python3.12/site-packages/airflow/example_dags/example_workday_timetable.py
[2025-04-03T16:47:53.138+0000] {logging_mixin.py:190} INFO - [2025-04-03T16:47:53.138+0000] {dag.py:3239} INFO - Sync 1 DAGs
[2025-04-03T16:47:53.265+0000] {logging_mixin.py:190} INFO - [2025-04-03T16:47:53.264+0000] {dag.py:4180} INFO - Setting next_dagrun for example_workday_timetable to 2021-01-04 00:00:00+00:00, run_after=2021-01-05 00:00:00+00:00
[2025-04-03T16:47:53.304+0000] {processor.py:208} INFO - Processing /home/hamza/Documents/project/Mlops/myenv/lib/python3.12/site-packages/airflow/example_dags/example_workday_timetable.py took 0.226 seconds
[2025-04-03T16:48:54.176+0000] {processor.py:186} INFO - Started process (PID=92354) to work on /home/hamza/Documents/project/Mlops/myenv/lib/python3.12/site-packages/airflow/example_dags/example_workday_timetable.py
[2025-04-03T16:48:54.178+0000] {processor.py:914} INFO - Processing file /home/hamza/Documents/project/Mlops/myenv/lib/python3.12/site-packages/airflow/example_dags/example_workday_timetable.py for tasks to queue
[2025-04-03T16:48:54.183+0000] {logging_mixin.py:190} INFO - [2025-04-03T16:48:54.183+0000] {dagbag.py:588} INFO - Filling up the DagBag from /home/hamza/Documents/project/Mlops/myenv/lib/python3.12/site-packages/airflow/example_dags/example_workday_timetable.py
[2025-04-03T16:48:54.195+0000] {processor.py:925} INFO - DAG(s) 'example_workday_timetable' retrieved from /home/hamza/Documents/project/Mlops/myenv/lib/python3.12/site-packages/airflow/example_dags/example_workday_timetable.py
[2025-04-03T16:48:54.225+0000] {logging_mixin.py:190} INFO - [2025-04-03T16:48:54.224+0000] {dag.py:3239} INFO - Sync 1 DAGs
[2025-04-03T16:48:54.365+0000] {logging_mixin.py:190} INFO - [2025-04-03T16:48:54.365+0000] {dag.py:4180} INFO - Setting next_dagrun for example_workday_timetable to 2021-01-04 00:00:00+00:00, run_after=2021-01-05 00:00:00+00:00
[2025-04-03T16:48:54.408+0000] {processor.py:208} INFO - Processing /home/hamza/Documents/project/Mlops/myenv/lib/python3.12/site-packages/airflow/example_dags/example_workday_timetable.py took 0.244 seconds
[2025-04-03T16:50:31.964+0000] {processor.py:186} INFO - Started process (PID=93186) to work on /home/hamza/Documents/project/Mlops/myenv/lib/python3.12/site-packages/airflow/example_dags/example_workday_timetable.py
[2025-04-03T16:50:31.966+0000] {processor.py:914} INFO - Processing file /home/hamza/Documents/project/Mlops/myenv/lib/python3.12/site-packages/airflow/example_dags/example_workday_timetable.py for tasks to queue
[2025-04-03T16:50:31.970+0000] {logging_mixin.py:190} INFO - [2025-04-03T16:50:31.969+0000] {dagbag.py:588} INFO - Filling up the DagBag from /home/hamza/Documents/project/Mlops/myenv/lib/python3.12/site-packages/airflow/example_dags/example_workday_timetable.py
[2025-04-03T16:50:31.983+0000] {processor.py:925} INFO - DAG(s) 'example_workday_timetable' retrieved from /home/hamza/Documents/project/Mlops/myenv/lib/python3.12/site-packages/airflow/example_dags/example_workday_timetable.py
[2025-04-03T16:50:32.011+0000] {logging_mixin.py:190} INFO - [2025-04-03T16:50:32.010+0000] {dag.py:3239} INFO - Sync 1 DAGs
[2025-04-03T16:50:32.146+0000] {logging_mixin.py:190} INFO - [2025-04-03T16:50:32.146+0000] {dag.py:4180} INFO - Setting next_dagrun for example_workday_timetable to 2021-01-04 00:00:00+00:00, run_after=2021-01-05 00:00:00+00:00
[2025-04-03T16:50:32.182+0000] {processor.py:208} INFO - Processing /home/hamza/Documents/project/Mlops/myenv/lib/python3.12/site-packages/airflow/example_dags/example_workday_timetable.py took 0.228 seconds
[2025-04-03T16:52:12.291+0000] {processor.py:186} INFO - Started process (PID=94017) to work on /home/hamza/Documents/project/Mlops/myenv/lib/python3.12/site-packages/airflow/example_dags/example_workday_timetable.py
[2025-04-03T16:52:12.293+0000] {processor.py:914} INFO - Processing file /home/hamza/Documents/project/Mlops/myenv/lib/python3.12/site-packages/airflow/example_dags/example_workday_timetable.py for tasks to queue
[2025-04-03T16:52:12.297+0000] {logging_mixin.py:190} INFO - [2025-04-03T16:52:12.296+0000] {dagbag.py:588} INFO - Filling up the DagBag from /home/hamza/Documents/project/Mlops/myenv/lib/python3.12/site-packages/airflow/example_dags/example_workday_timetable.py
[2025-04-03T16:52:12.309+0000] {processor.py:925} INFO - DAG(s) 'example_workday_timetable' retrieved from /home/hamza/Documents/project/Mlops/myenv/lib/python3.12/site-packages/airflow/example_dags/example_workday_timetable.py
[2025-04-03T16:52:12.334+0000] {logging_mixin.py:190} INFO - [2025-04-03T16:52:12.334+0000] {dag.py:3239} INFO - Sync 1 DAGs
[2025-04-03T16:52:12.473+0000] {logging_mixin.py:190} INFO - [2025-04-03T16:52:12.472+0000] {dag.py:4180} INFO - Setting next_dagrun for example_workday_timetable to 2021-01-04 00:00:00+00:00, run_after=2021-01-05 00:00:00+00:00
[2025-04-03T16:52:12.507+0000] {processor.py:208} INFO - Processing /home/hamza/Documents/project/Mlops/myenv/lib/python3.12/site-packages/airflow/example_dags/example_workday_timetable.py took 0.227 seconds
[2025-04-03T16:53:48.344+0000] {processor.py:186} INFO - Started process (PID=94809) to work on /home/hamza/Documents/project/Mlops/myenv/lib/python3.12/site-packages/airflow/example_dags/example_workday_timetable.py
[2025-04-03T16:53:48.346+0000] {processor.py:914} INFO - Processing file /home/hamza/Documents/project/Mlops/myenv/lib/python3.12/site-packages/airflow/example_dags/example_workday_timetable.py for tasks to queue
[2025-04-03T16:53:48.350+0000] {logging_mixin.py:190} INFO - [2025-04-03T16:53:48.349+0000] {dagbag.py:588} INFO - Filling up the DagBag from /home/hamza/Documents/project/Mlops/myenv/lib/python3.12/site-packages/airflow/example_dags/example_workday_timetable.py
[2025-04-03T16:53:48.362+0000] {processor.py:925} INFO - DAG(s) 'example_workday_timetable' retrieved from /home/hamza/Documents/project/Mlops/myenv/lib/python3.12/site-packages/airflow/example_dags/example_workday_timetable.py
[2025-04-03T16:53:48.389+0000] {logging_mixin.py:190} INFO - [2025-04-03T16:53:48.388+0000] {dag.py:3239} INFO - Sync 1 DAGs
[2025-04-03T16:53:48.517+0000] {logging_mixin.py:190} INFO - [2025-04-03T16:53:48.516+0000] {dag.py:4180} INFO - Setting next_dagrun for example_workday_timetable to 2021-01-04 00:00:00+00:00, run_after=2021-01-05 00:00:00+00:00
[2025-04-03T16:53:48.552+0000] {processor.py:208} INFO - Processing /home/hamza/Documents/project/Mlops/myenv/lib/python3.12/site-packages/airflow/example_dags/example_workday_timetable.py took 0.217 seconds
[2025-04-03T16:55:34.551+0000] {processor.py:186} INFO - Started process (PID=95945) to work on /home/hamza/Documents/project/Mlops/myenv/lib/python3.12/site-packages/airflow/example_dags/example_workday_timetable.py
[2025-04-03T16:55:34.553+0000] {processor.py:914} INFO - Processing file /home/hamza/Documents/project/Mlops/myenv/lib/python3.12/site-packages/airflow/example_dags/example_workday_timetable.py for tasks to queue
[2025-04-03T16:55:34.557+0000] {logging_mixin.py:190} INFO - [2025-04-03T16:55:34.556+0000] {dagbag.py:588} INFO - Filling up the DagBag from /home/hamza/Documents/project/Mlops/myenv/lib/python3.12/site-packages/airflow/example_dags/example_workday_timetable.py
[2025-04-03T16:55:34.569+0000] {processor.py:925} INFO - DAG(s) 'example_workday_timetable' retrieved from /home/hamza/Documents/project/Mlops/myenv/lib/python3.12/site-packages/airflow/example_dags/example_workday_timetable.py
[2025-04-03T16:55:34.594+0000] {logging_mixin.py:190} INFO - [2025-04-03T16:55:34.594+0000] {dag.py:3239} INFO - Sync 1 DAGs
[2025-04-03T16:55:34.741+0000] {logging_mixin.py:190} INFO - [2025-04-03T16:55:34.740+0000] {dag.py:4180} INFO - Setting next_dagrun for example_workday_timetable to 2021-01-04 00:00:00+00:00, run_after=2021-01-05 00:00:00+00:00
[2025-04-03T16:55:34.780+0000] {processor.py:208} INFO - Processing /home/hamza/Documents/project/Mlops/myenv/lib/python3.12/site-packages/airflow/example_dags/example_workday_timetable.py took 0.238 seconds
