[2025-04-03T13:43:24.730+0000] {processor.py:186} INFO - Started process (PID=98252) to work on /home/hamza/Documents/project/Mlops/myenv/lib/python3.12/site-packages/airflow/example_dags/example_task_group_decorator.py
[2025-04-03T13:43:24.731+0000] {processor.py:914} INFO - Processing file /home/hamza/Documents/project/Mlops/myenv/lib/python3.12/site-packages/airflow/example_dags/example_task_group_decorator.py for tasks to queue
[2025-04-03T13:43:24.736+0000] {logging_mixin.py:190} INFO - [2025-04-03T13:43:24.735+0000] {dagbag.py:588} INFO - Filling up the DagBag from /home/hamza/Documents/project/Mlops/myenv/lib/python3.12/site-packages/airflow/example_dags/example_task_group_decorator.py
[2025-04-03T13:43:24.768+0000] {processor.py:925} INFO - DAG(s) 'example_task_group_decorator' retrieved from /home/hamza/Documents/project/Mlops/myenv/lib/python3.12/site-packages/airflow/example_dags/example_task_group_decorator.py
[2025-04-03T13:43:24.973+0000] {logging_mixin.py:190} INFO - [2025-04-03T13:43:24.971+0000] {override.py:1930} INFO - Created Permission View: can delete on DAG:example_task_group_decorator
[2025-04-03T13:43:24.994+0000] {logging_mixin.py:190} INFO - [2025-04-03T13:43:24.994+0000] {override.py:1930} INFO - Created Permission View: can read on DAG:example_task_group_decorator
[2025-04-03T13:43:25.010+0000] {logging_mixin.py:190} INFO - [2025-04-03T13:43:25.009+0000] {override.py:1930} INFO - Created Permission View: can edit on DAG:example_task_group_decorator
[2025-04-03T13:43:25.034+0000] {logging_mixin.py:190} INFO - [2025-04-03T13:43:25.033+0000] {override.py:1930} INFO - Created Permission View: can delete on DAG Run:example_task_group_decorator
[2025-04-03T13:43:25.049+0000] {logging_mixin.py:190} INFO - [2025-04-03T13:43:25.049+0000] {override.py:1930} INFO - Created Permission View: can read on DAG Run:example_task_group_decorator
[2025-04-03T13:43:25.067+0000] {logging_mixin.py:190} INFO - [2025-04-03T13:43:25.066+0000] {override.py:1930} INFO - Created Permission View: menu access on DAG Run:example_task_group_decorator
[2025-04-03T13:43:25.082+0000] {logging_mixin.py:190} INFO - [2025-04-03T13:43:25.081+0000] {override.py:1930} INFO - Created Permission View: can create on DAG Run:example_task_group_decorator
[2025-04-03T13:43:25.083+0000] {logging_mixin.py:190} INFO - [2025-04-03T13:43:25.082+0000] {dag.py:3239} INFO - Sync 1 DAGs
[2025-04-03T13:43:25.103+0000] {logging_mixin.py:190} INFO - [2025-04-03T13:43:25.103+0000] {dag.py:3262} INFO - Creating ORM DAG for example_task_group_decorator
[2025-04-03T13:43:25.104+0000] {logging_mixin.py:190} INFO - [2025-04-03T13:43:25.104+0000] {dag.py:4180} INFO - Setting next_dagrun for example_task_group_decorator to None, run_after=None
[2025-04-03T13:43:25.136+0000] {processor.py:208} INFO - Processing /home/hamza/Documents/project/Mlops/myenv/lib/python3.12/site-packages/airflow/example_dags/example_task_group_decorator.py took 0.416 seconds
[2025-04-03T13:44:41.159+0000] {processor.py:186} INFO - Started process (PID=99415) to work on /home/hamza/Documents/project/Mlops/myenv/lib/python3.12/site-packages/airflow/example_dags/example_task_group_decorator.py
[2025-04-03T13:44:41.161+0000] {processor.py:914} INFO - Processing file /home/hamza/Documents/project/Mlops/myenv/lib/python3.12/site-packages/airflow/example_dags/example_task_group_decorator.py for tasks to queue
[2025-04-03T13:44:41.165+0000] {logging_mixin.py:190} INFO - [2025-04-03T13:44:41.164+0000] {dagbag.py:588} INFO - Filling up the DagBag from /home/hamza/Documents/project/Mlops/myenv/lib/python3.12/site-packages/airflow/example_dags/example_task_group_decorator.py
[2025-04-03T13:44:41.194+0000] {processor.py:925} INFO - DAG(s) 'example_task_group_decorator' retrieved from /home/hamza/Documents/project/Mlops/myenv/lib/python3.12/site-packages/airflow/example_dags/example_task_group_decorator.py
[2025-04-03T13:44:41.230+0000] {logging_mixin.py:190} INFO - [2025-04-03T13:44:41.230+0000] {dag.py:3239} INFO - Sync 1 DAGs
[2025-04-03T13:44:41.253+0000] {logging_mixin.py:190} INFO - [2025-04-03T13:44:41.252+0000] {dag.py:4180} INFO - Setting next_dagrun for example_task_group_decorator to None, run_after=None
[2025-04-03T13:44:41.293+0000] {processor.py:208} INFO - Processing /home/hamza/Documents/project/Mlops/myenv/lib/python3.12/site-packages/airflow/example_dags/example_task_group_decorator.py took 0.146 seconds
[2025-04-03T13:45:46.742+0000] {processor.py:186} INFO - Started process (PID=99981) to work on /home/hamza/Documents/project/Mlops/myenv/lib/python3.12/site-packages/airflow/example_dags/example_task_group_decorator.py
[2025-04-03T13:45:46.743+0000] {processor.py:914} INFO - Processing file /home/hamza/Documents/project/Mlops/myenv/lib/python3.12/site-packages/airflow/example_dags/example_task_group_decorator.py for tasks to queue
[2025-04-03T13:45:46.747+0000] {logging_mixin.py:190} INFO - [2025-04-03T13:45:46.746+0000] {dagbag.py:588} INFO - Filling up the DagBag from /home/hamza/Documents/project/Mlops/myenv/lib/python3.12/site-packages/airflow/example_dags/example_task_group_decorator.py
[2025-04-03T13:45:46.774+0000] {processor.py:925} INFO - DAG(s) 'example_task_group_decorator' retrieved from /home/hamza/Documents/project/Mlops/myenv/lib/python3.12/site-packages/airflow/example_dags/example_task_group_decorator.py
[2025-04-03T13:45:46.811+0000] {logging_mixin.py:190} INFO - [2025-04-03T13:45:46.811+0000] {dag.py:3239} INFO - Sync 1 DAGs
[2025-04-03T13:45:46.832+0000] {logging_mixin.py:190} INFO - [2025-04-03T13:45:46.832+0000] {dag.py:4180} INFO - Setting next_dagrun for example_task_group_decorator to None, run_after=None
[2025-04-03T13:45:46.870+0000] {processor.py:208} INFO - Processing /home/hamza/Documents/project/Mlops/myenv/lib/python3.12/site-packages/airflow/example_dags/example_task_group_decorator.py took 0.138 seconds
[2025-04-03T13:46:55.919+0000] {processor.py:186} INFO - Started process (PID=100703) to work on /home/hamza/Documents/project/Mlops/myenv/lib/python3.12/site-packages/airflow/example_dags/example_task_group_decorator.py
[2025-04-03T13:46:55.922+0000] {processor.py:914} INFO - Processing file /home/hamza/Documents/project/Mlops/myenv/lib/python3.12/site-packages/airflow/example_dags/example_task_group_decorator.py for tasks to queue
[2025-04-03T13:46:55.925+0000] {logging_mixin.py:190} INFO - [2025-04-03T13:46:55.924+0000] {dagbag.py:588} INFO - Filling up the DagBag from /home/hamza/Documents/project/Mlops/myenv/lib/python3.12/site-packages/airflow/example_dags/example_task_group_decorator.py
[2025-04-03T13:46:55.953+0000] {processor.py:925} INFO - DAG(s) 'example_task_group_decorator' retrieved from /home/hamza/Documents/project/Mlops/myenv/lib/python3.12/site-packages/airflow/example_dags/example_task_group_decorator.py
[2025-04-03T13:46:55.987+0000] {logging_mixin.py:190} INFO - [2025-04-03T13:46:55.987+0000] {dag.py:3239} INFO - Sync 1 DAGs
[2025-04-03T13:46:56.007+0000] {logging_mixin.py:190} INFO - [2025-04-03T13:46:56.006+0000] {dag.py:4180} INFO - Setting next_dagrun for example_task_group_decorator to None, run_after=None
[2025-04-03T13:46:56.043+0000] {processor.py:208} INFO - Processing /home/hamza/Documents/project/Mlops/myenv/lib/python3.12/site-packages/airflow/example_dags/example_task_group_decorator.py took 0.133 seconds
[2025-04-03T13:48:02.748+0000] {processor.py:186} INFO - Started process (PID=101552) to work on /home/hamza/Documents/project/Mlops/myenv/lib/python3.12/site-packages/airflow/example_dags/example_task_group_decorator.py
[2025-04-03T13:48:02.751+0000] {processor.py:914} INFO - Processing file /home/hamza/Documents/project/Mlops/myenv/lib/python3.12/site-packages/airflow/example_dags/example_task_group_decorator.py for tasks to queue
[2025-04-03T13:48:02.754+0000] {logging_mixin.py:190} INFO - [2025-04-03T13:48:02.753+0000] {dagbag.py:588} INFO - Filling up the DagBag from /home/hamza/Documents/project/Mlops/myenv/lib/python3.12/site-packages/airflow/example_dags/example_task_group_decorator.py
[2025-04-03T13:48:02.784+0000] {processor.py:925} INFO - DAG(s) 'example_task_group_decorator' retrieved from /home/hamza/Documents/project/Mlops/myenv/lib/python3.12/site-packages/airflow/example_dags/example_task_group_decorator.py
[2025-04-03T13:48:02.819+0000] {logging_mixin.py:190} INFO - [2025-04-03T13:48:02.819+0000] {dag.py:3239} INFO - Sync 1 DAGs
[2025-04-03T13:48:02.841+0000] {logging_mixin.py:190} INFO - [2025-04-03T13:48:02.841+0000] {dag.py:4180} INFO - Setting next_dagrun for example_task_group_decorator to None, run_after=None
[2025-04-03T13:48:02.883+0000] {processor.py:208} INFO - Processing /home/hamza/Documents/project/Mlops/myenv/lib/python3.12/site-packages/airflow/example_dags/example_task_group_decorator.py took 0.144 seconds
[2025-04-03T13:49:39.687+0000] {processor.py:186} INFO - Started process (PID=102914) to work on /home/hamza/Documents/project/Mlops/myenv/lib/python3.12/site-packages/airflow/example_dags/example_task_group_decorator.py
[2025-04-03T13:49:39.689+0000] {processor.py:914} INFO - Processing file /home/hamza/Documents/project/Mlops/myenv/lib/python3.12/site-packages/airflow/example_dags/example_task_group_decorator.py for tasks to queue
[2025-04-03T13:49:39.693+0000] {logging_mixin.py:190} INFO - [2025-04-03T13:49:39.692+0000] {dagbag.py:588} INFO - Filling up the DagBag from /home/hamza/Documents/project/Mlops/myenv/lib/python3.12/site-packages/airflow/example_dags/example_task_group_decorator.py
[2025-04-03T13:49:39.723+0000] {processor.py:925} INFO - DAG(s) 'example_task_group_decorator' retrieved from /home/hamza/Documents/project/Mlops/myenv/lib/python3.12/site-packages/airflow/example_dags/example_task_group_decorator.py
[2025-04-03T13:49:39.772+0000] {logging_mixin.py:190} INFO - [2025-04-03T13:49:39.771+0000] {dag.py:3239} INFO - Sync 1 DAGs
[2025-04-03T13:49:39.796+0000] {logging_mixin.py:190} INFO - [2025-04-03T13:49:39.796+0000] {dag.py:4180} INFO - Setting next_dagrun for example_task_group_decorator to None, run_after=None
[2025-04-03T13:49:39.834+0000] {processor.py:208} INFO - Processing /home/hamza/Documents/project/Mlops/myenv/lib/python3.12/site-packages/airflow/example_dags/example_task_group_decorator.py took 0.156 seconds
[2025-04-03T13:50:59.186+0000] {processor.py:186} INFO - Started process (PID=103881) to work on /home/hamza/Documents/project/Mlops/myenv/lib/python3.12/site-packages/airflow/example_dags/example_task_group_decorator.py
[2025-04-03T13:50:59.188+0000] {processor.py:914} INFO - Processing file /home/hamza/Documents/project/Mlops/myenv/lib/python3.12/site-packages/airflow/example_dags/example_task_group_decorator.py for tasks to queue
[2025-04-03T13:50:59.191+0000] {logging_mixin.py:190} INFO - [2025-04-03T13:50:59.190+0000] {dagbag.py:588} INFO - Filling up the DagBag from /home/hamza/Documents/project/Mlops/myenv/lib/python3.12/site-packages/airflow/example_dags/example_task_group_decorator.py
[2025-04-03T13:50:59.216+0000] {processor.py:925} INFO - DAG(s) 'example_task_group_decorator' retrieved from /home/hamza/Documents/project/Mlops/myenv/lib/python3.12/site-packages/airflow/example_dags/example_task_group_decorator.py
[2025-04-03T13:50:59.250+0000] {logging_mixin.py:190} INFO - [2025-04-03T13:50:59.250+0000] {dag.py:3239} INFO - Sync 1 DAGs
[2025-04-03T13:50:59.268+0000] {logging_mixin.py:190} INFO - [2025-04-03T13:50:59.268+0000] {dag.py:4180} INFO - Setting next_dagrun for example_task_group_decorator to None, run_after=None
[2025-04-03T13:50:59.302+0000] {processor.py:208} INFO - Processing /home/hamza/Documents/project/Mlops/myenv/lib/python3.12/site-packages/airflow/example_dags/example_task_group_decorator.py took 0.123 seconds
[2025-04-03T13:52:37.221+0000] {processor.py:186} INFO - Started process (PID=104962) to work on /home/hamza/Documents/project/Mlops/myenv/lib/python3.12/site-packages/airflow/example_dags/example_task_group_decorator.py
[2025-04-03T13:52:37.222+0000] {processor.py:914} INFO - Processing file /home/hamza/Documents/project/Mlops/myenv/lib/python3.12/site-packages/airflow/example_dags/example_task_group_decorator.py for tasks to queue
[2025-04-03T13:52:37.227+0000] {logging_mixin.py:190} INFO - [2025-04-03T13:52:37.226+0000] {dagbag.py:588} INFO - Filling up the DagBag from /home/hamza/Documents/project/Mlops/myenv/lib/python3.12/site-packages/airflow/example_dags/example_task_group_decorator.py
[2025-04-03T13:52:37.254+0000] {processor.py:925} INFO - DAG(s) 'example_task_group_decorator' retrieved from /home/hamza/Documents/project/Mlops/myenv/lib/python3.12/site-packages/airflow/example_dags/example_task_group_decorator.py
[2025-04-03T13:52:37.291+0000] {logging_mixin.py:190} INFO - [2025-04-03T13:52:37.290+0000] {dag.py:3239} INFO - Sync 1 DAGs
[2025-04-03T13:52:37.311+0000] {logging_mixin.py:190} INFO - [2025-04-03T13:52:37.310+0000] {dag.py:4180} INFO - Setting next_dagrun for example_task_group_decorator to None, run_after=None
[2025-04-03T13:52:37.357+0000] {processor.py:208} INFO - Processing /home/hamza/Documents/project/Mlops/myenv/lib/python3.12/site-packages/airflow/example_dags/example_task_group_decorator.py took 0.145 seconds
[2025-04-03T13:54:13.012+0000] {processor.py:186} INFO - Started process (PID=106000) to work on /home/hamza/Documents/project/Mlops/myenv/lib/python3.12/site-packages/airflow/example_dags/example_task_group_decorator.py
[2025-04-03T13:54:13.014+0000] {processor.py:914} INFO - Processing file /home/hamza/Documents/project/Mlops/myenv/lib/python3.12/site-packages/airflow/example_dags/example_task_group_decorator.py for tasks to queue
[2025-04-03T13:54:13.019+0000] {logging_mixin.py:190} INFO - [2025-04-03T13:54:13.017+0000] {dagbag.py:588} INFO - Filling up the DagBag from /home/hamza/Documents/project/Mlops/myenv/lib/python3.12/site-packages/airflow/example_dags/example_task_group_decorator.py
[2025-04-03T13:54:13.047+0000] {processor.py:925} INFO - DAG(s) 'example_task_group_decorator' retrieved from /home/hamza/Documents/project/Mlops/myenv/lib/python3.12/site-packages/airflow/example_dags/example_task_group_decorator.py
[2025-04-03T13:54:13.081+0000] {logging_mixin.py:190} INFO - [2025-04-03T13:54:13.081+0000] {dag.py:3239} INFO - Sync 1 DAGs
[2025-04-03T13:54:13.103+0000] {logging_mixin.py:190} INFO - [2025-04-03T13:54:13.102+0000] {dag.py:4180} INFO - Setting next_dagrun for example_task_group_decorator to None, run_after=None
[2025-04-03T13:54:13.137+0000] {processor.py:208} INFO - Processing /home/hamza/Documents/project/Mlops/myenv/lib/python3.12/site-packages/airflow/example_dags/example_task_group_decorator.py took 0.135 seconds
[2025-04-03T13:58:00.086+0000] {processor.py:186} INFO - Started process (PID=109001) to work on /home/hamza/Documents/project/Mlops/myenv/lib/python3.12/site-packages/airflow/example_dags/example_task_group_decorator.py
[2025-04-03T13:58:00.088+0000] {processor.py:914} INFO - Processing file /home/hamza/Documents/project/Mlops/myenv/lib/python3.12/site-packages/airflow/example_dags/example_task_group_decorator.py for tasks to queue
[2025-04-03T13:58:00.090+0000] {logging_mixin.py:190} INFO - [2025-04-03T13:58:00.089+0000] {dagbag.py:588} INFO - Filling up the DagBag from /home/hamza/Documents/project/Mlops/myenv/lib/python3.12/site-packages/airflow/example_dags/example_task_group_decorator.py
[2025-04-03T13:58:00.113+0000] {processor.py:925} INFO - DAG(s) 'example_task_group_decorator' retrieved from /home/hamza/Documents/project/Mlops/myenv/lib/python3.12/site-packages/airflow/example_dags/example_task_group_decorator.py
[2025-04-03T13:58:00.149+0000] {logging_mixin.py:190} INFO - [2025-04-03T13:58:00.149+0000] {dag.py:3239} INFO - Sync 1 DAGs
[2025-04-03T13:58:00.167+0000] {logging_mixin.py:190} INFO - [2025-04-03T13:58:00.167+0000] {dag.py:4180} INFO - Setting next_dagrun for example_task_group_decorator to None, run_after=None
[2025-04-03T13:58:00.208+0000] {processor.py:208} INFO - Processing /home/hamza/Documents/project/Mlops/myenv/lib/python3.12/site-packages/airflow/example_dags/example_task_group_decorator.py took 0.131 seconds
[2025-04-03T13:59:09.483+0000] {processor.py:186} INFO - Started process (PID=109918) to work on /home/hamza/Documents/project/Mlops/myenv/lib/python3.12/site-packages/airflow/example_dags/example_task_group_decorator.py
[2025-04-03T13:59:09.486+0000] {processor.py:914} INFO - Processing file /home/hamza/Documents/project/Mlops/myenv/lib/python3.12/site-packages/airflow/example_dags/example_task_group_decorator.py for tasks to queue
[2025-04-03T13:59:09.490+0000] {logging_mixin.py:190} INFO - [2025-04-03T13:59:09.490+0000] {dagbag.py:588} INFO - Filling up the DagBag from /home/hamza/Documents/project/Mlops/myenv/lib/python3.12/site-packages/airflow/example_dags/example_task_group_decorator.py
[2025-04-03T13:59:09.520+0000] {processor.py:925} INFO - DAG(s) 'example_task_group_decorator' retrieved from /home/hamza/Documents/project/Mlops/myenv/lib/python3.12/site-packages/airflow/example_dags/example_task_group_decorator.py
[2025-04-03T13:59:09.555+0000] {logging_mixin.py:190} INFO - [2025-04-03T13:59:09.555+0000] {dag.py:3239} INFO - Sync 1 DAGs
[2025-04-03T13:59:09.573+0000] {logging_mixin.py:190} INFO - [2025-04-03T13:59:09.573+0000] {dag.py:4180} INFO - Setting next_dagrun for example_task_group_decorator to None, run_after=None
[2025-04-03T13:59:09.620+0000] {processor.py:208} INFO - Processing /home/hamza/Documents/project/Mlops/myenv/lib/python3.12/site-packages/airflow/example_dags/example_task_group_decorator.py took 0.149 seconds
[2025-04-03T14:10:01.857+0000] {processor.py:186} INFO - Started process (PID=117960) to work on /home/hamza/Documents/project/Mlops/myenv/lib/python3.12/site-packages/airflow/example_dags/example_task_group_decorator.py
[2025-04-03T14:10:01.860+0000] {processor.py:914} INFO - Processing file /home/hamza/Documents/project/Mlops/myenv/lib/python3.12/site-packages/airflow/example_dags/example_task_group_decorator.py for tasks to queue
[2025-04-03T14:10:01.862+0000] {logging_mixin.py:190} INFO - [2025-04-03T14:10:01.861+0000] {dagbag.py:588} INFO - Filling up the DagBag from /home/hamza/Documents/project/Mlops/myenv/lib/python3.12/site-packages/airflow/example_dags/example_task_group_decorator.py
[2025-04-03T14:10:01.886+0000] {processor.py:925} INFO - DAG(s) 'example_task_group_decorator' retrieved from /home/hamza/Documents/project/Mlops/myenv/lib/python3.12/site-packages/airflow/example_dags/example_task_group_decorator.py
[2025-04-03T14:10:01.928+0000] {logging_mixin.py:190} INFO - [2025-04-03T14:10:01.928+0000] {dag.py:3239} INFO - Sync 1 DAGs
[2025-04-03T14:10:01.952+0000] {logging_mixin.py:190} INFO - [2025-04-03T14:10:01.951+0000] {dag.py:4180} INFO - Setting next_dagrun for example_task_group_decorator to None, run_after=None
[2025-04-03T14:10:01.988+0000] {processor.py:208} INFO - Processing /home/hamza/Documents/project/Mlops/myenv/lib/python3.12/site-packages/airflow/example_dags/example_task_group_decorator.py took 0.140 seconds
[2025-04-03T14:11:16.265+0000] {processor.py:186} INFO - Started process (PID=118656) to work on /home/hamza/Documents/project/Mlops/myenv/lib/python3.12/site-packages/airflow/example_dags/example_task_group_decorator.py
[2025-04-03T14:11:16.268+0000] {processor.py:914} INFO - Processing file /home/hamza/Documents/project/Mlops/myenv/lib/python3.12/site-packages/airflow/example_dags/example_task_group_decorator.py for tasks to queue
[2025-04-03T14:11:16.270+0000] {logging_mixin.py:190} INFO - [2025-04-03T14:11:16.269+0000] {dagbag.py:588} INFO - Filling up the DagBag from /home/hamza/Documents/project/Mlops/myenv/lib/python3.12/site-packages/airflow/example_dags/example_task_group_decorator.py
[2025-04-03T14:11:16.296+0000] {processor.py:925} INFO - DAG(s) 'example_task_group_decorator' retrieved from /home/hamza/Documents/project/Mlops/myenv/lib/python3.12/site-packages/airflow/example_dags/example_task_group_decorator.py
[2025-04-03T14:11:16.333+0000] {logging_mixin.py:190} INFO - [2025-04-03T14:11:16.332+0000] {dag.py:3239} INFO - Sync 1 DAGs
[2025-04-03T14:11:16.352+0000] {logging_mixin.py:190} INFO - [2025-04-03T14:11:16.352+0000] {dag.py:4180} INFO - Setting next_dagrun for example_task_group_decorator to None, run_after=None
[2025-04-03T14:11:16.385+0000] {processor.py:208} INFO - Processing /home/hamza/Documents/project/Mlops/myenv/lib/python3.12/site-packages/airflow/example_dags/example_task_group_decorator.py took 0.130 seconds
[2025-04-03T14:12:56.662+0000] {processor.py:186} INFO - Started process (PID=119583) to work on /home/hamza/Documents/project/Mlops/myenv/lib/python3.12/site-packages/airflow/example_dags/example_task_group_decorator.py
[2025-04-03T14:12:56.663+0000] {processor.py:914} INFO - Processing file /home/hamza/Documents/project/Mlops/myenv/lib/python3.12/site-packages/airflow/example_dags/example_task_group_decorator.py for tasks to queue
[2025-04-03T14:12:56.667+0000] {logging_mixin.py:190} INFO - [2025-04-03T14:12:56.666+0000] {dagbag.py:588} INFO - Filling up the DagBag from /home/hamza/Documents/project/Mlops/myenv/lib/python3.12/site-packages/airflow/example_dags/example_task_group_decorator.py
[2025-04-03T14:12:56.689+0000] {processor.py:925} INFO - DAG(s) 'example_task_group_decorator' retrieved from /home/hamza/Documents/project/Mlops/myenv/lib/python3.12/site-packages/airflow/example_dags/example_task_group_decorator.py
[2025-04-03T14:12:56.723+0000] {logging_mixin.py:190} INFO - [2025-04-03T14:12:56.723+0000] {dag.py:3239} INFO - Sync 1 DAGs
[2025-04-03T14:12:56.741+0000] {logging_mixin.py:190} INFO - [2025-04-03T14:12:56.741+0000] {dag.py:4180} INFO - Setting next_dagrun for example_task_group_decorator to None, run_after=None
[2025-04-03T14:12:56.772+0000] {processor.py:208} INFO - Processing /home/hamza/Documents/project/Mlops/myenv/lib/python3.12/site-packages/airflow/example_dags/example_task_group_decorator.py took 0.118 seconds
[2025-04-03T14:18:40.405+0000] {processor.py:186} INFO - Started process (PID=122327) to work on /home/hamza/Documents/project/Mlops/myenv/lib/python3.12/site-packages/airflow/example_dags/example_task_group_decorator.py
[2025-04-03T14:18:40.406+0000] {processor.py:914} INFO - Processing file /home/hamza/Documents/project/Mlops/myenv/lib/python3.12/site-packages/airflow/example_dags/example_task_group_decorator.py for tasks to queue
[2025-04-03T14:18:40.409+0000] {logging_mixin.py:190} INFO - [2025-04-03T14:18:40.408+0000] {dagbag.py:588} INFO - Filling up the DagBag from /home/hamza/Documents/project/Mlops/myenv/lib/python3.12/site-packages/airflow/example_dags/example_task_group_decorator.py
[2025-04-03T14:18:40.435+0000] {processor.py:925} INFO - DAG(s) 'example_task_group_decorator' retrieved from /home/hamza/Documents/project/Mlops/myenv/lib/python3.12/site-packages/airflow/example_dags/example_task_group_decorator.py
[2025-04-03T14:18:40.476+0000] {logging_mixin.py:190} INFO - [2025-04-03T14:18:40.475+0000] {dag.py:3239} INFO - Sync 1 DAGs
[2025-04-03T14:18:40.497+0000] {logging_mixin.py:190} INFO - [2025-04-03T14:18:40.497+0000] {dag.py:4180} INFO - Setting next_dagrun for example_task_group_decorator to None, run_after=None
[2025-04-03T14:18:40.532+0000] {processor.py:208} INFO - Processing /home/hamza/Documents/project/Mlops/myenv/lib/python3.12/site-packages/airflow/example_dags/example_task_group_decorator.py took 0.136 seconds
[2025-04-03T14:19:54.919+0000] {processor.py:186} INFO - Started process (PID=123029) to work on /home/hamza/Documents/project/Mlops/myenv/lib/python3.12/site-packages/airflow/example_dags/example_task_group_decorator.py
[2025-04-03T14:19:54.922+0000] {processor.py:914} INFO - Processing file /home/hamza/Documents/project/Mlops/myenv/lib/python3.12/site-packages/airflow/example_dags/example_task_group_decorator.py for tasks to queue
[2025-04-03T14:19:54.926+0000] {logging_mixin.py:190} INFO - [2025-04-03T14:19:54.925+0000] {dagbag.py:588} INFO - Filling up the DagBag from /home/hamza/Documents/project/Mlops/myenv/lib/python3.12/site-packages/airflow/example_dags/example_task_group_decorator.py
[2025-04-03T14:19:54.959+0000] {processor.py:925} INFO - DAG(s) 'example_task_group_decorator' retrieved from /home/hamza/Documents/project/Mlops/myenv/lib/python3.12/site-packages/airflow/example_dags/example_task_group_decorator.py
[2025-04-03T14:19:55.009+0000] {logging_mixin.py:190} INFO - [2025-04-03T14:19:55.008+0000] {dag.py:3239} INFO - Sync 1 DAGs
[2025-04-03T14:19:55.032+0000] {logging_mixin.py:190} INFO - [2025-04-03T14:19:55.032+0000] {dag.py:4180} INFO - Setting next_dagrun for example_task_group_decorator to None, run_after=None
[2025-04-03T14:19:55.076+0000] {processor.py:208} INFO - Processing /home/hamza/Documents/project/Mlops/myenv/lib/python3.12/site-packages/airflow/example_dags/example_task_group_decorator.py took 0.167 seconds
[2025-04-03T15:08:11.696+0000] {processor.py:186} INFO - Started process (PID=35771) to work on /home/hamza/Documents/project/Mlops/myenv/lib/python3.12/site-packages/airflow/example_dags/example_task_group_decorator.py
[2025-04-03T15:08:11.697+0000] {processor.py:914} INFO - Processing file /home/hamza/Documents/project/Mlops/myenv/lib/python3.12/site-packages/airflow/example_dags/example_task_group_decorator.py for tasks to queue
[2025-04-03T15:08:11.701+0000] {logging_mixin.py:190} INFO - [2025-04-03T15:08:11.700+0000] {dagbag.py:588} INFO - Filling up the DagBag from /home/hamza/Documents/project/Mlops/myenv/lib/python3.12/site-packages/airflow/example_dags/example_task_group_decorator.py
[2025-04-03T15:08:11.723+0000] {processor.py:925} INFO - DAG(s) 'example_task_group_decorator' retrieved from /home/hamza/Documents/project/Mlops/myenv/lib/python3.12/site-packages/airflow/example_dags/example_task_group_decorator.py
[2025-04-03T15:08:11.754+0000] {logging_mixin.py:190} INFO - [2025-04-03T15:08:11.754+0000] {dag.py:3239} INFO - Sync 1 DAGs
[2025-04-03T15:08:11.772+0000] {logging_mixin.py:190} INFO - [2025-04-03T15:08:11.771+0000] {dag.py:4180} INFO - Setting next_dagrun for example_task_group_decorator to None, run_after=None
[2025-04-03T15:08:11.807+0000] {processor.py:208} INFO - Processing /home/hamza/Documents/project/Mlops/myenv/lib/python3.12/site-packages/airflow/example_dags/example_task_group_decorator.py took 0.118 seconds
[2025-04-03T15:09:26.946+0000] {processor.py:186} INFO - Started process (PID=36796) to work on /home/hamza/Documents/project/Mlops/myenv/lib/python3.12/site-packages/airflow/example_dags/example_task_group_decorator.py
[2025-04-03T15:09:26.951+0000] {processor.py:914} INFO - Processing file /home/hamza/Documents/project/Mlops/myenv/lib/python3.12/site-packages/airflow/example_dags/example_task_group_decorator.py for tasks to queue
[2025-04-03T15:09:26.955+0000] {logging_mixin.py:190} INFO - [2025-04-03T15:09:26.955+0000] {dagbag.py:588} INFO - Filling up the DagBag from /home/hamza/Documents/project/Mlops/myenv/lib/python3.12/site-packages/airflow/example_dags/example_task_group_decorator.py
[2025-04-03T15:09:26.982+0000] {processor.py:925} INFO - DAG(s) 'example_task_group_decorator' retrieved from /home/hamza/Documents/project/Mlops/myenv/lib/python3.12/site-packages/airflow/example_dags/example_task_group_decorator.py
[2025-04-03T15:09:27.016+0000] {logging_mixin.py:190} INFO - [2025-04-03T15:09:27.015+0000] {dag.py:3239} INFO - Sync 1 DAGs
[2025-04-03T15:09:27.036+0000] {logging_mixin.py:190} INFO - [2025-04-03T15:09:27.035+0000] {dag.py:4180} INFO - Setting next_dagrun for example_task_group_decorator to None, run_after=None
[2025-04-03T15:09:27.070+0000] {processor.py:208} INFO - Processing /home/hamza/Documents/project/Mlops/myenv/lib/python3.12/site-packages/airflow/example_dags/example_task_group_decorator.py took 0.132 seconds
[2025-04-03T15:10:56.541+0000] {processor.py:186} INFO - Started process (PID=37632) to work on /home/hamza/Documents/project/Mlops/myenv/lib/python3.12/site-packages/airflow/example_dags/example_task_group_decorator.py
[2025-04-03T15:10:56.544+0000] {processor.py:914} INFO - Processing file /home/hamza/Documents/project/Mlops/myenv/lib/python3.12/site-packages/airflow/example_dags/example_task_group_decorator.py for tasks to queue
[2025-04-03T15:10:56.549+0000] {logging_mixin.py:190} INFO - [2025-04-03T15:10:56.549+0000] {dagbag.py:588} INFO - Filling up the DagBag from /home/hamza/Documents/project/Mlops/myenv/lib/python3.12/site-packages/airflow/example_dags/example_task_group_decorator.py
[2025-04-03T15:10:56.576+0000] {processor.py:925} INFO - DAG(s) 'example_task_group_decorator' retrieved from /home/hamza/Documents/project/Mlops/myenv/lib/python3.12/site-packages/airflow/example_dags/example_task_group_decorator.py
[2025-04-03T15:10:56.607+0000] {logging_mixin.py:190} INFO - [2025-04-03T15:10:56.607+0000] {dag.py:3239} INFO - Sync 1 DAGs
[2025-04-03T15:10:56.627+0000] {logging_mixin.py:190} INFO - [2025-04-03T15:10:56.626+0000] {dag.py:4180} INFO - Setting next_dagrun for example_task_group_decorator to None, run_after=None
[2025-04-03T15:10:56.664+0000] {processor.py:208} INFO - Processing /home/hamza/Documents/project/Mlops/myenv/lib/python3.12/site-packages/airflow/example_dags/example_task_group_decorator.py took 0.132 seconds
[2025-04-03T15:12:25.291+0000] {processor.py:186} INFO - Started process (PID=38423) to work on /home/hamza/Documents/project/Mlops/myenv/lib/python3.12/site-packages/airflow/example_dags/example_task_group_decorator.py
[2025-04-03T15:12:25.293+0000] {processor.py:914} INFO - Processing file /home/hamza/Documents/project/Mlops/myenv/lib/python3.12/site-packages/airflow/example_dags/example_task_group_decorator.py for tasks to queue
[2025-04-03T15:12:25.299+0000] {logging_mixin.py:190} INFO - [2025-04-03T15:12:25.298+0000] {dagbag.py:588} INFO - Filling up the DagBag from /home/hamza/Documents/project/Mlops/myenv/lib/python3.12/site-packages/airflow/example_dags/example_task_group_decorator.py
[2025-04-03T15:12:25.327+0000] {processor.py:925} INFO - DAG(s) 'example_task_group_decorator' retrieved from /home/hamza/Documents/project/Mlops/myenv/lib/python3.12/site-packages/airflow/example_dags/example_task_group_decorator.py
[2025-04-03T15:12:25.358+0000] {logging_mixin.py:190} INFO - [2025-04-03T15:12:25.358+0000] {dag.py:3239} INFO - Sync 1 DAGs
[2025-04-03T15:12:25.377+0000] {logging_mixin.py:190} INFO - [2025-04-03T15:12:25.377+0000] {dag.py:4180} INFO - Setting next_dagrun for example_task_group_decorator to None, run_after=None
[2025-04-03T15:12:25.414+0000] {processor.py:208} INFO - Processing /home/hamza/Documents/project/Mlops/myenv/lib/python3.12/site-packages/airflow/example_dags/example_task_group_decorator.py took 0.133 seconds
[2025-04-03T15:14:02.053+0000] {processor.py:186} INFO - Started process (PID=39336) to work on /home/hamza/Documents/project/Mlops/myenv/lib/python3.12/site-packages/airflow/example_dags/example_task_group_decorator.py
[2025-04-03T15:14:02.057+0000] {processor.py:914} INFO - Processing file /home/hamza/Documents/project/Mlops/myenv/lib/python3.12/site-packages/airflow/example_dags/example_task_group_decorator.py for tasks to queue
[2025-04-03T15:14:02.062+0000] {logging_mixin.py:190} INFO - [2025-04-03T15:14:02.061+0000] {dagbag.py:588} INFO - Filling up the DagBag from /home/hamza/Documents/project/Mlops/myenv/lib/python3.12/site-packages/airflow/example_dags/example_task_group_decorator.py
[2025-04-03T15:14:02.091+0000] {processor.py:925} INFO - DAG(s) 'example_task_group_decorator' retrieved from /home/hamza/Documents/project/Mlops/myenv/lib/python3.12/site-packages/airflow/example_dags/example_task_group_decorator.py
[2025-04-03T15:14:02.124+0000] {logging_mixin.py:190} INFO - [2025-04-03T15:14:02.124+0000] {dag.py:3239} INFO - Sync 1 DAGs
[2025-04-03T15:14:02.143+0000] {logging_mixin.py:190} INFO - [2025-04-03T15:14:02.143+0000] {dag.py:4180} INFO - Setting next_dagrun for example_task_group_decorator to None, run_after=None
[2025-04-03T15:14:02.186+0000] {processor.py:208} INFO - Processing /home/hamza/Documents/project/Mlops/myenv/lib/python3.12/site-packages/airflow/example_dags/example_task_group_decorator.py took 0.141 seconds
[2025-04-03T15:15:36.001+0000] {processor.py:186} INFO - Started process (PID=40278) to work on /home/hamza/Documents/project/Mlops/myenv/lib/python3.12/site-packages/airflow/example_dags/example_task_group_decorator.py
[2025-04-03T15:15:36.005+0000] {processor.py:914} INFO - Processing file /home/hamza/Documents/project/Mlops/myenv/lib/python3.12/site-packages/airflow/example_dags/example_task_group_decorator.py for tasks to queue
[2025-04-03T15:15:36.013+0000] {logging_mixin.py:190} INFO - [2025-04-03T15:15:36.012+0000] {dagbag.py:588} INFO - Filling up the DagBag from /home/hamza/Documents/project/Mlops/myenv/lib/python3.12/site-packages/airflow/example_dags/example_task_group_decorator.py
[2025-04-03T15:15:36.041+0000] {processor.py:925} INFO - DAG(s) 'example_task_group_decorator' retrieved from /home/hamza/Documents/project/Mlops/myenv/lib/python3.12/site-packages/airflow/example_dags/example_task_group_decorator.py
[2025-04-03T15:15:36.078+0000] {logging_mixin.py:190} INFO - [2025-04-03T15:15:36.077+0000] {dag.py:3239} INFO - Sync 1 DAGs
[2025-04-03T15:15:36.098+0000] {logging_mixin.py:190} INFO - [2025-04-03T15:15:36.097+0000] {dag.py:4180} INFO - Setting next_dagrun for example_task_group_decorator to None, run_after=None
[2025-04-03T15:15:36.134+0000] {processor.py:208} INFO - Processing /home/hamza/Documents/project/Mlops/myenv/lib/python3.12/site-packages/airflow/example_dags/example_task_group_decorator.py took 0.144 seconds
