[2025-04-03T13:43:23.269+0000] {processor.py:186} INFO - Started process (PID=98236) to work on /home/hamza/Documents/project/Mlops/myenv/lib/python3.12/site-packages/airflow/example_dags/example_task_group.py
[2025-04-03T13:43:23.270+0000] {processor.py:914} INFO - Processing file /home/hamza/Documents/project/Mlops/myenv/lib/python3.12/site-packages/airflow/example_dags/example_task_group.py for tasks to queue
[2025-04-03T13:43:23.274+0000] {logging_mixin.py:190} INFO - [2025-04-03T13:43:23.273+0000] {dagbag.py:588} INFO - Filling up the DagBag from /home/hamza/Documents/project/Mlops/myenv/lib/python3.12/site-packages/airflow/example_dags/example_task_group.py
[2025-04-03T13:43:23.290+0000] {processor.py:925} INFO - DAG(s) 'example_task_group' retrieved from /home/hamza/Documents/project/Mlops/myenv/lib/python3.12/site-packages/airflow/example_dags/example_task_group.py
[2025-04-03T13:43:23.460+0000] {logging_mixin.py:190} INFO - [2025-04-03T13:43:23.459+0000] {override.py:1930} INFO - Created Permission View: can delete on DAG:example_task_group
[2025-04-03T13:43:23.478+0000] {logging_mixin.py:190} INFO - [2025-04-03T13:43:23.478+0000] {override.py:1930} INFO - Created Permission View: can read on DAG:example_task_group
[2025-04-03T13:43:23.492+0000] {logging_mixin.py:190} INFO - [2025-04-03T13:43:23.492+0000] {override.py:1930} INFO - Created Permission View: can edit on DAG:example_task_group
[2025-04-03T13:43:23.513+0000] {logging_mixin.py:190} INFO - [2025-04-03T13:43:23.512+0000] {override.py:1930} INFO - Created Permission View: can delete on DAG Run:example_task_group
[2025-04-03T13:43:23.529+0000] {logging_mixin.py:190} INFO - [2025-04-03T13:43:23.528+0000] {override.py:1930} INFO - Created Permission View: can read on DAG Run:example_task_group
[2025-04-03T13:43:23.542+0000] {logging_mixin.py:190} INFO - [2025-04-03T13:43:23.541+0000] {override.py:1930} INFO - Created Permission View: menu access on DAG Run:example_task_group
[2025-04-03T13:43:23.554+0000] {logging_mixin.py:190} INFO - [2025-04-03T13:43:23.554+0000] {override.py:1930} INFO - Created Permission View: can create on DAG Run:example_task_group
[2025-04-03T13:43:23.555+0000] {logging_mixin.py:190} INFO - [2025-04-03T13:43:23.554+0000] {dag.py:3239} INFO - Sync 1 DAGs
[2025-04-03T13:43:23.571+0000] {logging_mixin.py:190} INFO - [2025-04-03T13:43:23.570+0000] {dag.py:3262} INFO - Creating ORM DAG for example_task_group
[2025-04-03T13:43:23.572+0000] {logging_mixin.py:190} INFO - [2025-04-03T13:43:23.571+0000] {dag.py:4180} INFO - Setting next_dagrun for example_task_group to None, run_after=None
[2025-04-03T13:43:23.600+0000] {processor.py:208} INFO - Processing /home/hamza/Documents/project/Mlops/myenv/lib/python3.12/site-packages/airflow/example_dags/example_task_group.py took 0.340 seconds
[2025-04-03T13:44:39.888+0000] {processor.py:186} INFO - Started process (PID=99399) to work on /home/hamza/Documents/project/Mlops/myenv/lib/python3.12/site-packages/airflow/example_dags/example_task_group.py
[2025-04-03T13:44:39.890+0000] {processor.py:914} INFO - Processing file /home/hamza/Documents/project/Mlops/myenv/lib/python3.12/site-packages/airflow/example_dags/example_task_group.py for tasks to queue
[2025-04-03T13:44:39.893+0000] {logging_mixin.py:190} INFO - [2025-04-03T13:44:39.893+0000] {dagbag.py:588} INFO - Filling up the DagBag from /home/hamza/Documents/project/Mlops/myenv/lib/python3.12/site-packages/airflow/example_dags/example_task_group.py
[2025-04-03T13:44:39.910+0000] {processor.py:925} INFO - DAG(s) 'example_task_group' retrieved from /home/hamza/Documents/project/Mlops/myenv/lib/python3.12/site-packages/airflow/example_dags/example_task_group.py
[2025-04-03T13:44:39.940+0000] {logging_mixin.py:190} INFO - [2025-04-03T13:44:39.940+0000] {dag.py:3239} INFO - Sync 1 DAGs
[2025-04-03T13:44:39.961+0000] {logging_mixin.py:190} INFO - [2025-04-03T13:44:39.961+0000] {dag.py:4180} INFO - Setting next_dagrun for example_task_group to None, run_after=None
[2025-04-03T13:44:40.001+0000] {processor.py:208} INFO - Processing /home/hamza/Documents/project/Mlops/myenv/lib/python3.12/site-packages/airflow/example_dags/example_task_group.py took 0.124 seconds
[2025-04-03T13:45:45.451+0000] {processor.py:186} INFO - Started process (PID=99978) to work on /home/hamza/Documents/project/Mlops/myenv/lib/python3.12/site-packages/airflow/example_dags/example_task_group.py
[2025-04-03T13:45:45.452+0000] {processor.py:914} INFO - Processing file /home/hamza/Documents/project/Mlops/myenv/lib/python3.12/site-packages/airflow/example_dags/example_task_group.py for tasks to queue
[2025-04-03T13:45:45.457+0000] {logging_mixin.py:190} INFO - [2025-04-03T13:45:45.456+0000] {dagbag.py:588} INFO - Filling up the DagBag from /home/hamza/Documents/project/Mlops/myenv/lib/python3.12/site-packages/airflow/example_dags/example_task_group.py
[2025-04-03T13:45:45.476+0000] {processor.py:925} INFO - DAG(s) 'example_task_group' retrieved from /home/hamza/Documents/project/Mlops/myenv/lib/python3.12/site-packages/airflow/example_dags/example_task_group.py
[2025-04-03T13:45:45.515+0000] {logging_mixin.py:190} INFO - [2025-04-03T13:45:45.515+0000] {dag.py:3239} INFO - Sync 1 DAGs
[2025-04-03T13:45:45.543+0000] {logging_mixin.py:190} INFO - [2025-04-03T13:45:45.543+0000] {dag.py:4180} INFO - Setting next_dagrun for example_task_group to None, run_after=None
[2025-04-03T13:45:45.582+0000] {processor.py:208} INFO - Processing /home/hamza/Documents/project/Mlops/myenv/lib/python3.12/site-packages/airflow/example_dags/example_task_group.py took 0.141 seconds
[2025-04-03T13:46:54.658+0000] {processor.py:186} INFO - Started process (PID=100686) to work on /home/hamza/Documents/project/Mlops/myenv/lib/python3.12/site-packages/airflow/example_dags/example_task_group.py
[2025-04-03T13:46:54.660+0000] {processor.py:914} INFO - Processing file /home/hamza/Documents/project/Mlops/myenv/lib/python3.12/site-packages/airflow/example_dags/example_task_group.py for tasks to queue
[2025-04-03T13:46:54.664+0000] {logging_mixin.py:190} INFO - [2025-04-03T13:46:54.663+0000] {dagbag.py:588} INFO - Filling up the DagBag from /home/hamza/Documents/project/Mlops/myenv/lib/python3.12/site-packages/airflow/example_dags/example_task_group.py
[2025-04-03T13:46:54.680+0000] {processor.py:925} INFO - DAG(s) 'example_task_group' retrieved from /home/hamza/Documents/project/Mlops/myenv/lib/python3.12/site-packages/airflow/example_dags/example_task_group.py
[2025-04-03T13:46:54.709+0000] {logging_mixin.py:190} INFO - [2025-04-03T13:46:54.709+0000] {dag.py:3239} INFO - Sync 1 DAGs
[2025-04-03T13:46:54.731+0000] {logging_mixin.py:190} INFO - [2025-04-03T13:46:54.730+0000] {dag.py:4180} INFO - Setting next_dagrun for example_task_group to None, run_after=None
[2025-04-03T13:46:54.764+0000] {processor.py:208} INFO - Processing /home/hamza/Documents/project/Mlops/myenv/lib/python3.12/site-packages/airflow/example_dags/example_task_group.py took 0.115 seconds
[2025-04-03T13:48:02.389+0000] {processor.py:186} INFO - Started process (PID=101551) to work on /home/hamza/Documents/project/Mlops/myenv/lib/python3.12/site-packages/airflow/example_dags/example_task_group.py
[2025-04-03T13:48:02.392+0000] {processor.py:914} INFO - Processing file /home/hamza/Documents/project/Mlops/myenv/lib/python3.12/site-packages/airflow/example_dags/example_task_group.py for tasks to queue
[2025-04-03T13:48:02.402+0000] {logging_mixin.py:190} INFO - [2025-04-03T13:48:02.401+0000] {dagbag.py:588} INFO - Filling up the DagBag from /home/hamza/Documents/project/Mlops/myenv/lib/python3.12/site-packages/airflow/example_dags/example_task_group.py
[2025-04-03T13:48:02.431+0000] {processor.py:925} INFO - DAG(s) 'example_task_group' retrieved from /home/hamza/Documents/project/Mlops/myenv/lib/python3.12/site-packages/airflow/example_dags/example_task_group.py
[2025-04-03T13:48:02.464+0000] {logging_mixin.py:190} INFO - [2025-04-03T13:48:02.464+0000] {dag.py:3239} INFO - Sync 1 DAGs
[2025-04-03T13:48:02.495+0000] {logging_mixin.py:190} INFO - [2025-04-03T13:48:02.494+0000] {dag.py:4180} INFO - Setting next_dagrun for example_task_group to None, run_after=None
[2025-04-03T13:48:02.531+0000] {processor.py:208} INFO - Processing /home/hamza/Documents/project/Mlops/myenv/lib/python3.12/site-packages/airflow/example_dags/example_task_group.py took 0.153 seconds
[2025-04-03T13:49:38.495+0000] {processor.py:186} INFO - Started process (PID=102897) to work on /home/hamza/Documents/project/Mlops/myenv/lib/python3.12/site-packages/airflow/example_dags/example_task_group.py
[2025-04-03T13:49:38.497+0000] {processor.py:914} INFO - Processing file /home/hamza/Documents/project/Mlops/myenv/lib/python3.12/site-packages/airflow/example_dags/example_task_group.py for tasks to queue
[2025-04-03T13:49:38.500+0000] {logging_mixin.py:190} INFO - [2025-04-03T13:49:38.499+0000] {dagbag.py:588} INFO - Filling up the DagBag from /home/hamza/Documents/project/Mlops/myenv/lib/python3.12/site-packages/airflow/example_dags/example_task_group.py
[2025-04-03T13:49:38.517+0000] {processor.py:925} INFO - DAG(s) 'example_task_group' retrieved from /home/hamza/Documents/project/Mlops/myenv/lib/python3.12/site-packages/airflow/example_dags/example_task_group.py
[2025-04-03T13:49:38.555+0000] {logging_mixin.py:190} INFO - [2025-04-03T13:49:38.555+0000] {dag.py:3239} INFO - Sync 1 DAGs
[2025-04-03T13:49:38.577+0000] {logging_mixin.py:190} INFO - [2025-04-03T13:49:38.576+0000] {dag.py:4180} INFO - Setting next_dagrun for example_task_group to None, run_after=None
[2025-04-03T13:49:38.617+0000] {processor.py:208} INFO - Processing /home/hamza/Documents/project/Mlops/myenv/lib/python3.12/site-packages/airflow/example_dags/example_task_group.py took 0.131 seconds
[2025-04-03T13:50:57.992+0000] {processor.py:186} INFO - Started process (PID=103861) to work on /home/hamza/Documents/project/Mlops/myenv/lib/python3.12/site-packages/airflow/example_dags/example_task_group.py
[2025-04-03T13:50:57.999+0000] {processor.py:914} INFO - Processing file /home/hamza/Documents/project/Mlops/myenv/lib/python3.12/site-packages/airflow/example_dags/example_task_group.py for tasks to queue
[2025-04-03T13:50:58.002+0000] {logging_mixin.py:190} INFO - [2025-04-03T13:50:58.001+0000] {dagbag.py:588} INFO - Filling up the DagBag from /home/hamza/Documents/project/Mlops/myenv/lib/python3.12/site-packages/airflow/example_dags/example_task_group.py
[2025-04-03T13:50:58.017+0000] {processor.py:925} INFO - DAG(s) 'example_task_group' retrieved from /home/hamza/Documents/project/Mlops/myenv/lib/python3.12/site-packages/airflow/example_dags/example_task_group.py
[2025-04-03T13:50:58.046+0000] {logging_mixin.py:190} INFO - [2025-04-03T13:50:58.046+0000] {dag.py:3239} INFO - Sync 1 DAGs
[2025-04-03T13:50:58.068+0000] {logging_mixin.py:190} INFO - [2025-04-03T13:50:58.067+0000] {dag.py:4180} INFO - Setting next_dagrun for example_task_group to None, run_after=None
[2025-04-03T13:50:58.114+0000] {processor.py:208} INFO - Processing /home/hamza/Documents/project/Mlops/myenv/lib/python3.12/site-packages/airflow/example_dags/example_task_group.py took 0.132 seconds
[2025-04-03T13:52:35.935+0000] {processor.py:186} INFO - Started process (PID=104948) to work on /home/hamza/Documents/project/Mlops/myenv/lib/python3.12/site-packages/airflow/example_dags/example_task_group.py
[2025-04-03T13:52:35.937+0000] {processor.py:914} INFO - Processing file /home/hamza/Documents/project/Mlops/myenv/lib/python3.12/site-packages/airflow/example_dags/example_task_group.py for tasks to queue
[2025-04-03T13:52:35.942+0000] {logging_mixin.py:190} INFO - [2025-04-03T13:52:35.941+0000] {dagbag.py:588} INFO - Filling up the DagBag from /home/hamza/Documents/project/Mlops/myenv/lib/python3.12/site-packages/airflow/example_dags/example_task_group.py
[2025-04-03T13:52:35.959+0000] {processor.py:925} INFO - DAG(s) 'example_task_group' retrieved from /home/hamza/Documents/project/Mlops/myenv/lib/python3.12/site-packages/airflow/example_dags/example_task_group.py
[2025-04-03T13:52:35.990+0000] {logging_mixin.py:190} INFO - [2025-04-03T13:52:35.989+0000] {dag.py:3239} INFO - Sync 1 DAGs
[2025-04-03T13:52:36.012+0000] {logging_mixin.py:190} INFO - [2025-04-03T13:52:36.012+0000] {dag.py:4180} INFO - Setting next_dagrun for example_task_group to None, run_after=None
[2025-04-03T13:52:36.052+0000] {processor.py:208} INFO - Processing /home/hamza/Documents/project/Mlops/myenv/lib/python3.12/site-packages/airflow/example_dags/example_task_group.py took 0.125 seconds
[2025-04-03T13:54:11.746+0000] {processor.py:186} INFO - Started process (PID=105980) to work on /home/hamza/Documents/project/Mlops/myenv/lib/python3.12/site-packages/airflow/example_dags/example_task_group.py
[2025-04-03T13:54:11.748+0000] {processor.py:914} INFO - Processing file /home/hamza/Documents/project/Mlops/myenv/lib/python3.12/site-packages/airflow/example_dags/example_task_group.py for tasks to queue
[2025-04-03T13:54:11.753+0000] {logging_mixin.py:190} INFO - [2025-04-03T13:54:11.752+0000] {dagbag.py:588} INFO - Filling up the DagBag from /home/hamza/Documents/project/Mlops/myenv/lib/python3.12/site-packages/airflow/example_dags/example_task_group.py
[2025-04-03T13:54:11.778+0000] {processor.py:925} INFO - DAG(s) 'example_task_group' retrieved from /home/hamza/Documents/project/Mlops/myenv/lib/python3.12/site-packages/airflow/example_dags/example_task_group.py
[2025-04-03T13:54:11.815+0000] {logging_mixin.py:190} INFO - [2025-04-03T13:54:11.815+0000] {dag.py:3239} INFO - Sync 1 DAGs
[2025-04-03T13:54:11.839+0000] {logging_mixin.py:190} INFO - [2025-04-03T13:54:11.839+0000] {dag.py:4180} INFO - Setting next_dagrun for example_task_group to None, run_after=None
[2025-04-03T13:54:11.882+0000] {processor.py:208} INFO - Processing /home/hamza/Documents/project/Mlops/myenv/lib/python3.12/site-packages/airflow/example_dags/example_task_group.py took 0.148 seconds
[2025-04-03T13:57:59.709+0000] {processor.py:186} INFO - Started process (PID=108998) to work on /home/hamza/Documents/project/Mlops/myenv/lib/python3.12/site-packages/airflow/example_dags/example_task_group.py
[2025-04-03T13:57:59.710+0000] {processor.py:914} INFO - Processing file /home/hamza/Documents/project/Mlops/myenv/lib/python3.12/site-packages/airflow/example_dags/example_task_group.py for tasks to queue
[2025-04-03T13:57:59.713+0000] {logging_mixin.py:190} INFO - [2025-04-03T13:57:59.712+0000] {dagbag.py:588} INFO - Filling up the DagBag from /home/hamza/Documents/project/Mlops/myenv/lib/python3.12/site-packages/airflow/example_dags/example_task_group.py
[2025-04-03T13:57:59.726+0000] {processor.py:925} INFO - DAG(s) 'example_task_group' retrieved from /home/hamza/Documents/project/Mlops/myenv/lib/python3.12/site-packages/airflow/example_dags/example_task_group.py
[2025-04-03T13:57:59.760+0000] {logging_mixin.py:190} INFO - [2025-04-03T13:57:59.759+0000] {dag.py:3239} INFO - Sync 1 DAGs
[2025-04-03T13:57:59.780+0000] {logging_mixin.py:190} INFO - [2025-04-03T13:57:59.779+0000] {dag.py:4180} INFO - Setting next_dagrun for example_task_group to None, run_after=None
[2025-04-03T13:57:59.818+0000] {processor.py:208} INFO - Processing /home/hamza/Documents/project/Mlops/myenv/lib/python3.12/site-packages/airflow/example_dags/example_task_group.py took 0.117 seconds
[2025-04-03T13:59:08.251+0000] {processor.py:186} INFO - Started process (PID=109904) to work on /home/hamza/Documents/project/Mlops/myenv/lib/python3.12/site-packages/airflow/example_dags/example_task_group.py
[2025-04-03T13:59:08.253+0000] {processor.py:914} INFO - Processing file /home/hamza/Documents/project/Mlops/myenv/lib/python3.12/site-packages/airflow/example_dags/example_task_group.py for tasks to queue
[2025-04-03T13:59:08.257+0000] {logging_mixin.py:190} INFO - [2025-04-03T13:59:08.256+0000] {dagbag.py:588} INFO - Filling up the DagBag from /home/hamza/Documents/project/Mlops/myenv/lib/python3.12/site-packages/airflow/example_dags/example_task_group.py
[2025-04-03T13:59:08.274+0000] {processor.py:925} INFO - DAG(s) 'example_task_group' retrieved from /home/hamza/Documents/project/Mlops/myenv/lib/python3.12/site-packages/airflow/example_dags/example_task_group.py
[2025-04-03T13:59:08.314+0000] {logging_mixin.py:190} INFO - [2025-04-03T13:59:08.313+0000] {dag.py:3239} INFO - Sync 1 DAGs
[2025-04-03T13:59:08.343+0000] {logging_mixin.py:190} INFO - [2025-04-03T13:59:08.343+0000] {dag.py:4180} INFO - Setting next_dagrun for example_task_group to None, run_after=None
[2025-04-03T13:59:08.379+0000] {processor.py:208} INFO - Processing /home/hamza/Documents/project/Mlops/myenv/lib/python3.12/site-packages/airflow/example_dags/example_task_group.py took 0.137 seconds
[2025-04-03T14:10:00.904+0000] {processor.py:186} INFO - Started process (PID=117952) to work on /home/hamza/Documents/project/Mlops/myenv/lib/python3.12/site-packages/airflow/example_dags/example_task_group.py
[2025-04-03T14:10:00.906+0000] {processor.py:914} INFO - Processing file /home/hamza/Documents/project/Mlops/myenv/lib/python3.12/site-packages/airflow/example_dags/example_task_group.py for tasks to queue
[2025-04-03T14:10:00.909+0000] {logging_mixin.py:190} INFO - [2025-04-03T14:10:00.908+0000] {dagbag.py:588} INFO - Filling up the DagBag from /home/hamza/Documents/project/Mlops/myenv/lib/python3.12/site-packages/airflow/example_dags/example_task_group.py
[2025-04-03T14:10:00.921+0000] {processor.py:925} INFO - DAG(s) 'example_task_group' retrieved from /home/hamza/Documents/project/Mlops/myenv/lib/python3.12/site-packages/airflow/example_dags/example_task_group.py
[2025-04-03T14:10:00.963+0000] {logging_mixin.py:190} INFO - [2025-04-03T14:10:00.962+0000] {dag.py:3239} INFO - Sync 1 DAGs
[2025-04-03T14:10:00.982+0000] {logging_mixin.py:190} INFO - [2025-04-03T14:10:00.982+0000] {dag.py:4180} INFO - Setting next_dagrun for example_task_group to None, run_after=None
[2025-04-03T14:10:01.016+0000] {processor.py:208} INFO - Processing /home/hamza/Documents/project/Mlops/myenv/lib/python3.12/site-packages/airflow/example_dags/example_task_group.py took 0.122 seconds
[2025-04-03T14:11:15.709+0000] {processor.py:186} INFO - Started process (PID=118654) to work on /home/hamza/Documents/project/Mlops/myenv/lib/python3.12/site-packages/airflow/example_dags/example_task_group.py
[2025-04-03T14:11:15.712+0000] {processor.py:914} INFO - Processing file /home/hamza/Documents/project/Mlops/myenv/lib/python3.12/site-packages/airflow/example_dags/example_task_group.py for tasks to queue
[2025-04-03T14:11:15.714+0000] {logging_mixin.py:190} INFO - [2025-04-03T14:11:15.713+0000] {dagbag.py:588} INFO - Filling up the DagBag from /home/hamza/Documents/project/Mlops/myenv/lib/python3.12/site-packages/airflow/example_dags/example_task_group.py
[2025-04-03T14:11:15.725+0000] {processor.py:925} INFO - DAG(s) 'example_task_group' retrieved from /home/hamza/Documents/project/Mlops/myenv/lib/python3.12/site-packages/airflow/example_dags/example_task_group.py
[2025-04-03T14:11:15.755+0000] {logging_mixin.py:190} INFO - [2025-04-03T14:11:15.754+0000] {dag.py:3239} INFO - Sync 1 DAGs
[2025-04-03T14:11:15.776+0000] {logging_mixin.py:190} INFO - [2025-04-03T14:11:15.775+0000] {dag.py:4180} INFO - Setting next_dagrun for example_task_group to None, run_after=None
[2025-04-03T14:11:15.817+0000] {processor.py:208} INFO - Processing /home/hamza/Documents/project/Mlops/myenv/lib/python3.12/site-packages/airflow/example_dags/example_task_group.py took 0.118 seconds
[2025-04-03T14:12:55.584+0000] {processor.py:186} INFO - Started process (PID=119580) to work on /home/hamza/Documents/project/Mlops/myenv/lib/python3.12/site-packages/airflow/example_dags/example_task_group.py
[2025-04-03T14:12:55.586+0000] {processor.py:914} INFO - Processing file /home/hamza/Documents/project/Mlops/myenv/lib/python3.12/site-packages/airflow/example_dags/example_task_group.py for tasks to queue
[2025-04-03T14:12:55.590+0000] {logging_mixin.py:190} INFO - [2025-04-03T14:12:55.589+0000] {dagbag.py:588} INFO - Filling up the DagBag from /home/hamza/Documents/project/Mlops/myenv/lib/python3.12/site-packages/airflow/example_dags/example_task_group.py
[2025-04-03T14:12:55.604+0000] {processor.py:925} INFO - DAG(s) 'example_task_group' retrieved from /home/hamza/Documents/project/Mlops/myenv/lib/python3.12/site-packages/airflow/example_dags/example_task_group.py
[2025-04-03T14:12:55.644+0000] {logging_mixin.py:190} INFO - [2025-04-03T14:12:55.642+0000] {dag.py:3239} INFO - Sync 1 DAGs
[2025-04-03T14:12:55.671+0000] {logging_mixin.py:190} INFO - [2025-04-03T14:12:55.670+0000] {dag.py:4180} INFO - Setting next_dagrun for example_task_group to None, run_after=None
[2025-04-03T14:12:55.709+0000] {processor.py:208} INFO - Processing /home/hamza/Documents/project/Mlops/myenv/lib/python3.12/site-packages/airflow/example_dags/example_task_group.py took 0.137 seconds
[2025-04-03T14:18:39.605+0000] {processor.py:186} INFO - Started process (PID=122315) to work on /home/hamza/Documents/project/Mlops/myenv/lib/python3.12/site-packages/airflow/example_dags/example_task_group.py
[2025-04-03T14:18:39.608+0000] {processor.py:914} INFO - Processing file /home/hamza/Documents/project/Mlops/myenv/lib/python3.12/site-packages/airflow/example_dags/example_task_group.py for tasks to queue
[2025-04-03T14:18:39.611+0000] {logging_mixin.py:190} INFO - [2025-04-03T14:18:39.610+0000] {dagbag.py:588} INFO - Filling up the DagBag from /home/hamza/Documents/project/Mlops/myenv/lib/python3.12/site-packages/airflow/example_dags/example_task_group.py
[2025-04-03T14:18:39.628+0000] {processor.py:925} INFO - DAG(s) 'example_task_group' retrieved from /home/hamza/Documents/project/Mlops/myenv/lib/python3.12/site-packages/airflow/example_dags/example_task_group.py
[2025-04-03T14:18:39.674+0000] {logging_mixin.py:190} INFO - [2025-04-03T14:18:39.673+0000] {dag.py:3239} INFO - Sync 1 DAGs
[2025-04-03T14:18:39.697+0000] {logging_mixin.py:190} INFO - [2025-04-03T14:18:39.697+0000] {dag.py:4180} INFO - Setting next_dagrun for example_task_group to None, run_after=None
[2025-04-03T14:18:39.738+0000] {processor.py:208} INFO - Processing /home/hamza/Documents/project/Mlops/myenv/lib/python3.12/site-packages/airflow/example_dags/example_task_group.py took 0.144 seconds
[2025-04-03T14:19:53.941+0000] {processor.py:186} INFO - Started process (PID=123016) to work on /home/hamza/Documents/project/Mlops/myenv/lib/python3.12/site-packages/airflow/example_dags/example_task_group.py
[2025-04-03T14:19:53.944+0000] {processor.py:914} INFO - Processing file /home/hamza/Documents/project/Mlops/myenv/lib/python3.12/site-packages/airflow/example_dags/example_task_group.py for tasks to queue
[2025-04-03T14:19:53.952+0000] {logging_mixin.py:190} INFO - [2025-04-03T14:19:53.946+0000] {dagbag.py:588} INFO - Filling up the DagBag from /home/hamza/Documents/project/Mlops/myenv/lib/python3.12/site-packages/airflow/example_dags/example_task_group.py
[2025-04-03T14:19:53.980+0000] {processor.py:925} INFO - DAG(s) 'example_task_group' retrieved from /home/hamza/Documents/project/Mlops/myenv/lib/python3.12/site-packages/airflow/example_dags/example_task_group.py
[2025-04-03T14:19:54.028+0000] {logging_mixin.py:190} INFO - [2025-04-03T14:19:54.027+0000] {dag.py:3239} INFO - Sync 1 DAGs
[2025-04-03T14:19:54.065+0000] {logging_mixin.py:190} INFO - [2025-04-03T14:19:54.065+0000] {dag.py:4180} INFO - Setting next_dagrun for example_task_group to None, run_after=None
[2025-04-03T14:19:54.111+0000] {processor.py:208} INFO - Processing /home/hamza/Documents/project/Mlops/myenv/lib/python3.12/site-packages/airflow/example_dags/example_task_group.py took 0.188 seconds
[2025-04-03T15:08:11.367+0000] {processor.py:186} INFO - Started process (PID=35769) to work on /home/hamza/Documents/project/Mlops/myenv/lib/python3.12/site-packages/airflow/example_dags/example_task_group.py
[2025-04-03T15:08:11.369+0000] {processor.py:914} INFO - Processing file /home/hamza/Documents/project/Mlops/myenv/lib/python3.12/site-packages/airflow/example_dags/example_task_group.py for tasks to queue
[2025-04-03T15:08:11.372+0000] {logging_mixin.py:190} INFO - [2025-04-03T15:08:11.372+0000] {dagbag.py:588} INFO - Filling up the DagBag from /home/hamza/Documents/project/Mlops/myenv/lib/python3.12/site-packages/airflow/example_dags/example_task_group.py
[2025-04-03T15:08:11.385+0000] {processor.py:925} INFO - DAG(s) 'example_task_group' retrieved from /home/hamza/Documents/project/Mlops/myenv/lib/python3.12/site-packages/airflow/example_dags/example_task_group.py
[2025-04-03T15:08:11.414+0000] {logging_mixin.py:190} INFO - [2025-04-03T15:08:11.413+0000] {dag.py:3239} INFO - Sync 1 DAGs
[2025-04-03T15:08:11.433+0000] {logging_mixin.py:190} INFO - [2025-04-03T15:08:11.433+0000] {dag.py:4180} INFO - Setting next_dagrun for example_task_group to None, run_after=None
[2025-04-03T15:08:11.465+0000] {processor.py:208} INFO - Processing /home/hamza/Documents/project/Mlops/myenv/lib/python3.12/site-packages/airflow/example_dags/example_task_group.py took 0.107 seconds
[2025-04-03T15:09:26.479+0000] {processor.py:186} INFO - Started process (PID=36793) to work on /home/hamza/Documents/project/Mlops/myenv/lib/python3.12/site-packages/airflow/example_dags/example_task_group.py
[2025-04-03T15:09:26.487+0000] {processor.py:914} INFO - Processing file /home/hamza/Documents/project/Mlops/myenv/lib/python3.12/site-packages/airflow/example_dags/example_task_group.py for tasks to queue
[2025-04-03T15:09:26.491+0000] {logging_mixin.py:190} INFO - [2025-04-03T15:09:26.491+0000] {dagbag.py:588} INFO - Filling up the DagBag from /home/hamza/Documents/project/Mlops/myenv/lib/python3.12/site-packages/airflow/example_dags/example_task_group.py
[2025-04-03T15:09:26.506+0000] {processor.py:925} INFO - DAG(s) 'example_task_group' retrieved from /home/hamza/Documents/project/Mlops/myenv/lib/python3.12/site-packages/airflow/example_dags/example_task_group.py
[2025-04-03T15:09:26.534+0000] {logging_mixin.py:190} INFO - [2025-04-03T15:09:26.534+0000] {dag.py:3239} INFO - Sync 1 DAGs
[2025-04-03T15:09:26.555+0000] {logging_mixin.py:190} INFO - [2025-04-03T15:09:26.555+0000] {dag.py:4180} INFO - Setting next_dagrun for example_task_group to None, run_after=None
[2025-04-03T15:09:26.591+0000] {processor.py:208} INFO - Processing /home/hamza/Documents/project/Mlops/myenv/lib/python3.12/site-packages/airflow/example_dags/example_task_group.py took 0.122 seconds
[2025-04-03T15:10:55.277+0000] {processor.py:186} INFO - Started process (PID=37615) to work on /home/hamza/Documents/project/Mlops/myenv/lib/python3.12/site-packages/airflow/example_dags/example_task_group.py
[2025-04-03T15:10:55.279+0000] {processor.py:914} INFO - Processing file /home/hamza/Documents/project/Mlops/myenv/lib/python3.12/site-packages/airflow/example_dags/example_task_group.py for tasks to queue
[2025-04-03T15:10:55.283+0000] {logging_mixin.py:190} INFO - [2025-04-03T15:10:55.282+0000] {dagbag.py:588} INFO - Filling up the DagBag from /home/hamza/Documents/project/Mlops/myenv/lib/python3.12/site-packages/airflow/example_dags/example_task_group.py
[2025-04-03T15:10:55.299+0000] {processor.py:925} INFO - DAG(s) 'example_task_group' retrieved from /home/hamza/Documents/project/Mlops/myenv/lib/python3.12/site-packages/airflow/example_dags/example_task_group.py
[2025-04-03T15:10:55.327+0000] {logging_mixin.py:190} INFO - [2025-04-03T15:10:55.327+0000] {dag.py:3239} INFO - Sync 1 DAGs
[2025-04-03T15:10:55.347+0000] {logging_mixin.py:190} INFO - [2025-04-03T15:10:55.347+0000] {dag.py:4180} INFO - Setting next_dagrun for example_task_group to None, run_after=None
[2025-04-03T15:10:55.378+0000] {processor.py:208} INFO - Processing /home/hamza/Documents/project/Mlops/myenv/lib/python3.12/site-packages/airflow/example_dags/example_task_group.py took 0.110 seconds
[2025-04-03T15:12:24.014+0000] {processor.py:186} INFO - Started process (PID=38419) to work on /home/hamza/Documents/project/Mlops/myenv/lib/python3.12/site-packages/airflow/example_dags/example_task_group.py
[2025-04-03T15:12:24.016+0000] {processor.py:914} INFO - Processing file /home/hamza/Documents/project/Mlops/myenv/lib/python3.12/site-packages/airflow/example_dags/example_task_group.py for tasks to queue
[2025-04-03T15:12:24.022+0000] {logging_mixin.py:190} INFO - [2025-04-03T15:12:24.021+0000] {dagbag.py:588} INFO - Filling up the DagBag from /home/hamza/Documents/project/Mlops/myenv/lib/python3.12/site-packages/airflow/example_dags/example_task_group.py
[2025-04-03T15:12:24.039+0000] {processor.py:925} INFO - DAG(s) 'example_task_group' retrieved from /home/hamza/Documents/project/Mlops/myenv/lib/python3.12/site-packages/airflow/example_dags/example_task_group.py
[2025-04-03T15:12:24.074+0000] {logging_mixin.py:190} INFO - [2025-04-03T15:12:24.073+0000] {dag.py:3239} INFO - Sync 1 DAGs
[2025-04-03T15:12:24.096+0000] {logging_mixin.py:190} INFO - [2025-04-03T15:12:24.095+0000] {dag.py:4180} INFO - Setting next_dagrun for example_task_group to None, run_after=None
[2025-04-03T15:12:24.129+0000] {processor.py:208} INFO - Processing /home/hamza/Documents/project/Mlops/myenv/lib/python3.12/site-packages/airflow/example_dags/example_task_group.py took 0.124 seconds
[2025-04-03T15:14:00.783+0000] {processor.py:186} INFO - Started process (PID=39320) to work on /home/hamza/Documents/project/Mlops/myenv/lib/python3.12/site-packages/airflow/example_dags/example_task_group.py
[2025-04-03T15:14:00.788+0000] {processor.py:914} INFO - Processing file /home/hamza/Documents/project/Mlops/myenv/lib/python3.12/site-packages/airflow/example_dags/example_task_group.py for tasks to queue
[2025-04-03T15:14:00.794+0000] {logging_mixin.py:190} INFO - [2025-04-03T15:14:00.793+0000] {dagbag.py:588} INFO - Filling up the DagBag from /home/hamza/Documents/project/Mlops/myenv/lib/python3.12/site-packages/airflow/example_dags/example_task_group.py
[2025-04-03T15:14:00.809+0000] {processor.py:925} INFO - DAG(s) 'example_task_group' retrieved from /home/hamza/Documents/project/Mlops/myenv/lib/python3.12/site-packages/airflow/example_dags/example_task_group.py
[2025-04-03T15:14:00.837+0000] {logging_mixin.py:190} INFO - [2025-04-03T15:14:00.837+0000] {dag.py:3239} INFO - Sync 1 DAGs
[2025-04-03T15:14:00.857+0000] {logging_mixin.py:190} INFO - [2025-04-03T15:14:00.856+0000] {dag.py:4180} INFO - Setting next_dagrun for example_task_group to None, run_after=None
[2025-04-03T15:14:00.897+0000] {processor.py:208} INFO - Processing /home/hamza/Documents/project/Mlops/myenv/lib/python3.12/site-packages/airflow/example_dags/example_task_group.py took 0.124 seconds
[2025-04-03T15:15:34.721+0000] {processor.py:186} INFO - Started process (PID=40262) to work on /home/hamza/Documents/project/Mlops/myenv/lib/python3.12/site-packages/airflow/example_dags/example_task_group.py
[2025-04-03T15:15:34.723+0000] {processor.py:914} INFO - Processing file /home/hamza/Documents/project/Mlops/myenv/lib/python3.12/site-packages/airflow/example_dags/example_task_group.py for tasks to queue
[2025-04-03T15:15:34.727+0000] {logging_mixin.py:190} INFO - [2025-04-03T15:15:34.726+0000] {dagbag.py:588} INFO - Filling up the DagBag from /home/hamza/Documents/project/Mlops/myenv/lib/python3.12/site-packages/airflow/example_dags/example_task_group.py
[2025-04-03T15:15:34.741+0000] {processor.py:925} INFO - DAG(s) 'example_task_group' retrieved from /home/hamza/Documents/project/Mlops/myenv/lib/python3.12/site-packages/airflow/example_dags/example_task_group.py
[2025-04-03T15:15:34.772+0000] {logging_mixin.py:190} INFO - [2025-04-03T15:15:34.771+0000] {dag.py:3239} INFO - Sync 1 DAGs
[2025-04-03T15:15:34.799+0000] {logging_mixin.py:190} INFO - [2025-04-03T15:15:34.799+0000] {dag.py:4180} INFO - Setting next_dagrun for example_task_group to None, run_after=None
[2025-04-03T15:15:34.859+0000] {processor.py:208} INFO - Processing /home/hamza/Documents/project/Mlops/myenv/lib/python3.12/site-packages/airflow/example_dags/example_task_group.py took 0.146 seconds
[2025-04-03T15:17:13.020+0000] {processor.py:186} INFO - Started process (PID=41232) to work on /home/hamza/Documents/project/Mlops/myenv/lib/python3.12/site-packages/airflow/example_dags/example_task_group.py
[2025-04-03T15:17:13.023+0000] {processor.py:914} INFO - Processing file /home/hamza/Documents/project/Mlops/myenv/lib/python3.12/site-packages/airflow/example_dags/example_task_group.py for tasks to queue
[2025-04-03T15:17:13.027+0000] {logging_mixin.py:190} INFO - [2025-04-03T15:17:13.027+0000] {dagbag.py:588} INFO - Filling up the DagBag from /home/hamza/Documents/project/Mlops/myenv/lib/python3.12/site-packages/airflow/example_dags/example_task_group.py
[2025-04-03T15:17:13.043+0000] {processor.py:925} INFO - DAG(s) 'example_task_group' retrieved from /home/hamza/Documents/project/Mlops/myenv/lib/python3.12/site-packages/airflow/example_dags/example_task_group.py
[2025-04-03T15:17:13.072+0000] {logging_mixin.py:190} INFO - [2025-04-03T15:17:13.072+0000] {dag.py:3239} INFO - Sync 1 DAGs
[2025-04-03T15:17:13.093+0000] {logging_mixin.py:190} INFO - [2025-04-03T15:17:13.092+0000] {dag.py:4180} INFO - Setting next_dagrun for example_task_group to None, run_after=None
[2025-04-03T15:17:13.128+0000] {processor.py:208} INFO - Processing /home/hamza/Documents/project/Mlops/myenv/lib/python3.12/site-packages/airflow/example_dags/example_task_group.py took 0.117 seconds
[2025-04-03T15:18:45.858+0000] {processor.py:186} INFO - Started process (PID=42242) to work on /home/hamza/Documents/project/Mlops/myenv/lib/python3.12/site-packages/airflow/example_dags/example_task_group.py
[2025-04-03T15:18:45.860+0000] {processor.py:914} INFO - Processing file /home/hamza/Documents/project/Mlops/myenv/lib/python3.12/site-packages/airflow/example_dags/example_task_group.py for tasks to queue
[2025-04-03T15:18:45.865+0000] {logging_mixin.py:190} INFO - [2025-04-03T15:18:45.864+0000] {dagbag.py:588} INFO - Filling up the DagBag from /home/hamza/Documents/project/Mlops/myenv/lib/python3.12/site-packages/airflow/example_dags/example_task_group.py
[2025-04-03T15:18:45.880+0000] {processor.py:925} INFO - DAG(s) 'example_task_group' retrieved from /home/hamza/Documents/project/Mlops/myenv/lib/python3.12/site-packages/airflow/example_dags/example_task_group.py
[2025-04-03T15:18:45.908+0000] {logging_mixin.py:190} INFO - [2025-04-03T15:18:45.908+0000] {dag.py:3239} INFO - Sync 1 DAGs
[2025-04-03T15:18:45.930+0000] {logging_mixin.py:190} INFO - [2025-04-03T15:18:45.930+0000] {dag.py:4180} INFO - Setting next_dagrun for example_task_group to None, run_after=None
[2025-04-03T15:18:45.965+0000] {processor.py:208} INFO - Processing /home/hamza/Documents/project/Mlops/myenv/lib/python3.12/site-packages/airflow/example_dags/example_task_group.py took 0.117 seconds
[2025-04-03T15:20:16.969+0000] {processor.py:186} INFO - Started process (PID=43219) to work on /home/hamza/Documents/project/Mlops/myenv/lib/python3.12/site-packages/airflow/example_dags/example_task_group.py
[2025-04-03T15:20:16.971+0000] {processor.py:914} INFO - Processing file /home/hamza/Documents/project/Mlops/myenv/lib/python3.12/site-packages/airflow/example_dags/example_task_group.py for tasks to queue
[2025-04-03T15:20:16.975+0000] {logging_mixin.py:190} INFO - [2025-04-03T15:20:16.974+0000] {dagbag.py:588} INFO - Filling up the DagBag from /home/hamza/Documents/project/Mlops/myenv/lib/python3.12/site-packages/airflow/example_dags/example_task_group.py
[2025-04-03T15:20:16.991+0000] {processor.py:925} INFO - DAG(s) 'example_task_group' retrieved from /home/hamza/Documents/project/Mlops/myenv/lib/python3.12/site-packages/airflow/example_dags/example_task_group.py
[2025-04-03T15:20:17.017+0000] {logging_mixin.py:190} INFO - [2025-04-03T15:20:17.017+0000] {dag.py:3239} INFO - Sync 1 DAGs
[2025-04-03T15:20:17.037+0000] {logging_mixin.py:190} INFO - [2025-04-03T15:20:17.037+0000] {dag.py:4180} INFO - Setting next_dagrun for example_task_group to None, run_after=None
[2025-04-03T15:20:17.070+0000] {processor.py:208} INFO - Processing /home/hamza/Documents/project/Mlops/myenv/lib/python3.12/site-packages/airflow/example_dags/example_task_group.py took 0.110 seconds
[2025-04-03T15:21:51.300+0000] {processor.py:186} INFO - Started process (PID=44125) to work on /home/hamza/Documents/project/Mlops/myenv/lib/python3.12/site-packages/airflow/example_dags/example_task_group.py
[2025-04-03T15:21:51.302+0000] {processor.py:914} INFO - Processing file /home/hamza/Documents/project/Mlops/myenv/lib/python3.12/site-packages/airflow/example_dags/example_task_group.py for tasks to queue
[2025-04-03T15:21:51.307+0000] {logging_mixin.py:190} INFO - [2025-04-03T15:21:51.306+0000] {dagbag.py:588} INFO - Filling up the DagBag from /home/hamza/Documents/project/Mlops/myenv/lib/python3.12/site-packages/airflow/example_dags/example_task_group.py
[2025-04-03T15:21:51.323+0000] {processor.py:925} INFO - DAG(s) 'example_task_group' retrieved from /home/hamza/Documents/project/Mlops/myenv/lib/python3.12/site-packages/airflow/example_dags/example_task_group.py
[2025-04-03T15:21:51.353+0000] {logging_mixin.py:190} INFO - [2025-04-03T15:21:51.353+0000] {dag.py:3239} INFO - Sync 1 DAGs
[2025-04-03T15:21:51.375+0000] {logging_mixin.py:190} INFO - [2025-04-03T15:21:51.375+0000] {dag.py:4180} INFO - Setting next_dagrun for example_task_group to None, run_after=None
[2025-04-03T15:21:51.413+0000] {processor.py:208} INFO - Processing /home/hamza/Documents/project/Mlops/myenv/lib/python3.12/site-packages/airflow/example_dags/example_task_group.py took 0.123 seconds
[2025-04-03T15:23:29.001+0000] {processor.py:186} INFO - Started process (PID=45082) to work on /home/hamza/Documents/project/Mlops/myenv/lib/python3.12/site-packages/airflow/example_dags/example_task_group.py
[2025-04-03T15:23:29.003+0000] {processor.py:914} INFO - Processing file /home/hamza/Documents/project/Mlops/myenv/lib/python3.12/site-packages/airflow/example_dags/example_task_group.py for tasks to queue
[2025-04-03T15:23:29.007+0000] {logging_mixin.py:190} INFO - [2025-04-03T15:23:29.006+0000] {dagbag.py:588} INFO - Filling up the DagBag from /home/hamza/Documents/project/Mlops/myenv/lib/python3.12/site-packages/airflow/example_dags/example_task_group.py
[2025-04-03T15:23:29.021+0000] {processor.py:925} INFO - DAG(s) 'example_task_group' retrieved from /home/hamza/Documents/project/Mlops/myenv/lib/python3.12/site-packages/airflow/example_dags/example_task_group.py
[2025-04-03T15:23:29.050+0000] {logging_mixin.py:190} INFO - [2025-04-03T15:23:29.050+0000] {dag.py:3239} INFO - Sync 1 DAGs
[2025-04-03T15:23:29.071+0000] {logging_mixin.py:190} INFO - [2025-04-03T15:23:29.071+0000] {dag.py:4180} INFO - Setting next_dagrun for example_task_group to None, run_after=None
[2025-04-03T15:23:29.105+0000] {processor.py:208} INFO - Processing /home/hamza/Documents/project/Mlops/myenv/lib/python3.12/site-packages/airflow/example_dags/example_task_group.py took 0.113 seconds
[2025-04-03T15:25:03.169+0000] {processor.py:186} INFO - Started process (PID=46001) to work on /home/hamza/Documents/project/Mlops/myenv/lib/python3.12/site-packages/airflow/example_dags/example_task_group.py
[2025-04-03T15:25:03.171+0000] {processor.py:914} INFO - Processing file /home/hamza/Documents/project/Mlops/myenv/lib/python3.12/site-packages/airflow/example_dags/example_task_group.py for tasks to queue
[2025-04-03T15:25:03.175+0000] {logging_mixin.py:190} INFO - [2025-04-03T15:25:03.174+0000] {dagbag.py:588} INFO - Filling up the DagBag from /home/hamza/Documents/project/Mlops/myenv/lib/python3.12/site-packages/airflow/example_dags/example_task_group.py
[2025-04-03T15:25:03.190+0000] {processor.py:925} INFO - DAG(s) 'example_task_group' retrieved from /home/hamza/Documents/project/Mlops/myenv/lib/python3.12/site-packages/airflow/example_dags/example_task_group.py
[2025-04-03T15:25:03.217+0000] {logging_mixin.py:190} INFO - [2025-04-03T15:25:03.217+0000] {dag.py:3239} INFO - Sync 1 DAGs
[2025-04-03T15:25:03.236+0000] {logging_mixin.py:190} INFO - [2025-04-03T15:25:03.236+0000] {dag.py:4180} INFO - Setting next_dagrun for example_task_group to None, run_after=None
[2025-04-03T15:25:03.268+0000] {processor.py:208} INFO - Processing /home/hamza/Documents/project/Mlops/myenv/lib/python3.12/site-packages/airflow/example_dags/example_task_group.py took 0.108 seconds
[2025-04-03T15:26:34.012+0000] {processor.py:186} INFO - Started process (PID=46872) to work on /home/hamza/Documents/project/Mlops/myenv/lib/python3.12/site-packages/airflow/example_dags/example_task_group.py
[2025-04-03T15:26:34.014+0000] {processor.py:914} INFO - Processing file /home/hamza/Documents/project/Mlops/myenv/lib/python3.12/site-packages/airflow/example_dags/example_task_group.py for tasks to queue
[2025-04-03T15:26:34.018+0000] {logging_mixin.py:190} INFO - [2025-04-03T15:26:34.017+0000] {dagbag.py:588} INFO - Filling up the DagBag from /home/hamza/Documents/project/Mlops/myenv/lib/python3.12/site-packages/airflow/example_dags/example_task_group.py
[2025-04-03T15:26:34.033+0000] {processor.py:925} INFO - DAG(s) 'example_task_group' retrieved from /home/hamza/Documents/project/Mlops/myenv/lib/python3.12/site-packages/airflow/example_dags/example_task_group.py
[2025-04-03T15:26:34.060+0000] {logging_mixin.py:190} INFO - [2025-04-03T15:26:34.060+0000] {dag.py:3239} INFO - Sync 1 DAGs
[2025-04-03T15:26:34.079+0000] {logging_mixin.py:190} INFO - [2025-04-03T15:26:34.079+0000] {dag.py:4180} INFO - Setting next_dagrun for example_task_group to None, run_after=None
[2025-04-03T15:26:34.112+0000] {processor.py:208} INFO - Processing /home/hamza/Documents/project/Mlops/myenv/lib/python3.12/site-packages/airflow/example_dags/example_task_group.py took 0.109 seconds
[2025-04-03T16:31:09.600+0000] {processor.py:186} INFO - Started process (PID=82610) to work on /home/hamza/Documents/project/Mlops/myenv/lib/python3.12/site-packages/airflow/example_dags/example_task_group.py
[2025-04-03T16:31:09.601+0000] {processor.py:914} INFO - Processing file /home/hamza/Documents/project/Mlops/myenv/lib/python3.12/site-packages/airflow/example_dags/example_task_group.py for tasks to queue
[2025-04-03T16:31:09.606+0000] {logging_mixin.py:190} INFO - [2025-04-03T16:31:09.605+0000] {dagbag.py:588} INFO - Filling up the DagBag from /home/hamza/Documents/project/Mlops/myenv/lib/python3.12/site-packages/airflow/example_dags/example_task_group.py
[2025-04-03T16:31:09.621+0000] {processor.py:925} INFO - DAG(s) 'example_task_group' retrieved from /home/hamza/Documents/project/Mlops/myenv/lib/python3.12/site-packages/airflow/example_dags/example_task_group.py
[2025-04-03T16:31:09.654+0000] {logging_mixin.py:190} INFO - [2025-04-03T16:31:09.654+0000] {dag.py:3239} INFO - Sync 1 DAGs
[2025-04-03T16:31:09.682+0000] {logging_mixin.py:190} INFO - [2025-04-03T16:31:09.681+0000] {dag.py:4180} INFO - Setting next_dagrun for example_task_group to None, run_after=None
[2025-04-03T16:31:09.719+0000] {processor.py:208} INFO - Processing /home/hamza/Documents/project/Mlops/myenv/lib/python3.12/site-packages/airflow/example_dags/example_task_group.py took 0.129 seconds
[2025-04-03T16:33:48.353+0000] {processor.py:186} INFO - Started process (PID=84102) to work on /home/hamza/Documents/project/Mlops/myenv/lib/python3.12/site-packages/airflow/example_dags/example_task_group.py
[2025-04-03T16:33:48.355+0000] {processor.py:914} INFO - Processing file /home/hamza/Documents/project/Mlops/myenv/lib/python3.12/site-packages/airflow/example_dags/example_task_group.py for tasks to queue
[2025-04-03T16:33:48.360+0000] {logging_mixin.py:190} INFO - [2025-04-03T16:33:48.359+0000] {dagbag.py:588} INFO - Filling up the DagBag from /home/hamza/Documents/project/Mlops/myenv/lib/python3.12/site-packages/airflow/example_dags/example_task_group.py
[2025-04-03T16:33:48.376+0000] {processor.py:925} INFO - DAG(s) 'example_task_group' retrieved from /home/hamza/Documents/project/Mlops/myenv/lib/python3.12/site-packages/airflow/example_dags/example_task_group.py
[2025-04-03T16:33:48.410+0000] {logging_mixin.py:190} INFO - [2025-04-03T16:33:48.409+0000] {dag.py:3239} INFO - Sync 1 DAGs
[2025-04-03T16:33:48.433+0000] {logging_mixin.py:190} INFO - [2025-04-03T16:33:48.433+0000] {dag.py:4180} INFO - Setting next_dagrun for example_task_group to None, run_after=None
[2025-04-03T16:33:48.476+0000] {processor.py:208} INFO - Processing /home/hamza/Documents/project/Mlops/myenv/lib/python3.12/site-packages/airflow/example_dags/example_task_group.py took 0.132 seconds
[2025-04-03T16:35:19.013+0000] {processor.py:186} INFO - Started process (PID=84849) to work on /home/hamza/Documents/project/Mlops/myenv/lib/python3.12/site-packages/airflow/example_dags/example_task_group.py
[2025-04-03T16:35:19.014+0000] {processor.py:914} INFO - Processing file /home/hamza/Documents/project/Mlops/myenv/lib/python3.12/site-packages/airflow/example_dags/example_task_group.py for tasks to queue
[2025-04-03T16:35:19.018+0000] {logging_mixin.py:190} INFO - [2025-04-03T16:35:19.017+0000] {dagbag.py:588} INFO - Filling up the DagBag from /home/hamza/Documents/project/Mlops/myenv/lib/python3.12/site-packages/airflow/example_dags/example_task_group.py
[2025-04-03T16:35:19.033+0000] {processor.py:925} INFO - DAG(s) 'example_task_group' retrieved from /home/hamza/Documents/project/Mlops/myenv/lib/python3.12/site-packages/airflow/example_dags/example_task_group.py
[2025-04-03T16:35:19.062+0000] {logging_mixin.py:190} INFO - [2025-04-03T16:35:19.062+0000] {dag.py:3239} INFO - Sync 1 DAGs
[2025-04-03T16:35:19.084+0000] {logging_mixin.py:190} INFO - [2025-04-03T16:35:19.084+0000] {dag.py:4180} INFO - Setting next_dagrun for example_task_group to None, run_after=None
[2025-04-03T16:35:19.125+0000] {processor.py:208} INFO - Processing /home/hamza/Documents/project/Mlops/myenv/lib/python3.12/site-packages/airflow/example_dags/example_task_group.py took 0.122 seconds
[2025-04-03T16:36:54.256+0000] {processor.py:186} INFO - Started process (PID=85706) to work on /home/hamza/Documents/project/Mlops/myenv/lib/python3.12/site-packages/airflow/example_dags/example_task_group.py
[2025-04-03T16:36:54.257+0000] {processor.py:914} INFO - Processing file /home/hamza/Documents/project/Mlops/myenv/lib/python3.12/site-packages/airflow/example_dags/example_task_group.py for tasks to queue
[2025-04-03T16:36:54.262+0000] {logging_mixin.py:190} INFO - [2025-04-03T16:36:54.261+0000] {dagbag.py:588} INFO - Filling up the DagBag from /home/hamza/Documents/project/Mlops/myenv/lib/python3.12/site-packages/airflow/example_dags/example_task_group.py
[2025-04-03T16:36:54.277+0000] {processor.py:925} INFO - DAG(s) 'example_task_group' retrieved from /home/hamza/Documents/project/Mlops/myenv/lib/python3.12/site-packages/airflow/example_dags/example_task_group.py
[2025-04-03T16:36:54.306+0000] {logging_mixin.py:190} INFO - [2025-04-03T16:36:54.305+0000] {dag.py:3239} INFO - Sync 1 DAGs
[2025-04-03T16:36:54.326+0000] {logging_mixin.py:190} INFO - [2025-04-03T16:36:54.326+0000] {dag.py:4180} INFO - Setting next_dagrun for example_task_group to None, run_after=None
[2025-04-03T16:36:54.361+0000] {processor.py:208} INFO - Processing /home/hamza/Documents/project/Mlops/myenv/lib/python3.12/site-packages/airflow/example_dags/example_task_group.py took 0.115 seconds
[2025-04-03T16:38:24.151+0000] {processor.py:186} INFO - Started process (PID=86481) to work on /home/hamza/Documents/project/Mlops/myenv/lib/python3.12/site-packages/airflow/example_dags/example_task_group.py
[2025-04-03T16:38:24.154+0000] {processor.py:914} INFO - Processing file /home/hamza/Documents/project/Mlops/myenv/lib/python3.12/site-packages/airflow/example_dags/example_task_group.py for tasks to queue
[2025-04-03T16:38:24.157+0000] {logging_mixin.py:190} INFO - [2025-04-03T16:38:24.157+0000] {dagbag.py:588} INFO - Filling up the DagBag from /home/hamza/Documents/project/Mlops/myenv/lib/python3.12/site-packages/airflow/example_dags/example_task_group.py
[2025-04-03T16:38:24.173+0000] {processor.py:925} INFO - DAG(s) 'example_task_group' retrieved from /home/hamza/Documents/project/Mlops/myenv/lib/python3.12/site-packages/airflow/example_dags/example_task_group.py
[2025-04-03T16:38:24.204+0000] {logging_mixin.py:190} INFO - [2025-04-03T16:38:24.203+0000] {dag.py:3239} INFO - Sync 1 DAGs
[2025-04-03T16:38:24.225+0000] {logging_mixin.py:190} INFO - [2025-04-03T16:38:24.225+0000] {dag.py:4180} INFO - Setting next_dagrun for example_task_group to None, run_after=None
[2025-04-03T16:38:24.264+0000] {processor.py:208} INFO - Processing /home/hamza/Documents/project/Mlops/myenv/lib/python3.12/site-packages/airflow/example_dags/example_task_group.py took 0.123 seconds
[2025-04-03T16:39:54.720+0000] {processor.py:186} INFO - Started process (PID=87696) to work on /home/hamza/Documents/project/Mlops/myenv/lib/python3.12/site-packages/airflow/example_dags/example_task_group.py
[2025-04-03T16:39:54.722+0000] {processor.py:914} INFO - Processing file /home/hamza/Documents/project/Mlops/myenv/lib/python3.12/site-packages/airflow/example_dags/example_task_group.py for tasks to queue
[2025-04-03T16:39:54.726+0000] {logging_mixin.py:190} INFO - [2025-04-03T16:39:54.725+0000] {dagbag.py:588} INFO - Filling up the DagBag from /home/hamza/Documents/project/Mlops/myenv/lib/python3.12/site-packages/airflow/example_dags/example_task_group.py
[2025-04-03T16:39:54.747+0000] {processor.py:925} INFO - DAG(s) 'example_task_group' retrieved from /home/hamza/Documents/project/Mlops/myenv/lib/python3.12/site-packages/airflow/example_dags/example_task_group.py
[2025-04-03T16:39:54.780+0000] {logging_mixin.py:190} INFO - [2025-04-03T16:39:54.779+0000] {dag.py:3239} INFO - Sync 1 DAGs
[2025-04-03T16:39:54.803+0000] {logging_mixin.py:190} INFO - [2025-04-03T16:39:54.802+0000] {dag.py:4180} INFO - Setting next_dagrun for example_task_group to None, run_after=None
[2025-04-03T16:39:54.843+0000] {processor.py:208} INFO - Processing /home/hamza/Documents/project/Mlops/myenv/lib/python3.12/site-packages/airflow/example_dags/example_task_group.py took 0.132 seconds
[2025-04-03T16:41:35.868+0000] {processor.py:186} INFO - Started process (PID=88698) to work on /home/hamza/Documents/project/Mlops/myenv/lib/python3.12/site-packages/airflow/example_dags/example_task_group.py
[2025-04-03T16:41:35.869+0000] {processor.py:914} INFO - Processing file /home/hamza/Documents/project/Mlops/myenv/lib/python3.12/site-packages/airflow/example_dags/example_task_group.py for tasks to queue
[2025-04-03T16:41:35.873+0000] {logging_mixin.py:190} INFO - [2025-04-03T16:41:35.872+0000] {dagbag.py:588} INFO - Filling up the DagBag from /home/hamza/Documents/project/Mlops/myenv/lib/python3.12/site-packages/airflow/example_dags/example_task_group.py
[2025-04-03T16:41:35.890+0000] {processor.py:925} INFO - DAG(s) 'example_task_group' retrieved from /home/hamza/Documents/project/Mlops/myenv/lib/python3.12/site-packages/airflow/example_dags/example_task_group.py
[2025-04-03T16:41:35.921+0000] {logging_mixin.py:190} INFO - [2025-04-03T16:41:35.921+0000] {dag.py:3239} INFO - Sync 1 DAGs
[2025-04-03T16:41:35.943+0000] {logging_mixin.py:190} INFO - [2025-04-03T16:41:35.942+0000] {dag.py:4180} INFO - Setting next_dagrun for example_task_group to None, run_after=None
[2025-04-03T16:41:35.977+0000] {processor.py:208} INFO - Processing /home/hamza/Documents/project/Mlops/myenv/lib/python3.12/site-packages/airflow/example_dags/example_task_group.py took 0.118 seconds
[2025-04-03T16:43:08.037+0000] {processor.py:186} INFO - Started process (PID=89432) to work on /home/hamza/Documents/project/Mlops/myenv/lib/python3.12/site-packages/airflow/example_dags/example_task_group.py
[2025-04-03T16:43:08.038+0000] {processor.py:914} INFO - Processing file /home/hamza/Documents/project/Mlops/myenv/lib/python3.12/site-packages/airflow/example_dags/example_task_group.py for tasks to queue
[2025-04-03T16:43:08.043+0000] {logging_mixin.py:190} INFO - [2025-04-03T16:43:08.042+0000] {dagbag.py:588} INFO - Filling up the DagBag from /home/hamza/Documents/project/Mlops/myenv/lib/python3.12/site-packages/airflow/example_dags/example_task_group.py
[2025-04-03T16:43:08.059+0000] {processor.py:925} INFO - DAG(s) 'example_task_group' retrieved from /home/hamza/Documents/project/Mlops/myenv/lib/python3.12/site-packages/airflow/example_dags/example_task_group.py
[2025-04-03T16:43:08.088+0000] {logging_mixin.py:190} INFO - [2025-04-03T16:43:08.088+0000] {dag.py:3239} INFO - Sync 1 DAGs
[2025-04-03T16:43:08.110+0000] {logging_mixin.py:190} INFO - [2025-04-03T16:43:08.110+0000] {dag.py:4180} INFO - Setting next_dagrun for example_task_group to None, run_after=None
[2025-04-03T16:43:08.145+0000] {processor.py:208} INFO - Processing /home/hamza/Documents/project/Mlops/myenv/lib/python3.12/site-packages/airflow/example_dags/example_task_group.py took 0.118 seconds
[2025-04-03T16:44:46.453+0000] {processor.py:186} INFO - Started process (PID=90188) to work on /home/hamza/Documents/project/Mlops/myenv/lib/python3.12/site-packages/airflow/example_dags/example_task_group.py
[2025-04-03T16:44:46.455+0000] {processor.py:914} INFO - Processing file /home/hamza/Documents/project/Mlops/myenv/lib/python3.12/site-packages/airflow/example_dags/example_task_group.py for tasks to queue
[2025-04-03T16:44:46.460+0000] {logging_mixin.py:190} INFO - [2025-04-03T16:44:46.459+0000] {dagbag.py:588} INFO - Filling up the DagBag from /home/hamza/Documents/project/Mlops/myenv/lib/python3.12/site-packages/airflow/example_dags/example_task_group.py
[2025-04-03T16:44:46.479+0000] {processor.py:925} INFO - DAG(s) 'example_task_group' retrieved from /home/hamza/Documents/project/Mlops/myenv/lib/python3.12/site-packages/airflow/example_dags/example_task_group.py
[2025-04-03T16:44:46.512+0000] {logging_mixin.py:190} INFO - [2025-04-03T16:44:46.512+0000] {dag.py:3239} INFO - Sync 1 DAGs
[2025-04-03T16:44:46.537+0000] {logging_mixin.py:190} INFO - [2025-04-03T16:44:46.536+0000] {dag.py:4180} INFO - Setting next_dagrun for example_task_group to None, run_after=None
[2025-04-03T16:44:46.586+0000] {processor.py:208} INFO - Processing /home/hamza/Documents/project/Mlops/myenv/lib/python3.12/site-packages/airflow/example_dags/example_task_group.py took 0.143 seconds
[2025-04-03T16:46:20.204+0000] {processor.py:186} INFO - Started process (PID=91017) to work on /home/hamza/Documents/project/Mlops/myenv/lib/python3.12/site-packages/airflow/example_dags/example_task_group.py
[2025-04-03T16:46:20.206+0000] {processor.py:914} INFO - Processing file /home/hamza/Documents/project/Mlops/myenv/lib/python3.12/site-packages/airflow/example_dags/example_task_group.py for tasks to queue
[2025-04-03T16:46:20.211+0000] {logging_mixin.py:190} INFO - [2025-04-03T16:46:20.210+0000] {dagbag.py:588} INFO - Filling up the DagBag from /home/hamza/Documents/project/Mlops/myenv/lib/python3.12/site-packages/airflow/example_dags/example_task_group.py
[2025-04-03T16:46:20.228+0000] {processor.py:925} INFO - DAG(s) 'example_task_group' retrieved from /home/hamza/Documents/project/Mlops/myenv/lib/python3.12/site-packages/airflow/example_dags/example_task_group.py
[2025-04-03T16:46:20.258+0000] {logging_mixin.py:190} INFO - [2025-04-03T16:46:20.257+0000] {dag.py:3239} INFO - Sync 1 DAGs
[2025-04-03T16:46:20.279+0000] {logging_mixin.py:190} INFO - [2025-04-03T16:46:20.278+0000] {dag.py:4180} INFO - Setting next_dagrun for example_task_group to None, run_after=None
[2025-04-03T16:46:20.315+0000] {processor.py:208} INFO - Processing /home/hamza/Documents/project/Mlops/myenv/lib/python3.12/site-packages/airflow/example_dags/example_task_group.py took 0.121 seconds
[2025-04-03T16:47:54.455+0000] {processor.py:186} INFO - Started process (PID=91856) to work on /home/hamza/Documents/project/Mlops/myenv/lib/python3.12/site-packages/airflow/example_dags/example_task_group.py
[2025-04-03T16:47:54.457+0000] {processor.py:914} INFO - Processing file /home/hamza/Documents/project/Mlops/myenv/lib/python3.12/site-packages/airflow/example_dags/example_task_group.py for tasks to queue
[2025-04-03T16:47:54.462+0000] {logging_mixin.py:190} INFO - [2025-04-03T16:47:54.461+0000] {dagbag.py:588} INFO - Filling up the DagBag from /home/hamza/Documents/project/Mlops/myenv/lib/python3.12/site-packages/airflow/example_dags/example_task_group.py
[2025-04-03T16:47:54.479+0000] {processor.py:925} INFO - DAG(s) 'example_task_group' retrieved from /home/hamza/Documents/project/Mlops/myenv/lib/python3.12/site-packages/airflow/example_dags/example_task_group.py
[2025-04-03T16:47:54.512+0000] {logging_mixin.py:190} INFO - [2025-04-03T16:47:54.511+0000] {dag.py:3239} INFO - Sync 1 DAGs
[2025-04-03T16:47:54.536+0000] {logging_mixin.py:190} INFO - [2025-04-03T16:47:54.536+0000] {dag.py:4180} INFO - Setting next_dagrun for example_task_group to None, run_after=None
[2025-04-03T16:47:54.574+0000] {processor.py:208} INFO - Processing /home/hamza/Documents/project/Mlops/myenv/lib/python3.12/site-packages/airflow/example_dags/example_task_group.py took 0.129 seconds
[2025-04-03T16:48:55.536+0000] {processor.py:186} INFO - Started process (PID=92358) to work on /home/hamza/Documents/project/Mlops/myenv/lib/python3.12/site-packages/airflow/example_dags/example_task_group.py
[2025-04-03T16:48:55.539+0000] {processor.py:914} INFO - Processing file /home/hamza/Documents/project/Mlops/myenv/lib/python3.12/site-packages/airflow/example_dags/example_task_group.py for tasks to queue
[2025-04-03T16:48:55.545+0000] {logging_mixin.py:190} INFO - [2025-04-03T16:48:55.544+0000] {dagbag.py:588} INFO - Filling up the DagBag from /home/hamza/Documents/project/Mlops/myenv/lib/python3.12/site-packages/airflow/example_dags/example_task_group.py
[2025-04-03T16:48:55.565+0000] {processor.py:925} INFO - DAG(s) 'example_task_group' retrieved from /home/hamza/Documents/project/Mlops/myenv/lib/python3.12/site-packages/airflow/example_dags/example_task_group.py
[2025-04-03T16:48:55.600+0000] {logging_mixin.py:190} INFO - [2025-04-03T16:48:55.600+0000] {dag.py:3239} INFO - Sync 1 DAGs
[2025-04-03T16:48:55.633+0000] {logging_mixin.py:190} INFO - [2025-04-03T16:48:55.633+0000] {dag.py:4180} INFO - Setting next_dagrun for example_task_group to None, run_after=None
[2025-04-03T16:48:55.671+0000] {processor.py:208} INFO - Processing /home/hamza/Documents/project/Mlops/myenv/lib/python3.12/site-packages/airflow/example_dags/example_task_group.py took 0.146 seconds
[2025-04-03T16:50:33.353+0000] {processor.py:186} INFO - Started process (PID=93190) to work on /home/hamza/Documents/project/Mlops/myenv/lib/python3.12/site-packages/airflow/example_dags/example_task_group.py
[2025-04-03T16:50:33.354+0000] {processor.py:914} INFO - Processing file /home/hamza/Documents/project/Mlops/myenv/lib/python3.12/site-packages/airflow/example_dags/example_task_group.py for tasks to queue
[2025-04-03T16:50:33.358+0000] {logging_mixin.py:190} INFO - [2025-04-03T16:50:33.357+0000] {dagbag.py:588} INFO - Filling up the DagBag from /home/hamza/Documents/project/Mlops/myenv/lib/python3.12/site-packages/airflow/example_dags/example_task_group.py
[2025-04-03T16:50:33.375+0000] {processor.py:925} INFO - DAG(s) 'example_task_group' retrieved from /home/hamza/Documents/project/Mlops/myenv/lib/python3.12/site-packages/airflow/example_dags/example_task_group.py
[2025-04-03T16:50:33.406+0000] {logging_mixin.py:190} INFO - [2025-04-03T16:50:33.406+0000] {dag.py:3239} INFO - Sync 1 DAGs
[2025-04-03T16:50:33.429+0000] {logging_mixin.py:190} INFO - [2025-04-03T16:50:33.429+0000] {dag.py:4180} INFO - Setting next_dagrun for example_task_group to None, run_after=None
[2025-04-03T16:50:33.468+0000] {processor.py:208} INFO - Processing /home/hamza/Documents/project/Mlops/myenv/lib/python3.12/site-packages/airflow/example_dags/example_task_group.py took 0.124 seconds
[2025-04-03T16:52:13.665+0000] {processor.py:186} INFO - Started process (PID=94030) to work on /home/hamza/Documents/project/Mlops/myenv/lib/python3.12/site-packages/airflow/example_dags/example_task_group.py
[2025-04-03T16:52:13.666+0000] {processor.py:914} INFO - Processing file /home/hamza/Documents/project/Mlops/myenv/lib/python3.12/site-packages/airflow/example_dags/example_task_group.py for tasks to queue
[2025-04-03T16:52:13.671+0000] {logging_mixin.py:190} INFO - [2025-04-03T16:52:13.671+0000] {dagbag.py:588} INFO - Filling up the DagBag from /home/hamza/Documents/project/Mlops/myenv/lib/python3.12/site-packages/airflow/example_dags/example_task_group.py
[2025-04-03T16:52:13.692+0000] {processor.py:925} INFO - DAG(s) 'example_task_group' retrieved from /home/hamza/Documents/project/Mlops/myenv/lib/python3.12/site-packages/airflow/example_dags/example_task_group.py
[2025-04-03T16:52:13.725+0000] {logging_mixin.py:190} INFO - [2025-04-03T16:52:13.724+0000] {dag.py:3239} INFO - Sync 1 DAGs
[2025-04-03T16:52:13.750+0000] {logging_mixin.py:190} INFO - [2025-04-03T16:52:13.750+0000] {dag.py:4180} INFO - Setting next_dagrun for example_task_group to None, run_after=None
[2025-04-03T16:52:13.791+0000] {processor.py:208} INFO - Processing /home/hamza/Documents/project/Mlops/myenv/lib/python3.12/site-packages/airflow/example_dags/example_task_group.py took 0.137 seconds
[2025-04-03T16:53:49.556+0000] {processor.py:186} INFO - Started process (PID=94812) to work on /home/hamza/Documents/project/Mlops/myenv/lib/python3.12/site-packages/airflow/example_dags/example_task_group.py
[2025-04-03T16:53:49.558+0000] {processor.py:914} INFO - Processing file /home/hamza/Documents/project/Mlops/myenv/lib/python3.12/site-packages/airflow/example_dags/example_task_group.py for tasks to queue
[2025-04-03T16:53:49.563+0000] {logging_mixin.py:190} INFO - [2025-04-03T16:53:49.562+0000] {dagbag.py:588} INFO - Filling up the DagBag from /home/hamza/Documents/project/Mlops/myenv/lib/python3.12/site-packages/airflow/example_dags/example_task_group.py
[2025-04-03T16:53:49.582+0000] {processor.py:925} INFO - DAG(s) 'example_task_group' retrieved from /home/hamza/Documents/project/Mlops/myenv/lib/python3.12/site-packages/airflow/example_dags/example_task_group.py
[2025-04-03T16:53:49.613+0000] {logging_mixin.py:190} INFO - [2025-04-03T16:53:49.612+0000] {dag.py:3239} INFO - Sync 1 DAGs
[2025-04-03T16:53:49.637+0000] {logging_mixin.py:190} INFO - [2025-04-03T16:53:49.637+0000] {dag.py:4180} INFO - Setting next_dagrun for example_task_group to None, run_after=None
[2025-04-03T16:53:49.674+0000] {processor.py:208} INFO - Processing /home/hamza/Documents/project/Mlops/myenv/lib/python3.12/site-packages/airflow/example_dags/example_task_group.py took 0.128 seconds
[2025-04-03T16:55:35.088+0000] {processor.py:186} INFO - Started process (PID=95949) to work on /home/hamza/Documents/project/Mlops/myenv/lib/python3.12/site-packages/airflow/example_dags/example_task_group.py
[2025-04-03T16:55:35.090+0000] {processor.py:914} INFO - Processing file /home/hamza/Documents/project/Mlops/myenv/lib/python3.12/site-packages/airflow/example_dags/example_task_group.py for tasks to queue
[2025-04-03T16:55:35.094+0000] {logging_mixin.py:190} INFO - [2025-04-03T16:55:35.093+0000] {dagbag.py:588} INFO - Filling up the DagBag from /home/hamza/Documents/project/Mlops/myenv/lib/python3.12/site-packages/airflow/example_dags/example_task_group.py
[2025-04-03T16:55:35.110+0000] {processor.py:925} INFO - DAG(s) 'example_task_group' retrieved from /home/hamza/Documents/project/Mlops/myenv/lib/python3.12/site-packages/airflow/example_dags/example_task_group.py
[2025-04-03T16:55:35.138+0000] {logging_mixin.py:190} INFO - [2025-04-03T16:55:35.138+0000] {dag.py:3239} INFO - Sync 1 DAGs
[2025-04-03T16:55:35.160+0000] {logging_mixin.py:190} INFO - [2025-04-03T16:55:35.159+0000] {dag.py:4180} INFO - Setting next_dagrun for example_task_group to None, run_after=None
[2025-04-03T16:55:35.194+0000] {processor.py:208} INFO - Processing /home/hamza/Documents/project/Mlops/myenv/lib/python3.12/site-packages/airflow/example_dags/example_task_group.py took 0.119 seconds
