[2025-04-03T13:44:17.244+0000] {processor.py:186} INFO - Started process (PID=98926) to work on /home/hamza/Documents/project/Mlops/myenv/lib/python3.12/site-packages/airflow/example_dags/example_branch_datetime_operator.py
[2025-04-03T13:44:17.246+0000] {processor.py:914} INFO - Processing file /home/hamza/Documents/project/Mlops/myenv/lib/python3.12/site-packages/airflow/example_dags/example_branch_datetime_operator.py for tasks to queue
[2025-04-03T13:44:17.249+0000] {logging_mixin.py:190} INFO - [2025-04-03T13:44:17.248+0000] {dagbag.py:588} INFO - Filling up the DagBag from /home/hamza/Documents/project/Mlops/myenv/lib/python3.12/site-packages/airflow/example_dags/example_branch_datetime_operator.py
[2025-04-03T13:44:17.271+0000] {processor.py:925} INFO - DAG(s) 'example_branch_datetime_operator_2', 'example_branch_datetime_operator_3', 'example_branch_datetime_operator' retrieved from /home/hamza/Documents/project/Mlops/myenv/lib/python3.12/site-packages/airflow/example_dags/example_branch_datetime_operator.py
[2025-04-03T13:44:17.452+0000] {logging_mixin.py:190} INFO - [2025-04-03T13:44:17.451+0000] {override.py:1930} INFO - Created Permission View: can delete on DAG:example_branch_datetime_operator_2
[2025-04-03T13:44:17.474+0000] {logging_mixin.py:190} INFO - [2025-04-03T13:44:17.474+0000] {override.py:1930} INFO - Created Permission View: can read on DAG:example_branch_datetime_operator_2
[2025-04-03T13:44:17.490+0000] {logging_mixin.py:190} INFO - [2025-04-03T13:44:17.489+0000] {override.py:1930} INFO - Created Permission View: can edit on DAG:example_branch_datetime_operator_2
[2025-04-03T13:44:17.517+0000] {logging_mixin.py:190} INFO - [2025-04-03T13:44:17.516+0000] {override.py:1930} INFO - Created Permission View: can delete on DAG Run:example_branch_datetime_operator_2
[2025-04-03T13:44:17.537+0000] {logging_mixin.py:190} INFO - [2025-04-03T13:44:17.536+0000] {override.py:1930} INFO - Created Permission View: can read on DAG Run:example_branch_datetime_operator_2
[2025-04-03T13:44:17.551+0000] {logging_mixin.py:190} INFO - [2025-04-03T13:44:17.550+0000] {override.py:1930} INFO - Created Permission View: menu access on DAG Run:example_branch_datetime_operator_2
[2025-04-03T13:44:17.567+0000] {logging_mixin.py:190} INFO - [2025-04-03T13:44:17.566+0000] {override.py:1930} INFO - Created Permission View: can create on DAG Run:example_branch_datetime_operator_2
[2025-04-03T13:44:17.597+0000] {logging_mixin.py:190} INFO - [2025-04-03T13:44:17.596+0000] {override.py:1930} INFO - Created Permission View: can delete on DAG:example_branch_datetime_operator_3
[2025-04-03T13:44:17.610+0000] {logging_mixin.py:190} INFO - [2025-04-03T13:44:17.609+0000] {override.py:1930} INFO - Created Permission View: can read on DAG:example_branch_datetime_operator_3
[2025-04-03T13:44:17.623+0000] {logging_mixin.py:190} INFO - [2025-04-03T13:44:17.622+0000] {override.py:1930} INFO - Created Permission View: can edit on DAG:example_branch_datetime_operator_3
[2025-04-03T13:44:17.641+0000] {logging_mixin.py:190} INFO - [2025-04-03T13:44:17.640+0000] {override.py:1930} INFO - Created Permission View: can delete on DAG Run:example_branch_datetime_operator_3
[2025-04-03T13:44:17.654+0000] {logging_mixin.py:190} INFO - [2025-04-03T13:44:17.653+0000] {override.py:1930} INFO - Created Permission View: can read on DAG Run:example_branch_datetime_operator_3
[2025-04-03T13:44:17.670+0000] {logging_mixin.py:190} INFO - [2025-04-03T13:44:17.670+0000] {override.py:1930} INFO - Created Permission View: menu access on DAG Run:example_branch_datetime_operator_3
[2025-04-03T13:44:17.685+0000] {logging_mixin.py:190} INFO - [2025-04-03T13:44:17.684+0000] {override.py:1930} INFO - Created Permission View: can create on DAG Run:example_branch_datetime_operator_3
[2025-04-03T13:44:17.715+0000] {logging_mixin.py:190} INFO - [2025-04-03T13:44:17.714+0000] {override.py:1930} INFO - Created Permission View: can delete on DAG:example_branch_datetime_operator
[2025-04-03T13:44:17.729+0000] {logging_mixin.py:190} INFO - [2025-04-03T13:44:17.728+0000] {override.py:1930} INFO - Created Permission View: can read on DAG:example_branch_datetime_operator
[2025-04-03T13:44:17.744+0000] {logging_mixin.py:190} INFO - [2025-04-03T13:44:17.743+0000] {override.py:1930} INFO - Created Permission View: can edit on DAG:example_branch_datetime_operator
[2025-04-03T13:44:17.767+0000] {logging_mixin.py:190} INFO - [2025-04-03T13:44:17.767+0000] {override.py:1930} INFO - Created Permission View: can delete on DAG Run:example_branch_datetime_operator
[2025-04-03T13:44:17.782+0000] {logging_mixin.py:190} INFO - [2025-04-03T13:44:17.781+0000] {override.py:1930} INFO - Created Permission View: can read on DAG Run:example_branch_datetime_operator
[2025-04-03T13:44:17.796+0000] {logging_mixin.py:190} INFO - [2025-04-03T13:44:17.796+0000] {override.py:1930} INFO - Created Permission View: menu access on DAG Run:example_branch_datetime_operator
[2025-04-03T13:44:17.808+0000] {logging_mixin.py:190} INFO - [2025-04-03T13:44:17.807+0000] {override.py:1930} INFO - Created Permission View: can create on DAG Run:example_branch_datetime_operator
[2025-04-03T13:44:17.809+0000] {logging_mixin.py:190} INFO - [2025-04-03T13:44:17.808+0000] {dag.py:3239} INFO - Sync 3 DAGs
[2025-04-03T13:44:17.828+0000] {logging_mixin.py:190} INFO - [2025-04-03T13:44:17.828+0000] {dag.py:3262} INFO - Creating ORM DAG for example_branch_datetime_operator
[2025-04-03T13:44:17.830+0000] {logging_mixin.py:190} INFO - [2025-04-03T13:44:17.829+0000] {dag.py:3262} INFO - Creating ORM DAG for example_branch_datetime_operator_2
[2025-04-03T13:44:17.831+0000] {logging_mixin.py:190} INFO - [2025-04-03T13:44:17.830+0000] {dag.py:3262} INFO - Creating ORM DAG for example_branch_datetime_operator_3
[2025-04-03T13:44:17.846+0000] {logging_mixin.py:190} INFO - [2025-04-03T13:44:17.846+0000] {dag.py:4180} INFO - Setting next_dagrun for example_branch_datetime_operator to 2025-04-02 00:00:00+00:00, run_after=2025-04-03 00:00:00+00:00
[2025-04-03T13:44:17.849+0000] {logging_mixin.py:190} INFO - [2025-04-03T13:44:17.849+0000] {dag.py:4180} INFO - Setting next_dagrun for example_branch_datetime_operator_2 to 2025-04-02 00:00:00+00:00, run_after=2025-04-03 00:00:00+00:00
[2025-04-03T13:44:17.852+0000] {logging_mixin.py:190} INFO - [2025-04-03T13:44:17.852+0000] {dag.py:4180} INFO - Setting next_dagrun for example_branch_datetime_operator_3 to 2025-04-02 00:00:00+00:00, run_after=2025-04-03 00:00:00+00:00
[2025-04-03T13:44:17.886+0000] {processor.py:208} INFO - Processing /home/hamza/Documents/project/Mlops/myenv/lib/python3.12/site-packages/airflow/example_dags/example_branch_datetime_operator.py took 0.651 seconds
[2025-04-03T13:45:32.159+0000] {processor.py:186} INFO - Started process (PID=99857) to work on /home/hamza/Documents/project/Mlops/myenv/lib/python3.12/site-packages/airflow/example_dags/example_branch_datetime_operator.py
[2025-04-03T13:45:32.163+0000] {processor.py:914} INFO - Processing file /home/hamza/Documents/project/Mlops/myenv/lib/python3.12/site-packages/airflow/example_dags/example_branch_datetime_operator.py for tasks to queue
[2025-04-03T13:45:32.167+0000] {logging_mixin.py:190} INFO - [2025-04-03T13:45:32.166+0000] {dagbag.py:588} INFO - Filling up the DagBag from /home/hamza/Documents/project/Mlops/myenv/lib/python3.12/site-packages/airflow/example_dags/example_branch_datetime_operator.py
[2025-04-03T13:45:32.195+0000] {processor.py:925} INFO - DAG(s) 'example_branch_datetime_operator_2', 'example_branch_datetime_operator', 'example_branch_datetime_operator_3' retrieved from /home/hamza/Documents/project/Mlops/myenv/lib/python3.12/site-packages/airflow/example_dags/example_branch_datetime_operator.py
[2025-04-03T13:45:32.240+0000] {logging_mixin.py:190} INFO - [2025-04-03T13:45:32.239+0000] {dag.py:3239} INFO - Sync 3 DAGs
[2025-04-03T13:45:32.278+0000] {logging_mixin.py:190} INFO - [2025-04-03T13:45:32.278+0000] {dag.py:4180} INFO - Setting next_dagrun for example_branch_datetime_operator to 2025-04-02 00:00:00+00:00, run_after=2025-04-03 00:00:00+00:00
[2025-04-03T13:45:32.286+0000] {logging_mixin.py:190} INFO - [2025-04-03T13:45:32.286+0000] {dag.py:4180} INFO - Setting next_dagrun for example_branch_datetime_operator_2 to 2025-04-02 00:00:00+00:00, run_after=2025-04-03 00:00:00+00:00
[2025-04-03T13:45:32.291+0000] {logging_mixin.py:190} INFO - [2025-04-03T13:45:32.290+0000] {dag.py:4180} INFO - Setting next_dagrun for example_branch_datetime_operator_3 to 2025-04-02 00:00:00+00:00, run_after=2025-04-03 00:00:00+00:00
[2025-04-03T13:45:32.323+0000] {processor.py:208} INFO - Processing /home/hamza/Documents/project/Mlops/myenv/lib/python3.12/site-packages/airflow/example_dags/example_branch_datetime_operator.py took 0.174 seconds
[2025-04-03T13:46:39.234+0000] {processor.py:186} INFO - Started process (PID=100495) to work on /home/hamza/Documents/project/Mlops/myenv/lib/python3.12/site-packages/airflow/example_dags/example_branch_datetime_operator.py
[2025-04-03T13:46:39.237+0000] {processor.py:914} INFO - Processing file /home/hamza/Documents/project/Mlops/myenv/lib/python3.12/site-packages/airflow/example_dags/example_branch_datetime_operator.py for tasks to queue
[2025-04-03T13:46:39.240+0000] {logging_mixin.py:190} INFO - [2025-04-03T13:46:39.240+0000] {dagbag.py:588} INFO - Filling up the DagBag from /home/hamza/Documents/project/Mlops/myenv/lib/python3.12/site-packages/airflow/example_dags/example_branch_datetime_operator.py
[2025-04-03T13:46:39.262+0000] {processor.py:925} INFO - DAG(s) 'example_branch_datetime_operator_3', 'example_branch_datetime_operator', 'example_branch_datetime_operator_2' retrieved from /home/hamza/Documents/project/Mlops/myenv/lib/python3.12/site-packages/airflow/example_dags/example_branch_datetime_operator.py
[2025-04-03T13:46:39.299+0000] {logging_mixin.py:190} INFO - [2025-04-03T13:46:39.299+0000] {dag.py:3239} INFO - Sync 3 DAGs
[2025-04-03T13:46:39.335+0000] {logging_mixin.py:190} INFO - [2025-04-03T13:46:39.335+0000] {dag.py:4180} INFO - Setting next_dagrun for example_branch_datetime_operator to 2025-04-02 00:00:00+00:00, run_after=2025-04-03 00:00:00+00:00
[2025-04-03T13:46:39.342+0000] {logging_mixin.py:190} INFO - [2025-04-03T13:46:39.342+0000] {dag.py:4180} INFO - Setting next_dagrun for example_branch_datetime_operator_2 to 2025-04-02 00:00:00+00:00, run_after=2025-04-03 00:00:00+00:00
[2025-04-03T13:46:39.346+0000] {logging_mixin.py:190} INFO - [2025-04-03T13:46:39.345+0000] {dag.py:4180} INFO - Setting next_dagrun for example_branch_datetime_operator_3 to 2025-04-02 00:00:00+00:00, run_after=2025-04-03 00:00:00+00:00
[2025-04-03T13:46:39.376+0000] {processor.py:208} INFO - Processing /home/hamza/Documents/project/Mlops/myenv/lib/python3.12/site-packages/airflow/example_dags/example_branch_datetime_operator.py took 0.150 seconds
[2025-04-03T13:47:46.747+0000] {processor.py:186} INFO - Started process (PID=101353) to work on /home/hamza/Documents/project/Mlops/myenv/lib/python3.12/site-packages/airflow/example_dags/example_branch_datetime_operator.py
[2025-04-03T13:47:46.749+0000] {processor.py:914} INFO - Processing file /home/hamza/Documents/project/Mlops/myenv/lib/python3.12/site-packages/airflow/example_dags/example_branch_datetime_operator.py for tasks to queue
[2025-04-03T13:47:46.753+0000] {logging_mixin.py:190} INFO - [2025-04-03T13:47:46.753+0000] {dagbag.py:588} INFO - Filling up the DagBag from /home/hamza/Documents/project/Mlops/myenv/lib/python3.12/site-packages/airflow/example_dags/example_branch_datetime_operator.py
[2025-04-03T13:47:46.783+0000] {processor.py:925} INFO - DAG(s) 'example_branch_datetime_operator_2', 'example_branch_datetime_operator', 'example_branch_datetime_operator_3' retrieved from /home/hamza/Documents/project/Mlops/myenv/lib/python3.12/site-packages/airflow/example_dags/example_branch_datetime_operator.py
[2025-04-03T13:47:46.821+0000] {logging_mixin.py:190} INFO - [2025-04-03T13:47:46.821+0000] {dag.py:3239} INFO - Sync 3 DAGs
[2025-04-03T13:47:46.858+0000] {logging_mixin.py:190} INFO - [2025-04-03T13:47:46.857+0000] {dag.py:4180} INFO - Setting next_dagrun for example_branch_datetime_operator to 2025-04-02 00:00:00+00:00, run_after=2025-04-03 00:00:00+00:00
[2025-04-03T13:47:46.867+0000] {logging_mixin.py:190} INFO - [2025-04-03T13:47:46.866+0000] {dag.py:4180} INFO - Setting next_dagrun for example_branch_datetime_operator_2 to 2025-04-02 00:00:00+00:00, run_after=2025-04-03 00:00:00+00:00
[2025-04-03T13:47:46.870+0000] {logging_mixin.py:190} INFO - [2025-04-03T13:47:46.870+0000] {dag.py:4180} INFO - Setting next_dagrun for example_branch_datetime_operator_3 to 2025-04-02 00:00:00+00:00, run_after=2025-04-03 00:00:00+00:00
[2025-04-03T13:47:46.901+0000] {processor.py:208} INFO - Processing /home/hamza/Documents/project/Mlops/myenv/lib/python3.12/site-packages/airflow/example_dags/example_branch_datetime_operator.py took 0.165 seconds
[2025-04-03T13:50:22.151+0000] {processor.py:186} INFO - Started process (PID=103441) to work on /home/hamza/Documents/project/Mlops/myenv/lib/python3.12/site-packages/airflow/example_dags/example_branch_datetime_operator.py
[2025-04-03T13:50:22.153+0000] {processor.py:914} INFO - Processing file /home/hamza/Documents/project/Mlops/myenv/lib/python3.12/site-packages/airflow/example_dags/example_branch_datetime_operator.py for tasks to queue
[2025-04-03T13:50:22.157+0000] {logging_mixin.py:190} INFO - [2025-04-03T13:50:22.156+0000] {dagbag.py:588} INFO - Filling up the DagBag from /home/hamza/Documents/project/Mlops/myenv/lib/python3.12/site-packages/airflow/example_dags/example_branch_datetime_operator.py
[2025-04-03T13:50:22.182+0000] {processor.py:925} INFO - DAG(s) 'example_branch_datetime_operator_2', 'example_branch_datetime_operator_3', 'example_branch_datetime_operator' retrieved from /home/hamza/Documents/project/Mlops/myenv/lib/python3.12/site-packages/airflow/example_dags/example_branch_datetime_operator.py
[2025-04-03T13:50:22.218+0000] {logging_mixin.py:190} INFO - [2025-04-03T13:50:22.217+0000] {dag.py:3239} INFO - Sync 3 DAGs
[2025-04-03T13:50:22.262+0000] {logging_mixin.py:190} INFO - [2025-04-03T13:50:22.261+0000] {dag.py:4180} INFO - Setting next_dagrun for example_branch_datetime_operator to 2025-04-02 00:00:00+00:00, run_after=2025-04-03 00:00:00+00:00
[2025-04-03T13:50:22.269+0000] {logging_mixin.py:190} INFO - [2025-04-03T13:50:22.269+0000] {dag.py:4180} INFO - Setting next_dagrun for example_branch_datetime_operator_2 to 2025-04-02 00:00:00+00:00, run_after=2025-04-03 00:00:00+00:00
[2025-04-03T13:50:22.273+0000] {logging_mixin.py:190} INFO - [2025-04-03T13:50:22.273+0000] {dag.py:4180} INFO - Setting next_dagrun for example_branch_datetime_operator_3 to 2025-04-02 00:00:00+00:00, run_after=2025-04-03 00:00:00+00:00
[2025-04-03T13:50:22.304+0000] {processor.py:208} INFO - Processing /home/hamza/Documents/project/Mlops/myenv/lib/python3.12/site-packages/airflow/example_dags/example_branch_datetime_operator.py took 0.164 seconds
[2025-04-03T13:51:55.881+0000] {processor.py:186} INFO - Started process (PID=104573) to work on /home/hamza/Documents/project/Mlops/myenv/lib/python3.12/site-packages/airflow/example_dags/example_branch_datetime_operator.py
[2025-04-03T13:51:55.883+0000] {processor.py:914} INFO - Processing file /home/hamza/Documents/project/Mlops/myenv/lib/python3.12/site-packages/airflow/example_dags/example_branch_datetime_operator.py for tasks to queue
[2025-04-03T13:51:55.887+0000] {logging_mixin.py:190} INFO - [2025-04-03T13:51:55.886+0000] {dagbag.py:588} INFO - Filling up the DagBag from /home/hamza/Documents/project/Mlops/myenv/lib/python3.12/site-packages/airflow/example_dags/example_branch_datetime_operator.py
[2025-04-03T13:51:55.914+0000] {processor.py:925} INFO - DAG(s) 'example_branch_datetime_operator_2', 'example_branch_datetime_operator_3', 'example_branch_datetime_operator' retrieved from /home/hamza/Documents/project/Mlops/myenv/lib/python3.12/site-packages/airflow/example_dags/example_branch_datetime_operator.py
[2025-04-03T13:51:59.320+0000] {logging_mixin.py:190} INFO - [2025-04-03T13:51:59.319+0000] {dag.py:3239} INFO - Sync 3 DAGs
[2025-04-03T13:51:59.379+0000] {logging_mixin.py:190} INFO - [2025-04-03T13:51:59.378+0000] {dag.py:4180} INFO - Setting next_dagrun for example_branch_datetime_operator to 2025-04-02 00:00:00+00:00, run_after=2025-04-03 00:00:00+00:00
[2025-04-03T13:51:59.394+0000] {logging_mixin.py:190} INFO - [2025-04-03T13:51:59.393+0000] {dag.py:4180} INFO - Setting next_dagrun for example_branch_datetime_operator_2 to 2025-04-02 00:00:00+00:00, run_after=2025-04-03 00:00:00+00:00
[2025-04-03T13:51:59.399+0000] {logging_mixin.py:190} INFO - [2025-04-03T13:51:59.399+0000] {dag.py:4180} INFO - Setting next_dagrun for example_branch_datetime_operator_3 to 2025-04-02 00:00:00+00:00, run_after=2025-04-03 00:00:00+00:00
[2025-04-03T13:51:59.444+0000] {processor.py:208} INFO - Processing /home/hamza/Documents/project/Mlops/myenv/lib/python3.12/site-packages/airflow/example_dags/example_branch_datetime_operator.py took 3.573 seconds
[2025-04-03T13:53:39.837+0000] {processor.py:186} INFO - Started process (PID=105644) to work on /home/hamza/Documents/project/Mlops/myenv/lib/python3.12/site-packages/airflow/example_dags/example_branch_datetime_operator.py
[2025-04-03T13:53:39.838+0000] {processor.py:914} INFO - Processing file /home/hamza/Documents/project/Mlops/myenv/lib/python3.12/site-packages/airflow/example_dags/example_branch_datetime_operator.py for tasks to queue
[2025-04-03T13:53:39.842+0000] {logging_mixin.py:190} INFO - [2025-04-03T13:53:39.841+0000] {dagbag.py:588} INFO - Filling up the DagBag from /home/hamza/Documents/project/Mlops/myenv/lib/python3.12/site-packages/airflow/example_dags/example_branch_datetime_operator.py
[2025-04-03T13:53:39.865+0000] {processor.py:925} INFO - DAG(s) 'example_branch_datetime_operator_2', 'example_branch_datetime_operator_3', 'example_branch_datetime_operator' retrieved from /home/hamza/Documents/project/Mlops/myenv/lib/python3.12/site-packages/airflow/example_dags/example_branch_datetime_operator.py
[2025-04-03T13:53:39.902+0000] {logging_mixin.py:190} INFO - [2025-04-03T13:53:39.901+0000] {dag.py:3239} INFO - Sync 3 DAGs
[2025-04-03T13:53:39.940+0000] {logging_mixin.py:190} INFO - [2025-04-03T13:53:39.940+0000] {dag.py:4180} INFO - Setting next_dagrun for example_branch_datetime_operator to 2025-04-02 00:00:00+00:00, run_after=2025-04-03 00:00:00+00:00
[2025-04-03T13:53:39.951+0000] {logging_mixin.py:190} INFO - [2025-04-03T13:53:39.951+0000] {dag.py:4180} INFO - Setting next_dagrun for example_branch_datetime_operator_2 to 2025-04-02 00:00:00+00:00, run_after=2025-04-03 00:00:00+00:00
[2025-04-03T13:53:39.957+0000] {logging_mixin.py:190} INFO - [2025-04-03T13:53:39.957+0000] {dag.py:4180} INFO - Setting next_dagrun for example_branch_datetime_operator_3 to 2025-04-02 00:00:00+00:00, run_after=2025-04-03 00:00:00+00:00
[2025-04-03T13:53:39.990+0000] {processor.py:208} INFO - Processing /home/hamza/Documents/project/Mlops/myenv/lib/python3.12/site-packages/airflow/example_dags/example_branch_datetime_operator.py took 0.162 seconds
[2025-04-03T14:10:42.457+0000] {processor.py:186} INFO - Started process (PID=118362) to work on /home/hamza/Documents/project/Mlops/myenv/lib/python3.12/site-packages/airflow/example_dags/example_branch_datetime_operator.py
[2025-04-03T14:10:42.459+0000] {processor.py:914} INFO - Processing file /home/hamza/Documents/project/Mlops/myenv/lib/python3.12/site-packages/airflow/example_dags/example_branch_datetime_operator.py for tasks to queue
[2025-04-03T14:10:42.461+0000] {logging_mixin.py:190} INFO - [2025-04-03T14:10:42.461+0000] {dagbag.py:588} INFO - Filling up the DagBag from /home/hamza/Documents/project/Mlops/myenv/lib/python3.12/site-packages/airflow/example_dags/example_branch_datetime_operator.py
[2025-04-03T14:10:42.477+0000] {processor.py:925} INFO - DAG(s) 'example_branch_datetime_operator_2', 'example_branch_datetime_operator_3', 'example_branch_datetime_operator' retrieved from /home/hamza/Documents/project/Mlops/myenv/lib/python3.12/site-packages/airflow/example_dags/example_branch_datetime_operator.py
[2025-04-03T14:10:42.518+0000] {logging_mixin.py:190} INFO - [2025-04-03T14:10:42.518+0000] {dag.py:3239} INFO - Sync 3 DAGs
[2025-04-03T14:10:42.549+0000] {logging_mixin.py:190} INFO - [2025-04-03T14:10:42.549+0000] {dag.py:4180} INFO - Setting next_dagrun for example_branch_datetime_operator to 2025-04-02 00:00:00+00:00, run_after=2025-04-03 00:00:00+00:00
[2025-04-03T14:10:42.557+0000] {logging_mixin.py:190} INFO - [2025-04-03T14:10:42.556+0000] {dag.py:4180} INFO - Setting next_dagrun for example_branch_datetime_operator_2 to 2025-04-02 00:00:00+00:00, run_after=2025-04-03 00:00:00+00:00
[2025-04-03T14:10:42.560+0000] {logging_mixin.py:190} INFO - [2025-04-03T14:10:42.560+0000] {dag.py:4180} INFO - Setting next_dagrun for example_branch_datetime_operator_3 to 2025-04-02 00:00:00+00:00, run_after=2025-04-03 00:00:00+00:00
[2025-04-03T14:10:42.587+0000] {processor.py:208} INFO - Processing /home/hamza/Documents/project/Mlops/myenv/lib/python3.12/site-packages/airflow/example_dags/example_branch_datetime_operator.py took 0.140 seconds
[2025-04-03T14:12:20.045+0000] {processor.py:186} INFO - Started process (PID=119230) to work on /home/hamza/Documents/project/Mlops/myenv/lib/python3.12/site-packages/airflow/example_dags/example_branch_datetime_operator.py
[2025-04-03T14:12:20.047+0000] {processor.py:914} INFO - Processing file /home/hamza/Documents/project/Mlops/myenv/lib/python3.12/site-packages/airflow/example_dags/example_branch_datetime_operator.py for tasks to queue
[2025-04-03T14:12:20.049+0000] {logging_mixin.py:190} INFO - [2025-04-03T14:12:20.048+0000] {dagbag.py:588} INFO - Filling up the DagBag from /home/hamza/Documents/project/Mlops/myenv/lib/python3.12/site-packages/airflow/example_dags/example_branch_datetime_operator.py
[2025-04-03T14:12:20.067+0000] {processor.py:925} INFO - DAG(s) 'example_branch_datetime_operator_2', 'example_branch_datetime_operator_3', 'example_branch_datetime_operator' retrieved from /home/hamza/Documents/project/Mlops/myenv/lib/python3.12/site-packages/airflow/example_dags/example_branch_datetime_operator.py
[2025-04-03T14:12:20.108+0000] {logging_mixin.py:190} INFO - [2025-04-03T14:12:20.107+0000] {dag.py:3239} INFO - Sync 3 DAGs
[2025-04-03T14:12:20.142+0000] {logging_mixin.py:190} INFO - [2025-04-03T14:12:20.142+0000] {dag.py:4180} INFO - Setting next_dagrun for example_branch_datetime_operator to 2025-04-02 00:00:00+00:00, run_after=2025-04-03 00:00:00+00:00
[2025-04-03T14:12:20.151+0000] {logging_mixin.py:190} INFO - [2025-04-03T14:12:20.151+0000] {dag.py:4180} INFO - Setting next_dagrun for example_branch_datetime_operator_2 to 2025-04-02 00:00:00+00:00, run_after=2025-04-03 00:00:00+00:00
[2025-04-03T14:12:20.155+0000] {logging_mixin.py:190} INFO - [2025-04-03T14:12:20.154+0000] {dag.py:4180} INFO - Setting next_dagrun for example_branch_datetime_operator_3 to 2025-04-02 00:00:00+00:00, run_after=2025-04-03 00:00:00+00:00
[2025-04-03T14:12:20.185+0000] {processor.py:208} INFO - Processing /home/hamza/Documents/project/Mlops/myenv/lib/python3.12/site-packages/airflow/example_dags/example_branch_datetime_operator.py took 0.149 seconds
[2025-04-03T14:19:21.421+0000] {processor.py:186} INFO - Started process (PID=122748) to work on /home/hamza/Documents/project/Mlops/myenv/lib/python3.12/site-packages/airflow/example_dags/example_branch_datetime_operator.py
[2025-04-03T14:19:21.423+0000] {processor.py:914} INFO - Processing file /home/hamza/Documents/project/Mlops/myenv/lib/python3.12/site-packages/airflow/example_dags/example_branch_datetime_operator.py for tasks to queue
[2025-04-03T14:19:21.425+0000] {logging_mixin.py:190} INFO - [2025-04-03T14:19:21.425+0000] {dagbag.py:588} INFO - Filling up the DagBag from /home/hamza/Documents/project/Mlops/myenv/lib/python3.12/site-packages/airflow/example_dags/example_branch_datetime_operator.py
[2025-04-03T14:19:21.442+0000] {processor.py:925} INFO - DAG(s) 'example_branch_datetime_operator', 'example_branch_datetime_operator_2', 'example_branch_datetime_operator_3' retrieved from /home/hamza/Documents/project/Mlops/myenv/lib/python3.12/site-packages/airflow/example_dags/example_branch_datetime_operator.py
[2025-04-03T14:19:21.479+0000] {logging_mixin.py:190} INFO - [2025-04-03T14:19:21.479+0000] {dag.py:3239} INFO - Sync 3 DAGs
[2025-04-03T14:19:21.514+0000] {logging_mixin.py:190} INFO - [2025-04-03T14:19:21.514+0000] {dag.py:4180} INFO - Setting next_dagrun for example_branch_datetime_operator to 2025-04-02 00:00:00+00:00, run_after=2025-04-03 00:00:00+00:00
[2025-04-03T14:19:21.522+0000] {logging_mixin.py:190} INFO - [2025-04-03T14:19:21.522+0000] {dag.py:4180} INFO - Setting next_dagrun for example_branch_datetime_operator_2 to 2025-04-02 00:00:00+00:00, run_after=2025-04-03 00:00:00+00:00
[2025-04-03T14:19:21.526+0000] {logging_mixin.py:190} INFO - [2025-04-03T14:19:21.525+0000] {dag.py:4180} INFO - Setting next_dagrun for example_branch_datetime_operator_3 to 2025-04-02 00:00:00+00:00, run_after=2025-04-03 00:00:00+00:00
[2025-04-03T14:19:21.556+0000] {processor.py:208} INFO - Processing /home/hamza/Documents/project/Mlops/myenv/lib/python3.12/site-packages/airflow/example_dags/example_branch_datetime_operator.py took 0.145 seconds
[2025-04-03T15:08:52.661+0000] {processor.py:186} INFO - Started process (PID=36430) to work on /home/hamza/Documents/project/Mlops/myenv/lib/python3.12/site-packages/airflow/example_dags/example_branch_datetime_operator.py
[2025-04-03T15:08:52.663+0000] {processor.py:914} INFO - Processing file /home/hamza/Documents/project/Mlops/myenv/lib/python3.12/site-packages/airflow/example_dags/example_branch_datetime_operator.py for tasks to queue
[2025-04-03T15:08:52.666+0000] {logging_mixin.py:190} INFO - [2025-04-03T15:08:52.665+0000] {dagbag.py:588} INFO - Filling up the DagBag from /home/hamza/Documents/project/Mlops/myenv/lib/python3.12/site-packages/airflow/example_dags/example_branch_datetime_operator.py
[2025-04-03T15:08:52.689+0000] {processor.py:925} INFO - DAG(s) 'example_branch_datetime_operator_3', 'example_branch_datetime_operator', 'example_branch_datetime_operator_2' retrieved from /home/hamza/Documents/project/Mlops/myenv/lib/python3.12/site-packages/airflow/example_dags/example_branch_datetime_operator.py
[2025-04-03T15:08:52.721+0000] {logging_mixin.py:190} INFO - [2025-04-03T15:08:52.721+0000] {dag.py:3239} INFO - Sync 3 DAGs
[2025-04-03T15:08:52.756+0000] {logging_mixin.py:190} INFO - [2025-04-03T15:08:52.755+0000] {dag.py:4180} INFO - Setting next_dagrun for example_branch_datetime_operator to 2025-04-02 00:00:00+00:00, run_after=2025-04-03 00:00:00+00:00
[2025-04-03T15:08:52.763+0000] {logging_mixin.py:190} INFO - [2025-04-03T15:08:52.762+0000] {dag.py:4180} INFO - Setting next_dagrun for example_branch_datetime_operator_2 to 2025-04-02 00:00:00+00:00, run_after=2025-04-03 00:00:00+00:00
[2025-04-03T15:08:52.766+0000] {logging_mixin.py:190} INFO - [2025-04-03T15:08:52.766+0000] {dag.py:4180} INFO - Setting next_dagrun for example_branch_datetime_operator_3 to 2025-04-02 00:00:00+00:00, run_after=2025-04-03 00:00:00+00:00
[2025-04-03T15:08:52.795+0000] {processor.py:208} INFO - Processing /home/hamza/Documents/project/Mlops/myenv/lib/python3.12/site-packages/airflow/example_dags/example_branch_datetime_operator.py took 0.142 seconds
[2025-04-03T15:10:22.321+0000] {processor.py:186} INFO - Started process (PID=37333) to work on /home/hamza/Documents/project/Mlops/myenv/lib/python3.12/site-packages/airflow/example_dags/example_branch_datetime_operator.py
[2025-04-03T15:10:22.329+0000] {processor.py:914} INFO - Processing file /home/hamza/Documents/project/Mlops/myenv/lib/python3.12/site-packages/airflow/example_dags/example_branch_datetime_operator.py for tasks to queue
[2025-04-03T15:10:22.334+0000] {logging_mixin.py:190} INFO - [2025-04-03T15:10:22.333+0000] {dagbag.py:588} INFO - Filling up the DagBag from /home/hamza/Documents/project/Mlops/myenv/lib/python3.12/site-packages/airflow/example_dags/example_branch_datetime_operator.py
[2025-04-03T15:10:22.356+0000] {processor.py:925} INFO - DAG(s) 'example_branch_datetime_operator', 'example_branch_datetime_operator_2', 'example_branch_datetime_operator_3' retrieved from /home/hamza/Documents/project/Mlops/myenv/lib/python3.12/site-packages/airflow/example_dags/example_branch_datetime_operator.py
[2025-04-03T15:10:22.395+0000] {logging_mixin.py:190} INFO - [2025-04-03T15:10:22.395+0000] {dag.py:3239} INFO - Sync 3 DAGs
[2025-04-03T15:10:22.434+0000] {logging_mixin.py:190} INFO - [2025-04-03T15:10:22.434+0000] {dag.py:4180} INFO - Setting next_dagrun for example_branch_datetime_operator to 2025-04-02 00:00:00+00:00, run_after=2025-04-03 00:00:00+00:00
[2025-04-03T15:10:22.443+0000] {logging_mixin.py:190} INFO - [2025-04-03T15:10:22.443+0000] {dag.py:4180} INFO - Setting next_dagrun for example_branch_datetime_operator_2 to 2025-04-02 00:00:00+00:00, run_after=2025-04-03 00:00:00+00:00
[2025-04-03T15:10:22.448+0000] {logging_mixin.py:190} INFO - [2025-04-03T15:10:22.447+0000] {dag.py:4180} INFO - Setting next_dagrun for example_branch_datetime_operator_3 to 2025-04-02 00:00:00+00:00, run_after=2025-04-03 00:00:00+00:00
[2025-04-03T15:10:22.477+0000] {processor.py:208} INFO - Processing /home/hamza/Documents/project/Mlops/myenv/lib/python3.12/site-packages/airflow/example_dags/example_branch_datetime_operator.py took 0.165 seconds
[2025-04-03T15:11:51.253+0000] {processor.py:186} INFO - Started process (PID=38133) to work on /home/hamza/Documents/project/Mlops/myenv/lib/python3.12/site-packages/airflow/example_dags/example_branch_datetime_operator.py
[2025-04-03T15:11:51.255+0000] {processor.py:914} INFO - Processing file /home/hamza/Documents/project/Mlops/myenv/lib/python3.12/site-packages/airflow/example_dags/example_branch_datetime_operator.py for tasks to queue
[2025-04-03T15:11:51.259+0000] {logging_mixin.py:190} INFO - [2025-04-03T15:11:51.258+0000] {dagbag.py:588} INFO - Filling up the DagBag from /home/hamza/Documents/project/Mlops/myenv/lib/python3.12/site-packages/airflow/example_dags/example_branch_datetime_operator.py
[2025-04-03T15:11:51.280+0000] {processor.py:925} INFO - DAG(s) 'example_branch_datetime_operator', 'example_branch_datetime_operator_2', 'example_branch_datetime_operator_3' retrieved from /home/hamza/Documents/project/Mlops/myenv/lib/python3.12/site-packages/airflow/example_dags/example_branch_datetime_operator.py
[2025-04-03T15:11:51.314+0000] {logging_mixin.py:190} INFO - [2025-04-03T15:11:51.314+0000] {dag.py:3239} INFO - Sync 3 DAGs
[2025-04-03T15:11:51.355+0000] {logging_mixin.py:190} INFO - [2025-04-03T15:11:51.355+0000] {dag.py:4180} INFO - Setting next_dagrun for example_branch_datetime_operator to 2025-04-02 00:00:00+00:00, run_after=2025-04-03 00:00:00+00:00
[2025-04-03T15:11:51.363+0000] {logging_mixin.py:190} INFO - [2025-04-03T15:11:51.362+0000] {dag.py:4180} INFO - Setting next_dagrun for example_branch_datetime_operator_2 to 2025-04-02 00:00:00+00:00, run_after=2025-04-03 00:00:00+00:00
[2025-04-03T15:11:51.367+0000] {logging_mixin.py:190} INFO - [2025-04-03T15:11:51.366+0000] {dag.py:4180} INFO - Setting next_dagrun for example_branch_datetime_operator_3 to 2025-04-02 00:00:00+00:00, run_after=2025-04-03 00:00:00+00:00
[2025-04-03T15:11:51.396+0000] {processor.py:208} INFO - Processing /home/hamza/Documents/project/Mlops/myenv/lib/python3.12/site-packages/airflow/example_dags/example_branch_datetime_operator.py took 0.152 seconds
[2025-04-03T15:13:28.161+0000] {processor.py:186} INFO - Started process (PID=39033) to work on /home/hamza/Documents/project/Mlops/myenv/lib/python3.12/site-packages/airflow/example_dags/example_branch_datetime_operator.py
[2025-04-03T15:13:28.164+0000] {processor.py:914} INFO - Processing file /home/hamza/Documents/project/Mlops/myenv/lib/python3.12/site-packages/airflow/example_dags/example_branch_datetime_operator.py for tasks to queue
[2025-04-03T15:13:28.168+0000] {logging_mixin.py:190} INFO - [2025-04-03T15:13:28.167+0000] {dagbag.py:588} INFO - Filling up the DagBag from /home/hamza/Documents/project/Mlops/myenv/lib/python3.12/site-packages/airflow/example_dags/example_branch_datetime_operator.py
[2025-04-03T15:13:28.189+0000] {processor.py:925} INFO - DAG(s) 'example_branch_datetime_operator', 'example_branch_datetime_operator_3', 'example_branch_datetime_operator_2' retrieved from /home/hamza/Documents/project/Mlops/myenv/lib/python3.12/site-packages/airflow/example_dags/example_branch_datetime_operator.py
[2025-04-03T15:13:28.223+0000] {logging_mixin.py:190} INFO - [2025-04-03T15:13:28.222+0000] {dag.py:3239} INFO - Sync 3 DAGs
[2025-04-03T15:13:28.258+0000] {logging_mixin.py:190} INFO - [2025-04-03T15:13:28.258+0000] {dag.py:4180} INFO - Setting next_dagrun for example_branch_datetime_operator to 2025-04-02 00:00:00+00:00, run_after=2025-04-03 00:00:00+00:00
[2025-04-03T15:13:28.265+0000] {logging_mixin.py:190} INFO - [2025-04-03T15:13:28.265+0000] {dag.py:4180} INFO - Setting next_dagrun for example_branch_datetime_operator_2 to 2025-04-02 00:00:00+00:00, run_after=2025-04-03 00:00:00+00:00
[2025-04-03T15:13:28.268+0000] {logging_mixin.py:190} INFO - [2025-04-03T15:13:28.268+0000] {dag.py:4180} INFO - Setting next_dagrun for example_branch_datetime_operator_3 to 2025-04-02 00:00:00+00:00, run_after=2025-04-03 00:00:00+00:00
[2025-04-03T15:13:28.297+0000] {processor.py:208} INFO - Processing /home/hamza/Documents/project/Mlops/myenv/lib/python3.12/site-packages/airflow/example_dags/example_branch_datetime_operator.py took 0.144 seconds
[2025-04-03T15:15:01.400+0000] {processor.py:186} INFO - Started process (PID=39933) to work on /home/hamza/Documents/project/Mlops/myenv/lib/python3.12/site-packages/airflow/example_dags/example_branch_datetime_operator.py
[2025-04-03T15:15:01.402+0000] {processor.py:914} INFO - Processing file /home/hamza/Documents/project/Mlops/myenv/lib/python3.12/site-packages/airflow/example_dags/example_branch_datetime_operator.py for tasks to queue
[2025-04-03T15:15:01.406+0000] {logging_mixin.py:190} INFO - [2025-04-03T15:15:01.406+0000] {dagbag.py:588} INFO - Filling up the DagBag from /home/hamza/Documents/project/Mlops/myenv/lib/python3.12/site-packages/airflow/example_dags/example_branch_datetime_operator.py
[2025-04-03T15:15:01.428+0000] {processor.py:925} INFO - DAG(s) 'example_branch_datetime_operator_3', 'example_branch_datetime_operator_2', 'example_branch_datetime_operator' retrieved from /home/hamza/Documents/project/Mlops/myenv/lib/python3.12/site-packages/airflow/example_dags/example_branch_datetime_operator.py
[2025-04-03T15:15:01.467+0000] {logging_mixin.py:190} INFO - [2025-04-03T15:15:01.466+0000] {dag.py:3239} INFO - Sync 3 DAGs
[2025-04-03T15:15:01.509+0000] {logging_mixin.py:190} INFO - [2025-04-03T15:15:01.509+0000] {dag.py:4180} INFO - Setting next_dagrun for example_branch_datetime_operator to 2025-04-02 00:00:00+00:00, run_after=2025-04-03 00:00:00+00:00
[2025-04-03T15:15:01.519+0000] {logging_mixin.py:190} INFO - [2025-04-03T15:15:01.519+0000] {dag.py:4180} INFO - Setting next_dagrun for example_branch_datetime_operator_2 to 2025-04-02 00:00:00+00:00, run_after=2025-04-03 00:00:00+00:00
[2025-04-03T15:15:01.525+0000] {logging_mixin.py:190} INFO - [2025-04-03T15:15:01.524+0000] {dag.py:4180} INFO - Setting next_dagrun for example_branch_datetime_operator_3 to 2025-04-02 00:00:00+00:00, run_after=2025-04-03 00:00:00+00:00
[2025-04-03T15:15:01.560+0000] {processor.py:208} INFO - Processing /home/hamza/Documents/project/Mlops/myenv/lib/python3.12/site-packages/airflow/example_dags/example_branch_datetime_operator.py took 0.169 seconds
[2025-04-03T15:16:41.298+0000] {processor.py:186} INFO - Started process (PID=40915) to work on /home/hamza/Documents/project/Mlops/myenv/lib/python3.12/site-packages/airflow/example_dags/example_branch_datetime_operator.py
[2025-04-03T15:16:41.301+0000] {processor.py:914} INFO - Processing file /home/hamza/Documents/project/Mlops/myenv/lib/python3.12/site-packages/airflow/example_dags/example_branch_datetime_operator.py for tasks to queue
[2025-04-03T15:16:41.305+0000] {logging_mixin.py:190} INFO - [2025-04-03T15:16:41.304+0000] {dagbag.py:588} INFO - Filling up the DagBag from /home/hamza/Documents/project/Mlops/myenv/lib/python3.12/site-packages/airflow/example_dags/example_branch_datetime_operator.py
[2025-04-03T15:16:41.327+0000] {processor.py:925} INFO - DAG(s) 'example_branch_datetime_operator_2', 'example_branch_datetime_operator', 'example_branch_datetime_operator_3' retrieved from /home/hamza/Documents/project/Mlops/myenv/lib/python3.12/site-packages/airflow/example_dags/example_branch_datetime_operator.py
[2025-04-03T15:16:41.366+0000] {logging_mixin.py:190} INFO - [2025-04-03T15:16:41.366+0000] {dag.py:3239} INFO - Sync 3 DAGs
[2025-04-03T15:16:41.401+0000] {logging_mixin.py:190} INFO - [2025-04-03T15:16:41.401+0000] {dag.py:4180} INFO - Setting next_dagrun for example_branch_datetime_operator to 2025-04-02 00:00:00+00:00, run_after=2025-04-03 00:00:00+00:00
[2025-04-03T15:16:41.409+0000] {logging_mixin.py:190} INFO - [2025-04-03T15:16:41.408+0000] {dag.py:4180} INFO - Setting next_dagrun for example_branch_datetime_operator_2 to 2025-04-02 00:00:00+00:00, run_after=2025-04-03 00:00:00+00:00
[2025-04-03T15:16:41.412+0000] {logging_mixin.py:190} INFO - [2025-04-03T15:16:41.412+0000] {dag.py:4180} INFO - Setting next_dagrun for example_branch_datetime_operator_3 to 2025-04-02 00:00:00+00:00, run_after=2025-04-03 00:00:00+00:00
[2025-04-03T15:16:41.439+0000] {processor.py:208} INFO - Processing /home/hamza/Documents/project/Mlops/myenv/lib/python3.12/site-packages/airflow/example_dags/example_branch_datetime_operator.py took 0.150 seconds
[2025-04-03T15:18:18.177+0000] {processor.py:186} INFO - Started process (PID=41955) to work on /home/hamza/Documents/project/Mlops/myenv/lib/python3.12/site-packages/airflow/example_dags/example_branch_datetime_operator.py
[2025-04-03T15:18:18.180+0000] {processor.py:914} INFO - Processing file /home/hamza/Documents/project/Mlops/myenv/lib/python3.12/site-packages/airflow/example_dags/example_branch_datetime_operator.py for tasks to queue
[2025-04-03T15:18:18.184+0000] {logging_mixin.py:190} INFO - [2025-04-03T15:18:18.183+0000] {dagbag.py:588} INFO - Filling up the DagBag from /home/hamza/Documents/project/Mlops/myenv/lib/python3.12/site-packages/airflow/example_dags/example_branch_datetime_operator.py
[2025-04-03T15:18:18.205+0000] {processor.py:925} INFO - DAG(s) 'example_branch_datetime_operator_2', 'example_branch_datetime_operator', 'example_branch_datetime_operator_3' retrieved from /home/hamza/Documents/project/Mlops/myenv/lib/python3.12/site-packages/airflow/example_dags/example_branch_datetime_operator.py
[2025-04-03T15:18:18.239+0000] {logging_mixin.py:190} INFO - [2025-04-03T15:18:18.238+0000] {dag.py:3239} INFO - Sync 3 DAGs
[2025-04-03T15:18:18.274+0000] {logging_mixin.py:190} INFO - [2025-04-03T15:18:18.274+0000] {dag.py:4180} INFO - Setting next_dagrun for example_branch_datetime_operator to 2025-04-02 00:00:00+00:00, run_after=2025-04-03 00:00:00+00:00
[2025-04-03T15:18:18.282+0000] {logging_mixin.py:190} INFO - [2025-04-03T15:18:18.281+0000] {dag.py:4180} INFO - Setting next_dagrun for example_branch_datetime_operator_2 to 2025-04-02 00:00:00+00:00, run_after=2025-04-03 00:00:00+00:00
[2025-04-03T15:18:18.285+0000] {logging_mixin.py:190} INFO - [2025-04-03T15:18:18.285+0000] {dag.py:4180} INFO - Setting next_dagrun for example_branch_datetime_operator_3 to 2025-04-02 00:00:00+00:00, run_after=2025-04-03 00:00:00+00:00
[2025-04-03T15:18:18.318+0000] {processor.py:208} INFO - Processing /home/hamza/Documents/project/Mlops/myenv/lib/python3.12/site-packages/airflow/example_dags/example_branch_datetime_operator.py took 0.150 seconds
[2025-04-03T15:19:48.353+0000] {processor.py:186} INFO - Started process (PID=42933) to work on /home/hamza/Documents/project/Mlops/myenv/lib/python3.12/site-packages/airflow/example_dags/example_branch_datetime_operator.py
[2025-04-03T15:19:48.356+0000] {processor.py:914} INFO - Processing file /home/hamza/Documents/project/Mlops/myenv/lib/python3.12/site-packages/airflow/example_dags/example_branch_datetime_operator.py for tasks to queue
[2025-04-03T15:19:48.359+0000] {logging_mixin.py:190} INFO - [2025-04-03T15:19:48.359+0000] {dagbag.py:588} INFO - Filling up the DagBag from /home/hamza/Documents/project/Mlops/myenv/lib/python3.12/site-packages/airflow/example_dags/example_branch_datetime_operator.py
[2025-04-03T15:19:48.381+0000] {processor.py:925} INFO - DAG(s) 'example_branch_datetime_operator', 'example_branch_datetime_operator_2', 'example_branch_datetime_operator_3' retrieved from /home/hamza/Documents/project/Mlops/myenv/lib/python3.12/site-packages/airflow/example_dags/example_branch_datetime_operator.py
[2025-04-03T15:19:48.416+0000] {logging_mixin.py:190} INFO - [2025-04-03T15:19:48.416+0000] {dag.py:3239} INFO - Sync 3 DAGs
[2025-04-03T15:19:48.453+0000] {logging_mixin.py:190} INFO - [2025-04-03T15:19:48.453+0000] {dag.py:4180} INFO - Setting next_dagrun for example_branch_datetime_operator to 2025-04-02 00:00:00+00:00, run_after=2025-04-03 00:00:00+00:00
[2025-04-03T15:19:48.462+0000] {logging_mixin.py:190} INFO - [2025-04-03T15:19:48.462+0000] {dag.py:4180} INFO - Setting next_dagrun for example_branch_datetime_operator_2 to 2025-04-02 00:00:00+00:00, run_after=2025-04-03 00:00:00+00:00
[2025-04-03T15:19:48.466+0000] {logging_mixin.py:190} INFO - [2025-04-03T15:19:48.466+0000] {dag.py:4180} INFO - Setting next_dagrun for example_branch_datetime_operator_3 to 2025-04-02 00:00:00+00:00, run_after=2025-04-03 00:00:00+00:00
[2025-04-03T15:19:48.497+0000] {processor.py:208} INFO - Processing /home/hamza/Documents/project/Mlops/myenv/lib/python3.12/site-packages/airflow/example_dags/example_branch_datetime_operator.py took 0.152 seconds
[2025-04-03T15:21:20.963+0000] {processor.py:186} INFO - Started process (PID=43853) to work on /home/hamza/Documents/project/Mlops/myenv/lib/python3.12/site-packages/airflow/example_dags/example_branch_datetime_operator.py
[2025-04-03T15:21:20.965+0000] {processor.py:914} INFO - Processing file /home/hamza/Documents/project/Mlops/myenv/lib/python3.12/site-packages/airflow/example_dags/example_branch_datetime_operator.py for tasks to queue
[2025-04-03T15:21:20.968+0000] {logging_mixin.py:190} INFO - [2025-04-03T15:21:20.968+0000] {dagbag.py:588} INFO - Filling up the DagBag from /home/hamza/Documents/project/Mlops/myenv/lib/python3.12/site-packages/airflow/example_dags/example_branch_datetime_operator.py
[2025-04-03T15:21:20.989+0000] {processor.py:925} INFO - DAG(s) 'example_branch_datetime_operator_3', 'example_branch_datetime_operator_2', 'example_branch_datetime_operator' retrieved from /home/hamza/Documents/project/Mlops/myenv/lib/python3.12/site-packages/airflow/example_dags/example_branch_datetime_operator.py
[2025-04-03T15:21:21.022+0000] {logging_mixin.py:190} INFO - [2025-04-03T15:21:21.021+0000] {dag.py:3239} INFO - Sync 3 DAGs
[2025-04-03T15:21:21.056+0000] {logging_mixin.py:190} INFO - [2025-04-03T15:21:21.056+0000] {dag.py:4180} INFO - Setting next_dagrun for example_branch_datetime_operator to 2025-04-02 00:00:00+00:00, run_after=2025-04-03 00:00:00+00:00
[2025-04-03T15:21:21.063+0000] {logging_mixin.py:190} INFO - [2025-04-03T15:21:21.063+0000] {dag.py:4180} INFO - Setting next_dagrun for example_branch_datetime_operator_2 to 2025-04-02 00:00:00+00:00, run_after=2025-04-03 00:00:00+00:00
[2025-04-03T15:21:21.067+0000] {logging_mixin.py:190} INFO - [2025-04-03T15:21:21.066+0000] {dag.py:4180} INFO - Setting next_dagrun for example_branch_datetime_operator_3 to 2025-04-02 00:00:00+00:00, run_after=2025-04-03 00:00:00+00:00
[2025-04-03T15:21:21.097+0000] {processor.py:208} INFO - Processing /home/hamza/Documents/project/Mlops/myenv/lib/python3.12/site-packages/airflow/example_dags/example_branch_datetime_operator.py took 0.143 seconds
[2025-04-03T15:22:57.283+0000] {processor.py:186} INFO - Started process (PID=44748) to work on /home/hamza/Documents/project/Mlops/myenv/lib/python3.12/site-packages/airflow/example_dags/example_branch_datetime_operator.py
[2025-04-03T15:22:57.286+0000] {processor.py:914} INFO - Processing file /home/hamza/Documents/project/Mlops/myenv/lib/python3.12/site-packages/airflow/example_dags/example_branch_datetime_operator.py for tasks to queue
[2025-04-03T15:22:57.290+0000] {logging_mixin.py:190} INFO - [2025-04-03T15:22:57.289+0000] {dagbag.py:588} INFO - Filling up the DagBag from /home/hamza/Documents/project/Mlops/myenv/lib/python3.12/site-packages/airflow/example_dags/example_branch_datetime_operator.py
[2025-04-03T15:22:57.314+0000] {processor.py:925} INFO - DAG(s) 'example_branch_datetime_operator', 'example_branch_datetime_operator_3', 'example_branch_datetime_operator_2' retrieved from /home/hamza/Documents/project/Mlops/myenv/lib/python3.12/site-packages/airflow/example_dags/example_branch_datetime_operator.py
[2025-04-03T15:22:57.348+0000] {logging_mixin.py:190} INFO - [2025-04-03T15:22:57.347+0000] {dag.py:3239} INFO - Sync 3 DAGs
[2025-04-03T15:22:57.383+0000] {logging_mixin.py:190} INFO - [2025-04-03T15:22:57.383+0000] {dag.py:4180} INFO - Setting next_dagrun for example_branch_datetime_operator to 2025-04-02 00:00:00+00:00, run_after=2025-04-03 00:00:00+00:00
[2025-04-03T15:22:57.391+0000] {logging_mixin.py:190} INFO - [2025-04-03T15:22:57.390+0000] {dag.py:4180} INFO - Setting next_dagrun for example_branch_datetime_operator_2 to 2025-04-02 00:00:00+00:00, run_after=2025-04-03 00:00:00+00:00
[2025-04-03T15:22:57.394+0000] {logging_mixin.py:190} INFO - [2025-04-03T15:22:57.394+0000] {dag.py:4180} INFO - Setting next_dagrun for example_branch_datetime_operator_3 to 2025-04-02 00:00:00+00:00, run_after=2025-04-03 00:00:00+00:00
[2025-04-03T15:22:57.423+0000] {processor.py:208} INFO - Processing /home/hamza/Documents/project/Mlops/myenv/lib/python3.12/site-packages/airflow/example_dags/example_branch_datetime_operator.py took 0.149 seconds
[2025-04-03T15:24:33.603+0000] {processor.py:186} INFO - Started process (PID=45719) to work on /home/hamza/Documents/project/Mlops/myenv/lib/python3.12/site-packages/airflow/example_dags/example_branch_datetime_operator.py
[2025-04-03T15:24:33.606+0000] {processor.py:914} INFO - Processing file /home/hamza/Documents/project/Mlops/myenv/lib/python3.12/site-packages/airflow/example_dags/example_branch_datetime_operator.py for tasks to queue
[2025-04-03T15:24:33.610+0000] {logging_mixin.py:190} INFO - [2025-04-03T15:24:33.610+0000] {dagbag.py:588} INFO - Filling up the DagBag from /home/hamza/Documents/project/Mlops/myenv/lib/python3.12/site-packages/airflow/example_dags/example_branch_datetime_operator.py
[2025-04-03T15:24:33.637+0000] {processor.py:925} INFO - DAG(s) 'example_branch_datetime_operator_3', 'example_branch_datetime_operator', 'example_branch_datetime_operator_2' retrieved from /home/hamza/Documents/project/Mlops/myenv/lib/python3.12/site-packages/airflow/example_dags/example_branch_datetime_operator.py
[2025-04-03T15:24:33.675+0000] {logging_mixin.py:190} INFO - [2025-04-03T15:24:33.674+0000] {dag.py:3239} INFO - Sync 3 DAGs
[2025-04-03T15:24:33.718+0000] {logging_mixin.py:190} INFO - [2025-04-03T15:24:33.718+0000] {dag.py:4180} INFO - Setting next_dagrun for example_branch_datetime_operator to 2025-04-02 00:00:00+00:00, run_after=2025-04-03 00:00:00+00:00
[2025-04-03T15:24:33.726+0000] {logging_mixin.py:190} INFO - [2025-04-03T15:24:33.726+0000] {dag.py:4180} INFO - Setting next_dagrun for example_branch_datetime_operator_2 to 2025-04-02 00:00:00+00:00, run_after=2025-04-03 00:00:00+00:00
[2025-04-03T15:24:33.729+0000] {logging_mixin.py:190} INFO - [2025-04-03T15:24:33.729+0000] {dag.py:4180} INFO - Setting next_dagrun for example_branch_datetime_operator_3 to 2025-04-02 00:00:00+00:00, run_after=2025-04-03 00:00:00+00:00
[2025-04-03T15:24:33.760+0000] {processor.py:208} INFO - Processing /home/hamza/Documents/project/Mlops/myenv/lib/python3.12/site-packages/airflow/example_dags/example_branch_datetime_operator.py took 0.166 seconds
[2025-04-03T15:26:03.573+0000] {processor.py:186} INFO - Started process (PID=46594) to work on /home/hamza/Documents/project/Mlops/myenv/lib/python3.12/site-packages/airflow/example_dags/example_branch_datetime_operator.py
[2025-04-03T15:26:03.574+0000] {processor.py:914} INFO - Processing file /home/hamza/Documents/project/Mlops/myenv/lib/python3.12/site-packages/airflow/example_dags/example_branch_datetime_operator.py for tasks to queue
[2025-04-03T15:26:03.577+0000] {logging_mixin.py:190} INFO - [2025-04-03T15:26:03.576+0000] {dagbag.py:588} INFO - Filling up the DagBag from /home/hamza/Documents/project/Mlops/myenv/lib/python3.12/site-packages/airflow/example_dags/example_branch_datetime_operator.py
[2025-04-03T15:26:03.596+0000] {processor.py:925} INFO - DAG(s) 'example_branch_datetime_operator_3', 'example_branch_datetime_operator_2', 'example_branch_datetime_operator' retrieved from /home/hamza/Documents/project/Mlops/myenv/lib/python3.12/site-packages/airflow/example_dags/example_branch_datetime_operator.py
[2025-04-03T15:26:03.632+0000] {logging_mixin.py:190} INFO - [2025-04-03T15:26:03.632+0000] {dag.py:3239} INFO - Sync 3 DAGs
[2025-04-03T15:26:03.666+0000] {logging_mixin.py:190} INFO - [2025-04-03T15:26:03.665+0000] {dag.py:4180} INFO - Setting next_dagrun for example_branch_datetime_operator to 2025-04-02 00:00:00+00:00, run_after=2025-04-03 00:00:00+00:00
[2025-04-03T15:26:03.673+0000] {logging_mixin.py:190} INFO - [2025-04-03T15:26:03.672+0000] {dag.py:4180} INFO - Setting next_dagrun for example_branch_datetime_operator_2 to 2025-04-02 00:00:00+00:00, run_after=2025-04-03 00:00:00+00:00
[2025-04-03T15:26:03.676+0000] {logging_mixin.py:190} INFO - [2025-04-03T15:26:03.676+0000] {dag.py:4180} INFO - Setting next_dagrun for example_branch_datetime_operator_3 to 2025-04-02 00:00:00+00:00, run_after=2025-04-03 00:00:00+00:00
[2025-04-03T15:26:03.703+0000] {processor.py:208} INFO - Processing /home/hamza/Documents/project/Mlops/myenv/lib/python3.12/site-packages/airflow/example_dags/example_branch_datetime_operator.py took 0.138 seconds
[2025-04-03T16:32:33.169+0000] {processor.py:186} INFO - Started process (PID=83372) to work on /home/hamza/Documents/project/Mlops/myenv/lib/python3.12/site-packages/airflow/example_dags/example_branch_datetime_operator.py
[2025-04-03T16:32:33.175+0000] {processor.py:914} INFO - Processing file /home/hamza/Documents/project/Mlops/myenv/lib/python3.12/site-packages/airflow/example_dags/example_branch_datetime_operator.py for tasks to queue
[2025-04-03T16:32:33.193+0000] {logging_mixin.py:190} INFO - [2025-04-03T16:32:33.192+0000] {dagbag.py:588} INFO - Filling up the DagBag from /home/hamza/Documents/project/Mlops/myenv/lib/python3.12/site-packages/airflow/example_dags/example_branch_datetime_operator.py
[2025-04-03T16:32:33.275+0000] {processor.py:925} INFO - DAG(s) 'example_branch_datetime_operator', 'example_branch_datetime_operator_2', 'example_branch_datetime_operator_3' retrieved from /home/hamza/Documents/project/Mlops/myenv/lib/python3.12/site-packages/airflow/example_dags/example_branch_datetime_operator.py
[2025-04-03T16:32:33.363+0000] {logging_mixin.py:190} INFO - [2025-04-03T16:32:33.362+0000] {dag.py:3239} INFO - Sync 3 DAGs
[2025-04-03T16:32:33.418+0000] {logging_mixin.py:190} INFO - [2025-04-03T16:32:33.417+0000] {dag.py:4180} INFO - Setting next_dagrun for example_branch_datetime_operator to 2025-04-02 00:00:00+00:00, run_after=2025-04-03 00:00:00+00:00
[2025-04-03T16:32:33.428+0000] {logging_mixin.py:190} INFO - [2025-04-03T16:32:33.428+0000] {dag.py:4180} INFO - Setting next_dagrun for example_branch_datetime_operator_2 to 2025-04-02 00:00:00+00:00, run_after=2025-04-03 00:00:00+00:00
[2025-04-03T16:32:33.434+0000] {logging_mixin.py:190} INFO - [2025-04-03T16:32:33.434+0000] {dag.py:4180} INFO - Setting next_dagrun for example_branch_datetime_operator_3 to 2025-04-02 00:00:00+00:00, run_after=2025-04-03 00:00:00+00:00
[2025-04-03T16:32:33.474+0000] {processor.py:208} INFO - Processing /home/hamza/Documents/project/Mlops/myenv/lib/python3.12/site-packages/airflow/example_dags/example_branch_datetime_operator.py took 0.342 seconds
[2025-04-03T16:34:44.505+0000] {processor.py:186} INFO - Started process (PID=84596) to work on /home/hamza/Documents/project/Mlops/myenv/lib/python3.12/site-packages/airflow/example_dags/example_branch_datetime_operator.py
[2025-04-03T16:34:44.506+0000] {processor.py:914} INFO - Processing file /home/hamza/Documents/project/Mlops/myenv/lib/python3.12/site-packages/airflow/example_dags/example_branch_datetime_operator.py for tasks to queue
[2025-04-03T16:34:44.509+0000] {logging_mixin.py:190} INFO - [2025-04-03T16:34:44.509+0000] {dagbag.py:588} INFO - Filling up the DagBag from /home/hamza/Documents/project/Mlops/myenv/lib/python3.12/site-packages/airflow/example_dags/example_branch_datetime_operator.py
[2025-04-03T16:34:44.536+0000] {processor.py:925} INFO - DAG(s) 'example_branch_datetime_operator', 'example_branch_datetime_operator_2', 'example_branch_datetime_operator_3' retrieved from /home/hamza/Documents/project/Mlops/myenv/lib/python3.12/site-packages/airflow/example_dags/example_branch_datetime_operator.py
[2025-04-03T16:34:44.574+0000] {logging_mixin.py:190} INFO - [2025-04-03T16:34:44.573+0000] {dag.py:3239} INFO - Sync 3 DAGs
[2025-04-03T16:34:44.613+0000] {logging_mixin.py:190} INFO - [2025-04-03T16:34:44.613+0000] {dag.py:4180} INFO - Setting next_dagrun for example_branch_datetime_operator to 2025-04-02 00:00:00+00:00, run_after=2025-04-03 00:00:00+00:00
[2025-04-03T16:34:44.622+0000] {logging_mixin.py:190} INFO - [2025-04-03T16:34:44.622+0000] {dag.py:4180} INFO - Setting next_dagrun for example_branch_datetime_operator_2 to 2025-04-02 00:00:00+00:00, run_after=2025-04-03 00:00:00+00:00
[2025-04-03T16:34:44.627+0000] {logging_mixin.py:190} INFO - [2025-04-03T16:34:44.627+0000] {dag.py:4180} INFO - Setting next_dagrun for example_branch_datetime_operator_3 to 2025-04-02 00:00:00+00:00, run_after=2025-04-03 00:00:00+00:00
[2025-04-03T16:34:44.660+0000] {processor.py:208} INFO - Processing /home/hamza/Documents/project/Mlops/myenv/lib/python3.12/site-packages/airflow/example_dags/example_branch_datetime_operator.py took 0.165 seconds
[2025-04-03T16:36:33.240+0000] {processor.py:186} INFO - Started process (PID=85528) to work on /home/hamza/Documents/project/Mlops/myenv/lib/python3.12/site-packages/airflow/example_dags/example_branch_datetime_operator.py
[2025-04-03T16:36:33.242+0000] {processor.py:914} INFO - Processing file /home/hamza/Documents/project/Mlops/myenv/lib/python3.12/site-packages/airflow/example_dags/example_branch_datetime_operator.py for tasks to queue
[2025-04-03T16:36:33.246+0000] {logging_mixin.py:190} INFO - [2025-04-03T16:36:33.245+0000] {dagbag.py:588} INFO - Filling up the DagBag from /home/hamza/Documents/project/Mlops/myenv/lib/python3.12/site-packages/airflow/example_dags/example_branch_datetime_operator.py
[2025-04-03T16:36:33.270+0000] {processor.py:925} INFO - DAG(s) 'example_branch_datetime_operator_2', 'example_branch_datetime_operator_3', 'example_branch_datetime_operator' retrieved from /home/hamza/Documents/project/Mlops/myenv/lib/python3.12/site-packages/airflow/example_dags/example_branch_datetime_operator.py
[2025-04-03T16:36:33.310+0000] {logging_mixin.py:190} INFO - [2025-04-03T16:36:33.309+0000] {dag.py:3239} INFO - Sync 3 DAGs
[2025-04-03T16:36:33.351+0000] {logging_mixin.py:190} INFO - [2025-04-03T16:36:33.350+0000] {dag.py:4180} INFO - Setting next_dagrun for example_branch_datetime_operator to 2025-04-02 00:00:00+00:00, run_after=2025-04-03 00:00:00+00:00
[2025-04-03T16:36:33.360+0000] {logging_mixin.py:190} INFO - [2025-04-03T16:36:33.359+0000] {dag.py:4180} INFO - Setting next_dagrun for example_branch_datetime_operator_2 to 2025-04-02 00:00:00+00:00, run_after=2025-04-03 00:00:00+00:00
[2025-04-03T16:36:33.363+0000] {logging_mixin.py:190} INFO - [2025-04-03T16:36:33.363+0000] {dag.py:4180} INFO - Setting next_dagrun for example_branch_datetime_operator_3 to 2025-04-02 00:00:00+00:00, run_after=2025-04-03 00:00:00+00:00
[2025-04-03T16:36:33.397+0000] {processor.py:208} INFO - Processing /home/hamza/Documents/project/Mlops/myenv/lib/python3.12/site-packages/airflow/example_dags/example_branch_datetime_operator.py took 0.168 seconds
[2025-04-03T16:38:01.346+0000] {processor.py:186} INFO - Started process (PID=86299) to work on /home/hamza/Documents/project/Mlops/myenv/lib/python3.12/site-packages/airflow/example_dags/example_branch_datetime_operator.py
[2025-04-03T16:38:01.347+0000] {processor.py:914} INFO - Processing file /home/hamza/Documents/project/Mlops/myenv/lib/python3.12/site-packages/airflow/example_dags/example_branch_datetime_operator.py for tasks to queue
[2025-04-03T16:38:01.351+0000] {logging_mixin.py:190} INFO - [2025-04-03T16:38:01.350+0000] {dagbag.py:588} INFO - Filling up the DagBag from /home/hamza/Documents/project/Mlops/myenv/lib/python3.12/site-packages/airflow/example_dags/example_branch_datetime_operator.py
[2025-04-03T16:38:01.378+0000] {processor.py:925} INFO - DAG(s) 'example_branch_datetime_operator_3', 'example_branch_datetime_operator_2', 'example_branch_datetime_operator' retrieved from /home/hamza/Documents/project/Mlops/myenv/lib/python3.12/site-packages/airflow/example_dags/example_branch_datetime_operator.py
[2025-04-03T16:38:01.418+0000] {logging_mixin.py:190} INFO - [2025-04-03T16:38:01.417+0000] {dag.py:3239} INFO - Sync 3 DAGs
[2025-04-03T16:38:01.460+0000] {logging_mixin.py:190} INFO - [2025-04-03T16:38:01.459+0000] {dag.py:4180} INFO - Setting next_dagrun for example_branch_datetime_operator to 2025-04-02 00:00:00+00:00, run_after=2025-04-03 00:00:00+00:00
[2025-04-03T16:38:01.468+0000] {logging_mixin.py:190} INFO - [2025-04-03T16:38:01.468+0000] {dag.py:4180} INFO - Setting next_dagrun for example_branch_datetime_operator_2 to 2025-04-02 00:00:00+00:00, run_after=2025-04-03 00:00:00+00:00
[2025-04-03T16:38:01.472+0000] {logging_mixin.py:190} INFO - [2025-04-03T16:38:01.472+0000] {dag.py:4180} INFO - Setting next_dagrun for example_branch_datetime_operator_3 to 2025-04-02 00:00:00+00:00, run_after=2025-04-03 00:00:00+00:00
[2025-04-03T16:38:01.506+0000] {processor.py:208} INFO - Processing /home/hamza/Documents/project/Mlops/myenv/lib/python3.12/site-packages/airflow/example_dags/example_branch_datetime_operator.py took 0.170 seconds
[2025-04-03T16:39:34.039+0000] {processor.py:186} INFO - Started process (PID=87543) to work on /home/hamza/Documents/project/Mlops/myenv/lib/python3.12/site-packages/airflow/example_dags/example_branch_datetime_operator.py
[2025-04-03T16:39:34.040+0000] {processor.py:914} INFO - Processing file /home/hamza/Documents/project/Mlops/myenv/lib/python3.12/site-packages/airflow/example_dags/example_branch_datetime_operator.py for tasks to queue
[2025-04-03T16:39:34.044+0000] {logging_mixin.py:190} INFO - [2025-04-03T16:39:34.043+0000] {dagbag.py:588} INFO - Filling up the DagBag from /home/hamza/Documents/project/Mlops/myenv/lib/python3.12/site-packages/airflow/example_dags/example_branch_datetime_operator.py
[2025-04-03T16:39:34.072+0000] {processor.py:925} INFO - DAG(s) 'example_branch_datetime_operator_3', 'example_branch_datetime_operator', 'example_branch_datetime_operator_2' retrieved from /home/hamza/Documents/project/Mlops/myenv/lib/python3.12/site-packages/airflow/example_dags/example_branch_datetime_operator.py
[2025-04-03T16:39:34.115+0000] {logging_mixin.py:190} INFO - [2025-04-03T16:39:34.115+0000] {dag.py:3239} INFO - Sync 3 DAGs
[2025-04-03T16:39:34.165+0000] {logging_mixin.py:190} INFO - [2025-04-03T16:39:34.164+0000] {dag.py:4180} INFO - Setting next_dagrun for example_branch_datetime_operator to 2025-04-02 00:00:00+00:00, run_after=2025-04-03 00:00:00+00:00
[2025-04-03T16:39:34.176+0000] {logging_mixin.py:190} INFO - [2025-04-03T16:39:34.176+0000] {dag.py:4180} INFO - Setting next_dagrun for example_branch_datetime_operator_2 to 2025-04-02 00:00:00+00:00, run_after=2025-04-03 00:00:00+00:00
[2025-04-03T16:39:34.180+0000] {logging_mixin.py:190} INFO - [2025-04-03T16:39:34.180+0000] {dag.py:4180} INFO - Setting next_dagrun for example_branch_datetime_operator_3 to 2025-04-02 00:00:00+00:00, run_after=2025-04-03 00:00:00+00:00
[2025-04-03T16:39:34.217+0000] {processor.py:208} INFO - Processing /home/hamza/Documents/project/Mlops/myenv/lib/python3.12/site-packages/airflow/example_dags/example_branch_datetime_operator.py took 0.188 seconds
[2025-04-03T16:41:08.533+0000] {processor.py:186} INFO - Started process (PID=88392) to work on /home/hamza/Documents/project/Mlops/myenv/lib/python3.12/site-packages/airflow/example_dags/example_branch_datetime_operator.py
[2025-04-03T16:41:08.535+0000] {processor.py:914} INFO - Processing file /home/hamza/Documents/project/Mlops/myenv/lib/python3.12/site-packages/airflow/example_dags/example_branch_datetime_operator.py for tasks to queue
[2025-04-03T16:41:08.539+0000] {logging_mixin.py:190} INFO - [2025-04-03T16:41:08.538+0000] {dagbag.py:588} INFO - Filling up the DagBag from /home/hamza/Documents/project/Mlops/myenv/lib/python3.12/site-packages/airflow/example_dags/example_branch_datetime_operator.py
[2025-04-03T16:41:08.564+0000] {processor.py:925} INFO - DAG(s) 'example_branch_datetime_operator', 'example_branch_datetime_operator_3', 'example_branch_datetime_operator_2' retrieved from /home/hamza/Documents/project/Mlops/myenv/lib/python3.12/site-packages/airflow/example_dags/example_branch_datetime_operator.py
[2025-04-03T16:41:08.602+0000] {logging_mixin.py:190} INFO - [2025-04-03T16:41:08.602+0000] {dag.py:3239} INFO - Sync 3 DAGs
[2025-04-03T16:41:08.640+0000] {logging_mixin.py:190} INFO - [2025-04-03T16:41:08.640+0000] {dag.py:4180} INFO - Setting next_dagrun for example_branch_datetime_operator to 2025-04-02 00:00:00+00:00, run_after=2025-04-03 00:00:00+00:00
[2025-04-03T16:41:08.650+0000] {logging_mixin.py:190} INFO - [2025-04-03T16:41:08.650+0000] {dag.py:4180} INFO - Setting next_dagrun for example_branch_datetime_operator_2 to 2025-04-02 00:00:00+00:00, run_after=2025-04-03 00:00:00+00:00
[2025-04-03T16:41:08.654+0000] {logging_mixin.py:190} INFO - [2025-04-03T16:41:08.654+0000] {dag.py:4180} INFO - Setting next_dagrun for example_branch_datetime_operator_3 to 2025-04-02 00:00:00+00:00, run_after=2025-04-03 00:00:00+00:00
[2025-04-03T16:41:08.687+0000] {processor.py:208} INFO - Processing /home/hamza/Documents/project/Mlops/myenv/lib/python3.12/site-packages/airflow/example_dags/example_branch_datetime_operator.py took 0.164 seconds
[2025-04-03T16:42:44.594+0000] {processor.py:186} INFO - Started process (PID=89255) to work on /home/hamza/Documents/project/Mlops/myenv/lib/python3.12/site-packages/airflow/example_dags/example_branch_datetime_operator.py
[2025-04-03T16:42:44.595+0000] {processor.py:914} INFO - Processing file /home/hamza/Documents/project/Mlops/myenv/lib/python3.12/site-packages/airflow/example_dags/example_branch_datetime_operator.py for tasks to queue
[2025-04-03T16:42:44.599+0000] {logging_mixin.py:190} INFO - [2025-04-03T16:42:44.598+0000] {dagbag.py:588} INFO - Filling up the DagBag from /home/hamza/Documents/project/Mlops/myenv/lib/python3.12/site-packages/airflow/example_dags/example_branch_datetime_operator.py
[2025-04-03T16:42:44.623+0000] {processor.py:925} INFO - DAG(s) 'example_branch_datetime_operator_3', 'example_branch_datetime_operator_2', 'example_branch_datetime_operator' retrieved from /home/hamza/Documents/project/Mlops/myenv/lib/python3.12/site-packages/airflow/example_dags/example_branch_datetime_operator.py
[2025-04-03T16:42:44.660+0000] {logging_mixin.py:190} INFO - [2025-04-03T16:42:44.659+0000] {dag.py:3239} INFO - Sync 3 DAGs
[2025-04-03T16:42:44.698+0000] {logging_mixin.py:190} INFO - [2025-04-03T16:42:44.698+0000] {dag.py:4180} INFO - Setting next_dagrun for example_branch_datetime_operator to 2025-04-02 00:00:00+00:00, run_after=2025-04-03 00:00:00+00:00
[2025-04-03T16:42:44.706+0000] {logging_mixin.py:190} INFO - [2025-04-03T16:42:44.706+0000] {dag.py:4180} INFO - Setting next_dagrun for example_branch_datetime_operator_2 to 2025-04-02 00:00:00+00:00, run_after=2025-04-03 00:00:00+00:00
[2025-04-03T16:42:44.711+0000] {logging_mixin.py:190} INFO - [2025-04-03T16:42:44.711+0000] {dag.py:4180} INFO - Setting next_dagrun for example_branch_datetime_operator_3 to 2025-04-02 00:00:00+00:00, run_after=2025-04-03 00:00:00+00:00
[2025-04-03T16:42:44.746+0000] {processor.py:208} INFO - Processing /home/hamza/Documents/project/Mlops/myenv/lib/python3.12/site-packages/airflow/example_dags/example_branch_datetime_operator.py took 0.161 seconds
[2025-04-03T16:44:19.905+0000] {processor.py:186} INFO - Started process (PID=89964) to work on /home/hamza/Documents/project/Mlops/myenv/lib/python3.12/site-packages/airflow/example_dags/example_branch_datetime_operator.py
[2025-04-03T16:44:19.908+0000] {processor.py:914} INFO - Processing file /home/hamza/Documents/project/Mlops/myenv/lib/python3.12/site-packages/airflow/example_dags/example_branch_datetime_operator.py for tasks to queue
[2025-04-03T16:44:19.912+0000] {logging_mixin.py:190} INFO - [2025-04-03T16:44:19.911+0000] {dagbag.py:588} INFO - Filling up the DagBag from /home/hamza/Documents/project/Mlops/myenv/lib/python3.12/site-packages/airflow/example_dags/example_branch_datetime_operator.py
[2025-04-03T16:44:19.934+0000] {processor.py:925} INFO - DAG(s) 'example_branch_datetime_operator_2', 'example_branch_datetime_operator', 'example_branch_datetime_operator_3' retrieved from /home/hamza/Documents/project/Mlops/myenv/lib/python3.12/site-packages/airflow/example_dags/example_branch_datetime_operator.py
[2025-04-03T16:44:19.972+0000] {logging_mixin.py:190} INFO - [2025-04-03T16:44:19.971+0000] {dag.py:3239} INFO - Sync 3 DAGs
[2025-04-03T16:44:20.009+0000] {logging_mixin.py:190} INFO - [2025-04-03T16:44:20.008+0000] {dag.py:4180} INFO - Setting next_dagrun for example_branch_datetime_operator to 2025-04-02 00:00:00+00:00, run_after=2025-04-03 00:00:00+00:00
[2025-04-03T16:44:20.017+0000] {logging_mixin.py:190} INFO - [2025-04-03T16:44:20.016+0000] {dag.py:4180} INFO - Setting next_dagrun for example_branch_datetime_operator_2 to 2025-04-02 00:00:00+00:00, run_after=2025-04-03 00:00:00+00:00
[2025-04-03T16:44:20.020+0000] {logging_mixin.py:190} INFO - [2025-04-03T16:44:20.020+0000] {dag.py:4180} INFO - Setting next_dagrun for example_branch_datetime_operator_3 to 2025-04-02 00:00:00+00:00, run_after=2025-04-03 00:00:00+00:00
[2025-04-03T16:44:20.059+0000] {processor.py:208} INFO - Processing /home/hamza/Documents/project/Mlops/myenv/lib/python3.12/site-packages/airflow/example_dags/example_branch_datetime_operator.py took 0.163 seconds
[2025-04-03T16:45:55.224+0000] {processor.py:186} INFO - Started process (PID=90782) to work on /home/hamza/Documents/project/Mlops/myenv/lib/python3.12/site-packages/airflow/example_dags/example_branch_datetime_operator.py
[2025-04-03T16:45:55.226+0000] {processor.py:914} INFO - Processing file /home/hamza/Documents/project/Mlops/myenv/lib/python3.12/site-packages/airflow/example_dags/example_branch_datetime_operator.py for tasks to queue
[2025-04-03T16:45:55.229+0000] {logging_mixin.py:190} INFO - [2025-04-03T16:45:55.229+0000] {dagbag.py:588} INFO - Filling up the DagBag from /home/hamza/Documents/project/Mlops/myenv/lib/python3.12/site-packages/airflow/example_dags/example_branch_datetime_operator.py
[2025-04-03T16:45:55.252+0000] {processor.py:925} INFO - DAG(s) 'example_branch_datetime_operator_2', 'example_branch_datetime_operator_3', 'example_branch_datetime_operator' retrieved from /home/hamza/Documents/project/Mlops/myenv/lib/python3.12/site-packages/airflow/example_dags/example_branch_datetime_operator.py
[2025-04-03T16:45:55.289+0000] {logging_mixin.py:190} INFO - [2025-04-03T16:45:55.288+0000] {dag.py:3239} INFO - Sync 3 DAGs
[2025-04-03T16:45:55.327+0000] {logging_mixin.py:190} INFO - [2025-04-03T16:45:55.326+0000] {dag.py:4180} INFO - Setting next_dagrun for example_branch_datetime_operator to 2025-04-02 00:00:00+00:00, run_after=2025-04-03 00:00:00+00:00
[2025-04-03T16:45:55.334+0000] {logging_mixin.py:190} INFO - [2025-04-03T16:45:55.334+0000] {dag.py:4180} INFO - Setting next_dagrun for example_branch_datetime_operator_2 to 2025-04-02 00:00:00+00:00, run_after=2025-04-03 00:00:00+00:00
[2025-04-03T16:45:55.339+0000] {logging_mixin.py:190} INFO - [2025-04-03T16:45:55.338+0000] {dag.py:4180} INFO - Setting next_dagrun for example_branch_datetime_operator_3 to 2025-04-02 00:00:00+00:00, run_after=2025-04-03 00:00:00+00:00
[2025-04-03T16:45:55.375+0000] {processor.py:208} INFO - Processing /home/hamza/Documents/project/Mlops/myenv/lib/python3.12/site-packages/airflow/example_dags/example_branch_datetime_operator.py took 0.160 seconds
[2025-04-03T16:47:29.653+0000] {processor.py:186} INFO - Started process (PID=91639) to work on /home/hamza/Documents/project/Mlops/myenv/lib/python3.12/site-packages/airflow/example_dags/example_branch_datetime_operator.py
[2025-04-03T16:47:29.655+0000] {processor.py:914} INFO - Processing file /home/hamza/Documents/project/Mlops/myenv/lib/python3.12/site-packages/airflow/example_dags/example_branch_datetime_operator.py for tasks to queue
[2025-04-03T16:47:29.659+0000] {logging_mixin.py:190} INFO - [2025-04-03T16:47:29.658+0000] {dagbag.py:588} INFO - Filling up the DagBag from /home/hamza/Documents/project/Mlops/myenv/lib/python3.12/site-packages/airflow/example_dags/example_branch_datetime_operator.py
[2025-04-03T16:47:29.682+0000] {processor.py:925} INFO - DAG(s) 'example_branch_datetime_operator_2', 'example_branch_datetime_operator', 'example_branch_datetime_operator_3' retrieved from /home/hamza/Documents/project/Mlops/myenv/lib/python3.12/site-packages/airflow/example_dags/example_branch_datetime_operator.py
[2025-04-03T16:47:29.718+0000] {logging_mixin.py:190} INFO - [2025-04-03T16:47:29.718+0000] {dag.py:3239} INFO - Sync 3 DAGs
[2025-04-03T16:47:29.763+0000] {logging_mixin.py:190} INFO - [2025-04-03T16:47:29.762+0000] {dag.py:4180} INFO - Setting next_dagrun for example_branch_datetime_operator to 2025-04-02 00:00:00+00:00, run_after=2025-04-03 00:00:00+00:00
[2025-04-03T16:47:29.770+0000] {logging_mixin.py:190} INFO - [2025-04-03T16:47:29.770+0000] {dag.py:4180} INFO - Setting next_dagrun for example_branch_datetime_operator_2 to 2025-04-02 00:00:00+00:00, run_after=2025-04-03 00:00:00+00:00
[2025-04-03T16:47:29.774+0000] {logging_mixin.py:190} INFO - [2025-04-03T16:47:29.774+0000] {dag.py:4180} INFO - Setting next_dagrun for example_branch_datetime_operator_3 to 2025-04-02 00:00:00+00:00, run_after=2025-04-03 00:00:00+00:00
[2025-04-03T16:47:29.805+0000] {processor.py:208} INFO - Processing /home/hamza/Documents/project/Mlops/myenv/lib/python3.12/site-packages/airflow/example_dags/example_branch_datetime_operator.py took 0.161 seconds
[2025-04-03T16:49:11.113+0000] {processor.py:186} INFO - Started process (PID=92495) to work on /home/hamza/Documents/project/Mlops/myenv/lib/python3.12/site-packages/airflow/example_dags/example_branch_datetime_operator.py
[2025-04-03T16:49:11.115+0000] {processor.py:914} INFO - Processing file /home/hamza/Documents/project/Mlops/myenv/lib/python3.12/site-packages/airflow/example_dags/example_branch_datetime_operator.py for tasks to queue
[2025-04-03T16:49:11.119+0000] {logging_mixin.py:190} INFO - [2025-04-03T16:49:11.118+0000] {dagbag.py:588} INFO - Filling up the DagBag from /home/hamza/Documents/project/Mlops/myenv/lib/python3.12/site-packages/airflow/example_dags/example_branch_datetime_operator.py
[2025-04-03T16:49:11.150+0000] {processor.py:925} INFO - DAG(s) 'example_branch_datetime_operator', 'example_branch_datetime_operator_3', 'example_branch_datetime_operator_2' retrieved from /home/hamza/Documents/project/Mlops/myenv/lib/python3.12/site-packages/airflow/example_dags/example_branch_datetime_operator.py
[2025-04-03T16:49:11.188+0000] {logging_mixin.py:190} INFO - [2025-04-03T16:49:11.188+0000] {dag.py:3239} INFO - Sync 3 DAGs
[2025-04-03T16:49:11.227+0000] {logging_mixin.py:190} INFO - [2025-04-03T16:49:11.226+0000] {dag.py:4180} INFO - Setting next_dagrun for example_branch_datetime_operator to 2025-04-02 00:00:00+00:00, run_after=2025-04-03 00:00:00+00:00
[2025-04-03T16:49:11.235+0000] {logging_mixin.py:190} INFO - [2025-04-03T16:49:11.235+0000] {dag.py:4180} INFO - Setting next_dagrun for example_branch_datetime_operator_2 to 2025-04-02 00:00:00+00:00, run_after=2025-04-03 00:00:00+00:00
[2025-04-03T16:49:11.239+0000] {logging_mixin.py:190} INFO - [2025-04-03T16:49:11.238+0000] {dag.py:4180} INFO - Setting next_dagrun for example_branch_datetime_operator_3 to 2025-04-02 00:00:00+00:00, run_after=2025-04-03 00:00:00+00:00
[2025-04-03T16:49:11.271+0000] {processor.py:208} INFO - Processing /home/hamza/Documents/project/Mlops/myenv/lib/python3.12/site-packages/airflow/example_dags/example_branch_datetime_operator.py took 0.167 seconds
[2025-04-03T16:50:47.942+0000] {processor.py:186} INFO - Started process (PID=93329) to work on /home/hamza/Documents/project/Mlops/myenv/lib/python3.12/site-packages/airflow/example_dags/example_branch_datetime_operator.py
[2025-04-03T16:50:47.944+0000] {processor.py:914} INFO - Processing file /home/hamza/Documents/project/Mlops/myenv/lib/python3.12/site-packages/airflow/example_dags/example_branch_datetime_operator.py for tasks to queue
[2025-04-03T16:50:47.948+0000] {logging_mixin.py:190} INFO - [2025-04-03T16:50:47.947+0000] {dagbag.py:588} INFO - Filling up the DagBag from /home/hamza/Documents/project/Mlops/myenv/lib/python3.12/site-packages/airflow/example_dags/example_branch_datetime_operator.py
[2025-04-03T16:50:47.976+0000] {processor.py:925} INFO - DAG(s) 'example_branch_datetime_operator', 'example_branch_datetime_operator_2', 'example_branch_datetime_operator_3' retrieved from /home/hamza/Documents/project/Mlops/myenv/lib/python3.12/site-packages/airflow/example_dags/example_branch_datetime_operator.py
[2025-04-03T16:50:48.019+0000] {logging_mixin.py:190} INFO - [2025-04-03T16:50:48.018+0000] {dag.py:3239} INFO - Sync 3 DAGs
[2025-04-03T16:50:48.059+0000] {logging_mixin.py:190} INFO - [2025-04-03T16:50:48.058+0000] {dag.py:4180} INFO - Setting next_dagrun for example_branch_datetime_operator to 2025-04-02 00:00:00+00:00, run_after=2025-04-03 00:00:00+00:00
[2025-04-03T16:50:48.068+0000] {logging_mixin.py:190} INFO - [2025-04-03T16:50:48.068+0000] {dag.py:4180} INFO - Setting next_dagrun for example_branch_datetime_operator_2 to 2025-04-02 00:00:00+00:00, run_after=2025-04-03 00:00:00+00:00
[2025-04-03T16:50:48.072+0000] {logging_mixin.py:190} INFO - [2025-04-03T16:50:48.072+0000] {dag.py:4180} INFO - Setting next_dagrun for example_branch_datetime_operator_3 to 2025-04-02 00:00:00+00:00, run_after=2025-04-03 00:00:00+00:00
[2025-04-03T16:50:48.106+0000] {processor.py:208} INFO - Processing /home/hamza/Documents/project/Mlops/myenv/lib/python3.12/site-packages/airflow/example_dags/example_branch_datetime_operator.py took 0.173 seconds
[2025-04-03T16:52:29.237+0000] {processor.py:186} INFO - Started process (PID=94162) to work on /home/hamza/Documents/project/Mlops/myenv/lib/python3.12/site-packages/airflow/example_dags/example_branch_datetime_operator.py
[2025-04-03T16:52:29.238+0000] {processor.py:914} INFO - Processing file /home/hamza/Documents/project/Mlops/myenv/lib/python3.12/site-packages/airflow/example_dags/example_branch_datetime_operator.py for tasks to queue
[2025-04-03T16:52:29.243+0000] {logging_mixin.py:190} INFO - [2025-04-03T16:52:29.242+0000] {dagbag.py:588} INFO - Filling up the DagBag from /home/hamza/Documents/project/Mlops/myenv/lib/python3.12/site-packages/airflow/example_dags/example_branch_datetime_operator.py
[2025-04-03T16:52:29.267+0000] {processor.py:925} INFO - DAG(s) 'example_branch_datetime_operator', 'example_branch_datetime_operator_2', 'example_branch_datetime_operator_3' retrieved from /home/hamza/Documents/project/Mlops/myenv/lib/python3.12/site-packages/airflow/example_dags/example_branch_datetime_operator.py
[2025-04-03T16:52:29.307+0000] {logging_mixin.py:190} INFO - [2025-04-03T16:52:29.307+0000] {dag.py:3239} INFO - Sync 3 DAGs
[2025-04-03T16:52:29.348+0000] {logging_mixin.py:190} INFO - [2025-04-03T16:52:29.347+0000] {dag.py:4180} INFO - Setting next_dagrun for example_branch_datetime_operator to 2025-04-02 00:00:00+00:00, run_after=2025-04-03 00:00:00+00:00
[2025-04-03T16:52:29.358+0000] {logging_mixin.py:190} INFO - [2025-04-03T16:52:29.357+0000] {dag.py:4180} INFO - Setting next_dagrun for example_branch_datetime_operator_2 to 2025-04-02 00:00:00+00:00, run_after=2025-04-03 00:00:00+00:00
[2025-04-03T16:52:29.362+0000] {logging_mixin.py:190} INFO - [2025-04-03T16:52:29.361+0000] {dag.py:4180} INFO - Setting next_dagrun for example_branch_datetime_operator_3 to 2025-04-02 00:00:00+00:00, run_after=2025-04-03 00:00:00+00:00
[2025-04-03T16:52:29.395+0000] {processor.py:208} INFO - Processing /home/hamza/Documents/project/Mlops/myenv/lib/python3.12/site-packages/airflow/example_dags/example_branch_datetime_operator.py took 0.168 seconds
[2025-04-03T16:54:05.352+0000] {processor.py:186} INFO - Started process (PID=95015) to work on /home/hamza/Documents/project/Mlops/myenv/lib/python3.12/site-packages/airflow/example_dags/example_branch_datetime_operator.py
[2025-04-03T16:54:05.354+0000] {processor.py:914} INFO - Processing file /home/hamza/Documents/project/Mlops/myenv/lib/python3.12/site-packages/airflow/example_dags/example_branch_datetime_operator.py for tasks to queue
[2025-04-03T16:54:05.359+0000] {logging_mixin.py:190} INFO - [2025-04-03T16:54:05.358+0000] {dagbag.py:588} INFO - Filling up the DagBag from /home/hamza/Documents/project/Mlops/myenv/lib/python3.12/site-packages/airflow/example_dags/example_branch_datetime_operator.py
[2025-04-03T16:54:05.396+0000] {processor.py:925} INFO - DAG(s) 'example_branch_datetime_operator_3', 'example_branch_datetime_operator', 'example_branch_datetime_operator_2' retrieved from /home/hamza/Documents/project/Mlops/myenv/lib/python3.12/site-packages/airflow/example_dags/example_branch_datetime_operator.py
[2025-04-03T16:54:05.442+0000] {logging_mixin.py:190} INFO - [2025-04-03T16:54:05.441+0000] {dag.py:3239} INFO - Sync 3 DAGs
[2025-04-03T16:54:05.492+0000] {logging_mixin.py:190} INFO - [2025-04-03T16:54:05.492+0000] {dag.py:4180} INFO - Setting next_dagrun for example_branch_datetime_operator to 2025-04-02 00:00:00+00:00, run_after=2025-04-03 00:00:00+00:00
[2025-04-03T16:54:05.504+0000] {logging_mixin.py:190} INFO - [2025-04-03T16:54:05.503+0000] {dag.py:4180} INFO - Setting next_dagrun for example_branch_datetime_operator_2 to 2025-04-02 00:00:00+00:00, run_after=2025-04-03 00:00:00+00:00
[2025-04-03T16:54:05.510+0000] {logging_mixin.py:190} INFO - [2025-04-03T16:54:05.510+0000] {dag.py:4180} INFO - Setting next_dagrun for example_branch_datetime_operator_3 to 2025-04-02 00:00:00+00:00, run_after=2025-04-03 00:00:00+00:00
[2025-04-03T16:54:05.552+0000] {processor.py:208} INFO - Processing /home/hamza/Documents/project/Mlops/myenv/lib/python3.12/site-packages/airflow/example_dags/example_branch_datetime_operator.py took 0.212 seconds
[2025-04-03T16:55:50.361+0000] {processor.py:186} INFO - Started process (PID=96065) to work on /home/hamza/Documents/project/Mlops/myenv/lib/python3.12/site-packages/airflow/example_dags/example_branch_datetime_operator.py
[2025-04-03T16:55:50.363+0000] {processor.py:914} INFO - Processing file /home/hamza/Documents/project/Mlops/myenv/lib/python3.12/site-packages/airflow/example_dags/example_branch_datetime_operator.py for tasks to queue
[2025-04-03T16:55:50.367+0000] {logging_mixin.py:190} INFO - [2025-04-03T16:55:50.367+0000] {dagbag.py:588} INFO - Filling up the DagBag from /home/hamza/Documents/project/Mlops/myenv/lib/python3.12/site-packages/airflow/example_dags/example_branch_datetime_operator.py
[2025-04-03T16:55:50.391+0000] {processor.py:925} INFO - DAG(s) 'example_branch_datetime_operator_2', 'example_branch_datetime_operator_3', 'example_branch_datetime_operator' retrieved from /home/hamza/Documents/project/Mlops/myenv/lib/python3.12/site-packages/airflow/example_dags/example_branch_datetime_operator.py
[2025-04-03T16:55:50.427+0000] {logging_mixin.py:190} INFO - [2025-04-03T16:55:50.426+0000] {dag.py:3239} INFO - Sync 3 DAGs
[2025-04-03T16:55:50.463+0000] {logging_mixin.py:190} INFO - [2025-04-03T16:55:50.463+0000] {dag.py:4180} INFO - Setting next_dagrun for example_branch_datetime_operator to 2025-04-02 00:00:00+00:00, run_after=2025-04-03 00:00:00+00:00
[2025-04-03T16:55:50.471+0000] {logging_mixin.py:190} INFO - [2025-04-03T16:55:50.471+0000] {dag.py:4180} INFO - Setting next_dagrun for example_branch_datetime_operator_2 to 2025-04-02 00:00:00+00:00, run_after=2025-04-03 00:00:00+00:00
[2025-04-03T16:55:50.475+0000] {logging_mixin.py:190} INFO - [2025-04-03T16:55:50.475+0000] {dag.py:4180} INFO - Setting next_dagrun for example_branch_datetime_operator_3 to 2025-04-02 00:00:00+00:00, run_after=2025-04-03 00:00:00+00:00
[2025-04-03T16:55:50.506+0000] {processor.py:208} INFO - Processing /home/hamza/Documents/project/Mlops/myenv/lib/python3.12/site-packages/airflow/example_dags/example_branch_datetime_operator.py took 0.154 seconds
