[2025-04-03T13:43:58.612+0000] {processor.py:186} INFO - Started process (PID=98627) to work on /home/hamza/Documents/project/Mlops/myenv/lib/python3.12/site-packages/airflow/example_dags/example_dynamic_task_mapping.py
[2025-04-03T13:43:58.614+0000] {processor.py:914} INFO - Processing file /home/hamza/Documents/project/Mlops/myenv/lib/python3.12/site-packages/airflow/example_dags/example_dynamic_task_mapping.py for tasks to queue
[2025-04-03T13:43:58.618+0000] {logging_mixin.py:190} INFO - [2025-04-03T13:43:58.617+0000] {dagbag.py:588} INFO - Filling up the DagBag from /home/hamza/Documents/project/Mlops/myenv/lib/python3.12/site-packages/airflow/example_dags/example_dynamic_task_mapping.py
[2025-04-03T13:43:58.634+0000] {processor.py:925} INFO - DAG(s) 'example_dynamic_task_mapping' retrieved from /home/hamza/Documents/project/Mlops/myenv/lib/python3.12/site-packages/airflow/example_dags/example_dynamic_task_mapping.py
[2025-04-03T13:43:58.801+0000] {logging_mixin.py:190} INFO - [2025-04-03T13:43:58.799+0000] {override.py:1930} INFO - Created Permission View: can delete on DAG:example_dynamic_task_mapping
[2025-04-03T13:43:58.820+0000] {logging_mixin.py:190} INFO - [2025-04-03T13:43:58.819+0000] {override.py:1930} INFO - Created Permission View: can read on DAG:example_dynamic_task_mapping
[2025-04-03T13:43:58.835+0000] {logging_mixin.py:190} INFO - [2025-04-03T13:43:58.834+0000] {override.py:1930} INFO - Created Permission View: can edit on DAG:example_dynamic_task_mapping
[2025-04-03T13:43:58.859+0000] {logging_mixin.py:190} INFO - [2025-04-03T13:43:58.858+0000] {override.py:1930} INFO - Created Permission View: can delete on DAG Run:example_dynamic_task_mapping
[2025-04-03T13:43:58.877+0000] {logging_mixin.py:190} INFO - [2025-04-03T13:43:58.877+0000] {override.py:1930} INFO - Created Permission View: can read on DAG Run:example_dynamic_task_mapping
[2025-04-03T13:43:58.894+0000] {logging_mixin.py:190} INFO - [2025-04-03T13:43:58.893+0000] {override.py:1930} INFO - Created Permission View: menu access on DAG Run:example_dynamic_task_mapping
[2025-04-03T13:43:58.907+0000] {logging_mixin.py:190} INFO - [2025-04-03T13:43:58.906+0000] {override.py:1930} INFO - Created Permission View: can create on DAG Run:example_dynamic_task_mapping
[2025-04-03T13:43:58.907+0000] {logging_mixin.py:190} INFO - [2025-04-03T13:43:58.907+0000] {dag.py:3239} INFO - Sync 1 DAGs
[2025-04-03T13:43:58.925+0000] {logging_mixin.py:190} INFO - [2025-04-03T13:43:58.925+0000] {dag.py:3262} INFO - Creating ORM DAG for example_dynamic_task_mapping
[2025-04-03T13:43:58.926+0000] {logging_mixin.py:190} INFO - [2025-04-03T13:43:58.926+0000] {dag.py:4180} INFO - Setting next_dagrun for example_dynamic_task_mapping to None, run_after=None
[2025-04-03T13:43:58.958+0000] {processor.py:208} INFO - Processing /home/hamza/Documents/project/Mlops/myenv/lib/python3.12/site-packages/airflow/example_dags/example_dynamic_task_mapping.py took 0.355 seconds
[2025-04-03T13:45:19.069+0000] {processor.py:186} INFO - Started process (PID=99745) to work on /home/hamza/Documents/project/Mlops/myenv/lib/python3.12/site-packages/airflow/example_dags/example_dynamic_task_mapping.py
[2025-04-03T13:45:19.071+0000] {processor.py:914} INFO - Processing file /home/hamza/Documents/project/Mlops/myenv/lib/python3.12/site-packages/airflow/example_dags/example_dynamic_task_mapping.py for tasks to queue
[2025-04-03T13:45:19.075+0000] {logging_mixin.py:190} INFO - [2025-04-03T13:45:19.074+0000] {dagbag.py:588} INFO - Filling up the DagBag from /home/hamza/Documents/project/Mlops/myenv/lib/python3.12/site-packages/airflow/example_dags/example_dynamic_task_mapping.py
[2025-04-03T13:45:19.090+0000] {processor.py:925} INFO - DAG(s) 'example_dynamic_task_mapping' retrieved from /home/hamza/Documents/project/Mlops/myenv/lib/python3.12/site-packages/airflow/example_dags/example_dynamic_task_mapping.py
[2025-04-03T13:45:19.116+0000] {logging_mixin.py:190} INFO - [2025-04-03T13:45:19.115+0000] {dag.py:3239} INFO - Sync 1 DAGs
[2025-04-03T13:45:19.137+0000] {logging_mixin.py:190} INFO - [2025-04-03T13:45:19.137+0000] {dag.py:4180} INFO - Setting next_dagrun for example_dynamic_task_mapping to None, run_after=None
[2025-04-03T13:45:19.175+0000] {processor.py:208} INFO - Processing /home/hamza/Documents/project/Mlops/myenv/lib/python3.12/site-packages/airflow/example_dags/example_dynamic_task_mapping.py took 0.115 seconds
[2025-04-03T13:46:26.561+0000] {processor.py:186} INFO - Started process (PID=100376) to work on /home/hamza/Documents/project/Mlops/myenv/lib/python3.12/site-packages/airflow/example_dags/example_dynamic_task_mapping.py
[2025-04-03T13:46:26.565+0000] {processor.py:914} INFO - Processing file /home/hamza/Documents/project/Mlops/myenv/lib/python3.12/site-packages/airflow/example_dags/example_dynamic_task_mapping.py for tasks to queue
[2025-04-03T13:46:26.569+0000] {logging_mixin.py:190} INFO - [2025-04-03T13:46:26.568+0000] {dagbag.py:588} INFO - Filling up the DagBag from /home/hamza/Documents/project/Mlops/myenv/lib/python3.12/site-packages/airflow/example_dags/example_dynamic_task_mapping.py
[2025-04-03T13:46:26.586+0000] {processor.py:925} INFO - DAG(s) 'example_dynamic_task_mapping' retrieved from /home/hamza/Documents/project/Mlops/myenv/lib/python3.12/site-packages/airflow/example_dags/example_dynamic_task_mapping.py
[2025-04-03T13:46:26.612+0000] {logging_mixin.py:190} INFO - [2025-04-03T13:46:26.612+0000] {dag.py:3239} INFO - Sync 1 DAGs
[2025-04-03T13:46:26.636+0000] {logging_mixin.py:190} INFO - [2025-04-03T13:46:26.635+0000] {dag.py:4180} INFO - Setting next_dagrun for example_dynamic_task_mapping to None, run_after=None
[2025-04-03T13:46:26.672+0000] {processor.py:208} INFO - Processing /home/hamza/Documents/project/Mlops/myenv/lib/python3.12/site-packages/airflow/example_dags/example_dynamic_task_mapping.py took 0.121 seconds
[2025-04-03T13:47:33.590+0000] {processor.py:186} INFO - Started process (PID=101173) to work on /home/hamza/Documents/project/Mlops/myenv/lib/python3.12/site-packages/airflow/example_dags/example_dynamic_task_mapping.py
[2025-04-03T13:47:33.593+0000] {processor.py:914} INFO - Processing file /home/hamza/Documents/project/Mlops/myenv/lib/python3.12/site-packages/airflow/example_dags/example_dynamic_task_mapping.py for tasks to queue
[2025-04-03T13:47:33.596+0000] {logging_mixin.py:190} INFO - [2025-04-03T13:47:33.596+0000] {dagbag.py:588} INFO - Filling up the DagBag from /home/hamza/Documents/project/Mlops/myenv/lib/python3.12/site-packages/airflow/example_dags/example_dynamic_task_mapping.py
[2025-04-03T13:47:33.611+0000] {processor.py:925} INFO - DAG(s) 'example_dynamic_task_mapping' retrieved from /home/hamza/Documents/project/Mlops/myenv/lib/python3.12/site-packages/airflow/example_dags/example_dynamic_task_mapping.py
[2025-04-03T13:47:33.637+0000] {logging_mixin.py:190} INFO - [2025-04-03T13:47:33.637+0000] {dag.py:3239} INFO - Sync 1 DAGs
[2025-04-03T13:47:33.662+0000] {logging_mixin.py:190} INFO - [2025-04-03T13:47:33.662+0000] {dag.py:4180} INFO - Setting next_dagrun for example_dynamic_task_mapping to None, run_after=None
[2025-04-03T13:47:33.699+0000] {processor.py:208} INFO - Processing /home/hamza/Documents/project/Mlops/myenv/lib/python3.12/site-packages/airflow/example_dags/example_dynamic_task_mapping.py took 0.117 seconds
[2025-04-03T13:50:07.452+0000] {processor.py:186} INFO - Started process (PID=103182) to work on /home/hamza/Documents/project/Mlops/myenv/lib/python3.12/site-packages/airflow/example_dags/example_dynamic_task_mapping.py
[2025-04-03T13:50:07.454+0000] {processor.py:914} INFO - Processing file /home/hamza/Documents/project/Mlops/myenv/lib/python3.12/site-packages/airflow/example_dags/example_dynamic_task_mapping.py for tasks to queue
[2025-04-03T13:50:07.458+0000] {logging_mixin.py:190} INFO - [2025-04-03T13:50:07.458+0000] {dagbag.py:588} INFO - Filling up the DagBag from /home/hamza/Documents/project/Mlops/myenv/lib/python3.12/site-packages/airflow/example_dags/example_dynamic_task_mapping.py
[2025-04-03T13:50:07.473+0000] {processor.py:925} INFO - DAG(s) 'example_dynamic_task_mapping' retrieved from /home/hamza/Documents/project/Mlops/myenv/lib/python3.12/site-packages/airflow/example_dags/example_dynamic_task_mapping.py
[2025-04-03T13:50:07.499+0000] {logging_mixin.py:190} INFO - [2025-04-03T13:50:07.499+0000] {dag.py:3239} INFO - Sync 1 DAGs
[2025-04-03T13:50:07.520+0000] {logging_mixin.py:190} INFO - [2025-04-03T13:50:07.520+0000] {dag.py:4180} INFO - Setting next_dagrun for example_dynamic_task_mapping to None, run_after=None
[2025-04-03T13:50:07.555+0000] {processor.py:208} INFO - Processing /home/hamza/Documents/project/Mlops/myenv/lib/python3.12/site-packages/airflow/example_dags/example_dynamic_task_mapping.py took 0.111 seconds
[2025-04-03T13:51:43.537+0000] {processor.py:186} INFO - Started process (PID=104431) to work on /home/hamza/Documents/project/Mlops/myenv/lib/python3.12/site-packages/airflow/example_dags/example_dynamic_task_mapping.py
[2025-04-03T13:51:43.539+0000] {processor.py:914} INFO - Processing file /home/hamza/Documents/project/Mlops/myenv/lib/python3.12/site-packages/airflow/example_dags/example_dynamic_task_mapping.py for tasks to queue
[2025-04-03T13:51:43.543+0000] {logging_mixin.py:190} INFO - [2025-04-03T13:51:43.542+0000] {dagbag.py:588} INFO - Filling up the DagBag from /home/hamza/Documents/project/Mlops/myenv/lib/python3.12/site-packages/airflow/example_dags/example_dynamic_task_mapping.py
[2025-04-03T13:51:43.560+0000] {processor.py:925} INFO - DAG(s) 'example_dynamic_task_mapping' retrieved from /home/hamza/Documents/project/Mlops/myenv/lib/python3.12/site-packages/airflow/example_dags/example_dynamic_task_mapping.py
[2025-04-03T13:51:43.588+0000] {logging_mixin.py:190} INFO - [2025-04-03T13:51:43.587+0000] {dag.py:3239} INFO - Sync 1 DAGs
[2025-04-03T13:51:43.610+0000] {logging_mixin.py:190} INFO - [2025-04-03T13:51:43.610+0000] {dag.py:4180} INFO - Setting next_dagrun for example_dynamic_task_mapping to None, run_after=None
[2025-04-03T13:51:43.646+0000] {processor.py:208} INFO - Processing /home/hamza/Documents/project/Mlops/myenv/lib/python3.12/site-packages/airflow/example_dags/example_dynamic_task_mapping.py took 0.119 seconds
[2025-04-03T13:53:26.972+0000] {processor.py:186} INFO - Started process (PID=105472) to work on /home/hamza/Documents/project/Mlops/myenv/lib/python3.12/site-packages/airflow/example_dags/example_dynamic_task_mapping.py
[2025-04-03T13:53:26.974+0000] {processor.py:914} INFO - Processing file /home/hamza/Documents/project/Mlops/myenv/lib/python3.12/site-packages/airflow/example_dags/example_dynamic_task_mapping.py for tasks to queue
[2025-04-03T13:53:26.977+0000] {logging_mixin.py:190} INFO - [2025-04-03T13:53:26.976+0000] {dagbag.py:588} INFO - Filling up the DagBag from /home/hamza/Documents/project/Mlops/myenv/lib/python3.12/site-packages/airflow/example_dags/example_dynamic_task_mapping.py
[2025-04-03T13:53:26.992+0000] {processor.py:925} INFO - DAG(s) 'example_dynamic_task_mapping' retrieved from /home/hamza/Documents/project/Mlops/myenv/lib/python3.12/site-packages/airflow/example_dags/example_dynamic_task_mapping.py
[2025-04-03T13:53:27.017+0000] {logging_mixin.py:190} INFO - [2025-04-03T13:53:27.016+0000] {dag.py:3239} INFO - Sync 1 DAGs
[2025-04-03T13:53:27.038+0000] {logging_mixin.py:190} INFO - [2025-04-03T13:53:27.037+0000] {dag.py:4180} INFO - Setting next_dagrun for example_dynamic_task_mapping to None, run_after=None
[2025-04-03T13:53:27.074+0000] {processor.py:208} INFO - Processing /home/hamza/Documents/project/Mlops/myenv/lib/python3.12/site-packages/airflow/example_dags/example_dynamic_task_mapping.py took 0.111 seconds
[2025-04-03T13:59:41.654+0000] {processor.py:186} INFO - Started process (PID=110212) to work on /home/hamza/Documents/project/Mlops/myenv/lib/python3.12/site-packages/airflow/example_dags/example_dynamic_task_mapping.py
[2025-04-03T13:59:41.656+0000] {processor.py:914} INFO - Processing file /home/hamza/Documents/project/Mlops/myenv/lib/python3.12/site-packages/airflow/example_dags/example_dynamic_task_mapping.py for tasks to queue
[2025-04-03T13:59:41.663+0000] {logging_mixin.py:190} INFO - [2025-04-03T13:59:41.662+0000] {dagbag.py:588} INFO - Filling up the DagBag from /home/hamza/Documents/project/Mlops/myenv/lib/python3.12/site-packages/airflow/example_dags/example_dynamic_task_mapping.py
[2025-04-03T13:59:41.683+0000] {processor.py:925} INFO - DAG(s) 'example_dynamic_task_mapping' retrieved from /home/hamza/Documents/project/Mlops/myenv/lib/python3.12/site-packages/airflow/example_dags/example_dynamic_task_mapping.py
[2025-04-03T13:59:41.719+0000] {logging_mixin.py:190} INFO - [2025-04-03T13:59:41.718+0000] {dag.py:3239} INFO - Sync 1 DAGs
[2025-04-03T13:59:41.750+0000] {logging_mixin.py:190} INFO - [2025-04-03T13:59:41.749+0000] {dag.py:4180} INFO - Setting next_dagrun for example_dynamic_task_mapping to None, run_after=None
[2025-04-03T13:59:41.866+0000] {processor.py:208} INFO - Processing /home/hamza/Documents/project/Mlops/myenv/lib/python3.12/site-packages/airflow/example_dags/example_dynamic_task_mapping.py took 0.225 seconds
[2025-04-03T14:10:28.765+0000] {processor.py:186} INFO - Started process (PID=118251) to work on /home/hamza/Documents/project/Mlops/myenv/lib/python3.12/site-packages/airflow/example_dags/example_dynamic_task_mapping.py
[2025-04-03T14:10:28.767+0000] {processor.py:914} INFO - Processing file /home/hamza/Documents/project/Mlops/myenv/lib/python3.12/site-packages/airflow/example_dags/example_dynamic_task_mapping.py for tasks to queue
[2025-04-03T14:10:28.768+0000] {logging_mixin.py:190} INFO - [2025-04-03T14:10:28.768+0000] {dagbag.py:588} INFO - Filling up the DagBag from /home/hamza/Documents/project/Mlops/myenv/lib/python3.12/site-packages/airflow/example_dags/example_dynamic_task_mapping.py
[2025-04-03T14:10:28.779+0000] {processor.py:925} INFO - DAG(s) 'example_dynamic_task_mapping' retrieved from /home/hamza/Documents/project/Mlops/myenv/lib/python3.12/site-packages/airflow/example_dags/example_dynamic_task_mapping.py
[2025-04-03T14:10:28.805+0000] {logging_mixin.py:190} INFO - [2025-04-03T14:10:28.805+0000] {dag.py:3239} INFO - Sync 1 DAGs
[2025-04-03T14:10:28.825+0000] {logging_mixin.py:190} INFO - [2025-04-03T14:10:28.825+0000] {dag.py:4180} INFO - Setting next_dagrun for example_dynamic_task_mapping to None, run_after=None
[2025-04-03T14:10:28.856+0000] {processor.py:208} INFO - Processing /home/hamza/Documents/project/Mlops/myenv/lib/python3.12/site-packages/airflow/example_dags/example_dynamic_task_mapping.py took 0.100 seconds
[2025-04-03T14:12:06.518+0000] {processor.py:186} INFO - Started process (PID=119122) to work on /home/hamza/Documents/project/Mlops/myenv/lib/python3.12/site-packages/airflow/example_dags/example_dynamic_task_mapping.py
[2025-04-03T14:12:06.520+0000] {processor.py:914} INFO - Processing file /home/hamza/Documents/project/Mlops/myenv/lib/python3.12/site-packages/airflow/example_dags/example_dynamic_task_mapping.py for tasks to queue
[2025-04-03T14:12:06.522+0000] {logging_mixin.py:190} INFO - [2025-04-03T14:12:06.521+0000] {dagbag.py:588} INFO - Filling up the DagBag from /home/hamza/Documents/project/Mlops/myenv/lib/python3.12/site-packages/airflow/example_dags/example_dynamic_task_mapping.py
[2025-04-03T14:12:06.535+0000] {processor.py:925} INFO - DAG(s) 'example_dynamic_task_mapping' retrieved from /home/hamza/Documents/project/Mlops/myenv/lib/python3.12/site-packages/airflow/example_dags/example_dynamic_task_mapping.py
[2025-04-03T14:12:06.561+0000] {logging_mixin.py:190} INFO - [2025-04-03T14:12:06.561+0000] {dag.py:3239} INFO - Sync 1 DAGs
[2025-04-03T14:12:06.582+0000] {logging_mixin.py:190} INFO - [2025-04-03T14:12:06.582+0000] {dag.py:4180} INFO - Setting next_dagrun for example_dynamic_task_mapping to None, run_after=None
[2025-04-03T14:12:06.619+0000] {processor.py:208} INFO - Processing /home/hamza/Documents/project/Mlops/myenv/lib/python3.12/site-packages/airflow/example_dags/example_dynamic_task_mapping.py took 0.111 seconds
[2025-04-03T14:19:09.452+0000] {processor.py:186} INFO - Started process (PID=122629) to work on /home/hamza/Documents/project/Mlops/myenv/lib/python3.12/site-packages/airflow/example_dags/example_dynamic_task_mapping.py
[2025-04-03T14:19:09.455+0000] {processor.py:914} INFO - Processing file /home/hamza/Documents/project/Mlops/myenv/lib/python3.12/site-packages/airflow/example_dags/example_dynamic_task_mapping.py for tasks to queue
[2025-04-03T14:19:09.458+0000] {logging_mixin.py:190} INFO - [2025-04-03T14:19:09.457+0000] {dagbag.py:588} INFO - Filling up the DagBag from /home/hamza/Documents/project/Mlops/myenv/lib/python3.12/site-packages/airflow/example_dags/example_dynamic_task_mapping.py
[2025-04-03T14:19:09.470+0000] {processor.py:925} INFO - DAG(s) 'example_dynamic_task_mapping' retrieved from /home/hamza/Documents/project/Mlops/myenv/lib/python3.12/site-packages/airflow/example_dags/example_dynamic_task_mapping.py
[2025-04-03T14:19:09.499+0000] {logging_mixin.py:190} INFO - [2025-04-03T14:19:09.498+0000] {dag.py:3239} INFO - Sync 1 DAGs
[2025-04-03T14:19:09.517+0000] {logging_mixin.py:190} INFO - [2025-04-03T14:19:09.517+0000] {dag.py:4180} INFO - Setting next_dagrun for example_dynamic_task_mapping to None, run_after=None
[2025-04-03T14:19:09.549+0000] {processor.py:208} INFO - Processing /home/hamza/Documents/project/Mlops/myenv/lib/python3.12/site-packages/airflow/example_dags/example_dynamic_task_mapping.py took 0.106 seconds
[2025-04-03T15:08:40.652+0000] {processor.py:186} INFO - Started process (PID=36323) to work on /home/hamza/Documents/project/Mlops/myenv/lib/python3.12/site-packages/airflow/example_dags/example_dynamic_task_mapping.py
[2025-04-03T15:08:40.654+0000] {processor.py:914} INFO - Processing file /home/hamza/Documents/project/Mlops/myenv/lib/python3.12/site-packages/airflow/example_dags/example_dynamic_task_mapping.py for tasks to queue
[2025-04-03T15:08:40.658+0000] {logging_mixin.py:190} INFO - [2025-04-03T15:08:40.658+0000] {dagbag.py:588} INFO - Filling up the DagBag from /home/hamza/Documents/project/Mlops/myenv/lib/python3.12/site-packages/airflow/example_dags/example_dynamic_task_mapping.py
[2025-04-03T15:08:40.673+0000] {processor.py:925} INFO - DAG(s) 'example_dynamic_task_mapping' retrieved from /home/hamza/Documents/project/Mlops/myenv/lib/python3.12/site-packages/airflow/example_dags/example_dynamic_task_mapping.py
[2025-04-03T15:08:40.697+0000] {logging_mixin.py:190} INFO - [2025-04-03T15:08:40.696+0000] {dag.py:3239} INFO - Sync 1 DAGs
[2025-04-03T15:08:40.719+0000] {logging_mixin.py:190} INFO - [2025-04-03T15:08:40.718+0000] {dag.py:4180} INFO - Setting next_dagrun for example_dynamic_task_mapping to None, run_after=None
[2025-04-03T15:08:40.752+0000] {processor.py:208} INFO - Processing /home/hamza/Documents/project/Mlops/myenv/lib/python3.12/site-packages/airflow/example_dags/example_dynamic_task_mapping.py took 0.109 seconds
[2025-04-03T15:10:09.674+0000] {processor.py:186} INFO - Started process (PID=37225) to work on /home/hamza/Documents/project/Mlops/myenv/lib/python3.12/site-packages/airflow/example_dags/example_dynamic_task_mapping.py
[2025-04-03T15:10:09.679+0000] {processor.py:914} INFO - Processing file /home/hamza/Documents/project/Mlops/myenv/lib/python3.12/site-packages/airflow/example_dags/example_dynamic_task_mapping.py for tasks to queue
[2025-04-03T15:10:09.683+0000] {logging_mixin.py:190} INFO - [2025-04-03T15:10:09.682+0000] {dagbag.py:588} INFO - Filling up the DagBag from /home/hamza/Documents/project/Mlops/myenv/lib/python3.12/site-packages/airflow/example_dags/example_dynamic_task_mapping.py
[2025-04-03T15:10:09.698+0000] {processor.py:925} INFO - DAG(s) 'example_dynamic_task_mapping' retrieved from /home/hamza/Documents/project/Mlops/myenv/lib/python3.12/site-packages/airflow/example_dags/example_dynamic_task_mapping.py
[2025-04-03T15:10:09.723+0000] {logging_mixin.py:190} INFO - [2025-04-03T15:10:09.723+0000] {dag.py:3239} INFO - Sync 1 DAGs
[2025-04-03T15:10:09.745+0000] {logging_mixin.py:190} INFO - [2025-04-03T15:10:09.745+0000] {dag.py:4180} INFO - Setting next_dagrun for example_dynamic_task_mapping to None, run_after=None
[2025-04-03T15:10:09.788+0000] {processor.py:208} INFO - Processing /home/hamza/Documents/project/Mlops/myenv/lib/python3.12/site-packages/airflow/example_dags/example_dynamic_task_mapping.py took 0.123 seconds
[2025-04-03T15:11:37.798+0000] {processor.py:186} INFO - Started process (PID=38014) to work on /home/hamza/Documents/project/Mlops/myenv/lib/python3.12/site-packages/airflow/example_dags/example_dynamic_task_mapping.py
[2025-04-03T15:11:37.800+0000] {processor.py:914} INFO - Processing file /home/hamza/Documents/project/Mlops/myenv/lib/python3.12/site-packages/airflow/example_dags/example_dynamic_task_mapping.py for tasks to queue
[2025-04-03T15:11:37.804+0000] {logging_mixin.py:190} INFO - [2025-04-03T15:11:37.803+0000] {dagbag.py:588} INFO - Filling up the DagBag from /home/hamza/Documents/project/Mlops/myenv/lib/python3.12/site-packages/airflow/example_dags/example_dynamic_task_mapping.py
[2025-04-03T15:11:37.820+0000] {processor.py:925} INFO - DAG(s) 'example_dynamic_task_mapping' retrieved from /home/hamza/Documents/project/Mlops/myenv/lib/python3.12/site-packages/airflow/example_dags/example_dynamic_task_mapping.py
[2025-04-03T15:11:37.845+0000] {logging_mixin.py:190} INFO - [2025-04-03T15:11:37.845+0000] {dag.py:3239} INFO - Sync 1 DAGs
[2025-04-03T15:11:37.869+0000] {logging_mixin.py:190} INFO - [2025-04-03T15:11:37.868+0000] {dag.py:4180} INFO - Setting next_dagrun for example_dynamic_task_mapping to None, run_after=None
[2025-04-03T15:11:37.906+0000] {processor.py:208} INFO - Processing /home/hamza/Documents/project/Mlops/myenv/lib/python3.12/site-packages/airflow/example_dags/example_dynamic_task_mapping.py took 0.117 seconds
[2025-04-03T15:13:14.107+0000] {processor.py:186} INFO - Started process (PID=38918) to work on /home/hamza/Documents/project/Mlops/myenv/lib/python3.12/site-packages/airflow/example_dags/example_dynamic_task_mapping.py
[2025-04-03T15:13:14.109+0000] {processor.py:914} INFO - Processing file /home/hamza/Documents/project/Mlops/myenv/lib/python3.12/site-packages/airflow/example_dags/example_dynamic_task_mapping.py for tasks to queue
[2025-04-03T15:13:14.113+0000] {logging_mixin.py:190} INFO - [2025-04-03T15:13:14.112+0000] {dagbag.py:588} INFO - Filling up the DagBag from /home/hamza/Documents/project/Mlops/myenv/lib/python3.12/site-packages/airflow/example_dags/example_dynamic_task_mapping.py
[2025-04-03T15:13:14.127+0000] {processor.py:925} INFO - DAG(s) 'example_dynamic_task_mapping' retrieved from /home/hamza/Documents/project/Mlops/myenv/lib/python3.12/site-packages/airflow/example_dags/example_dynamic_task_mapping.py
[2025-04-03T15:13:14.153+0000] {logging_mixin.py:190} INFO - [2025-04-03T15:13:14.153+0000] {dag.py:3239} INFO - Sync 1 DAGs
[2025-04-03T15:13:14.175+0000] {logging_mixin.py:190} INFO - [2025-04-03T15:13:14.175+0000] {dag.py:4180} INFO - Setting next_dagrun for example_dynamic_task_mapping to None, run_after=None
[2025-04-03T15:13:14.209+0000] {processor.py:208} INFO - Processing /home/hamza/Documents/project/Mlops/myenv/lib/python3.12/site-packages/airflow/example_dags/example_dynamic_task_mapping.py took 0.111 seconds
[2025-04-03T15:14:48.088+0000] {processor.py:186} INFO - Started process (PID=39777) to work on /home/hamza/Documents/project/Mlops/myenv/lib/python3.12/site-packages/airflow/example_dags/example_dynamic_task_mapping.py
[2025-04-03T15:14:48.089+0000] {processor.py:914} INFO - Processing file /home/hamza/Documents/project/Mlops/myenv/lib/python3.12/site-packages/airflow/example_dags/example_dynamic_task_mapping.py for tasks to queue
[2025-04-03T15:14:48.093+0000] {logging_mixin.py:190} INFO - [2025-04-03T15:14:48.093+0000] {dagbag.py:588} INFO - Filling up the DagBag from /home/hamza/Documents/project/Mlops/myenv/lib/python3.12/site-packages/airflow/example_dags/example_dynamic_task_mapping.py
[2025-04-03T15:14:48.108+0000] {processor.py:925} INFO - DAG(s) 'example_dynamic_task_mapping' retrieved from /home/hamza/Documents/project/Mlops/myenv/lib/python3.12/site-packages/airflow/example_dags/example_dynamic_task_mapping.py
[2025-04-03T15:14:48.134+0000] {logging_mixin.py:190} INFO - [2025-04-03T15:14:48.133+0000] {dag.py:3239} INFO - Sync 1 DAGs
[2025-04-03T15:14:48.154+0000] {logging_mixin.py:190} INFO - [2025-04-03T15:14:48.154+0000] {dag.py:4180} INFO - Setting next_dagrun for example_dynamic_task_mapping to None, run_after=None
[2025-04-03T15:14:48.186+0000] {processor.py:208} INFO - Processing /home/hamza/Documents/project/Mlops/myenv/lib/python3.12/site-packages/airflow/example_dags/example_dynamic_task_mapping.py took 0.108 seconds
[2025-04-03T15:16:27.239+0000] {processor.py:186} INFO - Started process (PID=40781) to work on /home/hamza/Documents/project/Mlops/myenv/lib/python3.12/site-packages/airflow/example_dags/example_dynamic_task_mapping.py
[2025-04-03T15:16:27.242+0000] {processor.py:914} INFO - Processing file /home/hamza/Documents/project/Mlops/myenv/lib/python3.12/site-packages/airflow/example_dags/example_dynamic_task_mapping.py for tasks to queue
[2025-04-03T15:16:27.245+0000] {logging_mixin.py:190} INFO - [2025-04-03T15:16:27.245+0000] {dagbag.py:588} INFO - Filling up the DagBag from /home/hamza/Documents/project/Mlops/myenv/lib/python3.12/site-packages/airflow/example_dags/example_dynamic_task_mapping.py
[2025-04-03T15:16:27.260+0000] {processor.py:925} INFO - DAG(s) 'example_dynamic_task_mapping' retrieved from /home/hamza/Documents/project/Mlops/myenv/lib/python3.12/site-packages/airflow/example_dags/example_dynamic_task_mapping.py
[2025-04-03T15:16:27.285+0000] {logging_mixin.py:190} INFO - [2025-04-03T15:16:27.285+0000] {dag.py:3239} INFO - Sync 1 DAGs
[2025-04-03T15:16:27.309+0000] {logging_mixin.py:190} INFO - [2025-04-03T15:16:27.308+0000] {dag.py:4180} INFO - Setting next_dagrun for example_dynamic_task_mapping to None, run_after=None
[2025-04-03T15:16:27.348+0000] {processor.py:208} INFO - Processing /home/hamza/Documents/project/Mlops/myenv/lib/python3.12/site-packages/airflow/example_dags/example_dynamic_task_mapping.py took 0.118 seconds
[2025-04-03T15:18:06.653+0000] {processor.py:186} INFO - Started process (PID=41843) to work on /home/hamza/Documents/project/Mlops/myenv/lib/python3.12/site-packages/airflow/example_dags/example_dynamic_task_mapping.py
[2025-04-03T15:18:06.655+0000] {processor.py:914} INFO - Processing file /home/hamza/Documents/project/Mlops/myenv/lib/python3.12/site-packages/airflow/example_dags/example_dynamic_task_mapping.py for tasks to queue
[2025-04-03T15:18:06.659+0000] {logging_mixin.py:190} INFO - [2025-04-03T15:18:06.659+0000] {dagbag.py:588} INFO - Filling up the DagBag from /home/hamza/Documents/project/Mlops/myenv/lib/python3.12/site-packages/airflow/example_dags/example_dynamic_task_mapping.py
[2025-04-03T15:18:06.675+0000] {processor.py:925} INFO - DAG(s) 'example_dynamic_task_mapping' retrieved from /home/hamza/Documents/project/Mlops/myenv/lib/python3.12/site-packages/airflow/example_dags/example_dynamic_task_mapping.py
[2025-04-03T15:18:06.700+0000] {logging_mixin.py:190} INFO - [2025-04-03T15:18:06.700+0000] {dag.py:3239} INFO - Sync 1 DAGs
[2025-04-03T15:18:06.721+0000] {logging_mixin.py:190} INFO - [2025-04-03T15:18:06.720+0000] {dag.py:4180} INFO - Setting next_dagrun for example_dynamic_task_mapping to None, run_after=None
[2025-04-03T15:18:06.754+0000] {processor.py:208} INFO - Processing /home/hamza/Documents/project/Mlops/myenv/lib/python3.12/site-packages/airflow/example_dags/example_dynamic_task_mapping.py took 0.110 seconds
[2025-04-03T15:19:37.782+0000] {processor.py:186} INFO - Started process (PID=42836) to work on /home/hamza/Documents/project/Mlops/myenv/lib/python3.12/site-packages/airflow/example_dags/example_dynamic_task_mapping.py
[2025-04-03T15:19:37.785+0000] {processor.py:914} INFO - Processing file /home/hamza/Documents/project/Mlops/myenv/lib/python3.12/site-packages/airflow/example_dags/example_dynamic_task_mapping.py for tasks to queue
[2025-04-03T15:19:37.789+0000] {logging_mixin.py:190} INFO - [2025-04-03T15:19:37.788+0000] {dagbag.py:588} INFO - Filling up the DagBag from /home/hamza/Documents/project/Mlops/myenv/lib/python3.12/site-packages/airflow/example_dags/example_dynamic_task_mapping.py
[2025-04-03T15:19:37.803+0000] {processor.py:925} INFO - DAG(s) 'example_dynamic_task_mapping' retrieved from /home/hamza/Documents/project/Mlops/myenv/lib/python3.12/site-packages/airflow/example_dags/example_dynamic_task_mapping.py
[2025-04-03T15:19:37.828+0000] {logging_mixin.py:190} INFO - [2025-04-03T15:19:37.828+0000] {dag.py:3239} INFO - Sync 1 DAGs
[2025-04-03T15:19:37.848+0000] {logging_mixin.py:190} INFO - [2025-04-03T15:19:37.848+0000] {dag.py:4180} INFO - Setting next_dagrun for example_dynamic_task_mapping to None, run_after=None
[2025-04-03T15:19:37.881+0000] {processor.py:208} INFO - Processing /home/hamza/Documents/project/Mlops/myenv/lib/python3.12/site-packages/airflow/example_dags/example_dynamic_task_mapping.py took 0.108 seconds
