[2025-04-03T13:43:20.221+0000] {processor.py:186} INFO - Started process (PID=98218) to work on /home/hamza/Documents/project/Mlops/myenv/lib/python3.12/site-packages/airflow/example_dags/example_trigger_target_dag.py
[2025-04-03T13:43:20.223+0000] {processor.py:914} INFO - Processing file /home/hamza/Documents/project/Mlops/myenv/lib/python3.12/site-packages/airflow/example_dags/example_trigger_target_dag.py for tasks to queue
[2025-04-03T13:43:20.226+0000] {logging_mixin.py:190} INFO - [2025-04-03T13:43:20.225+0000] {dagbag.py:588} INFO - Filling up the DagBag from /home/hamza/Documents/project/Mlops/myenv/lib/python3.12/site-packages/airflow/example_dags/example_trigger_target_dag.py
[2025-04-03T13:43:20.239+0000] {processor.py:925} INFO - DAG(s) 'example_trigger_target_dag' retrieved from /home/hamza/Documents/project/Mlops/myenv/lib/python3.12/site-packages/airflow/example_dags/example_trigger_target_dag.py
[2025-04-03T13:43:20.401+0000] {logging_mixin.py:190} INFO - [2025-04-03T13:43:20.399+0000] {override.py:1930} INFO - Created Permission View: can delete on DAG:example_trigger_target_dag
[2025-04-03T13:43:20.419+0000] {logging_mixin.py:190} INFO - [2025-04-03T13:43:20.418+0000] {override.py:1930} INFO - Created Permission View: can read on DAG:example_trigger_target_dag
[2025-04-03T13:43:20.432+0000] {logging_mixin.py:190} INFO - [2025-04-03T13:43:20.431+0000] {override.py:1930} INFO - Created Permission View: can edit on DAG:example_trigger_target_dag
[2025-04-03T13:43:20.453+0000] {logging_mixin.py:190} INFO - [2025-04-03T13:43:20.452+0000] {override.py:1930} INFO - Created Permission View: can delete on DAG Run:example_trigger_target_dag
[2025-04-03T13:43:20.469+0000] {logging_mixin.py:190} INFO - [2025-04-03T13:43:20.468+0000] {override.py:1930} INFO - Created Permission View: can read on DAG Run:example_trigger_target_dag
[2025-04-03T13:43:20.483+0000] {logging_mixin.py:190} INFO - [2025-04-03T13:43:20.482+0000] {override.py:1930} INFO - Created Permission View: menu access on DAG Run:example_trigger_target_dag
[2025-04-03T13:43:20.495+0000] {logging_mixin.py:190} INFO - [2025-04-03T13:43:20.494+0000] {override.py:1930} INFO - Created Permission View: can create on DAG Run:example_trigger_target_dag
[2025-04-03T13:43:20.495+0000] {logging_mixin.py:190} INFO - [2025-04-03T13:43:20.495+0000] {dag.py:3239} INFO - Sync 1 DAGs
[2025-04-03T13:43:20.513+0000] {logging_mixin.py:190} INFO - [2025-04-03T13:43:20.513+0000] {dag.py:3262} INFO - Creating ORM DAG for example_trigger_target_dag
[2025-04-03T13:43:20.514+0000] {logging_mixin.py:190} INFO - [2025-04-03T13:43:20.514+0000] {dag.py:4180} INFO - Setting next_dagrun for example_trigger_target_dag to None, run_after=None
[2025-04-03T13:43:20.543+0000] {processor.py:208} INFO - Processing /home/hamza/Documents/project/Mlops/myenv/lib/python3.12/site-packages/airflow/example_dags/example_trigger_target_dag.py took 0.331 seconds
[2025-04-03T13:44:37.327+0000] {processor.py:186} INFO - Started process (PID=99383) to work on /home/hamza/Documents/project/Mlops/myenv/lib/python3.12/site-packages/airflow/example_dags/example_trigger_target_dag.py
[2025-04-03T13:44:37.329+0000] {processor.py:914} INFO - Processing file /home/hamza/Documents/project/Mlops/myenv/lib/python3.12/site-packages/airflow/example_dags/example_trigger_target_dag.py for tasks to queue
[2025-04-03T13:44:37.333+0000] {logging_mixin.py:190} INFO - [2025-04-03T13:44:37.333+0000] {dagbag.py:588} INFO - Filling up the DagBag from /home/hamza/Documents/project/Mlops/myenv/lib/python3.12/site-packages/airflow/example_dags/example_trigger_target_dag.py
[2025-04-03T13:44:37.346+0000] {processor.py:925} INFO - DAG(s) 'example_trigger_target_dag' retrieved from /home/hamza/Documents/project/Mlops/myenv/lib/python3.12/site-packages/airflow/example_dags/example_trigger_target_dag.py
[2025-04-03T13:44:37.372+0000] {logging_mixin.py:190} INFO - [2025-04-03T13:44:37.372+0000] {dag.py:3239} INFO - Sync 1 DAGs
[2025-04-03T13:44:37.391+0000] {logging_mixin.py:190} INFO - [2025-04-03T13:44:37.391+0000] {dag.py:4180} INFO - Setting next_dagrun for example_trigger_target_dag to None, run_after=None
[2025-04-03T13:44:37.428+0000] {processor.py:208} INFO - Processing /home/hamza/Documents/project/Mlops/myenv/lib/python3.12/site-packages/airflow/example_dags/example_trigger_target_dag.py took 0.110 seconds
[2025-04-03T13:45:43.982+0000] {processor.py:186} INFO - Started process (PID=99962) to work on /home/hamza/Documents/project/Mlops/myenv/lib/python3.12/site-packages/airflow/example_dags/example_trigger_target_dag.py
[2025-04-03T13:45:43.985+0000] {processor.py:914} INFO - Processing file /home/hamza/Documents/project/Mlops/myenv/lib/python3.12/site-packages/airflow/example_dags/example_trigger_target_dag.py for tasks to queue
[2025-04-03T13:45:43.991+0000] {logging_mixin.py:190} INFO - [2025-04-03T13:45:43.990+0000] {dagbag.py:588} INFO - Filling up the DagBag from /home/hamza/Documents/project/Mlops/myenv/lib/python3.12/site-packages/airflow/example_dags/example_trigger_target_dag.py
[2025-04-03T13:45:44.008+0000] {processor.py:925} INFO - DAG(s) 'example_trigger_target_dag' retrieved from /home/hamza/Documents/project/Mlops/myenv/lib/python3.12/site-packages/airflow/example_dags/example_trigger_target_dag.py
[2025-04-03T13:45:44.036+0000] {logging_mixin.py:190} INFO - [2025-04-03T13:45:44.036+0000] {dag.py:3239} INFO - Sync 1 DAGs
[2025-04-03T13:45:44.060+0000] {logging_mixin.py:190} INFO - [2025-04-03T13:45:44.060+0000] {dag.py:4180} INFO - Setting next_dagrun for example_trigger_target_dag to None, run_after=None
[2025-04-03T13:45:44.098+0000] {processor.py:208} INFO - Processing /home/hamza/Documents/project/Mlops/myenv/lib/python3.12/site-packages/airflow/example_dags/example_trigger_target_dag.py took 0.125 seconds
[2025-04-03T13:46:52.906+0000] {processor.py:186} INFO - Started process (PID=100655) to work on /home/hamza/Documents/project/Mlops/myenv/lib/python3.12/site-packages/airflow/example_dags/example_trigger_target_dag.py
[2025-04-03T13:46:52.909+0000] {processor.py:914} INFO - Processing file /home/hamza/Documents/project/Mlops/myenv/lib/python3.12/site-packages/airflow/example_dags/example_trigger_target_dag.py for tasks to queue
[2025-04-03T13:46:52.912+0000] {logging_mixin.py:190} INFO - [2025-04-03T13:46:52.912+0000] {dagbag.py:588} INFO - Filling up the DagBag from /home/hamza/Documents/project/Mlops/myenv/lib/python3.12/site-packages/airflow/example_dags/example_trigger_target_dag.py
[2025-04-03T13:46:52.930+0000] {processor.py:925} INFO - DAG(s) 'example_trigger_target_dag' retrieved from /home/hamza/Documents/project/Mlops/myenv/lib/python3.12/site-packages/airflow/example_dags/example_trigger_target_dag.py
[2025-04-03T13:46:52.962+0000] {logging_mixin.py:190} INFO - [2025-04-03T13:46:52.961+0000] {dag.py:3239} INFO - Sync 1 DAGs
[2025-04-03T13:46:52.983+0000] {logging_mixin.py:190} INFO - [2025-04-03T13:46:52.982+0000] {dag.py:4180} INFO - Setting next_dagrun for example_trigger_target_dag to None, run_after=None
[2025-04-03T13:46:53.017+0000] {processor.py:208} INFO - Processing /home/hamza/Documents/project/Mlops/myenv/lib/python3.12/site-packages/airflow/example_dags/example_trigger_target_dag.py took 0.120 seconds
[2025-04-03T13:47:59.739+0000] {processor.py:186} INFO - Started process (PID=101504) to work on /home/hamza/Documents/project/Mlops/myenv/lib/python3.12/site-packages/airflow/example_dags/example_trigger_target_dag.py
[2025-04-03T13:47:59.741+0000] {processor.py:914} INFO - Processing file /home/hamza/Documents/project/Mlops/myenv/lib/python3.12/site-packages/airflow/example_dags/example_trigger_target_dag.py for tasks to queue
[2025-04-03T13:47:59.745+0000] {logging_mixin.py:190} INFO - [2025-04-03T13:47:59.744+0000] {dagbag.py:588} INFO - Filling up the DagBag from /home/hamza/Documents/project/Mlops/myenv/lib/python3.12/site-packages/airflow/example_dags/example_trigger_target_dag.py
[2025-04-03T13:47:59.760+0000] {processor.py:925} INFO - DAG(s) 'example_trigger_target_dag' retrieved from /home/hamza/Documents/project/Mlops/myenv/lib/python3.12/site-packages/airflow/example_dags/example_trigger_target_dag.py
[2025-04-03T13:47:59.792+0000] {logging_mixin.py:190} INFO - [2025-04-03T13:47:59.792+0000] {dag.py:3239} INFO - Sync 1 DAGs
[2025-04-03T13:47:59.819+0000] {logging_mixin.py:190} INFO - [2025-04-03T13:47:59.819+0000] {dag.py:4180} INFO - Setting next_dagrun for example_trigger_target_dag to None, run_after=None
[2025-04-03T13:47:59.862+0000] {processor.py:208} INFO - Processing /home/hamza/Documents/project/Mlops/myenv/lib/python3.12/site-packages/airflow/example_dags/example_trigger_target_dag.py took 0.133 seconds
[2025-04-03T13:49:35.971+0000] {processor.py:186} INFO - Started process (PID=102857) to work on /home/hamza/Documents/project/Mlops/myenv/lib/python3.12/site-packages/airflow/example_dags/example_trigger_target_dag.py
[2025-04-03T13:49:35.975+0000] {processor.py:914} INFO - Processing file /home/hamza/Documents/project/Mlops/myenv/lib/python3.12/site-packages/airflow/example_dags/example_trigger_target_dag.py for tasks to queue
[2025-04-03T13:49:35.980+0000] {logging_mixin.py:190} INFO - [2025-04-03T13:49:35.979+0000] {dagbag.py:588} INFO - Filling up the DagBag from /home/hamza/Documents/project/Mlops/myenv/lib/python3.12/site-packages/airflow/example_dags/example_trigger_target_dag.py
[2025-04-03T13:49:35.995+0000] {processor.py:925} INFO - DAG(s) 'example_trigger_target_dag' retrieved from /home/hamza/Documents/project/Mlops/myenv/lib/python3.12/site-packages/airflow/example_dags/example_trigger_target_dag.py
[2025-04-03T13:49:36.027+0000] {logging_mixin.py:190} INFO - [2025-04-03T13:49:36.026+0000] {dag.py:3239} INFO - Sync 1 DAGs
[2025-04-03T13:49:36.047+0000] {logging_mixin.py:190} INFO - [2025-04-03T13:49:36.047+0000] {dag.py:4180} INFO - Setting next_dagrun for example_trigger_target_dag to None, run_after=None
[2025-04-03T13:49:36.081+0000] {processor.py:208} INFO - Processing /home/hamza/Documents/project/Mlops/myenv/lib/python3.12/site-packages/airflow/example_dags/example_trigger_target_dag.py took 0.120 seconds
[2025-04-03T13:50:55.471+0000] {processor.py:186} INFO - Started process (PID=103833) to work on /home/hamza/Documents/project/Mlops/myenv/lib/python3.12/site-packages/airflow/example_dags/example_trigger_target_dag.py
[2025-04-03T13:50:55.476+0000] {processor.py:914} INFO - Processing file /home/hamza/Documents/project/Mlops/myenv/lib/python3.12/site-packages/airflow/example_dags/example_trigger_target_dag.py for tasks to queue
[2025-04-03T13:50:55.480+0000] {logging_mixin.py:190} INFO - [2025-04-03T13:50:55.480+0000] {dagbag.py:588} INFO - Filling up the DagBag from /home/hamza/Documents/project/Mlops/myenv/lib/python3.12/site-packages/airflow/example_dags/example_trigger_target_dag.py
[2025-04-03T13:50:55.495+0000] {processor.py:925} INFO - DAG(s) 'example_trigger_target_dag' retrieved from /home/hamza/Documents/project/Mlops/myenv/lib/python3.12/site-packages/airflow/example_dags/example_trigger_target_dag.py
[2025-04-03T13:50:55.521+0000] {logging_mixin.py:190} INFO - [2025-04-03T13:50:55.520+0000] {dag.py:3239} INFO - Sync 1 DAGs
[2025-04-03T13:50:55.542+0000] {logging_mixin.py:190} INFO - [2025-04-03T13:50:55.542+0000] {dag.py:4180} INFO - Setting next_dagrun for example_trigger_target_dag to None, run_after=None
[2025-04-03T13:50:55.590+0000] {processor.py:208} INFO - Processing /home/hamza/Documents/project/Mlops/myenv/lib/python3.12/site-packages/airflow/example_dags/example_trigger_target_dag.py took 0.127 seconds
[2025-04-03T13:52:33.295+0000] {processor.py:186} INFO - Started process (PID=104929) to work on /home/hamza/Documents/project/Mlops/myenv/lib/python3.12/site-packages/airflow/example_dags/example_trigger_target_dag.py
[2025-04-03T13:52:33.297+0000] {processor.py:914} INFO - Processing file /home/hamza/Documents/project/Mlops/myenv/lib/python3.12/site-packages/airflow/example_dags/example_trigger_target_dag.py for tasks to queue
[2025-04-03T13:52:33.301+0000] {logging_mixin.py:190} INFO - [2025-04-03T13:52:33.300+0000] {dagbag.py:588} INFO - Filling up the DagBag from /home/hamza/Documents/project/Mlops/myenv/lib/python3.12/site-packages/airflow/example_dags/example_trigger_target_dag.py
[2025-04-03T13:52:33.315+0000] {processor.py:925} INFO - DAG(s) 'example_trigger_target_dag' retrieved from /home/hamza/Documents/project/Mlops/myenv/lib/python3.12/site-packages/airflow/example_dags/example_trigger_target_dag.py
[2025-04-03T13:52:33.344+0000] {logging_mixin.py:190} INFO - [2025-04-03T13:52:33.344+0000] {dag.py:3239} INFO - Sync 1 DAGs
[2025-04-03T13:52:33.365+0000] {logging_mixin.py:190} INFO - [2025-04-03T13:52:33.364+0000] {dag.py:4180} INFO - Setting next_dagrun for example_trigger_target_dag to None, run_after=None
[2025-04-03T13:52:33.401+0000] {processor.py:208} INFO - Processing /home/hamza/Documents/project/Mlops/myenv/lib/python3.12/site-packages/airflow/example_dags/example_trigger_target_dag.py took 0.115 seconds
[2025-04-03T13:54:09.187+0000] {processor.py:186} INFO - Started process (PID=105947) to work on /home/hamza/Documents/project/Mlops/myenv/lib/python3.12/site-packages/airflow/example_dags/example_trigger_target_dag.py
[2025-04-03T13:54:09.188+0000] {processor.py:914} INFO - Processing file /home/hamza/Documents/project/Mlops/myenv/lib/python3.12/site-packages/airflow/example_dags/example_trigger_target_dag.py for tasks to queue
[2025-04-03T13:54:09.191+0000] {logging_mixin.py:190} INFO - [2025-04-03T13:54:09.191+0000] {dagbag.py:588} INFO - Filling up the DagBag from /home/hamza/Documents/project/Mlops/myenv/lib/python3.12/site-packages/airflow/example_dags/example_trigger_target_dag.py
[2025-04-03T13:54:09.206+0000] {processor.py:925} INFO - DAG(s) 'example_trigger_target_dag' retrieved from /home/hamza/Documents/project/Mlops/myenv/lib/python3.12/site-packages/airflow/example_dags/example_trigger_target_dag.py
[2025-04-03T13:54:09.234+0000] {logging_mixin.py:190} INFO - [2025-04-03T13:54:09.233+0000] {dag.py:3239} INFO - Sync 1 DAGs
[2025-04-03T13:54:09.255+0000] {logging_mixin.py:190} INFO - [2025-04-03T13:54:09.254+0000] {dag.py:4180} INFO - Setting next_dagrun for example_trigger_target_dag to None, run_after=None
[2025-04-03T13:54:09.292+0000] {processor.py:208} INFO - Processing /home/hamza/Documents/project/Mlops/myenv/lib/python3.12/site-packages/airflow/example_dags/example_trigger_target_dag.py took 0.117 seconds
[2025-04-03T13:57:57.384+0000] {processor.py:186} INFO - Started process (PID=108963) to work on /home/hamza/Documents/project/Mlops/myenv/lib/python3.12/site-packages/airflow/example_dags/example_trigger_target_dag.py
[2025-04-03T13:57:57.387+0000] {processor.py:914} INFO - Processing file /home/hamza/Documents/project/Mlops/myenv/lib/python3.12/site-packages/airflow/example_dags/example_trigger_target_dag.py for tasks to queue
[2025-04-03T13:57:57.390+0000] {logging_mixin.py:190} INFO - [2025-04-03T13:57:57.389+0000] {dagbag.py:588} INFO - Filling up the DagBag from /home/hamza/Documents/project/Mlops/myenv/lib/python3.12/site-packages/airflow/example_dags/example_trigger_target_dag.py
[2025-04-03T13:57:57.399+0000] {processor.py:925} INFO - DAG(s) 'example_trigger_target_dag' retrieved from /home/hamza/Documents/project/Mlops/myenv/lib/python3.12/site-packages/airflow/example_dags/example_trigger_target_dag.py
[2025-04-03T13:57:57.431+0000] {logging_mixin.py:190} INFO - [2025-04-03T13:57:57.431+0000] {dag.py:3239} INFO - Sync 1 DAGs
[2025-04-03T13:57:57.456+0000] {logging_mixin.py:190} INFO - [2025-04-03T13:57:57.456+0000] {dag.py:4180} INFO - Setting next_dagrun for example_trigger_target_dag to None, run_after=None
[2025-04-03T13:57:57.490+0000] {processor.py:208} INFO - Processing /home/hamza/Documents/project/Mlops/myenv/lib/python3.12/site-packages/airflow/example_dags/example_trigger_target_dag.py took 0.116 seconds
[2025-04-03T13:59:05.681+0000] {processor.py:186} INFO - Started process (PID=109880) to work on /home/hamza/Documents/project/Mlops/myenv/lib/python3.12/site-packages/airflow/example_dags/example_trigger_target_dag.py
[2025-04-03T13:59:05.683+0000] {processor.py:914} INFO - Processing file /home/hamza/Documents/project/Mlops/myenv/lib/python3.12/site-packages/airflow/example_dags/example_trigger_target_dag.py for tasks to queue
[2025-04-03T13:59:05.687+0000] {logging_mixin.py:190} INFO - [2025-04-03T13:59:05.686+0000] {dagbag.py:588} INFO - Filling up the DagBag from /home/hamza/Documents/project/Mlops/myenv/lib/python3.12/site-packages/airflow/example_dags/example_trigger_target_dag.py
[2025-04-03T13:59:05.700+0000] {processor.py:925} INFO - DAG(s) 'example_trigger_target_dag' retrieved from /home/hamza/Documents/project/Mlops/myenv/lib/python3.12/site-packages/airflow/example_dags/example_trigger_target_dag.py
[2025-04-03T13:59:05.730+0000] {logging_mixin.py:190} INFO - [2025-04-03T13:59:05.729+0000] {dag.py:3239} INFO - Sync 1 DAGs
[2025-04-03T13:59:05.749+0000] {logging_mixin.py:190} INFO - [2025-04-03T13:59:05.749+0000] {dag.py:4180} INFO - Setting next_dagrun for example_trigger_target_dag to None, run_after=None
[2025-04-03T13:59:05.781+0000] {processor.py:208} INFO - Processing /home/hamza/Documents/project/Mlops/myenv/lib/python3.12/site-packages/airflow/example_dags/example_trigger_target_dag.py took 0.108 seconds
[2025-04-03T14:09:58.184+0000] {processor.py:186} INFO - Started process (PID=117932) to work on /home/hamza/Documents/project/Mlops/myenv/lib/python3.12/site-packages/airflow/example_dags/example_trigger_target_dag.py
[2025-04-03T14:09:58.186+0000] {processor.py:914} INFO - Processing file /home/hamza/Documents/project/Mlops/myenv/lib/python3.12/site-packages/airflow/example_dags/example_trigger_target_dag.py for tasks to queue
[2025-04-03T14:09:58.188+0000] {logging_mixin.py:190} INFO - [2025-04-03T14:09:58.187+0000] {dagbag.py:588} INFO - Filling up the DagBag from /home/hamza/Documents/project/Mlops/myenv/lib/python3.12/site-packages/airflow/example_dags/example_trigger_target_dag.py
[2025-04-03T14:09:58.198+0000] {processor.py:925} INFO - DAG(s) 'example_trigger_target_dag' retrieved from /home/hamza/Documents/project/Mlops/myenv/lib/python3.12/site-packages/airflow/example_dags/example_trigger_target_dag.py
[2025-04-03T14:09:58.228+0000] {logging_mixin.py:190} INFO - [2025-04-03T14:09:58.227+0000] {dag.py:3239} INFO - Sync 1 DAGs
[2025-04-03T14:09:58.251+0000] {logging_mixin.py:190} INFO - [2025-04-03T14:09:58.251+0000] {dag.py:4180} INFO - Setting next_dagrun for example_trigger_target_dag to None, run_after=None
[2025-04-03T14:09:58.290+0000] {processor.py:208} INFO - Processing /home/hamza/Documents/project/Mlops/myenv/lib/python3.12/site-packages/airflow/example_dags/example_trigger_target_dag.py took 0.115 seconds
[2025-04-03T14:11:12.953+0000] {processor.py:186} INFO - Started process (PID=118624) to work on /home/hamza/Documents/project/Mlops/myenv/lib/python3.12/site-packages/airflow/example_dags/example_trigger_target_dag.py
[2025-04-03T14:11:12.955+0000] {processor.py:914} INFO - Processing file /home/hamza/Documents/project/Mlops/myenv/lib/python3.12/site-packages/airflow/example_dags/example_trigger_target_dag.py for tasks to queue
[2025-04-03T14:11:12.959+0000] {logging_mixin.py:190} INFO - [2025-04-03T14:11:12.958+0000] {dagbag.py:588} INFO - Filling up the DagBag from /home/hamza/Documents/project/Mlops/myenv/lib/python3.12/site-packages/airflow/example_dags/example_trigger_target_dag.py
[2025-04-03T14:11:12.968+0000] {processor.py:925} INFO - DAG(s) 'example_trigger_target_dag' retrieved from /home/hamza/Documents/project/Mlops/myenv/lib/python3.12/site-packages/airflow/example_dags/example_trigger_target_dag.py
[2025-04-03T14:11:12.993+0000] {logging_mixin.py:190} INFO - [2025-04-03T14:11:12.992+0000] {dag.py:3239} INFO - Sync 1 DAGs
[2025-04-03T14:11:13.012+0000] {logging_mixin.py:190} INFO - [2025-04-03T14:11:13.011+0000] {dag.py:4180} INFO - Setting next_dagrun for example_trigger_target_dag to None, run_after=None
[2025-04-03T14:11:13.042+0000] {processor.py:208} INFO - Processing /home/hamza/Documents/project/Mlops/myenv/lib/python3.12/site-packages/airflow/example_dags/example_trigger_target_dag.py took 0.098 seconds
[2025-04-03T14:12:52.987+0000] {processor.py:186} INFO - Started process (PID=119549) to work on /home/hamza/Documents/project/Mlops/myenv/lib/python3.12/site-packages/airflow/example_dags/example_trigger_target_dag.py
[2025-04-03T14:12:52.988+0000] {processor.py:914} INFO - Processing file /home/hamza/Documents/project/Mlops/myenv/lib/python3.12/site-packages/airflow/example_dags/example_trigger_target_dag.py for tasks to queue
[2025-04-03T14:12:52.990+0000] {logging_mixin.py:190} INFO - [2025-04-03T14:12:52.990+0000] {dagbag.py:588} INFO - Filling up the DagBag from /home/hamza/Documents/project/Mlops/myenv/lib/python3.12/site-packages/airflow/example_dags/example_trigger_target_dag.py
[2025-04-03T14:12:53.000+0000] {processor.py:925} INFO - DAG(s) 'example_trigger_target_dag' retrieved from /home/hamza/Documents/project/Mlops/myenv/lib/python3.12/site-packages/airflow/example_dags/example_trigger_target_dag.py
[2025-04-03T14:12:53.027+0000] {logging_mixin.py:190} INFO - [2025-04-03T14:12:53.026+0000] {dag.py:3239} INFO - Sync 1 DAGs
[2025-04-03T14:12:53.047+0000] {logging_mixin.py:190} INFO - [2025-04-03T14:12:53.047+0000] {dag.py:4180} INFO - Setting next_dagrun for example_trigger_target_dag to None, run_after=None
[2025-04-03T14:12:53.081+0000] {processor.py:208} INFO - Processing /home/hamza/Documents/project/Mlops/myenv/lib/python3.12/site-packages/airflow/example_dags/example_trigger_target_dag.py took 0.104 seconds
[2025-04-03T14:18:37.771+0000] {processor.py:186} INFO - Started process (PID=122296) to work on /home/hamza/Documents/project/Mlops/myenv/lib/python3.12/site-packages/airflow/example_dags/example_trigger_target_dag.py
[2025-04-03T14:18:37.774+0000] {processor.py:914} INFO - Processing file /home/hamza/Documents/project/Mlops/myenv/lib/python3.12/site-packages/airflow/example_dags/example_trigger_target_dag.py for tasks to queue
[2025-04-03T14:18:37.776+0000] {logging_mixin.py:190} INFO - [2025-04-03T14:18:37.776+0000] {dagbag.py:588} INFO - Filling up the DagBag from /home/hamza/Documents/project/Mlops/myenv/lib/python3.12/site-packages/airflow/example_dags/example_trigger_target_dag.py
[2025-04-03T14:18:37.785+0000] {processor.py:925} INFO - DAG(s) 'example_trigger_target_dag' retrieved from /home/hamza/Documents/project/Mlops/myenv/lib/python3.12/site-packages/airflow/example_dags/example_trigger_target_dag.py
[2025-04-03T14:18:37.816+0000] {logging_mixin.py:190} INFO - [2025-04-03T14:18:37.815+0000] {dag.py:3239} INFO - Sync 1 DAGs
[2025-04-03T14:18:37.834+0000] {logging_mixin.py:190} INFO - [2025-04-03T14:18:37.833+0000] {dag.py:4180} INFO - Setting next_dagrun for example_trigger_target_dag to None, run_after=None
[2025-04-03T14:18:37.864+0000] {processor.py:208} INFO - Processing /home/hamza/Documents/project/Mlops/myenv/lib/python3.12/site-packages/airflow/example_dags/example_trigger_target_dag.py took 0.103 seconds
[2025-04-03T14:19:51.183+0000] {processor.py:186} INFO - Started process (PID=122995) to work on /home/hamza/Documents/project/Mlops/myenv/lib/python3.12/site-packages/airflow/example_dags/example_trigger_target_dag.py
[2025-04-03T14:19:51.185+0000] {processor.py:914} INFO - Processing file /home/hamza/Documents/project/Mlops/myenv/lib/python3.12/site-packages/airflow/example_dags/example_trigger_target_dag.py for tasks to queue
[2025-04-03T14:19:51.187+0000] {logging_mixin.py:190} INFO - [2025-04-03T14:19:51.187+0000] {dagbag.py:588} INFO - Filling up the DagBag from /home/hamza/Documents/project/Mlops/myenv/lib/python3.12/site-packages/airflow/example_dags/example_trigger_target_dag.py
[2025-04-03T14:19:51.199+0000] {processor.py:925} INFO - DAG(s) 'example_trigger_target_dag' retrieved from /home/hamza/Documents/project/Mlops/myenv/lib/python3.12/site-packages/airflow/example_dags/example_trigger_target_dag.py
[2025-04-03T14:19:51.228+0000] {logging_mixin.py:190} INFO - [2025-04-03T14:19:51.227+0000] {dag.py:3239} INFO - Sync 1 DAGs
[2025-04-03T14:19:51.247+0000] {logging_mixin.py:190} INFO - [2025-04-03T14:19:51.247+0000] {dag.py:4180} INFO - Setting next_dagrun for example_trigger_target_dag to None, run_after=None
[2025-04-03T14:19:51.287+0000] {processor.py:208} INFO - Processing /home/hamza/Documents/project/Mlops/myenv/lib/python3.12/site-packages/airflow/example_dags/example_trigger_target_dag.py took 0.114 seconds
[2025-04-03T15:08:08.855+0000] {processor.py:186} INFO - Started process (PID=35742) to work on /home/hamza/Documents/project/Mlops/myenv/lib/python3.12/site-packages/airflow/example_dags/example_trigger_target_dag.py
[2025-04-03T15:08:08.858+0000] {processor.py:914} INFO - Processing file /home/hamza/Documents/project/Mlops/myenv/lib/python3.12/site-packages/airflow/example_dags/example_trigger_target_dag.py for tasks to queue
[2025-04-03T15:08:08.862+0000] {logging_mixin.py:190} INFO - [2025-04-03T15:08:08.861+0000] {dagbag.py:588} INFO - Filling up the DagBag from /home/hamza/Documents/project/Mlops/myenv/lib/python3.12/site-packages/airflow/example_dags/example_trigger_target_dag.py
[2025-04-03T15:08:08.879+0000] {processor.py:925} INFO - DAG(s) 'example_trigger_target_dag' retrieved from /home/hamza/Documents/project/Mlops/myenv/lib/python3.12/site-packages/airflow/example_dags/example_trigger_target_dag.py
[2025-04-03T15:08:08.956+0000] {logging_mixin.py:190} INFO - [2025-04-03T15:08:08.956+0000] {dag.py:3239} INFO - Sync 1 DAGs
[2025-04-03T15:08:08.977+0000] {logging_mixin.py:190} INFO - [2025-04-03T15:08:08.977+0000] {dag.py:4180} INFO - Setting next_dagrun for example_trigger_target_dag to None, run_after=None
[2025-04-03T15:08:09.016+0000] {processor.py:208} INFO - Processing /home/hamza/Documents/project/Mlops/myenv/lib/python3.12/site-packages/airflow/example_dags/example_trigger_target_dag.py took 0.182 seconds
[2025-04-03T15:09:23.951+0000] {processor.py:186} INFO - Started process (PID=36762) to work on /home/hamza/Documents/project/Mlops/myenv/lib/python3.12/site-packages/airflow/example_dags/example_trigger_target_dag.py
[2025-04-03T15:09:23.953+0000] {processor.py:914} INFO - Processing file /home/hamza/Documents/project/Mlops/myenv/lib/python3.12/site-packages/airflow/example_dags/example_trigger_target_dag.py for tasks to queue
[2025-04-03T15:09:23.957+0000] {logging_mixin.py:190} INFO - [2025-04-03T15:09:23.957+0000] {dagbag.py:588} INFO - Filling up the DagBag from /home/hamza/Documents/project/Mlops/myenv/lib/python3.12/site-packages/airflow/example_dags/example_trigger_target_dag.py
[2025-04-03T15:09:23.971+0000] {processor.py:925} INFO - DAG(s) 'example_trigger_target_dag' retrieved from /home/hamza/Documents/project/Mlops/myenv/lib/python3.12/site-packages/airflow/example_dags/example_trigger_target_dag.py
[2025-04-03T15:09:23.997+0000] {logging_mixin.py:190} INFO - [2025-04-03T15:09:23.997+0000] {dag.py:3239} INFO - Sync 1 DAGs
[2025-04-03T15:09:24.017+0000] {logging_mixin.py:190} INFO - [2025-04-03T15:09:24.017+0000] {dag.py:4180} INFO - Setting next_dagrun for example_trigger_target_dag to None, run_after=None
[2025-04-03T15:09:24.053+0000] {processor.py:208} INFO - Processing /home/hamza/Documents/project/Mlops/myenv/lib/python3.12/site-packages/airflow/example_dags/example_trigger_target_dag.py took 0.111 seconds
[2025-04-03T15:10:53.343+0000] {processor.py:186} INFO - Started process (PID=37598) to work on /home/hamza/Documents/project/Mlops/myenv/lib/python3.12/site-packages/airflow/example_dags/example_trigger_target_dag.py
[2025-04-03T15:10:53.345+0000] {processor.py:914} INFO - Processing file /home/hamza/Documents/project/Mlops/myenv/lib/python3.12/site-packages/airflow/example_dags/example_trigger_target_dag.py for tasks to queue
[2025-04-03T15:10:53.349+0000] {logging_mixin.py:190} INFO - [2025-04-03T15:10:53.348+0000] {dagbag.py:588} INFO - Filling up the DagBag from /home/hamza/Documents/project/Mlops/myenv/lib/python3.12/site-packages/airflow/example_dags/example_trigger_target_dag.py
[2025-04-03T15:10:53.362+0000] {processor.py:925} INFO - DAG(s) 'example_trigger_target_dag' retrieved from /home/hamza/Documents/project/Mlops/myenv/lib/python3.12/site-packages/airflow/example_dags/example_trigger_target_dag.py
[2025-04-03T15:10:53.386+0000] {logging_mixin.py:190} INFO - [2025-04-03T15:10:53.385+0000] {dag.py:3239} INFO - Sync 1 DAGs
[2025-04-03T15:10:53.405+0000] {logging_mixin.py:190} INFO - [2025-04-03T15:10:53.405+0000] {dag.py:4180} INFO - Setting next_dagrun for example_trigger_target_dag to None, run_after=None
[2025-04-03T15:10:53.442+0000] {processor.py:208} INFO - Processing /home/hamza/Documents/project/Mlops/myenv/lib/python3.12/site-packages/airflow/example_dags/example_trigger_target_dag.py took 0.108 seconds
[2025-04-03T15:12:21.498+0000] {processor.py:186} INFO - Started process (PID=38400) to work on /home/hamza/Documents/project/Mlops/myenv/lib/python3.12/site-packages/airflow/example_dags/example_trigger_target_dag.py
[2025-04-03T15:12:21.503+0000] {processor.py:914} INFO - Processing file /home/hamza/Documents/project/Mlops/myenv/lib/python3.12/site-packages/airflow/example_dags/example_trigger_target_dag.py for tasks to queue
[2025-04-03T15:12:21.508+0000] {logging_mixin.py:190} INFO - [2025-04-03T15:12:21.507+0000] {dagbag.py:588} INFO - Filling up the DagBag from /home/hamza/Documents/project/Mlops/myenv/lib/python3.12/site-packages/airflow/example_dags/example_trigger_target_dag.py
[2025-04-03T15:12:21.521+0000] {processor.py:925} INFO - DAG(s) 'example_trigger_target_dag' retrieved from /home/hamza/Documents/project/Mlops/myenv/lib/python3.12/site-packages/airflow/example_dags/example_trigger_target_dag.py
[2025-04-03T15:12:21.546+0000] {logging_mixin.py:190} INFO - [2025-04-03T15:12:21.545+0000] {dag.py:3239} INFO - Sync 1 DAGs
[2025-04-03T15:12:21.566+0000] {logging_mixin.py:190} INFO - [2025-04-03T15:12:21.566+0000] {dag.py:4180} INFO - Setting next_dagrun for example_trigger_target_dag to None, run_after=None
[2025-04-03T15:12:21.606+0000] {processor.py:208} INFO - Processing /home/hamza/Documents/project/Mlops/myenv/lib/python3.12/site-packages/airflow/example_dags/example_trigger_target_dag.py took 0.116 seconds
[2025-04-03T15:13:58.266+0000] {processor.py:186} INFO - Started process (PID=39301) to work on /home/hamza/Documents/project/Mlops/myenv/lib/python3.12/site-packages/airflow/example_dags/example_trigger_target_dag.py
[2025-04-03T15:13:58.270+0000] {processor.py:914} INFO - Processing file /home/hamza/Documents/project/Mlops/myenv/lib/python3.12/site-packages/airflow/example_dags/example_trigger_target_dag.py for tasks to queue
[2025-04-03T15:13:58.274+0000] {logging_mixin.py:190} INFO - [2025-04-03T15:13:58.274+0000] {dagbag.py:588} INFO - Filling up the DagBag from /home/hamza/Documents/project/Mlops/myenv/lib/python3.12/site-packages/airflow/example_dags/example_trigger_target_dag.py
[2025-04-03T15:13:58.288+0000] {processor.py:925} INFO - DAG(s) 'example_trigger_target_dag' retrieved from /home/hamza/Documents/project/Mlops/myenv/lib/python3.12/site-packages/airflow/example_dags/example_trigger_target_dag.py
[2025-04-03T15:13:58.314+0000] {logging_mixin.py:190} INFO - [2025-04-03T15:13:58.313+0000] {dag.py:3239} INFO - Sync 1 DAGs
[2025-04-03T15:13:58.333+0000] {logging_mixin.py:190} INFO - [2025-04-03T15:13:58.333+0000] {dag.py:4180} INFO - Setting next_dagrun for example_trigger_target_dag to None, run_after=None
[2025-04-03T15:13:58.376+0000] {processor.py:208} INFO - Processing /home/hamza/Documents/project/Mlops/myenv/lib/python3.12/site-packages/airflow/example_dags/example_trigger_target_dag.py took 0.119 seconds
[2025-04-03T15:15:32.095+0000] {processor.py:186} INFO - Started process (PID=40252) to work on /home/hamza/Documents/project/Mlops/myenv/lib/python3.12/site-packages/airflow/example_dags/example_trigger_target_dag.py
[2025-04-03T15:15:32.096+0000] {processor.py:914} INFO - Processing file /home/hamza/Documents/project/Mlops/myenv/lib/python3.12/site-packages/airflow/example_dags/example_trigger_target_dag.py for tasks to queue
[2025-04-03T15:15:32.101+0000] {logging_mixin.py:190} INFO - [2025-04-03T15:15:32.100+0000] {dagbag.py:588} INFO - Filling up the DagBag from /home/hamza/Documents/project/Mlops/myenv/lib/python3.12/site-packages/airflow/example_dags/example_trigger_target_dag.py
[2025-04-03T15:15:32.116+0000] {processor.py:925} INFO - DAG(s) 'example_trigger_target_dag' retrieved from /home/hamza/Documents/project/Mlops/myenv/lib/python3.12/site-packages/airflow/example_dags/example_trigger_target_dag.py
[2025-04-03T15:15:32.148+0000] {logging_mixin.py:190} INFO - [2025-04-03T15:15:32.147+0000] {dag.py:3239} INFO - Sync 1 DAGs
[2025-04-03T15:15:32.179+0000] {logging_mixin.py:190} INFO - [2025-04-03T15:15:32.179+0000] {dag.py:4180} INFO - Setting next_dagrun for example_trigger_target_dag to None, run_after=None
[2025-04-03T15:15:32.224+0000] {processor.py:208} INFO - Processing /home/hamza/Documents/project/Mlops/myenv/lib/python3.12/site-packages/airflow/example_dags/example_trigger_target_dag.py took 0.140 seconds
[2025-04-03T15:17:10.496+0000] {processor.py:186} INFO - Started process (PID=41212) to work on /home/hamza/Documents/project/Mlops/myenv/lib/python3.12/site-packages/airflow/example_dags/example_trigger_target_dag.py
[2025-04-03T15:17:10.497+0000] {processor.py:914} INFO - Processing file /home/hamza/Documents/project/Mlops/myenv/lib/python3.12/site-packages/airflow/example_dags/example_trigger_target_dag.py for tasks to queue
[2025-04-03T15:17:10.501+0000] {logging_mixin.py:190} INFO - [2025-04-03T15:17:10.500+0000] {dagbag.py:588} INFO - Filling up the DagBag from /home/hamza/Documents/project/Mlops/myenv/lib/python3.12/site-packages/airflow/example_dags/example_trigger_target_dag.py
[2025-04-03T15:17:10.515+0000] {processor.py:925} INFO - DAG(s) 'example_trigger_target_dag' retrieved from /home/hamza/Documents/project/Mlops/myenv/lib/python3.12/site-packages/airflow/example_dags/example_trigger_target_dag.py
[2025-04-03T15:17:10.538+0000] {logging_mixin.py:190} INFO - [2025-04-03T15:17:10.538+0000] {dag.py:3239} INFO - Sync 1 DAGs
[2025-04-03T15:17:10.558+0000] {logging_mixin.py:190} INFO - [2025-04-03T15:17:10.557+0000] {dag.py:4180} INFO - Setting next_dagrun for example_trigger_target_dag to None, run_after=None
[2025-04-03T15:17:10.590+0000] {processor.py:208} INFO - Processing /home/hamza/Documents/project/Mlops/myenv/lib/python3.12/site-packages/airflow/example_dags/example_trigger_target_dag.py took 0.102 seconds
[2025-04-03T15:18:43.698+0000] {processor.py:186} INFO - Started process (PID=42210) to work on /home/hamza/Documents/project/Mlops/myenv/lib/python3.12/site-packages/airflow/example_dags/example_trigger_target_dag.py
[2025-04-03T15:18:43.701+0000] {processor.py:914} INFO - Processing file /home/hamza/Documents/project/Mlops/myenv/lib/python3.12/site-packages/airflow/example_dags/example_trigger_target_dag.py for tasks to queue
[2025-04-03T15:18:43.704+0000] {logging_mixin.py:190} INFO - [2025-04-03T15:18:43.704+0000] {dagbag.py:588} INFO - Filling up the DagBag from /home/hamza/Documents/project/Mlops/myenv/lib/python3.12/site-packages/airflow/example_dags/example_trigger_target_dag.py
[2025-04-03T15:18:43.719+0000] {processor.py:925} INFO - DAG(s) 'example_trigger_target_dag' retrieved from /home/hamza/Documents/project/Mlops/myenv/lib/python3.12/site-packages/airflow/example_dags/example_trigger_target_dag.py
[2025-04-03T15:18:43.748+0000] {logging_mixin.py:190} INFO - [2025-04-03T15:18:43.748+0000] {dag.py:3239} INFO - Sync 1 DAGs
[2025-04-03T15:18:43.771+0000] {logging_mixin.py:190} INFO - [2025-04-03T15:18:43.770+0000] {dag.py:4180} INFO - Setting next_dagrun for example_trigger_target_dag to None, run_after=None
[2025-04-03T15:18:43.816+0000] {processor.py:208} INFO - Processing /home/hamza/Documents/project/Mlops/myenv/lib/python3.12/site-packages/airflow/example_dags/example_trigger_target_dag.py took 0.129 seconds
