[2025-04-03T13:43:16.272+0000] {processor.py:186} INFO - Started process (PID=98155) to work on /home/hamza/Documents/project/Mlops/myenv/lib/python3.12/site-packages/airflow/example_dags/example_xcomargs.py
[2025-04-03T13:43:16.274+0000] {processor.py:914} INFO - Processing file /home/hamza/Documents/project/Mlops/myenv/lib/python3.12/site-packages/airflow/example_dags/example_xcomargs.py for tasks to queue
[2025-04-03T13:43:16.277+0000] {logging_mixin.py:190} INFO - [2025-04-03T13:43:16.277+0000] {dagbag.py:588} INFO - Filling up the DagBag from /home/hamza/Documents/project/Mlops/myenv/lib/python3.12/site-packages/airflow/example_dags/example_xcomargs.py
[2025-04-03T13:43:16.295+0000] {processor.py:925} INFO - DAG(s) 'example_xcom_args_with_operators', 'example_xcom_args' retrieved from /home/hamza/Documents/project/Mlops/myenv/lib/python3.12/site-packages/airflow/example_dags/example_xcomargs.py
[2025-04-03T13:43:16.485+0000] {logging_mixin.py:190} INFO - [2025-04-03T13:43:16.483+0000] {override.py:1930} INFO - Created Permission View: can delete on DAG:example_xcom_args_with_operators
[2025-04-03T13:43:16.507+0000] {logging_mixin.py:190} INFO - [2025-04-03T13:43:16.506+0000] {override.py:1930} INFO - Created Permission View: can read on DAG:example_xcom_args_with_operators
[2025-04-03T13:43:16.528+0000] {logging_mixin.py:190} INFO - [2025-04-03T13:43:16.527+0000] {override.py:1930} INFO - Created Permission View: can edit on DAG:example_xcom_args_with_operators
[2025-04-03T13:43:16.554+0000] {logging_mixin.py:190} INFO - [2025-04-03T13:43:16.553+0000] {override.py:1930} INFO - Created Permission View: can delete on DAG Run:example_xcom_args_with_operators
[2025-04-03T13:43:16.573+0000] {logging_mixin.py:190} INFO - [2025-04-03T13:43:16.572+0000] {override.py:1930} INFO - Created Permission View: can read on DAG Run:example_xcom_args_with_operators
[2025-04-03T13:43:16.589+0000] {logging_mixin.py:190} INFO - [2025-04-03T13:43:16.588+0000] {override.py:1930} INFO - Created Permission View: menu access on DAG Run:example_xcom_args_with_operators
[2025-04-03T13:43:16.602+0000] {logging_mixin.py:190} INFO - [2025-04-03T13:43:16.602+0000] {override.py:1930} INFO - Created Permission View: can create on DAG Run:example_xcom_args_with_operators
[2025-04-03T13:43:16.637+0000] {logging_mixin.py:190} INFO - [2025-04-03T13:43:16.636+0000] {override.py:1930} INFO - Created Permission View: can delete on DAG:example_xcom_args
[2025-04-03T13:43:16.652+0000] {logging_mixin.py:190} INFO - [2025-04-03T13:43:16.651+0000] {override.py:1930} INFO - Created Permission View: can read on DAG:example_xcom_args
[2025-04-03T13:43:16.665+0000] {logging_mixin.py:190} INFO - [2025-04-03T13:43:16.665+0000] {override.py:1930} INFO - Created Permission View: can edit on DAG:example_xcom_args
[2025-04-03T13:43:16.690+0000] {logging_mixin.py:190} INFO - [2025-04-03T13:43:16.690+0000] {override.py:1930} INFO - Created Permission View: can delete on DAG Run:example_xcom_args
[2025-04-03T13:43:16.704+0000] {logging_mixin.py:190} INFO - [2025-04-03T13:43:16.704+0000] {override.py:1930} INFO - Created Permission View: can read on DAG Run:example_xcom_args
[2025-04-03T13:43:16.718+0000] {logging_mixin.py:190} INFO - [2025-04-03T13:43:16.718+0000] {override.py:1930} INFO - Created Permission View: menu access on DAG Run:example_xcom_args
[2025-04-03T13:43:16.733+0000] {logging_mixin.py:190} INFO - [2025-04-03T13:43:16.732+0000] {override.py:1930} INFO - Created Permission View: can create on DAG Run:example_xcom_args
[2025-04-03T13:43:16.733+0000] {logging_mixin.py:190} INFO - [2025-04-03T13:43:16.733+0000] {dag.py:3239} INFO - Sync 2 DAGs
[2025-04-03T13:43:16.754+0000] {logging_mixin.py:190} INFO - [2025-04-03T13:43:16.753+0000] {dag.py:3262} INFO - Creating ORM DAG for example_xcom_args_with_operators
[2025-04-03T13:43:16.755+0000] {logging_mixin.py:190} INFO - [2025-04-03T13:43:16.755+0000] {dag.py:3262} INFO - Creating ORM DAG for example_xcom_args
[2025-04-03T13:43:16.756+0000] {logging_mixin.py:190} INFO - [2025-04-03T13:43:16.756+0000] {dag.py:4180} INFO - Setting next_dagrun for example_xcom_args to None, run_after=None
[2025-04-03T13:43:16.757+0000] {logging_mixin.py:190} INFO - [2025-04-03T13:43:16.757+0000] {dag.py:4180} INFO - Setting next_dagrun for example_xcom_args_with_operators to None, run_after=None
[2025-04-03T13:43:16.788+0000] {processor.py:208} INFO - Processing /home/hamza/Documents/project/Mlops/myenv/lib/python3.12/site-packages/airflow/example_dags/example_xcomargs.py took 0.526 seconds
[2025-04-03T13:44:34.294+0000] {processor.py:186} INFO - Started process (PID=99348) to work on /home/hamza/Documents/project/Mlops/myenv/lib/python3.12/site-packages/airflow/example_dags/example_xcomargs.py
[2025-04-03T13:44:34.295+0000] {processor.py:914} INFO - Processing file /home/hamza/Documents/project/Mlops/myenv/lib/python3.12/site-packages/airflow/example_dags/example_xcomargs.py for tasks to queue
[2025-04-03T13:44:34.299+0000] {logging_mixin.py:190} INFO - [2025-04-03T13:44:34.299+0000] {dagbag.py:588} INFO - Filling up the DagBag from /home/hamza/Documents/project/Mlops/myenv/lib/python3.12/site-packages/airflow/example_dags/example_xcomargs.py
[2025-04-03T13:44:34.316+0000] {processor.py:925} INFO - DAG(s) 'example_xcom_args_with_operators', 'example_xcom_args' retrieved from /home/hamza/Documents/project/Mlops/myenv/lib/python3.12/site-packages/airflow/example_dags/example_xcomargs.py
[2025-04-03T13:44:34.348+0000] {logging_mixin.py:190} INFO - [2025-04-03T13:44:34.348+0000] {dag.py:3239} INFO - Sync 2 DAGs
[2025-04-03T13:44:34.369+0000] {logging_mixin.py:190} INFO - [2025-04-03T13:44:34.369+0000] {dag.py:4180} INFO - Setting next_dagrun for example_xcom_args to None, run_after=None
[2025-04-03T13:44:34.374+0000] {logging_mixin.py:190} INFO - [2025-04-03T13:44:34.374+0000] {dag.py:4180} INFO - Setting next_dagrun for example_xcom_args_with_operators to None, run_after=None
[2025-04-03T13:44:34.404+0000] {processor.py:208} INFO - Processing /home/hamza/Documents/project/Mlops/myenv/lib/python3.12/site-packages/airflow/example_dags/example_xcomargs.py took 0.120 seconds
[2025-04-03T13:45:40.168+0000] {processor.py:186} INFO - Started process (PID=99923) to work on /home/hamza/Documents/project/Mlops/myenv/lib/python3.12/site-packages/airflow/example_dags/example_xcomargs.py
[2025-04-03T13:45:40.171+0000] {processor.py:914} INFO - Processing file /home/hamza/Documents/project/Mlops/myenv/lib/python3.12/site-packages/airflow/example_dags/example_xcomargs.py for tasks to queue
[2025-04-03T13:45:40.174+0000] {logging_mixin.py:190} INFO - [2025-04-03T13:45:40.173+0000] {dagbag.py:588} INFO - Filling up the DagBag from /home/hamza/Documents/project/Mlops/myenv/lib/python3.12/site-packages/airflow/example_dags/example_xcomargs.py
[2025-04-03T13:45:40.193+0000] {processor.py:925} INFO - DAG(s) 'example_xcom_args_with_operators', 'example_xcom_args' retrieved from /home/hamza/Documents/project/Mlops/myenv/lib/python3.12/site-packages/airflow/example_dags/example_xcomargs.py
[2025-04-03T13:45:40.227+0000] {logging_mixin.py:190} INFO - [2025-04-03T13:45:40.227+0000] {dag.py:3239} INFO - Sync 2 DAGs
[2025-04-03T13:45:40.248+0000] {logging_mixin.py:190} INFO - [2025-04-03T13:45:40.247+0000] {dag.py:4180} INFO - Setting next_dagrun for example_xcom_args to None, run_after=None
[2025-04-03T13:45:40.254+0000] {logging_mixin.py:190} INFO - [2025-04-03T13:45:40.253+0000] {dag.py:4180} INFO - Setting next_dagrun for example_xcom_args_with_operators to None, run_after=None
[2025-04-03T13:45:40.288+0000] {processor.py:208} INFO - Processing /home/hamza/Documents/project/Mlops/myenv/lib/python3.12/site-packages/airflow/example_dags/example_xcomargs.py took 0.129 seconds
[2025-04-03T13:46:49.368+0000] {processor.py:186} INFO - Started process (PID=100616) to work on /home/hamza/Documents/project/Mlops/myenv/lib/python3.12/site-packages/airflow/example_dags/example_xcomargs.py
[2025-04-03T13:46:49.371+0000] {processor.py:914} INFO - Processing file /home/hamza/Documents/project/Mlops/myenv/lib/python3.12/site-packages/airflow/example_dags/example_xcomargs.py for tasks to queue
[2025-04-03T13:46:49.374+0000] {logging_mixin.py:190} INFO - [2025-04-03T13:46:49.373+0000] {dagbag.py:588} INFO - Filling up the DagBag from /home/hamza/Documents/project/Mlops/myenv/lib/python3.12/site-packages/airflow/example_dags/example_xcomargs.py
[2025-04-03T13:46:49.392+0000] {processor.py:925} INFO - DAG(s) 'example_xcom_args_with_operators', 'example_xcom_args' retrieved from /home/hamza/Documents/project/Mlops/myenv/lib/python3.12/site-packages/airflow/example_dags/example_xcomargs.py
[2025-04-03T13:46:49.424+0000] {logging_mixin.py:190} INFO - [2025-04-03T13:46:49.423+0000] {dag.py:3239} INFO - Sync 2 DAGs
[2025-04-03T13:46:49.445+0000] {logging_mixin.py:190} INFO - [2025-04-03T13:46:49.445+0000] {dag.py:4180} INFO - Setting next_dagrun for example_xcom_args to None, run_after=None
[2025-04-03T13:46:49.451+0000] {logging_mixin.py:190} INFO - [2025-04-03T13:46:49.451+0000] {dag.py:4180} INFO - Setting next_dagrun for example_xcom_args_with_operators to None, run_after=None
[2025-04-03T13:46:49.481+0000] {processor.py:208} INFO - Processing /home/hamza/Documents/project/Mlops/myenv/lib/python3.12/site-packages/airflow/example_dags/example_xcomargs.py took 0.123 seconds
[2025-04-03T13:47:55.919+0000] {processor.py:186} INFO - Started process (PID=101465) to work on /home/hamza/Documents/project/Mlops/myenv/lib/python3.12/site-packages/airflow/example_dags/example_xcomargs.py
[2025-04-03T13:47:55.921+0000] {processor.py:914} INFO - Processing file /home/hamza/Documents/project/Mlops/myenv/lib/python3.12/site-packages/airflow/example_dags/example_xcomargs.py for tasks to queue
[2025-04-03T13:47:55.924+0000] {logging_mixin.py:190} INFO - [2025-04-03T13:47:55.924+0000] {dagbag.py:588} INFO - Filling up the DagBag from /home/hamza/Documents/project/Mlops/myenv/lib/python3.12/site-packages/airflow/example_dags/example_xcomargs.py
[2025-04-03T13:47:55.942+0000] {processor.py:925} INFO - DAG(s) 'example_xcom_args', 'example_xcom_args_with_operators' retrieved from /home/hamza/Documents/project/Mlops/myenv/lib/python3.12/site-packages/airflow/example_dags/example_xcomargs.py
[2025-04-03T13:47:55.977+0000] {logging_mixin.py:190} INFO - [2025-04-03T13:47:55.976+0000] {dag.py:3239} INFO - Sync 2 DAGs
[2025-04-03T13:47:56.004+0000] {logging_mixin.py:190} INFO - [2025-04-03T13:47:56.004+0000] {dag.py:4180} INFO - Setting next_dagrun for example_xcom_args to None, run_after=None
[2025-04-03T13:47:56.011+0000] {logging_mixin.py:190} INFO - [2025-04-03T13:47:56.010+0000] {dag.py:4180} INFO - Setting next_dagrun for example_xcom_args_with_operators to None, run_after=None
[2025-04-03T13:47:56.045+0000] {processor.py:208} INFO - Processing /home/hamza/Documents/project/Mlops/myenv/lib/python3.12/site-packages/airflow/example_dags/example_xcomargs.py took 0.134 seconds
[2025-04-03T13:49:33.220+0000] {processor.py:186} INFO - Started process (PID=102820) to work on /home/hamza/Documents/project/Mlops/myenv/lib/python3.12/site-packages/airflow/example_dags/example_xcomargs.py
[2025-04-03T13:49:33.222+0000] {processor.py:914} INFO - Processing file /home/hamza/Documents/project/Mlops/myenv/lib/python3.12/site-packages/airflow/example_dags/example_xcomargs.py for tasks to queue
[2025-04-03T13:49:33.225+0000] {logging_mixin.py:190} INFO - [2025-04-03T13:49:33.224+0000] {dagbag.py:588} INFO - Filling up the DagBag from /home/hamza/Documents/project/Mlops/myenv/lib/python3.12/site-packages/airflow/example_dags/example_xcomargs.py
[2025-04-03T13:49:33.242+0000] {processor.py:925} INFO - DAG(s) 'example_xcom_args', 'example_xcom_args_with_operators' retrieved from /home/hamza/Documents/project/Mlops/myenv/lib/python3.12/site-packages/airflow/example_dags/example_xcomargs.py
[2025-04-03T13:49:33.290+0000] {logging_mixin.py:190} INFO - [2025-04-03T13:49:33.290+0000] {dag.py:3239} INFO - Sync 2 DAGs
[2025-04-03T13:49:33.309+0000] {logging_mixin.py:190} INFO - [2025-04-03T13:49:33.309+0000] {dag.py:4180} INFO - Setting next_dagrun for example_xcom_args to None, run_after=None
[2025-04-03T13:49:33.314+0000] {logging_mixin.py:190} INFO - [2025-04-03T13:49:33.314+0000] {dag.py:4180} INFO - Setting next_dagrun for example_xcom_args_with_operators to None, run_after=None
[2025-04-03T13:49:33.348+0000] {processor.py:208} INFO - Processing /home/hamza/Documents/project/Mlops/myenv/lib/python3.12/site-packages/airflow/example_dags/example_xcomargs.py took 0.137 seconds
[2025-04-03T13:50:52.836+0000] {processor.py:186} INFO - Started process (PID=103799) to work on /home/hamza/Documents/project/Mlops/myenv/lib/python3.12/site-packages/airflow/example_dags/example_xcomargs.py
[2025-04-03T13:50:52.837+0000] {processor.py:914} INFO - Processing file /home/hamza/Documents/project/Mlops/myenv/lib/python3.12/site-packages/airflow/example_dags/example_xcomargs.py for tasks to queue
[2025-04-03T13:50:52.842+0000] {logging_mixin.py:190} INFO - [2025-04-03T13:50:52.841+0000] {dagbag.py:588} INFO - Filling up the DagBag from /home/hamza/Documents/project/Mlops/myenv/lib/python3.12/site-packages/airflow/example_dags/example_xcomargs.py
[2025-04-03T13:50:52.861+0000] {processor.py:925} INFO - DAG(s) 'example_xcom_args_with_operators', 'example_xcom_args' retrieved from /home/hamza/Documents/project/Mlops/myenv/lib/python3.12/site-packages/airflow/example_dags/example_xcomargs.py
[2025-04-03T13:50:52.895+0000] {logging_mixin.py:190} INFO - [2025-04-03T13:50:52.894+0000] {dag.py:3239} INFO - Sync 2 DAGs
[2025-04-03T13:50:52.914+0000] {logging_mixin.py:190} INFO - [2025-04-03T13:50:52.913+0000] {dag.py:4180} INFO - Setting next_dagrun for example_xcom_args to None, run_after=None
[2025-04-03T13:50:52.920+0000] {logging_mixin.py:190} INFO - [2025-04-03T13:50:52.919+0000] {dag.py:4180} INFO - Setting next_dagrun for example_xcom_args_with_operators to None, run_after=None
[2025-04-03T13:50:52.951+0000] {processor.py:208} INFO - Processing /home/hamza/Documents/project/Mlops/myenv/lib/python3.12/site-packages/airflow/example_dags/example_xcomargs.py took 0.124 seconds
[2025-04-03T13:52:29.544+0000] {processor.py:186} INFO - Started process (PID=104897) to work on /home/hamza/Documents/project/Mlops/myenv/lib/python3.12/site-packages/airflow/example_dags/example_xcomargs.py
[2025-04-03T13:52:29.545+0000] {processor.py:914} INFO - Processing file /home/hamza/Documents/project/Mlops/myenv/lib/python3.12/site-packages/airflow/example_dags/example_xcomargs.py for tasks to queue
[2025-04-03T13:52:29.549+0000] {logging_mixin.py:190} INFO - [2025-04-03T13:52:29.548+0000] {dagbag.py:588} INFO - Filling up the DagBag from /home/hamza/Documents/project/Mlops/myenv/lib/python3.12/site-packages/airflow/example_dags/example_xcomargs.py
[2025-04-03T13:52:29.569+0000] {processor.py:925} INFO - DAG(s) 'example_xcom_args', 'example_xcom_args_with_operators' retrieved from /home/hamza/Documents/project/Mlops/myenv/lib/python3.12/site-packages/airflow/example_dags/example_xcomargs.py
[2025-04-03T13:52:29.603+0000] {logging_mixin.py:190} INFO - [2025-04-03T13:52:29.602+0000] {dag.py:3239} INFO - Sync 2 DAGs
[2025-04-03T13:52:29.630+0000] {logging_mixin.py:190} INFO - [2025-04-03T13:52:29.630+0000] {dag.py:4180} INFO - Setting next_dagrun for example_xcom_args to None, run_after=None
[2025-04-03T13:52:29.639+0000] {logging_mixin.py:190} INFO - [2025-04-03T13:52:29.638+0000] {dag.py:4180} INFO - Setting next_dagrun for example_xcom_args_with_operators to None, run_after=None
[2025-04-03T13:52:29.680+0000] {processor.py:208} INFO - Processing /home/hamza/Documents/project/Mlops/myenv/lib/python3.12/site-packages/airflow/example_dags/example_xcomargs.py took 0.144 seconds
[2025-04-03T13:54:05.351+0000] {processor.py:186} INFO - Started process (PID=105918) to work on /home/hamza/Documents/project/Mlops/myenv/lib/python3.12/site-packages/airflow/example_dags/example_xcomargs.py
[2025-04-03T13:54:05.353+0000] {processor.py:914} INFO - Processing file /home/hamza/Documents/project/Mlops/myenv/lib/python3.12/site-packages/airflow/example_dags/example_xcomargs.py for tasks to queue
[2025-04-03T13:54:05.357+0000] {logging_mixin.py:190} INFO - [2025-04-03T13:54:05.356+0000] {dagbag.py:588} INFO - Filling up the DagBag from /home/hamza/Documents/project/Mlops/myenv/lib/python3.12/site-packages/airflow/example_dags/example_xcomargs.py
[2025-04-03T13:54:05.376+0000] {processor.py:925} INFO - DAG(s) 'example_xcom_args', 'example_xcom_args_with_operators' retrieved from /home/hamza/Documents/project/Mlops/myenv/lib/python3.12/site-packages/airflow/example_dags/example_xcomargs.py
[2025-04-03T13:54:05.410+0000] {logging_mixin.py:190} INFO - [2025-04-03T13:54:05.409+0000] {dag.py:3239} INFO - Sync 2 DAGs
[2025-04-03T13:54:05.436+0000] {logging_mixin.py:190} INFO - [2025-04-03T13:54:05.435+0000] {dag.py:4180} INFO - Setting next_dagrun for example_xcom_args to None, run_after=None
[2025-04-03T13:54:05.442+0000] {logging_mixin.py:190} INFO - [2025-04-03T13:54:05.442+0000] {dag.py:4180} INFO - Setting next_dagrun for example_xcom_args_with_operators to None, run_after=None
[2025-04-03T13:54:05.483+0000] {processor.py:208} INFO - Processing /home/hamza/Documents/project/Mlops/myenv/lib/python3.12/site-packages/airflow/example_dags/example_xcomargs.py took 0.142 seconds
[2025-04-03T13:57:53.445+0000] {processor.py:186} INFO - Started process (PID=108938) to work on /home/hamza/Documents/project/Mlops/myenv/lib/python3.12/site-packages/airflow/example_dags/example_xcomargs.py
[2025-04-03T13:57:53.447+0000] {processor.py:914} INFO - Processing file /home/hamza/Documents/project/Mlops/myenv/lib/python3.12/site-packages/airflow/example_dags/example_xcomargs.py for tasks to queue
[2025-04-03T13:57:53.449+0000] {logging_mixin.py:190} INFO - [2025-04-03T13:57:53.448+0000] {dagbag.py:588} INFO - Filling up the DagBag from /home/hamza/Documents/project/Mlops/myenv/lib/python3.12/site-packages/airflow/example_dags/example_xcomargs.py
[2025-04-03T13:57:53.470+0000] {processor.py:925} INFO - DAG(s) 'example_xcom_args_with_operators', 'example_xcom_args' retrieved from /home/hamza/Documents/project/Mlops/myenv/lib/python3.12/site-packages/airflow/example_dags/example_xcomargs.py
[2025-04-03T13:57:53.516+0000] {logging_mixin.py:190} INFO - [2025-04-03T13:57:53.515+0000] {dag.py:3239} INFO - Sync 2 DAGs
[2025-04-03T13:57:53.536+0000] {logging_mixin.py:190} INFO - [2025-04-03T13:57:53.536+0000] {dag.py:4180} INFO - Setting next_dagrun for example_xcom_args to None, run_after=None
[2025-04-03T13:57:53.541+0000] {logging_mixin.py:190} INFO - [2025-04-03T13:57:53.541+0000] {dag.py:4180} INFO - Setting next_dagrun for example_xcom_args_with_operators to None, run_after=None
[2025-04-03T13:57:53.576+0000] {processor.py:208} INFO - Processing /home/hamza/Documents/project/Mlops/myenv/lib/python3.12/site-packages/airflow/example_dags/example_xcomargs.py took 0.140 seconds
[2025-04-03T13:59:01.777+0000] {processor.py:186} INFO - Started process (PID=109822) to work on /home/hamza/Documents/project/Mlops/myenv/lib/python3.12/site-packages/airflow/example_dags/example_xcomargs.py
[2025-04-03T13:59:01.779+0000] {processor.py:914} INFO - Processing file /home/hamza/Documents/project/Mlops/myenv/lib/python3.12/site-packages/airflow/example_dags/example_xcomargs.py for tasks to queue
[2025-04-03T13:59:01.782+0000] {logging_mixin.py:190} INFO - [2025-04-03T13:59:01.781+0000] {dagbag.py:588} INFO - Filling up the DagBag from /home/hamza/Documents/project/Mlops/myenv/lib/python3.12/site-packages/airflow/example_dags/example_xcomargs.py
[2025-04-03T13:59:01.802+0000] {processor.py:925} INFO - DAG(s) 'example_xcom_args_with_operators', 'example_xcom_args' retrieved from /home/hamza/Documents/project/Mlops/myenv/lib/python3.12/site-packages/airflow/example_dags/example_xcomargs.py
[2025-04-03T13:59:01.859+0000] {logging_mixin.py:190} INFO - [2025-04-03T13:59:01.859+0000] {dag.py:3239} INFO - Sync 2 DAGs
[2025-04-03T13:59:01.890+0000] {logging_mixin.py:190} INFO - [2025-04-03T13:59:01.889+0000] {dag.py:4180} INFO - Setting next_dagrun for example_xcom_args to None, run_after=None
[2025-04-03T13:59:01.898+0000] {logging_mixin.py:190} INFO - [2025-04-03T13:59:01.897+0000] {dag.py:4180} INFO - Setting next_dagrun for example_xcom_args_with_operators to None, run_after=None
[2025-04-03T13:59:01.933+0000] {processor.py:208} INFO - Processing /home/hamza/Documents/project/Mlops/myenv/lib/python3.12/site-packages/airflow/example_dags/example_xcomargs.py took 0.165 seconds
[2025-04-03T14:09:55.494+0000] {processor.py:186} INFO - Started process (PID=117903) to work on /home/hamza/Documents/project/Mlops/myenv/lib/python3.12/site-packages/airflow/example_dags/example_xcomargs.py
[2025-04-03T14:09:55.496+0000] {processor.py:914} INFO - Processing file /home/hamza/Documents/project/Mlops/myenv/lib/python3.12/site-packages/airflow/example_dags/example_xcomargs.py for tasks to queue
[2025-04-03T14:09:55.498+0000] {logging_mixin.py:190} INFO - [2025-04-03T14:09:55.497+0000] {dagbag.py:588} INFO - Filling up the DagBag from /home/hamza/Documents/project/Mlops/myenv/lib/python3.12/site-packages/airflow/example_dags/example_xcomargs.py
[2025-04-03T14:09:55.515+0000] {processor.py:925} INFO - DAG(s) 'example_xcom_args_with_operators', 'example_xcom_args' retrieved from /home/hamza/Documents/project/Mlops/myenv/lib/python3.12/site-packages/airflow/example_dags/example_xcomargs.py
[2025-04-03T14:09:55.564+0000] {logging_mixin.py:190} INFO - [2025-04-03T14:09:55.563+0000] {dag.py:3239} INFO - Sync 2 DAGs
[2025-04-03T14:09:55.589+0000] {logging_mixin.py:190} INFO - [2025-04-03T14:09:55.589+0000] {dag.py:4180} INFO - Setting next_dagrun for example_xcom_args to None, run_after=None
[2025-04-03T14:09:55.595+0000] {logging_mixin.py:190} INFO - [2025-04-03T14:09:55.594+0000] {dag.py:4180} INFO - Setting next_dagrun for example_xcom_args_with_operators to None, run_after=None
[2025-04-03T14:09:55.629+0000] {processor.py:208} INFO - Processing /home/hamza/Documents/project/Mlops/myenv/lib/python3.12/site-packages/airflow/example_dags/example_xcomargs.py took 0.147 seconds
[2025-04-03T14:11:09.872+0000] {processor.py:186} INFO - Started process (PID=118603) to work on /home/hamza/Documents/project/Mlops/myenv/lib/python3.12/site-packages/airflow/example_dags/example_xcomargs.py
[2025-04-03T14:11:09.873+0000] {processor.py:914} INFO - Processing file /home/hamza/Documents/project/Mlops/myenv/lib/python3.12/site-packages/airflow/example_dags/example_xcomargs.py for tasks to queue
[2025-04-03T14:11:09.877+0000] {logging_mixin.py:190} INFO - [2025-04-03T14:11:09.875+0000] {dagbag.py:588} INFO - Filling up the DagBag from /home/hamza/Documents/project/Mlops/myenv/lib/python3.12/site-packages/airflow/example_dags/example_xcomargs.py
[2025-04-03T14:11:09.895+0000] {processor.py:925} INFO - DAG(s) 'example_xcom_args', 'example_xcom_args_with_operators' retrieved from /home/hamza/Documents/project/Mlops/myenv/lib/python3.12/site-packages/airflow/example_dags/example_xcomargs.py
[2025-04-03T14:11:09.933+0000] {logging_mixin.py:190} INFO - [2025-04-03T14:11:09.932+0000] {dag.py:3239} INFO - Sync 2 DAGs
[2025-04-03T14:11:09.958+0000] {logging_mixin.py:190} INFO - [2025-04-03T14:11:09.957+0000] {dag.py:4180} INFO - Setting next_dagrun for example_xcom_args to None, run_after=None
[2025-04-03T14:11:09.965+0000] {logging_mixin.py:190} INFO - [2025-04-03T14:11:09.965+0000] {dag.py:4180} INFO - Setting next_dagrun for example_xcom_args_with_operators to None, run_after=None
[2025-04-03T14:11:09.999+0000] {processor.py:208} INFO - Processing /home/hamza/Documents/project/Mlops/myenv/lib/python3.12/site-packages/airflow/example_dags/example_xcomargs.py took 0.138 seconds
[2025-04-03T14:12:50.276+0000] {processor.py:186} INFO - Started process (PID=119522) to work on /home/hamza/Documents/project/Mlops/myenv/lib/python3.12/site-packages/airflow/example_dags/example_xcomargs.py
[2025-04-03T14:12:50.277+0000] {processor.py:914} INFO - Processing file /home/hamza/Documents/project/Mlops/myenv/lib/python3.12/site-packages/airflow/example_dags/example_xcomargs.py for tasks to queue
[2025-04-03T14:12:50.279+0000] {logging_mixin.py:190} INFO - [2025-04-03T14:12:50.279+0000] {dagbag.py:588} INFO - Filling up the DagBag from /home/hamza/Documents/project/Mlops/myenv/lib/python3.12/site-packages/airflow/example_dags/example_xcomargs.py
[2025-04-03T14:12:50.297+0000] {processor.py:925} INFO - DAG(s) 'example_xcom_args_with_operators', 'example_xcom_args' retrieved from /home/hamza/Documents/project/Mlops/myenv/lib/python3.12/site-packages/airflow/example_dags/example_xcomargs.py
[2025-04-03T14:12:50.331+0000] {logging_mixin.py:190} INFO - [2025-04-03T14:12:50.331+0000] {dag.py:3239} INFO - Sync 2 DAGs
[2025-04-03T14:12:50.353+0000] {logging_mixin.py:190} INFO - [2025-04-03T14:12:50.353+0000] {dag.py:4180} INFO - Setting next_dagrun for example_xcom_args to None, run_after=None
[2025-04-03T14:12:50.359+0000] {logging_mixin.py:190} INFO - [2025-04-03T14:12:50.358+0000] {dag.py:4180} INFO - Setting next_dagrun for example_xcom_args_with_operators to None, run_after=None
[2025-04-03T14:12:50.420+0000] {processor.py:208} INFO - Processing /home/hamza/Documents/project/Mlops/myenv/lib/python3.12/site-packages/airflow/example_dags/example_xcomargs.py took 0.155 seconds
[2025-04-03T14:18:33.955+0000] {processor.py:186} INFO - Started process (PID=122275) to work on /home/hamza/Documents/project/Mlops/myenv/lib/python3.12/site-packages/airflow/example_dags/example_xcomargs.py
[2025-04-03T14:18:33.956+0000] {processor.py:914} INFO - Processing file /home/hamza/Documents/project/Mlops/myenv/lib/python3.12/site-packages/airflow/example_dags/example_xcomargs.py for tasks to queue
[2025-04-03T14:18:33.958+0000] {logging_mixin.py:190} INFO - [2025-04-03T14:18:33.958+0000] {dagbag.py:588} INFO - Filling up the DagBag from /home/hamza/Documents/project/Mlops/myenv/lib/python3.12/site-packages/airflow/example_dags/example_xcomargs.py
[2025-04-03T14:18:33.973+0000] {processor.py:925} INFO - DAG(s) 'example_xcom_args_with_operators', 'example_xcom_args' retrieved from /home/hamza/Documents/project/Mlops/myenv/lib/python3.12/site-packages/airflow/example_dags/example_xcomargs.py
[2025-04-03T14:18:34.019+0000] {logging_mixin.py:190} INFO - [2025-04-03T14:18:34.019+0000] {dag.py:3239} INFO - Sync 2 DAGs
[2025-04-03T14:18:34.048+0000] {logging_mixin.py:190} INFO - [2025-04-03T14:18:34.048+0000] {dag.py:4180} INFO - Setting next_dagrun for example_xcom_args to None, run_after=None
[2025-04-03T14:18:34.056+0000] {logging_mixin.py:190} INFO - [2025-04-03T14:18:34.055+0000] {dag.py:4180} INFO - Setting next_dagrun for example_xcom_args_with_operators to None, run_after=None
[2025-04-03T14:18:34.097+0000] {processor.py:208} INFO - Processing /home/hamza/Documents/project/Mlops/myenv/lib/python3.12/site-packages/airflow/example_dags/example_xcomargs.py took 0.152 seconds
[2025-04-03T14:19:48.503+0000] {processor.py:186} INFO - Started process (PID=122971) to work on /home/hamza/Documents/project/Mlops/myenv/lib/python3.12/site-packages/airflow/example_dags/example_xcomargs.py
[2025-04-03T14:19:48.504+0000] {processor.py:914} INFO - Processing file /home/hamza/Documents/project/Mlops/myenv/lib/python3.12/site-packages/airflow/example_dags/example_xcomargs.py for tasks to queue
[2025-04-03T14:19:48.506+0000] {logging_mixin.py:190} INFO - [2025-04-03T14:19:48.506+0000] {dagbag.py:588} INFO - Filling up the DagBag from /home/hamza/Documents/project/Mlops/myenv/lib/python3.12/site-packages/airflow/example_dags/example_xcomargs.py
[2025-04-03T14:19:48.525+0000] {processor.py:925} INFO - DAG(s) 'example_xcom_args_with_operators', 'example_xcom_args' retrieved from /home/hamza/Documents/project/Mlops/myenv/lib/python3.12/site-packages/airflow/example_dags/example_xcomargs.py
[2025-04-03T14:19:48.563+0000] {logging_mixin.py:190} INFO - [2025-04-03T14:19:48.563+0000] {dag.py:3239} INFO - Sync 2 DAGs
[2025-04-03T14:19:48.590+0000] {logging_mixin.py:190} INFO - [2025-04-03T14:19:48.590+0000] {dag.py:4180} INFO - Setting next_dagrun for example_xcom_args to None, run_after=None
[2025-04-03T14:19:48.595+0000] {logging_mixin.py:190} INFO - [2025-04-03T14:19:48.594+0000] {dag.py:4180} INFO - Setting next_dagrun for example_xcom_args_with_operators to None, run_after=None
[2025-04-03T14:19:48.625+0000] {processor.py:208} INFO - Processing /home/hamza/Documents/project/Mlops/myenv/lib/python3.12/site-packages/airflow/example_dags/example_xcomargs.py took 0.134 seconds
[2025-04-03T15:08:05.226+0000] {processor.py:186} INFO - Started process (PID=35697) to work on /home/hamza/Documents/project/Mlops/myenv/lib/python3.12/site-packages/airflow/example_dags/example_xcomargs.py
[2025-04-03T15:08:05.227+0000] {processor.py:914} INFO - Processing file /home/hamza/Documents/project/Mlops/myenv/lib/python3.12/site-packages/airflow/example_dags/example_xcomargs.py for tasks to queue
[2025-04-03T15:08:05.231+0000] {logging_mixin.py:190} INFO - [2025-04-03T15:08:05.230+0000] {dagbag.py:588} INFO - Filling up the DagBag from /home/hamza/Documents/project/Mlops/myenv/lib/python3.12/site-packages/airflow/example_dags/example_xcomargs.py
[2025-04-03T15:08:05.246+0000] {processor.py:925} INFO - DAG(s) 'example_xcom_args_with_operators', 'example_xcom_args' retrieved from /home/hamza/Documents/project/Mlops/myenv/lib/python3.12/site-packages/airflow/example_dags/example_xcomargs.py
[2025-04-03T15:08:05.284+0000] {logging_mixin.py:190} INFO - [2025-04-03T15:08:05.284+0000] {dag.py:3239} INFO - Sync 2 DAGs
[2025-04-03T15:08:05.304+0000] {logging_mixin.py:190} INFO - [2025-04-03T15:08:05.304+0000] {dag.py:4180} INFO - Setting next_dagrun for example_xcom_args to None, run_after=None
[2025-04-03T15:08:05.311+0000] {logging_mixin.py:190} INFO - [2025-04-03T15:08:05.311+0000] {dag.py:4180} INFO - Setting next_dagrun for example_xcom_args_with_operators to None, run_after=None
[2025-04-03T15:08:05.347+0000] {processor.py:208} INFO - Processing /home/hamza/Documents/project/Mlops/myenv/lib/python3.12/site-packages/airflow/example_dags/example_xcomargs.py took 0.129 seconds
[2025-04-03T15:09:20.471+0000] {processor.py:186} INFO - Started process (PID=36738) to work on /home/hamza/Documents/project/Mlops/myenv/lib/python3.12/site-packages/airflow/example_dags/example_xcomargs.py
[2025-04-03T15:09:20.475+0000] {processor.py:914} INFO - Processing file /home/hamza/Documents/project/Mlops/myenv/lib/python3.12/site-packages/airflow/example_dags/example_xcomargs.py for tasks to queue
[2025-04-03T15:09:20.480+0000] {logging_mixin.py:190} INFO - [2025-04-03T15:09:20.480+0000] {dagbag.py:588} INFO - Filling up the DagBag from /home/hamza/Documents/project/Mlops/myenv/lib/python3.12/site-packages/airflow/example_dags/example_xcomargs.py
[2025-04-03T15:09:20.498+0000] {processor.py:925} INFO - DAG(s) 'example_xcom_args_with_operators', 'example_xcom_args' retrieved from /home/hamza/Documents/project/Mlops/myenv/lib/python3.12/site-packages/airflow/example_dags/example_xcomargs.py
[2025-04-03T15:09:20.529+0000] {logging_mixin.py:190} INFO - [2025-04-03T15:09:20.528+0000] {dag.py:3239} INFO - Sync 2 DAGs
[2025-04-03T15:09:20.549+0000] {logging_mixin.py:190} INFO - [2025-04-03T15:09:20.549+0000] {dag.py:4180} INFO - Setting next_dagrun for example_xcom_args to None, run_after=None
[2025-04-03T15:09:20.556+0000] {logging_mixin.py:190} INFO - [2025-04-03T15:09:20.555+0000] {dag.py:4180} INFO - Setting next_dagrun for example_xcom_args_with_operators to None, run_after=None
[2025-04-03T15:09:20.590+0000] {processor.py:208} INFO - Processing /home/hamza/Documents/project/Mlops/myenv/lib/python3.12/site-packages/airflow/example_dags/example_xcomargs.py took 0.128 seconds
[2025-04-03T15:10:49.527+0000] {processor.py:186} INFO - Started process (PID=37574) to work on /home/hamza/Documents/project/Mlops/myenv/lib/python3.12/site-packages/airflow/example_dags/example_xcomargs.py
[2025-04-03T15:10:49.528+0000] {processor.py:914} INFO - Processing file /home/hamza/Documents/project/Mlops/myenv/lib/python3.12/site-packages/airflow/example_dags/example_xcomargs.py for tasks to queue
[2025-04-03T15:10:49.533+0000] {logging_mixin.py:190} INFO - [2025-04-03T15:10:49.531+0000] {dagbag.py:588} INFO - Filling up the DagBag from /home/hamza/Documents/project/Mlops/myenv/lib/python3.12/site-packages/airflow/example_dags/example_xcomargs.py
[2025-04-03T15:10:49.550+0000] {processor.py:925} INFO - DAG(s) 'example_xcom_args_with_operators', 'example_xcom_args' retrieved from /home/hamza/Documents/project/Mlops/myenv/lib/python3.12/site-packages/airflow/example_dags/example_xcomargs.py
[2025-04-03T15:10:49.581+0000] {logging_mixin.py:190} INFO - [2025-04-03T15:10:49.581+0000] {dag.py:3239} INFO - Sync 2 DAGs
[2025-04-03T15:10:49.603+0000] {logging_mixin.py:190} INFO - [2025-04-03T15:10:49.603+0000] {dag.py:4180} INFO - Setting next_dagrun for example_xcom_args to None, run_after=None
[2025-04-03T15:10:49.610+0000] {logging_mixin.py:190} INFO - [2025-04-03T15:10:49.610+0000] {dag.py:4180} INFO - Setting next_dagrun for example_xcom_args_with_operators to None, run_after=None
[2025-04-03T15:10:49.645+0000] {processor.py:208} INFO - Processing /home/hamza/Documents/project/Mlops/myenv/lib/python3.12/site-packages/airflow/example_dags/example_xcomargs.py took 0.127 seconds
[2025-04-03T15:12:17.726+0000] {processor.py:186} INFO - Started process (PID=38368) to work on /home/hamza/Documents/project/Mlops/myenv/lib/python3.12/site-packages/airflow/example_dags/example_xcomargs.py
[2025-04-03T15:12:17.729+0000] {processor.py:914} INFO - Processing file /home/hamza/Documents/project/Mlops/myenv/lib/python3.12/site-packages/airflow/example_dags/example_xcomargs.py for tasks to queue
[2025-04-03T15:12:17.733+0000] {logging_mixin.py:190} INFO - [2025-04-03T15:12:17.732+0000] {dagbag.py:588} INFO - Filling up the DagBag from /home/hamza/Documents/project/Mlops/myenv/lib/python3.12/site-packages/airflow/example_dags/example_xcomargs.py
[2025-04-03T15:12:17.751+0000] {processor.py:925} INFO - DAG(s) 'example_xcom_args', 'example_xcom_args_with_operators' retrieved from /home/hamza/Documents/project/Mlops/myenv/lib/python3.12/site-packages/airflow/example_dags/example_xcomargs.py
[2025-04-03T15:12:17.780+0000] {logging_mixin.py:190} INFO - [2025-04-03T15:12:17.780+0000] {dag.py:3239} INFO - Sync 2 DAGs
[2025-04-03T15:12:17.800+0000] {logging_mixin.py:190} INFO - [2025-04-03T15:12:17.799+0000] {dag.py:4180} INFO - Setting next_dagrun for example_xcom_args to None, run_after=None
[2025-04-03T15:12:17.805+0000] {logging_mixin.py:190} INFO - [2025-04-03T15:12:17.805+0000] {dag.py:4180} INFO - Setting next_dagrun for example_xcom_args_with_operators to None, run_after=None
[2025-04-03T15:12:17.837+0000] {processor.py:208} INFO - Processing /home/hamza/Documents/project/Mlops/myenv/lib/python3.12/site-packages/airflow/example_dags/example_xcomargs.py took 0.119 seconds
[2025-04-03T15:13:54.923+0000] {processor.py:186} INFO - Started process (PID=39264) to work on /home/hamza/Documents/project/Mlops/myenv/lib/python3.12/site-packages/airflow/example_dags/example_xcomargs.py
[2025-04-03T15:13:54.926+0000] {processor.py:914} INFO - Processing file /home/hamza/Documents/project/Mlops/myenv/lib/python3.12/site-packages/airflow/example_dags/example_xcomargs.py for tasks to queue
[2025-04-03T15:13:54.929+0000] {logging_mixin.py:190} INFO - [2025-04-03T15:13:54.929+0000] {dagbag.py:588} INFO - Filling up the DagBag from /home/hamza/Documents/project/Mlops/myenv/lib/python3.12/site-packages/airflow/example_dags/example_xcomargs.py
[2025-04-03T15:13:54.950+0000] {processor.py:925} INFO - DAG(s) 'example_xcom_args', 'example_xcom_args_with_operators' retrieved from /home/hamza/Documents/project/Mlops/myenv/lib/python3.12/site-packages/airflow/example_dags/example_xcomargs.py
[2025-04-03T15:13:54.981+0000] {logging_mixin.py:190} INFO - [2025-04-03T15:13:54.981+0000] {dag.py:3239} INFO - Sync 2 DAGs
[2025-04-03T15:13:55.001+0000] {logging_mixin.py:190} INFO - [2025-04-03T15:13:55.001+0000] {dag.py:4180} INFO - Setting next_dagrun for example_xcom_args to None, run_after=None
[2025-04-03T15:13:55.007+0000] {logging_mixin.py:190} INFO - [2025-04-03T15:13:55.007+0000] {dag.py:4180} INFO - Setting next_dagrun for example_xcom_args_with_operators to None, run_after=None
[2025-04-03T15:13:55.036+0000] {processor.py:208} INFO - Processing /home/hamza/Documents/project/Mlops/myenv/lib/python3.12/site-packages/airflow/example_dags/example_xcomargs.py took 0.122 seconds
[2025-04-03T15:15:28.302+0000] {processor.py:186} INFO - Started process (PID=40213) to work on /home/hamza/Documents/project/Mlops/myenv/lib/python3.12/site-packages/airflow/example_dags/example_xcomargs.py
[2025-04-03T15:15:28.304+0000] {processor.py:914} INFO - Processing file /home/hamza/Documents/project/Mlops/myenv/lib/python3.12/site-packages/airflow/example_dags/example_xcomargs.py for tasks to queue
[2025-04-03T15:15:28.309+0000] {logging_mixin.py:190} INFO - [2025-04-03T15:15:28.308+0000] {dagbag.py:588} INFO - Filling up the DagBag from /home/hamza/Documents/project/Mlops/myenv/lib/python3.12/site-packages/airflow/example_dags/example_xcomargs.py
[2025-04-03T15:15:28.327+0000] {processor.py:925} INFO - DAG(s) 'example_xcom_args_with_operators', 'example_xcom_args' retrieved from /home/hamza/Documents/project/Mlops/myenv/lib/python3.12/site-packages/airflow/example_dags/example_xcomargs.py
[2025-04-03T15:15:28.356+0000] {logging_mixin.py:190} INFO - [2025-04-03T15:15:28.356+0000] {dag.py:3239} INFO - Sync 2 DAGs
[2025-04-03T15:15:28.377+0000] {logging_mixin.py:190} INFO - [2025-04-03T15:15:28.377+0000] {dag.py:4180} INFO - Setting next_dagrun for example_xcom_args to None, run_after=None
[2025-04-03T15:15:28.384+0000] {logging_mixin.py:190} INFO - [2025-04-03T15:15:28.383+0000] {dag.py:4180} INFO - Setting next_dagrun for example_xcom_args_with_operators to None, run_after=None
[2025-04-03T15:15:28.415+0000] {processor.py:208} INFO - Processing /home/hamza/Documents/project/Mlops/myenv/lib/python3.12/site-packages/airflow/example_dags/example_xcomargs.py took 0.122 seconds
[2025-04-03T15:17:06.696+0000] {processor.py:186} INFO - Started process (PID=41175) to work on /home/hamza/Documents/project/Mlops/myenv/lib/python3.12/site-packages/airflow/example_dags/example_xcomargs.py
[2025-04-03T15:17:06.698+0000] {processor.py:914} INFO - Processing file /home/hamza/Documents/project/Mlops/myenv/lib/python3.12/site-packages/airflow/example_dags/example_xcomargs.py for tasks to queue
[2025-04-03T15:17:06.701+0000] {logging_mixin.py:190} INFO - [2025-04-03T15:17:06.700+0000] {dagbag.py:588} INFO - Filling up the DagBag from /home/hamza/Documents/project/Mlops/myenv/lib/python3.12/site-packages/airflow/example_dags/example_xcomargs.py
[2025-04-03T15:17:06.718+0000] {processor.py:925} INFO - DAG(s) 'example_xcom_args', 'example_xcom_args_with_operators' retrieved from /home/hamza/Documents/project/Mlops/myenv/lib/python3.12/site-packages/airflow/example_dags/example_xcomargs.py
[2025-04-03T15:17:06.747+0000] {logging_mixin.py:190} INFO - [2025-04-03T15:17:06.746+0000] {dag.py:3239} INFO - Sync 2 DAGs
[2025-04-03T15:17:06.771+0000] {logging_mixin.py:190} INFO - [2025-04-03T15:17:06.770+0000] {dag.py:4180} INFO - Setting next_dagrun for example_xcom_args to None, run_after=None
[2025-04-03T15:17:06.779+0000] {logging_mixin.py:190} INFO - [2025-04-03T15:17:06.778+0000] {dag.py:4180} INFO - Setting next_dagrun for example_xcom_args_with_operators to None, run_after=None
[2025-04-03T15:17:06.812+0000] {processor.py:208} INFO - Processing /home/hamza/Documents/project/Mlops/myenv/lib/python3.12/site-packages/airflow/example_dags/example_xcomargs.py took 0.125 seconds
[2025-04-03T15:18:39.887+0000] {processor.py:186} INFO - Started process (PID=42150) to work on /home/hamza/Documents/project/Mlops/myenv/lib/python3.12/site-packages/airflow/example_dags/example_xcomargs.py
[2025-04-03T15:18:39.890+0000] {processor.py:914} INFO - Processing file /home/hamza/Documents/project/Mlops/myenv/lib/python3.12/site-packages/airflow/example_dags/example_xcomargs.py for tasks to queue
[2025-04-03T15:18:39.894+0000] {logging_mixin.py:190} INFO - [2025-04-03T15:18:39.893+0000] {dagbag.py:588} INFO - Filling up the DagBag from /home/hamza/Documents/project/Mlops/myenv/lib/python3.12/site-packages/airflow/example_dags/example_xcomargs.py
[2025-04-03T15:18:39.912+0000] {processor.py:925} INFO - DAG(s) 'example_xcom_args_with_operators', 'example_xcom_args' retrieved from /home/hamza/Documents/project/Mlops/myenv/lib/python3.12/site-packages/airflow/example_dags/example_xcomargs.py
[2025-04-03T15:18:39.941+0000] {logging_mixin.py:190} INFO - [2025-04-03T15:18:39.941+0000] {dag.py:3239} INFO - Sync 2 DAGs
[2025-04-03T15:18:39.961+0000] {logging_mixin.py:190} INFO - [2025-04-03T15:18:39.961+0000] {dag.py:4180} INFO - Setting next_dagrun for example_xcom_args to None, run_after=None
[2025-04-03T15:18:39.966+0000] {logging_mixin.py:190} INFO - [2025-04-03T15:18:39.966+0000] {dag.py:4180} INFO - Setting next_dagrun for example_xcom_args_with_operators to None, run_after=None
[2025-04-03T15:18:39.994+0000] {processor.py:208} INFO - Processing /home/hamza/Documents/project/Mlops/myenv/lib/python3.12/site-packages/airflow/example_dags/example_xcomargs.py took 0.116 seconds
[2025-04-03T15:20:10.646+0000] {processor.py:186} INFO - Started process (PID=43156) to work on /home/hamza/Documents/project/Mlops/myenv/lib/python3.12/site-packages/airflow/example_dags/example_xcomargs.py
[2025-04-03T15:20:10.649+0000] {processor.py:914} INFO - Processing file /home/hamza/Documents/project/Mlops/myenv/lib/python3.12/site-packages/airflow/example_dags/example_xcomargs.py for tasks to queue
[2025-04-03T15:20:10.654+0000] {logging_mixin.py:190} INFO - [2025-04-03T15:20:10.653+0000] {dagbag.py:588} INFO - Filling up the DagBag from /home/hamza/Documents/project/Mlops/myenv/lib/python3.12/site-packages/airflow/example_dags/example_xcomargs.py
[2025-04-03T15:20:10.671+0000] {processor.py:925} INFO - DAG(s) 'example_xcom_args', 'example_xcom_args_with_operators' retrieved from /home/hamza/Documents/project/Mlops/myenv/lib/python3.12/site-packages/airflow/example_dags/example_xcomargs.py
[2025-04-03T15:20:10.702+0000] {logging_mixin.py:190} INFO - [2025-04-03T15:20:10.702+0000] {dag.py:3239} INFO - Sync 2 DAGs
[2025-04-03T15:20:10.724+0000] {logging_mixin.py:190} INFO - [2025-04-03T15:20:10.723+0000] {dag.py:4180} INFO - Setting next_dagrun for example_xcom_args to None, run_after=None
[2025-04-03T15:20:10.730+0000] {logging_mixin.py:190} INFO - [2025-04-03T15:20:10.729+0000] {dag.py:4180} INFO - Setting next_dagrun for example_xcom_args_with_operators to None, run_after=None
[2025-04-03T15:20:10.757+0000] {processor.py:208} INFO - Processing /home/hamza/Documents/project/Mlops/myenv/lib/python3.12/site-packages/airflow/example_dags/example_xcomargs.py took 0.120 seconds
[2025-04-03T15:21:46.104+0000] {processor.py:186} INFO - Started process (PID=44076) to work on /home/hamza/Documents/project/Mlops/myenv/lib/python3.12/site-packages/airflow/example_dags/example_xcomargs.py
[2025-04-03T15:21:46.107+0000] {processor.py:914} INFO - Processing file /home/hamza/Documents/project/Mlops/myenv/lib/python3.12/site-packages/airflow/example_dags/example_xcomargs.py for tasks to queue
[2025-04-03T15:21:46.111+0000] {logging_mixin.py:190} INFO - [2025-04-03T15:21:46.110+0000] {dagbag.py:588} INFO - Filling up the DagBag from /home/hamza/Documents/project/Mlops/myenv/lib/python3.12/site-packages/airflow/example_dags/example_xcomargs.py
[2025-04-03T15:21:46.129+0000] {processor.py:925} INFO - DAG(s) 'example_xcom_args', 'example_xcom_args_with_operators' retrieved from /home/hamza/Documents/project/Mlops/myenv/lib/python3.12/site-packages/airflow/example_dags/example_xcomargs.py
[2025-04-03T15:21:46.160+0000] {logging_mixin.py:190} INFO - [2025-04-03T15:21:46.160+0000] {dag.py:3239} INFO - Sync 2 DAGs
[2025-04-03T15:21:46.181+0000] {logging_mixin.py:190} INFO - [2025-04-03T15:21:46.181+0000] {dag.py:4180} INFO - Setting next_dagrun for example_xcom_args to None, run_after=None
[2025-04-03T15:21:46.187+0000] {logging_mixin.py:190} INFO - [2025-04-03T15:21:46.187+0000] {dag.py:4180} INFO - Setting next_dagrun for example_xcom_args_with_operators to None, run_after=None
[2025-04-03T15:21:46.216+0000] {processor.py:208} INFO - Processing /home/hamza/Documents/project/Mlops/myenv/lib/python3.12/site-packages/airflow/example_dags/example_xcomargs.py took 0.121 seconds
[2025-04-03T15:23:22.676+0000] {processor.py:186} INFO - Started process (PID=45020) to work on /home/hamza/Documents/project/Mlops/myenv/lib/python3.12/site-packages/airflow/example_dags/example_xcomargs.py
[2025-04-03T15:23:22.678+0000] {processor.py:914} INFO - Processing file /home/hamza/Documents/project/Mlops/myenv/lib/python3.12/site-packages/airflow/example_dags/example_xcomargs.py for tasks to queue
[2025-04-03T15:23:22.682+0000] {logging_mixin.py:190} INFO - [2025-04-03T15:23:22.681+0000] {dagbag.py:588} INFO - Filling up the DagBag from /home/hamza/Documents/project/Mlops/myenv/lib/python3.12/site-packages/airflow/example_dags/example_xcomargs.py
[2025-04-03T15:23:22.700+0000] {processor.py:925} INFO - DAG(s) 'example_xcom_args_with_operators', 'example_xcom_args' retrieved from /home/hamza/Documents/project/Mlops/myenv/lib/python3.12/site-packages/airflow/example_dags/example_xcomargs.py
[2025-04-03T15:23:22.733+0000] {logging_mixin.py:190} INFO - [2025-04-03T15:23:22.733+0000] {dag.py:3239} INFO - Sync 2 DAGs
[2025-04-03T15:23:22.755+0000] {logging_mixin.py:190} INFO - [2025-04-03T15:23:22.754+0000] {dag.py:4180} INFO - Setting next_dagrun for example_xcom_args to None, run_after=None
[2025-04-03T15:23:22.760+0000] {logging_mixin.py:190} INFO - [2025-04-03T15:23:22.760+0000] {dag.py:4180} INFO - Setting next_dagrun for example_xcom_args_with_operators to None, run_after=None
[2025-04-03T15:23:22.794+0000] {processor.py:208} INFO - Processing /home/hamza/Documents/project/Mlops/myenv/lib/python3.12/site-packages/airflow/example_dags/example_xcomargs.py took 0.127 seconds
[2025-04-03T15:24:57.890+0000] {processor.py:186} INFO - Started process (PID=45942) to work on /home/hamza/Documents/project/Mlops/myenv/lib/python3.12/site-packages/airflow/example_dags/example_xcomargs.py
[2025-04-03T15:24:57.893+0000] {processor.py:914} INFO - Processing file /home/hamza/Documents/project/Mlops/myenv/lib/python3.12/site-packages/airflow/example_dags/example_xcomargs.py for tasks to queue
[2025-04-03T15:24:57.896+0000] {logging_mixin.py:190} INFO - [2025-04-03T15:24:57.896+0000] {dagbag.py:588} INFO - Filling up the DagBag from /home/hamza/Documents/project/Mlops/myenv/lib/python3.12/site-packages/airflow/example_dags/example_xcomargs.py
[2025-04-03T15:24:57.914+0000] {processor.py:925} INFO - DAG(s) 'example_xcom_args', 'example_xcom_args_with_operators' retrieved from /home/hamza/Documents/project/Mlops/myenv/lib/python3.12/site-packages/airflow/example_dags/example_xcomargs.py
[2025-04-03T15:24:57.944+0000] {logging_mixin.py:190} INFO - [2025-04-03T15:24:57.944+0000] {dag.py:3239} INFO - Sync 2 DAGs
[2025-04-03T15:24:57.964+0000] {logging_mixin.py:190} INFO - [2025-04-03T15:24:57.964+0000] {dag.py:4180} INFO - Setting next_dagrun for example_xcom_args to None, run_after=None
[2025-04-03T15:24:57.969+0000] {logging_mixin.py:190} INFO - [2025-04-03T15:24:57.969+0000] {dag.py:4180} INFO - Setting next_dagrun for example_xcom_args_with_operators to None, run_after=None
[2025-04-03T15:24:57.998+0000] {processor.py:208} INFO - Processing /home/hamza/Documents/project/Mlops/myenv/lib/python3.12/site-packages/airflow/example_dags/example_xcomargs.py took 0.117 seconds
[2025-04-03T15:26:28.256+0000] {processor.py:186} INFO - Started process (PID=46829) to work on /home/hamza/Documents/project/Mlops/myenv/lib/python3.12/site-packages/airflow/example_dags/example_xcomargs.py
[2025-04-03T15:26:28.257+0000] {processor.py:914} INFO - Processing file /home/hamza/Documents/project/Mlops/myenv/lib/python3.12/site-packages/airflow/example_dags/example_xcomargs.py for tasks to queue
[2025-04-03T15:26:28.262+0000] {logging_mixin.py:190} INFO - [2025-04-03T15:26:28.261+0000] {dagbag.py:588} INFO - Filling up the DagBag from /home/hamza/Documents/project/Mlops/myenv/lib/python3.12/site-packages/airflow/example_dags/example_xcomargs.py
[2025-04-03T15:26:28.279+0000] {processor.py:925} INFO - DAG(s) 'example_xcom_args_with_operators', 'example_xcom_args' retrieved from /home/hamza/Documents/project/Mlops/myenv/lib/python3.12/site-packages/airflow/example_dags/example_xcomargs.py
[2025-04-03T15:26:28.309+0000] {logging_mixin.py:190} INFO - [2025-04-03T15:26:28.309+0000] {dag.py:3239} INFO - Sync 2 DAGs
[2025-04-03T15:26:28.329+0000] {logging_mixin.py:190} INFO - [2025-04-03T15:26:28.329+0000] {dag.py:4180} INFO - Setting next_dagrun for example_xcom_args to None, run_after=None
[2025-04-03T15:26:28.335+0000] {logging_mixin.py:190} INFO - [2025-04-03T15:26:28.334+0000] {dag.py:4180} INFO - Setting next_dagrun for example_xcom_args_with_operators to None, run_after=None
[2025-04-03T15:26:28.364+0000] {processor.py:208} INFO - Processing /home/hamza/Documents/project/Mlops/myenv/lib/python3.12/site-packages/airflow/example_dags/example_xcomargs.py took 0.118 seconds
[2025-04-03T16:31:04.306+0000] {processor.py:186} INFO - Started process (PID=82574) to work on /home/hamza/Documents/project/Mlops/myenv/lib/python3.12/site-packages/airflow/example_dags/example_xcomargs.py
[2025-04-03T16:31:04.308+0000] {processor.py:914} INFO - Processing file /home/hamza/Documents/project/Mlops/myenv/lib/python3.12/site-packages/airflow/example_dags/example_xcomargs.py for tasks to queue
[2025-04-03T16:31:04.314+0000] {logging_mixin.py:190} INFO - [2025-04-03T16:31:04.311+0000] {dagbag.py:588} INFO - Filling up the DagBag from /home/hamza/Documents/project/Mlops/myenv/lib/python3.12/site-packages/airflow/example_dags/example_xcomargs.py
[2025-04-03T16:31:04.339+0000] {processor.py:925} INFO - DAG(s) 'example_xcom_args', 'example_xcom_args_with_operators' retrieved from /home/hamza/Documents/project/Mlops/myenv/lib/python3.12/site-packages/airflow/example_dags/example_xcomargs.py
[2025-04-03T16:31:04.393+0000] {logging_mixin.py:190} INFO - [2025-04-03T16:31:04.393+0000] {dag.py:3239} INFO - Sync 2 DAGs
[2025-04-03T16:31:04.417+0000] {logging_mixin.py:190} INFO - [2025-04-03T16:31:04.416+0000] {dag.py:4180} INFO - Setting next_dagrun for example_xcom_args to None, run_after=None
[2025-04-03T16:31:04.423+0000] {logging_mixin.py:190} INFO - [2025-04-03T16:31:04.422+0000] {dag.py:4180} INFO - Setting next_dagrun for example_xcom_args_with_operators to None, run_after=None
[2025-04-03T16:31:04.457+0000] {processor.py:208} INFO - Processing /home/hamza/Documents/project/Mlops/myenv/lib/python3.12/site-packages/airflow/example_dags/example_xcomargs.py took 0.164 seconds
[2025-04-03T16:33:42.716+0000] {processor.py:186} INFO - Started process (PID=84025) to work on /home/hamza/Documents/project/Mlops/myenv/lib/python3.12/site-packages/airflow/example_dags/example_xcomargs.py
[2025-04-03T16:33:42.718+0000] {processor.py:914} INFO - Processing file /home/hamza/Documents/project/Mlops/myenv/lib/python3.12/site-packages/airflow/example_dags/example_xcomargs.py for tasks to queue
[2025-04-03T16:33:42.721+0000] {logging_mixin.py:190} INFO - [2025-04-03T16:33:42.721+0000] {dagbag.py:588} INFO - Filling up the DagBag from /home/hamza/Documents/project/Mlops/myenv/lib/python3.12/site-packages/airflow/example_dags/example_xcomargs.py
[2025-04-03T16:33:42.742+0000] {processor.py:925} INFO - DAG(s) 'example_xcom_args', 'example_xcom_args_with_operators' retrieved from /home/hamza/Documents/project/Mlops/myenv/lib/python3.12/site-packages/airflow/example_dags/example_xcomargs.py
[2025-04-03T16:33:42.788+0000] {logging_mixin.py:190} INFO - [2025-04-03T16:33:42.788+0000] {dag.py:3239} INFO - Sync 2 DAGs
[2025-04-03T16:33:42.811+0000] {logging_mixin.py:190} INFO - [2025-04-03T16:33:42.811+0000] {dag.py:4180} INFO - Setting next_dagrun for example_xcom_args to None, run_after=None
[2025-04-03T16:33:42.818+0000] {logging_mixin.py:190} INFO - [2025-04-03T16:33:42.817+0000] {dag.py:4180} INFO - Setting next_dagrun for example_xcom_args_with_operators to None, run_after=None
[2025-04-03T16:33:42.860+0000] {processor.py:208} INFO - Processing /home/hamza/Documents/project/Mlops/myenv/lib/python3.12/site-packages/airflow/example_dags/example_xcomargs.py took 0.154 seconds
[2025-04-03T16:35:14.197+0000] {processor.py:186} INFO - Started process (PID=84820) to work on /home/hamza/Documents/project/Mlops/myenv/lib/python3.12/site-packages/airflow/example_dags/example_xcomargs.py
[2025-04-03T16:35:14.199+0000] {processor.py:914} INFO - Processing file /home/hamza/Documents/project/Mlops/myenv/lib/python3.12/site-packages/airflow/example_dags/example_xcomargs.py for tasks to queue
[2025-04-03T16:35:14.203+0000] {logging_mixin.py:190} INFO - [2025-04-03T16:35:14.203+0000] {dagbag.py:588} INFO - Filling up the DagBag from /home/hamza/Documents/project/Mlops/myenv/lib/python3.12/site-packages/airflow/example_dags/example_xcomargs.py
[2025-04-03T16:35:14.223+0000] {processor.py:925} INFO - DAG(s) 'example_xcom_args_with_operators', 'example_xcom_args' retrieved from /home/hamza/Documents/project/Mlops/myenv/lib/python3.12/site-packages/airflow/example_dags/example_xcomargs.py
[2025-04-03T16:35:14.257+0000] {logging_mixin.py:190} INFO - [2025-04-03T16:35:14.256+0000] {dag.py:3239} INFO - Sync 2 DAGs
[2025-04-03T16:35:14.286+0000] {logging_mixin.py:190} INFO - [2025-04-03T16:35:14.286+0000] {dag.py:4180} INFO - Setting next_dagrun for example_xcom_args to None, run_after=None
[2025-04-03T16:35:14.292+0000] {logging_mixin.py:190} INFO - [2025-04-03T16:35:14.292+0000] {dag.py:4180} INFO - Setting next_dagrun for example_xcom_args_with_operators to None, run_after=None
[2025-04-03T16:35:14.328+0000] {processor.py:208} INFO - Processing /home/hamza/Documents/project/Mlops/myenv/lib/python3.12/site-packages/airflow/example_dags/example_xcomargs.py took 0.141 seconds
[2025-04-03T16:36:16.204+0000] {processor.py:186} INFO - Started process (PID=85383) to work on /home/hamza/Documents/project/Mlops/myenv/lib/python3.12/site-packages/airflow/example_dags/example_xcomargs.py
[2025-04-03T16:36:16.206+0000] {processor.py:914} INFO - Processing file /home/hamza/Documents/project/Mlops/myenv/lib/python3.12/site-packages/airflow/example_dags/example_xcomargs.py for tasks to queue
[2025-04-03T16:36:16.211+0000] {logging_mixin.py:190} INFO - [2025-04-03T16:36:16.210+0000] {dagbag.py:588} INFO - Filling up the DagBag from /home/hamza/Documents/project/Mlops/myenv/lib/python3.12/site-packages/airflow/example_dags/example_xcomargs.py
[2025-04-03T16:36:16.233+0000] {processor.py:925} INFO - DAG(s) 'example_xcom_args_with_operators', 'example_xcom_args' retrieved from /home/hamza/Documents/project/Mlops/myenv/lib/python3.12/site-packages/airflow/example_dags/example_xcomargs.py
[2025-04-03T16:36:16.269+0000] {logging_mixin.py:190} INFO - [2025-04-03T16:36:16.268+0000] {dag.py:3239} INFO - Sync 2 DAGs
[2025-04-03T16:36:16.293+0000] {logging_mixin.py:190} INFO - [2025-04-03T16:36:16.293+0000] {dag.py:4180} INFO - Setting next_dagrun for example_xcom_args to None, run_after=None
[2025-04-03T16:36:16.301+0000] {logging_mixin.py:190} INFO - [2025-04-03T16:36:16.300+0000] {dag.py:4180} INFO - Setting next_dagrun for example_xcom_args_with_operators to None, run_after=None
[2025-04-03T16:36:16.341+0000] {processor.py:208} INFO - Processing /home/hamza/Documents/project/Mlops/myenv/lib/python3.12/site-packages/airflow/example_dags/example_xcomargs.py took 0.148 seconds
[2025-04-03T16:37:43.144+0000] {processor.py:186} INFO - Started process (PID=86122) to work on /home/hamza/Documents/project/Mlops/myenv/lib/python3.12/site-packages/airflow/example_dags/example_xcomargs.py
[2025-04-03T16:37:43.145+0000] {processor.py:914} INFO - Processing file /home/hamza/Documents/project/Mlops/myenv/lib/python3.12/site-packages/airflow/example_dags/example_xcomargs.py for tasks to queue
[2025-04-03T16:37:43.149+0000] {logging_mixin.py:190} INFO - [2025-04-03T16:37:43.148+0000] {dagbag.py:588} INFO - Filling up the DagBag from /home/hamza/Documents/project/Mlops/myenv/lib/python3.12/site-packages/airflow/example_dags/example_xcomargs.py
[2025-04-03T16:37:43.168+0000] {processor.py:925} INFO - DAG(s) 'example_xcom_args_with_operators', 'example_xcom_args' retrieved from /home/hamza/Documents/project/Mlops/myenv/lib/python3.12/site-packages/airflow/example_dags/example_xcomargs.py
[2025-04-03T16:37:43.215+0000] {logging_mixin.py:190} INFO - [2025-04-03T16:37:43.215+0000] {dag.py:3239} INFO - Sync 2 DAGs
[2025-04-03T16:37:43.239+0000] {logging_mixin.py:190} INFO - [2025-04-03T16:37:43.238+0000] {dag.py:4180} INFO - Setting next_dagrun for example_xcom_args to None, run_after=None
[2025-04-03T16:37:43.246+0000] {logging_mixin.py:190} INFO - [2025-04-03T16:37:43.245+0000] {dag.py:4180} INFO - Setting next_dagrun for example_xcom_args_with_operators to None, run_after=None
[2025-04-03T16:37:43.282+0000] {processor.py:208} INFO - Processing /home/hamza/Documents/project/Mlops/myenv/lib/python3.12/site-packages/airflow/example_dags/example_xcomargs.py took 0.148 seconds
[2025-04-03T16:39:16.621+0000] {processor.py:186} INFO - Started process (PID=87307) to work on /home/hamza/Documents/project/Mlops/myenv/lib/python3.12/site-packages/airflow/example_dags/example_xcomargs.py
[2025-04-03T16:39:16.623+0000] {processor.py:914} INFO - Processing file /home/hamza/Documents/project/Mlops/myenv/lib/python3.12/site-packages/airflow/example_dags/example_xcomargs.py for tasks to queue
[2025-04-03T16:39:16.627+0000] {logging_mixin.py:190} INFO - [2025-04-03T16:39:16.626+0000] {dagbag.py:588} INFO - Filling up the DagBag from /home/hamza/Documents/project/Mlops/myenv/lib/python3.12/site-packages/airflow/example_dags/example_xcomargs.py
[2025-04-03T16:39:16.646+0000] {processor.py:925} INFO - DAG(s) 'example_xcom_args_with_operators', 'example_xcom_args' retrieved from /home/hamza/Documents/project/Mlops/myenv/lib/python3.12/site-packages/airflow/example_dags/example_xcomargs.py
[2025-04-03T16:39:16.689+0000] {logging_mixin.py:190} INFO - [2025-04-03T16:39:16.688+0000] {dag.py:3239} INFO - Sync 2 DAGs
[2025-04-03T16:39:16.717+0000] {logging_mixin.py:190} INFO - [2025-04-03T16:39:16.717+0000] {dag.py:4180} INFO - Setting next_dagrun for example_xcom_args to None, run_after=None
[2025-04-03T16:39:16.724+0000] {logging_mixin.py:190} INFO - [2025-04-03T16:39:16.724+0000] {dag.py:4180} INFO - Setting next_dagrun for example_xcom_args_with_operators to None, run_after=None
[2025-04-03T16:39:16.777+0000] {processor.py:208} INFO - Processing /home/hamza/Documents/project/Mlops/myenv/lib/python3.12/site-packages/airflow/example_dags/example_xcomargs.py took 0.165 seconds
[2025-04-03T16:40:48.221+0000] {processor.py:186} INFO - Started process (PID=88218) to work on /home/hamza/Documents/project/Mlops/myenv/lib/python3.12/site-packages/airflow/example_dags/example_xcomargs.py
[2025-04-03T16:40:48.223+0000] {processor.py:914} INFO - Processing file /home/hamza/Documents/project/Mlops/myenv/lib/python3.12/site-packages/airflow/example_dags/example_xcomargs.py for tasks to queue
[2025-04-03T16:40:48.227+0000] {logging_mixin.py:190} INFO - [2025-04-03T16:40:48.226+0000] {dagbag.py:588} INFO - Filling up the DagBag from /home/hamza/Documents/project/Mlops/myenv/lib/python3.12/site-packages/airflow/example_dags/example_xcomargs.py
[2025-04-03T16:40:48.246+0000] {processor.py:925} INFO - DAG(s) 'example_xcom_args_with_operators', 'example_xcom_args' retrieved from /home/hamza/Documents/project/Mlops/myenv/lib/python3.12/site-packages/airflow/example_dags/example_xcomargs.py
[2025-04-03T16:40:48.277+0000] {logging_mixin.py:190} INFO - [2025-04-03T16:40:48.277+0000] {dag.py:3239} INFO - Sync 2 DAGs
[2025-04-03T16:40:48.301+0000] {logging_mixin.py:190} INFO - [2025-04-03T16:40:48.301+0000] {dag.py:4180} INFO - Setting next_dagrun for example_xcom_args to None, run_after=None
[2025-04-03T16:40:48.307+0000] {logging_mixin.py:190} INFO - [2025-04-03T16:40:48.306+0000] {dag.py:4180} INFO - Setting next_dagrun for example_xcom_args_with_operators to None, run_after=None
[2025-04-03T16:40:48.338+0000] {processor.py:208} INFO - Processing /home/hamza/Documents/project/Mlops/myenv/lib/python3.12/site-packages/airflow/example_dags/example_xcomargs.py took 0.126 seconds
[2025-04-03T16:42:25.809+0000] {processor.py:186} INFO - Started process (PID=89073) to work on /home/hamza/Documents/project/Mlops/myenv/lib/python3.12/site-packages/airflow/example_dags/example_xcomargs.py
[2025-04-03T16:42:25.810+0000] {processor.py:914} INFO - Processing file /home/hamza/Documents/project/Mlops/myenv/lib/python3.12/site-packages/airflow/example_dags/example_xcomargs.py for tasks to queue
[2025-04-03T16:42:25.814+0000] {logging_mixin.py:190} INFO - [2025-04-03T16:42:25.813+0000] {dagbag.py:588} INFO - Filling up the DagBag from /home/hamza/Documents/project/Mlops/myenv/lib/python3.12/site-packages/airflow/example_dags/example_xcomargs.py
[2025-04-03T16:42:25.834+0000] {processor.py:925} INFO - DAG(s) 'example_xcom_args_with_operators', 'example_xcom_args' retrieved from /home/hamza/Documents/project/Mlops/myenv/lib/python3.12/site-packages/airflow/example_dags/example_xcomargs.py
[2025-04-03T16:42:25.866+0000] {logging_mixin.py:190} INFO - [2025-04-03T16:42:25.866+0000] {dag.py:3239} INFO - Sync 2 DAGs
[2025-04-03T16:42:25.890+0000] {logging_mixin.py:190} INFO - [2025-04-03T16:42:25.889+0000] {dag.py:4180} INFO - Setting next_dagrun for example_xcom_args to None, run_after=None
[2025-04-03T16:42:25.895+0000] {logging_mixin.py:190} INFO - [2025-04-03T16:42:25.895+0000] {dag.py:4180} INFO - Setting next_dagrun for example_xcom_args_with_operators to None, run_after=None
[2025-04-03T16:42:25.929+0000] {processor.py:208} INFO - Processing /home/hamza/Documents/project/Mlops/myenv/lib/python3.12/site-packages/airflow/example_dags/example_xcomargs.py took 0.130 seconds
[2025-04-03T16:43:59.574+0000] {processor.py:186} INFO - Started process (PID=89816) to work on /home/hamza/Documents/project/Mlops/myenv/lib/python3.12/site-packages/airflow/example_dags/example_xcomargs.py
[2025-04-03T16:43:59.577+0000] {processor.py:914} INFO - Processing file /home/hamza/Documents/project/Mlops/myenv/lib/python3.12/site-packages/airflow/example_dags/example_xcomargs.py for tasks to queue
[2025-04-03T16:43:59.580+0000] {logging_mixin.py:190} INFO - [2025-04-03T16:43:59.580+0000] {dagbag.py:588} INFO - Filling up the DagBag from /home/hamza/Documents/project/Mlops/myenv/lib/python3.12/site-packages/airflow/example_dags/example_xcomargs.py
[2025-04-03T16:43:59.600+0000] {processor.py:925} INFO - DAG(s) 'example_xcom_args', 'example_xcom_args_with_operators' retrieved from /home/hamza/Documents/project/Mlops/myenv/lib/python3.12/site-packages/airflow/example_dags/example_xcomargs.py
[2025-04-03T16:43:59.632+0000] {logging_mixin.py:190} INFO - [2025-04-03T16:43:59.632+0000] {dag.py:3239} INFO - Sync 2 DAGs
[2025-04-03T16:43:59.655+0000] {logging_mixin.py:190} INFO - [2025-04-03T16:43:59.655+0000] {dag.py:4180} INFO - Setting next_dagrun for example_xcom_args to None, run_after=None
[2025-04-03T16:43:59.661+0000] {logging_mixin.py:190} INFO - [2025-04-03T16:43:59.661+0000] {dag.py:4180} INFO - Setting next_dagrun for example_xcom_args_with_operators to None, run_after=None
[2025-04-03T16:43:59.697+0000] {processor.py:208} INFO - Processing /home/hamza/Documents/project/Mlops/myenv/lib/python3.12/site-packages/airflow/example_dags/example_xcomargs.py took 0.132 seconds
[2025-04-03T16:45:36.230+0000] {processor.py:186} INFO - Started process (PID=90631) to work on /home/hamza/Documents/project/Mlops/myenv/lib/python3.12/site-packages/airflow/example_dags/example_xcomargs.py
[2025-04-03T16:45:36.231+0000] {processor.py:914} INFO - Processing file /home/hamza/Documents/project/Mlops/myenv/lib/python3.12/site-packages/airflow/example_dags/example_xcomargs.py for tasks to queue
[2025-04-03T16:45:36.236+0000] {logging_mixin.py:190} INFO - [2025-04-03T16:45:36.235+0000] {dagbag.py:588} INFO - Filling up the DagBag from /home/hamza/Documents/project/Mlops/myenv/lib/python3.12/site-packages/airflow/example_dags/example_xcomargs.py
[2025-04-03T16:45:36.261+0000] {processor.py:925} INFO - DAG(s) 'example_xcom_args', 'example_xcom_args_with_operators' retrieved from /home/hamza/Documents/project/Mlops/myenv/lib/python3.12/site-packages/airflow/example_dags/example_xcomargs.py
[2025-04-03T16:45:36.293+0000] {logging_mixin.py:190} INFO - [2025-04-03T16:45:36.292+0000] {dag.py:3239} INFO - Sync 2 DAGs
[2025-04-03T16:45:36.316+0000] {logging_mixin.py:190} INFO - [2025-04-03T16:45:36.316+0000] {dag.py:4180} INFO - Setting next_dagrun for example_xcom_args to None, run_after=None
[2025-04-03T16:45:36.322+0000] {logging_mixin.py:190} INFO - [2025-04-03T16:45:36.321+0000] {dag.py:4180} INFO - Setting next_dagrun for example_xcom_args_with_operators to None, run_after=None
[2025-04-03T16:45:36.356+0000] {processor.py:208} INFO - Processing /home/hamza/Documents/project/Mlops/myenv/lib/python3.12/site-packages/airflow/example_dags/example_xcomargs.py took 0.137 seconds
[2025-04-03T16:47:11.418+0000] {processor.py:186} INFO - Started process (PID=91489) to work on /home/hamza/Documents/project/Mlops/myenv/lib/python3.12/site-packages/airflow/example_dags/example_xcomargs.py
[2025-04-03T16:47:11.420+0000] {processor.py:914} INFO - Processing file /home/hamza/Documents/project/Mlops/myenv/lib/python3.12/site-packages/airflow/example_dags/example_xcomargs.py for tasks to queue
[2025-04-03T16:47:11.424+0000] {logging_mixin.py:190} INFO - [2025-04-03T16:47:11.423+0000] {dagbag.py:588} INFO - Filling up the DagBag from /home/hamza/Documents/project/Mlops/myenv/lib/python3.12/site-packages/airflow/example_dags/example_xcomargs.py
[2025-04-03T16:47:11.443+0000] {processor.py:925} INFO - DAG(s) 'example_xcom_args', 'example_xcom_args_with_operators' retrieved from /home/hamza/Documents/project/Mlops/myenv/lib/python3.12/site-packages/airflow/example_dags/example_xcomargs.py
[2025-04-03T16:47:11.477+0000] {logging_mixin.py:190} INFO - [2025-04-03T16:47:11.476+0000] {dag.py:3239} INFO - Sync 2 DAGs
[2025-04-03T16:47:11.502+0000] {logging_mixin.py:190} INFO - [2025-04-03T16:47:11.502+0000] {dag.py:4180} INFO - Setting next_dagrun for example_xcom_args to None, run_after=None
[2025-04-03T16:47:11.508+0000] {logging_mixin.py:190} INFO - [2025-04-03T16:47:11.508+0000] {dag.py:4180} INFO - Setting next_dagrun for example_xcom_args_with_operators to None, run_after=None
[2025-04-03T16:47:11.541+0000] {processor.py:208} INFO - Processing /home/hamza/Documents/project/Mlops/myenv/lib/python3.12/site-packages/airflow/example_dags/example_xcomargs.py took 0.132 seconds
[2025-04-03T16:48:49.153+0000] {processor.py:186} INFO - Started process (PID=92308) to work on /home/hamza/Documents/project/Mlops/myenv/lib/python3.12/site-packages/airflow/example_dags/example_xcomargs.py
[2025-04-03T16:48:49.155+0000] {processor.py:914} INFO - Processing file /home/hamza/Documents/project/Mlops/myenv/lib/python3.12/site-packages/airflow/example_dags/example_xcomargs.py for tasks to queue
[2025-04-03T16:48:49.159+0000] {logging_mixin.py:190} INFO - [2025-04-03T16:48:49.158+0000] {dagbag.py:588} INFO - Filling up the DagBag from /home/hamza/Documents/project/Mlops/myenv/lib/python3.12/site-packages/airflow/example_dags/example_xcomargs.py
[2025-04-03T16:48:49.178+0000] {processor.py:925} INFO - DAG(s) 'example_xcom_args', 'example_xcom_args_with_operators' retrieved from /home/hamza/Documents/project/Mlops/myenv/lib/python3.12/site-packages/airflow/example_dags/example_xcomargs.py
[2025-04-03T16:48:49.211+0000] {logging_mixin.py:190} INFO - [2025-04-03T16:48:49.211+0000] {dag.py:3239} INFO - Sync 2 DAGs
[2025-04-03T16:48:49.234+0000] {logging_mixin.py:190} INFO - [2025-04-03T16:48:49.233+0000] {dag.py:4180} INFO - Setting next_dagrun for example_xcom_args to None, run_after=None
[2025-04-03T16:48:49.240+0000] {logging_mixin.py:190} INFO - [2025-04-03T16:48:49.240+0000] {dag.py:4180} INFO - Setting next_dagrun for example_xcom_args_with_operators to None, run_after=None
[2025-04-03T16:48:49.275+0000] {processor.py:208} INFO - Processing /home/hamza/Documents/project/Mlops/myenv/lib/python3.12/site-packages/airflow/example_dags/example_xcomargs.py took 0.131 seconds
[2025-04-03T16:50:26.942+0000] {processor.py:186} INFO - Started process (PID=93140) to work on /home/hamza/Documents/project/Mlops/myenv/lib/python3.12/site-packages/airflow/example_dags/example_xcomargs.py
[2025-04-03T16:50:26.944+0000] {processor.py:914} INFO - Processing file /home/hamza/Documents/project/Mlops/myenv/lib/python3.12/site-packages/airflow/example_dags/example_xcomargs.py for tasks to queue
[2025-04-03T16:50:26.948+0000] {logging_mixin.py:190} INFO - [2025-04-03T16:50:26.947+0000] {dagbag.py:588} INFO - Filling up the DagBag from /home/hamza/Documents/project/Mlops/myenv/lib/python3.12/site-packages/airflow/example_dags/example_xcomargs.py
[2025-04-03T16:50:26.967+0000] {processor.py:925} INFO - DAG(s) 'example_xcom_args_with_operators', 'example_xcom_args' retrieved from /home/hamza/Documents/project/Mlops/myenv/lib/python3.12/site-packages/airflow/example_dags/example_xcomargs.py
[2025-04-03T16:50:27.000+0000] {logging_mixin.py:190} INFO - [2025-04-03T16:50:27.000+0000] {dag.py:3239} INFO - Sync 2 DAGs
[2025-04-03T16:50:27.024+0000] {logging_mixin.py:190} INFO - [2025-04-03T16:50:27.024+0000] {dag.py:4180} INFO - Setting next_dagrun for example_xcom_args to None, run_after=None
[2025-04-03T16:50:27.030+0000] {logging_mixin.py:190} INFO - [2025-04-03T16:50:27.030+0000] {dag.py:4180} INFO - Setting next_dagrun for example_xcom_args_with_operators to None, run_after=None
[2025-04-03T16:50:27.062+0000] {processor.py:208} INFO - Processing /home/hamza/Documents/project/Mlops/myenv/lib/python3.12/site-packages/airflow/example_dags/example_xcomargs.py took 0.129 seconds
[2025-04-03T16:52:07.256+0000] {processor.py:186} INFO - Started process (PID=93974) to work on /home/hamza/Documents/project/Mlops/myenv/lib/python3.12/site-packages/airflow/example_dags/example_xcomargs.py
[2025-04-03T16:52:07.257+0000] {processor.py:914} INFO - Processing file /home/hamza/Documents/project/Mlops/myenv/lib/python3.12/site-packages/airflow/example_dags/example_xcomargs.py for tasks to queue
[2025-04-03T16:52:07.262+0000] {logging_mixin.py:190} INFO - [2025-04-03T16:52:07.261+0000] {dagbag.py:588} INFO - Filling up the DagBag from /home/hamza/Documents/project/Mlops/myenv/lib/python3.12/site-packages/airflow/example_dags/example_xcomargs.py
[2025-04-03T16:52:07.283+0000] {processor.py:925} INFO - DAG(s) 'example_xcom_args', 'example_xcom_args_with_operators' retrieved from /home/hamza/Documents/project/Mlops/myenv/lib/python3.12/site-packages/airflow/example_dags/example_xcomargs.py
[2025-04-03T16:52:07.319+0000] {logging_mixin.py:190} INFO - [2025-04-03T16:52:07.318+0000] {dag.py:3239} INFO - Sync 2 DAGs
[2025-04-03T16:52:07.346+0000] {logging_mixin.py:190} INFO - [2025-04-03T16:52:07.345+0000] {dag.py:4180} INFO - Setting next_dagrun for example_xcom_args to None, run_after=None
[2025-04-03T16:52:07.352+0000] {logging_mixin.py:190} INFO - [2025-04-03T16:52:07.352+0000] {dag.py:4180} INFO - Setting next_dagrun for example_xcom_args_with_operators to None, run_after=None
[2025-04-03T16:52:07.388+0000] {processor.py:208} INFO - Processing /home/hamza/Documents/project/Mlops/myenv/lib/python3.12/site-packages/airflow/example_dags/example_xcomargs.py took 0.141 seconds
[2025-04-03T16:53:43.265+0000] {processor.py:186} INFO - Started process (PID=94768) to work on /home/hamza/Documents/project/Mlops/myenv/lib/python3.12/site-packages/airflow/example_dags/example_xcomargs.py
[2025-04-03T16:53:43.267+0000] {processor.py:914} INFO - Processing file /home/hamza/Documents/project/Mlops/myenv/lib/python3.12/site-packages/airflow/example_dags/example_xcomargs.py for tasks to queue
[2025-04-03T16:53:43.272+0000] {logging_mixin.py:190} INFO - [2025-04-03T16:53:43.271+0000] {dagbag.py:588} INFO - Filling up the DagBag from /home/hamza/Documents/project/Mlops/myenv/lib/python3.12/site-packages/airflow/example_dags/example_xcomargs.py
[2025-04-03T16:53:43.291+0000] {processor.py:925} INFO - DAG(s) 'example_xcom_args_with_operators', 'example_xcom_args' retrieved from /home/hamza/Documents/project/Mlops/myenv/lib/python3.12/site-packages/airflow/example_dags/example_xcomargs.py
[2025-04-03T16:53:43.326+0000] {logging_mixin.py:190} INFO - [2025-04-03T16:53:43.326+0000] {dag.py:3239} INFO - Sync 2 DAGs
[2025-04-03T16:53:43.352+0000] {logging_mixin.py:190} INFO - [2025-04-03T16:53:43.352+0000] {dag.py:4180} INFO - Setting next_dagrun for example_xcom_args to None, run_after=None
[2025-04-03T16:53:43.360+0000] {logging_mixin.py:190} INFO - [2025-04-03T16:53:43.359+0000] {dag.py:4180} INFO - Setting next_dagrun for example_xcom_args_with_operators to None, run_after=None
[2025-04-03T16:53:43.394+0000] {processor.py:208} INFO - Processing /home/hamza/Documents/project/Mlops/myenv/lib/python3.12/site-packages/airflow/example_dags/example_xcomargs.py took 0.137 seconds
[2025-04-03T16:55:30.078+0000] {processor.py:186} INFO - Started process (PID=95899) to work on /home/hamza/Documents/project/Mlops/myenv/lib/python3.12/site-packages/airflow/example_dags/example_xcomargs.py
[2025-04-03T16:55:30.079+0000] {processor.py:914} INFO - Processing file /home/hamza/Documents/project/Mlops/myenv/lib/python3.12/site-packages/airflow/example_dags/example_xcomargs.py for tasks to queue
[2025-04-03T16:55:30.084+0000] {logging_mixin.py:190} INFO - [2025-04-03T16:55:30.083+0000] {dagbag.py:588} INFO - Filling up the DagBag from /home/hamza/Documents/project/Mlops/myenv/lib/python3.12/site-packages/airflow/example_dags/example_xcomargs.py
[2025-04-03T16:55:30.103+0000] {processor.py:925} INFO - DAG(s) 'example_xcom_args_with_operators', 'example_xcom_args' retrieved from /home/hamza/Documents/project/Mlops/myenv/lib/python3.12/site-packages/airflow/example_dags/example_xcomargs.py
[2025-04-03T16:55:30.133+0000] {logging_mixin.py:190} INFO - [2025-04-03T16:55:30.133+0000] {dag.py:3239} INFO - Sync 2 DAGs
[2025-04-03T16:55:30.154+0000] {logging_mixin.py:190} INFO - [2025-04-03T16:55:30.153+0000] {dag.py:4180} INFO - Setting next_dagrun for example_xcom_args to None, run_after=None
[2025-04-03T16:55:30.160+0000] {logging_mixin.py:190} INFO - [2025-04-03T16:55:30.159+0000] {dag.py:4180} INFO - Setting next_dagrun for example_xcom_args_with_operators to None, run_after=None
[2025-04-03T16:55:30.190+0000] {processor.py:208} INFO - Processing /home/hamza/Documents/project/Mlops/myenv/lib/python3.12/site-packages/airflow/example_dags/example_xcomargs.py took 0.124 seconds
