[2025-04-03T13:44:04.093+0000] {processor.py:186} INFO - Started process (PID=98746) to work on /home/hamza/Documents/project/Mlops/myenv/lib/python3.12/site-packages/airflow/example_dags/example_dataset_alias_with_no_taskflow.py
[2025-04-03T13:44:04.094+0000] {processor.py:914} INFO - Processing file /home/hamza/Documents/project/Mlops/myenv/lib/python3.12/site-packages/airflow/example_dags/example_dataset_alias_with_no_taskflow.py for tasks to queue
[2025-04-03T13:44:04.097+0000] {logging_mixin.py:190} INFO - [2025-04-03T13:44:04.097+0000] {dagbag.py:588} INFO - Filling up the DagBag from /home/hamza/Documents/project/Mlops/myenv/lib/python3.12/site-packages/airflow/example_dags/example_dataset_alias_with_no_taskflow.py
[2025-04-03T13:44:04.128+0000] {processor.py:925} INFO - DAG(s) 'dataset_alias_example_alias_producer_with_no_taskflow', 'dataset_s3_bucket_producer_with_no_taskflow', 'dataset_s3_bucket_consumer_with_no_taskflow', 'dataset_alias_example_alias_consumer_with_no_taskflow' retrieved from /home/hamza/Documents/project/Mlops/myenv/lib/python3.12/site-packages/airflow/example_dags/example_dataset_alias_with_no_taskflow.py
[2025-04-03T13:44:04.299+0000] {logging_mixin.py:190} INFO - [2025-04-03T13:44:04.297+0000] {override.py:1930} INFO - Created Permission View: can delete on DAG:dataset_alias_example_alias_producer_with_no_taskflow
[2025-04-03T13:44:04.317+0000] {logging_mixin.py:190} INFO - [2025-04-03T13:44:04.316+0000] {override.py:1930} INFO - Created Permission View: can read on DAG:dataset_alias_example_alias_producer_with_no_taskflow
[2025-04-03T13:44:04.330+0000] {logging_mixin.py:190} INFO - [2025-04-03T13:44:04.329+0000] {override.py:1930} INFO - Created Permission View: can edit on DAG:dataset_alias_example_alias_producer_with_no_taskflow
[2025-04-03T13:44:04.350+0000] {logging_mixin.py:190} INFO - [2025-04-03T13:44:04.349+0000] {override.py:1930} INFO - Created Permission View: can delete on DAG Run:dataset_alias_example_alias_producer_with_no_taskflow
[2025-04-03T13:44:04.364+0000] {logging_mixin.py:190} INFO - [2025-04-03T13:44:04.363+0000] {override.py:1930} INFO - Created Permission View: can read on DAG Run:dataset_alias_example_alias_producer_with_no_taskflow
[2025-04-03T13:44:04.377+0000] {logging_mixin.py:190} INFO - [2025-04-03T13:44:04.376+0000] {override.py:1930} INFO - Created Permission View: menu access on DAG Run:dataset_alias_example_alias_producer_with_no_taskflow
[2025-04-03T13:44:04.392+0000] {logging_mixin.py:190} INFO - [2025-04-03T13:44:04.391+0000] {override.py:1930} INFO - Created Permission View: can create on DAG Run:dataset_alias_example_alias_producer_with_no_taskflow
[2025-04-03T13:44:04.422+0000] {logging_mixin.py:190} INFO - [2025-04-03T13:44:04.422+0000] {override.py:1930} INFO - Created Permission View: can delete on DAG:dataset_s3_bucket_producer_with_no_taskflow
[2025-04-03T13:44:04.437+0000] {logging_mixin.py:190} INFO - [2025-04-03T13:44:04.437+0000] {override.py:1930} INFO - Created Permission View: can read on DAG:dataset_s3_bucket_producer_with_no_taskflow
[2025-04-03T13:44:04.450+0000] {logging_mixin.py:190} INFO - [2025-04-03T13:44:04.450+0000] {override.py:1930} INFO - Created Permission View: can edit on DAG:dataset_s3_bucket_producer_with_no_taskflow
[2025-04-03T13:44:04.471+0000] {logging_mixin.py:190} INFO - [2025-04-03T13:44:04.471+0000] {override.py:1930} INFO - Created Permission View: can delete on DAG Run:dataset_s3_bucket_producer_with_no_taskflow
[2025-04-03T13:44:04.485+0000] {logging_mixin.py:190} INFO - [2025-04-03T13:44:04.484+0000] {override.py:1930} INFO - Created Permission View: can read on DAG Run:dataset_s3_bucket_producer_with_no_taskflow
[2025-04-03T13:44:04.501+0000] {logging_mixin.py:190} INFO - [2025-04-03T13:44:04.500+0000] {override.py:1930} INFO - Created Permission View: menu access on DAG Run:dataset_s3_bucket_producer_with_no_taskflow
[2025-04-03T13:44:04.514+0000] {logging_mixin.py:190} INFO - [2025-04-03T13:44:04.514+0000] {override.py:1930} INFO - Created Permission View: can create on DAG Run:dataset_s3_bucket_producer_with_no_taskflow
[2025-04-03T13:44:04.543+0000] {logging_mixin.py:190} INFO - [2025-04-03T13:44:04.542+0000] {override.py:1930} INFO - Created Permission View: can delete on DAG:dataset_s3_bucket_consumer_with_no_taskflow
[2025-04-03T13:44:04.557+0000] {logging_mixin.py:190} INFO - [2025-04-03T13:44:04.556+0000] {override.py:1930} INFO - Created Permission View: can read on DAG:dataset_s3_bucket_consumer_with_no_taskflow
[2025-04-03T13:44:04.571+0000] {logging_mixin.py:190} INFO - [2025-04-03T13:44:04.570+0000] {override.py:1930} INFO - Created Permission View: can edit on DAG:dataset_s3_bucket_consumer_with_no_taskflow
[2025-04-03T13:44:04.596+0000] {logging_mixin.py:190} INFO - [2025-04-03T13:44:04.595+0000] {override.py:1930} INFO - Created Permission View: can delete on DAG Run:dataset_s3_bucket_consumer_with_no_taskflow
[2025-04-03T13:44:04.609+0000] {logging_mixin.py:190} INFO - [2025-04-03T13:44:04.609+0000] {override.py:1930} INFO - Created Permission View: can read on DAG Run:dataset_s3_bucket_consumer_with_no_taskflow
[2025-04-03T13:44:04.621+0000] {logging_mixin.py:190} INFO - [2025-04-03T13:44:04.621+0000] {override.py:1930} INFO - Created Permission View: menu access on DAG Run:dataset_s3_bucket_consumer_with_no_taskflow
[2025-04-03T13:44:04.634+0000] {logging_mixin.py:190} INFO - [2025-04-03T13:44:04.633+0000] {override.py:1930} INFO - Created Permission View: can create on DAG Run:dataset_s3_bucket_consumer_with_no_taskflow
[2025-04-03T13:44:04.659+0000] {logging_mixin.py:190} INFO - [2025-04-03T13:44:04.659+0000] {override.py:1930} INFO - Created Permission View: can delete on DAG:dataset_alias_example_alias_consumer_with_no_taskflow
[2025-04-03T13:44:04.672+0000] {logging_mixin.py:190} INFO - [2025-04-03T13:44:04.671+0000] {override.py:1930} INFO - Created Permission View: can read on DAG:dataset_alias_example_alias_consumer_with_no_taskflow
[2025-04-03T13:44:04.684+0000] {logging_mixin.py:190} INFO - [2025-04-03T13:44:04.684+0000] {override.py:1930} INFO - Created Permission View: can edit on DAG:dataset_alias_example_alias_consumer_with_no_taskflow
[2025-04-03T13:44:04.705+0000] {logging_mixin.py:190} INFO - [2025-04-03T13:44:04.704+0000] {override.py:1930} INFO - Created Permission View: can delete on DAG Run:dataset_alias_example_alias_consumer_with_no_taskflow
[2025-04-03T13:44:04.719+0000] {logging_mixin.py:190} INFO - [2025-04-03T13:44:04.718+0000] {override.py:1930} INFO - Created Permission View: can read on DAG Run:dataset_alias_example_alias_consumer_with_no_taskflow
[2025-04-03T13:44:04.734+0000] {logging_mixin.py:190} INFO - [2025-04-03T13:44:04.733+0000] {override.py:1930} INFO - Created Permission View: menu access on DAG Run:dataset_alias_example_alias_consumer_with_no_taskflow
[2025-04-03T13:44:04.751+0000] {logging_mixin.py:190} INFO - [2025-04-03T13:44:04.750+0000] {override.py:1930} INFO - Created Permission View: can create on DAG Run:dataset_alias_example_alias_consumer_with_no_taskflow
[2025-04-03T13:44:04.752+0000] {logging_mixin.py:190} INFO - [2025-04-03T13:44:04.751+0000] {dag.py:3239} INFO - Sync 4 DAGs
[2025-04-03T13:44:04.773+0000] {logging_mixin.py:190} INFO - [2025-04-03T13:44:04.773+0000] {dag.py:3262} INFO - Creating ORM DAG for dataset_alias_example_alias_consumer_with_no_taskflow
[2025-04-03T13:44:04.775+0000] {logging_mixin.py:190} INFO - [2025-04-03T13:44:04.774+0000] {dag.py:3262} INFO - Creating ORM DAG for dataset_s3_bucket_producer_with_no_taskflow
[2025-04-03T13:44:04.775+0000] {logging_mixin.py:190} INFO - [2025-04-03T13:44:04.775+0000] {dag.py:3262} INFO - Creating ORM DAG for dataset_alias_example_alias_producer_with_no_taskflow
[2025-04-03T13:44:04.776+0000] {logging_mixin.py:190} INFO - [2025-04-03T13:44:04.776+0000] {dag.py:3262} INFO - Creating ORM DAG for dataset_s3_bucket_consumer_with_no_taskflow
[2025-04-03T13:44:04.791+0000] {logging_mixin.py:190} INFO - [2025-04-03T13:44:04.790+0000] {dag.py:4180} INFO - Setting next_dagrun for dataset_alias_example_alias_consumer_with_no_taskflow to None, run_after=None
[2025-04-03T13:44:04.792+0000] {logging_mixin.py:190} INFO - [2025-04-03T13:44:04.792+0000] {dag.py:4180} INFO - Setting next_dagrun for dataset_alias_example_alias_producer_with_no_taskflow to None, run_after=None
[2025-04-03T13:44:04.793+0000] {logging_mixin.py:190} INFO - [2025-04-03T13:44:04.793+0000] {dag.py:4180} INFO - Setting next_dagrun for dataset_s3_bucket_consumer_with_no_taskflow to None, run_after=None
[2025-04-03T13:44:04.794+0000] {logging_mixin.py:190} INFO - [2025-04-03T13:44:04.794+0000] {dag.py:4180} INFO - Setting next_dagrun for dataset_s3_bucket_producer_with_no_taskflow to None, run_after=None
[2025-04-03T13:44:04.845+0000] {processor.py:208} INFO - Processing /home/hamza/Documents/project/Mlops/myenv/lib/python3.12/site-packages/airflow/example_dags/example_dataset_alias_with_no_taskflow.py took 0.761 seconds
[2025-04-03T13:45:22.970+0000] {processor.py:186} INFO - Started process (PID=99780) to work on /home/hamza/Documents/project/Mlops/myenv/lib/python3.12/site-packages/airflow/example_dags/example_dataset_alias_with_no_taskflow.py
[2025-04-03T13:45:22.973+0000] {processor.py:914} INFO - Processing file /home/hamza/Documents/project/Mlops/myenv/lib/python3.12/site-packages/airflow/example_dags/example_dataset_alias_with_no_taskflow.py for tasks to queue
[2025-04-03T13:45:22.979+0000] {logging_mixin.py:190} INFO - [2025-04-03T13:45:22.978+0000] {dagbag.py:588} INFO - Filling up the DagBag from /home/hamza/Documents/project/Mlops/myenv/lib/python3.12/site-packages/airflow/example_dags/example_dataset_alias_with_no_taskflow.py
[2025-04-03T13:45:23.018+0000] {processor.py:925} INFO - DAG(s) 'dataset_alias_example_alias_producer_with_no_taskflow', 'dataset_alias_example_alias_consumer_with_no_taskflow', 'dataset_s3_bucket_producer_with_no_taskflow', 'dataset_s3_bucket_consumer_with_no_taskflow' retrieved from /home/hamza/Documents/project/Mlops/myenv/lib/python3.12/site-packages/airflow/example_dags/example_dataset_alias_with_no_taskflow.py
[2025-04-03T13:45:23.052+0000] {logging_mixin.py:190} INFO - [2025-04-03T13:45:23.052+0000] {dag.py:3239} INFO - Sync 4 DAGs
[2025-04-03T13:45:23.089+0000] {logging_mixin.py:190} INFO - [2025-04-03T13:45:23.089+0000] {dag.py:4180} INFO - Setting next_dagrun for dataset_alias_example_alias_consumer_with_no_taskflow to None, run_after=None
[2025-04-03T13:45:23.094+0000] {logging_mixin.py:190} INFO - [2025-04-03T13:45:23.093+0000] {dag.py:4180} INFO - Setting next_dagrun for dataset_alias_example_alias_producer_with_no_taskflow to None, run_after=None
[2025-04-03T13:45:23.095+0000] {logging_mixin.py:190} INFO - [2025-04-03T13:45:23.095+0000] {dag.py:4180} INFO - Setting next_dagrun for dataset_s3_bucket_consumer_with_no_taskflow to None, run_after=None
[2025-04-03T13:45:23.097+0000] {logging_mixin.py:190} INFO - [2025-04-03T13:45:23.096+0000] {dag.py:4180} INFO - Setting next_dagrun for dataset_s3_bucket_producer_with_no_taskflow to None, run_after=None
[2025-04-03T13:45:23.138+0000] {processor.py:208} INFO - Processing /home/hamza/Documents/project/Mlops/myenv/lib/python3.12/site-packages/airflow/example_dags/example_dataset_alias_with_no_taskflow.py took 0.178 seconds
[2025-04-03T13:46:29.926+0000] {processor.py:186} INFO - Started process (PID=100396) to work on /home/hamza/Documents/project/Mlops/myenv/lib/python3.12/site-packages/airflow/example_dags/example_dataset_alias_with_no_taskflow.py
[2025-04-03T13:46:29.929+0000] {processor.py:914} INFO - Processing file /home/hamza/Documents/project/Mlops/myenv/lib/python3.12/site-packages/airflow/example_dags/example_dataset_alias_with_no_taskflow.py for tasks to queue
[2025-04-03T13:46:29.932+0000] {logging_mixin.py:190} INFO - [2025-04-03T13:46:29.932+0000] {dagbag.py:588} INFO - Filling up the DagBag from /home/hamza/Documents/project/Mlops/myenv/lib/python3.12/site-packages/airflow/example_dags/example_dataset_alias_with_no_taskflow.py
[2025-04-03T13:46:29.971+0000] {processor.py:925} INFO - DAG(s) 'dataset_alias_example_alias_producer_with_no_taskflow', 'dataset_s3_bucket_producer_with_no_taskflow', 'dataset_s3_bucket_consumer_with_no_taskflow', 'dataset_alias_example_alias_consumer_with_no_taskflow' retrieved from /home/hamza/Documents/project/Mlops/myenv/lib/python3.12/site-packages/airflow/example_dags/example_dataset_alias_with_no_taskflow.py
[2025-04-03T13:46:30.007+0000] {logging_mixin.py:190} INFO - [2025-04-03T13:46:30.006+0000] {dag.py:3239} INFO - Sync 4 DAGs
[2025-04-03T13:46:30.042+0000] {logging_mixin.py:190} INFO - [2025-04-03T13:46:30.042+0000] {dag.py:4180} INFO - Setting next_dagrun for dataset_alias_example_alias_consumer_with_no_taskflow to None, run_after=None
[2025-04-03T13:46:30.049+0000] {logging_mixin.py:190} INFO - [2025-04-03T13:46:30.049+0000] {dag.py:4180} INFO - Setting next_dagrun for dataset_alias_example_alias_producer_with_no_taskflow to None, run_after=None
[2025-04-03T13:46:30.051+0000] {logging_mixin.py:190} INFO - [2025-04-03T13:46:30.051+0000] {dag.py:4180} INFO - Setting next_dagrun for dataset_s3_bucket_consumer_with_no_taskflow to None, run_after=None
[2025-04-03T13:46:30.053+0000] {logging_mixin.py:190} INFO - [2025-04-03T13:46:30.052+0000] {dag.py:4180} INFO - Setting next_dagrun for dataset_s3_bucket_producer_with_no_taskflow to None, run_after=None
[2025-04-03T13:46:30.096+0000] {processor.py:208} INFO - Processing /home/hamza/Documents/project/Mlops/myenv/lib/python3.12/site-packages/airflow/example_dags/example_dataset_alias_with_no_taskflow.py took 0.181 seconds
[2025-04-03T13:47:36.906+0000] {processor.py:186} INFO - Started process (PID=101233) to work on /home/hamza/Documents/project/Mlops/myenv/lib/python3.12/site-packages/airflow/example_dags/example_dataset_alias_with_no_taskflow.py
[2025-04-03T13:47:36.909+0000] {processor.py:914} INFO - Processing file /home/hamza/Documents/project/Mlops/myenv/lib/python3.12/site-packages/airflow/example_dags/example_dataset_alias_with_no_taskflow.py for tasks to queue
[2025-04-03T13:47:36.914+0000] {logging_mixin.py:190} INFO - [2025-04-03T13:47:36.913+0000] {dagbag.py:588} INFO - Filling up the DagBag from /home/hamza/Documents/project/Mlops/myenv/lib/python3.12/site-packages/airflow/example_dags/example_dataset_alias_with_no_taskflow.py
[2025-04-03T13:47:36.956+0000] {processor.py:925} INFO - DAG(s) 'dataset_s3_bucket_consumer_with_no_taskflow', 'dataset_alias_example_alias_consumer_with_no_taskflow', 'dataset_s3_bucket_producer_with_no_taskflow', 'dataset_alias_example_alias_producer_with_no_taskflow' retrieved from /home/hamza/Documents/project/Mlops/myenv/lib/python3.12/site-packages/airflow/example_dags/example_dataset_alias_with_no_taskflow.py
[2025-04-03T13:47:36.996+0000] {logging_mixin.py:190} INFO - [2025-04-03T13:47:36.995+0000] {dag.py:3239} INFO - Sync 4 DAGs
[2025-04-03T13:47:37.032+0000] {logging_mixin.py:190} INFO - [2025-04-03T13:47:37.032+0000] {dag.py:4180} INFO - Setting next_dagrun for dataset_alias_example_alias_consumer_with_no_taskflow to None, run_after=None
[2025-04-03T13:47:37.036+0000] {logging_mixin.py:190} INFO - [2025-04-03T13:47:37.036+0000] {dag.py:4180} INFO - Setting next_dagrun for dataset_alias_example_alias_producer_with_no_taskflow to None, run_after=None
[2025-04-03T13:47:37.038+0000] {logging_mixin.py:190} INFO - [2025-04-03T13:47:37.038+0000] {dag.py:4180} INFO - Setting next_dagrun for dataset_s3_bucket_consumer_with_no_taskflow to None, run_after=None
[2025-04-03T13:47:37.039+0000] {logging_mixin.py:190} INFO - [2025-04-03T13:47:37.039+0000] {dag.py:4180} INFO - Setting next_dagrun for dataset_s3_bucket_producer_with_no_taskflow to None, run_after=None
[2025-04-03T13:47:37.080+0000] {processor.py:208} INFO - Processing /home/hamza/Documents/project/Mlops/myenv/lib/python3.12/site-packages/airflow/example_dags/example_dataset_alias_with_no_taskflow.py took 0.182 seconds
[2025-04-03T13:50:11.344+0000] {processor.py:186} INFO - Started process (PID=103222) to work on /home/hamza/Documents/project/Mlops/myenv/lib/python3.12/site-packages/airflow/example_dags/example_dataset_alias_with_no_taskflow.py
[2025-04-03T13:50:11.346+0000] {processor.py:914} INFO - Processing file /home/hamza/Documents/project/Mlops/myenv/lib/python3.12/site-packages/airflow/example_dags/example_dataset_alias_with_no_taskflow.py for tasks to queue
[2025-04-03T13:50:11.350+0000] {logging_mixin.py:190} INFO - [2025-04-03T13:50:11.349+0000] {dagbag.py:588} INFO - Filling up the DagBag from /home/hamza/Documents/project/Mlops/myenv/lib/python3.12/site-packages/airflow/example_dags/example_dataset_alias_with_no_taskflow.py
[2025-04-03T13:50:11.388+0000] {processor.py:925} INFO - DAG(s) 'dataset_s3_bucket_producer_with_no_taskflow', 'dataset_s3_bucket_consumer_with_no_taskflow', 'dataset_alias_example_alias_consumer_with_no_taskflow', 'dataset_alias_example_alias_producer_with_no_taskflow' retrieved from /home/hamza/Documents/project/Mlops/myenv/lib/python3.12/site-packages/airflow/example_dags/example_dataset_alias_with_no_taskflow.py
[2025-04-03T13:50:11.429+0000] {logging_mixin.py:190} INFO - [2025-04-03T13:50:11.429+0000] {dag.py:3239} INFO - Sync 4 DAGs
[2025-04-03T13:50:11.467+0000] {logging_mixin.py:190} INFO - [2025-04-03T13:50:11.467+0000] {dag.py:4180} INFO - Setting next_dagrun for dataset_alias_example_alias_consumer_with_no_taskflow to None, run_after=None
[2025-04-03T13:50:11.471+0000] {logging_mixin.py:190} INFO - [2025-04-03T13:50:11.471+0000] {dag.py:4180} INFO - Setting next_dagrun for dataset_alias_example_alias_producer_with_no_taskflow to None, run_after=None
[2025-04-03T13:50:11.473+0000] {logging_mixin.py:190} INFO - [2025-04-03T13:50:11.473+0000] {dag.py:4180} INFO - Setting next_dagrun for dataset_s3_bucket_consumer_with_no_taskflow to None, run_after=None
[2025-04-03T13:50:11.475+0000] {logging_mixin.py:190} INFO - [2025-04-03T13:50:11.475+0000] {dag.py:4180} INFO - Setting next_dagrun for dataset_s3_bucket_producer_with_no_taskflow to None, run_after=None
[2025-04-03T13:50:11.523+0000] {processor.py:208} INFO - Processing /home/hamza/Documents/project/Mlops/myenv/lib/python3.12/site-packages/airflow/example_dags/example_dataset_alias_with_no_taskflow.py took 0.188 seconds
[2025-04-03T13:51:46.274+0000] {processor.py:186} INFO - Started process (PID=104453) to work on /home/hamza/Documents/project/Mlops/myenv/lib/python3.12/site-packages/airflow/example_dags/example_dataset_alias_with_no_taskflow.py
[2025-04-03T13:51:46.277+0000] {processor.py:914} INFO - Processing file /home/hamza/Documents/project/Mlops/myenv/lib/python3.12/site-packages/airflow/example_dags/example_dataset_alias_with_no_taskflow.py for tasks to queue
[2025-04-03T13:51:46.281+0000] {logging_mixin.py:190} INFO - [2025-04-03T13:51:46.280+0000] {dagbag.py:588} INFO - Filling up the DagBag from /home/hamza/Documents/project/Mlops/myenv/lib/python3.12/site-packages/airflow/example_dags/example_dataset_alias_with_no_taskflow.py
[2025-04-03T13:51:46.321+0000] {processor.py:925} INFO - DAG(s) 'dataset_s3_bucket_producer_with_no_taskflow', 'dataset_alias_example_alias_consumer_with_no_taskflow', 'dataset_alias_example_alias_producer_with_no_taskflow', 'dataset_s3_bucket_consumer_with_no_taskflow' retrieved from /home/hamza/Documents/project/Mlops/myenv/lib/python3.12/site-packages/airflow/example_dags/example_dataset_alias_with_no_taskflow.py
[2025-04-03T13:51:46.356+0000] {logging_mixin.py:190} INFO - [2025-04-03T13:51:46.356+0000] {dag.py:3239} INFO - Sync 4 DAGs
[2025-04-03T13:51:46.389+0000] {logging_mixin.py:190} INFO - [2025-04-03T13:51:46.388+0000] {dag.py:4180} INFO - Setting next_dagrun for dataset_alias_example_alias_consumer_with_no_taskflow to None, run_after=None
[2025-04-03T13:51:46.393+0000] {logging_mixin.py:190} INFO - [2025-04-03T13:51:46.392+0000] {dag.py:4180} INFO - Setting next_dagrun for dataset_alias_example_alias_producer_with_no_taskflow to None, run_after=None
[2025-04-03T13:51:46.394+0000] {logging_mixin.py:190} INFO - [2025-04-03T13:51:46.394+0000] {dag.py:4180} INFO - Setting next_dagrun for dataset_s3_bucket_consumer_with_no_taskflow to None, run_after=None
[2025-04-03T13:51:46.395+0000] {logging_mixin.py:190} INFO - [2025-04-03T13:51:46.395+0000] {dag.py:4180} INFO - Setting next_dagrun for dataset_s3_bucket_producer_with_no_taskflow to None, run_after=None
[2025-04-03T13:51:46.432+0000] {processor.py:208} INFO - Processing /home/hamza/Documents/project/Mlops/myenv/lib/python3.12/site-packages/airflow/example_dags/example_dataset_alias_with_no_taskflow.py took 0.167 seconds
[2025-04-03T13:53:30.908+0000] {processor.py:186} INFO - Started process (PID=105519) to work on /home/hamza/Documents/project/Mlops/myenv/lib/python3.12/site-packages/airflow/example_dags/example_dataset_alias_with_no_taskflow.py
[2025-04-03T13:53:30.910+0000] {processor.py:914} INFO - Processing file /home/hamza/Documents/project/Mlops/myenv/lib/python3.12/site-packages/airflow/example_dags/example_dataset_alias_with_no_taskflow.py for tasks to queue
[2025-04-03T13:53:30.913+0000] {logging_mixin.py:190} INFO - [2025-04-03T13:53:30.913+0000] {dagbag.py:588} INFO - Filling up the DagBag from /home/hamza/Documents/project/Mlops/myenv/lib/python3.12/site-packages/airflow/example_dags/example_dataset_alias_with_no_taskflow.py
[2025-04-03T13:53:30.955+0000] {processor.py:925} INFO - DAG(s) 'dataset_s3_bucket_producer_with_no_taskflow', 'dataset_s3_bucket_consumer_with_no_taskflow', 'dataset_alias_example_alias_consumer_with_no_taskflow', 'dataset_alias_example_alias_producer_with_no_taskflow' retrieved from /home/hamza/Documents/project/Mlops/myenv/lib/python3.12/site-packages/airflow/example_dags/example_dataset_alias_with_no_taskflow.py
[2025-04-03T13:53:30.988+0000] {logging_mixin.py:190} INFO - [2025-04-03T13:53:30.988+0000] {dag.py:3239} INFO - Sync 4 DAGs
[2025-04-03T13:53:31.021+0000] {logging_mixin.py:190} INFO - [2025-04-03T13:53:31.021+0000] {dag.py:4180} INFO - Setting next_dagrun for dataset_alias_example_alias_consumer_with_no_taskflow to None, run_after=None
[2025-04-03T13:53:31.025+0000] {logging_mixin.py:190} INFO - [2025-04-03T13:53:31.025+0000] {dag.py:4180} INFO - Setting next_dagrun for dataset_alias_example_alias_producer_with_no_taskflow to None, run_after=None
[2025-04-03T13:53:31.026+0000] {logging_mixin.py:190} INFO - [2025-04-03T13:53:31.026+0000] {dag.py:4180} INFO - Setting next_dagrun for dataset_s3_bucket_consumer_with_no_taskflow to None, run_after=None
[2025-04-03T13:53:31.028+0000] {logging_mixin.py:190} INFO - [2025-04-03T13:53:31.028+0000] {dag.py:4180} INFO - Setting next_dagrun for dataset_s3_bucket_producer_with_no_taskflow to None, run_after=None
[2025-04-03T13:53:31.065+0000] {processor.py:208} INFO - Processing /home/hamza/Documents/project/Mlops/myenv/lib/python3.12/site-packages/airflow/example_dags/example_dataset_alias_with_no_taskflow.py took 0.169 seconds
[2025-04-03T13:59:45.684+0000] {processor.py:186} INFO - Started process (PID=110268) to work on /home/hamza/Documents/project/Mlops/myenv/lib/python3.12/site-packages/airflow/example_dags/example_dataset_alias_with_no_taskflow.py
[2025-04-03T13:59:45.688+0000] {processor.py:914} INFO - Processing file /home/hamza/Documents/project/Mlops/myenv/lib/python3.12/site-packages/airflow/example_dags/example_dataset_alias_with_no_taskflow.py for tasks to queue
[2025-04-03T13:59:45.692+0000] {logging_mixin.py:190} INFO - [2025-04-03T13:59:45.691+0000] {dagbag.py:588} INFO - Filling up the DagBag from /home/hamza/Documents/project/Mlops/myenv/lib/python3.12/site-packages/airflow/example_dags/example_dataset_alias_with_no_taskflow.py
[2025-04-03T13:59:45.751+0000] {processor.py:925} INFO - DAG(s) 'dataset_s3_bucket_producer_with_no_taskflow', 'dataset_alias_example_alias_producer_with_no_taskflow', 'dataset_s3_bucket_consumer_with_no_taskflow', 'dataset_alias_example_alias_consumer_with_no_taskflow' retrieved from /home/hamza/Documents/project/Mlops/myenv/lib/python3.12/site-packages/airflow/example_dags/example_dataset_alias_with_no_taskflow.py
[2025-04-03T13:59:45.804+0000] {logging_mixin.py:190} INFO - [2025-04-03T13:59:45.804+0000] {dag.py:3239} INFO - Sync 4 DAGs
[2025-04-03T13:59:45.858+0000] {logging_mixin.py:190} INFO - [2025-04-03T13:59:45.857+0000] {dag.py:4180} INFO - Setting next_dagrun for dataset_alias_example_alias_consumer_with_no_taskflow to None, run_after=None
[2025-04-03T13:59:45.865+0000] {logging_mixin.py:190} INFO - [2025-04-03T13:59:45.864+0000] {dag.py:4180} INFO - Setting next_dagrun for dataset_alias_example_alias_producer_with_no_taskflow to None, run_after=None
[2025-04-03T13:59:45.870+0000] {logging_mixin.py:190} INFO - [2025-04-03T13:59:45.867+0000] {dag.py:4180} INFO - Setting next_dagrun for dataset_s3_bucket_consumer_with_no_taskflow to None, run_after=None
[2025-04-03T13:59:45.873+0000] {logging_mixin.py:190} INFO - [2025-04-03T13:59:45.873+0000] {dag.py:4180} INFO - Setting next_dagrun for dataset_s3_bucket_producer_with_no_taskflow to None, run_after=None
[2025-04-03T13:59:46.001+0000] {processor.py:208} INFO - Processing /home/hamza/Documents/project/Mlops/myenv/lib/python3.12/site-packages/airflow/example_dags/example_dataset_alias_with_no_taskflow.py took 0.330 seconds
[2025-04-03T14:10:32.706+0000] {processor.py:186} INFO - Started process (PID=118285) to work on /home/hamza/Documents/project/Mlops/myenv/lib/python3.12/site-packages/airflow/example_dags/example_dataset_alias_with_no_taskflow.py
[2025-04-03T14:10:32.708+0000] {processor.py:914} INFO - Processing file /home/hamza/Documents/project/Mlops/myenv/lib/python3.12/site-packages/airflow/example_dags/example_dataset_alias_with_no_taskflow.py for tasks to queue
[2025-04-03T14:10:32.710+0000] {logging_mixin.py:190} INFO - [2025-04-03T14:10:32.709+0000] {dagbag.py:588} INFO - Filling up the DagBag from /home/hamza/Documents/project/Mlops/myenv/lib/python3.12/site-packages/airflow/example_dags/example_dataset_alias_with_no_taskflow.py
[2025-04-03T14:10:32.745+0000] {processor.py:925} INFO - DAG(s) 'dataset_s3_bucket_producer_with_no_taskflow', 'dataset_s3_bucket_consumer_with_no_taskflow', 'dataset_alias_example_alias_producer_with_no_taskflow', 'dataset_alias_example_alias_consumer_with_no_taskflow' retrieved from /home/hamza/Documents/project/Mlops/myenv/lib/python3.12/site-packages/airflow/example_dags/example_dataset_alias_with_no_taskflow.py
[2025-04-03T14:10:32.784+0000] {logging_mixin.py:190} INFO - [2025-04-03T14:10:32.783+0000] {dag.py:3239} INFO - Sync 4 DAGs
[2025-04-03T14:10:32.814+0000] {logging_mixin.py:190} INFO - [2025-04-03T14:10:32.813+0000] {dag.py:4180} INFO - Setting next_dagrun for dataset_alias_example_alias_consumer_with_no_taskflow to None, run_after=None
[2025-04-03T14:10:32.818+0000] {logging_mixin.py:190} INFO - [2025-04-03T14:10:32.817+0000] {dag.py:4180} INFO - Setting next_dagrun for dataset_alias_example_alias_producer_with_no_taskflow to None, run_after=None
[2025-04-03T14:10:32.820+0000] {logging_mixin.py:190} INFO - [2025-04-03T14:10:32.819+0000] {dag.py:4180} INFO - Setting next_dagrun for dataset_s3_bucket_consumer_with_no_taskflow to None, run_after=None
[2025-04-03T14:10:32.822+0000] {logging_mixin.py:190} INFO - [2025-04-03T14:10:32.822+0000] {dag.py:4180} INFO - Setting next_dagrun for dataset_s3_bucket_producer_with_no_taskflow to None, run_after=None
[2025-04-03T14:10:32.863+0000] {processor.py:208} INFO - Processing /home/hamza/Documents/project/Mlops/myenv/lib/python3.12/site-packages/airflow/example_dags/example_dataset_alias_with_no_taskflow.py took 0.167 seconds
[2025-04-03T14:12:10.552+0000] {processor.py:186} INFO - Started process (PID=119153) to work on /home/hamza/Documents/project/Mlops/myenv/lib/python3.12/site-packages/airflow/example_dags/example_dataset_alias_with_no_taskflow.py
[2025-04-03T14:12:10.569+0000] {processor.py:914} INFO - Processing file /home/hamza/Documents/project/Mlops/myenv/lib/python3.12/site-packages/airflow/example_dags/example_dataset_alias_with_no_taskflow.py for tasks to queue
[2025-04-03T14:12:10.571+0000] {logging_mixin.py:190} INFO - [2025-04-03T14:12:10.570+0000] {dagbag.py:588} INFO - Filling up the DagBag from /home/hamza/Documents/project/Mlops/myenv/lib/python3.12/site-packages/airflow/example_dags/example_dataset_alias_with_no_taskflow.py
[2025-04-03T14:12:10.628+0000] {processor.py:925} INFO - DAG(s) 'dataset_s3_bucket_consumer_with_no_taskflow', 'dataset_alias_example_alias_consumer_with_no_taskflow', 'dataset_s3_bucket_producer_with_no_taskflow', 'dataset_alias_example_alias_producer_with_no_taskflow' retrieved from /home/hamza/Documents/project/Mlops/myenv/lib/python3.12/site-packages/airflow/example_dags/example_dataset_alias_with_no_taskflow.py
[2025-04-03T14:12:10.667+0000] {logging_mixin.py:190} INFO - [2025-04-03T14:12:10.667+0000] {dag.py:3239} INFO - Sync 4 DAGs
[2025-04-03T14:12:10.699+0000] {logging_mixin.py:190} INFO - [2025-04-03T14:12:10.699+0000] {dag.py:4180} INFO - Setting next_dagrun for dataset_alias_example_alias_consumer_with_no_taskflow to None, run_after=None
[2025-04-03T14:12:10.704+0000] {logging_mixin.py:190} INFO - [2025-04-03T14:12:10.703+0000] {dag.py:4180} INFO - Setting next_dagrun for dataset_alias_example_alias_producer_with_no_taskflow to None, run_after=None
[2025-04-03T14:12:10.705+0000] {logging_mixin.py:190} INFO - [2025-04-03T14:12:10.705+0000] {dag.py:4180} INFO - Setting next_dagrun for dataset_s3_bucket_consumer_with_no_taskflow to None, run_after=None
[2025-04-03T14:12:10.707+0000] {logging_mixin.py:190} INFO - [2025-04-03T14:12:10.707+0000] {dag.py:4180} INFO - Setting next_dagrun for dataset_s3_bucket_producer_with_no_taskflow to None, run_after=None
[2025-04-03T14:12:10.814+0000] {processor.py:208} INFO - Processing /home/hamza/Documents/project/Mlops/myenv/lib/python3.12/site-packages/airflow/example_dags/example_dataset_alias_with_no_taskflow.py took 0.272 seconds
[2025-04-03T14:19:11.588+0000] {processor.py:186} INFO - Started process (PID=122652) to work on /home/hamza/Documents/project/Mlops/myenv/lib/python3.12/site-packages/airflow/example_dags/example_dataset_alias_with_no_taskflow.py
[2025-04-03T14:19:11.590+0000] {processor.py:914} INFO - Processing file /home/hamza/Documents/project/Mlops/myenv/lib/python3.12/site-packages/airflow/example_dags/example_dataset_alias_with_no_taskflow.py for tasks to queue
[2025-04-03T14:19:11.592+0000] {logging_mixin.py:190} INFO - [2025-04-03T14:19:11.592+0000] {dagbag.py:588} INFO - Filling up the DagBag from /home/hamza/Documents/project/Mlops/myenv/lib/python3.12/site-packages/airflow/example_dags/example_dataset_alias_with_no_taskflow.py
[2025-04-03T14:19:11.626+0000] {processor.py:925} INFO - DAG(s) 'dataset_alias_example_alias_producer_with_no_taskflow', 'dataset_s3_bucket_producer_with_no_taskflow', 'dataset_s3_bucket_consumer_with_no_taskflow', 'dataset_alias_example_alias_consumer_with_no_taskflow' retrieved from /home/hamza/Documents/project/Mlops/myenv/lib/python3.12/site-packages/airflow/example_dags/example_dataset_alias_with_no_taskflow.py
[2025-04-03T14:19:11.664+0000] {logging_mixin.py:190} INFO - [2025-04-03T14:19:11.664+0000] {dag.py:3239} INFO - Sync 4 DAGs
[2025-04-03T14:19:11.701+0000] {logging_mixin.py:190} INFO - [2025-04-03T14:19:11.700+0000] {dag.py:4180} INFO - Setting next_dagrun for dataset_alias_example_alias_consumer_with_no_taskflow to None, run_after=None
[2025-04-03T14:19:11.706+0000] {logging_mixin.py:190} INFO - [2025-04-03T14:19:11.705+0000] {dag.py:4180} INFO - Setting next_dagrun for dataset_alias_example_alias_producer_with_no_taskflow to None, run_after=None
[2025-04-03T14:19:11.708+0000] {logging_mixin.py:190} INFO - [2025-04-03T14:19:11.707+0000] {dag.py:4180} INFO - Setting next_dagrun for dataset_s3_bucket_consumer_with_no_taskflow to None, run_after=None
[2025-04-03T14:19:11.709+0000] {logging_mixin.py:190} INFO - [2025-04-03T14:19:11.709+0000] {dag.py:4180} INFO - Setting next_dagrun for dataset_s3_bucket_producer_with_no_taskflow to None, run_after=None
[2025-04-03T14:19:11.753+0000] {processor.py:208} INFO - Processing /home/hamza/Documents/project/Mlops/myenv/lib/python3.12/site-packages/airflow/example_dags/example_dataset_alias_with_no_taskflow.py took 0.174 seconds
[2025-04-03T15:08:42.787+0000] {processor.py:186} INFO - Started process (PID=36350) to work on /home/hamza/Documents/project/Mlops/myenv/lib/python3.12/site-packages/airflow/example_dags/example_dataset_alias_with_no_taskflow.py
[2025-04-03T15:08:42.789+0000] {processor.py:914} INFO - Processing file /home/hamza/Documents/project/Mlops/myenv/lib/python3.12/site-packages/airflow/example_dags/example_dataset_alias_with_no_taskflow.py for tasks to queue
[2025-04-03T15:08:42.793+0000] {logging_mixin.py:190} INFO - [2025-04-03T15:08:42.792+0000] {dagbag.py:588} INFO - Filling up the DagBag from /home/hamza/Documents/project/Mlops/myenv/lib/python3.12/site-packages/airflow/example_dags/example_dataset_alias_with_no_taskflow.py
[2025-04-03T15:08:42.831+0000] {processor.py:925} INFO - DAG(s) 'dataset_s3_bucket_consumer_with_no_taskflow', 'dataset_s3_bucket_producer_with_no_taskflow', 'dataset_alias_example_alias_producer_with_no_taskflow', 'dataset_alias_example_alias_consumer_with_no_taskflow' retrieved from /home/hamza/Documents/project/Mlops/myenv/lib/python3.12/site-packages/airflow/example_dags/example_dataset_alias_with_no_taskflow.py
[2025-04-03T15:08:42.868+0000] {logging_mixin.py:190} INFO - [2025-04-03T15:08:42.868+0000] {dag.py:3239} INFO - Sync 4 DAGs
[2025-04-03T15:08:42.900+0000] {logging_mixin.py:190} INFO - [2025-04-03T15:08:42.899+0000] {dag.py:4180} INFO - Setting next_dagrun for dataset_alias_example_alias_consumer_with_no_taskflow to None, run_after=None
[2025-04-03T15:08:42.903+0000] {logging_mixin.py:190} INFO - [2025-04-03T15:08:42.903+0000] {dag.py:4180} INFO - Setting next_dagrun for dataset_alias_example_alias_producer_with_no_taskflow to None, run_after=None
[2025-04-03T15:08:42.905+0000] {logging_mixin.py:190} INFO - [2025-04-03T15:08:42.905+0000] {dag.py:4180} INFO - Setting next_dagrun for dataset_s3_bucket_consumer_with_no_taskflow to None, run_after=None
[2025-04-03T15:08:42.906+0000] {logging_mixin.py:190} INFO - [2025-04-03T15:08:42.906+0000] {dag.py:4180} INFO - Setting next_dagrun for dataset_s3_bucket_producer_with_no_taskflow to None, run_after=None
[2025-04-03T15:08:42.941+0000] {processor.py:208} INFO - Processing /home/hamza/Documents/project/Mlops/myenv/lib/python3.12/site-packages/airflow/example_dags/example_dataset_alias_with_no_taskflow.py took 0.163 seconds
[2025-04-03T15:10:13.037+0000] {processor.py:186} INFO - Started process (PID=37253) to work on /home/hamza/Documents/project/Mlops/myenv/lib/python3.12/site-packages/airflow/example_dags/example_dataset_alias_with_no_taskflow.py
[2025-04-03T15:10:13.041+0000] {processor.py:914} INFO - Processing file /home/hamza/Documents/project/Mlops/myenv/lib/python3.12/site-packages/airflow/example_dags/example_dataset_alias_with_no_taskflow.py for tasks to queue
[2025-04-03T15:10:13.045+0000] {logging_mixin.py:190} INFO - [2025-04-03T15:10:13.044+0000] {dagbag.py:588} INFO - Filling up the DagBag from /home/hamza/Documents/project/Mlops/myenv/lib/python3.12/site-packages/airflow/example_dags/example_dataset_alias_with_no_taskflow.py
[2025-04-03T15:10:13.081+0000] {processor.py:925} INFO - DAG(s) 'dataset_s3_bucket_producer_with_no_taskflow', 'dataset_alias_example_alias_consumer_with_no_taskflow', 'dataset_s3_bucket_consumer_with_no_taskflow', 'dataset_alias_example_alias_producer_with_no_taskflow' retrieved from /home/hamza/Documents/project/Mlops/myenv/lib/python3.12/site-packages/airflow/example_dags/example_dataset_alias_with_no_taskflow.py
[2025-04-03T15:10:13.114+0000] {logging_mixin.py:190} INFO - [2025-04-03T15:10:13.114+0000] {dag.py:3239} INFO - Sync 4 DAGs
[2025-04-03T15:10:13.147+0000] {logging_mixin.py:190} INFO - [2025-04-03T15:10:13.146+0000] {dag.py:4180} INFO - Setting next_dagrun for dataset_alias_example_alias_consumer_with_no_taskflow to None, run_after=None
[2025-04-03T15:10:13.150+0000] {logging_mixin.py:190} INFO - [2025-04-03T15:10:13.150+0000] {dag.py:4180} INFO - Setting next_dagrun for dataset_alias_example_alias_producer_with_no_taskflow to None, run_after=None
[2025-04-03T15:10:13.152+0000] {logging_mixin.py:190} INFO - [2025-04-03T15:10:13.152+0000] {dag.py:4180} INFO - Setting next_dagrun for dataset_s3_bucket_consumer_with_no_taskflow to None, run_after=None
[2025-04-03T15:10:13.153+0000] {logging_mixin.py:190} INFO - [2025-04-03T15:10:13.153+0000] {dag.py:4180} INFO - Setting next_dagrun for dataset_s3_bucket_producer_with_no_taskflow to None, run_after=None
[2025-04-03T15:10:13.197+0000] {processor.py:208} INFO - Processing /home/hamza/Documents/project/Mlops/myenv/lib/python3.12/site-packages/airflow/example_dags/example_dataset_alias_with_no_taskflow.py took 0.169 seconds
[2025-04-03T15:11:40.969+0000] {processor.py:186} INFO - Started process (PID=38035) to work on /home/hamza/Documents/project/Mlops/myenv/lib/python3.12/site-packages/airflow/example_dags/example_dataset_alias_with_no_taskflow.py
[2025-04-03T15:11:40.970+0000] {processor.py:914} INFO - Processing file /home/hamza/Documents/project/Mlops/myenv/lib/python3.12/site-packages/airflow/example_dags/example_dataset_alias_with_no_taskflow.py for tasks to queue
[2025-04-03T15:11:40.974+0000] {logging_mixin.py:190} INFO - [2025-04-03T15:11:40.973+0000] {dagbag.py:588} INFO - Filling up the DagBag from /home/hamza/Documents/project/Mlops/myenv/lib/python3.12/site-packages/airflow/example_dags/example_dataset_alias_with_no_taskflow.py
[2025-04-03T15:11:41.012+0000] {processor.py:925} INFO - DAG(s) 'dataset_alias_example_alias_producer_with_no_taskflow', 'dataset_s3_bucket_producer_with_no_taskflow', 'dataset_alias_example_alias_consumer_with_no_taskflow', 'dataset_s3_bucket_consumer_with_no_taskflow' retrieved from /home/hamza/Documents/project/Mlops/myenv/lib/python3.12/site-packages/airflow/example_dags/example_dataset_alias_with_no_taskflow.py
[2025-04-03T15:11:41.045+0000] {logging_mixin.py:190} INFO - [2025-04-03T15:11:41.045+0000] {dag.py:3239} INFO - Sync 4 DAGs
[2025-04-03T15:11:41.075+0000] {logging_mixin.py:190} INFO - [2025-04-03T15:11:41.075+0000] {dag.py:4180} INFO - Setting next_dagrun for dataset_alias_example_alias_consumer_with_no_taskflow to None, run_after=None
[2025-04-03T15:11:41.079+0000] {logging_mixin.py:190} INFO - [2025-04-03T15:11:41.078+0000] {dag.py:4180} INFO - Setting next_dagrun for dataset_alias_example_alias_producer_with_no_taskflow to None, run_after=None
[2025-04-03T15:11:41.080+0000] {logging_mixin.py:190} INFO - [2025-04-03T15:11:41.080+0000] {dag.py:4180} INFO - Setting next_dagrun for dataset_s3_bucket_consumer_with_no_taskflow to None, run_after=None
[2025-04-03T15:11:41.082+0000] {logging_mixin.py:190} INFO - [2025-04-03T15:11:41.081+0000] {dag.py:4180} INFO - Setting next_dagrun for dataset_s3_bucket_producer_with_no_taskflow to None, run_after=None
[2025-04-03T15:11:41.123+0000] {processor.py:208} INFO - Processing /home/hamza/Documents/project/Mlops/myenv/lib/python3.12/site-packages/airflow/example_dags/example_dataset_alias_with_no_taskflow.py took 0.164 seconds
[2025-04-03T15:13:18.010+0000] {processor.py:186} INFO - Started process (PID=38952) to work on /home/hamza/Documents/project/Mlops/myenv/lib/python3.12/site-packages/airflow/example_dags/example_dataset_alias_with_no_taskflow.py
[2025-04-03T15:13:18.013+0000] {processor.py:914} INFO - Processing file /home/hamza/Documents/project/Mlops/myenv/lib/python3.12/site-packages/airflow/example_dags/example_dataset_alias_with_no_taskflow.py for tasks to queue
[2025-04-03T15:13:18.016+0000] {logging_mixin.py:190} INFO - [2025-04-03T15:13:18.016+0000] {dagbag.py:588} INFO - Filling up the DagBag from /home/hamza/Documents/project/Mlops/myenv/lib/python3.12/site-packages/airflow/example_dags/example_dataset_alias_with_no_taskflow.py
[2025-04-03T15:13:18.055+0000] {processor.py:925} INFO - DAG(s) 'dataset_alias_example_alias_consumer_with_no_taskflow', 'dataset_alias_example_alias_producer_with_no_taskflow', 'dataset_s3_bucket_producer_with_no_taskflow', 'dataset_s3_bucket_consumer_with_no_taskflow' retrieved from /home/hamza/Documents/project/Mlops/myenv/lib/python3.12/site-packages/airflow/example_dags/example_dataset_alias_with_no_taskflow.py
[2025-04-03T15:13:18.086+0000] {logging_mixin.py:190} INFO - [2025-04-03T15:13:18.085+0000] {dag.py:3239} INFO - Sync 4 DAGs
[2025-04-03T15:13:18.121+0000] {logging_mixin.py:190} INFO - [2025-04-03T15:13:18.121+0000] {dag.py:4180} INFO - Setting next_dagrun for dataset_alias_example_alias_consumer_with_no_taskflow to None, run_after=None
[2025-04-03T15:13:18.126+0000] {logging_mixin.py:190} INFO - [2025-04-03T15:13:18.125+0000] {dag.py:4180} INFO - Setting next_dagrun for dataset_alias_example_alias_producer_with_no_taskflow to None, run_after=None
[2025-04-03T15:13:18.128+0000] {logging_mixin.py:190} INFO - [2025-04-03T15:13:18.128+0000] {dag.py:4180} INFO - Setting next_dagrun for dataset_s3_bucket_consumer_with_no_taskflow to None, run_after=None
[2025-04-03T15:13:18.129+0000] {logging_mixin.py:190} INFO - [2025-04-03T15:13:18.129+0000] {dag.py:4180} INFO - Setting next_dagrun for dataset_s3_bucket_producer_with_no_taskflow to None, run_after=None
[2025-04-03T15:13:18.166+0000] {processor.py:208} INFO - Processing /home/hamza/Documents/project/Mlops/myenv/lib/python3.12/site-packages/airflow/example_dags/example_dataset_alias_with_no_taskflow.py took 0.165 seconds
[2025-04-03T15:14:51.994+0000] {processor.py:186} INFO - Started process (PID=39806) to work on /home/hamza/Documents/project/Mlops/myenv/lib/python3.12/site-packages/airflow/example_dags/example_dataset_alias_with_no_taskflow.py
[2025-04-03T15:14:51.995+0000] {processor.py:914} INFO - Processing file /home/hamza/Documents/project/Mlops/myenv/lib/python3.12/site-packages/airflow/example_dags/example_dataset_alias_with_no_taskflow.py for tasks to queue
[2025-04-03T15:14:51.999+0000] {logging_mixin.py:190} INFO - [2025-04-03T15:14:51.998+0000] {dagbag.py:588} INFO - Filling up the DagBag from /home/hamza/Documents/project/Mlops/myenv/lib/python3.12/site-packages/airflow/example_dags/example_dataset_alias_with_no_taskflow.py
[2025-04-03T15:14:52.037+0000] {processor.py:925} INFO - DAG(s) 'dataset_alias_example_alias_consumer_with_no_taskflow', 'dataset_s3_bucket_consumer_with_no_taskflow', 'dataset_alias_example_alias_producer_with_no_taskflow', 'dataset_s3_bucket_producer_with_no_taskflow' retrieved from /home/hamza/Documents/project/Mlops/myenv/lib/python3.12/site-packages/airflow/example_dags/example_dataset_alias_with_no_taskflow.py
[2025-04-03T15:14:52.072+0000] {logging_mixin.py:190} INFO - [2025-04-03T15:14:52.071+0000] {dag.py:3239} INFO - Sync 4 DAGs
[2025-04-03T15:14:52.105+0000] {logging_mixin.py:190} INFO - [2025-04-03T15:14:52.104+0000] {dag.py:4180} INFO - Setting next_dagrun for dataset_alias_example_alias_consumer_with_no_taskflow to None, run_after=None
[2025-04-03T15:14:52.108+0000] {logging_mixin.py:190} INFO - [2025-04-03T15:14:52.108+0000] {dag.py:4180} INFO - Setting next_dagrun for dataset_alias_example_alias_producer_with_no_taskflow to None, run_after=None
[2025-04-03T15:14:52.110+0000] {logging_mixin.py:190} INFO - [2025-04-03T15:14:52.110+0000] {dag.py:4180} INFO - Setting next_dagrun for dataset_s3_bucket_consumer_with_no_taskflow to None, run_after=None
[2025-04-03T15:14:52.111+0000] {logging_mixin.py:190} INFO - [2025-04-03T15:14:52.111+0000] {dag.py:4180} INFO - Setting next_dagrun for dataset_s3_bucket_producer_with_no_taskflow to None, run_after=None
[2025-04-03T15:14:52.148+0000] {processor.py:208} INFO - Processing /home/hamza/Documents/project/Mlops/myenv/lib/python3.12/site-packages/airflow/example_dags/example_dataset_alias_with_no_taskflow.py took 0.163 seconds
[2025-04-03T15:16:31.125+0000] {processor.py:186} INFO - Started process (PID=40819) to work on /home/hamza/Documents/project/Mlops/myenv/lib/python3.12/site-packages/airflow/example_dags/example_dataset_alias_with_no_taskflow.py
[2025-04-03T15:16:31.128+0000] {processor.py:914} INFO - Processing file /home/hamza/Documents/project/Mlops/myenv/lib/python3.12/site-packages/airflow/example_dags/example_dataset_alias_with_no_taskflow.py for tasks to queue
[2025-04-03T15:16:31.133+0000] {logging_mixin.py:190} INFO - [2025-04-03T15:16:31.132+0000] {dagbag.py:588} INFO - Filling up the DagBag from /home/hamza/Documents/project/Mlops/myenv/lib/python3.12/site-packages/airflow/example_dags/example_dataset_alias_with_no_taskflow.py
[2025-04-03T15:16:31.184+0000] {processor.py:925} INFO - DAG(s) 'dataset_s3_bucket_producer_with_no_taskflow', 'dataset_alias_example_alias_consumer_with_no_taskflow', 'dataset_s3_bucket_consumer_with_no_taskflow', 'dataset_alias_example_alias_producer_with_no_taskflow' retrieved from /home/hamza/Documents/project/Mlops/myenv/lib/python3.12/site-packages/airflow/example_dags/example_dataset_alias_with_no_taskflow.py
[2025-04-03T15:16:31.232+0000] {logging_mixin.py:190} INFO - [2025-04-03T15:16:31.232+0000] {dag.py:3239} INFO - Sync 4 DAGs
[2025-04-03T15:16:31.283+0000] {logging_mixin.py:190} INFO - [2025-04-03T15:16:31.283+0000] {dag.py:4180} INFO - Setting next_dagrun for dataset_alias_example_alias_consumer_with_no_taskflow to None, run_after=None
[2025-04-03T15:16:31.289+0000] {logging_mixin.py:190} INFO - [2025-04-03T15:16:31.289+0000] {dag.py:4180} INFO - Setting next_dagrun for dataset_alias_example_alias_producer_with_no_taskflow to None, run_after=None
[2025-04-03T15:16:31.294+0000] {logging_mixin.py:190} INFO - [2025-04-03T15:16:31.293+0000] {dag.py:4180} INFO - Setting next_dagrun for dataset_s3_bucket_consumer_with_no_taskflow to None, run_after=None
[2025-04-03T15:16:31.296+0000] {logging_mixin.py:190} INFO - [2025-04-03T15:16:31.296+0000] {dag.py:4180} INFO - Setting next_dagrun for dataset_s3_bucket_producer_with_no_taskflow to None, run_after=None
[2025-04-03T15:16:31.356+0000] {processor.py:208} INFO - Processing /home/hamza/Documents/project/Mlops/myenv/lib/python3.12/site-packages/airflow/example_dags/example_dataset_alias_with_no_taskflow.py took 0.240 seconds
[2025-04-03T15:18:09.897+0000] {processor.py:186} INFO - Started process (PID=41875) to work on /home/hamza/Documents/project/Mlops/myenv/lib/python3.12/site-packages/airflow/example_dags/example_dataset_alias_with_no_taskflow.py
[2025-04-03T15:18:09.900+0000] {processor.py:914} INFO - Processing file /home/hamza/Documents/project/Mlops/myenv/lib/python3.12/site-packages/airflow/example_dags/example_dataset_alias_with_no_taskflow.py for tasks to queue
[2025-04-03T15:18:09.904+0000] {logging_mixin.py:190} INFO - [2025-04-03T15:18:09.903+0000] {dagbag.py:588} INFO - Filling up the DagBag from /home/hamza/Documents/project/Mlops/myenv/lib/python3.12/site-packages/airflow/example_dags/example_dataset_alias_with_no_taskflow.py
[2025-04-03T15:18:09.943+0000] {processor.py:925} INFO - DAG(s) 'dataset_s3_bucket_producer_with_no_taskflow', 'dataset_s3_bucket_consumer_with_no_taskflow', 'dataset_alias_example_alias_consumer_with_no_taskflow', 'dataset_alias_example_alias_producer_with_no_taskflow' retrieved from /home/hamza/Documents/project/Mlops/myenv/lib/python3.12/site-packages/airflow/example_dags/example_dataset_alias_with_no_taskflow.py
[2025-04-03T15:18:09.978+0000] {logging_mixin.py:190} INFO - [2025-04-03T15:18:09.977+0000] {dag.py:3239} INFO - Sync 4 DAGs
[2025-04-03T15:18:10.011+0000] {logging_mixin.py:190} INFO - [2025-04-03T15:18:10.010+0000] {dag.py:4180} INFO - Setting next_dagrun for dataset_alias_example_alias_consumer_with_no_taskflow to None, run_after=None
[2025-04-03T15:18:10.014+0000] {logging_mixin.py:190} INFO - [2025-04-03T15:18:10.014+0000] {dag.py:4180} INFO - Setting next_dagrun for dataset_alias_example_alias_producer_with_no_taskflow to None, run_after=None
[2025-04-03T15:18:10.016+0000] {logging_mixin.py:190} INFO - [2025-04-03T15:18:10.016+0000] {dag.py:4180} INFO - Setting next_dagrun for dataset_s3_bucket_consumer_with_no_taskflow to None, run_after=None
[2025-04-03T15:18:10.017+0000] {logging_mixin.py:190} INFO - [2025-04-03T15:18:10.017+0000] {dag.py:4180} INFO - Setting next_dagrun for dataset_s3_bucket_producer_with_no_taskflow to None, run_after=None
[2025-04-03T15:18:10.056+0000] {processor.py:208} INFO - Processing /home/hamza/Documents/project/Mlops/myenv/lib/python3.12/site-packages/airflow/example_dags/example_dataset_alias_with_no_taskflow.py took 0.169 seconds
[2025-04-03T15:19:41.672+0000] {processor.py:186} INFO - Started process (PID=42876) to work on /home/hamza/Documents/project/Mlops/myenv/lib/python3.12/site-packages/airflow/example_dags/example_dataset_alias_with_no_taskflow.py
[2025-04-03T15:19:41.675+0000] {processor.py:914} INFO - Processing file /home/hamza/Documents/project/Mlops/myenv/lib/python3.12/site-packages/airflow/example_dags/example_dataset_alias_with_no_taskflow.py for tasks to queue
[2025-04-03T15:19:41.679+0000] {logging_mixin.py:190} INFO - [2025-04-03T15:19:41.678+0000] {dagbag.py:588} INFO - Filling up the DagBag from /home/hamza/Documents/project/Mlops/myenv/lib/python3.12/site-packages/airflow/example_dags/example_dataset_alias_with_no_taskflow.py
[2025-04-03T15:19:41.717+0000] {processor.py:925} INFO - DAG(s) 'dataset_alias_example_alias_consumer_with_no_taskflow', 'dataset_s3_bucket_consumer_with_no_taskflow', 'dataset_s3_bucket_producer_with_no_taskflow', 'dataset_alias_example_alias_producer_with_no_taskflow' retrieved from /home/hamza/Documents/project/Mlops/myenv/lib/python3.12/site-packages/airflow/example_dags/example_dataset_alias_with_no_taskflow.py
[2025-04-03T15:19:41.749+0000] {logging_mixin.py:190} INFO - [2025-04-03T15:19:41.749+0000] {dag.py:3239} INFO - Sync 4 DAGs
[2025-04-03T15:19:41.781+0000] {logging_mixin.py:190} INFO - [2025-04-03T15:19:41.781+0000] {dag.py:4180} INFO - Setting next_dagrun for dataset_alias_example_alias_consumer_with_no_taskflow to None, run_after=None
[2025-04-03T15:19:41.785+0000] {logging_mixin.py:190} INFO - [2025-04-03T15:19:41.784+0000] {dag.py:4180} INFO - Setting next_dagrun for dataset_alias_example_alias_producer_with_no_taskflow to None, run_after=None
[2025-04-03T15:19:41.787+0000] {logging_mixin.py:190} INFO - [2025-04-03T15:19:41.786+0000] {dag.py:4180} INFO - Setting next_dagrun for dataset_s3_bucket_consumer_with_no_taskflow to None, run_after=None
[2025-04-03T15:19:41.788+0000] {logging_mixin.py:190} INFO - [2025-04-03T15:19:41.788+0000] {dag.py:4180} INFO - Setting next_dagrun for dataset_s3_bucket_producer_with_no_taskflow to None, run_after=None
[2025-04-03T15:19:41.823+0000] {processor.py:208} INFO - Processing /home/hamza/Documents/project/Mlops/myenv/lib/python3.12/site-packages/airflow/example_dags/example_dataset_alias_with_no_taskflow.py took 0.161 seconds
[2025-04-03T15:21:10.871+0000] {processor.py:186} INFO - Started process (PID=43756) to work on /home/hamza/Documents/project/Mlops/myenv/lib/python3.12/site-packages/airflow/example_dags/example_dataset_alias_with_no_taskflow.py
[2025-04-03T15:21:10.874+0000] {processor.py:914} INFO - Processing file /home/hamza/Documents/project/Mlops/myenv/lib/python3.12/site-packages/airflow/example_dags/example_dataset_alias_with_no_taskflow.py for tasks to queue
[2025-04-03T15:21:10.878+0000] {logging_mixin.py:190} INFO - [2025-04-03T15:21:10.877+0000] {dagbag.py:588} INFO - Filling up the DagBag from /home/hamza/Documents/project/Mlops/myenv/lib/python3.12/site-packages/airflow/example_dags/example_dataset_alias_with_no_taskflow.py
[2025-04-03T15:21:10.916+0000] {processor.py:925} INFO - DAG(s) 'dataset_alias_example_alias_consumer_with_no_taskflow', 'dataset_s3_bucket_consumer_with_no_taskflow', 'dataset_s3_bucket_producer_with_no_taskflow', 'dataset_alias_example_alias_producer_with_no_taskflow' retrieved from /home/hamza/Documents/project/Mlops/myenv/lib/python3.12/site-packages/airflow/example_dags/example_dataset_alias_with_no_taskflow.py
[2025-04-03T15:21:10.949+0000] {logging_mixin.py:190} INFO - [2025-04-03T15:21:10.949+0000] {dag.py:3239} INFO - Sync 4 DAGs
[2025-04-03T15:21:10.980+0000] {logging_mixin.py:190} INFO - [2025-04-03T15:21:10.980+0000] {dag.py:4180} INFO - Setting next_dagrun for dataset_alias_example_alias_consumer_with_no_taskflow to None, run_after=None
[2025-04-03T15:21:10.983+0000] {logging_mixin.py:190} INFO - [2025-04-03T15:21:10.983+0000] {dag.py:4180} INFO - Setting next_dagrun for dataset_alias_example_alias_producer_with_no_taskflow to None, run_after=None
[2025-04-03T15:21:10.985+0000] {logging_mixin.py:190} INFO - [2025-04-03T15:21:10.985+0000] {dag.py:4180} INFO - Setting next_dagrun for dataset_s3_bucket_consumer_with_no_taskflow to None, run_after=None
[2025-04-03T15:21:10.987+0000] {logging_mixin.py:190} INFO - [2025-04-03T15:21:10.987+0000] {dag.py:4180} INFO - Setting next_dagrun for dataset_s3_bucket_producer_with_no_taskflow to None, run_after=None
[2025-04-03T15:21:11.020+0000] {processor.py:208} INFO - Processing /home/hamza/Documents/project/Mlops/myenv/lib/python3.12/site-packages/airflow/example_dags/example_dataset_alias_with_no_taskflow.py took 0.159 seconds
[2025-04-03T15:22:48.189+0000] {processor.py:186} INFO - Started process (PID=44665) to work on /home/hamza/Documents/project/Mlops/myenv/lib/python3.12/site-packages/airflow/example_dags/example_dataset_alias_with_no_taskflow.py
[2025-04-03T15:22:48.192+0000] {processor.py:914} INFO - Processing file /home/hamza/Documents/project/Mlops/myenv/lib/python3.12/site-packages/airflow/example_dags/example_dataset_alias_with_no_taskflow.py for tasks to queue
[2025-04-03T15:22:48.197+0000] {logging_mixin.py:190} INFO - [2025-04-03T15:22:48.196+0000] {dagbag.py:588} INFO - Filling up the DagBag from /home/hamza/Documents/project/Mlops/myenv/lib/python3.12/site-packages/airflow/example_dags/example_dataset_alias_with_no_taskflow.py
[2025-04-03T15:22:48.238+0000] {processor.py:925} INFO - DAG(s) 'dataset_s3_bucket_consumer_with_no_taskflow', 'dataset_s3_bucket_producer_with_no_taskflow', 'dataset_alias_example_alias_consumer_with_no_taskflow', 'dataset_alias_example_alias_producer_with_no_taskflow' retrieved from /home/hamza/Documents/project/Mlops/myenv/lib/python3.12/site-packages/airflow/example_dags/example_dataset_alias_with_no_taskflow.py
[2025-04-03T15:22:48.272+0000] {logging_mixin.py:190} INFO - [2025-04-03T15:22:48.271+0000] {dag.py:3239} INFO - Sync 4 DAGs
[2025-04-03T15:22:48.303+0000] {logging_mixin.py:190} INFO - [2025-04-03T15:22:48.302+0000] {dag.py:4180} INFO - Setting next_dagrun for dataset_alias_example_alias_consumer_with_no_taskflow to None, run_after=None
[2025-04-03T15:22:48.306+0000] {logging_mixin.py:190} INFO - [2025-04-03T15:22:48.306+0000] {dag.py:4180} INFO - Setting next_dagrun for dataset_alias_example_alias_producer_with_no_taskflow to None, run_after=None
[2025-04-03T15:22:48.308+0000] {logging_mixin.py:190} INFO - [2025-04-03T15:22:48.307+0000] {dag.py:4180} INFO - Setting next_dagrun for dataset_s3_bucket_consumer_with_no_taskflow to None, run_after=None
[2025-04-03T15:22:48.311+0000] {logging_mixin.py:190} INFO - [2025-04-03T15:22:48.311+0000] {dag.py:4180} INFO - Setting next_dagrun for dataset_s3_bucket_producer_with_no_taskflow to None, run_after=None
[2025-04-03T15:22:48.347+0000] {processor.py:208} INFO - Processing /home/hamza/Documents/project/Mlops/myenv/lib/python3.12/site-packages/airflow/example_dags/example_dataset_alias_with_no_taskflow.py took 0.166 seconds
[2025-04-03T15:24:24.506+0000] {processor.py:186} INFO - Started process (PID=45641) to work on /home/hamza/Documents/project/Mlops/myenv/lib/python3.12/site-packages/airflow/example_dags/example_dataset_alias_with_no_taskflow.py
[2025-04-03T15:24:24.508+0000] {processor.py:914} INFO - Processing file /home/hamza/Documents/project/Mlops/myenv/lib/python3.12/site-packages/airflow/example_dags/example_dataset_alias_with_no_taskflow.py for tasks to queue
[2025-04-03T15:24:24.512+0000] {logging_mixin.py:190} INFO - [2025-04-03T15:24:24.511+0000] {dagbag.py:588} INFO - Filling up the DagBag from /home/hamza/Documents/project/Mlops/myenv/lib/python3.12/site-packages/airflow/example_dags/example_dataset_alias_with_no_taskflow.py
[2025-04-03T15:24:24.552+0000] {processor.py:925} INFO - DAG(s) 'dataset_s3_bucket_consumer_with_no_taskflow', 'dataset_alias_example_alias_consumer_with_no_taskflow', 'dataset_alias_example_alias_producer_with_no_taskflow', 'dataset_s3_bucket_producer_with_no_taskflow' retrieved from /home/hamza/Documents/project/Mlops/myenv/lib/python3.12/site-packages/airflow/example_dags/example_dataset_alias_with_no_taskflow.py
[2025-04-03T15:24:24.589+0000] {logging_mixin.py:190} INFO - [2025-04-03T15:24:24.588+0000] {dag.py:3239} INFO - Sync 4 DAGs
[2025-04-03T15:24:24.627+0000] {logging_mixin.py:190} INFO - [2025-04-03T15:24:24.626+0000] {dag.py:4180} INFO - Setting next_dagrun for dataset_alias_example_alias_consumer_with_no_taskflow to None, run_after=None
[2025-04-03T15:24:24.630+0000] {logging_mixin.py:190} INFO - [2025-04-03T15:24:24.630+0000] {dag.py:4180} INFO - Setting next_dagrun for dataset_alias_example_alias_producer_with_no_taskflow to None, run_after=None
[2025-04-03T15:24:24.632+0000] {logging_mixin.py:190} INFO - [2025-04-03T15:24:24.632+0000] {dag.py:4180} INFO - Setting next_dagrun for dataset_s3_bucket_consumer_with_no_taskflow to None, run_after=None
[2025-04-03T15:24:24.633+0000] {logging_mixin.py:190} INFO - [2025-04-03T15:24:24.633+0000] {dag.py:4180} INFO - Setting next_dagrun for dataset_s3_bucket_producer_with_no_taskflow to None, run_after=None
[2025-04-03T15:24:24.672+0000] {processor.py:208} INFO - Processing /home/hamza/Documents/project/Mlops/myenv/lib/python3.12/site-packages/airflow/example_dags/example_dataset_alias_with_no_taskflow.py took 0.176 seconds
[2025-04-03T15:25:54.297+0000] {processor.py:186} INFO - Started process (PID=46514) to work on /home/hamza/Documents/project/Mlops/myenv/lib/python3.12/site-packages/airflow/example_dags/example_dataset_alias_with_no_taskflow.py
[2025-04-03T15:25:54.299+0000] {processor.py:914} INFO - Processing file /home/hamza/Documents/project/Mlops/myenv/lib/python3.12/site-packages/airflow/example_dags/example_dataset_alias_with_no_taskflow.py for tasks to queue
[2025-04-03T15:25:54.303+0000] {logging_mixin.py:190} INFO - [2025-04-03T15:25:54.303+0000] {dagbag.py:588} INFO - Filling up the DagBag from /home/hamza/Documents/project/Mlops/myenv/lib/python3.12/site-packages/airflow/example_dags/example_dataset_alias_with_no_taskflow.py
[2025-04-03T15:25:54.341+0000] {processor.py:925} INFO - DAG(s) 'dataset_s3_bucket_consumer_with_no_taskflow', 'dataset_alias_example_alias_producer_with_no_taskflow', 'dataset_alias_example_alias_consumer_with_no_taskflow', 'dataset_s3_bucket_producer_with_no_taskflow' retrieved from /home/hamza/Documents/project/Mlops/myenv/lib/python3.12/site-packages/airflow/example_dags/example_dataset_alias_with_no_taskflow.py
[2025-04-03T15:25:54.377+0000] {logging_mixin.py:190} INFO - [2025-04-03T15:25:54.376+0000] {dag.py:3239} INFO - Sync 4 DAGs
[2025-04-03T15:25:54.410+0000] {logging_mixin.py:190} INFO - [2025-04-03T15:25:54.410+0000] {dag.py:4180} INFO - Setting next_dagrun for dataset_alias_example_alias_consumer_with_no_taskflow to None, run_after=None
[2025-04-03T15:25:54.414+0000] {logging_mixin.py:190} INFO - [2025-04-03T15:25:54.413+0000] {dag.py:4180} INFO - Setting next_dagrun for dataset_alias_example_alias_producer_with_no_taskflow to None, run_after=None
[2025-04-03T15:25:54.415+0000] {logging_mixin.py:190} INFO - [2025-04-03T15:25:54.415+0000] {dag.py:4180} INFO - Setting next_dagrun for dataset_s3_bucket_consumer_with_no_taskflow to None, run_after=None
[2025-04-03T15:25:54.417+0000] {logging_mixin.py:190} INFO - [2025-04-03T15:25:54.417+0000] {dag.py:4180} INFO - Setting next_dagrun for dataset_s3_bucket_producer_with_no_taskflow to None, run_after=None
[2025-04-03T15:25:54.453+0000] {processor.py:208} INFO - Processing /home/hamza/Documents/project/Mlops/myenv/lib/python3.12/site-packages/airflow/example_dags/example_dataset_alias_with_no_taskflow.py took 0.165 seconds
[2025-04-03T16:31:41.506+0000] {processor.py:186} INFO - Started process (PID=82975) to work on /home/hamza/Documents/project/Mlops/myenv/lib/python3.12/site-packages/airflow/example_dags/example_dataset_alias_with_no_taskflow.py
[2025-04-03T16:31:41.507+0000] {processor.py:914} INFO - Processing file /home/hamza/Documents/project/Mlops/myenv/lib/python3.12/site-packages/airflow/example_dags/example_dataset_alias_with_no_taskflow.py for tasks to queue
[2025-04-03T16:31:41.511+0000] {logging_mixin.py:190} INFO - [2025-04-03T16:31:41.510+0000] {dagbag.py:588} INFO - Filling up the DagBag from /home/hamza/Documents/project/Mlops/myenv/lib/python3.12/site-packages/airflow/example_dags/example_dataset_alias_with_no_taskflow.py
[2025-04-03T16:31:41.552+0000] {processor.py:925} INFO - DAG(s) 'dataset_alias_example_alias_consumer_with_no_taskflow', 'dataset_s3_bucket_producer_with_no_taskflow', 'dataset_s3_bucket_consumer_with_no_taskflow', 'dataset_alias_example_alias_producer_with_no_taskflow' retrieved from /home/hamza/Documents/project/Mlops/myenv/lib/python3.12/site-packages/airflow/example_dags/example_dataset_alias_with_no_taskflow.py
[2025-04-03T16:31:41.592+0000] {logging_mixin.py:190} INFO - [2025-04-03T16:31:41.591+0000] {dag.py:3239} INFO - Sync 4 DAGs
[2025-04-03T16:31:41.632+0000] {logging_mixin.py:190} INFO - [2025-04-03T16:31:41.631+0000] {dag.py:4180} INFO - Setting next_dagrun for dataset_alias_example_alias_consumer_with_no_taskflow to None, run_after=None
[2025-04-03T16:31:41.636+0000] {logging_mixin.py:190} INFO - [2025-04-03T16:31:41.636+0000] {dag.py:4180} INFO - Setting next_dagrun for dataset_alias_example_alias_producer_with_no_taskflow to None, run_after=None
[2025-04-03T16:31:41.639+0000] {logging_mixin.py:190} INFO - [2025-04-03T16:31:41.638+0000] {dag.py:4180} INFO - Setting next_dagrun for dataset_s3_bucket_consumer_with_no_taskflow to None, run_after=None
[2025-04-03T16:31:41.640+0000] {logging_mixin.py:190} INFO - [2025-04-03T16:31:41.640+0000] {dag.py:4180} INFO - Setting next_dagrun for dataset_s3_bucket_producer_with_no_taskflow to None, run_after=None
[2025-04-03T16:31:41.676+0000] {processor.py:208} INFO - Processing /home/hamza/Documents/project/Mlops/myenv/lib/python3.12/site-packages/airflow/example_dags/example_dataset_alias_with_no_taskflow.py took 0.179 seconds
[2025-04-03T16:34:34.109+0000] {processor.py:186} INFO - Started process (PID=84506) to work on /home/hamza/Documents/project/Mlops/myenv/lib/python3.12/site-packages/airflow/example_dags/example_dataset_alias_with_no_taskflow.py
[2025-04-03T16:34:34.111+0000] {processor.py:914} INFO - Processing file /home/hamza/Documents/project/Mlops/myenv/lib/python3.12/site-packages/airflow/example_dags/example_dataset_alias_with_no_taskflow.py for tasks to queue
[2025-04-03T16:34:34.115+0000] {logging_mixin.py:190} INFO - [2025-04-03T16:34:34.114+0000] {dagbag.py:588} INFO - Filling up the DagBag from /home/hamza/Documents/project/Mlops/myenv/lib/python3.12/site-packages/airflow/example_dags/example_dataset_alias_with_no_taskflow.py
[2025-04-03T16:34:34.153+0000] {processor.py:925} INFO - DAG(s) 'dataset_alias_example_alias_producer_with_no_taskflow', 'dataset_alias_example_alias_consumer_with_no_taskflow', 'dataset_s3_bucket_consumer_with_no_taskflow', 'dataset_s3_bucket_producer_with_no_taskflow' retrieved from /home/hamza/Documents/project/Mlops/myenv/lib/python3.12/site-packages/airflow/example_dags/example_dataset_alias_with_no_taskflow.py
[2025-04-03T16:34:34.193+0000] {logging_mixin.py:190} INFO - [2025-04-03T16:34:34.193+0000] {dag.py:3239} INFO - Sync 4 DAGs
[2025-04-03T16:34:34.230+0000] {logging_mixin.py:190} INFO - [2025-04-03T16:34:34.230+0000] {dag.py:4180} INFO - Setting next_dagrun for dataset_alias_example_alias_consumer_with_no_taskflow to None, run_after=None
[2025-04-03T16:34:34.234+0000] {logging_mixin.py:190} INFO - [2025-04-03T16:34:34.234+0000] {dag.py:4180} INFO - Setting next_dagrun for dataset_alias_example_alias_producer_with_no_taskflow to None, run_after=None
[2025-04-03T16:34:34.236+0000] {logging_mixin.py:190} INFO - [2025-04-03T16:34:34.235+0000] {dag.py:4180} INFO - Setting next_dagrun for dataset_s3_bucket_consumer_with_no_taskflow to None, run_after=None
[2025-04-03T16:34:34.237+0000] {logging_mixin.py:190} INFO - [2025-04-03T16:34:34.237+0000] {dag.py:4180} INFO - Setting next_dagrun for dataset_s3_bucket_producer_with_no_taskflow to None, run_after=None
[2025-04-03T16:34:34.276+0000] {processor.py:208} INFO - Processing /home/hamza/Documents/project/Mlops/myenv/lib/python3.12/site-packages/airflow/example_dags/example_dataset_alias_with_no_taskflow.py took 0.176 seconds
[2025-04-03T16:36:23.546+0000] {processor.py:186} INFO - Started process (PID=85448) to work on /home/hamza/Documents/project/Mlops/myenv/lib/python3.12/site-packages/airflow/example_dags/example_dataset_alias_with_no_taskflow.py
[2025-04-03T16:36:23.548+0000] {processor.py:914} INFO - Processing file /home/hamza/Documents/project/Mlops/myenv/lib/python3.12/site-packages/airflow/example_dags/example_dataset_alias_with_no_taskflow.py for tasks to queue
[2025-04-03T16:36:23.552+0000] {logging_mixin.py:190} INFO - [2025-04-03T16:36:23.551+0000] {dagbag.py:588} INFO - Filling up the DagBag from /home/hamza/Documents/project/Mlops/myenv/lib/python3.12/site-packages/airflow/example_dags/example_dataset_alias_with_no_taskflow.py
[2025-04-03T16:36:23.592+0000] {processor.py:925} INFO - DAG(s) 'dataset_s3_bucket_consumer_with_no_taskflow', 'dataset_alias_example_alias_producer_with_no_taskflow', 'dataset_s3_bucket_producer_with_no_taskflow', 'dataset_alias_example_alias_consumer_with_no_taskflow' retrieved from /home/hamza/Documents/project/Mlops/myenv/lib/python3.12/site-packages/airflow/example_dags/example_dataset_alias_with_no_taskflow.py
[2025-04-03T16:36:23.630+0000] {logging_mixin.py:190} INFO - [2025-04-03T16:36:23.630+0000] {dag.py:3239} INFO - Sync 4 DAGs
[2025-04-03T16:36:23.667+0000] {logging_mixin.py:190} INFO - [2025-04-03T16:36:23.667+0000] {dag.py:4180} INFO - Setting next_dagrun for dataset_alias_example_alias_consumer_with_no_taskflow to None, run_after=None
[2025-04-03T16:36:23.671+0000] {logging_mixin.py:190} INFO - [2025-04-03T16:36:23.671+0000] {dag.py:4180} INFO - Setting next_dagrun for dataset_alias_example_alias_producer_with_no_taskflow to None, run_after=None
[2025-04-03T16:36:23.673+0000] {logging_mixin.py:190} INFO - [2025-04-03T16:36:23.673+0000] {dag.py:4180} INFO - Setting next_dagrun for dataset_s3_bucket_consumer_with_no_taskflow to None, run_after=None
[2025-04-03T16:36:23.675+0000] {logging_mixin.py:190} INFO - [2025-04-03T16:36:23.675+0000] {dag.py:4180} INFO - Setting next_dagrun for dataset_s3_bucket_producer_with_no_taskflow to None, run_after=None
[2025-04-03T16:36:23.714+0000] {processor.py:208} INFO - Processing /home/hamza/Documents/project/Mlops/myenv/lib/python3.12/site-packages/airflow/example_dags/example_dataset_alias_with_no_taskflow.py took 0.177 seconds
[2025-04-03T16:37:52.626+0000] {processor.py:186} INFO - Started process (PID=86200) to work on /home/hamza/Documents/project/Mlops/myenv/lib/python3.12/site-packages/airflow/example_dags/example_dataset_alias_with_no_taskflow.py
[2025-04-03T16:37:52.627+0000] {processor.py:914} INFO - Processing file /home/hamza/Documents/project/Mlops/myenv/lib/python3.12/site-packages/airflow/example_dags/example_dataset_alias_with_no_taskflow.py for tasks to queue
[2025-04-03T16:37:52.631+0000] {logging_mixin.py:190} INFO - [2025-04-03T16:37:52.630+0000] {dagbag.py:588} INFO - Filling up the DagBag from /home/hamza/Documents/project/Mlops/myenv/lib/python3.12/site-packages/airflow/example_dags/example_dataset_alias_with_no_taskflow.py
[2025-04-03T16:37:52.674+0000] {processor.py:925} INFO - DAG(s) 'dataset_s3_bucket_consumer_with_no_taskflow', 'dataset_alias_example_alias_consumer_with_no_taskflow', 'dataset_alias_example_alias_producer_with_no_taskflow', 'dataset_s3_bucket_producer_with_no_taskflow' retrieved from /home/hamza/Documents/project/Mlops/myenv/lib/python3.12/site-packages/airflow/example_dags/example_dataset_alias_with_no_taskflow.py
[2025-04-03T16:37:52.721+0000] {logging_mixin.py:190} INFO - [2025-04-03T16:37:52.721+0000] {dag.py:3239} INFO - Sync 4 DAGs
[2025-04-03T16:37:52.759+0000] {logging_mixin.py:190} INFO - [2025-04-03T16:37:52.758+0000] {dag.py:4180} INFO - Setting next_dagrun for dataset_alias_example_alias_consumer_with_no_taskflow to None, run_after=None
[2025-04-03T16:37:52.764+0000] {logging_mixin.py:190} INFO - [2025-04-03T16:37:52.764+0000] {dag.py:4180} INFO - Setting next_dagrun for dataset_alias_example_alias_producer_with_no_taskflow to None, run_after=None
[2025-04-03T16:37:52.767+0000] {logging_mixin.py:190} INFO - [2025-04-03T16:37:52.767+0000] {dag.py:4180} INFO - Setting next_dagrun for dataset_s3_bucket_consumer_with_no_taskflow to None, run_after=None
[2025-04-03T16:37:52.769+0000] {logging_mixin.py:190} INFO - [2025-04-03T16:37:52.769+0000] {dag.py:4180} INFO - Setting next_dagrun for dataset_s3_bucket_producer_with_no_taskflow to None, run_after=None
[2025-04-03T16:37:52.811+0000] {processor.py:208} INFO - Processing /home/hamza/Documents/project/Mlops/myenv/lib/python3.12/site-packages/airflow/example_dags/example_dataset_alias_with_no_taskflow.py took 0.194 seconds
[2025-04-03T16:39:24.892+0000] {processor.py:186} INFO - Started process (PID=87418) to work on /home/hamza/Documents/project/Mlops/myenv/lib/python3.12/site-packages/airflow/example_dags/example_dataset_alias_with_no_taskflow.py
[2025-04-03T16:39:24.894+0000] {processor.py:914} INFO - Processing file /home/hamza/Documents/project/Mlops/myenv/lib/python3.12/site-packages/airflow/example_dags/example_dataset_alias_with_no_taskflow.py for tasks to queue
[2025-04-03T16:39:24.898+0000] {logging_mixin.py:190} INFO - [2025-04-03T16:39:24.897+0000] {dagbag.py:588} INFO - Filling up the DagBag from /home/hamza/Documents/project/Mlops/myenv/lib/python3.12/site-packages/airflow/example_dags/example_dataset_alias_with_no_taskflow.py
[2025-04-03T16:39:24.937+0000] {processor.py:925} INFO - DAG(s) 'dataset_s3_bucket_producer_with_no_taskflow', 'dataset_alias_example_alias_consumer_with_no_taskflow', 'dataset_alias_example_alias_producer_with_no_taskflow', 'dataset_s3_bucket_consumer_with_no_taskflow' retrieved from /home/hamza/Documents/project/Mlops/myenv/lib/python3.12/site-packages/airflow/example_dags/example_dataset_alias_with_no_taskflow.py
[2025-04-03T16:39:24.975+0000] {logging_mixin.py:190} INFO - [2025-04-03T16:39:24.974+0000] {dag.py:3239} INFO - Sync 4 DAGs
[2025-04-03T16:39:25.008+0000] {logging_mixin.py:190} INFO - [2025-04-03T16:39:25.008+0000] {dag.py:4180} INFO - Setting next_dagrun for dataset_alias_example_alias_consumer_with_no_taskflow to None, run_after=None
[2025-04-03T16:39:25.012+0000] {logging_mixin.py:190} INFO - [2025-04-03T16:39:25.011+0000] {dag.py:4180} INFO - Setting next_dagrun for dataset_alias_example_alias_producer_with_no_taskflow to None, run_after=None
[2025-04-03T16:39:25.013+0000] {logging_mixin.py:190} INFO - [2025-04-03T16:39:25.013+0000] {dag.py:4180} INFO - Setting next_dagrun for dataset_s3_bucket_consumer_with_no_taskflow to None, run_after=None
[2025-04-03T16:39:25.015+0000] {logging_mixin.py:190} INFO - [2025-04-03T16:39:25.015+0000] {dag.py:4180} INFO - Setting next_dagrun for dataset_s3_bucket_producer_with_no_taskflow to None, run_after=None
[2025-04-03T16:39:25.053+0000] {processor.py:208} INFO - Processing /home/hamza/Documents/project/Mlops/myenv/lib/python3.12/site-packages/airflow/example_dags/example_dataset_alias_with_no_taskflow.py took 0.171 seconds
[2025-04-03T16:40:58.411+0000] {processor.py:186} INFO - Started process (PID=88305) to work on /home/hamza/Documents/project/Mlops/myenv/lib/python3.12/site-packages/airflow/example_dags/example_dataset_alias_with_no_taskflow.py
[2025-04-03T16:40:58.413+0000] {processor.py:914} INFO - Processing file /home/hamza/Documents/project/Mlops/myenv/lib/python3.12/site-packages/airflow/example_dags/example_dataset_alias_with_no_taskflow.py for tasks to queue
[2025-04-03T16:40:58.417+0000] {logging_mixin.py:190} INFO - [2025-04-03T16:40:58.417+0000] {dagbag.py:588} INFO - Filling up the DagBag from /home/hamza/Documents/project/Mlops/myenv/lib/python3.12/site-packages/airflow/example_dags/example_dataset_alias_with_no_taskflow.py
[2025-04-03T16:40:58.457+0000] {processor.py:925} INFO - DAG(s) 'dataset_s3_bucket_producer_with_no_taskflow', 'dataset_alias_example_alias_consumer_with_no_taskflow', 'dataset_alias_example_alias_producer_with_no_taskflow', 'dataset_s3_bucket_consumer_with_no_taskflow' retrieved from /home/hamza/Documents/project/Mlops/myenv/lib/python3.12/site-packages/airflow/example_dags/example_dataset_alias_with_no_taskflow.py
[2025-04-03T16:40:58.492+0000] {logging_mixin.py:190} INFO - [2025-04-03T16:40:58.491+0000] {dag.py:3239} INFO - Sync 4 DAGs
[2025-04-03T16:40:58.526+0000] {logging_mixin.py:190} INFO - [2025-04-03T16:40:58.526+0000] {dag.py:4180} INFO - Setting next_dagrun for dataset_alias_example_alias_consumer_with_no_taskflow to None, run_after=None
[2025-04-03T16:40:58.530+0000] {logging_mixin.py:190} INFO - [2025-04-03T16:40:58.530+0000] {dag.py:4180} INFO - Setting next_dagrun for dataset_alias_example_alias_producer_with_no_taskflow to None, run_after=None
[2025-04-03T16:40:58.532+0000] {logging_mixin.py:190} INFO - [2025-04-03T16:40:58.531+0000] {dag.py:4180} INFO - Setting next_dagrun for dataset_s3_bucket_consumer_with_no_taskflow to None, run_after=None
[2025-04-03T16:40:58.533+0000] {logging_mixin.py:190} INFO - [2025-04-03T16:40:58.533+0000] {dag.py:4180} INFO - Setting next_dagrun for dataset_s3_bucket_producer_with_no_taskflow to None, run_after=None
[2025-04-03T16:40:58.569+0000] {processor.py:208} INFO - Processing /home/hamza/Documents/project/Mlops/myenv/lib/python3.12/site-packages/airflow/example_dags/example_dataset_alias_with_no_taskflow.py took 0.167 seconds
[2025-04-03T16:42:35.218+0000] {processor.py:186} INFO - Started process (PID=89162) to work on /home/hamza/Documents/project/Mlops/myenv/lib/python3.12/site-packages/airflow/example_dags/example_dataset_alias_with_no_taskflow.py
[2025-04-03T16:42:35.230+0000] {processor.py:914} INFO - Processing file /home/hamza/Documents/project/Mlops/myenv/lib/python3.12/site-packages/airflow/example_dags/example_dataset_alias_with_no_taskflow.py for tasks to queue
[2025-04-03T16:42:35.235+0000] {logging_mixin.py:190} INFO - [2025-04-03T16:42:35.234+0000] {dagbag.py:588} INFO - Filling up the DagBag from /home/hamza/Documents/project/Mlops/myenv/lib/python3.12/site-packages/airflow/example_dags/example_dataset_alias_with_no_taskflow.py
[2025-04-03T16:42:35.284+0000] {processor.py:925} INFO - DAG(s) 'dataset_s3_bucket_producer_with_no_taskflow', 'dataset_alias_example_alias_consumer_with_no_taskflow', 'dataset_s3_bucket_consumer_with_no_taskflow', 'dataset_alias_example_alias_producer_with_no_taskflow' retrieved from /home/hamza/Documents/project/Mlops/myenv/lib/python3.12/site-packages/airflow/example_dags/example_dataset_alias_with_no_taskflow.py
[2025-04-03T16:42:35.320+0000] {logging_mixin.py:190} INFO - [2025-04-03T16:42:35.320+0000] {dag.py:3239} INFO - Sync 4 DAGs
[2025-04-03T16:42:35.355+0000] {logging_mixin.py:190} INFO - [2025-04-03T16:42:35.355+0000] {dag.py:4180} INFO - Setting next_dagrun for dataset_alias_example_alias_consumer_with_no_taskflow to None, run_after=None
[2025-04-03T16:42:35.359+0000] {logging_mixin.py:190} INFO - [2025-04-03T16:42:35.359+0000] {dag.py:4180} INFO - Setting next_dagrun for dataset_alias_example_alias_producer_with_no_taskflow to None, run_after=None
[2025-04-03T16:42:35.361+0000] {logging_mixin.py:190} INFO - [2025-04-03T16:42:35.361+0000] {dag.py:4180} INFO - Setting next_dagrun for dataset_s3_bucket_consumer_with_no_taskflow to None, run_after=None
[2025-04-03T16:42:35.362+0000] {logging_mixin.py:190} INFO - [2025-04-03T16:42:35.362+0000] {dag.py:4180} INFO - Setting next_dagrun for dataset_s3_bucket_producer_with_no_taskflow to None, run_after=None
[2025-04-03T16:42:35.494+0000] {processor.py:208} INFO - Processing /home/hamza/Documents/project/Mlops/myenv/lib/python3.12/site-packages/airflow/example_dags/example_dataset_alias_with_no_taskflow.py took 0.285 seconds
[2025-04-03T16:44:09.787+0000] {processor.py:186} INFO - Started process (PID=89895) to work on /home/hamza/Documents/project/Mlops/myenv/lib/python3.12/site-packages/airflow/example_dags/example_dataset_alias_with_no_taskflow.py
[2025-04-03T16:44:09.789+0000] {processor.py:914} INFO - Processing file /home/hamza/Documents/project/Mlops/myenv/lib/python3.12/site-packages/airflow/example_dags/example_dataset_alias_with_no_taskflow.py for tasks to queue
[2025-04-03T16:44:09.793+0000] {logging_mixin.py:190} INFO - [2025-04-03T16:44:09.792+0000] {dagbag.py:588} INFO - Filling up the DagBag from /home/hamza/Documents/project/Mlops/myenv/lib/python3.12/site-packages/airflow/example_dags/example_dataset_alias_with_no_taskflow.py
[2025-04-03T16:44:09.834+0000] {processor.py:925} INFO - DAG(s) 'dataset_s3_bucket_consumer_with_no_taskflow', 'dataset_alias_example_alias_producer_with_no_taskflow', 'dataset_alias_example_alias_consumer_with_no_taskflow', 'dataset_s3_bucket_producer_with_no_taskflow' retrieved from /home/hamza/Documents/project/Mlops/myenv/lib/python3.12/site-packages/airflow/example_dags/example_dataset_alias_with_no_taskflow.py
[2025-04-03T16:44:09.871+0000] {logging_mixin.py:190} INFO - [2025-04-03T16:44:09.871+0000] {dag.py:3239} INFO - Sync 4 DAGs
[2025-04-03T16:44:09.905+0000] {logging_mixin.py:190} INFO - [2025-04-03T16:44:09.905+0000] {dag.py:4180} INFO - Setting next_dagrun for dataset_alias_example_alias_consumer_with_no_taskflow to None, run_after=None
[2025-04-03T16:44:09.908+0000] {logging_mixin.py:190} INFO - [2025-04-03T16:44:09.908+0000] {dag.py:4180} INFO - Setting next_dagrun for dataset_alias_example_alias_producer_with_no_taskflow to None, run_after=None
[2025-04-03T16:44:09.910+0000] {logging_mixin.py:190} INFO - [2025-04-03T16:44:09.910+0000] {dag.py:4180} INFO - Setting next_dagrun for dataset_s3_bucket_consumer_with_no_taskflow to None, run_after=None
[2025-04-03T16:44:09.912+0000] {logging_mixin.py:190} INFO - [2025-04-03T16:44:09.912+0000] {dag.py:4180} INFO - Setting next_dagrun for dataset_s3_bucket_producer_with_no_taskflow to None, run_after=None
[2025-04-03T16:44:09.950+0000] {processor.py:208} INFO - Processing /home/hamza/Documents/project/Mlops/myenv/lib/python3.12/site-packages/airflow/example_dags/example_dataset_alias_with_no_taskflow.py took 0.173 seconds
[2025-04-03T16:45:45.950+0000] {processor.py:186} INFO - Started process (PID=90702) to work on /home/hamza/Documents/project/Mlops/myenv/lib/python3.12/site-packages/airflow/example_dags/example_dataset_alias_with_no_taskflow.py
[2025-04-03T16:45:45.951+0000] {processor.py:914} INFO - Processing file /home/hamza/Documents/project/Mlops/myenv/lib/python3.12/site-packages/airflow/example_dags/example_dataset_alias_with_no_taskflow.py for tasks to queue
[2025-04-03T16:45:45.955+0000] {logging_mixin.py:190} INFO - [2025-04-03T16:45:45.954+0000] {dagbag.py:588} INFO - Filling up the DagBag from /home/hamza/Documents/project/Mlops/myenv/lib/python3.12/site-packages/airflow/example_dags/example_dataset_alias_with_no_taskflow.py
[2025-04-03T16:45:45.995+0000] {processor.py:925} INFO - DAG(s) 'dataset_alias_example_alias_consumer_with_no_taskflow', 'dataset_s3_bucket_consumer_with_no_taskflow', 'dataset_s3_bucket_producer_with_no_taskflow', 'dataset_alias_example_alias_producer_with_no_taskflow' retrieved from /home/hamza/Documents/project/Mlops/myenv/lib/python3.12/site-packages/airflow/example_dags/example_dataset_alias_with_no_taskflow.py
[2025-04-03T16:45:46.032+0000] {logging_mixin.py:190} INFO - [2025-04-03T16:45:46.032+0000] {dag.py:3239} INFO - Sync 4 DAGs
[2025-04-03T16:45:46.066+0000] {logging_mixin.py:190} INFO - [2025-04-03T16:45:46.066+0000] {dag.py:4180} INFO - Setting next_dagrun for dataset_alias_example_alias_consumer_with_no_taskflow to None, run_after=None
[2025-04-03T16:45:46.069+0000] {logging_mixin.py:190} INFO - [2025-04-03T16:45:46.069+0000] {dag.py:4180} INFO - Setting next_dagrun for dataset_alias_example_alias_producer_with_no_taskflow to None, run_after=None
[2025-04-03T16:45:46.071+0000] {logging_mixin.py:190} INFO - [2025-04-03T16:45:46.071+0000] {dag.py:4180} INFO - Setting next_dagrun for dataset_s3_bucket_consumer_with_no_taskflow to None, run_after=None
[2025-04-03T16:45:46.073+0000] {logging_mixin.py:190} INFO - [2025-04-03T16:45:46.072+0000] {dag.py:4180} INFO - Setting next_dagrun for dataset_s3_bucket_producer_with_no_taskflow to None, run_after=None
[2025-04-03T16:45:46.110+0000] {processor.py:208} INFO - Processing /home/hamza/Documents/project/Mlops/myenv/lib/python3.12/site-packages/airflow/example_dags/example_dataset_alias_with_no_taskflow.py took 0.170 seconds
[2025-04-03T16:47:21.618+0000] {processor.py:186} INFO - Started process (PID=91580) to work on /home/hamza/Documents/project/Mlops/myenv/lib/python3.12/site-packages/airflow/example_dags/example_dataset_alias_with_no_taskflow.py
[2025-04-03T16:47:21.621+0000] {processor.py:914} INFO - Processing file /home/hamza/Documents/project/Mlops/myenv/lib/python3.12/site-packages/airflow/example_dags/example_dataset_alias_with_no_taskflow.py for tasks to queue
[2025-04-03T16:47:21.624+0000] {logging_mixin.py:190} INFO - [2025-04-03T16:47:21.624+0000] {dagbag.py:588} INFO - Filling up the DagBag from /home/hamza/Documents/project/Mlops/myenv/lib/python3.12/site-packages/airflow/example_dags/example_dataset_alias_with_no_taskflow.py
[2025-04-03T16:47:21.666+0000] {processor.py:925} INFO - DAG(s) 'dataset_s3_bucket_producer_with_no_taskflow', 'dataset_alias_example_alias_consumer_with_no_taskflow', 'dataset_alias_example_alias_producer_with_no_taskflow', 'dataset_s3_bucket_consumer_with_no_taskflow' retrieved from /home/hamza/Documents/project/Mlops/myenv/lib/python3.12/site-packages/airflow/example_dags/example_dataset_alias_with_no_taskflow.py
[2025-04-03T16:47:21.704+0000] {logging_mixin.py:190} INFO - [2025-04-03T16:47:21.704+0000] {dag.py:3239} INFO - Sync 4 DAGs
[2025-04-03T16:47:21.741+0000] {logging_mixin.py:190} INFO - [2025-04-03T16:47:21.740+0000] {dag.py:4180} INFO - Setting next_dagrun for dataset_alias_example_alias_consumer_with_no_taskflow to None, run_after=None
[2025-04-03T16:47:21.744+0000] {logging_mixin.py:190} INFO - [2025-04-03T16:47:21.744+0000] {dag.py:4180} INFO - Setting next_dagrun for dataset_alias_example_alias_producer_with_no_taskflow to None, run_after=None
[2025-04-03T16:47:21.745+0000] {logging_mixin.py:190} INFO - [2025-04-03T16:47:21.745+0000] {dag.py:4180} INFO - Setting next_dagrun for dataset_s3_bucket_consumer_with_no_taskflow to None, run_after=None
[2025-04-03T16:47:21.747+0000] {logging_mixin.py:190} INFO - [2025-04-03T16:47:21.747+0000] {dag.py:4180} INFO - Setting next_dagrun for dataset_s3_bucket_producer_with_no_taskflow to None, run_after=None
[2025-04-03T16:47:21.786+0000] {processor.py:208} INFO - Processing /home/hamza/Documents/project/Mlops/myenv/lib/python3.12/site-packages/airflow/example_dags/example_dataset_alias_with_no_taskflow.py took 0.177 seconds
[2025-04-03T16:49:01.997+0000] {processor.py:186} INFO - Started process (PID=92416) to work on /home/hamza/Documents/project/Mlops/myenv/lib/python3.12/site-packages/airflow/example_dags/example_dataset_alias_with_no_taskflow.py
[2025-04-03T16:49:01.999+0000] {processor.py:914} INFO - Processing file /home/hamza/Documents/project/Mlops/myenv/lib/python3.12/site-packages/airflow/example_dags/example_dataset_alias_with_no_taskflow.py for tasks to queue
[2025-04-03T16:49:02.002+0000] {logging_mixin.py:190} INFO - [2025-04-03T16:49:02.002+0000] {dagbag.py:588} INFO - Filling up the DagBag from /home/hamza/Documents/project/Mlops/myenv/lib/python3.12/site-packages/airflow/example_dags/example_dataset_alias_with_no_taskflow.py
[2025-04-03T16:49:02.042+0000] {processor.py:925} INFO - DAG(s) 'dataset_alias_example_alias_producer_with_no_taskflow', 'dataset_alias_example_alias_consumer_with_no_taskflow', 'dataset_s3_bucket_producer_with_no_taskflow', 'dataset_s3_bucket_consumer_with_no_taskflow' retrieved from /home/hamza/Documents/project/Mlops/myenv/lib/python3.12/site-packages/airflow/example_dags/example_dataset_alias_with_no_taskflow.py
[2025-04-03T16:49:02.081+0000] {logging_mixin.py:190} INFO - [2025-04-03T16:49:02.081+0000] {dag.py:3239} INFO - Sync 4 DAGs
[2025-04-03T16:49:02.121+0000] {logging_mixin.py:190} INFO - [2025-04-03T16:49:02.120+0000] {dag.py:4180} INFO - Setting next_dagrun for dataset_alias_example_alias_consumer_with_no_taskflow to None, run_after=None
[2025-04-03T16:49:02.125+0000] {logging_mixin.py:190} INFO - [2025-04-03T16:49:02.125+0000] {dag.py:4180} INFO - Setting next_dagrun for dataset_alias_example_alias_producer_with_no_taskflow to None, run_after=None
[2025-04-03T16:49:02.127+0000] {logging_mixin.py:190} INFO - [2025-04-03T16:49:02.127+0000] {dag.py:4180} INFO - Setting next_dagrun for dataset_s3_bucket_consumer_with_no_taskflow to None, run_after=None
[2025-04-03T16:49:02.129+0000] {logging_mixin.py:190} INFO - [2025-04-03T16:49:02.128+0000] {dag.py:4180} INFO - Setting next_dagrun for dataset_s3_bucket_producer_with_no_taskflow to None, run_after=None
[2025-04-03T16:49:02.171+0000] {processor.py:208} INFO - Processing /home/hamza/Documents/project/Mlops/myenv/lib/python3.12/site-packages/airflow/example_dags/example_dataset_alias_with_no_taskflow.py took 0.182 seconds
[2025-04-03T16:50:39.806+0000] {processor.py:186} INFO - Started process (PID=93256) to work on /home/hamza/Documents/project/Mlops/myenv/lib/python3.12/site-packages/airflow/example_dags/example_dataset_alias_with_no_taskflow.py
[2025-04-03T16:50:39.808+0000] {processor.py:914} INFO - Processing file /home/hamza/Documents/project/Mlops/myenv/lib/python3.12/site-packages/airflow/example_dags/example_dataset_alias_with_no_taskflow.py for tasks to queue
[2025-04-03T16:50:39.811+0000] {logging_mixin.py:190} INFO - [2025-04-03T16:50:39.810+0000] {dagbag.py:588} INFO - Filling up the DagBag from /home/hamza/Documents/project/Mlops/myenv/lib/python3.12/site-packages/airflow/example_dags/example_dataset_alias_with_no_taskflow.py
[2025-04-03T16:50:39.852+0000] {processor.py:925} INFO - DAG(s) 'dataset_s3_bucket_consumer_with_no_taskflow', 'dataset_alias_example_alias_producer_with_no_taskflow', 'dataset_alias_example_alias_consumer_with_no_taskflow', 'dataset_s3_bucket_producer_with_no_taskflow' retrieved from /home/hamza/Documents/project/Mlops/myenv/lib/python3.12/site-packages/airflow/example_dags/example_dataset_alias_with_no_taskflow.py
[2025-04-03T16:50:39.894+0000] {logging_mixin.py:190} INFO - [2025-04-03T16:50:39.894+0000] {dag.py:3239} INFO - Sync 4 DAGs
[2025-04-03T16:50:39.932+0000] {logging_mixin.py:190} INFO - [2025-04-03T16:50:39.932+0000] {dag.py:4180} INFO - Setting next_dagrun for dataset_alias_example_alias_consumer_with_no_taskflow to None, run_after=None
[2025-04-03T16:50:39.938+0000] {logging_mixin.py:190} INFO - [2025-04-03T16:50:39.937+0000] {dag.py:4180} INFO - Setting next_dagrun for dataset_alias_example_alias_producer_with_no_taskflow to None, run_after=None
[2025-04-03T16:50:39.940+0000] {logging_mixin.py:190} INFO - [2025-04-03T16:50:39.940+0000] {dag.py:4180} INFO - Setting next_dagrun for dataset_s3_bucket_consumer_with_no_taskflow to None, run_after=None
[2025-04-03T16:50:39.943+0000] {logging_mixin.py:190} INFO - [2025-04-03T16:50:39.942+0000] {dag.py:4180} INFO - Setting next_dagrun for dataset_s3_bucket_producer_with_no_taskflow to None, run_after=None
[2025-04-03T16:50:39.987+0000] {processor.py:208} INFO - Processing /home/hamza/Documents/project/Mlops/myenv/lib/python3.12/site-packages/airflow/example_dags/example_dataset_alias_with_no_taskflow.py took 0.190 seconds
[2025-04-03T16:52:20.124+0000] {processor.py:186} INFO - Started process (PID=94086) to work on /home/hamza/Documents/project/Mlops/myenv/lib/python3.12/site-packages/airflow/example_dags/example_dataset_alias_with_no_taskflow.py
[2025-04-03T16:52:20.125+0000] {processor.py:914} INFO - Processing file /home/hamza/Documents/project/Mlops/myenv/lib/python3.12/site-packages/airflow/example_dags/example_dataset_alias_with_no_taskflow.py for tasks to queue
[2025-04-03T16:52:20.129+0000] {logging_mixin.py:190} INFO - [2025-04-03T16:52:20.129+0000] {dagbag.py:588} INFO - Filling up the DagBag from /home/hamza/Documents/project/Mlops/myenv/lib/python3.12/site-packages/airflow/example_dags/example_dataset_alias_with_no_taskflow.py
[2025-04-03T16:52:20.172+0000] {processor.py:925} INFO - DAG(s) 'dataset_alias_example_alias_consumer_with_no_taskflow', 'dataset_alias_example_alias_producer_with_no_taskflow', 'dataset_s3_bucket_producer_with_no_taskflow', 'dataset_s3_bucket_consumer_with_no_taskflow' retrieved from /home/hamza/Documents/project/Mlops/myenv/lib/python3.12/site-packages/airflow/example_dags/example_dataset_alias_with_no_taskflow.py
[2025-04-03T16:52:20.212+0000] {logging_mixin.py:190} INFO - [2025-04-03T16:52:20.211+0000] {dag.py:3239} INFO - Sync 4 DAGs
[2025-04-03T16:52:20.249+0000] {logging_mixin.py:190} INFO - [2025-04-03T16:52:20.248+0000] {dag.py:4180} INFO - Setting next_dagrun for dataset_alias_example_alias_consumer_with_no_taskflow to None, run_after=None
[2025-04-03T16:52:20.253+0000] {logging_mixin.py:190} INFO - [2025-04-03T16:52:20.252+0000] {dag.py:4180} INFO - Setting next_dagrun for dataset_alias_example_alias_producer_with_no_taskflow to None, run_after=None
[2025-04-03T16:52:20.254+0000] {logging_mixin.py:190} INFO - [2025-04-03T16:52:20.254+0000] {dag.py:4180} INFO - Setting next_dagrun for dataset_s3_bucket_consumer_with_no_taskflow to None, run_after=None
[2025-04-03T16:52:20.256+0000] {logging_mixin.py:190} INFO - [2025-04-03T16:52:20.256+0000] {dag.py:4180} INFO - Setting next_dagrun for dataset_s3_bucket_producer_with_no_taskflow to None, run_after=None
[2025-04-03T16:52:20.296+0000] {processor.py:208} INFO - Processing /home/hamza/Documents/project/Mlops/myenv/lib/python3.12/site-packages/airflow/example_dags/example_dataset_alias_with_no_taskflow.py took 0.182 seconds
[2025-04-03T16:53:56.051+0000] {processor.py:186} INFO - Started process (PID=94867) to work on /home/hamza/Documents/project/Mlops/myenv/lib/python3.12/site-packages/airflow/example_dags/example_dataset_alias_with_no_taskflow.py
[2025-04-03T16:53:56.052+0000] {processor.py:914} INFO - Processing file /home/hamza/Documents/project/Mlops/myenv/lib/python3.12/site-packages/airflow/example_dags/example_dataset_alias_with_no_taskflow.py for tasks to queue
[2025-04-03T16:53:56.057+0000] {logging_mixin.py:190} INFO - [2025-04-03T16:53:56.056+0000] {dagbag.py:588} INFO - Filling up the DagBag from /home/hamza/Documents/project/Mlops/myenv/lib/python3.12/site-packages/airflow/example_dags/example_dataset_alias_with_no_taskflow.py
[2025-04-03T16:53:56.096+0000] {processor.py:925} INFO - DAG(s) 'dataset_s3_bucket_producer_with_no_taskflow', 'dataset_s3_bucket_consumer_with_no_taskflow', 'dataset_alias_example_alias_consumer_with_no_taskflow', 'dataset_alias_example_alias_producer_with_no_taskflow' retrieved from /home/hamza/Documents/project/Mlops/myenv/lib/python3.12/site-packages/airflow/example_dags/example_dataset_alias_with_no_taskflow.py
[2025-04-03T16:53:56.135+0000] {logging_mixin.py:190} INFO - [2025-04-03T16:53:56.135+0000] {dag.py:3239} INFO - Sync 4 DAGs
[2025-04-03T16:53:56.170+0000] {logging_mixin.py:190} INFO - [2025-04-03T16:53:56.170+0000] {dag.py:4180} INFO - Setting next_dagrun for dataset_alias_example_alias_consumer_with_no_taskflow to None, run_after=None
[2025-04-03T16:53:56.174+0000] {logging_mixin.py:190} INFO - [2025-04-03T16:53:56.174+0000] {dag.py:4180} INFO - Setting next_dagrun for dataset_alias_example_alias_producer_with_no_taskflow to None, run_after=None
[2025-04-03T16:53:56.176+0000] {logging_mixin.py:190} INFO - [2025-04-03T16:53:56.176+0000] {dag.py:4180} INFO - Setting next_dagrun for dataset_s3_bucket_consumer_with_no_taskflow to None, run_after=None
[2025-04-03T16:53:56.178+0000] {logging_mixin.py:190} INFO - [2025-04-03T16:53:56.178+0000] {dag.py:4180} INFO - Setting next_dagrun for dataset_s3_bucket_producer_with_no_taskflow to None, run_after=None
[2025-04-03T16:53:56.220+0000] {processor.py:208} INFO - Processing /home/hamza/Documents/project/Mlops/myenv/lib/python3.12/site-packages/airflow/example_dags/example_dataset_alias_with_no_taskflow.py took 0.179 seconds
[2025-04-03T16:55:40.359+0000] {processor.py:186} INFO - Started process (PID=95995) to work on /home/hamza/Documents/project/Mlops/myenv/lib/python3.12/site-packages/airflow/example_dags/example_dataset_alias_with_no_taskflow.py
[2025-04-03T16:55:40.361+0000] {processor.py:914} INFO - Processing file /home/hamza/Documents/project/Mlops/myenv/lib/python3.12/site-packages/airflow/example_dags/example_dataset_alias_with_no_taskflow.py for tasks to queue
[2025-04-03T16:55:40.365+0000] {logging_mixin.py:190} INFO - [2025-04-03T16:55:40.364+0000] {dagbag.py:588} INFO - Filling up the DagBag from /home/hamza/Documents/project/Mlops/myenv/lib/python3.12/site-packages/airflow/example_dags/example_dataset_alias_with_no_taskflow.py
[2025-04-03T16:55:40.405+0000] {processor.py:925} INFO - DAG(s) 'dataset_alias_example_alias_producer_with_no_taskflow', 'dataset_s3_bucket_consumer_with_no_taskflow', 'dataset_alias_example_alias_consumer_with_no_taskflow', 'dataset_s3_bucket_producer_with_no_taskflow' retrieved from /home/hamza/Documents/project/Mlops/myenv/lib/python3.12/site-packages/airflow/example_dags/example_dataset_alias_with_no_taskflow.py
[2025-04-03T16:55:40.440+0000] {logging_mixin.py:190} INFO - [2025-04-03T16:55:40.440+0000] {dag.py:3239} INFO - Sync 4 DAGs
[2025-04-03T16:55:40.472+0000] {logging_mixin.py:190} INFO - [2025-04-03T16:55:40.471+0000] {dag.py:4180} INFO - Setting next_dagrun for dataset_alias_example_alias_consumer_with_no_taskflow to None, run_after=None
[2025-04-03T16:55:40.475+0000] {logging_mixin.py:190} INFO - [2025-04-03T16:55:40.475+0000] {dag.py:4180} INFO - Setting next_dagrun for dataset_alias_example_alias_producer_with_no_taskflow to None, run_after=None
[2025-04-03T16:55:40.477+0000] {logging_mixin.py:190} INFO - [2025-04-03T16:55:40.477+0000] {dag.py:4180} INFO - Setting next_dagrun for dataset_s3_bucket_consumer_with_no_taskflow to None, run_after=None
[2025-04-03T16:55:40.479+0000] {logging_mixin.py:190} INFO - [2025-04-03T16:55:40.479+0000] {dag.py:4180} INFO - Setting next_dagrun for dataset_s3_bucket_producer_with_no_taskflow to None, run_after=None
[2025-04-03T16:55:40.516+0000] {processor.py:208} INFO - Processing /home/hamza/Documents/project/Mlops/myenv/lib/python3.12/site-packages/airflow/example_dags/example_dataset_alias_with_no_taskflow.py took 0.166 seconds
