[2025-04-03T13:43:35.942+0000] {processor.py:186} INFO - Started process (PID=98427) to work on /home/hamza/Documents/project/Mlops/myenv/lib/python3.12/site-packages/airflow/example_dags/example_setup_teardown_taskflow.py
[2025-04-03T13:43:35.943+0000] {processor.py:914} INFO - Processing file /home/hamza/Documents/project/Mlops/myenv/lib/python3.12/site-packages/airflow/example_dags/example_setup_teardown_taskflow.py for tasks to queue
[2025-04-03T13:43:35.947+0000] {logging_mixin.py:190} INFO - [2025-04-03T13:43:35.946+0000] {dagbag.py:588} INFO - Filling up the DagBag from /home/hamza/Documents/project/Mlops/myenv/lib/python3.12/site-packages/airflow/example_dags/example_setup_teardown_taskflow.py
[2025-04-03T13:43:35.974+0000] {processor.py:925} INFO - DAG(s) 'example_setup_teardown_taskflow' retrieved from /home/hamza/Documents/project/Mlops/myenv/lib/python3.12/site-packages/airflow/example_dags/example_setup_teardown_taskflow.py
[2025-04-03T13:43:36.180+0000] {logging_mixin.py:190} INFO - [2025-04-03T13:43:36.179+0000] {override.py:1930} INFO - Created Permission View: can delete on DAG:example_setup_teardown_taskflow
[2025-04-03T13:43:36.208+0000] {logging_mixin.py:190} INFO - [2025-04-03T13:43:36.207+0000] {override.py:1930} INFO - Created Permission View: can read on DAG:example_setup_teardown_taskflow
[2025-04-03T13:43:36.228+0000] {logging_mixin.py:190} INFO - [2025-04-03T13:43:36.227+0000] {override.py:1930} INFO - Created Permission View: can edit on DAG:example_setup_teardown_taskflow
[2025-04-03T13:43:36.252+0000] {logging_mixin.py:190} INFO - [2025-04-03T13:43:36.251+0000] {override.py:1930} INFO - Created Permission View: can delete on DAG Run:example_setup_teardown_taskflow
[2025-04-03T13:43:36.269+0000] {logging_mixin.py:190} INFO - [2025-04-03T13:43:36.268+0000] {override.py:1930} INFO - Created Permission View: can read on DAG Run:example_setup_teardown_taskflow
[2025-04-03T13:43:36.286+0000] {logging_mixin.py:190} INFO - [2025-04-03T13:43:36.286+0000] {override.py:1930} INFO - Created Permission View: menu access on DAG Run:example_setup_teardown_taskflow
[2025-04-03T13:43:36.304+0000] {logging_mixin.py:190} INFO - [2025-04-03T13:43:36.303+0000] {override.py:1930} INFO - Created Permission View: can create on DAG Run:example_setup_teardown_taskflow
[2025-04-03T13:43:36.305+0000] {logging_mixin.py:190} INFO - [2025-04-03T13:43:36.304+0000] {dag.py:3239} INFO - Sync 1 DAGs
[2025-04-03T13:43:36.327+0000] {logging_mixin.py:190} INFO - [2025-04-03T13:43:36.327+0000] {dag.py:3262} INFO - Creating ORM DAG for example_setup_teardown_taskflow
[2025-04-03T13:43:36.328+0000] {logging_mixin.py:190} INFO - [2025-04-03T13:43:36.328+0000] {dag.py:4180} INFO - Setting next_dagrun for example_setup_teardown_taskflow to None, run_after=None
[2025-04-03T13:43:36.364+0000] {processor.py:208} INFO - Processing /home/hamza/Documents/project/Mlops/myenv/lib/python3.12/site-packages/airflow/example_dags/example_setup_teardown_taskflow.py took 0.435 seconds
[2025-04-03T13:44:49.561+0000] {processor.py:186} INFO - Started process (PID=99493) to work on /home/hamza/Documents/project/Mlops/myenv/lib/python3.12/site-packages/airflow/example_dags/example_setup_teardown_taskflow.py
[2025-04-03T13:44:49.562+0000] {processor.py:914} INFO - Processing file /home/hamza/Documents/project/Mlops/myenv/lib/python3.12/site-packages/airflow/example_dags/example_setup_teardown_taskflow.py for tasks to queue
[2025-04-03T13:44:49.567+0000] {logging_mixin.py:190} INFO - [2025-04-03T13:44:49.565+0000] {dagbag.py:588} INFO - Filling up the DagBag from /home/hamza/Documents/project/Mlops/myenv/lib/python3.12/site-packages/airflow/example_dags/example_setup_teardown_taskflow.py
[2025-04-03T13:44:49.587+0000] {processor.py:925} INFO - DAG(s) 'example_setup_teardown_taskflow' retrieved from /home/hamza/Documents/project/Mlops/myenv/lib/python3.12/site-packages/airflow/example_dags/example_setup_teardown_taskflow.py
[2025-04-03T13:44:49.617+0000] {logging_mixin.py:190} INFO - [2025-04-03T13:44:49.617+0000] {dag.py:3239} INFO - Sync 1 DAGs
[2025-04-03T13:44:49.640+0000] {logging_mixin.py:190} INFO - [2025-04-03T13:44:49.640+0000] {dag.py:4180} INFO - Setting next_dagrun for example_setup_teardown_taskflow to None, run_after=None
[2025-04-03T13:44:49.679+0000] {processor.py:208} INFO - Processing /home/hamza/Documents/project/Mlops/myenv/lib/python3.12/site-packages/airflow/example_dags/example_setup_teardown_taskflow.py took 0.127 seconds
[2025-04-03T13:45:55.817+0000] {processor.py:186} INFO - Started process (PID=100054) to work on /home/hamza/Documents/project/Mlops/myenv/lib/python3.12/site-packages/airflow/example_dags/example_setup_teardown_taskflow.py
[2025-04-03T13:45:55.820+0000] {processor.py:914} INFO - Processing file /home/hamza/Documents/project/Mlops/myenv/lib/python3.12/site-packages/airflow/example_dags/example_setup_teardown_taskflow.py for tasks to queue
[2025-04-03T13:45:55.825+0000] {logging_mixin.py:190} INFO - [2025-04-03T13:45:55.824+0000] {dagbag.py:588} INFO - Filling up the DagBag from /home/hamza/Documents/project/Mlops/myenv/lib/python3.12/site-packages/airflow/example_dags/example_setup_teardown_taskflow.py
[2025-04-03T13:45:55.846+0000] {processor.py:925} INFO - DAG(s) 'example_setup_teardown_taskflow' retrieved from /home/hamza/Documents/project/Mlops/myenv/lib/python3.12/site-packages/airflow/example_dags/example_setup_teardown_taskflow.py
[2025-04-03T13:45:55.877+0000] {logging_mixin.py:190} INFO - [2025-04-03T13:45:55.876+0000] {dag.py:3239} INFO - Sync 1 DAGs
[2025-04-03T13:45:55.899+0000] {logging_mixin.py:190} INFO - [2025-04-03T13:45:55.898+0000] {dag.py:4180} INFO - Setting next_dagrun for example_setup_teardown_taskflow to None, run_after=None
[2025-04-03T13:45:55.937+0000] {processor.py:208} INFO - Processing /home/hamza/Documents/project/Mlops/myenv/lib/python3.12/site-packages/airflow/example_dags/example_setup_teardown_taskflow.py took 0.131 seconds
[2025-04-03T13:47:05.036+0000] {processor.py:186} INFO - Started process (PID=100806) to work on /home/hamza/Documents/project/Mlops/myenv/lib/python3.12/site-packages/airflow/example_dags/example_setup_teardown_taskflow.py
[2025-04-03T13:47:05.039+0000] {processor.py:914} INFO - Processing file /home/hamza/Documents/project/Mlops/myenv/lib/python3.12/site-packages/airflow/example_dags/example_setup_teardown_taskflow.py for tasks to queue
[2025-04-03T13:47:05.043+0000] {logging_mixin.py:190} INFO - [2025-04-03T13:47:05.042+0000] {dagbag.py:588} INFO - Filling up the DagBag from /home/hamza/Documents/project/Mlops/myenv/lib/python3.12/site-packages/airflow/example_dags/example_setup_teardown_taskflow.py
[2025-04-03T13:47:05.061+0000] {processor.py:925} INFO - DAG(s) 'example_setup_teardown_taskflow' retrieved from /home/hamza/Documents/project/Mlops/myenv/lib/python3.12/site-packages/airflow/example_dags/example_setup_teardown_taskflow.py
[2025-04-03T13:47:05.092+0000] {logging_mixin.py:190} INFO - [2025-04-03T13:47:05.091+0000] {dag.py:3239} INFO - Sync 1 DAGs
[2025-04-03T13:47:05.114+0000] {logging_mixin.py:190} INFO - [2025-04-03T13:47:05.113+0000] {dag.py:4180} INFO - Setting next_dagrun for example_setup_teardown_taskflow to None, run_after=None
[2025-04-03T13:47:05.159+0000] {processor.py:208} INFO - Processing /home/hamza/Documents/project/Mlops/myenv/lib/python3.12/site-packages/airflow/example_dags/example_setup_teardown_taskflow.py took 0.134 seconds
[2025-04-03T13:48:11.683+0000] {processor.py:186} INFO - Started process (PID=101657) to work on /home/hamza/Documents/project/Mlops/myenv/lib/python3.12/site-packages/airflow/example_dags/example_setup_teardown_taskflow.py
[2025-04-03T13:48:11.687+0000] {processor.py:914} INFO - Processing file /home/hamza/Documents/project/Mlops/myenv/lib/python3.12/site-packages/airflow/example_dags/example_setup_teardown_taskflow.py for tasks to queue
[2025-04-03T13:48:11.693+0000] {logging_mixin.py:190} INFO - [2025-04-03T13:48:11.692+0000] {dagbag.py:588} INFO - Filling up the DagBag from /home/hamza/Documents/project/Mlops/myenv/lib/python3.12/site-packages/airflow/example_dags/example_setup_teardown_taskflow.py
[2025-04-03T13:48:11.718+0000] {processor.py:925} INFO - DAG(s) 'example_setup_teardown_taskflow' retrieved from /home/hamza/Documents/project/Mlops/myenv/lib/python3.12/site-packages/airflow/example_dags/example_setup_teardown_taskflow.py
[2025-04-03T13:48:11.756+0000] {logging_mixin.py:190} INFO - [2025-04-03T13:48:11.755+0000] {dag.py:3239} INFO - Sync 1 DAGs
[2025-04-03T13:48:11.785+0000] {logging_mixin.py:190} INFO - [2025-04-03T13:48:11.784+0000] {dag.py:4180} INFO - Setting next_dagrun for example_setup_teardown_taskflow to None, run_after=None
[2025-04-03T13:48:11.826+0000] {processor.py:208} INFO - Processing /home/hamza/Documents/project/Mlops/myenv/lib/python3.12/site-packages/airflow/example_dags/example_setup_teardown_taskflow.py took 0.162 seconds
[2025-04-03T13:49:48.938+0000] {processor.py:186} INFO - Started process (PID=103020) to work on /home/hamza/Documents/project/Mlops/myenv/lib/python3.12/site-packages/airflow/example_dags/example_setup_teardown_taskflow.py
[2025-04-03T13:49:48.946+0000] {processor.py:914} INFO - Processing file /home/hamza/Documents/project/Mlops/myenv/lib/python3.12/site-packages/airflow/example_dags/example_setup_teardown_taskflow.py for tasks to queue
[2025-04-03T13:49:48.950+0000] {logging_mixin.py:190} INFO - [2025-04-03T13:49:48.949+0000] {dagbag.py:588} INFO - Filling up the DagBag from /home/hamza/Documents/project/Mlops/myenv/lib/python3.12/site-packages/airflow/example_dags/example_setup_teardown_taskflow.py
[2025-04-03T13:49:48.974+0000] {processor.py:925} INFO - DAG(s) 'example_setup_teardown_taskflow' retrieved from /home/hamza/Documents/project/Mlops/myenv/lib/python3.12/site-packages/airflow/example_dags/example_setup_teardown_taskflow.py
[2025-04-03T13:49:49.006+0000] {logging_mixin.py:190} INFO - [2025-04-03T13:49:49.006+0000] {dag.py:3239} INFO - Sync 1 DAGs
[2025-04-03T13:49:49.026+0000] {logging_mixin.py:190} INFO - [2025-04-03T13:49:49.026+0000] {dag.py:4180} INFO - Setting next_dagrun for example_setup_teardown_taskflow to None, run_after=None
[2025-04-03T13:49:49.061+0000] {processor.py:208} INFO - Processing /home/hamza/Documents/project/Mlops/myenv/lib/python3.12/site-packages/airflow/example_dags/example_setup_teardown_taskflow.py took 0.131 seconds
[2025-04-03T13:51:07.292+0000] {processor.py:186} INFO - Started process (PID=103997) to work on /home/hamza/Documents/project/Mlops/myenv/lib/python3.12/site-packages/airflow/example_dags/example_setup_teardown_taskflow.py
[2025-04-03T13:51:07.297+0000] {processor.py:914} INFO - Processing file /home/hamza/Documents/project/Mlops/myenv/lib/python3.12/site-packages/airflow/example_dags/example_setup_teardown_taskflow.py for tasks to queue
[2025-04-03T13:51:07.302+0000] {logging_mixin.py:190} INFO - [2025-04-03T13:51:07.301+0000] {dagbag.py:588} INFO - Filling up the DagBag from /home/hamza/Documents/project/Mlops/myenv/lib/python3.12/site-packages/airflow/example_dags/example_setup_teardown_taskflow.py
[2025-04-03T13:51:07.320+0000] {processor.py:925} INFO - DAG(s) 'example_setup_teardown_taskflow' retrieved from /home/hamza/Documents/project/Mlops/myenv/lib/python3.12/site-packages/airflow/example_dags/example_setup_teardown_taskflow.py
[2025-04-03T13:51:07.348+0000] {logging_mixin.py:190} INFO - [2025-04-03T13:51:07.347+0000] {dag.py:3239} INFO - Sync 1 DAGs
[2025-04-03T13:51:07.368+0000] {logging_mixin.py:190} INFO - [2025-04-03T13:51:07.368+0000] {dag.py:4180} INFO - Setting next_dagrun for example_setup_teardown_taskflow to None, run_after=None
[2025-04-03T13:51:07.404+0000] {processor.py:208} INFO - Processing /home/hamza/Documents/project/Mlops/myenv/lib/python3.12/site-packages/airflow/example_dags/example_setup_teardown_taskflow.py took 0.120 seconds
[2025-04-03T13:52:46.406+0000] {processor.py:186} INFO - Started process (PID=105031) to work on /home/hamza/Documents/project/Mlops/myenv/lib/python3.12/site-packages/airflow/example_dags/example_setup_teardown_taskflow.py
[2025-04-03T13:52:46.408+0000] {processor.py:914} INFO - Processing file /home/hamza/Documents/project/Mlops/myenv/lib/python3.12/site-packages/airflow/example_dags/example_setup_teardown_taskflow.py for tasks to queue
[2025-04-03T13:52:46.412+0000] {logging_mixin.py:190} INFO - [2025-04-03T13:52:46.411+0000] {dagbag.py:588} INFO - Filling up the DagBag from /home/hamza/Documents/project/Mlops/myenv/lib/python3.12/site-packages/airflow/example_dags/example_setup_teardown_taskflow.py
[2025-04-03T13:52:46.434+0000] {processor.py:925} INFO - DAG(s) 'example_setup_teardown_taskflow' retrieved from /home/hamza/Documents/project/Mlops/myenv/lib/python3.12/site-packages/airflow/example_dags/example_setup_teardown_taskflow.py
[2025-04-03T13:52:46.469+0000] {logging_mixin.py:190} INFO - [2025-04-03T13:52:46.468+0000] {dag.py:3239} INFO - Sync 1 DAGs
[2025-04-03T13:52:46.493+0000] {logging_mixin.py:190} INFO - [2025-04-03T13:52:46.492+0000] {dag.py:4180} INFO - Setting next_dagrun for example_setup_teardown_taskflow to None, run_after=None
[2025-04-03T13:52:46.537+0000] {processor.py:208} INFO - Processing /home/hamza/Documents/project/Mlops/myenv/lib/python3.12/site-packages/airflow/example_dags/example_setup_teardown_taskflow.py took 0.143 seconds
[2025-04-03T13:54:23.374+0000] {processor.py:186} INFO - Started process (PID=106156) to work on /home/hamza/Documents/project/Mlops/myenv/lib/python3.12/site-packages/airflow/example_dags/example_setup_teardown_taskflow.py
[2025-04-03T13:54:23.380+0000] {processor.py:914} INFO - Processing file /home/hamza/Documents/project/Mlops/myenv/lib/python3.12/site-packages/airflow/example_dags/example_setup_teardown_taskflow.py for tasks to queue
[2025-04-03T13:54:23.386+0000] {logging_mixin.py:190} INFO - [2025-04-03T13:54:23.385+0000] {dagbag.py:588} INFO - Filling up the DagBag from /home/hamza/Documents/project/Mlops/myenv/lib/python3.12/site-packages/airflow/example_dags/example_setup_teardown_taskflow.py
[2025-04-03T13:54:23.413+0000] {processor.py:925} INFO - DAG(s) 'example_setup_teardown_taskflow' retrieved from /home/hamza/Documents/project/Mlops/myenv/lib/python3.12/site-packages/airflow/example_dags/example_setup_teardown_taskflow.py
[2025-04-03T13:54:23.449+0000] {logging_mixin.py:190} INFO - [2025-04-03T13:54:23.449+0000] {dag.py:3239} INFO - Sync 1 DAGs
[2025-04-03T13:54:23.478+0000] {logging_mixin.py:190} INFO - [2025-04-03T13:54:23.477+0000] {dag.py:4180} INFO - Setting next_dagrun for example_setup_teardown_taskflow to None, run_after=None
[2025-04-03T13:54:23.534+0000] {processor.py:208} INFO - Processing /home/hamza/Documents/project/Mlops/myenv/lib/python3.12/site-packages/airflow/example_dags/example_setup_teardown_taskflow.py took 0.174 seconds
[2025-04-03T13:59:19.780+0000] {processor.py:186} INFO - Started process (PID=110010) to work on /home/hamza/Documents/project/Mlops/myenv/lib/python3.12/site-packages/airflow/example_dags/example_setup_teardown_taskflow.py
[2025-04-03T13:59:19.783+0000] {processor.py:914} INFO - Processing file /home/hamza/Documents/project/Mlops/myenv/lib/python3.12/site-packages/airflow/example_dags/example_setup_teardown_taskflow.py for tasks to queue
[2025-04-03T13:59:19.786+0000] {logging_mixin.py:190} INFO - [2025-04-03T13:59:19.785+0000] {dagbag.py:588} INFO - Filling up the DagBag from /home/hamza/Documents/project/Mlops/myenv/lib/python3.12/site-packages/airflow/example_dags/example_setup_teardown_taskflow.py
[2025-04-03T13:59:19.808+0000] {processor.py:925} INFO - DAG(s) 'example_setup_teardown_taskflow' retrieved from /home/hamza/Documents/project/Mlops/myenv/lib/python3.12/site-packages/airflow/example_dags/example_setup_teardown_taskflow.py
[2025-04-03T13:59:19.841+0000] {logging_mixin.py:190} INFO - [2025-04-03T13:59:19.840+0000] {dag.py:3239} INFO - Sync 1 DAGs
[2025-04-03T13:59:19.860+0000] {logging_mixin.py:190} INFO - [2025-04-03T13:59:19.860+0000] {dag.py:4180} INFO - Setting next_dagrun for example_setup_teardown_taskflow to None, run_after=None
[2025-04-03T13:59:19.895+0000] {processor.py:208} INFO - Processing /home/hamza/Documents/project/Mlops/myenv/lib/python3.12/site-packages/airflow/example_dags/example_setup_teardown_taskflow.py took 0.124 seconds
[2025-04-03T14:10:11.351+0000] {processor.py:186} INFO - Started process (PID=118044) to work on /home/hamza/Documents/project/Mlops/myenv/lib/python3.12/site-packages/airflow/example_dags/example_setup_teardown_taskflow.py
[2025-04-03T14:10:11.353+0000] {processor.py:914} INFO - Processing file /home/hamza/Documents/project/Mlops/myenv/lib/python3.12/site-packages/airflow/example_dags/example_setup_teardown_taskflow.py for tasks to queue
[2025-04-03T14:10:11.355+0000] {logging_mixin.py:190} INFO - [2025-04-03T14:10:11.354+0000] {dagbag.py:588} INFO - Filling up the DagBag from /home/hamza/Documents/project/Mlops/myenv/lib/python3.12/site-packages/airflow/example_dags/example_setup_teardown_taskflow.py
[2025-04-03T14:10:11.372+0000] {processor.py:925} INFO - DAG(s) 'example_setup_teardown_taskflow' retrieved from /home/hamza/Documents/project/Mlops/myenv/lib/python3.12/site-packages/airflow/example_dags/example_setup_teardown_taskflow.py
[2025-04-03T14:10:11.410+0000] {logging_mixin.py:190} INFO - [2025-04-03T14:10:11.409+0000] {dag.py:3239} INFO - Sync 1 DAGs
[2025-04-03T14:10:11.429+0000] {logging_mixin.py:190} INFO - [2025-04-03T14:10:11.429+0000] {dag.py:4180} INFO - Setting next_dagrun for example_setup_teardown_taskflow to None, run_after=None
[2025-04-03T14:10:11.464+0000] {processor.py:208} INFO - Processing /home/hamza/Documents/project/Mlops/myenv/lib/python3.12/site-packages/airflow/example_dags/example_setup_teardown_taskflow.py took 0.123 seconds
[2025-04-03T14:11:26.583+0000] {processor.py:186} INFO - Started process (PID=118746) to work on /home/hamza/Documents/project/Mlops/myenv/lib/python3.12/site-packages/airflow/example_dags/example_setup_teardown_taskflow.py
[2025-04-03T14:11:26.585+0000] {processor.py:914} INFO - Processing file /home/hamza/Documents/project/Mlops/myenv/lib/python3.12/site-packages/airflow/example_dags/example_setup_teardown_taskflow.py for tasks to queue
[2025-04-03T14:11:26.588+0000] {logging_mixin.py:190} INFO - [2025-04-03T14:11:26.587+0000] {dagbag.py:588} INFO - Filling up the DagBag from /home/hamza/Documents/project/Mlops/myenv/lib/python3.12/site-packages/airflow/example_dags/example_setup_teardown_taskflow.py
[2025-04-03T14:11:26.605+0000] {processor.py:925} INFO - DAG(s) 'example_setup_teardown_taskflow' retrieved from /home/hamza/Documents/project/Mlops/myenv/lib/python3.12/site-packages/airflow/example_dags/example_setup_teardown_taskflow.py
[2025-04-03T14:11:26.637+0000] {logging_mixin.py:190} INFO - [2025-04-03T14:11:26.636+0000] {dag.py:3239} INFO - Sync 1 DAGs
[2025-04-03T14:11:26.660+0000] {logging_mixin.py:190} INFO - [2025-04-03T14:11:26.659+0000] {dag.py:4180} INFO - Setting next_dagrun for example_setup_teardown_taskflow to None, run_after=None
[2025-04-03T14:11:26.695+0000] {processor.py:208} INFO - Processing /home/hamza/Documents/project/Mlops/myenv/lib/python3.12/site-packages/airflow/example_dags/example_setup_teardown_taskflow.py took 0.120 seconds
[2025-04-03T14:13:06.646+0000] {processor.py:186} INFO - Started process (PID=119671) to work on /home/hamza/Documents/project/Mlops/myenv/lib/python3.12/site-packages/airflow/example_dags/example_setup_teardown_taskflow.py
[2025-04-03T14:13:06.648+0000] {processor.py:914} INFO - Processing file /home/hamza/Documents/project/Mlops/myenv/lib/python3.12/site-packages/airflow/example_dags/example_setup_teardown_taskflow.py for tasks to queue
[2025-04-03T14:13:06.650+0000] {logging_mixin.py:190} INFO - [2025-04-03T14:13:06.649+0000] {dagbag.py:588} INFO - Filling up the DagBag from /home/hamza/Documents/project/Mlops/myenv/lib/python3.12/site-packages/airflow/example_dags/example_setup_teardown_taskflow.py
[2025-04-03T14:13:06.669+0000] {processor.py:925} INFO - DAG(s) 'example_setup_teardown_taskflow' retrieved from /home/hamza/Documents/project/Mlops/myenv/lib/python3.12/site-packages/airflow/example_dags/example_setup_teardown_taskflow.py
[2025-04-03T14:13:06.699+0000] {logging_mixin.py:190} INFO - [2025-04-03T14:13:06.699+0000] {dag.py:3239} INFO - Sync 1 DAGs
[2025-04-03T14:13:06.719+0000] {logging_mixin.py:190} INFO - [2025-04-03T14:13:06.718+0000] {dag.py:4180} INFO - Setting next_dagrun for example_setup_teardown_taskflow to None, run_after=None
[2025-04-03T14:13:06.753+0000] {processor.py:208} INFO - Processing /home/hamza/Documents/project/Mlops/myenv/lib/python3.12/site-packages/airflow/example_dags/example_setup_teardown_taskflow.py took 0.116 seconds
[2025-04-03T14:18:50.576+0000] {processor.py:186} INFO - Started process (PID=122430) to work on /home/hamza/Documents/project/Mlops/myenv/lib/python3.12/site-packages/airflow/example_dags/example_setup_teardown_taskflow.py
[2025-04-03T14:18:50.579+0000] {processor.py:914} INFO - Processing file /home/hamza/Documents/project/Mlops/myenv/lib/python3.12/site-packages/airflow/example_dags/example_setup_teardown_taskflow.py for tasks to queue
[2025-04-03T14:18:50.582+0000] {logging_mixin.py:190} INFO - [2025-04-03T14:18:50.581+0000] {dagbag.py:588} INFO - Filling up the DagBag from /home/hamza/Documents/project/Mlops/myenv/lib/python3.12/site-packages/airflow/example_dags/example_setup_teardown_taskflow.py
[2025-04-03T14:18:50.599+0000] {processor.py:925} INFO - DAG(s) 'example_setup_teardown_taskflow' retrieved from /home/hamza/Documents/project/Mlops/myenv/lib/python3.12/site-packages/airflow/example_dags/example_setup_teardown_taskflow.py
[2025-04-03T14:18:50.638+0000] {logging_mixin.py:190} INFO - [2025-04-03T14:18:50.637+0000] {dag.py:3239} INFO - Sync 1 DAGs
[2025-04-03T14:18:50.660+0000] {logging_mixin.py:190} INFO - [2025-04-03T14:18:50.659+0000] {dag.py:4180} INFO - Setting next_dagrun for example_setup_teardown_taskflow to None, run_after=None
[2025-04-03T14:18:50.697+0000] {processor.py:208} INFO - Processing /home/hamza/Documents/project/Mlops/myenv/lib/python3.12/site-packages/airflow/example_dags/example_setup_teardown_taskflow.py took 0.130 seconds
[2025-04-03T14:20:42.586+0000] {processor.py:186} INFO - Started process (PID=123068) to work on /home/hamza/Documents/project/Mlops/myenv/lib/python3.12/site-packages/airflow/example_dags/example_setup_teardown_taskflow.py
[2025-04-03T14:20:42.603+0000] {processor.py:914} INFO - Processing file /home/hamza/Documents/project/Mlops/myenv/lib/python3.12/site-packages/airflow/example_dags/example_setup_teardown_taskflow.py for tasks to queue
[2025-04-03T14:20:42.614+0000] {logging_mixin.py:190} INFO - [2025-04-03T14:20:42.607+0000] {dagbag.py:588} INFO - Filling up the DagBag from /home/hamza/Documents/project/Mlops/myenv/lib/python3.12/site-packages/airflow/example_dags/example_setup_teardown_taskflow.py
[2025-04-03T14:20:42.842+0000] {processor.py:925} INFO - DAG(s) 'example_setup_teardown_taskflow' retrieved from /home/hamza/Documents/project/Mlops/myenv/lib/python3.12/site-packages/airflow/example_dags/example_setup_teardown_taskflow.py
[2025-04-03T14:20:43.495+0000] {logging_mixin.py:190} INFO - [2025-04-03T14:20:43.357+0000] {dag.py:3239} INFO - Sync 1 DAGs
[2025-04-03T14:20:44.545+0000] {logging_mixin.py:190} INFO - [2025-04-03T14:20:44.427+0000] {dag.py:4180} INFO - Setting next_dagrun for example_setup_teardown_taskflow to None, run_after=None
[2025-04-03T14:20:49.246+0000] {processor.py:208} INFO - Processing /home/hamza/Documents/project/Mlops/myenv/lib/python3.12/site-packages/airflow/example_dags/example_setup_teardown_taskflow.py took 6.718 seconds
[2025-04-03T15:08:21.845+0000] {processor.py:186} INFO - Started process (PID=36144) to work on /home/hamza/Documents/project/Mlops/myenv/lib/python3.12/site-packages/airflow/example_dags/example_setup_teardown_taskflow.py
[2025-04-03T15:08:21.846+0000] {processor.py:914} INFO - Processing file /home/hamza/Documents/project/Mlops/myenv/lib/python3.12/site-packages/airflow/example_dags/example_setup_teardown_taskflow.py for tasks to queue
[2025-04-03T15:08:21.850+0000] {logging_mixin.py:190} INFO - [2025-04-03T15:08:21.849+0000] {dagbag.py:588} INFO - Filling up the DagBag from /home/hamza/Documents/project/Mlops/myenv/lib/python3.12/site-packages/airflow/example_dags/example_setup_teardown_taskflow.py
[2025-04-03T15:08:21.868+0000] {processor.py:925} INFO - DAG(s) 'example_setup_teardown_taskflow' retrieved from /home/hamza/Documents/project/Mlops/myenv/lib/python3.12/site-packages/airflow/example_dags/example_setup_teardown_taskflow.py
[2025-04-03T15:08:21.898+0000] {logging_mixin.py:190} INFO - [2025-04-03T15:08:21.898+0000] {dag.py:3239} INFO - Sync 1 DAGs
[2025-04-03T15:08:21.920+0000] {logging_mixin.py:190} INFO - [2025-04-03T15:08:21.920+0000] {dag.py:4180} INFO - Setting next_dagrun for example_setup_teardown_taskflow to None, run_after=None
[2025-04-03T15:08:21.962+0000] {processor.py:208} INFO - Processing /home/hamza/Documents/project/Mlops/myenv/lib/python3.12/site-packages/airflow/example_dags/example_setup_teardown_taskflow.py took 0.126 seconds
[2025-04-03T15:09:37.098+0000] {processor.py:186} INFO - Started process (PID=36884) to work on /home/hamza/Documents/project/Mlops/myenv/lib/python3.12/site-packages/airflow/example_dags/example_setup_teardown_taskflow.py
[2025-04-03T15:09:37.101+0000] {processor.py:914} INFO - Processing file /home/hamza/Documents/project/Mlops/myenv/lib/python3.12/site-packages/airflow/example_dags/example_setup_teardown_taskflow.py for tasks to queue
[2025-04-03T15:09:37.105+0000] {logging_mixin.py:190} INFO - [2025-04-03T15:09:37.104+0000] {dagbag.py:588} INFO - Filling up the DagBag from /home/hamza/Documents/project/Mlops/myenv/lib/python3.12/site-packages/airflow/example_dags/example_setup_teardown_taskflow.py
[2025-04-03T15:09:37.124+0000] {processor.py:925} INFO - DAG(s) 'example_setup_teardown_taskflow' retrieved from /home/hamza/Documents/project/Mlops/myenv/lib/python3.12/site-packages/airflow/example_dags/example_setup_teardown_taskflow.py
[2025-04-03T15:09:37.156+0000] {logging_mixin.py:190} INFO - [2025-04-03T15:09:37.155+0000] {dag.py:3239} INFO - Sync 1 DAGs
[2025-04-03T15:09:37.179+0000] {logging_mixin.py:190} INFO - [2025-04-03T15:09:37.179+0000] {dag.py:4180} INFO - Setting next_dagrun for example_setup_teardown_taskflow to None, run_after=None
[2025-04-03T15:09:37.216+0000] {processor.py:208} INFO - Processing /home/hamza/Documents/project/Mlops/myenv/lib/python3.12/site-packages/airflow/example_dags/example_setup_teardown_taskflow.py took 0.126 seconds
[2025-04-03T15:11:04.969+0000] {processor.py:186} INFO - Started process (PID=37735) to work on /home/hamza/Documents/project/Mlops/myenv/lib/python3.12/site-packages/airflow/example_dags/example_setup_teardown_taskflow.py
[2025-04-03T15:11:04.973+0000] {processor.py:914} INFO - Processing file /home/hamza/Documents/project/Mlops/myenv/lib/python3.12/site-packages/airflow/example_dags/example_setup_teardown_taskflow.py for tasks to queue
[2025-04-03T15:11:04.977+0000] {logging_mixin.py:190} INFO - [2025-04-03T15:11:04.976+0000] {dagbag.py:588} INFO - Filling up the DagBag from /home/hamza/Documents/project/Mlops/myenv/lib/python3.12/site-packages/airflow/example_dags/example_setup_teardown_taskflow.py
[2025-04-03T15:11:04.997+0000] {processor.py:925} INFO - DAG(s) 'example_setup_teardown_taskflow' retrieved from /home/hamza/Documents/project/Mlops/myenv/lib/python3.12/site-packages/airflow/example_dags/example_setup_teardown_taskflow.py
[2025-04-03T15:11:05.025+0000] {logging_mixin.py:190} INFO - [2025-04-03T15:11:05.024+0000] {dag.py:3239} INFO - Sync 1 DAGs
[2025-04-03T15:11:05.043+0000] {logging_mixin.py:190} INFO - [2025-04-03T15:11:05.043+0000] {dag.py:4180} INFO - Setting next_dagrun for example_setup_teardown_taskflow to None, run_after=None
[2025-04-03T15:11:05.081+0000] {processor.py:208} INFO - Processing /home/hamza/Documents/project/Mlops/myenv/lib/python3.12/site-packages/airflow/example_dags/example_setup_teardown_taskflow.py took 0.121 seconds
[2025-04-03T15:12:35.428+0000] {processor.py:186} INFO - Started process (PID=38523) to work on /home/hamza/Documents/project/Mlops/myenv/lib/python3.12/site-packages/airflow/example_dags/example_setup_teardown_taskflow.py
[2025-04-03T15:12:35.433+0000] {processor.py:914} INFO - Processing file /home/hamza/Documents/project/Mlops/myenv/lib/python3.12/site-packages/airflow/example_dags/example_setup_teardown_taskflow.py for tasks to queue
[2025-04-03T15:12:35.437+0000] {logging_mixin.py:190} INFO - [2025-04-03T15:12:35.436+0000] {dagbag.py:588} INFO - Filling up the DagBag from /home/hamza/Documents/project/Mlops/myenv/lib/python3.12/site-packages/airflow/example_dags/example_setup_teardown_taskflow.py
[2025-04-03T15:12:35.456+0000] {processor.py:925} INFO - DAG(s) 'example_setup_teardown_taskflow' retrieved from /home/hamza/Documents/project/Mlops/myenv/lib/python3.12/site-packages/airflow/example_dags/example_setup_teardown_taskflow.py
[2025-04-03T15:12:35.484+0000] {logging_mixin.py:190} INFO - [2025-04-03T15:12:35.484+0000] {dag.py:3239} INFO - Sync 1 DAGs
[2025-04-03T15:12:35.505+0000] {logging_mixin.py:190} INFO - [2025-04-03T15:12:35.505+0000] {dag.py:4180} INFO - Setting next_dagrun for example_setup_teardown_taskflow to None, run_after=None
[2025-04-03T15:12:35.542+0000] {processor.py:208} INFO - Processing /home/hamza/Documents/project/Mlops/myenv/lib/python3.12/site-packages/airflow/example_dags/example_setup_teardown_taskflow.py took 0.124 seconds
[2025-04-03T15:14:11.133+0000] {processor.py:186} INFO - Started process (PID=39422) to work on /home/hamza/Documents/project/Mlops/myenv/lib/python3.12/site-packages/airflow/example_dags/example_setup_teardown_taskflow.py
[2025-04-03T15:14:11.136+0000] {processor.py:914} INFO - Processing file /home/hamza/Documents/project/Mlops/myenv/lib/python3.12/site-packages/airflow/example_dags/example_setup_teardown_taskflow.py for tasks to queue
[2025-04-03T15:14:11.141+0000] {logging_mixin.py:190} INFO - [2025-04-03T15:14:11.140+0000] {dagbag.py:588} INFO - Filling up the DagBag from /home/hamza/Documents/project/Mlops/myenv/lib/python3.12/site-packages/airflow/example_dags/example_setup_teardown_taskflow.py
[2025-04-03T15:14:11.162+0000] {processor.py:925} INFO - DAG(s) 'example_setup_teardown_taskflow' retrieved from /home/hamza/Documents/project/Mlops/myenv/lib/python3.12/site-packages/airflow/example_dags/example_setup_teardown_taskflow.py
[2025-04-03T15:14:11.193+0000] {logging_mixin.py:190} INFO - [2025-04-03T15:14:11.192+0000] {dag.py:3239} INFO - Sync 1 DAGs
[2025-04-03T15:14:11.213+0000] {logging_mixin.py:190} INFO - [2025-04-03T15:14:11.212+0000] {dag.py:4180} INFO - Setting next_dagrun for example_setup_teardown_taskflow to None, run_after=None
[2025-04-03T15:14:11.246+0000] {processor.py:208} INFO - Processing /home/hamza/Documents/project/Mlops/myenv/lib/python3.12/site-packages/airflow/example_dags/example_setup_teardown_taskflow.py took 0.122 seconds
[2025-04-03T15:15:45.780+0000] {processor.py:186} INFO - Started process (PID=40372) to work on /home/hamza/Documents/project/Mlops/myenv/lib/python3.12/site-packages/airflow/example_dags/example_setup_teardown_taskflow.py
[2025-04-03T15:15:45.782+0000] {processor.py:914} INFO - Processing file /home/hamza/Documents/project/Mlops/myenv/lib/python3.12/site-packages/airflow/example_dags/example_setup_teardown_taskflow.py for tasks to queue
[2025-04-03T15:15:45.785+0000] {logging_mixin.py:190} INFO - [2025-04-03T15:15:45.785+0000] {dagbag.py:588} INFO - Filling up the DagBag from /home/hamza/Documents/project/Mlops/myenv/lib/python3.12/site-packages/airflow/example_dags/example_setup_teardown_taskflow.py
[2025-04-03T15:15:45.806+0000] {processor.py:925} INFO - DAG(s) 'example_setup_teardown_taskflow' retrieved from /home/hamza/Documents/project/Mlops/myenv/lib/python3.12/site-packages/airflow/example_dags/example_setup_teardown_taskflow.py
[2025-04-03T15:15:45.840+0000] {logging_mixin.py:190} INFO - [2025-04-03T15:15:45.840+0000] {dag.py:3239} INFO - Sync 1 DAGs
[2025-04-03T15:15:45.864+0000] {logging_mixin.py:190} INFO - [2025-04-03T15:15:45.864+0000] {dag.py:4180} INFO - Setting next_dagrun for example_setup_teardown_taskflow to None, run_after=None
[2025-04-03T15:15:45.901+0000] {processor.py:208} INFO - Processing /home/hamza/Documents/project/Mlops/myenv/lib/python3.12/site-packages/airflow/example_dags/example_setup_teardown_taskflow.py took 0.130 seconds
[2025-04-03T15:17:24.435+0000] {processor.py:186} INFO - Started process (PID=41376) to work on /home/hamza/Documents/project/Mlops/myenv/lib/python3.12/site-packages/airflow/example_dags/example_setup_teardown_taskflow.py
[2025-04-03T15:17:24.438+0000] {processor.py:914} INFO - Processing file /home/hamza/Documents/project/Mlops/myenv/lib/python3.12/site-packages/airflow/example_dags/example_setup_teardown_taskflow.py for tasks to queue
[2025-04-03T15:17:24.443+0000] {logging_mixin.py:190} INFO - [2025-04-03T15:17:24.442+0000] {dagbag.py:588} INFO - Filling up the DagBag from /home/hamza/Documents/project/Mlops/myenv/lib/python3.12/site-packages/airflow/example_dags/example_setup_teardown_taskflow.py
[2025-04-03T15:17:24.465+0000] {processor.py:925} INFO - DAG(s) 'example_setup_teardown_taskflow' retrieved from /home/hamza/Documents/project/Mlops/myenv/lib/python3.12/site-packages/airflow/example_dags/example_setup_teardown_taskflow.py
[2025-04-03T15:17:24.495+0000] {logging_mixin.py:190} INFO - [2025-04-03T15:17:24.495+0000] {dag.py:3239} INFO - Sync 1 DAGs
[2025-04-03T15:17:24.517+0000] {logging_mixin.py:190} INFO - [2025-04-03T15:17:24.516+0000] {dag.py:4180} INFO - Setting next_dagrun for example_setup_teardown_taskflow to None, run_after=None
[2025-04-03T15:17:24.567+0000] {processor.py:208} INFO - Processing /home/hamza/Documents/project/Mlops/myenv/lib/python3.12/site-packages/airflow/example_dags/example_setup_teardown_taskflow.py took 0.141 seconds
[2025-04-03T15:18:56.291+0000] {processor.py:186} INFO - Started process (PID=42330) to work on /home/hamza/Documents/project/Mlops/myenv/lib/python3.12/site-packages/airflow/example_dags/example_setup_teardown_taskflow.py
[2025-04-03T15:18:56.294+0000] {processor.py:914} INFO - Processing file /home/hamza/Documents/project/Mlops/myenv/lib/python3.12/site-packages/airflow/example_dags/example_setup_teardown_taskflow.py for tasks to queue
[2025-04-03T15:18:56.297+0000] {logging_mixin.py:190} INFO - [2025-04-03T15:18:56.296+0000] {dagbag.py:588} INFO - Filling up the DagBag from /home/hamza/Documents/project/Mlops/myenv/lib/python3.12/site-packages/airflow/example_dags/example_setup_teardown_taskflow.py
[2025-04-03T15:18:56.315+0000] {processor.py:925} INFO - DAG(s) 'example_setup_teardown_taskflow' retrieved from /home/hamza/Documents/project/Mlops/myenv/lib/python3.12/site-packages/airflow/example_dags/example_setup_teardown_taskflow.py
[2025-04-03T15:18:56.344+0000] {logging_mixin.py:190} INFO - [2025-04-03T15:18:56.343+0000] {dag.py:3239} INFO - Sync 1 DAGs
[2025-04-03T15:18:56.368+0000] {logging_mixin.py:190} INFO - [2025-04-03T15:18:56.368+0000] {dag.py:4180} INFO - Setting next_dagrun for example_setup_teardown_taskflow to None, run_after=None
[2025-04-03T15:18:56.404+0000] {processor.py:208} INFO - Processing /home/hamza/Documents/project/Mlops/myenv/lib/python3.12/site-packages/airflow/example_dags/example_setup_teardown_taskflow.py took 0.122 seconds
[2025-04-03T15:20:27.202+0000] {processor.py:186} INFO - Started process (PID=43340) to work on /home/hamza/Documents/project/Mlops/myenv/lib/python3.12/site-packages/airflow/example_dags/example_setup_teardown_taskflow.py
[2025-04-03T15:20:27.204+0000] {processor.py:914} INFO - Processing file /home/hamza/Documents/project/Mlops/myenv/lib/python3.12/site-packages/airflow/example_dags/example_setup_teardown_taskflow.py for tasks to queue
[2025-04-03T15:20:27.207+0000] {logging_mixin.py:190} INFO - [2025-04-03T15:20:27.206+0000] {dagbag.py:588} INFO - Filling up the DagBag from /home/hamza/Documents/project/Mlops/myenv/lib/python3.12/site-packages/airflow/example_dags/example_setup_teardown_taskflow.py
[2025-04-03T15:20:27.223+0000] {processor.py:925} INFO - DAG(s) 'example_setup_teardown_taskflow' retrieved from /home/hamza/Documents/project/Mlops/myenv/lib/python3.12/site-packages/airflow/example_dags/example_setup_teardown_taskflow.py
[2025-04-03T15:20:27.254+0000] {logging_mixin.py:190} INFO - [2025-04-03T15:20:27.253+0000] {dag.py:3239} INFO - Sync 1 DAGs
[2025-04-03T15:20:27.273+0000] {logging_mixin.py:190} INFO - [2025-04-03T15:20:27.272+0000] {dag.py:4180} INFO - Setting next_dagrun for example_setup_teardown_taskflow to None, run_after=None
[2025-04-03T15:20:27.304+0000] {processor.py:208} INFO - Processing /home/hamza/Documents/project/Mlops/myenv/lib/python3.12/site-packages/airflow/example_dags/example_setup_teardown_taskflow.py took 0.109 seconds
[2025-04-03T15:22:02.684+0000] {processor.py:186} INFO - Started process (PID=44250) to work on /home/hamza/Documents/project/Mlops/myenv/lib/python3.12/site-packages/airflow/example_dags/example_setup_teardown_taskflow.py
[2025-04-03T15:22:02.686+0000] {processor.py:914} INFO - Processing file /home/hamza/Documents/project/Mlops/myenv/lib/python3.12/site-packages/airflow/example_dags/example_setup_teardown_taskflow.py for tasks to queue
[2025-04-03T15:22:02.690+0000] {logging_mixin.py:190} INFO - [2025-04-03T15:22:02.689+0000] {dagbag.py:588} INFO - Filling up the DagBag from /home/hamza/Documents/project/Mlops/myenv/lib/python3.12/site-packages/airflow/example_dags/example_setup_teardown_taskflow.py
[2025-04-03T15:22:02.708+0000] {processor.py:925} INFO - DAG(s) 'example_setup_teardown_taskflow' retrieved from /home/hamza/Documents/project/Mlops/myenv/lib/python3.12/site-packages/airflow/example_dags/example_setup_teardown_taskflow.py
[2025-04-03T15:22:02.738+0000] {logging_mixin.py:190} INFO - [2025-04-03T15:22:02.737+0000] {dag.py:3239} INFO - Sync 1 DAGs
[2025-04-03T15:22:02.759+0000] {logging_mixin.py:190} INFO - [2025-04-03T15:22:02.758+0000] {dag.py:4180} INFO - Setting next_dagrun for example_setup_teardown_taskflow to None, run_after=None
[2025-04-03T15:22:02.795+0000] {processor.py:208} INFO - Processing /home/hamza/Documents/project/Mlops/myenv/lib/python3.12/site-packages/airflow/example_dags/example_setup_teardown_taskflow.py took 0.120 seconds
[2025-04-03T15:23:40.363+0000] {processor.py:186} INFO - Started process (PID=45184) to work on /home/hamza/Documents/project/Mlops/myenv/lib/python3.12/site-packages/airflow/example_dags/example_setup_teardown_taskflow.py
[2025-04-03T15:23:40.366+0000] {processor.py:914} INFO - Processing file /home/hamza/Documents/project/Mlops/myenv/lib/python3.12/site-packages/airflow/example_dags/example_setup_teardown_taskflow.py for tasks to queue
[2025-04-03T15:23:40.370+0000] {logging_mixin.py:190} INFO - [2025-04-03T15:23:40.369+0000] {dagbag.py:588} INFO - Filling up the DagBag from /home/hamza/Documents/project/Mlops/myenv/lib/python3.12/site-packages/airflow/example_dags/example_setup_teardown_taskflow.py
[2025-04-03T15:23:40.389+0000] {processor.py:925} INFO - DAG(s) 'example_setup_teardown_taskflow' retrieved from /home/hamza/Documents/project/Mlops/myenv/lib/python3.12/site-packages/airflow/example_dags/example_setup_teardown_taskflow.py
[2025-04-03T15:23:40.419+0000] {logging_mixin.py:190} INFO - [2025-04-03T15:23:40.418+0000] {dag.py:3239} INFO - Sync 1 DAGs
[2025-04-03T15:23:40.438+0000] {logging_mixin.py:190} INFO - [2025-04-03T15:23:40.438+0000] {dag.py:4180} INFO - Setting next_dagrun for example_setup_teardown_taskflow to None, run_after=None
[2025-04-03T15:23:40.470+0000] {processor.py:208} INFO - Processing /home/hamza/Documents/project/Mlops/myenv/lib/python3.12/site-packages/airflow/example_dags/example_setup_teardown_taskflow.py took 0.116 seconds
[2025-04-03T15:25:13.503+0000] {processor.py:186} INFO - Started process (PID=46117) to work on /home/hamza/Documents/project/Mlops/myenv/lib/python3.12/site-packages/airflow/example_dags/example_setup_teardown_taskflow.py
[2025-04-03T15:25:13.506+0000] {processor.py:914} INFO - Processing file /home/hamza/Documents/project/Mlops/myenv/lib/python3.12/site-packages/airflow/example_dags/example_setup_teardown_taskflow.py for tasks to queue
[2025-04-03T15:25:13.509+0000] {logging_mixin.py:190} INFO - [2025-04-03T15:25:13.509+0000] {dagbag.py:588} INFO - Filling up the DagBag from /home/hamza/Documents/project/Mlops/myenv/lib/python3.12/site-packages/airflow/example_dags/example_setup_teardown_taskflow.py
[2025-04-03T15:25:13.525+0000] {processor.py:925} INFO - DAG(s) 'example_setup_teardown_taskflow' retrieved from /home/hamza/Documents/project/Mlops/myenv/lib/python3.12/site-packages/airflow/example_dags/example_setup_teardown_taskflow.py
[2025-04-03T15:25:13.549+0000] {logging_mixin.py:190} INFO - [2025-04-03T15:25:13.549+0000] {dag.py:3239} INFO - Sync 1 DAGs
[2025-04-03T15:25:13.567+0000] {logging_mixin.py:190} INFO - [2025-04-03T15:25:13.567+0000] {dag.py:4180} INFO - Setting next_dagrun for example_setup_teardown_taskflow to None, run_after=None
[2025-04-03T15:25:13.596+0000] {processor.py:208} INFO - Processing /home/hamza/Documents/project/Mlops/myenv/lib/python3.12/site-packages/airflow/example_dags/example_setup_teardown_taskflow.py took 0.100 seconds
