[2025-04-03T13:43:34.375+0000] {processor.py:186} INFO - Started process (PID=98406) to work on /home/hamza/Documents/project/Mlops/myenv/lib/python3.12/site-packages/airflow/example_dags/example_sensor_decorator.py
[2025-04-03T13:43:34.377+0000] {processor.py:914} INFO - Processing file /home/hamza/Documents/project/Mlops/myenv/lib/python3.12/site-packages/airflow/example_dags/example_sensor_decorator.py for tasks to queue
[2025-04-03T13:43:34.382+0000] {logging_mixin.py:190} INFO - [2025-04-03T13:43:34.381+0000] {dagbag.py:588} INFO - Filling up the DagBag from /home/hamza/Documents/project/Mlops/myenv/lib/python3.12/site-packages/airflow/example_dags/example_sensor_decorator.py
[2025-04-03T13:43:34.403+0000] {processor.py:925} INFO - DAG(s) 'example_sensor_decorator' retrieved from /home/hamza/Documents/project/Mlops/myenv/lib/python3.12/site-packages/airflow/example_dags/example_sensor_decorator.py
[2025-04-03T13:43:34.587+0000] {logging_mixin.py:190} INFO - [2025-04-03T13:43:34.585+0000] {override.py:1930} INFO - Created Permission View: can delete on DAG:example_sensor_decorator
[2025-04-03T13:43:34.615+0000] {logging_mixin.py:190} INFO - [2025-04-03T13:43:34.614+0000] {override.py:1930} INFO - Created Permission View: can read on DAG:example_sensor_decorator
[2025-04-03T13:43:34.633+0000] {logging_mixin.py:190} INFO - [2025-04-03T13:43:34.631+0000] {override.py:1930} INFO - Created Permission View: can edit on DAG:example_sensor_decorator
[2025-04-03T13:43:34.669+0000] {logging_mixin.py:190} INFO - [2025-04-03T13:43:34.668+0000] {override.py:1930} INFO - Created Permission View: can delete on DAG Run:example_sensor_decorator
[2025-04-03T13:43:34.709+0000] {logging_mixin.py:190} INFO - [2025-04-03T13:43:34.709+0000] {override.py:1930} INFO - Created Permission View: can read on DAG Run:example_sensor_decorator
[2025-04-03T13:43:34.746+0000] {logging_mixin.py:190} INFO - [2025-04-03T13:43:34.745+0000] {override.py:1930} INFO - Created Permission View: menu access on DAG Run:example_sensor_decorator
[2025-04-03T13:43:34.770+0000] {logging_mixin.py:190} INFO - [2025-04-03T13:43:34.769+0000] {override.py:1930} INFO - Created Permission View: can create on DAG Run:example_sensor_decorator
[2025-04-03T13:43:34.771+0000] {logging_mixin.py:190} INFO - [2025-04-03T13:43:34.771+0000] {dag.py:3239} INFO - Sync 1 DAGs
[2025-04-03T13:43:34.795+0000] {logging_mixin.py:190} INFO - [2025-04-03T13:43:34.794+0000] {dag.py:3262} INFO - Creating ORM DAG for example_sensor_decorator
[2025-04-03T13:43:34.796+0000] {logging_mixin.py:190} INFO - [2025-04-03T13:43:34.795+0000] {dag.py:4180} INFO - Setting next_dagrun for example_sensor_decorator to None, run_after=None
[2025-04-03T13:43:34.825+0000] {processor.py:208} INFO - Processing /home/hamza/Documents/project/Mlops/myenv/lib/python3.12/site-packages/airflow/example_dags/example_sensor_decorator.py took 0.464 seconds
[2025-04-03T13:44:48.284+0000] {processor.py:186} INFO - Started process (PID=99480) to work on /home/hamza/Documents/project/Mlops/myenv/lib/python3.12/site-packages/airflow/example_dags/example_sensor_decorator.py
[2025-04-03T13:44:48.285+0000] {processor.py:914} INFO - Processing file /home/hamza/Documents/project/Mlops/myenv/lib/python3.12/site-packages/airflow/example_dags/example_sensor_decorator.py for tasks to queue
[2025-04-03T13:44:48.288+0000] {logging_mixin.py:190} INFO - [2025-04-03T13:44:48.288+0000] {dagbag.py:588} INFO - Filling up the DagBag from /home/hamza/Documents/project/Mlops/myenv/lib/python3.12/site-packages/airflow/example_dags/example_sensor_decorator.py
[2025-04-03T13:44:48.303+0000] {processor.py:925} INFO - DAG(s) 'example_sensor_decorator' retrieved from /home/hamza/Documents/project/Mlops/myenv/lib/python3.12/site-packages/airflow/example_dags/example_sensor_decorator.py
[2025-04-03T13:44:48.328+0000] {logging_mixin.py:190} INFO - [2025-04-03T13:44:48.328+0000] {dag.py:3239} INFO - Sync 1 DAGs
[2025-04-03T13:44:48.349+0000] {logging_mixin.py:190} INFO - [2025-04-03T13:44:48.348+0000] {dag.py:4180} INFO - Setting next_dagrun for example_sensor_decorator to None, run_after=None
[2025-04-03T13:44:48.382+0000] {processor.py:208} INFO - Processing /home/hamza/Documents/project/Mlops/myenv/lib/python3.12/site-packages/airflow/example_dags/example_sensor_decorator.py took 0.107 seconds
[2025-04-03T13:45:54.675+0000] {processor.py:186} INFO - Started process (PID=100051) to work on /home/hamza/Documents/project/Mlops/myenv/lib/python3.12/site-packages/airflow/example_dags/example_sensor_decorator.py
[2025-04-03T13:45:54.678+0000] {processor.py:914} INFO - Processing file /home/hamza/Documents/project/Mlops/myenv/lib/python3.12/site-packages/airflow/example_dags/example_sensor_decorator.py for tasks to queue
[2025-04-03T13:45:54.683+0000] {logging_mixin.py:190} INFO - [2025-04-03T13:45:54.682+0000] {dagbag.py:588} INFO - Filling up the DagBag from /home/hamza/Documents/project/Mlops/myenv/lib/python3.12/site-packages/airflow/example_dags/example_sensor_decorator.py
[2025-04-03T13:45:54.697+0000] {processor.py:925} INFO - DAG(s) 'example_sensor_decorator' retrieved from /home/hamza/Documents/project/Mlops/myenv/lib/python3.12/site-packages/airflow/example_dags/example_sensor_decorator.py
[2025-04-03T13:45:54.729+0000] {logging_mixin.py:190} INFO - [2025-04-03T13:45:54.728+0000] {dag.py:3239} INFO - Sync 1 DAGs
[2025-04-03T13:45:54.758+0000] {logging_mixin.py:190} INFO - [2025-04-03T13:45:54.757+0000] {dag.py:4180} INFO - Setting next_dagrun for example_sensor_decorator to None, run_after=None
[2025-04-03T13:45:54.795+0000] {processor.py:208} INFO - Processing /home/hamza/Documents/project/Mlops/myenv/lib/python3.12/site-packages/airflow/example_dags/example_sensor_decorator.py took 0.130 seconds
[2025-04-03T13:47:03.746+0000] {processor.py:186} INFO - Started process (PID=100803) to work on /home/hamza/Documents/project/Mlops/myenv/lib/python3.12/site-packages/airflow/example_dags/example_sensor_decorator.py
[2025-04-03T13:47:03.749+0000] {processor.py:914} INFO - Processing file /home/hamza/Documents/project/Mlops/myenv/lib/python3.12/site-packages/airflow/example_dags/example_sensor_decorator.py for tasks to queue
[2025-04-03T13:47:03.754+0000] {logging_mixin.py:190} INFO - [2025-04-03T13:47:03.753+0000] {dagbag.py:588} INFO - Filling up the DagBag from /home/hamza/Documents/project/Mlops/myenv/lib/python3.12/site-packages/airflow/example_dags/example_sensor_decorator.py
[2025-04-03T13:47:03.767+0000] {processor.py:925} INFO - DAG(s) 'example_sensor_decorator' retrieved from /home/hamza/Documents/project/Mlops/myenv/lib/python3.12/site-packages/airflow/example_dags/example_sensor_decorator.py
[2025-04-03T13:47:03.792+0000] {logging_mixin.py:190} INFO - [2025-04-03T13:47:03.792+0000] {dag.py:3239} INFO - Sync 1 DAGs
[2025-04-03T13:47:03.814+0000] {logging_mixin.py:190} INFO - [2025-04-03T13:47:03.814+0000] {dag.py:4180} INFO - Setting next_dagrun for example_sensor_decorator to None, run_after=None
[2025-04-03T13:47:03.857+0000] {processor.py:208} INFO - Processing /home/hamza/Documents/project/Mlops/myenv/lib/python3.12/site-packages/airflow/example_dags/example_sensor_decorator.py took 0.120 seconds
[2025-04-03T13:48:11.295+0000] {processor.py:186} INFO - Started process (PID=101656) to work on /home/hamza/Documents/project/Mlops/myenv/lib/python3.12/site-packages/airflow/example_dags/example_sensor_decorator.py
[2025-04-03T13:48:11.298+0000] {processor.py:914} INFO - Processing file /home/hamza/Documents/project/Mlops/myenv/lib/python3.12/site-packages/airflow/example_dags/example_sensor_decorator.py for tasks to queue
[2025-04-03T13:48:11.305+0000] {logging_mixin.py:190} INFO - [2025-04-03T13:48:11.304+0000] {dagbag.py:588} INFO - Filling up the DagBag from /home/hamza/Documents/project/Mlops/myenv/lib/python3.12/site-packages/airflow/example_dags/example_sensor_decorator.py
[2025-04-03T13:48:11.327+0000] {processor.py:925} INFO - DAG(s) 'example_sensor_decorator' retrieved from /home/hamza/Documents/project/Mlops/myenv/lib/python3.12/site-packages/airflow/example_dags/example_sensor_decorator.py
[2025-04-03T13:48:11.368+0000] {logging_mixin.py:190} INFO - [2025-04-03T13:48:11.368+0000] {dag.py:3239} INFO - Sync 1 DAGs
[2025-04-03T13:48:11.410+0000] {logging_mixin.py:190} INFO - [2025-04-03T13:48:11.409+0000] {dag.py:4180} INFO - Setting next_dagrun for example_sensor_decorator to None, run_after=None
[2025-04-03T13:48:11.468+0000] {processor.py:208} INFO - Processing /home/hamza/Documents/project/Mlops/myenv/lib/python3.12/site-packages/airflow/example_dags/example_sensor_decorator.py took 0.189 seconds
[2025-04-03T13:49:47.677+0000] {processor.py:186} INFO - Started process (PID=103006) to work on /home/hamza/Documents/project/Mlops/myenv/lib/python3.12/site-packages/airflow/example_dags/example_sensor_decorator.py
[2025-04-03T13:49:47.679+0000] {processor.py:914} INFO - Processing file /home/hamza/Documents/project/Mlops/myenv/lib/python3.12/site-packages/airflow/example_dags/example_sensor_decorator.py for tasks to queue
[2025-04-03T13:49:47.683+0000] {logging_mixin.py:190} INFO - [2025-04-03T13:49:47.682+0000] {dagbag.py:588} INFO - Filling up the DagBag from /home/hamza/Documents/project/Mlops/myenv/lib/python3.12/site-packages/airflow/example_dags/example_sensor_decorator.py
[2025-04-03T13:49:47.700+0000] {processor.py:925} INFO - DAG(s) 'example_sensor_decorator' retrieved from /home/hamza/Documents/project/Mlops/myenv/lib/python3.12/site-packages/airflow/example_dags/example_sensor_decorator.py
[2025-04-03T13:49:47.730+0000] {logging_mixin.py:190} INFO - [2025-04-03T13:49:47.730+0000] {dag.py:3239} INFO - Sync 1 DAGs
[2025-04-03T13:49:47.749+0000] {logging_mixin.py:190} INFO - [2025-04-03T13:49:47.748+0000] {dag.py:4180} INFO - Setting next_dagrun for example_sensor_decorator to None, run_after=None
[2025-04-03T13:49:47.790+0000] {processor.py:208} INFO - Processing /home/hamza/Documents/project/Mlops/myenv/lib/python3.12/site-packages/airflow/example_dags/example_sensor_decorator.py took 0.122 seconds
[2025-04-03T13:51:06.035+0000] {processor.py:186} INFO - Started process (PID=103966) to work on /home/hamza/Documents/project/Mlops/myenv/lib/python3.12/site-packages/airflow/example_dags/example_sensor_decorator.py
[2025-04-03T13:51:06.041+0000] {processor.py:914} INFO - Processing file /home/hamza/Documents/project/Mlops/myenv/lib/python3.12/site-packages/airflow/example_dags/example_sensor_decorator.py for tasks to queue
[2025-04-03T13:51:06.045+0000] {logging_mixin.py:190} INFO - [2025-04-03T13:51:06.044+0000] {dagbag.py:588} INFO - Filling up the DagBag from /home/hamza/Documents/project/Mlops/myenv/lib/python3.12/site-packages/airflow/example_dags/example_sensor_decorator.py
[2025-04-03T13:51:06.064+0000] {processor.py:925} INFO - DAG(s) 'example_sensor_decorator' retrieved from /home/hamza/Documents/project/Mlops/myenv/lib/python3.12/site-packages/airflow/example_dags/example_sensor_decorator.py
[2025-04-03T13:51:06.100+0000] {logging_mixin.py:190} INFO - [2025-04-03T13:51:06.099+0000] {dag.py:3239} INFO - Sync 1 DAGs
[2025-04-03T13:51:06.124+0000] {logging_mixin.py:190} INFO - [2025-04-03T13:51:06.123+0000] {dag.py:4180} INFO - Setting next_dagrun for example_sensor_decorator to None, run_after=None
[2025-04-03T13:51:06.172+0000] {processor.py:208} INFO - Processing /home/hamza/Documents/project/Mlops/myenv/lib/python3.12/site-packages/airflow/example_dags/example_sensor_decorator.py took 0.147 seconds
[2025-04-03T13:52:46.024+0000] {processor.py:186} INFO - Started process (PID=105030) to work on /home/hamza/Documents/project/Mlops/myenv/lib/python3.12/site-packages/airflow/example_dags/example_sensor_decorator.py
[2025-04-03T13:52:46.026+0000] {processor.py:914} INFO - Processing file /home/hamza/Documents/project/Mlops/myenv/lib/python3.12/site-packages/airflow/example_dags/example_sensor_decorator.py for tasks to queue
[2025-04-03T13:52:46.029+0000] {logging_mixin.py:190} INFO - [2025-04-03T13:52:46.028+0000] {dagbag.py:588} INFO - Filling up the DagBag from /home/hamza/Documents/project/Mlops/myenv/lib/python3.12/site-packages/airflow/example_dags/example_sensor_decorator.py
[2025-04-03T13:52:46.046+0000] {processor.py:925} INFO - DAG(s) 'example_sensor_decorator' retrieved from /home/hamza/Documents/project/Mlops/myenv/lib/python3.12/site-packages/airflow/example_dags/example_sensor_decorator.py
[2025-04-03T13:52:46.074+0000] {logging_mixin.py:190} INFO - [2025-04-03T13:52:46.073+0000] {dag.py:3239} INFO - Sync 1 DAGs
[2025-04-03T13:52:46.097+0000] {logging_mixin.py:190} INFO - [2025-04-03T13:52:46.097+0000] {dag.py:4180} INFO - Setting next_dagrun for example_sensor_decorator to None, run_after=None
[2025-04-03T13:52:46.139+0000] {processor.py:208} INFO - Processing /home/hamza/Documents/project/Mlops/myenv/lib/python3.12/site-packages/airflow/example_dags/example_sensor_decorator.py took 0.126 seconds
[2025-04-03T13:54:22.074+0000] {processor.py:186} INFO - Started process (PID=106112) to work on /home/hamza/Documents/project/Mlops/myenv/lib/python3.12/site-packages/airflow/example_dags/example_sensor_decorator.py
[2025-04-03T13:54:22.077+0000] {processor.py:914} INFO - Processing file /home/hamza/Documents/project/Mlops/myenv/lib/python3.12/site-packages/airflow/example_dags/example_sensor_decorator.py for tasks to queue
[2025-04-03T13:54:22.081+0000] {logging_mixin.py:190} INFO - [2025-04-03T13:54:22.081+0000] {dagbag.py:588} INFO - Filling up the DagBag from /home/hamza/Documents/project/Mlops/myenv/lib/python3.12/site-packages/airflow/example_dags/example_sensor_decorator.py
[2025-04-03T13:54:22.099+0000] {processor.py:925} INFO - DAG(s) 'example_sensor_decorator' retrieved from /home/hamza/Documents/project/Mlops/myenv/lib/python3.12/site-packages/airflow/example_dags/example_sensor_decorator.py
[2025-04-03T13:54:22.129+0000] {logging_mixin.py:190} INFO - [2025-04-03T13:54:22.129+0000] {dag.py:3239} INFO - Sync 1 DAGs
[2025-04-03T13:54:22.161+0000] {logging_mixin.py:190} INFO - [2025-04-03T13:54:22.160+0000] {dag.py:4180} INFO - Setting next_dagrun for example_sensor_decorator to None, run_after=None
[2025-04-03T13:54:22.201+0000] {processor.py:208} INFO - Processing /home/hamza/Documents/project/Mlops/myenv/lib/python3.12/site-packages/airflow/example_dags/example_sensor_decorator.py took 0.139 seconds
[2025-04-03T13:59:18.530+0000] {processor.py:186} INFO - Started process (PID=109996) to work on /home/hamza/Documents/project/Mlops/myenv/lib/python3.12/site-packages/airflow/example_dags/example_sensor_decorator.py
[2025-04-03T13:59:18.533+0000] {processor.py:914} INFO - Processing file /home/hamza/Documents/project/Mlops/myenv/lib/python3.12/site-packages/airflow/example_dags/example_sensor_decorator.py for tasks to queue
[2025-04-03T13:59:18.536+0000] {logging_mixin.py:190} INFO - [2025-04-03T13:59:18.536+0000] {dagbag.py:588} INFO - Filling up the DagBag from /home/hamza/Documents/project/Mlops/myenv/lib/python3.12/site-packages/airflow/example_dags/example_sensor_decorator.py
[2025-04-03T13:59:18.557+0000] {processor.py:925} INFO - DAG(s) 'example_sensor_decorator' retrieved from /home/hamza/Documents/project/Mlops/myenv/lib/python3.12/site-packages/airflow/example_dags/example_sensor_decorator.py
[2025-04-03T13:59:18.584+0000] {logging_mixin.py:190} INFO - [2025-04-03T13:59:18.584+0000] {dag.py:3239} INFO - Sync 1 DAGs
[2025-04-03T13:59:18.604+0000] {logging_mixin.py:190} INFO - [2025-04-03T13:59:18.604+0000] {dag.py:4180} INFO - Setting next_dagrun for example_sensor_decorator to None, run_after=None
[2025-04-03T13:59:18.637+0000] {processor.py:208} INFO - Processing /home/hamza/Documents/project/Mlops/myenv/lib/python3.12/site-packages/airflow/example_dags/example_sensor_decorator.py took 0.116 seconds
[2025-04-03T14:10:10.052+0000] {processor.py:186} INFO - Started process (PID=118032) to work on /home/hamza/Documents/project/Mlops/myenv/lib/python3.12/site-packages/airflow/example_dags/example_sensor_decorator.py
[2025-04-03T14:10:10.053+0000] {processor.py:914} INFO - Processing file /home/hamza/Documents/project/Mlops/myenv/lib/python3.12/site-packages/airflow/example_dags/example_sensor_decorator.py for tasks to queue
[2025-04-03T14:10:10.056+0000] {logging_mixin.py:190} INFO - [2025-04-03T14:10:10.055+0000] {dagbag.py:588} INFO - Filling up the DagBag from /home/hamza/Documents/project/Mlops/myenv/lib/python3.12/site-packages/airflow/example_dags/example_sensor_decorator.py
[2025-04-03T14:10:10.066+0000] {processor.py:925} INFO - DAG(s) 'example_sensor_decorator' retrieved from /home/hamza/Documents/project/Mlops/myenv/lib/python3.12/site-packages/airflow/example_dags/example_sensor_decorator.py
[2025-04-03T14:10:10.100+0000] {logging_mixin.py:190} INFO - [2025-04-03T14:10:10.100+0000] {dag.py:3239} INFO - Sync 1 DAGs
[2025-04-03T14:10:10.120+0000] {logging_mixin.py:190} INFO - [2025-04-03T14:10:10.119+0000] {dag.py:4180} INFO - Setting next_dagrun for example_sensor_decorator to None, run_after=None
[2025-04-03T14:10:10.160+0000] {processor.py:208} INFO - Processing /home/hamza/Documents/project/Mlops/myenv/lib/python3.12/site-packages/airflow/example_dags/example_sensor_decorator.py took 0.117 seconds
[2025-04-03T14:11:25.409+0000] {processor.py:186} INFO - Started process (PID=118734) to work on /home/hamza/Documents/project/Mlops/myenv/lib/python3.12/site-packages/airflow/example_dags/example_sensor_decorator.py
[2025-04-03T14:11:25.413+0000] {processor.py:914} INFO - Processing file /home/hamza/Documents/project/Mlops/myenv/lib/python3.12/site-packages/airflow/example_dags/example_sensor_decorator.py for tasks to queue
[2025-04-03T14:11:25.415+0000] {logging_mixin.py:190} INFO - [2025-04-03T14:11:25.414+0000] {dagbag.py:588} INFO - Filling up the DagBag from /home/hamza/Documents/project/Mlops/myenv/lib/python3.12/site-packages/airflow/example_dags/example_sensor_decorator.py
[2025-04-03T14:11:25.426+0000] {processor.py:925} INFO - DAG(s) 'example_sensor_decorator' retrieved from /home/hamza/Documents/project/Mlops/myenv/lib/python3.12/site-packages/airflow/example_dags/example_sensor_decorator.py
[2025-04-03T14:11:25.453+0000] {logging_mixin.py:190} INFO - [2025-04-03T14:11:25.453+0000] {dag.py:3239} INFO - Sync 1 DAGs
[2025-04-03T14:11:25.476+0000] {logging_mixin.py:190} INFO - [2025-04-03T14:11:25.476+0000] {dag.py:4180} INFO - Setting next_dagrun for example_sensor_decorator to None, run_after=None
[2025-04-03T14:11:25.511+0000] {processor.py:208} INFO - Processing /home/hamza/Documents/project/Mlops/myenv/lib/python3.12/site-packages/airflow/example_dags/example_sensor_decorator.py took 0.112 seconds
[2025-04-03T14:13:05.847+0000] {processor.py:186} INFO - Started process (PID=119657) to work on /home/hamza/Documents/project/Mlops/myenv/lib/python3.12/site-packages/airflow/example_dags/example_sensor_decorator.py
[2025-04-03T14:13:05.848+0000] {processor.py:914} INFO - Processing file /home/hamza/Documents/project/Mlops/myenv/lib/python3.12/site-packages/airflow/example_dags/example_sensor_decorator.py for tasks to queue
[2025-04-03T14:13:05.851+0000] {logging_mixin.py:190} INFO - [2025-04-03T14:13:05.850+0000] {dagbag.py:588} INFO - Filling up the DagBag from /home/hamza/Documents/project/Mlops/myenv/lib/python3.12/site-packages/airflow/example_dags/example_sensor_decorator.py
[2025-04-03T14:13:05.861+0000] {processor.py:925} INFO - DAG(s) 'example_sensor_decorator' retrieved from /home/hamza/Documents/project/Mlops/myenv/lib/python3.12/site-packages/airflow/example_dags/example_sensor_decorator.py
[2025-04-03T14:13:05.888+0000] {logging_mixin.py:190} INFO - [2025-04-03T14:13:05.887+0000] {dag.py:3239} INFO - Sync 1 DAGs
[2025-04-03T14:13:05.909+0000] {logging_mixin.py:190} INFO - [2025-04-03T14:13:05.908+0000] {dag.py:4180} INFO - Setting next_dagrun for example_sensor_decorator to None, run_after=None
[2025-04-03T14:13:05.942+0000] {processor.py:208} INFO - Processing /home/hamza/Documents/project/Mlops/myenv/lib/python3.12/site-packages/airflow/example_dags/example_sensor_decorator.py took 0.104 seconds
[2025-04-03T14:18:49.309+0000] {processor.py:186} INFO - Started process (PID=122427) to work on /home/hamza/Documents/project/Mlops/myenv/lib/python3.12/site-packages/airflow/example_dags/example_sensor_decorator.py
[2025-04-03T14:18:49.312+0000] {processor.py:914} INFO - Processing file /home/hamza/Documents/project/Mlops/myenv/lib/python3.12/site-packages/airflow/example_dags/example_sensor_decorator.py for tasks to queue
[2025-04-03T14:18:49.316+0000] {logging_mixin.py:190} INFO - [2025-04-03T14:18:49.315+0000] {dagbag.py:588} INFO - Filling up the DagBag from /home/hamza/Documents/project/Mlops/myenv/lib/python3.12/site-packages/airflow/example_dags/example_sensor_decorator.py
[2025-04-03T14:18:49.328+0000] {processor.py:925} INFO - DAG(s) 'example_sensor_decorator' retrieved from /home/hamza/Documents/project/Mlops/myenv/lib/python3.12/site-packages/airflow/example_dags/example_sensor_decorator.py
[2025-04-03T14:18:49.359+0000] {logging_mixin.py:190} INFO - [2025-04-03T14:18:49.358+0000] {dag.py:3239} INFO - Sync 1 DAGs
[2025-04-03T14:18:49.380+0000] {logging_mixin.py:190} INFO - [2025-04-03T14:18:49.379+0000] {dag.py:4180} INFO - Setting next_dagrun for example_sensor_decorator to None, run_after=None
[2025-04-03T14:18:49.413+0000] {processor.py:208} INFO - Processing /home/hamza/Documents/project/Mlops/myenv/lib/python3.12/site-packages/airflow/example_dags/example_sensor_decorator.py took 0.113 seconds
[2025-04-03T14:20:35.160+0000] {processor.py:186} INFO - Started process (PID=123066) to work on /home/hamza/Documents/project/Mlops/myenv/lib/python3.12/site-packages/airflow/example_dags/example_sensor_decorator.py
[2025-04-03T14:20:35.184+0000] {processor.py:914} INFO - Processing file /home/hamza/Documents/project/Mlops/myenv/lib/python3.12/site-packages/airflow/example_dags/example_sensor_decorator.py for tasks to queue
[2025-04-03T14:20:35.249+0000] {logging_mixin.py:190} INFO - [2025-04-03T14:20:35.222+0000] {dagbag.py:588} INFO - Filling up the DagBag from /home/hamza/Documents/project/Mlops/myenv/lib/python3.12/site-packages/airflow/example_dags/example_sensor_decorator.py
[2025-04-03T14:20:35.413+0000] {processor.py:925} INFO - DAG(s) 'example_sensor_decorator' retrieved from /home/hamza/Documents/project/Mlops/myenv/lib/python3.12/site-packages/airflow/example_dags/example_sensor_decorator.py
[2025-04-03T14:20:36.125+0000] {logging_mixin.py:190} INFO - [2025-04-03T14:20:36.014+0000] {dag.py:3239} INFO - Sync 1 DAGs
[2025-04-03T14:20:36.876+0000] {logging_mixin.py:190} INFO - [2025-04-03T14:20:36.806+0000] {dag.py:4180} INFO - Setting next_dagrun for example_sensor_decorator to None, run_after=None
[2025-04-03T14:20:40.855+0000] {processor.py:208} INFO - Processing /home/hamza/Documents/project/Mlops/myenv/lib/python3.12/site-packages/airflow/example_dags/example_sensor_decorator.py took 5.701 seconds
[2025-04-03T15:08:20.577+0000] {processor.py:186} INFO - Started process (PID=36123) to work on /home/hamza/Documents/project/Mlops/myenv/lib/python3.12/site-packages/airflow/example_dags/example_sensor_decorator.py
[2025-04-03T15:08:20.578+0000] {processor.py:914} INFO - Processing file /home/hamza/Documents/project/Mlops/myenv/lib/python3.12/site-packages/airflow/example_dags/example_sensor_decorator.py for tasks to queue
[2025-04-03T15:08:20.583+0000] {logging_mixin.py:190} INFO - [2025-04-03T15:08:20.582+0000] {dagbag.py:588} INFO - Filling up the DagBag from /home/hamza/Documents/project/Mlops/myenv/lib/python3.12/site-packages/airflow/example_dags/example_sensor_decorator.py
[2025-04-03T15:08:20.597+0000] {processor.py:925} INFO - DAG(s) 'example_sensor_decorator' retrieved from /home/hamza/Documents/project/Mlops/myenv/lib/python3.12/site-packages/airflow/example_dags/example_sensor_decorator.py
[2025-04-03T15:08:20.625+0000] {logging_mixin.py:190} INFO - [2025-04-03T15:08:20.624+0000] {dag.py:3239} INFO - Sync 1 DAGs
[2025-04-03T15:08:20.645+0000] {logging_mixin.py:190} INFO - [2025-04-03T15:08:20.645+0000] {dag.py:4180} INFO - Setting next_dagrun for example_sensor_decorator to None, run_after=None
[2025-04-03T15:08:20.686+0000] {processor.py:208} INFO - Processing /home/hamza/Documents/project/Mlops/myenv/lib/python3.12/site-packages/airflow/example_dags/example_sensor_decorator.py took 0.118 seconds
[2025-04-03T15:09:35.842+0000] {processor.py:186} INFO - Started process (PID=36879) to work on /home/hamza/Documents/project/Mlops/myenv/lib/python3.12/site-packages/airflow/example_dags/example_sensor_decorator.py
[2025-04-03T15:09:35.847+0000] {processor.py:914} INFO - Processing file /home/hamza/Documents/project/Mlops/myenv/lib/python3.12/site-packages/airflow/example_dags/example_sensor_decorator.py for tasks to queue
[2025-04-03T15:09:35.850+0000] {logging_mixin.py:190} INFO - [2025-04-03T15:09:35.849+0000] {dagbag.py:588} INFO - Filling up the DagBag from /home/hamza/Documents/project/Mlops/myenv/lib/python3.12/site-packages/airflow/example_dags/example_sensor_decorator.py
[2025-04-03T15:09:35.865+0000] {processor.py:925} INFO - DAG(s) 'example_sensor_decorator' retrieved from /home/hamza/Documents/project/Mlops/myenv/lib/python3.12/site-packages/airflow/example_dags/example_sensor_decorator.py
[2025-04-03T15:09:35.889+0000] {logging_mixin.py:190} INFO - [2025-04-03T15:09:35.889+0000] {dag.py:3239} INFO - Sync 1 DAGs
[2025-04-03T15:09:35.909+0000] {logging_mixin.py:190} INFO - [2025-04-03T15:09:35.909+0000] {dag.py:4180} INFO - Setting next_dagrun for example_sensor_decorator to None, run_after=None
[2025-04-03T15:09:35.943+0000] {processor.py:208} INFO - Processing /home/hamza/Documents/project/Mlops/myenv/lib/python3.12/site-packages/airflow/example_dags/example_sensor_decorator.py took 0.110 seconds
[2025-04-03T15:11:03.693+0000] {processor.py:186} INFO - Started process (PID=37699) to work on /home/hamza/Documents/project/Mlops/myenv/lib/python3.12/site-packages/airflow/example_dags/example_sensor_decorator.py
[2025-04-03T15:11:03.694+0000] {processor.py:914} INFO - Processing file /home/hamza/Documents/project/Mlops/myenv/lib/python3.12/site-packages/airflow/example_dags/example_sensor_decorator.py for tasks to queue
[2025-04-03T15:11:03.698+0000] {logging_mixin.py:190} INFO - [2025-04-03T15:11:03.697+0000] {dagbag.py:588} INFO - Filling up the DagBag from /home/hamza/Documents/project/Mlops/myenv/lib/python3.12/site-packages/airflow/example_dags/example_sensor_decorator.py
[2025-04-03T15:11:03.716+0000] {processor.py:925} INFO - DAG(s) 'example_sensor_decorator' retrieved from /home/hamza/Documents/project/Mlops/myenv/lib/python3.12/site-packages/airflow/example_dags/example_sensor_decorator.py
[2025-04-03T15:11:03.742+0000] {logging_mixin.py:190} INFO - [2025-04-03T15:11:03.742+0000] {dag.py:3239} INFO - Sync 1 DAGs
[2025-04-03T15:11:03.763+0000] {logging_mixin.py:190} INFO - [2025-04-03T15:11:03.763+0000] {dag.py:4180} INFO - Setting next_dagrun for example_sensor_decorator to None, run_after=None
[2025-04-03T15:11:03.801+0000] {processor.py:208} INFO - Processing /home/hamza/Documents/project/Mlops/myenv/lib/python3.12/site-packages/airflow/example_dags/example_sensor_decorator.py took 0.116 seconds
[2025-04-03T15:12:34.127+0000] {processor.py:186} INFO - Started process (PID=38511) to work on /home/hamza/Documents/project/Mlops/myenv/lib/python3.12/site-packages/airflow/example_dags/example_sensor_decorator.py
[2025-04-03T15:12:34.128+0000] {processor.py:914} INFO - Processing file /home/hamza/Documents/project/Mlops/myenv/lib/python3.12/site-packages/airflow/example_dags/example_sensor_decorator.py for tasks to queue
[2025-04-03T15:12:34.132+0000] {logging_mixin.py:190} INFO - [2025-04-03T15:12:34.131+0000] {dagbag.py:588} INFO - Filling up the DagBag from /home/hamza/Documents/project/Mlops/myenv/lib/python3.12/site-packages/airflow/example_dags/example_sensor_decorator.py
[2025-04-03T15:12:34.147+0000] {processor.py:925} INFO - DAG(s) 'example_sensor_decorator' retrieved from /home/hamza/Documents/project/Mlops/myenv/lib/python3.12/site-packages/airflow/example_dags/example_sensor_decorator.py
[2025-04-03T15:12:34.170+0000] {logging_mixin.py:190} INFO - [2025-04-03T15:12:34.170+0000] {dag.py:3239} INFO - Sync 1 DAGs
[2025-04-03T15:12:34.190+0000] {logging_mixin.py:190} INFO - [2025-04-03T15:12:34.190+0000] {dag.py:4180} INFO - Setting next_dagrun for example_sensor_decorator to None, run_after=None
[2025-04-03T15:12:34.227+0000] {processor.py:208} INFO - Processing /home/hamza/Documents/project/Mlops/myenv/lib/python3.12/site-packages/airflow/example_dags/example_sensor_decorator.py took 0.109 seconds
[2025-04-03T15:14:09.868+0000] {processor.py:186} INFO - Started process (PID=39407) to work on /home/hamza/Documents/project/Mlops/myenv/lib/python3.12/site-packages/airflow/example_dags/example_sensor_decorator.py
[2025-04-03T15:14:09.871+0000] {processor.py:914} INFO - Processing file /home/hamza/Documents/project/Mlops/myenv/lib/python3.12/site-packages/airflow/example_dags/example_sensor_decorator.py for tasks to queue
[2025-04-03T15:14:09.875+0000] {logging_mixin.py:190} INFO - [2025-04-03T15:14:09.874+0000] {dagbag.py:588} INFO - Filling up the DagBag from /home/hamza/Documents/project/Mlops/myenv/lib/python3.12/site-packages/airflow/example_dags/example_sensor_decorator.py
[2025-04-03T15:14:09.890+0000] {processor.py:925} INFO - DAG(s) 'example_sensor_decorator' retrieved from /home/hamza/Documents/project/Mlops/myenv/lib/python3.12/site-packages/airflow/example_dags/example_sensor_decorator.py
[2025-04-03T15:14:09.914+0000] {logging_mixin.py:190} INFO - [2025-04-03T15:14:09.913+0000] {dag.py:3239} INFO - Sync 1 DAGs
[2025-04-03T15:14:09.934+0000] {logging_mixin.py:190} INFO - [2025-04-03T15:14:09.934+0000] {dag.py:4180} INFO - Setting next_dagrun for example_sensor_decorator to None, run_after=None
[2025-04-03T15:14:09.969+0000] {processor.py:208} INFO - Processing /home/hamza/Documents/project/Mlops/myenv/lib/python3.12/site-packages/airflow/example_dags/example_sensor_decorator.py took 0.110 seconds
[2025-04-03T15:15:44.525+0000] {processor.py:186} INFO - Started process (PID=40367) to work on /home/hamza/Documents/project/Mlops/myenv/lib/python3.12/site-packages/airflow/example_dags/example_sensor_decorator.py
[2025-04-03T15:15:44.528+0000] {processor.py:914} INFO - Processing file /home/hamza/Documents/project/Mlops/myenv/lib/python3.12/site-packages/airflow/example_dags/example_sensor_decorator.py for tasks to queue
[2025-04-03T15:15:44.532+0000] {logging_mixin.py:190} INFO - [2025-04-03T15:15:44.532+0000] {dagbag.py:588} INFO - Filling up the DagBag from /home/hamza/Documents/project/Mlops/myenv/lib/python3.12/site-packages/airflow/example_dags/example_sensor_decorator.py
[2025-04-03T15:15:44.547+0000] {processor.py:925} INFO - DAG(s) 'example_sensor_decorator' retrieved from /home/hamza/Documents/project/Mlops/myenv/lib/python3.12/site-packages/airflow/example_dags/example_sensor_decorator.py
[2025-04-03T15:15:44.572+0000] {logging_mixin.py:190} INFO - [2025-04-03T15:15:44.571+0000] {dag.py:3239} INFO - Sync 1 DAGs
[2025-04-03T15:15:44.592+0000] {logging_mixin.py:190} INFO - [2025-04-03T15:15:44.591+0000] {dag.py:4180} INFO - Setting next_dagrun for example_sensor_decorator to None, run_after=None
[2025-04-03T15:15:44.626+0000] {processor.py:208} INFO - Processing /home/hamza/Documents/project/Mlops/myenv/lib/python3.12/site-packages/airflow/example_dags/example_sensor_decorator.py took 0.110 seconds
[2025-04-03T15:17:23.171+0000] {processor.py:186} INFO - Started process (PID=41372) to work on /home/hamza/Documents/project/Mlops/myenv/lib/python3.12/site-packages/airflow/example_dags/example_sensor_decorator.py
[2025-04-03T15:17:23.172+0000] {processor.py:914} INFO - Processing file /home/hamza/Documents/project/Mlops/myenv/lib/python3.12/site-packages/airflow/example_dags/example_sensor_decorator.py for tasks to queue
[2025-04-03T15:17:23.177+0000] {logging_mixin.py:190} INFO - [2025-04-03T15:17:23.176+0000] {dagbag.py:588} INFO - Filling up the DagBag from /home/hamza/Documents/project/Mlops/myenv/lib/python3.12/site-packages/airflow/example_dags/example_sensor_decorator.py
[2025-04-03T15:17:23.196+0000] {processor.py:925} INFO - DAG(s) 'example_sensor_decorator' retrieved from /home/hamza/Documents/project/Mlops/myenv/lib/python3.12/site-packages/airflow/example_dags/example_sensor_decorator.py
[2025-04-03T15:17:23.223+0000] {logging_mixin.py:190} INFO - [2025-04-03T15:17:23.222+0000] {dag.py:3239} INFO - Sync 1 DAGs
[2025-04-03T15:17:23.247+0000] {logging_mixin.py:190} INFO - [2025-04-03T15:17:23.246+0000] {dag.py:4180} INFO - Setting next_dagrun for example_sensor_decorator to None, run_after=None
[2025-04-03T15:17:23.286+0000] {processor.py:208} INFO - Processing /home/hamza/Documents/project/Mlops/myenv/lib/python3.12/site-packages/airflow/example_dags/example_sensor_decorator.py took 0.127 seconds
[2025-04-03T15:18:55.035+0000] {processor.py:186} INFO - Started process (PID=42322) to work on /home/hamza/Documents/project/Mlops/myenv/lib/python3.12/site-packages/airflow/example_dags/example_sensor_decorator.py
[2025-04-03T15:18:55.038+0000] {processor.py:914} INFO - Processing file /home/hamza/Documents/project/Mlops/myenv/lib/python3.12/site-packages/airflow/example_dags/example_sensor_decorator.py for tasks to queue
[2025-04-03T15:18:55.042+0000] {logging_mixin.py:190} INFO - [2025-04-03T15:18:55.042+0000] {dagbag.py:588} INFO - Filling up the DagBag from /home/hamza/Documents/project/Mlops/myenv/lib/python3.12/site-packages/airflow/example_dags/example_sensor_decorator.py
[2025-04-03T15:18:55.056+0000] {processor.py:925} INFO - DAG(s) 'example_sensor_decorator' retrieved from /home/hamza/Documents/project/Mlops/myenv/lib/python3.12/site-packages/airflow/example_dags/example_sensor_decorator.py
[2025-04-03T15:18:55.082+0000] {logging_mixin.py:190} INFO - [2025-04-03T15:18:55.082+0000] {dag.py:3239} INFO - Sync 1 DAGs
[2025-04-03T15:18:55.104+0000] {logging_mixin.py:190} INFO - [2025-04-03T15:18:55.104+0000] {dag.py:4180} INFO - Setting next_dagrun for example_sensor_decorator to None, run_after=None
[2025-04-03T15:18:55.137+0000] {processor.py:208} INFO - Processing /home/hamza/Documents/project/Mlops/myenv/lib/python3.12/site-packages/airflow/example_dags/example_sensor_decorator.py took 0.112 seconds
[2025-04-03T15:20:25.950+0000] {processor.py:186} INFO - Started process (PID=43323) to work on /home/hamza/Documents/project/Mlops/myenv/lib/python3.12/site-packages/airflow/example_dags/example_sensor_decorator.py
[2025-04-03T15:20:25.953+0000] {processor.py:914} INFO - Processing file /home/hamza/Documents/project/Mlops/myenv/lib/python3.12/site-packages/airflow/example_dags/example_sensor_decorator.py for tasks to queue
[2025-04-03T15:20:25.958+0000] {logging_mixin.py:190} INFO - [2025-04-03T15:20:25.957+0000] {dagbag.py:588} INFO - Filling up the DagBag from /home/hamza/Documents/project/Mlops/myenv/lib/python3.12/site-packages/airflow/example_dags/example_sensor_decorator.py
[2025-04-03T15:20:25.969+0000] {processor.py:925} INFO - DAG(s) 'example_sensor_decorator' retrieved from /home/hamza/Documents/project/Mlops/myenv/lib/python3.12/site-packages/airflow/example_dags/example_sensor_decorator.py
[2025-04-03T15:20:25.991+0000] {logging_mixin.py:190} INFO - [2025-04-03T15:20:25.991+0000] {dag.py:3239} INFO - Sync 1 DAGs
[2025-04-03T15:20:26.010+0000] {logging_mixin.py:190} INFO - [2025-04-03T15:20:26.010+0000] {dag.py:4180} INFO - Setting next_dagrun for example_sensor_decorator to None, run_after=None
[2025-04-03T15:20:26.040+0000] {processor.py:208} INFO - Processing /home/hamza/Documents/project/Mlops/myenv/lib/python3.12/site-packages/airflow/example_dags/example_sensor_decorator.py took 0.098 seconds
[2025-04-03T15:22:01.426+0000] {processor.py:186} INFO - Started process (PID=44233) to work on /home/hamza/Documents/project/Mlops/myenv/lib/python3.12/site-packages/airflow/example_dags/example_sensor_decorator.py
[2025-04-03T15:22:01.429+0000] {processor.py:914} INFO - Processing file /home/hamza/Documents/project/Mlops/myenv/lib/python3.12/site-packages/airflow/example_dags/example_sensor_decorator.py for tasks to queue
[2025-04-03T15:22:01.433+0000] {logging_mixin.py:190} INFO - [2025-04-03T15:22:01.432+0000] {dagbag.py:588} INFO - Filling up the DagBag from /home/hamza/Documents/project/Mlops/myenv/lib/python3.12/site-packages/airflow/example_dags/example_sensor_decorator.py
[2025-04-03T15:22:01.448+0000] {processor.py:925} INFO - DAG(s) 'example_sensor_decorator' retrieved from /home/hamza/Documents/project/Mlops/myenv/lib/python3.12/site-packages/airflow/example_dags/example_sensor_decorator.py
[2025-04-03T15:22:01.473+0000] {logging_mixin.py:190} INFO - [2025-04-03T15:22:01.472+0000] {dag.py:3239} INFO - Sync 1 DAGs
[2025-04-03T15:22:01.496+0000] {logging_mixin.py:190} INFO - [2025-04-03T15:22:01.495+0000] {dag.py:4180} INFO - Setting next_dagrun for example_sensor_decorator to None, run_after=None
[2025-04-03T15:22:01.530+0000] {processor.py:208} INFO - Processing /home/hamza/Documents/project/Mlops/myenv/lib/python3.12/site-packages/airflow/example_dags/example_sensor_decorator.py took 0.113 seconds
[2025-04-03T15:23:39.106+0000] {processor.py:186} INFO - Started process (PID=45179) to work on /home/hamza/Documents/project/Mlops/myenv/lib/python3.12/site-packages/airflow/example_dags/example_sensor_decorator.py
[2025-04-03T15:23:39.108+0000] {processor.py:914} INFO - Processing file /home/hamza/Documents/project/Mlops/myenv/lib/python3.12/site-packages/airflow/example_dags/example_sensor_decorator.py for tasks to queue
[2025-04-03T15:23:39.111+0000] {logging_mixin.py:190} INFO - [2025-04-03T15:23:39.110+0000] {dagbag.py:588} INFO - Filling up the DagBag from /home/hamza/Documents/project/Mlops/myenv/lib/python3.12/site-packages/airflow/example_dags/example_sensor_decorator.py
[2025-04-03T15:23:39.125+0000] {processor.py:925} INFO - DAG(s) 'example_sensor_decorator' retrieved from /home/hamza/Documents/project/Mlops/myenv/lib/python3.12/site-packages/airflow/example_dags/example_sensor_decorator.py
[2025-04-03T15:23:39.150+0000] {logging_mixin.py:190} INFO - [2025-04-03T15:23:39.149+0000] {dag.py:3239} INFO - Sync 1 DAGs
[2025-04-03T15:23:39.170+0000] {logging_mixin.py:190} INFO - [2025-04-03T15:23:39.169+0000] {dag.py:4180} INFO - Setting next_dagrun for example_sensor_decorator to None, run_after=None
[2025-04-03T15:23:39.202+0000] {processor.py:208} INFO - Processing /home/hamza/Documents/project/Mlops/myenv/lib/python3.12/site-packages/airflow/example_dags/example_sensor_decorator.py took 0.105 seconds
[2025-04-03T15:25:12.252+0000] {processor.py:186} INFO - Started process (PID=46100) to work on /home/hamza/Documents/project/Mlops/myenv/lib/python3.12/site-packages/airflow/example_dags/example_sensor_decorator.py
[2025-04-03T15:25:12.254+0000] {processor.py:914} INFO - Processing file /home/hamza/Documents/project/Mlops/myenv/lib/python3.12/site-packages/airflow/example_dags/example_sensor_decorator.py for tasks to queue
[2025-04-03T15:25:12.258+0000] {logging_mixin.py:190} INFO - [2025-04-03T15:25:12.257+0000] {dagbag.py:588} INFO - Filling up the DagBag from /home/hamza/Documents/project/Mlops/myenv/lib/python3.12/site-packages/airflow/example_dags/example_sensor_decorator.py
[2025-04-03T15:25:12.270+0000] {processor.py:925} INFO - DAG(s) 'example_sensor_decorator' retrieved from /home/hamza/Documents/project/Mlops/myenv/lib/python3.12/site-packages/airflow/example_dags/example_sensor_decorator.py
[2025-04-03T15:25:12.290+0000] {logging_mixin.py:190} INFO - [2025-04-03T15:25:12.290+0000] {dag.py:3239} INFO - Sync 1 DAGs
[2025-04-03T15:25:12.308+0000] {logging_mixin.py:190} INFO - [2025-04-03T15:25:12.308+0000] {dag.py:4180} INFO - Setting next_dagrun for example_sensor_decorator to None, run_after=None
[2025-04-03T15:25:12.342+0000] {processor.py:208} INFO - Processing /home/hamza/Documents/project/Mlops/myenv/lib/python3.12/site-packages/airflow/example_dags/example_sensor_decorator.py took 0.098 seconds
