[2025-04-03T13:43:36.812+0000] {processor.py:186} INFO - Started process (PID=98434) to work on /home/hamza/Documents/project/Mlops/myenv/lib/python3.12/site-packages/airflow/example_dags/example_sensors.py
[2025-04-03T13:43:36.813+0000] {processor.py:914} INFO - Processing file /home/hamza/Documents/project/Mlops/myenv/lib/python3.12/site-packages/airflow/example_dags/example_sensors.py for tasks to queue
[2025-04-03T13:43:36.817+0000] {logging_mixin.py:190} INFO - [2025-04-03T13:43:36.816+0000] {dagbag.py:588} INFO - Filling up the DagBag from /home/hamza/Documents/project/Mlops/myenv/lib/python3.12/site-packages/airflow/example_dags/example_sensors.py
[2025-04-03T13:43:36.839+0000] {processor.py:925} INFO - DAG(s) 'example_sensors' retrieved from /home/hamza/Documents/project/Mlops/myenv/lib/python3.12/site-packages/airflow/example_dags/example_sensors.py
[2025-04-03T13:43:37.038+0000] {logging_mixin.py:190} INFO - [2025-04-03T13:43:37.037+0000] {override.py:1930} INFO - Created Permission View: can delete on DAG:example_sensors
[2025-04-03T13:43:37.060+0000] {logging_mixin.py:190} INFO - [2025-04-03T13:43:37.060+0000] {override.py:1930} INFO - Created Permission View: can read on DAG:example_sensors
[2025-04-03T13:43:37.076+0000] {logging_mixin.py:190} INFO - [2025-04-03T13:43:37.075+0000] {override.py:1930} INFO - Created Permission View: can edit on DAG:example_sensors
[2025-04-03T13:43:37.105+0000] {logging_mixin.py:190} INFO - [2025-04-03T13:43:37.104+0000] {override.py:1930} INFO - Created Permission View: can delete on DAG Run:example_sensors
[2025-04-03T13:43:37.119+0000] {logging_mixin.py:190} INFO - [2025-04-03T13:43:37.118+0000] {override.py:1930} INFO - Created Permission View: can read on DAG Run:example_sensors
[2025-04-03T13:43:37.138+0000] {logging_mixin.py:190} INFO - [2025-04-03T13:43:37.137+0000] {override.py:1930} INFO - Created Permission View: menu access on DAG Run:example_sensors
[2025-04-03T13:43:37.154+0000] {logging_mixin.py:190} INFO - [2025-04-03T13:43:37.153+0000] {override.py:1930} INFO - Created Permission View: can create on DAG Run:example_sensors
[2025-04-03T13:43:37.155+0000] {logging_mixin.py:190} INFO - [2025-04-03T13:43:37.155+0000] {dag.py:3239} INFO - Sync 1 DAGs
[2025-04-03T13:43:37.175+0000] {logging_mixin.py:190} INFO - [2025-04-03T13:43:37.175+0000] {dag.py:3262} INFO - Creating ORM DAG for example_sensors
[2025-04-03T13:43:37.176+0000] {logging_mixin.py:190} INFO - [2025-04-03T13:43:37.176+0000] {dag.py:4180} INFO - Setting next_dagrun for example_sensors to None, run_after=None
[2025-04-03T13:43:37.215+0000] {processor.py:208} INFO - Processing /home/hamza/Documents/project/Mlops/myenv/lib/python3.12/site-packages/airflow/example_dags/example_sensors.py took 0.413 seconds
[2025-04-03T13:44:50.834+0000] {processor.py:186} INFO - Started process (PID=99496) to work on /home/hamza/Documents/project/Mlops/myenv/lib/python3.12/site-packages/airflow/example_dags/example_sensors.py
[2025-04-03T13:44:50.835+0000] {processor.py:914} INFO - Processing file /home/hamza/Documents/project/Mlops/myenv/lib/python3.12/site-packages/airflow/example_dags/example_sensors.py for tasks to queue
[2025-04-03T13:44:50.838+0000] {logging_mixin.py:190} INFO - [2025-04-03T13:44:50.838+0000] {dagbag.py:588} INFO - Filling up the DagBag from /home/hamza/Documents/project/Mlops/myenv/lib/python3.12/site-packages/airflow/example_dags/example_sensors.py
[2025-04-03T13:44:50.858+0000] {processor.py:925} INFO - DAG(s) 'example_sensors' retrieved from /home/hamza/Documents/project/Mlops/myenv/lib/python3.12/site-packages/airflow/example_dags/example_sensors.py
[2025-04-03T13:44:50.893+0000] {logging_mixin.py:190} INFO - [2025-04-03T13:44:50.892+0000] {dag.py:3239} INFO - Sync 1 DAGs
[2025-04-03T13:44:50.912+0000] {logging_mixin.py:190} INFO - [2025-04-03T13:44:50.911+0000] {dag.py:4180} INFO - Setting next_dagrun for example_sensors to None, run_after=None
[2025-04-03T13:44:50.948+0000] {processor.py:208} INFO - Processing /home/hamza/Documents/project/Mlops/myenv/lib/python3.12/site-packages/airflow/example_dags/example_sensors.py took 0.123 seconds
[2025-04-03T13:45:57.098+0000] {processor.py:186} INFO - Started process (PID=100069) to work on /home/hamza/Documents/project/Mlops/myenv/lib/python3.12/site-packages/airflow/example_dags/example_sensors.py
[2025-04-03T13:45:57.100+0000] {processor.py:914} INFO - Processing file /home/hamza/Documents/project/Mlops/myenv/lib/python3.12/site-packages/airflow/example_dags/example_sensors.py for tasks to queue
[2025-04-03T13:45:57.104+0000] {logging_mixin.py:190} INFO - [2025-04-03T13:45:57.103+0000] {dagbag.py:588} INFO - Filling up the DagBag from /home/hamza/Documents/project/Mlops/myenv/lib/python3.12/site-packages/airflow/example_dags/example_sensors.py
[2025-04-03T13:45:57.124+0000] {processor.py:925} INFO - DAG(s) 'example_sensors' retrieved from /home/hamza/Documents/project/Mlops/myenv/lib/python3.12/site-packages/airflow/example_dags/example_sensors.py
[2025-04-03T13:45:57.162+0000] {logging_mixin.py:190} INFO - [2025-04-03T13:45:57.161+0000] {dag.py:3239} INFO - Sync 1 DAGs
[2025-04-03T13:45:57.182+0000] {logging_mixin.py:190} INFO - [2025-04-03T13:45:57.182+0000] {dag.py:4180} INFO - Setting next_dagrun for example_sensors to None, run_after=None
[2025-04-03T13:45:57.224+0000] {processor.py:208} INFO - Processing /home/hamza/Documents/project/Mlops/myenv/lib/python3.12/site-packages/airflow/example_dags/example_sensors.py took 0.136 seconds
[2025-04-03T13:47:05.632+0000] {processor.py:186} INFO - Started process (PID=100819) to work on /home/hamza/Documents/project/Mlops/myenv/lib/python3.12/site-packages/airflow/example_dags/example_sensors.py
[2025-04-03T13:47:05.635+0000] {processor.py:914} INFO - Processing file /home/hamza/Documents/project/Mlops/myenv/lib/python3.12/site-packages/airflow/example_dags/example_sensors.py for tasks to queue
[2025-04-03T13:47:05.638+0000] {logging_mixin.py:190} INFO - [2025-04-03T13:47:05.638+0000] {dagbag.py:588} INFO - Filling up the DagBag from /home/hamza/Documents/project/Mlops/myenv/lib/python3.12/site-packages/airflow/example_dags/example_sensors.py
[2025-04-03T13:47:05.658+0000] {processor.py:925} INFO - DAG(s) 'example_sensors' retrieved from /home/hamza/Documents/project/Mlops/myenv/lib/python3.12/site-packages/airflow/example_dags/example_sensors.py
[2025-04-03T13:47:05.695+0000] {logging_mixin.py:190} INFO - [2025-04-03T13:47:05.694+0000] {dag.py:3239} INFO - Sync 1 DAGs
[2025-04-03T13:47:05.714+0000] {logging_mixin.py:190} INFO - [2025-04-03T13:47:05.714+0000] {dag.py:4180} INFO - Setting next_dagrun for example_sensors to None, run_after=None
[2025-04-03T13:47:05.750+0000] {processor.py:208} INFO - Processing /home/hamza/Documents/project/Mlops/myenv/lib/python3.12/site-packages/airflow/example_dags/example_sensors.py took 0.128 seconds
[2025-04-03T13:48:12.964+0000] {processor.py:186} INFO - Started process (PID=101693) to work on /home/hamza/Documents/project/Mlops/myenv/lib/python3.12/site-packages/airflow/example_dags/example_sensors.py
[2025-04-03T13:48:12.966+0000] {processor.py:914} INFO - Processing file /home/hamza/Documents/project/Mlops/myenv/lib/python3.12/site-packages/airflow/example_dags/example_sensors.py for tasks to queue
[2025-04-03T13:48:12.970+0000] {logging_mixin.py:190} INFO - [2025-04-03T13:48:12.969+0000] {dagbag.py:588} INFO - Filling up the DagBag from /home/hamza/Documents/project/Mlops/myenv/lib/python3.12/site-packages/airflow/example_dags/example_sensors.py
[2025-04-03T13:48:12.992+0000] {processor.py:925} INFO - DAG(s) 'example_sensors' retrieved from /home/hamza/Documents/project/Mlops/myenv/lib/python3.12/site-packages/airflow/example_dags/example_sensors.py
[2025-04-03T13:48:13.038+0000] {logging_mixin.py:190} INFO - [2025-04-03T13:48:13.038+0000] {dag.py:3239} INFO - Sync 1 DAGs
[2025-04-03T13:48:13.061+0000] {logging_mixin.py:190} INFO - [2025-04-03T13:48:13.061+0000] {dag.py:4180} INFO - Setting next_dagrun for example_sensors to None, run_after=None
[2025-04-03T13:48:13.097+0000] {processor.py:208} INFO - Processing /home/hamza/Documents/project/Mlops/myenv/lib/python3.12/site-packages/airflow/example_dags/example_sensors.py took 0.145 seconds
[2025-04-03T13:49:49.675+0000] {processor.py:186} INFO - Started process (PID=103023) to work on /home/hamza/Documents/project/Mlops/myenv/lib/python3.12/site-packages/airflow/example_dags/example_sensors.py
[2025-04-03T13:49:49.677+0000] {processor.py:914} INFO - Processing file /home/hamza/Documents/project/Mlops/myenv/lib/python3.12/site-packages/airflow/example_dags/example_sensors.py for tasks to queue
[2025-04-03T13:49:49.681+0000] {logging_mixin.py:190} INFO - [2025-04-03T13:49:49.679+0000] {dagbag.py:588} INFO - Filling up the DagBag from /home/hamza/Documents/project/Mlops/myenv/lib/python3.12/site-packages/airflow/example_dags/example_sensors.py
[2025-04-03T13:49:49.703+0000] {processor.py:925} INFO - DAG(s) 'example_sensors' retrieved from /home/hamza/Documents/project/Mlops/myenv/lib/python3.12/site-packages/airflow/example_dags/example_sensors.py
[2025-04-03T13:49:49.747+0000] {logging_mixin.py:190} INFO - [2025-04-03T13:49:49.746+0000] {dag.py:3239} INFO - Sync 1 DAGs
[2025-04-03T13:49:49.772+0000] {logging_mixin.py:190} INFO - [2025-04-03T13:49:49.771+0000] {dag.py:4180} INFO - Setting next_dagrun for example_sensors to None, run_after=None
[2025-04-03T13:49:49.817+0000] {processor.py:208} INFO - Processing /home/hamza/Documents/project/Mlops/myenv/lib/python3.12/site-packages/airflow/example_dags/example_sensors.py took 0.152 seconds
[2025-04-03T13:51:08.571+0000] {processor.py:186} INFO - Started process (PID=104026) to work on /home/hamza/Documents/project/Mlops/myenv/lib/python3.12/site-packages/airflow/example_dags/example_sensors.py
[2025-04-03T13:51:08.573+0000] {processor.py:914} INFO - Processing file /home/hamza/Documents/project/Mlops/myenv/lib/python3.12/site-packages/airflow/example_dags/example_sensors.py for tasks to queue
[2025-04-03T13:51:08.577+0000] {logging_mixin.py:190} INFO - [2025-04-03T13:51:08.576+0000] {dagbag.py:588} INFO - Filling up the DagBag from /home/hamza/Documents/project/Mlops/myenv/lib/python3.12/site-packages/airflow/example_dags/example_sensors.py
[2025-04-03T13:51:08.598+0000] {processor.py:925} INFO - DAG(s) 'example_sensors' retrieved from /home/hamza/Documents/project/Mlops/myenv/lib/python3.12/site-packages/airflow/example_dags/example_sensors.py
[2025-04-03T13:51:08.642+0000] {logging_mixin.py:190} INFO - [2025-04-03T13:51:08.641+0000] {dag.py:3239} INFO - Sync 1 DAGs
[2025-04-03T13:51:08.673+0000] {logging_mixin.py:190} INFO - [2025-04-03T13:51:08.672+0000] {dag.py:4180} INFO - Setting next_dagrun for example_sensors to None, run_after=None
[2025-04-03T13:51:08.711+0000] {processor.py:208} INFO - Processing /home/hamza/Documents/project/Mlops/myenv/lib/python3.12/site-packages/airflow/example_dags/example_sensors.py took 0.149 seconds
[2025-04-03T13:52:47.696+0000] {processor.py:186} INFO - Started process (PID=105045) to work on /home/hamza/Documents/project/Mlops/myenv/lib/python3.12/site-packages/airflow/example_dags/example_sensors.py
[2025-04-03T13:52:47.698+0000] {processor.py:914} INFO - Processing file /home/hamza/Documents/project/Mlops/myenv/lib/python3.12/site-packages/airflow/example_dags/example_sensors.py for tasks to queue
[2025-04-03T13:52:47.702+0000] {logging_mixin.py:190} INFO - [2025-04-03T13:52:47.701+0000] {dagbag.py:588} INFO - Filling up the DagBag from /home/hamza/Documents/project/Mlops/myenv/lib/python3.12/site-packages/airflow/example_dags/example_sensors.py
[2025-04-03T13:52:47.726+0000] {processor.py:925} INFO - DAG(s) 'example_sensors' retrieved from /home/hamza/Documents/project/Mlops/myenv/lib/python3.12/site-packages/airflow/example_dags/example_sensors.py
[2025-04-03T13:52:47.780+0000] {logging_mixin.py:190} INFO - [2025-04-03T13:52:47.779+0000] {dag.py:3239} INFO - Sync 1 DAGs
[2025-04-03T13:52:47.811+0000] {logging_mixin.py:190} INFO - [2025-04-03T13:52:47.810+0000] {dag.py:4180} INFO - Setting next_dagrun for example_sensors to None, run_after=None
[2025-04-03T13:52:47.856+0000] {processor.py:208} INFO - Processing /home/hamza/Documents/project/Mlops/myenv/lib/python3.12/site-packages/airflow/example_dags/example_sensors.py took 0.171 seconds
[2025-04-03T13:54:24.649+0000] {processor.py:186} INFO - Started process (PID=106158) to work on /home/hamza/Documents/project/Mlops/myenv/lib/python3.12/site-packages/airflow/example_dags/example_sensors.py
[2025-04-03T13:54:24.651+0000] {processor.py:914} INFO - Processing file /home/hamza/Documents/project/Mlops/myenv/lib/python3.12/site-packages/airflow/example_dags/example_sensors.py for tasks to queue
[2025-04-03T13:54:24.656+0000] {logging_mixin.py:190} INFO - [2025-04-03T13:54:24.655+0000] {dagbag.py:588} INFO - Filling up the DagBag from /home/hamza/Documents/project/Mlops/myenv/lib/python3.12/site-packages/airflow/example_dags/example_sensors.py
[2025-04-03T13:54:24.677+0000] {processor.py:925} INFO - DAG(s) 'example_sensors' retrieved from /home/hamza/Documents/project/Mlops/myenv/lib/python3.12/site-packages/airflow/example_dags/example_sensors.py
[2025-04-03T13:54:24.721+0000] {logging_mixin.py:190} INFO - [2025-04-03T13:54:24.720+0000] {dag.py:3239} INFO - Sync 1 DAGs
[2025-04-03T13:54:24.746+0000] {logging_mixin.py:190} INFO - [2025-04-03T13:54:24.746+0000] {dag.py:4180} INFO - Setting next_dagrun for example_sensors to None, run_after=None
[2025-04-03T13:54:24.792+0000] {processor.py:208} INFO - Processing /home/hamza/Documents/project/Mlops/myenv/lib/python3.12/site-packages/airflow/example_dags/example_sensors.py took 0.153 seconds
[2025-04-03T13:59:21.089+0000] {processor.py:186} INFO - Started process (PID=110023) to work on /home/hamza/Documents/project/Mlops/myenv/lib/python3.12/site-packages/airflow/example_dags/example_sensors.py
[2025-04-03T13:59:21.091+0000] {processor.py:914} INFO - Processing file /home/hamza/Documents/project/Mlops/myenv/lib/python3.12/site-packages/airflow/example_dags/example_sensors.py for tasks to queue
[2025-04-03T13:59:21.094+0000] {logging_mixin.py:190} INFO - [2025-04-03T13:59:21.094+0000] {dagbag.py:588} INFO - Filling up the DagBag from /home/hamza/Documents/project/Mlops/myenv/lib/python3.12/site-packages/airflow/example_dags/example_sensors.py
[2025-04-03T13:59:21.113+0000] {processor.py:925} INFO - DAG(s) 'example_sensors' retrieved from /home/hamza/Documents/project/Mlops/myenv/lib/python3.12/site-packages/airflow/example_dags/example_sensors.py
[2025-04-03T13:59:21.149+0000] {logging_mixin.py:190} INFO - [2025-04-03T13:59:21.148+0000] {dag.py:3239} INFO - Sync 1 DAGs
[2025-04-03T13:59:21.169+0000] {logging_mixin.py:190} INFO - [2025-04-03T13:59:21.169+0000] {dag.py:4180} INFO - Setting next_dagrun for example_sensors to None, run_after=None
[2025-04-03T13:59:21.203+0000] {processor.py:208} INFO - Processing /home/hamza/Documents/project/Mlops/myenv/lib/python3.12/site-packages/airflow/example_dags/example_sensors.py took 0.122 seconds
[2025-04-03T14:10:11.843+0000] {processor.py:186} INFO - Started process (PID=118046) to work on /home/hamza/Documents/project/Mlops/myenv/lib/python3.12/site-packages/airflow/example_dags/example_sensors.py
[2025-04-03T14:10:11.845+0000] {processor.py:914} INFO - Processing file /home/hamza/Documents/project/Mlops/myenv/lib/python3.12/site-packages/airflow/example_dags/example_sensors.py for tasks to queue
[2025-04-03T14:10:11.848+0000] {logging_mixin.py:190} INFO - [2025-04-03T14:10:11.847+0000] {dagbag.py:588} INFO - Filling up the DagBag from /home/hamza/Documents/project/Mlops/myenv/lib/python3.12/site-packages/airflow/example_dags/example_sensors.py
[2025-04-03T14:10:11.869+0000] {processor.py:925} INFO - DAG(s) 'example_sensors' retrieved from /home/hamza/Documents/project/Mlops/myenv/lib/python3.12/site-packages/airflow/example_dags/example_sensors.py
[2025-04-03T14:10:11.907+0000] {logging_mixin.py:190} INFO - [2025-04-03T14:10:11.907+0000] {dag.py:3239} INFO - Sync 1 DAGs
[2025-04-03T14:10:11.928+0000] {logging_mixin.py:190} INFO - [2025-04-03T14:10:11.927+0000] {dag.py:4180} INFO - Setting next_dagrun for example_sensors to None, run_after=None
[2025-04-03T14:10:11.962+0000] {processor.py:208} INFO - Processing /home/hamza/Documents/project/Mlops/myenv/lib/python3.12/site-packages/airflow/example_dags/example_sensors.py took 0.128 seconds
[2025-04-03T14:11:27.935+0000] {processor.py:186} INFO - Started process (PID=118748) to work on /home/hamza/Documents/project/Mlops/myenv/lib/python3.12/site-packages/airflow/example_dags/example_sensors.py
[2025-04-03T14:11:27.937+0000] {processor.py:914} INFO - Processing file /home/hamza/Documents/project/Mlops/myenv/lib/python3.12/site-packages/airflow/example_dags/example_sensors.py for tasks to queue
[2025-04-03T14:11:27.939+0000] {logging_mixin.py:190} INFO - [2025-04-03T14:11:27.938+0000] {dagbag.py:588} INFO - Filling up the DagBag from /home/hamza/Documents/project/Mlops/myenv/lib/python3.12/site-packages/airflow/example_dags/example_sensors.py
[2025-04-03T14:11:27.956+0000] {processor.py:925} INFO - DAG(s) 'example_sensors' retrieved from /home/hamza/Documents/project/Mlops/myenv/lib/python3.12/site-packages/airflow/example_dags/example_sensors.py
[2025-04-03T14:11:27.991+0000] {logging_mixin.py:190} INFO - [2025-04-03T14:11:27.991+0000] {dag.py:3239} INFO - Sync 1 DAGs
[2025-04-03T14:11:28.009+0000] {logging_mixin.py:190} INFO - [2025-04-03T14:11:28.009+0000] {dag.py:4180} INFO - Setting next_dagrun for example_sensors to None, run_after=None
[2025-04-03T14:11:28.042+0000] {processor.py:208} INFO - Processing /home/hamza/Documents/project/Mlops/myenv/lib/python3.12/site-packages/airflow/example_dags/example_sensors.py took 0.115 seconds
[2025-04-03T14:13:07.014+0000] {processor.py:186} INFO - Started process (PID=119673) to work on /home/hamza/Documents/project/Mlops/myenv/lib/python3.12/site-packages/airflow/example_dags/example_sensors.py
[2025-04-03T14:13:07.015+0000] {processor.py:914} INFO - Processing file /home/hamza/Documents/project/Mlops/myenv/lib/python3.12/site-packages/airflow/example_dags/example_sensors.py for tasks to queue
[2025-04-03T14:13:07.018+0000] {logging_mixin.py:190} INFO - [2025-04-03T14:13:07.017+0000] {dagbag.py:588} INFO - Filling up the DagBag from /home/hamza/Documents/project/Mlops/myenv/lib/python3.12/site-packages/airflow/example_dags/example_sensors.py
[2025-04-03T14:13:07.035+0000] {processor.py:925} INFO - DAG(s) 'example_sensors' retrieved from /home/hamza/Documents/project/Mlops/myenv/lib/python3.12/site-packages/airflow/example_dags/example_sensors.py
[2025-04-03T14:13:07.075+0000] {logging_mixin.py:190} INFO - [2025-04-03T14:13:07.074+0000] {dag.py:3239} INFO - Sync 1 DAGs
[2025-04-03T14:13:07.095+0000] {logging_mixin.py:190} INFO - [2025-04-03T14:13:07.095+0000] {dag.py:4180} INFO - Setting next_dagrun for example_sensors to None, run_after=None
[2025-04-03T14:13:07.129+0000] {processor.py:208} INFO - Processing /home/hamza/Documents/project/Mlops/myenv/lib/python3.12/site-packages/airflow/example_dags/example_sensors.py took 0.126 seconds
[2025-04-03T14:18:51.880+0000] {processor.py:186} INFO - Started process (PID=122447) to work on /home/hamza/Documents/project/Mlops/myenv/lib/python3.12/site-packages/airflow/example_dags/example_sensors.py
[2025-04-03T14:18:51.884+0000] {processor.py:914} INFO - Processing file /home/hamza/Documents/project/Mlops/myenv/lib/python3.12/site-packages/airflow/example_dags/example_sensors.py for tasks to queue
[2025-04-03T14:18:51.887+0000] {logging_mixin.py:190} INFO - [2025-04-03T14:18:51.886+0000] {dagbag.py:588} INFO - Filling up the DagBag from /home/hamza/Documents/project/Mlops/myenv/lib/python3.12/site-packages/airflow/example_dags/example_sensors.py
[2025-04-03T14:18:51.905+0000] {processor.py:925} INFO - DAG(s) 'example_sensors' retrieved from /home/hamza/Documents/project/Mlops/myenv/lib/python3.12/site-packages/airflow/example_dags/example_sensors.py
[2025-04-03T14:18:51.948+0000] {logging_mixin.py:190} INFO - [2025-04-03T14:18:51.948+0000] {dag.py:3239} INFO - Sync 1 DAGs
[2025-04-03T14:18:51.970+0000] {logging_mixin.py:190} INFO - [2025-04-03T14:18:51.969+0000] {dag.py:4180} INFO - Setting next_dagrun for example_sensors to None, run_after=None
[2025-04-03T14:18:52.003+0000] {processor.py:208} INFO - Processing /home/hamza/Documents/project/Mlops/myenv/lib/python3.12/site-packages/airflow/example_dags/example_sensors.py took 0.133 seconds
[2025-04-03T14:20:51.470+0000] {processor.py:186} INFO - Started process (PID=123073) to work on /home/hamza/Documents/project/Mlops/myenv/lib/python3.12/site-packages/airflow/example_dags/example_sensors.py
[2025-04-03T14:20:51.478+0000] {processor.py:914} INFO - Processing file /home/hamza/Documents/project/Mlops/myenv/lib/python3.12/site-packages/airflow/example_dags/example_sensors.py for tasks to queue
[2025-04-03T14:20:51.496+0000] {logging_mixin.py:190} INFO - [2025-04-03T14:20:51.480+0000] {dagbag.py:588} INFO - Filling up the DagBag from /home/hamza/Documents/project/Mlops/myenv/lib/python3.12/site-packages/airflow/example_dags/example_sensors.py
[2025-04-03T14:20:51.593+0000] {processor.py:925} INFO - DAG(s) 'example_sensors' retrieved from /home/hamza/Documents/project/Mlops/myenv/lib/python3.12/site-packages/airflow/example_dags/example_sensors.py
[2025-04-03T14:20:52.095+0000] {logging_mixin.py:190} INFO - [2025-04-03T14:20:52.046+0000] {dag.py:3239} INFO - Sync 1 DAGs
[2025-04-03T14:20:54.126+0000] {logging_mixin.py:190} INFO - [2025-04-03T14:20:53.769+0000] {dag.py:4180} INFO - Setting next_dagrun for example_sensors to None, run_after=None
[2025-04-03T15:08:22.857+0000] {processor.py:186} INFO - Started process (PID=36148) to work on /home/hamza/Documents/project/Mlops/myenv/lib/python3.12/site-packages/airflow/example_dags/example_sensors.py
[2025-04-03T15:08:22.858+0000] {processor.py:914} INFO - Processing file /home/hamza/Documents/project/Mlops/myenv/lib/python3.12/site-packages/airflow/example_dags/example_sensors.py for tasks to queue
[2025-04-03T15:08:22.862+0000] {logging_mixin.py:190} INFO - [2025-04-03T15:08:22.861+0000] {dagbag.py:588} INFO - Filling up the DagBag from /home/hamza/Documents/project/Mlops/myenv/lib/python3.12/site-packages/airflow/example_dags/example_sensors.py
[2025-04-03T15:08:22.881+0000] {processor.py:925} INFO - DAG(s) 'example_sensors' retrieved from /home/hamza/Documents/project/Mlops/myenv/lib/python3.12/site-packages/airflow/example_dags/example_sensors.py
[2025-04-03T15:08:22.917+0000] {logging_mixin.py:190} INFO - [2025-04-03T15:08:22.916+0000] {dag.py:3239} INFO - Sync 1 DAGs
[2025-04-03T15:08:22.936+0000] {logging_mixin.py:190} INFO - [2025-04-03T15:08:22.936+0000] {dag.py:4180} INFO - Setting next_dagrun for example_sensors to None, run_after=None
[2025-04-03T15:08:22.973+0000] {processor.py:208} INFO - Processing /home/hamza/Documents/project/Mlops/myenv/lib/python3.12/site-packages/airflow/example_dags/example_sensors.py took 0.124 seconds
[2025-04-03T15:09:37.531+0000] {processor.py:186} INFO - Started process (PID=36898) to work on /home/hamza/Documents/project/Mlops/myenv/lib/python3.12/site-packages/airflow/example_dags/example_sensors.py
[2025-04-03T15:09:37.535+0000] {processor.py:914} INFO - Processing file /home/hamza/Documents/project/Mlops/myenv/lib/python3.12/site-packages/airflow/example_dags/example_sensors.py for tasks to queue
[2025-04-03T15:09:37.538+0000] {logging_mixin.py:190} INFO - [2025-04-03T15:09:37.538+0000] {dagbag.py:588} INFO - Filling up the DagBag from /home/hamza/Documents/project/Mlops/myenv/lib/python3.12/site-packages/airflow/example_dags/example_sensors.py
[2025-04-03T15:09:37.557+0000] {processor.py:925} INFO - DAG(s) 'example_sensors' retrieved from /home/hamza/Documents/project/Mlops/myenv/lib/python3.12/site-packages/airflow/example_dags/example_sensors.py
[2025-04-03T15:09:37.590+0000] {logging_mixin.py:190} INFO - [2025-04-03T15:09:37.590+0000] {dag.py:3239} INFO - Sync 1 DAGs
[2025-04-03T15:09:37.609+0000] {logging_mixin.py:190} INFO - [2025-04-03T15:09:37.609+0000] {dag.py:4180} INFO - Setting next_dagrun for example_sensors to None, run_after=None
[2025-04-03T15:09:37.644+0000] {processor.py:208} INFO - Processing /home/hamza/Documents/project/Mlops/myenv/lib/python3.12/site-packages/airflow/example_dags/example_sensors.py took 0.121 seconds
[2025-04-03T15:11:06.228+0000] {processor.py:186} INFO - Started process (PID=37741) to work on /home/hamza/Documents/project/Mlops/myenv/lib/python3.12/site-packages/airflow/example_dags/example_sensors.py
[2025-04-03T15:11:06.229+0000] {processor.py:914} INFO - Processing file /home/hamza/Documents/project/Mlops/myenv/lib/python3.12/site-packages/airflow/example_dags/example_sensors.py for tasks to queue
[2025-04-03T15:11:06.233+0000] {logging_mixin.py:190} INFO - [2025-04-03T15:11:06.232+0000] {dagbag.py:588} INFO - Filling up the DagBag from /home/hamza/Documents/project/Mlops/myenv/lib/python3.12/site-packages/airflow/example_dags/example_sensors.py
[2025-04-03T15:11:06.252+0000] {processor.py:925} INFO - DAG(s) 'example_sensors' retrieved from /home/hamza/Documents/project/Mlops/myenv/lib/python3.12/site-packages/airflow/example_dags/example_sensors.py
[2025-04-03T15:11:06.288+0000] {logging_mixin.py:190} INFO - [2025-04-03T15:11:06.287+0000] {dag.py:3239} INFO - Sync 1 DAGs
[2025-04-03T15:11:06.308+0000] {logging_mixin.py:190} INFO - [2025-04-03T15:11:06.308+0000] {dag.py:4180} INFO - Setting next_dagrun for example_sensors to None, run_after=None
[2025-04-03T15:11:06.340+0000] {processor.py:208} INFO - Processing /home/hamza/Documents/project/Mlops/myenv/lib/python3.12/site-packages/airflow/example_dags/example_sensors.py took 0.121 seconds
[2025-04-03T15:12:36.692+0000] {processor.py:186} INFO - Started process (PID=38544) to work on /home/hamza/Documents/project/Mlops/myenv/lib/python3.12/site-packages/airflow/example_dags/example_sensors.py
[2025-04-03T15:12:36.694+0000] {processor.py:914} INFO - Processing file /home/hamza/Documents/project/Mlops/myenv/lib/python3.12/site-packages/airflow/example_dags/example_sensors.py for tasks to queue
[2025-04-03T15:12:36.698+0000] {logging_mixin.py:190} INFO - [2025-04-03T15:12:36.698+0000] {dagbag.py:588} INFO - Filling up the DagBag from /home/hamza/Documents/project/Mlops/myenv/lib/python3.12/site-packages/airflow/example_dags/example_sensors.py
[2025-04-03T15:12:36.720+0000] {processor.py:925} INFO - DAG(s) 'example_sensors' retrieved from /home/hamza/Documents/project/Mlops/myenv/lib/python3.12/site-packages/airflow/example_dags/example_sensors.py
[2025-04-03T15:12:36.757+0000] {logging_mixin.py:190} INFO - [2025-04-03T15:12:36.757+0000] {dag.py:3239} INFO - Sync 1 DAGs
[2025-04-03T15:12:36.779+0000] {logging_mixin.py:190} INFO - [2025-04-03T15:12:36.779+0000] {dag.py:4180} INFO - Setting next_dagrun for example_sensors to None, run_after=None
[2025-04-03T15:12:36.817+0000] {processor.py:208} INFO - Processing /home/hamza/Documents/project/Mlops/myenv/lib/python3.12/site-packages/airflow/example_dags/example_sensors.py took 0.135 seconds
[2025-04-03T15:14:12.260+0000] {processor.py:186} INFO - Started process (PID=39425) to work on /home/hamza/Documents/project/Mlops/myenv/lib/python3.12/site-packages/airflow/example_dags/example_sensors.py
[2025-04-03T15:14:12.263+0000] {processor.py:914} INFO - Processing file /home/hamza/Documents/project/Mlops/myenv/lib/python3.12/site-packages/airflow/example_dags/example_sensors.py for tasks to queue
[2025-04-03T15:14:12.267+0000] {logging_mixin.py:190} INFO - [2025-04-03T15:14:12.266+0000] {dagbag.py:588} INFO - Filling up the DagBag from /home/hamza/Documents/project/Mlops/myenv/lib/python3.12/site-packages/airflow/example_dags/example_sensors.py
[2025-04-03T15:14:12.288+0000] {processor.py:925} INFO - DAG(s) 'example_sensors' retrieved from /home/hamza/Documents/project/Mlops/myenv/lib/python3.12/site-packages/airflow/example_dags/example_sensors.py
[2025-04-03T15:14:12.328+0000] {logging_mixin.py:190} INFO - [2025-04-03T15:14:12.328+0000] {dag.py:3239} INFO - Sync 1 DAGs
[2025-04-03T15:14:12.350+0000] {logging_mixin.py:190} INFO - [2025-04-03T15:14:12.350+0000] {dag.py:4180} INFO - Setting next_dagrun for example_sensors to None, run_after=None
[2025-04-03T15:14:12.386+0000] {processor.py:208} INFO - Processing /home/hamza/Documents/project/Mlops/myenv/lib/python3.12/site-packages/airflow/example_dags/example_sensors.py took 0.134 seconds
[2025-04-03T15:15:46.078+0000] {processor.py:186} INFO - Started process (PID=40385) to work on /home/hamza/Documents/project/Mlops/myenv/lib/python3.12/site-packages/airflow/example_dags/example_sensors.py
[2025-04-03T15:15:46.079+0000] {processor.py:914} INFO - Processing file /home/hamza/Documents/project/Mlops/myenv/lib/python3.12/site-packages/airflow/example_dags/example_sensors.py for tasks to queue
[2025-04-03T15:15:46.083+0000] {logging_mixin.py:190} INFO - [2025-04-03T15:15:46.082+0000] {dagbag.py:588} INFO - Filling up the DagBag from /home/hamza/Documents/project/Mlops/myenv/lib/python3.12/site-packages/airflow/example_dags/example_sensors.py
[2025-04-03T15:15:46.104+0000] {processor.py:925} INFO - DAG(s) 'example_sensors' retrieved from /home/hamza/Documents/project/Mlops/myenv/lib/python3.12/site-packages/airflow/example_dags/example_sensors.py
[2025-04-03T15:15:46.140+0000] {logging_mixin.py:190} INFO - [2025-04-03T15:15:46.140+0000] {dag.py:3239} INFO - Sync 1 DAGs
[2025-04-03T15:15:46.163+0000] {logging_mixin.py:190} INFO - [2025-04-03T15:15:46.163+0000] {dag.py:4180} INFO - Setting next_dagrun for example_sensors to None, run_after=None
[2025-04-03T15:15:46.205+0000] {processor.py:208} INFO - Processing /home/hamza/Documents/project/Mlops/myenv/lib/python3.12/site-packages/airflow/example_dags/example_sensors.py took 0.136 seconds
