[2025-04-03T13:43:51.341+0000] {processor.py:186} INFO - Started process (PID=98570) to work on /home/hamza/Documents/project/Mlops/myenv/lib/python3.12/site-packages/airflow/example_dags/example_local_kubernetes_executor.py
[2025-04-03T13:43:51.342+0000] {processor.py:914} INFO - Processing file /home/hamza/Documents/project/Mlops/myenv/lib/python3.12/site-packages/airflow/example_dags/example_local_kubernetes_executor.py for tasks to queue
[2025-04-03T13:43:51.345+0000] {logging_mixin.py:190} INFO - [2025-04-03T13:43:51.345+0000] {dagbag.py:588} INFO - Filling up the DagBag from /home/hamza/Documents/project/Mlops/myenv/lib/python3.12/site-packages/airflow/example_dags/example_local_kubernetes_executor.py
[2025-04-03T13:43:51.352+0000] {logging_mixin.py:190} INFO - [2025-04-03T13:43:51.350+0000] {example_local_kubernetes_executor.py:40} WARNING - Could not import DAGs in example_local_kubernetes_executor.py
Traceback (most recent call last):
  File "/home/hamza/Documents/project/Mlops/myenv/lib/python3.12/site-packages/airflow/example_dags/example_local_kubernetes_executor.py", line 38, in <module>
    from kubernetes.client import models as k8s
ModuleNotFoundError: No module named 'kubernetes'
[2025-04-03T13:43:51.353+0000] {logging_mixin.py:190} INFO - [2025-04-03T13:43:51.352+0000] {example_local_kubernetes_executor.py:41} WARNING - Install Kubernetes dependencies with: pip install apache-airflow[cncf.kubernetes]
[2025-04-03T13:43:51.353+0000] {processor.py:927} WARNING - No viable dags retrieved from /home/hamza/Documents/project/Mlops/myenv/lib/python3.12/site-packages/airflow/example_dags/example_local_kubernetes_executor.py
[2025-04-03T13:43:51.377+0000] {processor.py:208} INFO - Processing /home/hamza/Documents/project/Mlops/myenv/lib/python3.12/site-packages/airflow/example_dags/example_local_kubernetes_executor.py took 0.045 seconds
[2025-04-03T13:45:02.206+0000] {processor.py:186} INFO - Started process (PID=99607) to work on /home/hamza/Documents/project/Mlops/myenv/lib/python3.12/site-packages/airflow/example_dags/example_local_kubernetes_executor.py
[2025-04-03T13:45:02.211+0000] {processor.py:914} INFO - Processing file /home/hamza/Documents/project/Mlops/myenv/lib/python3.12/site-packages/airflow/example_dags/example_local_kubernetes_executor.py for tasks to queue
[2025-04-03T13:45:02.215+0000] {logging_mixin.py:190} INFO - [2025-04-03T13:45:02.215+0000] {dagbag.py:588} INFO - Filling up the DagBag from /home/hamza/Documents/project/Mlops/myenv/lib/python3.12/site-packages/airflow/example_dags/example_local_kubernetes_executor.py
[2025-04-03T13:45:02.221+0000] {logging_mixin.py:190} INFO - [2025-04-03T13:45:02.220+0000] {example_local_kubernetes_executor.py:40} WARNING - Could not import DAGs in example_local_kubernetes_executor.py
Traceback (most recent call last):
  File "/home/hamza/Documents/project/Mlops/myenv/lib/python3.12/site-packages/airflow/example_dags/example_local_kubernetes_executor.py", line 38, in <module>
    from kubernetes.client import models as k8s
ModuleNotFoundError: No module named 'kubernetes'
[2025-04-03T13:45:02.222+0000] {logging_mixin.py:190} INFO - [2025-04-03T13:45:02.221+0000] {example_local_kubernetes_executor.py:41} WARNING - Install Kubernetes dependencies with: pip install apache-airflow[cncf.kubernetes]
[2025-04-03T13:45:02.222+0000] {processor.py:927} WARNING - No viable dags retrieved from /home/hamza/Documents/project/Mlops/myenv/lib/python3.12/site-packages/airflow/example_dags/example_local_kubernetes_executor.py
[2025-04-03T13:45:02.240+0000] {processor.py:208} INFO - Processing /home/hamza/Documents/project/Mlops/myenv/lib/python3.12/site-packages/airflow/example_dags/example_local_kubernetes_executor.py took 0.044 seconds
[2025-04-03T13:46:08.747+0000] {processor.py:186} INFO - Started process (PID=100159) to work on /home/hamza/Documents/project/Mlops/myenv/lib/python3.12/site-packages/airflow/example_dags/example_local_kubernetes_executor.py
[2025-04-03T13:46:08.750+0000] {processor.py:914} INFO - Processing file /home/hamza/Documents/project/Mlops/myenv/lib/python3.12/site-packages/airflow/example_dags/example_local_kubernetes_executor.py for tasks to queue
[2025-04-03T13:46:08.753+0000] {logging_mixin.py:190} INFO - [2025-04-03T13:46:08.753+0000] {dagbag.py:588} INFO - Filling up the DagBag from /home/hamza/Documents/project/Mlops/myenv/lib/python3.12/site-packages/airflow/example_dags/example_local_kubernetes_executor.py
[2025-04-03T13:46:08.760+0000] {logging_mixin.py:190} INFO - [2025-04-03T13:46:08.759+0000] {example_local_kubernetes_executor.py:40} WARNING - Could not import DAGs in example_local_kubernetes_executor.py
Traceback (most recent call last):
  File "/home/hamza/Documents/project/Mlops/myenv/lib/python3.12/site-packages/airflow/example_dags/example_local_kubernetes_executor.py", line 38, in <module>
    from kubernetes.client import models as k8s
ModuleNotFoundError: No module named 'kubernetes'
[2025-04-03T13:46:08.760+0000] {logging_mixin.py:190} INFO - [2025-04-03T13:46:08.760+0000] {example_local_kubernetes_executor.py:41} WARNING - Install Kubernetes dependencies with: pip install apache-airflow[cncf.kubernetes]
[2025-04-03T13:46:08.761+0000] {processor.py:927} WARNING - No viable dags retrieved from /home/hamza/Documents/project/Mlops/myenv/lib/python3.12/site-packages/airflow/example_dags/example_local_kubernetes_executor.py
[2025-04-03T13:46:08.778+0000] {processor.py:208} INFO - Processing /home/hamza/Documents/project/Mlops/myenv/lib/python3.12/site-packages/airflow/example_dags/example_local_kubernetes_executor.py took 0.040 seconds
[2025-04-03T13:47:16.467+0000] {processor.py:186} INFO - Started process (PID=100938) to work on /home/hamza/Documents/project/Mlops/myenv/lib/python3.12/site-packages/airflow/example_dags/example_local_kubernetes_executor.py
[2025-04-03T13:47:16.470+0000] {processor.py:914} INFO - Processing file /home/hamza/Documents/project/Mlops/myenv/lib/python3.12/site-packages/airflow/example_dags/example_local_kubernetes_executor.py for tasks to queue
[2025-04-03T13:47:16.473+0000] {logging_mixin.py:190} INFO - [2025-04-03T13:47:16.472+0000] {dagbag.py:588} INFO - Filling up the DagBag from /home/hamza/Documents/project/Mlops/myenv/lib/python3.12/site-packages/airflow/example_dags/example_local_kubernetes_executor.py
[2025-04-03T13:47:16.478+0000] {logging_mixin.py:190} INFO - [2025-04-03T13:47:16.477+0000] {example_local_kubernetes_executor.py:40} WARNING - Could not import DAGs in example_local_kubernetes_executor.py
Traceback (most recent call last):
  File "/home/hamza/Documents/project/Mlops/myenv/lib/python3.12/site-packages/airflow/example_dags/example_local_kubernetes_executor.py", line 38, in <module>
    from kubernetes.client import models as k8s
ModuleNotFoundError: No module named 'kubernetes'
[2025-04-03T13:47:16.479+0000] {logging_mixin.py:190} INFO - [2025-04-03T13:47:16.479+0000] {example_local_kubernetes_executor.py:41} WARNING - Install Kubernetes dependencies with: pip install apache-airflow[cncf.kubernetes]
[2025-04-03T13:47:16.479+0000] {processor.py:927} WARNING - No viable dags retrieved from /home/hamza/Documents/project/Mlops/myenv/lib/python3.12/site-packages/airflow/example_dags/example_local_kubernetes_executor.py
[2025-04-03T13:47:16.496+0000] {processor.py:208} INFO - Processing /home/hamza/Documents/project/Mlops/myenv/lib/python3.12/site-packages/airflow/example_dags/example_local_kubernetes_executor.py took 0.039 seconds
[2025-04-03T13:50:00.988+0000] {processor.py:186} INFO - Started process (PID=103119) to work on /home/hamza/Documents/project/Mlops/myenv/lib/python3.12/site-packages/airflow/example_dags/example_local_kubernetes_executor.py
[2025-04-03T13:50:00.995+0000] {processor.py:914} INFO - Processing file /home/hamza/Documents/project/Mlops/myenv/lib/python3.12/site-packages/airflow/example_dags/example_local_kubernetes_executor.py for tasks to queue
[2025-04-03T13:50:00.999+0000] {logging_mixin.py:190} INFO - [2025-04-03T13:50:00.998+0000] {dagbag.py:588} INFO - Filling up the DagBag from /home/hamza/Documents/project/Mlops/myenv/lib/python3.12/site-packages/airflow/example_dags/example_local_kubernetes_executor.py
[2025-04-03T13:50:01.005+0000] {logging_mixin.py:190} INFO - [2025-04-03T13:50:01.003+0000] {example_local_kubernetes_executor.py:40} WARNING - Could not import DAGs in example_local_kubernetes_executor.py
Traceback (most recent call last):
  File "/home/hamza/Documents/project/Mlops/myenv/lib/python3.12/site-packages/airflow/example_dags/example_local_kubernetes_executor.py", line 38, in <module>
    from kubernetes.client import models as k8s
ModuleNotFoundError: No module named 'kubernetes'
[2025-04-03T13:50:01.005+0000] {logging_mixin.py:190} INFO - [2025-04-03T13:50:01.005+0000] {example_local_kubernetes_executor.py:41} WARNING - Install Kubernetes dependencies with: pip install apache-airflow[cncf.kubernetes]
[2025-04-03T13:50:01.006+0000] {processor.py:927} WARNING - No viable dags retrieved from /home/hamza/Documents/project/Mlops/myenv/lib/python3.12/site-packages/airflow/example_dags/example_local_kubernetes_executor.py
[2025-04-03T13:50:01.024+0000] {processor.py:208} INFO - Processing /home/hamza/Documents/project/Mlops/myenv/lib/python3.12/site-packages/airflow/example_dags/example_local_kubernetes_executor.py took 0.045 seconds
[2025-04-03T13:51:36.996+0000] {processor.py:186} INFO - Started process (PID=104376) to work on /home/hamza/Documents/project/Mlops/myenv/lib/python3.12/site-packages/airflow/example_dags/example_local_kubernetes_executor.py
[2025-04-03T13:51:36.999+0000] {processor.py:914} INFO - Processing file /home/hamza/Documents/project/Mlops/myenv/lib/python3.12/site-packages/airflow/example_dags/example_local_kubernetes_executor.py for tasks to queue
[2025-04-03T13:51:37.003+0000] {logging_mixin.py:190} INFO - [2025-04-03T13:51:37.002+0000] {dagbag.py:588} INFO - Filling up the DagBag from /home/hamza/Documents/project/Mlops/myenv/lib/python3.12/site-packages/airflow/example_dags/example_local_kubernetes_executor.py
[2025-04-03T13:51:37.009+0000] {logging_mixin.py:190} INFO - [2025-04-03T13:51:37.007+0000] {example_local_kubernetes_executor.py:40} WARNING - Could not import DAGs in example_local_kubernetes_executor.py
Traceback (most recent call last):
  File "/home/hamza/Documents/project/Mlops/myenv/lib/python3.12/site-packages/airflow/example_dags/example_local_kubernetes_executor.py", line 38, in <module>
    from kubernetes.client import models as k8s
ModuleNotFoundError: No module named 'kubernetes'
[2025-04-03T13:51:37.009+0000] {logging_mixin.py:190} INFO - [2025-04-03T13:51:37.009+0000] {example_local_kubernetes_executor.py:41} WARNING - Install Kubernetes dependencies with: pip install apache-airflow[cncf.kubernetes]
[2025-04-03T13:51:37.010+0000] {processor.py:927} WARNING - No viable dags retrieved from /home/hamza/Documents/project/Mlops/myenv/lib/python3.12/site-packages/airflow/example_dags/example_local_kubernetes_executor.py
[2025-04-03T13:51:37.029+0000] {processor.py:208} INFO - Processing /home/hamza/Documents/project/Mlops/myenv/lib/python3.12/site-packages/airflow/example_dags/example_local_kubernetes_executor.py took 0.042 seconds
[2025-04-03T13:53:20.518+0000] {processor.py:186} INFO - Started process (PID=105369) to work on /home/hamza/Documents/project/Mlops/myenv/lib/python3.12/site-packages/airflow/example_dags/example_local_kubernetes_executor.py
[2025-04-03T13:53:20.520+0000] {processor.py:914} INFO - Processing file /home/hamza/Documents/project/Mlops/myenv/lib/python3.12/site-packages/airflow/example_dags/example_local_kubernetes_executor.py for tasks to queue
[2025-04-03T13:53:20.524+0000] {logging_mixin.py:190} INFO - [2025-04-03T13:53:20.523+0000] {dagbag.py:588} INFO - Filling up the DagBag from /home/hamza/Documents/project/Mlops/myenv/lib/python3.12/site-packages/airflow/example_dags/example_local_kubernetes_executor.py
[2025-04-03T13:53:20.530+0000] {logging_mixin.py:190} INFO - [2025-04-03T13:53:20.529+0000] {example_local_kubernetes_executor.py:40} WARNING - Could not import DAGs in example_local_kubernetes_executor.py
Traceback (most recent call last):
  File "/home/hamza/Documents/project/Mlops/myenv/lib/python3.12/site-packages/airflow/example_dags/example_local_kubernetes_executor.py", line 38, in <module>
    from kubernetes.client import models as k8s
ModuleNotFoundError: No module named 'kubernetes'
[2025-04-03T13:53:20.530+0000] {logging_mixin.py:190} INFO - [2025-04-03T13:53:20.530+0000] {example_local_kubernetes_executor.py:41} WARNING - Install Kubernetes dependencies with: pip install apache-airflow[cncf.kubernetes]
[2025-04-03T13:53:20.531+0000] {processor.py:927} WARNING - No viable dags retrieved from /home/hamza/Documents/project/Mlops/myenv/lib/python3.12/site-packages/airflow/example_dags/example_local_kubernetes_executor.py
[2025-04-03T13:53:20.555+0000] {processor.py:208} INFO - Processing /home/hamza/Documents/project/Mlops/myenv/lib/python3.12/site-packages/airflow/example_dags/example_local_kubernetes_executor.py took 0.047 seconds
[2025-04-03T13:59:33.952+0000] {processor.py:186} INFO - Started process (PID=110128) to work on /home/hamza/Documents/project/Mlops/myenv/lib/python3.12/site-packages/airflow/example_dags/example_local_kubernetes_executor.py
[2025-04-03T13:59:33.955+0000] {processor.py:914} INFO - Processing file /home/hamza/Documents/project/Mlops/myenv/lib/python3.12/site-packages/airflow/example_dags/example_local_kubernetes_executor.py for tasks to queue
[2025-04-03T13:59:33.959+0000] {logging_mixin.py:190} INFO - [2025-04-03T13:59:33.958+0000] {dagbag.py:588} INFO - Filling up the DagBag from /home/hamza/Documents/project/Mlops/myenv/lib/python3.12/site-packages/airflow/example_dags/example_local_kubernetes_executor.py
[2025-04-03T13:59:33.964+0000] {logging_mixin.py:190} INFO - [2025-04-03T13:59:33.963+0000] {example_local_kubernetes_executor.py:40} WARNING - Could not import DAGs in example_local_kubernetes_executor.py
Traceback (most recent call last):
  File "/home/hamza/Documents/project/Mlops/myenv/lib/python3.12/site-packages/airflow/example_dags/example_local_kubernetes_executor.py", line 38, in <module>
    from kubernetes.client import models as k8s
ModuleNotFoundError: No module named 'kubernetes'
[2025-04-03T13:59:33.965+0000] {logging_mixin.py:190} INFO - [2025-04-03T13:59:33.965+0000] {example_local_kubernetes_executor.py:41} WARNING - Install Kubernetes dependencies with: pip install apache-airflow[cncf.kubernetes]
[2025-04-03T13:59:33.966+0000] {processor.py:927} WARNING - No viable dags retrieved from /home/hamza/Documents/project/Mlops/myenv/lib/python3.12/site-packages/airflow/example_dags/example_local_kubernetes_executor.py
[2025-04-03T13:59:33.984+0000] {processor.py:208} INFO - Processing /home/hamza/Documents/project/Mlops/myenv/lib/python3.12/site-packages/airflow/example_dags/example_local_kubernetes_executor.py took 0.041 seconds
[2025-04-03T14:10:22.464+0000] {processor.py:186} INFO - Started process (PID=118145) to work on /home/hamza/Documents/project/Mlops/myenv/lib/python3.12/site-packages/airflow/example_dags/example_local_kubernetes_executor.py
[2025-04-03T14:10:22.465+0000] {processor.py:914} INFO - Processing file /home/hamza/Documents/project/Mlops/myenv/lib/python3.12/site-packages/airflow/example_dags/example_local_kubernetes_executor.py for tasks to queue
[2025-04-03T14:10:22.467+0000] {logging_mixin.py:190} INFO - [2025-04-03T14:10:22.467+0000] {dagbag.py:588} INFO - Filling up the DagBag from /home/hamza/Documents/project/Mlops/myenv/lib/python3.12/site-packages/airflow/example_dags/example_local_kubernetes_executor.py
[2025-04-03T14:10:22.484+0000] {processor.py:925} INFO - DAG(s) 'example_local_kubernetes_executor' retrieved from /home/hamza/Documents/project/Mlops/myenv/lib/python3.12/site-packages/airflow/example_dags/example_local_kubernetes_executor.py
[2025-04-03T14:10:22.692+0000] {logging_mixin.py:190} INFO - [2025-04-03T14:10:22.689+0000] {override.py:1930} INFO - Created Permission View: can read on DAG:example_local_kubernetes_executor
[2025-04-03T14:10:22.711+0000] {logging_mixin.py:190} INFO - [2025-04-03T14:10:22.710+0000] {override.py:1930} INFO - Created Permission View: can edit on DAG:example_local_kubernetes_executor
[2025-04-03T14:10:22.726+0000] {logging_mixin.py:190} INFO - [2025-04-03T14:10:22.725+0000] {override.py:1930} INFO - Created Permission View: can delete on DAG:example_local_kubernetes_executor
[2025-04-03T14:10:22.747+0000] {logging_mixin.py:190} INFO - [2025-04-03T14:10:22.746+0000] {override.py:1930} INFO - Created Permission View: can read on DAG Run:example_local_kubernetes_executor
[2025-04-03T14:10:22.760+0000] {logging_mixin.py:190} INFO - [2025-04-03T14:10:22.760+0000] {override.py:1930} INFO - Created Permission View: can create on DAG Run:example_local_kubernetes_executor
[2025-04-03T14:10:22.774+0000] {logging_mixin.py:190} INFO - [2025-04-03T14:10:22.773+0000] {override.py:1930} INFO - Created Permission View: menu access on DAG Run:example_local_kubernetes_executor
[2025-04-03T14:10:22.789+0000] {logging_mixin.py:190} INFO - [2025-04-03T14:10:22.789+0000] {override.py:1930} INFO - Created Permission View: can delete on DAG Run:example_local_kubernetes_executor
[2025-04-03T14:10:22.790+0000] {logging_mixin.py:190} INFO - [2025-04-03T14:10:22.790+0000] {dag.py:3239} INFO - Sync 1 DAGs
[2025-04-03T14:10:22.810+0000] {logging_mixin.py:190} INFO - [2025-04-03T14:10:22.809+0000] {dag.py:3262} INFO - Creating ORM DAG for example_local_kubernetes_executor
[2025-04-03T14:10:22.811+0000] {logging_mixin.py:190} INFO - [2025-04-03T14:10:22.811+0000] {dag.py:4180} INFO - Setting next_dagrun for example_local_kubernetes_executor to None, run_after=None
[2025-04-03T14:10:22.844+0000] {processor.py:208} INFO - Processing /home/hamza/Documents/project/Mlops/myenv/lib/python3.12/site-packages/airflow/example_dags/example_local_kubernetes_executor.py took 0.387 seconds
[2025-04-03T14:11:58.853+0000] {processor.py:186} INFO - Started process (PID=119044) to work on /home/hamza/Documents/project/Mlops/myenv/lib/python3.12/site-packages/airflow/example_dags/example_local_kubernetes_executor.py
[2025-04-03T14:11:58.855+0000] {processor.py:914} INFO - Processing file /home/hamza/Documents/project/Mlops/myenv/lib/python3.12/site-packages/airflow/example_dags/example_local_kubernetes_executor.py for tasks to queue
[2025-04-03T14:11:58.857+0000] {logging_mixin.py:190} INFO - [2025-04-03T14:11:58.856+0000] {dagbag.py:588} INFO - Filling up the DagBag from /home/hamza/Documents/project/Mlops/myenv/lib/python3.12/site-packages/airflow/example_dags/example_local_kubernetes_executor.py
[2025-04-03T14:11:58.869+0000] {processor.py:925} INFO - DAG(s) 'example_local_kubernetes_executor' retrieved from /home/hamza/Documents/project/Mlops/myenv/lib/python3.12/site-packages/airflow/example_dags/example_local_kubernetes_executor.py
[2025-04-03T14:11:58.900+0000] {logging_mixin.py:190} INFO - [2025-04-03T14:11:58.900+0000] {dag.py:3239} INFO - Sync 1 DAGs
[2025-04-03T14:11:58.920+0000] {logging_mixin.py:190} INFO - [2025-04-03T14:11:58.920+0000] {dag.py:4180} INFO - Setting next_dagrun for example_local_kubernetes_executor to None, run_after=None
[2025-04-03T14:11:58.956+0000] {processor.py:208} INFO - Processing /home/hamza/Documents/project/Mlops/myenv/lib/python3.12/site-packages/airflow/example_dags/example_local_kubernetes_executor.py took 0.113 seconds
[2025-04-03T14:19:02.482+0000] {processor.py:186} INFO - Started process (PID=122571) to work on /home/hamza/Documents/project/Mlops/myenv/lib/python3.12/site-packages/airflow/example_dags/example_local_kubernetes_executor.py
[2025-04-03T14:19:02.485+0000] {processor.py:914} INFO - Processing file /home/hamza/Documents/project/Mlops/myenv/lib/python3.12/site-packages/airflow/example_dags/example_local_kubernetes_executor.py for tasks to queue
[2025-04-03T14:19:02.487+0000] {logging_mixin.py:190} INFO - [2025-04-03T14:19:02.486+0000] {dagbag.py:588} INFO - Filling up the DagBag from /home/hamza/Documents/project/Mlops/myenv/lib/python3.12/site-packages/airflow/example_dags/example_local_kubernetes_executor.py
[2025-04-03T14:19:02.501+0000] {processor.py:925} INFO - DAG(s) 'example_local_kubernetes_executor' retrieved from /home/hamza/Documents/project/Mlops/myenv/lib/python3.12/site-packages/airflow/example_dags/example_local_kubernetes_executor.py
[2025-04-03T14:19:02.534+0000] {logging_mixin.py:190} INFO - [2025-04-03T14:19:02.534+0000] {dag.py:3239} INFO - Sync 1 DAGs
[2025-04-03T14:19:02.560+0000] {logging_mixin.py:190} INFO - [2025-04-03T14:19:02.559+0000] {dag.py:4180} INFO - Setting next_dagrun for example_local_kubernetes_executor to None, run_after=None
[2025-04-03T14:19:02.600+0000] {processor.py:208} INFO - Processing /home/hamza/Documents/project/Mlops/myenv/lib/python3.12/site-packages/airflow/example_dags/example_local_kubernetes_executor.py took 0.130 seconds
[2025-04-03T15:08:33.706+0000] {processor.py:186} INFO - Started process (PID=36249) to work on /home/hamza/Documents/project/Mlops/myenv/lib/python3.12/site-packages/airflow/example_dags/example_local_kubernetes_executor.py
[2025-04-03T15:08:33.708+0000] {processor.py:914} INFO - Processing file /home/hamza/Documents/project/Mlops/myenv/lib/python3.12/site-packages/airflow/example_dags/example_local_kubernetes_executor.py for tasks to queue
[2025-04-03T15:08:33.712+0000] {logging_mixin.py:190} INFO - [2025-04-03T15:08:33.711+0000] {dagbag.py:588} INFO - Filling up the DagBag from /home/hamza/Documents/project/Mlops/myenv/lib/python3.12/site-packages/airflow/example_dags/example_local_kubernetes_executor.py
[2025-04-03T15:08:33.732+0000] {processor.py:925} INFO - DAG(s) 'example_local_kubernetes_executor' retrieved from /home/hamza/Documents/project/Mlops/myenv/lib/python3.12/site-packages/airflow/example_dags/example_local_kubernetes_executor.py
[2025-04-03T15:08:33.767+0000] {logging_mixin.py:190} INFO - [2025-04-03T15:08:33.766+0000] {dag.py:3239} INFO - Sync 1 DAGs
[2025-04-03T15:08:33.788+0000] {logging_mixin.py:190} INFO - [2025-04-03T15:08:33.788+0000] {dag.py:4180} INFO - Setting next_dagrun for example_local_kubernetes_executor to None, run_after=None
[2025-04-03T15:08:33.823+0000] {processor.py:208} INFO - Processing /home/hamza/Documents/project/Mlops/myenv/lib/python3.12/site-packages/airflow/example_dags/example_local_kubernetes_executor.py took 0.126 seconds
[2025-04-03T15:10:02.644+0000] {processor.py:186} INFO - Started process (PID=37156) to work on /home/hamza/Documents/project/Mlops/myenv/lib/python3.12/site-packages/airflow/example_dags/example_local_kubernetes_executor.py
[2025-04-03T15:10:02.649+0000] {processor.py:914} INFO - Processing file /home/hamza/Documents/project/Mlops/myenv/lib/python3.12/site-packages/airflow/example_dags/example_local_kubernetes_executor.py for tasks to queue
[2025-04-03T15:10:02.652+0000] {logging_mixin.py:190} INFO - [2025-04-03T15:10:02.652+0000] {dagbag.py:588} INFO - Filling up the DagBag from /home/hamza/Documents/project/Mlops/myenv/lib/python3.12/site-packages/airflow/example_dags/example_local_kubernetes_executor.py
[2025-04-03T15:10:02.669+0000] {processor.py:925} INFO - DAG(s) 'example_local_kubernetes_executor' retrieved from /home/hamza/Documents/project/Mlops/myenv/lib/python3.12/site-packages/airflow/example_dags/example_local_kubernetes_executor.py
[2025-04-03T15:10:02.697+0000] {logging_mixin.py:190} INFO - [2025-04-03T15:10:02.697+0000] {dag.py:3239} INFO - Sync 1 DAGs
[2025-04-03T15:10:02.720+0000] {logging_mixin.py:190} INFO - [2025-04-03T15:10:02.720+0000] {dag.py:4180} INFO - Setting next_dagrun for example_local_kubernetes_executor to None, run_after=None
[2025-04-03T15:10:02.757+0000] {processor.py:208} INFO - Processing /home/hamza/Documents/project/Mlops/myenv/lib/python3.12/site-packages/airflow/example_dags/example_local_kubernetes_executor.py took 0.121 seconds
[2025-04-03T15:11:30.684+0000] {processor.py:186} INFO - Started process (PID=37954) to work on /home/hamza/Documents/project/Mlops/myenv/lib/python3.12/site-packages/airflow/example_dags/example_local_kubernetes_executor.py
[2025-04-03T15:11:30.688+0000] {processor.py:914} INFO - Processing file /home/hamza/Documents/project/Mlops/myenv/lib/python3.12/site-packages/airflow/example_dags/example_local_kubernetes_executor.py for tasks to queue
[2025-04-03T15:11:30.692+0000] {logging_mixin.py:190} INFO - [2025-04-03T15:11:30.691+0000] {dagbag.py:588} INFO - Filling up the DagBag from /home/hamza/Documents/project/Mlops/myenv/lib/python3.12/site-packages/airflow/example_dags/example_local_kubernetes_executor.py
[2025-04-03T15:11:30.710+0000] {processor.py:925} INFO - DAG(s) 'example_local_kubernetes_executor' retrieved from /home/hamza/Documents/project/Mlops/myenv/lib/python3.12/site-packages/airflow/example_dags/example_local_kubernetes_executor.py
[2025-04-03T15:11:30.738+0000] {logging_mixin.py:190} INFO - [2025-04-03T15:11:30.738+0000] {dag.py:3239} INFO - Sync 1 DAGs
[2025-04-03T15:11:30.760+0000] {logging_mixin.py:190} INFO - [2025-04-03T15:11:30.760+0000] {dag.py:4180} INFO - Setting next_dagrun for example_local_kubernetes_executor to None, run_after=None
[2025-04-03T15:11:30.796+0000] {processor.py:208} INFO - Processing /home/hamza/Documents/project/Mlops/myenv/lib/python3.12/site-packages/airflow/example_dags/example_local_kubernetes_executor.py took 0.122 seconds
[2025-04-03T15:13:06.500+0000] {processor.py:186} INFO - Started process (PID=38815) to work on /home/hamza/Documents/project/Mlops/myenv/lib/python3.12/site-packages/airflow/example_dags/example_local_kubernetes_executor.py
[2025-04-03T15:13:06.503+0000] {processor.py:914} INFO - Processing file /home/hamza/Documents/project/Mlops/myenv/lib/python3.12/site-packages/airflow/example_dags/example_local_kubernetes_executor.py for tasks to queue
[2025-04-03T15:13:06.506+0000] {logging_mixin.py:190} INFO - [2025-04-03T15:13:06.506+0000] {dagbag.py:588} INFO - Filling up the DagBag from /home/hamza/Documents/project/Mlops/myenv/lib/python3.12/site-packages/airflow/example_dags/example_local_kubernetes_executor.py
[2025-04-03T15:13:06.523+0000] {processor.py:925} INFO - DAG(s) 'example_local_kubernetes_executor' retrieved from /home/hamza/Documents/project/Mlops/myenv/lib/python3.12/site-packages/airflow/example_dags/example_local_kubernetes_executor.py
[2025-04-03T15:13:06.552+0000] {logging_mixin.py:190} INFO - [2025-04-03T15:13:06.551+0000] {dag.py:3239} INFO - Sync 1 DAGs
[2025-04-03T15:13:06.580+0000] {logging_mixin.py:190} INFO - [2025-04-03T15:13:06.579+0000] {dag.py:4180} INFO - Setting next_dagrun for example_local_kubernetes_executor to None, run_after=None
[2025-04-03T15:13:06.614+0000] {processor.py:208} INFO - Processing /home/hamza/Documents/project/Mlops/myenv/lib/python3.12/site-packages/airflow/example_dags/example_local_kubernetes_executor.py took 0.123 seconds
[2025-04-03T15:14:40.505+0000] {processor.py:186} INFO - Started process (PID=39700) to work on /home/hamza/Documents/project/Mlops/myenv/lib/python3.12/site-packages/airflow/example_dags/example_local_kubernetes_executor.py
[2025-04-03T15:14:40.508+0000] {processor.py:914} INFO - Processing file /home/hamza/Documents/project/Mlops/myenv/lib/python3.12/site-packages/airflow/example_dags/example_local_kubernetes_executor.py for tasks to queue
[2025-04-03T15:14:40.512+0000] {logging_mixin.py:190} INFO - [2025-04-03T15:14:40.511+0000] {dagbag.py:588} INFO - Filling up the DagBag from /home/hamza/Documents/project/Mlops/myenv/lib/python3.12/site-packages/airflow/example_dags/example_local_kubernetes_executor.py
[2025-04-03T15:14:40.528+0000] {processor.py:925} INFO - DAG(s) 'example_local_kubernetes_executor' retrieved from /home/hamza/Documents/project/Mlops/myenv/lib/python3.12/site-packages/airflow/example_dags/example_local_kubernetes_executor.py
[2025-04-03T15:14:40.555+0000] {logging_mixin.py:190} INFO - [2025-04-03T15:14:40.555+0000] {dag.py:3239} INFO - Sync 1 DAGs
[2025-04-03T15:14:40.576+0000] {logging_mixin.py:190} INFO - [2025-04-03T15:14:40.575+0000] {dag.py:4180} INFO - Setting next_dagrun for example_local_kubernetes_executor to None, run_after=None
[2025-04-03T15:14:40.609+0000] {processor.py:208} INFO - Processing /home/hamza/Documents/project/Mlops/myenv/lib/python3.12/site-packages/airflow/example_dags/example_local_kubernetes_executor.py took 0.112 seconds
[2025-04-03T15:16:19.643+0000] {processor.py:186} INFO - Started process (PID=40713) to work on /home/hamza/Documents/project/Mlops/myenv/lib/python3.12/site-packages/airflow/example_dags/example_local_kubernetes_executor.py
[2025-04-03T15:16:19.646+0000] {processor.py:914} INFO - Processing file /home/hamza/Documents/project/Mlops/myenv/lib/python3.12/site-packages/airflow/example_dags/example_local_kubernetes_executor.py for tasks to queue
[2025-04-03T15:16:19.651+0000] {logging_mixin.py:190} INFO - [2025-04-03T15:16:19.650+0000] {dagbag.py:588} INFO - Filling up the DagBag from /home/hamza/Documents/project/Mlops/myenv/lib/python3.12/site-packages/airflow/example_dags/example_local_kubernetes_executor.py
[2025-04-03T15:16:19.668+0000] {processor.py:925} INFO - DAG(s) 'example_local_kubernetes_executor' retrieved from /home/hamza/Documents/project/Mlops/myenv/lib/python3.12/site-packages/airflow/example_dags/example_local_kubernetes_executor.py
[2025-04-03T15:16:19.695+0000] {logging_mixin.py:190} INFO - [2025-04-03T15:16:19.695+0000] {dag.py:3239} INFO - Sync 1 DAGs
[2025-04-03T15:16:19.715+0000] {logging_mixin.py:190} INFO - [2025-04-03T15:16:19.715+0000] {dag.py:4180} INFO - Setting next_dagrun for example_local_kubernetes_executor to None, run_after=None
[2025-04-03T15:16:19.748+0000] {processor.py:208} INFO - Processing /home/hamza/Documents/project/Mlops/myenv/lib/python3.12/site-packages/airflow/example_dags/example_local_kubernetes_executor.py took 0.114 seconds
[2025-04-03T15:17:59.564+0000] {processor.py:186} INFO - Started process (PID=41754) to work on /home/hamza/Documents/project/Mlops/myenv/lib/python3.12/site-packages/airflow/example_dags/example_local_kubernetes_executor.py
[2025-04-03T15:17:59.567+0000] {processor.py:914} INFO - Processing file /home/hamza/Documents/project/Mlops/myenv/lib/python3.12/site-packages/airflow/example_dags/example_local_kubernetes_executor.py for tasks to queue
[2025-04-03T15:17:59.571+0000] {logging_mixin.py:190} INFO - [2025-04-03T15:17:59.570+0000] {dagbag.py:588} INFO - Filling up the DagBag from /home/hamza/Documents/project/Mlops/myenv/lib/python3.12/site-packages/airflow/example_dags/example_local_kubernetes_executor.py
[2025-04-03T15:17:59.587+0000] {processor.py:925} INFO - DAG(s) 'example_local_kubernetes_executor' retrieved from /home/hamza/Documents/project/Mlops/myenv/lib/python3.12/site-packages/airflow/example_dags/example_local_kubernetes_executor.py
[2025-04-03T15:17:59.613+0000] {logging_mixin.py:190} INFO - [2025-04-03T15:17:59.612+0000] {dag.py:3239} INFO - Sync 1 DAGs
[2025-04-03T15:17:59.632+0000] {logging_mixin.py:190} INFO - [2025-04-03T15:17:59.632+0000] {dag.py:4180} INFO - Setting next_dagrun for example_local_kubernetes_executor to None, run_after=None
[2025-04-03T15:17:59.673+0000] {processor.py:208} INFO - Processing /home/hamza/Documents/project/Mlops/myenv/lib/python3.12/site-packages/airflow/example_dags/example_local_kubernetes_executor.py took 0.118 seconds
[2025-04-03T15:19:31.293+0000] {processor.py:186} INFO - Started process (PID=42781) to work on /home/hamza/Documents/project/Mlops/myenv/lib/python3.12/site-packages/airflow/example_dags/example_local_kubernetes_executor.py
[2025-04-03T15:19:31.296+0000] {processor.py:914} INFO - Processing file /home/hamza/Documents/project/Mlops/myenv/lib/python3.12/site-packages/airflow/example_dags/example_local_kubernetes_executor.py for tasks to queue
[2025-04-03T15:19:31.300+0000] {logging_mixin.py:190} INFO - [2025-04-03T15:19:31.299+0000] {dagbag.py:588} INFO - Filling up the DagBag from /home/hamza/Documents/project/Mlops/myenv/lib/python3.12/site-packages/airflow/example_dags/example_local_kubernetes_executor.py
[2025-04-03T15:19:31.317+0000] {processor.py:925} INFO - DAG(s) 'example_local_kubernetes_executor' retrieved from /home/hamza/Documents/project/Mlops/myenv/lib/python3.12/site-packages/airflow/example_dags/example_local_kubernetes_executor.py
[2025-04-03T15:19:31.344+0000] {logging_mixin.py:190} INFO - [2025-04-03T15:19:31.343+0000] {dag.py:3239} INFO - Sync 1 DAGs
[2025-04-03T15:19:31.364+0000] {logging_mixin.py:190} INFO - [2025-04-03T15:19:31.363+0000] {dag.py:4180} INFO - Setting next_dagrun for example_local_kubernetes_executor to None, run_after=None
[2025-04-03T15:19:31.398+0000] {processor.py:208} INFO - Processing /home/hamza/Documents/project/Mlops/myenv/lib/python3.12/site-packages/airflow/example_dags/example_local_kubernetes_executor.py took 0.115 seconds
[2025-04-03T15:20:59.345+0000] {processor.py:186} INFO - Started process (PID=43657) to work on /home/hamza/Documents/project/Mlops/myenv/lib/python3.12/site-packages/airflow/example_dags/example_local_kubernetes_executor.py
[2025-04-03T15:20:59.348+0000] {processor.py:914} INFO - Processing file /home/hamza/Documents/project/Mlops/myenv/lib/python3.12/site-packages/airflow/example_dags/example_local_kubernetes_executor.py for tasks to queue
[2025-04-03T15:20:59.352+0000] {logging_mixin.py:190} INFO - [2025-04-03T15:20:59.351+0000] {dagbag.py:588} INFO - Filling up the DagBag from /home/hamza/Documents/project/Mlops/myenv/lib/python3.12/site-packages/airflow/example_dags/example_local_kubernetes_executor.py
[2025-04-03T15:20:59.369+0000] {processor.py:925} INFO - DAG(s) 'example_local_kubernetes_executor' retrieved from /home/hamza/Documents/project/Mlops/myenv/lib/python3.12/site-packages/airflow/example_dags/example_local_kubernetes_executor.py
[2025-04-03T15:20:59.397+0000] {logging_mixin.py:190} INFO - [2025-04-03T15:20:59.397+0000] {dag.py:3239} INFO - Sync 1 DAGs
[2025-04-03T15:20:59.417+0000] {logging_mixin.py:190} INFO - [2025-04-03T15:20:59.417+0000] {dag.py:4180} INFO - Setting next_dagrun for example_local_kubernetes_executor to None, run_after=None
[2025-04-03T15:20:59.449+0000] {processor.py:208} INFO - Processing /home/hamza/Documents/project/Mlops/myenv/lib/python3.12/site-packages/airflow/example_dags/example_local_kubernetes_executor.py took 0.112 seconds
[2025-04-03T15:22:37.675+0000] {processor.py:186} INFO - Started process (PID=44576) to work on /home/hamza/Documents/project/Mlops/myenv/lib/python3.12/site-packages/airflow/example_dags/example_local_kubernetes_executor.py
[2025-04-03T15:22:37.678+0000] {processor.py:914} INFO - Processing file /home/hamza/Documents/project/Mlops/myenv/lib/python3.12/site-packages/airflow/example_dags/example_local_kubernetes_executor.py for tasks to queue
[2025-04-03T15:22:37.682+0000] {logging_mixin.py:190} INFO - [2025-04-03T15:22:37.681+0000] {dagbag.py:588} INFO - Filling up the DagBag from /home/hamza/Documents/project/Mlops/myenv/lib/python3.12/site-packages/airflow/example_dags/example_local_kubernetes_executor.py
[2025-04-03T15:22:37.699+0000] {processor.py:925} INFO - DAG(s) 'example_local_kubernetes_executor' retrieved from /home/hamza/Documents/project/Mlops/myenv/lib/python3.12/site-packages/airflow/example_dags/example_local_kubernetes_executor.py
[2025-04-03T15:22:37.727+0000] {logging_mixin.py:190} INFO - [2025-04-03T15:22:37.727+0000] {dag.py:3239} INFO - Sync 1 DAGs
[2025-04-03T15:22:37.753+0000] {logging_mixin.py:190} INFO - [2025-04-03T15:22:37.752+0000] {dag.py:4180} INFO - Setting next_dagrun for example_local_kubernetes_executor to None, run_after=None
[2025-04-03T15:22:37.852+0000] {processor.py:208} INFO - Processing /home/hamza/Documents/project/Mlops/myenv/lib/python3.12/site-packages/airflow/example_dags/example_local_kubernetes_executor.py took 0.187 seconds
[2025-04-03T15:24:12.994+0000] {processor.py:186} INFO - Started process (PID=45511) to work on /home/hamza/Documents/project/Mlops/myenv/lib/python3.12/site-packages/airflow/example_dags/example_local_kubernetes_executor.py
[2025-04-03T15:24:12.996+0000] {processor.py:914} INFO - Processing file /home/hamza/Documents/project/Mlops/myenv/lib/python3.12/site-packages/airflow/example_dags/example_local_kubernetes_executor.py for tasks to queue
[2025-04-03T15:24:12.999+0000] {logging_mixin.py:190} INFO - [2025-04-03T15:24:12.999+0000] {dagbag.py:588} INFO - Filling up the DagBag from /home/hamza/Documents/project/Mlops/myenv/lib/python3.12/site-packages/airflow/example_dags/example_local_kubernetes_executor.py
[2025-04-03T15:24:13.016+0000] {processor.py:925} INFO - DAG(s) 'example_local_kubernetes_executor' retrieved from /home/hamza/Documents/project/Mlops/myenv/lib/python3.12/site-packages/airflow/example_dags/example_local_kubernetes_executor.py
[2025-04-03T15:24:13.044+0000] {logging_mixin.py:190} INFO - [2025-04-03T15:24:13.044+0000] {dag.py:3239} INFO - Sync 1 DAGs
[2025-04-03T15:24:13.066+0000] {logging_mixin.py:190} INFO - [2025-04-03T15:24:13.066+0000] {dag.py:4180} INFO - Setting next_dagrun for example_local_kubernetes_executor to None, run_after=None
[2025-04-03T15:24:13.107+0000] {processor.py:208} INFO - Processing /home/hamza/Documents/project/Mlops/myenv/lib/python3.12/site-packages/airflow/example_dags/example_local_kubernetes_executor.py took 0.121 seconds
[2025-04-03T15:25:44.021+0000] {processor.py:186} INFO - Started process (PID=46413) to work on /home/hamza/Documents/project/Mlops/myenv/lib/python3.12/site-packages/airflow/example_dags/example_local_kubernetes_executor.py
[2025-04-03T15:25:44.023+0000] {processor.py:914} INFO - Processing file /home/hamza/Documents/project/Mlops/myenv/lib/python3.12/site-packages/airflow/example_dags/example_local_kubernetes_executor.py for tasks to queue
[2025-04-03T15:25:44.027+0000] {logging_mixin.py:190} INFO - [2025-04-03T15:25:44.026+0000] {dagbag.py:588} INFO - Filling up the DagBag from /home/hamza/Documents/project/Mlops/myenv/lib/python3.12/site-packages/airflow/example_dags/example_local_kubernetes_executor.py
[2025-04-03T15:25:44.044+0000] {processor.py:925} INFO - DAG(s) 'example_local_kubernetes_executor' retrieved from /home/hamza/Documents/project/Mlops/myenv/lib/python3.12/site-packages/airflow/example_dags/example_local_kubernetes_executor.py
[2025-04-03T15:25:44.071+0000] {logging_mixin.py:190} INFO - [2025-04-03T15:25:44.070+0000] {dag.py:3239} INFO - Sync 1 DAGs
[2025-04-03T15:25:44.092+0000] {logging_mixin.py:190} INFO - [2025-04-03T15:25:44.091+0000] {dag.py:4180} INFO - Setting next_dagrun for example_local_kubernetes_executor to None, run_after=None
[2025-04-03T15:25:44.125+0000] {processor.py:208} INFO - Processing /home/hamza/Documents/project/Mlops/myenv/lib/python3.12/site-packages/airflow/example_dags/example_local_kubernetes_executor.py took 0.113 seconds
[2025-04-03T16:31:31.236+0000] {processor.py:186} INFO - Started process (PID=82842) to work on /home/hamza/Documents/project/Mlops/myenv/lib/python3.12/site-packages/airflow/example_dags/example_local_kubernetes_executor.py
[2025-04-03T16:31:31.238+0000] {processor.py:914} INFO - Processing file /home/hamza/Documents/project/Mlops/myenv/lib/python3.12/site-packages/airflow/example_dags/example_local_kubernetes_executor.py for tasks to queue
[2025-04-03T16:31:31.242+0000] {logging_mixin.py:190} INFO - [2025-04-03T16:31:31.241+0000] {dagbag.py:588} INFO - Filling up the DagBag from /home/hamza/Documents/project/Mlops/myenv/lib/python3.12/site-packages/airflow/example_dags/example_local_kubernetes_executor.py
[2025-04-03T16:31:31.261+0000] {processor.py:925} INFO - DAG(s) 'example_local_kubernetes_executor' retrieved from /home/hamza/Documents/project/Mlops/myenv/lib/python3.12/site-packages/airflow/example_dags/example_local_kubernetes_executor.py
[2025-04-03T16:31:31.297+0000] {logging_mixin.py:190} INFO - [2025-04-03T16:31:31.297+0000] {dag.py:3239} INFO - Sync 1 DAGs
[2025-04-03T16:31:31.323+0000] {logging_mixin.py:190} INFO - [2025-04-03T16:31:31.323+0000] {dag.py:4180} INFO - Setting next_dagrun for example_local_kubernetes_executor to None, run_after=None
[2025-04-03T16:31:31.365+0000] {processor.py:208} INFO - Processing /home/hamza/Documents/project/Mlops/myenv/lib/python3.12/site-packages/airflow/example_dags/example_local_kubernetes_executor.py took 0.140 seconds
[2025-04-03T16:34:13.234+0000] {processor.py:186} INFO - Started process (PID=84361) to work on /home/hamza/Documents/project/Mlops/myenv/lib/python3.12/site-packages/airflow/example_dags/example_local_kubernetes_executor.py
[2025-04-03T16:34:13.236+0000] {processor.py:914} INFO - Processing file /home/hamza/Documents/project/Mlops/myenv/lib/python3.12/site-packages/airflow/example_dags/example_local_kubernetes_executor.py for tasks to queue
[2025-04-03T16:34:13.249+0000] {logging_mixin.py:190} INFO - [2025-04-03T16:34:13.241+0000] {dagbag.py:588} INFO - Filling up the DagBag from /home/hamza/Documents/project/Mlops/myenv/lib/python3.12/site-packages/airflow/example_dags/example_local_kubernetes_executor.py
[2025-04-03T16:34:13.288+0000] {processor.py:925} INFO - DAG(s) 'example_local_kubernetes_executor' retrieved from /home/hamza/Documents/project/Mlops/myenv/lib/python3.12/site-packages/airflow/example_dags/example_local_kubernetes_executor.py
[2025-04-03T16:34:13.340+0000] {logging_mixin.py:190} INFO - [2025-04-03T16:34:13.339+0000] {dag.py:3239} INFO - Sync 1 DAGs
[2025-04-03T16:34:13.369+0000] {logging_mixin.py:190} INFO - [2025-04-03T16:34:13.368+0000] {dag.py:4180} INFO - Setting next_dagrun for example_local_kubernetes_executor to None, run_after=None
[2025-04-03T16:34:13.421+0000] {processor.py:208} INFO - Processing /home/hamza/Documents/project/Mlops/myenv/lib/python3.12/site-packages/airflow/example_dags/example_local_kubernetes_executor.py took 0.203 seconds
[2025-04-03T16:35:42.520+0000] {processor.py:186} INFO - Started process (PID=85116) to work on /home/hamza/Documents/project/Mlops/myenv/lib/python3.12/site-packages/airflow/example_dags/example_local_kubernetes_executor.py
[2025-04-03T16:35:42.522+0000] {processor.py:914} INFO - Processing file /home/hamza/Documents/project/Mlops/myenv/lib/python3.12/site-packages/airflow/example_dags/example_local_kubernetes_executor.py for tasks to queue
[2025-04-03T16:35:42.527+0000] {logging_mixin.py:190} INFO - [2025-04-03T16:35:42.526+0000] {dagbag.py:588} INFO - Filling up the DagBag from /home/hamza/Documents/project/Mlops/myenv/lib/python3.12/site-packages/airflow/example_dags/example_local_kubernetes_executor.py
[2025-04-03T16:35:42.543+0000] {processor.py:925} INFO - DAG(s) 'example_local_kubernetes_executor' retrieved from /home/hamza/Documents/project/Mlops/myenv/lib/python3.12/site-packages/airflow/example_dags/example_local_kubernetes_executor.py
[2025-04-03T16:35:42.574+0000] {logging_mixin.py:190} INFO - [2025-04-03T16:35:42.573+0000] {dag.py:3239} INFO - Sync 1 DAGs
[2025-04-03T16:35:42.599+0000] {logging_mixin.py:190} INFO - [2025-04-03T16:35:42.598+0000] {dag.py:4180} INFO - Setting next_dagrun for example_local_kubernetes_executor to None, run_after=None
[2025-04-03T16:35:42.638+0000] {processor.py:208} INFO - Processing /home/hamza/Documents/project/Mlops/myenv/lib/python3.12/site-packages/airflow/example_dags/example_local_kubernetes_executor.py took 0.127 seconds
[2025-04-03T16:37:16.434+0000] {processor.py:186} INFO - Started process (PID=85893) to work on /home/hamza/Documents/project/Mlops/myenv/lib/python3.12/site-packages/airflow/example_dags/example_local_kubernetes_executor.py
[2025-04-03T16:37:16.435+0000] {processor.py:914} INFO - Processing file /home/hamza/Documents/project/Mlops/myenv/lib/python3.12/site-packages/airflow/example_dags/example_local_kubernetes_executor.py for tasks to queue
[2025-04-03T16:37:16.439+0000] {logging_mixin.py:190} INFO - [2025-04-03T16:37:16.438+0000] {dagbag.py:588} INFO - Filling up the DagBag from /home/hamza/Documents/project/Mlops/myenv/lib/python3.12/site-packages/airflow/example_dags/example_local_kubernetes_executor.py
[2025-04-03T16:37:16.458+0000] {processor.py:925} INFO - DAG(s) 'example_local_kubernetes_executor' retrieved from /home/hamza/Documents/project/Mlops/myenv/lib/python3.12/site-packages/airflow/example_dags/example_local_kubernetes_executor.py
[2025-04-03T16:37:16.490+0000] {logging_mixin.py:190} INFO - [2025-04-03T16:37:16.489+0000] {dag.py:3239} INFO - Sync 1 DAGs
[2025-04-03T16:37:16.514+0000] {logging_mixin.py:190} INFO - [2025-04-03T16:37:16.513+0000] {dag.py:4180} INFO - Setting next_dagrun for example_local_kubernetes_executor to None, run_after=None
[2025-04-03T16:37:16.552+0000] {processor.py:208} INFO - Processing /home/hamza/Documents/project/Mlops/myenv/lib/python3.12/site-packages/airflow/example_dags/example_local_kubernetes_executor.py took 0.128 seconds
[2025-04-03T16:38:46.497+0000] {processor.py:186} INFO - Started process (PID=86732) to work on /home/hamza/Documents/project/Mlops/myenv/lib/python3.12/site-packages/airflow/example_dags/example_local_kubernetes_executor.py
[2025-04-03T16:38:46.500+0000] {processor.py:914} INFO - Processing file /home/hamza/Documents/project/Mlops/myenv/lib/python3.12/site-packages/airflow/example_dags/example_local_kubernetes_executor.py for tasks to queue
[2025-04-03T16:38:46.504+0000] {logging_mixin.py:190} INFO - [2025-04-03T16:38:46.503+0000] {dagbag.py:588} INFO - Filling up the DagBag from /home/hamza/Documents/project/Mlops/myenv/lib/python3.12/site-packages/airflow/example_dags/example_local_kubernetes_executor.py
[2025-04-03T16:38:46.522+0000] {processor.py:925} INFO - DAG(s) 'example_local_kubernetes_executor' retrieved from /home/hamza/Documents/project/Mlops/myenv/lib/python3.12/site-packages/airflow/example_dags/example_local_kubernetes_executor.py
[2025-04-03T16:38:46.555+0000] {logging_mixin.py:190} INFO - [2025-04-03T16:38:46.554+0000] {dag.py:3239} INFO - Sync 1 DAGs
[2025-04-03T16:38:46.579+0000] {logging_mixin.py:190} INFO - [2025-04-03T16:38:46.579+0000] {dag.py:4180} INFO - Setting next_dagrun for example_local_kubernetes_executor to None, run_after=None
[2025-04-03T16:38:46.621+0000] {processor.py:208} INFO - Processing /home/hamza/Documents/project/Mlops/myenv/lib/python3.12/site-packages/airflow/example_dags/example_local_kubernetes_executor.py took 0.134 seconds
[2025-04-03T16:40:18.075+0000] {processor.py:186} INFO - Started process (PID=87956) to work on /home/hamza/Documents/project/Mlops/myenv/lib/python3.12/site-packages/airflow/example_dags/example_local_kubernetes_executor.py
[2025-04-03T16:40:18.076+0000] {processor.py:914} INFO - Processing file /home/hamza/Documents/project/Mlops/myenv/lib/python3.12/site-packages/airflow/example_dags/example_local_kubernetes_executor.py for tasks to queue
[2025-04-03T16:40:18.080+0000] {logging_mixin.py:190} INFO - [2025-04-03T16:40:18.079+0000] {dagbag.py:588} INFO - Filling up the DagBag from /home/hamza/Documents/project/Mlops/myenv/lib/python3.12/site-packages/airflow/example_dags/example_local_kubernetes_executor.py
[2025-04-03T16:40:18.097+0000] {processor.py:925} INFO - DAG(s) 'example_local_kubernetes_executor' retrieved from /home/hamza/Documents/project/Mlops/myenv/lib/python3.12/site-packages/airflow/example_dags/example_local_kubernetes_executor.py
[2025-04-03T16:40:18.126+0000] {logging_mixin.py:190} INFO - [2025-04-03T16:40:18.126+0000] {dag.py:3239} INFO - Sync 1 DAGs
[2025-04-03T16:40:18.148+0000] {logging_mixin.py:190} INFO - [2025-04-03T16:40:18.147+0000] {dag.py:4180} INFO - Setting next_dagrun for example_local_kubernetes_executor to None, run_after=None
[2025-04-03T16:40:18.183+0000] {processor.py:208} INFO - Processing /home/hamza/Documents/project/Mlops/myenv/lib/python3.12/site-packages/airflow/example_dags/example_local_kubernetes_executor.py took 0.118 seconds
[2025-04-03T16:41:56.770+0000] {processor.py:186} INFO - Started process (PID=88860) to work on /home/hamza/Documents/project/Mlops/myenv/lib/python3.12/site-packages/airflow/example_dags/example_local_kubernetes_executor.py
[2025-04-03T16:41:56.772+0000] {processor.py:914} INFO - Processing file /home/hamza/Documents/project/Mlops/myenv/lib/python3.12/site-packages/airflow/example_dags/example_local_kubernetes_executor.py for tasks to queue
[2025-04-03T16:41:56.776+0000] {logging_mixin.py:190} INFO - [2025-04-03T16:41:56.775+0000] {dagbag.py:588} INFO - Filling up the DagBag from /home/hamza/Documents/project/Mlops/myenv/lib/python3.12/site-packages/airflow/example_dags/example_local_kubernetes_executor.py
[2025-04-03T16:41:56.795+0000] {processor.py:925} INFO - DAG(s) 'example_local_kubernetes_executor' retrieved from /home/hamza/Documents/project/Mlops/myenv/lib/python3.12/site-packages/airflow/example_dags/example_local_kubernetes_executor.py
[2025-04-03T16:41:56.824+0000] {logging_mixin.py:190} INFO - [2025-04-03T16:41:56.824+0000] {dag.py:3239} INFO - Sync 1 DAGs
[2025-04-03T16:41:56.846+0000] {logging_mixin.py:190} INFO - [2025-04-03T16:41:56.846+0000] {dag.py:4180} INFO - Setting next_dagrun for example_local_kubernetes_executor to None, run_after=None
[2025-04-03T16:41:56.883+0000] {processor.py:208} INFO - Processing /home/hamza/Documents/project/Mlops/myenv/lib/python3.12/site-packages/airflow/example_dags/example_local_kubernetes_executor.py took 0.122 seconds
[2025-04-03T16:43:30.085+0000] {processor.py:186} INFO - Started process (PID=89597) to work on /home/hamza/Documents/project/Mlops/myenv/lib/python3.12/site-packages/airflow/example_dags/example_local_kubernetes_executor.py
[2025-04-03T16:43:30.087+0000] {processor.py:914} INFO - Processing file /home/hamza/Documents/project/Mlops/myenv/lib/python3.12/site-packages/airflow/example_dags/example_local_kubernetes_executor.py for tasks to queue
[2025-04-03T16:43:30.091+0000] {logging_mixin.py:190} INFO - [2025-04-03T16:43:30.090+0000] {dagbag.py:588} INFO - Filling up the DagBag from /home/hamza/Documents/project/Mlops/myenv/lib/python3.12/site-packages/airflow/example_dags/example_local_kubernetes_executor.py
[2025-04-03T16:43:30.108+0000] {processor.py:925} INFO - DAG(s) 'example_local_kubernetes_executor' retrieved from /home/hamza/Documents/project/Mlops/myenv/lib/python3.12/site-packages/airflow/example_dags/example_local_kubernetes_executor.py
[2025-04-03T16:43:30.138+0000] {logging_mixin.py:190} INFO - [2025-04-03T16:43:30.138+0000] {dag.py:3239} INFO - Sync 1 DAGs
[2025-04-03T16:43:30.161+0000] {logging_mixin.py:190} INFO - [2025-04-03T16:43:30.161+0000] {dag.py:4180} INFO - Setting next_dagrun for example_local_kubernetes_executor to None, run_after=None
[2025-04-03T16:43:30.196+0000] {processor.py:208} INFO - Processing /home/hamza/Documents/project/Mlops/myenv/lib/python3.12/site-packages/airflow/example_dags/example_local_kubernetes_executor.py took 0.121 seconds
[2025-04-03T16:45:07.358+0000] {processor.py:186} INFO - Started process (PID=90377) to work on /home/hamza/Documents/project/Mlops/myenv/lib/python3.12/site-packages/airflow/example_dags/example_local_kubernetes_executor.py
[2025-04-03T16:45:07.359+0000] {processor.py:914} INFO - Processing file /home/hamza/Documents/project/Mlops/myenv/lib/python3.12/site-packages/airflow/example_dags/example_local_kubernetes_executor.py for tasks to queue
[2025-04-03T16:45:07.364+0000] {logging_mixin.py:190} INFO - [2025-04-03T16:45:07.363+0000] {dagbag.py:588} INFO - Filling up the DagBag from /home/hamza/Documents/project/Mlops/myenv/lib/python3.12/site-packages/airflow/example_dags/example_local_kubernetes_executor.py
[2025-04-03T16:45:07.381+0000] {processor.py:925} INFO - DAG(s) 'example_local_kubernetes_executor' retrieved from /home/hamza/Documents/project/Mlops/myenv/lib/python3.12/site-packages/airflow/example_dags/example_local_kubernetes_executor.py
[2025-04-03T16:45:07.410+0000] {logging_mixin.py:190} INFO - [2025-04-03T16:45:07.410+0000] {dag.py:3239} INFO - Sync 1 DAGs
[2025-04-03T16:45:07.433+0000] {logging_mixin.py:190} INFO - [2025-04-03T16:45:07.432+0000] {dag.py:4180} INFO - Setting next_dagrun for example_local_kubernetes_executor to None, run_after=None
[2025-04-03T16:45:07.469+0000] {processor.py:208} INFO - Processing /home/hamza/Documents/project/Mlops/myenv/lib/python3.12/site-packages/airflow/example_dags/example_local_kubernetes_executor.py took 0.121 seconds
[2025-04-03T16:46:41.958+0000] {processor.py:186} INFO - Started process (PID=91210) to work on /home/hamza/Documents/project/Mlops/myenv/lib/python3.12/site-packages/airflow/example_dags/example_local_kubernetes_executor.py
[2025-04-03T16:46:41.959+0000] {processor.py:914} INFO - Processing file /home/hamza/Documents/project/Mlops/myenv/lib/python3.12/site-packages/airflow/example_dags/example_local_kubernetes_executor.py for tasks to queue
[2025-04-03T16:46:41.963+0000] {logging_mixin.py:190} INFO - [2025-04-03T16:46:41.963+0000] {dagbag.py:588} INFO - Filling up the DagBag from /home/hamza/Documents/project/Mlops/myenv/lib/python3.12/site-packages/airflow/example_dags/example_local_kubernetes_executor.py
[2025-04-03T16:46:41.983+0000] {processor.py:925} INFO - DAG(s) 'example_local_kubernetes_executor' retrieved from /home/hamza/Documents/project/Mlops/myenv/lib/python3.12/site-packages/airflow/example_dags/example_local_kubernetes_executor.py
[2025-04-03T16:46:42.012+0000] {logging_mixin.py:190} INFO - [2025-04-03T16:46:42.012+0000] {dag.py:3239} INFO - Sync 1 DAGs
[2025-04-03T16:46:42.035+0000] {logging_mixin.py:190} INFO - [2025-04-03T16:46:42.035+0000] {dag.py:4180} INFO - Setting next_dagrun for example_local_kubernetes_executor to None, run_after=None
[2025-04-03T16:46:42.073+0000] {processor.py:208} INFO - Processing /home/hamza/Documents/project/Mlops/myenv/lib/python3.12/site-packages/airflow/example_dags/example_local_kubernetes_executor.py took 0.125 seconds
[2025-04-03T16:48:19.393+0000] {processor.py:186} INFO - Started process (PID=92065) to work on /home/hamza/Documents/project/Mlops/myenv/lib/python3.12/site-packages/airflow/example_dags/example_local_kubernetes_executor.py
[2025-04-03T16:48:19.395+0000] {processor.py:914} INFO - Processing file /home/hamza/Documents/project/Mlops/myenv/lib/python3.12/site-packages/airflow/example_dags/example_local_kubernetes_executor.py for tasks to queue
[2025-04-03T16:48:19.399+0000] {logging_mixin.py:190} INFO - [2025-04-03T16:48:19.398+0000] {dagbag.py:588} INFO - Filling up the DagBag from /home/hamza/Documents/project/Mlops/myenv/lib/python3.12/site-packages/airflow/example_dags/example_local_kubernetes_executor.py
[2025-04-03T16:48:19.418+0000] {processor.py:925} INFO - DAG(s) 'example_local_kubernetes_executor' retrieved from /home/hamza/Documents/project/Mlops/myenv/lib/python3.12/site-packages/airflow/example_dags/example_local_kubernetes_executor.py
[2025-04-03T16:48:19.450+0000] {logging_mixin.py:190} INFO - [2025-04-03T16:48:19.450+0000] {dag.py:3239} INFO - Sync 1 DAGs
[2025-04-03T16:48:19.475+0000] {logging_mixin.py:190} INFO - [2025-04-03T16:48:19.475+0000] {dag.py:4180} INFO - Setting next_dagrun for example_local_kubernetes_executor to None, run_after=None
[2025-04-03T16:48:19.517+0000] {processor.py:208} INFO - Processing /home/hamza/Documents/project/Mlops/myenv/lib/python3.12/site-packages/airflow/example_dags/example_local_kubernetes_executor.py took 0.133 seconds
[2025-04-03T16:49:58.783+0000] {processor.py:186} INFO - Started process (PID=92921) to work on /home/hamza/Documents/project/Mlops/myenv/lib/python3.12/site-packages/airflow/example_dags/example_local_kubernetes_executor.py
[2025-04-03T16:49:58.784+0000] {processor.py:914} INFO - Processing file /home/hamza/Documents/project/Mlops/myenv/lib/python3.12/site-packages/airflow/example_dags/example_local_kubernetes_executor.py for tasks to queue
[2025-04-03T16:49:58.788+0000] {logging_mixin.py:190} INFO - [2025-04-03T16:49:58.787+0000] {dagbag.py:588} INFO - Filling up the DagBag from /home/hamza/Documents/project/Mlops/myenv/lib/python3.12/site-packages/airflow/example_dags/example_local_kubernetes_executor.py
[2025-04-03T16:49:58.805+0000] {processor.py:925} INFO - DAG(s) 'example_local_kubernetes_executor' retrieved from /home/hamza/Documents/project/Mlops/myenv/lib/python3.12/site-packages/airflow/example_dags/example_local_kubernetes_executor.py
[2025-04-03T16:49:58.834+0000] {logging_mixin.py:190} INFO - [2025-04-03T16:49:58.834+0000] {dag.py:3239} INFO - Sync 1 DAGs
[2025-04-03T16:49:58.856+0000] {logging_mixin.py:190} INFO - [2025-04-03T16:49:58.855+0000] {dag.py:4180} INFO - Setting next_dagrun for example_local_kubernetes_executor to None, run_after=None
[2025-04-03T16:49:58.897+0000] {processor.py:208} INFO - Processing /home/hamza/Documents/project/Mlops/myenv/lib/python3.12/site-packages/airflow/example_dags/example_local_kubernetes_executor.py took 0.123 seconds
[2025-04-03T16:51:36.580+0000] {processor.py:186} INFO - Started process (PID=93722) to work on /home/hamza/Documents/project/Mlops/myenv/lib/python3.12/site-packages/airflow/example_dags/example_local_kubernetes_executor.py
[2025-04-03T16:51:36.581+0000] {processor.py:914} INFO - Processing file /home/hamza/Documents/project/Mlops/myenv/lib/python3.12/site-packages/airflow/example_dags/example_local_kubernetes_executor.py for tasks to queue
[2025-04-03T16:51:36.586+0000] {logging_mixin.py:190} INFO - [2025-04-03T16:51:36.585+0000] {dagbag.py:588} INFO - Filling up the DagBag from /home/hamza/Documents/project/Mlops/myenv/lib/python3.12/site-packages/airflow/example_dags/example_local_kubernetes_executor.py
[2025-04-03T16:51:36.606+0000] {processor.py:925} INFO - DAG(s) 'example_local_kubernetes_executor' retrieved from /home/hamza/Documents/project/Mlops/myenv/lib/python3.12/site-packages/airflow/example_dags/example_local_kubernetes_executor.py
[2025-04-03T16:51:36.638+0000] {logging_mixin.py:190} INFO - [2025-04-03T16:51:36.637+0000] {dag.py:3239} INFO - Sync 1 DAGs
[2025-04-03T16:51:36.662+0000] {logging_mixin.py:190} INFO - [2025-04-03T16:51:36.662+0000] {dag.py:4180} INFO - Setting next_dagrun for example_local_kubernetes_executor to None, run_after=None
[2025-04-03T16:51:36.704+0000] {processor.py:208} INFO - Processing /home/hamza/Documents/project/Mlops/myenv/lib/python3.12/site-packages/airflow/example_dags/example_local_kubernetes_executor.py took 0.134 seconds
[2025-04-03T16:53:17.145+0000] {processor.py:186} INFO - Started process (PID=94558) to work on /home/hamza/Documents/project/Mlops/myenv/lib/python3.12/site-packages/airflow/example_dags/example_local_kubernetes_executor.py
[2025-04-03T16:53:17.147+0000] {processor.py:914} INFO - Processing file /home/hamza/Documents/project/Mlops/myenv/lib/python3.12/site-packages/airflow/example_dags/example_local_kubernetes_executor.py for tasks to queue
[2025-04-03T16:53:17.152+0000] {logging_mixin.py:190} INFO - [2025-04-03T16:53:17.151+0000] {dagbag.py:588} INFO - Filling up the DagBag from /home/hamza/Documents/project/Mlops/myenv/lib/python3.12/site-packages/airflow/example_dags/example_local_kubernetes_executor.py
[2025-04-03T16:53:17.179+0000] {processor.py:925} INFO - DAG(s) 'example_local_kubernetes_executor' retrieved from /home/hamza/Documents/project/Mlops/myenv/lib/python3.12/site-packages/airflow/example_dags/example_local_kubernetes_executor.py
[2025-04-03T16:53:17.226+0000] {logging_mixin.py:190} INFO - [2025-04-03T16:53:17.223+0000] {dag.py:3239} INFO - Sync 1 DAGs
[2025-04-03T16:53:17.259+0000] {logging_mixin.py:190} INFO - [2025-04-03T16:53:17.258+0000] {dag.py:4180} INFO - Setting next_dagrun for example_local_kubernetes_executor to None, run_after=None
[2025-04-03T16:53:17.334+0000] {processor.py:208} INFO - Processing /home/hamza/Documents/project/Mlops/myenv/lib/python3.12/site-packages/airflow/example_dags/example_local_kubernetes_executor.py took 0.205 seconds
[2025-04-03T16:54:56.385+0000] {processor.py:186} INFO - Started process (PID=95632) to work on /home/hamza/Documents/project/Mlops/myenv/lib/python3.12/site-packages/airflow/example_dags/example_local_kubernetes_executor.py
[2025-04-03T16:54:56.386+0000] {processor.py:914} INFO - Processing file /home/hamza/Documents/project/Mlops/myenv/lib/python3.12/site-packages/airflow/example_dags/example_local_kubernetes_executor.py for tasks to queue
[2025-04-03T16:54:56.391+0000] {logging_mixin.py:190} INFO - [2025-04-03T16:54:56.390+0000] {dagbag.py:588} INFO - Filling up the DagBag from /home/hamza/Documents/project/Mlops/myenv/lib/python3.12/site-packages/airflow/example_dags/example_local_kubernetes_executor.py
[2025-04-03T16:54:56.411+0000] {processor.py:925} INFO - DAG(s) 'example_local_kubernetes_executor' retrieved from /home/hamza/Documents/project/Mlops/myenv/lib/python3.12/site-packages/airflow/example_dags/example_local_kubernetes_executor.py
[2025-04-03T16:54:56.442+0000] {logging_mixin.py:190} INFO - [2025-04-03T16:54:56.441+0000] {dag.py:3239} INFO - Sync 1 DAGs
[2025-04-03T16:54:56.465+0000] {logging_mixin.py:190} INFO - [2025-04-03T16:54:56.464+0000] {dag.py:4180} INFO - Setting next_dagrun for example_local_kubernetes_executor to None, run_after=None
[2025-04-03T16:54:56.504+0000] {processor.py:208} INFO - Processing /home/hamza/Documents/project/Mlops/myenv/lib/python3.12/site-packages/airflow/example_dags/example_local_kubernetes_executor.py took 0.128 seconds
