[2025-04-03T13:44:19.020+0000] {processor.py:186} INFO - Started process (PID=98958) to work on /home/hamza/Documents/project/Mlops/myenv/lib/python3.12/site-packages/airflow/example_dags/example_bash_decorator.py
[2025-04-03T13:44:19.022+0000] {processor.py:914} INFO - Processing file /home/hamza/Documents/project/Mlops/myenv/lib/python3.12/site-packages/airflow/example_dags/example_bash_decorator.py for tasks to queue
[2025-04-03T13:44:19.026+0000] {logging_mixin.py:190} INFO - [2025-04-03T13:44:19.025+0000] {dagbag.py:588} INFO - Filling up the DagBag from /home/hamza/Documents/project/Mlops/myenv/lib/python3.12/site-packages/airflow/example_dags/example_bash_decorator.py
[2025-04-03T13:44:19.052+0000] {processor.py:925} INFO - DAG(s) 'example_bash_decorator' retrieved from /home/hamza/Documents/project/Mlops/myenv/lib/python3.12/site-packages/airflow/example_dags/example_bash_decorator.py
[2025-04-03T13:44:19.222+0000] {logging_mixin.py:190} INFO - [2025-04-03T13:44:19.222+0000] {override.py:1930} INFO - Created Permission View: can delete on DAG:example_bash_decorator
[2025-04-03T13:44:19.245+0000] {logging_mixin.py:190} INFO - [2025-04-03T13:44:19.244+0000] {override.py:1930} INFO - Created Permission View: can read on DAG:example_bash_decorator
[2025-04-03T13:44:19.259+0000] {logging_mixin.py:190} INFO - [2025-04-03T13:44:19.259+0000] {override.py:1930} INFO - Created Permission View: can edit on DAG:example_bash_decorator
[2025-04-03T13:44:19.283+0000] {logging_mixin.py:190} INFO - [2025-04-03T13:44:19.282+0000] {override.py:1930} INFO - Created Permission View: can delete on DAG Run:example_bash_decorator
[2025-04-03T13:44:19.296+0000] {logging_mixin.py:190} INFO - [2025-04-03T13:44:19.295+0000] {override.py:1930} INFO - Created Permission View: can read on DAG Run:example_bash_decorator
[2025-04-03T13:44:19.308+0000] {logging_mixin.py:190} INFO - [2025-04-03T13:44:19.307+0000] {override.py:1930} INFO - Created Permission View: menu access on DAG Run:example_bash_decorator
[2025-04-03T13:44:19.321+0000] {logging_mixin.py:190} INFO - [2025-04-03T13:44:19.320+0000] {override.py:1930} INFO - Created Permission View: can create on DAG Run:example_bash_decorator
[2025-04-03T13:44:19.321+0000] {logging_mixin.py:190} INFO - [2025-04-03T13:44:19.321+0000] {dag.py:3239} INFO - Sync 1 DAGs
[2025-04-03T13:44:19.339+0000] {logging_mixin.py:190} INFO - [2025-04-03T13:44:19.338+0000] {dag.py:3262} INFO - Creating ORM DAG for example_bash_decorator
[2025-04-03T13:44:19.340+0000] {logging_mixin.py:190} INFO - [2025-04-03T13:44:19.339+0000] {dag.py:4180} INFO - Setting next_dagrun for example_bash_decorator to None, run_after=None
[2025-04-03T13:44:19.369+0000] {processor.py:208} INFO - Processing /home/hamza/Documents/project/Mlops/myenv/lib/python3.12/site-packages/airflow/example_dags/example_bash_decorator.py took 0.358 seconds
[2025-04-03T13:45:33.432+0000] {processor.py:186} INFO - Started process (PID=99872) to work on /home/hamza/Documents/project/Mlops/myenv/lib/python3.12/site-packages/airflow/example_dags/example_bash_decorator.py
[2025-04-03T13:45:33.439+0000] {processor.py:914} INFO - Processing file /home/hamza/Documents/project/Mlops/myenv/lib/python3.12/site-packages/airflow/example_dags/example_bash_decorator.py for tasks to queue
[2025-04-03T13:45:33.445+0000] {logging_mixin.py:190} INFO - [2025-04-03T13:45:33.444+0000] {dagbag.py:588} INFO - Filling up the DagBag from /home/hamza/Documents/project/Mlops/myenv/lib/python3.12/site-packages/airflow/example_dags/example_bash_decorator.py
[2025-04-03T13:45:33.474+0000] {processor.py:925} INFO - DAG(s) 'example_bash_decorator' retrieved from /home/hamza/Documents/project/Mlops/myenv/lib/python3.12/site-packages/airflow/example_dags/example_bash_decorator.py
[2025-04-03T13:45:33.508+0000] {logging_mixin.py:190} INFO - [2025-04-03T13:45:33.508+0000] {dag.py:3239} INFO - Sync 1 DAGs
[2025-04-03T13:45:33.530+0000] {logging_mixin.py:190} INFO - [2025-04-03T13:45:33.529+0000] {dag.py:4180} INFO - Setting next_dagrun for example_bash_decorator to None, run_after=None
[2025-04-03T13:45:33.575+0000] {processor.py:208} INFO - Processing /home/hamza/Documents/project/Mlops/myenv/lib/python3.12/site-packages/airflow/example_dags/example_bash_decorator.py took 0.154 seconds
[2025-04-03T13:46:40.500+0000] {processor.py:186} INFO - Started process (PID=100512) to work on /home/hamza/Documents/project/Mlops/myenv/lib/python3.12/site-packages/airflow/example_dags/example_bash_decorator.py
[2025-04-03T13:46:40.503+0000] {processor.py:914} INFO - Processing file /home/hamza/Documents/project/Mlops/myenv/lib/python3.12/site-packages/airflow/example_dags/example_bash_decorator.py for tasks to queue
[2025-04-03T13:46:40.507+0000] {logging_mixin.py:190} INFO - [2025-04-03T13:46:40.506+0000] {dagbag.py:588} INFO - Filling up the DagBag from /home/hamza/Documents/project/Mlops/myenv/lib/python3.12/site-packages/airflow/example_dags/example_bash_decorator.py
[2025-04-03T13:46:40.541+0000] {processor.py:925} INFO - DAG(s) 'example_bash_decorator' retrieved from /home/hamza/Documents/project/Mlops/myenv/lib/python3.12/site-packages/airflow/example_dags/example_bash_decorator.py
[2025-04-03T13:46:40.586+0000] {logging_mixin.py:190} INFO - [2025-04-03T13:46:40.585+0000] {dag.py:3239} INFO - Sync 1 DAGs
[2025-04-03T13:46:40.615+0000] {logging_mixin.py:190} INFO - [2025-04-03T13:46:40.614+0000] {dag.py:4180} INFO - Setting next_dagrun for example_bash_decorator to None, run_after=None
[2025-04-03T13:46:40.661+0000] {processor.py:208} INFO - Processing /home/hamza/Documents/project/Mlops/myenv/lib/python3.12/site-packages/airflow/example_dags/example_bash_decorator.py took 0.172 seconds
[2025-04-03T13:47:47.177+0000] {processor.py:186} INFO - Started process (PID=101355) to work on /home/hamza/Documents/project/Mlops/myenv/lib/python3.12/site-packages/airflow/example_dags/example_bash_decorator.py
[2025-04-03T13:47:47.179+0000] {processor.py:914} INFO - Processing file /home/hamza/Documents/project/Mlops/myenv/lib/python3.12/site-packages/airflow/example_dags/example_bash_decorator.py for tasks to queue
[2025-04-03T13:47:47.184+0000] {logging_mixin.py:190} INFO - [2025-04-03T13:47:47.183+0000] {dagbag.py:588} INFO - Filling up the DagBag from /home/hamza/Documents/project/Mlops/myenv/lib/python3.12/site-packages/airflow/example_dags/example_bash_decorator.py
[2025-04-03T13:47:47.215+0000] {processor.py:925} INFO - DAG(s) 'example_bash_decorator' retrieved from /home/hamza/Documents/project/Mlops/myenv/lib/python3.12/site-packages/airflow/example_dags/example_bash_decorator.py
[2025-04-03T13:47:47.258+0000] {logging_mixin.py:190} INFO - [2025-04-03T13:47:47.258+0000] {dag.py:3239} INFO - Sync 1 DAGs
[2025-04-03T13:47:47.280+0000] {logging_mixin.py:190} INFO - [2025-04-03T13:47:47.280+0000] {dag.py:4180} INFO - Setting next_dagrun for example_bash_decorator to None, run_after=None
[2025-04-03T13:47:47.319+0000] {processor.py:208} INFO - Processing /home/hamza/Documents/project/Mlops/myenv/lib/python3.12/site-packages/airflow/example_dags/example_bash_decorator.py took 0.152 seconds
[2025-04-03T13:50:23.451+0000] {processor.py:186} INFO - Started process (PID=103456) to work on /home/hamza/Documents/project/Mlops/myenv/lib/python3.12/site-packages/airflow/example_dags/example_bash_decorator.py
[2025-04-03T13:50:23.453+0000] {processor.py:914} INFO - Processing file /home/hamza/Documents/project/Mlops/myenv/lib/python3.12/site-packages/airflow/example_dags/example_bash_decorator.py for tasks to queue
[2025-04-03T13:50:23.457+0000] {logging_mixin.py:190} INFO - [2025-04-03T13:50:23.456+0000] {dagbag.py:588} INFO - Filling up the DagBag from /home/hamza/Documents/project/Mlops/myenv/lib/python3.12/site-packages/airflow/example_dags/example_bash_decorator.py
[2025-04-03T13:50:23.487+0000] {processor.py:925} INFO - DAG(s) 'example_bash_decorator' retrieved from /home/hamza/Documents/project/Mlops/myenv/lib/python3.12/site-packages/airflow/example_dags/example_bash_decorator.py
[2025-04-03T13:50:23.731+0000] {logging_mixin.py:190} INFO - [2025-04-03T13:50:23.730+0000] {dag.py:3239} INFO - Sync 1 DAGs
[2025-04-03T13:50:23.751+0000] {logging_mixin.py:190} INFO - [2025-04-03T13:50:23.751+0000] {dag.py:4180} INFO - Setting next_dagrun for example_bash_decorator to None, run_after=None
[2025-04-03T13:50:23.798+0000] {processor.py:208} INFO - Processing /home/hamza/Documents/project/Mlops/myenv/lib/python3.12/site-packages/airflow/example_dags/example_bash_decorator.py took 0.360 seconds
[2025-04-03T13:52:00.605+0000] {processor.py:186} INFO - Started process (PID=104607) to work on /home/hamza/Documents/project/Mlops/myenv/lib/python3.12/site-packages/airflow/example_dags/example_bash_decorator.py
[2025-04-03T13:52:00.607+0000] {processor.py:914} INFO - Processing file /home/hamza/Documents/project/Mlops/myenv/lib/python3.12/site-packages/airflow/example_dags/example_bash_decorator.py for tasks to queue
[2025-04-03T13:52:00.610+0000] {logging_mixin.py:190} INFO - [2025-04-03T13:52:00.610+0000] {dagbag.py:588} INFO - Filling up the DagBag from /home/hamza/Documents/project/Mlops/myenv/lib/python3.12/site-packages/airflow/example_dags/example_bash_decorator.py
[2025-04-03T13:52:00.637+0000] {processor.py:925} INFO - DAG(s) 'example_bash_decorator' retrieved from /home/hamza/Documents/project/Mlops/myenv/lib/python3.12/site-packages/airflow/example_dags/example_bash_decorator.py
[2025-04-03T13:52:00.670+0000] {logging_mixin.py:190} INFO - [2025-04-03T13:52:00.670+0000] {dag.py:3239} INFO - Sync 1 DAGs
[2025-04-03T13:52:00.691+0000] {logging_mixin.py:190} INFO - [2025-04-03T13:52:00.690+0000] {dag.py:4180} INFO - Setting next_dagrun for example_bash_decorator to None, run_after=None
[2025-04-03T13:52:00.731+0000] {processor.py:208} INFO - Processing /home/hamza/Documents/project/Mlops/myenv/lib/python3.12/site-packages/airflow/example_dags/example_bash_decorator.py took 0.136 seconds
[2025-04-03T13:53:41.117+0000] {processor.py:186} INFO - Started process (PID=105646) to work on /home/hamza/Documents/project/Mlops/myenv/lib/python3.12/site-packages/airflow/example_dags/example_bash_decorator.py
[2025-04-03T13:53:41.121+0000] {processor.py:914} INFO - Processing file /home/hamza/Documents/project/Mlops/myenv/lib/python3.12/site-packages/airflow/example_dags/example_bash_decorator.py for tasks to queue
[2025-04-03T13:53:41.125+0000] {logging_mixin.py:190} INFO - [2025-04-03T13:53:41.124+0000] {dagbag.py:588} INFO - Filling up the DagBag from /home/hamza/Documents/project/Mlops/myenv/lib/python3.12/site-packages/airflow/example_dags/example_bash_decorator.py
[2025-04-03T13:53:41.153+0000] {processor.py:925} INFO - DAG(s) 'example_bash_decorator' retrieved from /home/hamza/Documents/project/Mlops/myenv/lib/python3.12/site-packages/airflow/example_dags/example_bash_decorator.py
[2025-04-03T13:53:41.187+0000] {logging_mixin.py:190} INFO - [2025-04-03T13:53:41.187+0000] {dag.py:3239} INFO - Sync 1 DAGs
[2025-04-03T13:53:41.208+0000] {logging_mixin.py:190} INFO - [2025-04-03T13:53:41.207+0000] {dag.py:4180} INFO - Setting next_dagrun for example_bash_decorator to None, run_after=None
[2025-04-03T13:53:41.245+0000] {processor.py:208} INFO - Processing /home/hamza/Documents/project/Mlops/myenv/lib/python3.12/site-packages/airflow/example_dags/example_bash_decorator.py took 0.139 seconds
[2025-04-03T14:10:43.013+0000] {processor.py:186} INFO - Started process (PID=118364) to work on /home/hamza/Documents/project/Mlops/myenv/lib/python3.12/site-packages/airflow/example_dags/example_bash_decorator.py
[2025-04-03T14:10:43.016+0000] {processor.py:914} INFO - Processing file /home/hamza/Documents/project/Mlops/myenv/lib/python3.12/site-packages/airflow/example_dags/example_bash_decorator.py for tasks to queue
[2025-04-03T14:10:43.018+0000] {logging_mixin.py:190} INFO - [2025-04-03T14:10:43.017+0000] {dagbag.py:588} INFO - Filling up the DagBag from /home/hamza/Documents/project/Mlops/myenv/lib/python3.12/site-packages/airflow/example_dags/example_bash_decorator.py
[2025-04-03T14:10:43.041+0000] {processor.py:925} INFO - DAG(s) 'example_bash_decorator' retrieved from /home/hamza/Documents/project/Mlops/myenv/lib/python3.12/site-packages/airflow/example_dags/example_bash_decorator.py
[2025-04-03T14:10:43.210+0000] {logging_mixin.py:190} INFO - [2025-04-03T14:10:43.210+0000] {dag.py:3239} INFO - Sync 1 DAGs
[2025-04-03T14:10:43.227+0000] {logging_mixin.py:190} INFO - [2025-04-03T14:10:43.227+0000] {dag.py:4180} INFO - Setting next_dagrun for example_bash_decorator to None, run_after=None
[2025-04-03T14:10:43.259+0000] {processor.py:208} INFO - Processing /home/hamza/Documents/project/Mlops/myenv/lib/python3.12/site-packages/airflow/example_dags/example_bash_decorator.py took 0.255 seconds
[2025-04-03T14:12:21.363+0000] {processor.py:186} INFO - Started process (PID=119245) to work on /home/hamza/Documents/project/Mlops/myenv/lib/python3.12/site-packages/airflow/example_dags/example_bash_decorator.py
[2025-04-03T14:12:21.365+0000] {processor.py:914} INFO - Processing file /home/hamza/Documents/project/Mlops/myenv/lib/python3.12/site-packages/airflow/example_dags/example_bash_decorator.py for tasks to queue
[2025-04-03T14:12:21.367+0000] {logging_mixin.py:190} INFO - [2025-04-03T14:12:21.366+0000] {dagbag.py:588} INFO - Filling up the DagBag from /home/hamza/Documents/project/Mlops/myenv/lib/python3.12/site-packages/airflow/example_dags/example_bash_decorator.py
[2025-04-03T14:12:21.394+0000] {processor.py:925} INFO - DAG(s) 'example_bash_decorator' retrieved from /home/hamza/Documents/project/Mlops/myenv/lib/python3.12/site-packages/airflow/example_dags/example_bash_decorator.py
[2025-04-03T14:12:21.431+0000] {logging_mixin.py:190} INFO - [2025-04-03T14:12:21.431+0000] {dag.py:3239} INFO - Sync 1 DAGs
[2025-04-03T14:12:21.454+0000] {logging_mixin.py:190} INFO - [2025-04-03T14:12:21.454+0000] {dag.py:4180} INFO - Setting next_dagrun for example_bash_decorator to None, run_after=None
[2025-04-03T14:12:21.496+0000] {processor.py:208} INFO - Processing /home/hamza/Documents/project/Mlops/myenv/lib/python3.12/site-packages/airflow/example_dags/example_bash_decorator.py took 0.142 seconds
[2025-04-03T14:19:22.158+0000] {processor.py:186} INFO - Started process (PID=122750) to work on /home/hamza/Documents/project/Mlops/myenv/lib/python3.12/site-packages/airflow/example_dags/example_bash_decorator.py
[2025-04-03T14:19:22.161+0000] {processor.py:914} INFO - Processing file /home/hamza/Documents/project/Mlops/myenv/lib/python3.12/site-packages/airflow/example_dags/example_bash_decorator.py for tasks to queue
[2025-04-03T14:19:22.165+0000] {logging_mixin.py:190} INFO - [2025-04-03T14:19:22.164+0000] {dagbag.py:588} INFO - Filling up the DagBag from /home/hamza/Documents/project/Mlops/myenv/lib/python3.12/site-packages/airflow/example_dags/example_bash_decorator.py
[2025-04-03T14:19:22.189+0000] {processor.py:925} INFO - DAG(s) 'example_bash_decorator' retrieved from /home/hamza/Documents/project/Mlops/myenv/lib/python3.12/site-packages/airflow/example_dags/example_bash_decorator.py
[2025-04-03T14:19:22.231+0000] {logging_mixin.py:190} INFO - [2025-04-03T14:19:22.230+0000] {dag.py:3239} INFO - Sync 1 DAGs
[2025-04-03T14:19:22.256+0000] {logging_mixin.py:190} INFO - [2025-04-03T14:19:22.255+0000] {dag.py:4180} INFO - Setting next_dagrun for example_bash_decorator to None, run_after=None
[2025-04-03T14:19:22.291+0000] {processor.py:208} INFO - Processing /home/hamza/Documents/project/Mlops/myenv/lib/python3.12/site-packages/airflow/example_dags/example_bash_decorator.py took 0.142 seconds
[2025-04-03T15:08:53.398+0000] {processor.py:186} INFO - Started process (PID=36432) to work on /home/hamza/Documents/project/Mlops/myenv/lib/python3.12/site-packages/airflow/example_dags/example_bash_decorator.py
[2025-04-03T15:08:53.399+0000] {processor.py:914} INFO - Processing file /home/hamza/Documents/project/Mlops/myenv/lib/python3.12/site-packages/airflow/example_dags/example_bash_decorator.py for tasks to queue
[2025-04-03T15:08:53.403+0000] {logging_mixin.py:190} INFO - [2025-04-03T15:08:53.402+0000] {dagbag.py:588} INFO - Filling up the DagBag from /home/hamza/Documents/project/Mlops/myenv/lib/python3.12/site-packages/airflow/example_dags/example_bash_decorator.py
[2025-04-03T15:08:53.430+0000] {processor.py:925} INFO - DAG(s) 'example_bash_decorator' retrieved from /home/hamza/Documents/project/Mlops/myenv/lib/python3.12/site-packages/airflow/example_dags/example_bash_decorator.py
[2025-04-03T15:08:53.599+0000] {logging_mixin.py:190} INFO - [2025-04-03T15:08:53.598+0000] {dag.py:3239} INFO - Sync 1 DAGs
[2025-04-03T15:08:53.614+0000] {logging_mixin.py:190} INFO - [2025-04-03T15:08:53.613+0000] {dag.py:4180} INFO - Setting next_dagrun for example_bash_decorator to None, run_after=None
[2025-04-03T15:08:53.645+0000] {processor.py:208} INFO - Processing /home/hamza/Documents/project/Mlops/myenv/lib/python3.12/site-packages/airflow/example_dags/example_bash_decorator.py took 0.256 seconds
[2025-04-03T15:10:23.582+0000] {processor.py:186} INFO - Started process (PID=37353) to work on /home/hamza/Documents/project/Mlops/myenv/lib/python3.12/site-packages/airflow/example_dags/example_bash_decorator.py
[2025-04-03T15:10:23.584+0000] {processor.py:914} INFO - Processing file /home/hamza/Documents/project/Mlops/myenv/lib/python3.12/site-packages/airflow/example_dags/example_bash_decorator.py for tasks to queue
[2025-04-03T15:10:23.587+0000] {logging_mixin.py:190} INFO - [2025-04-03T15:10:23.587+0000] {dagbag.py:588} INFO - Filling up the DagBag from /home/hamza/Documents/project/Mlops/myenv/lib/python3.12/site-packages/airflow/example_dags/example_bash_decorator.py
[2025-04-03T15:10:23.613+0000] {processor.py:925} INFO - DAG(s) 'example_bash_decorator' retrieved from /home/hamza/Documents/project/Mlops/myenv/lib/python3.12/site-packages/airflow/example_dags/example_bash_decorator.py
[2025-04-03T15:10:23.646+0000] {logging_mixin.py:190} INFO - [2025-04-03T15:10:23.645+0000] {dag.py:3239} INFO - Sync 1 DAGs
[2025-04-03T15:10:23.666+0000] {logging_mixin.py:190} INFO - [2025-04-03T15:10:23.666+0000] {dag.py:4180} INFO - Setting next_dagrun for example_bash_decorator to None, run_after=None
[2025-04-03T15:10:23.698+0000] {processor.py:208} INFO - Processing /home/hamza/Documents/project/Mlops/myenv/lib/python3.12/site-packages/airflow/example_dags/example_bash_decorator.py took 0.125 seconds
[2025-04-03T15:11:51.535+0000] {processor.py:186} INFO - Started process (PID=38135) to work on /home/hamza/Documents/project/Mlops/myenv/lib/python3.12/site-packages/airflow/example_dags/example_bash_decorator.py
[2025-04-03T15:11:51.536+0000] {processor.py:914} INFO - Processing file /home/hamza/Documents/project/Mlops/myenv/lib/python3.12/site-packages/airflow/example_dags/example_bash_decorator.py for tasks to queue
[2025-04-03T15:11:51.540+0000] {logging_mixin.py:190} INFO - [2025-04-03T15:11:51.539+0000] {dagbag.py:588} INFO - Filling up the DagBag from /home/hamza/Documents/project/Mlops/myenv/lib/python3.12/site-packages/airflow/example_dags/example_bash_decorator.py
[2025-04-03T15:11:51.563+0000] {processor.py:925} INFO - DAG(s) 'example_bash_decorator' retrieved from /home/hamza/Documents/project/Mlops/myenv/lib/python3.12/site-packages/airflow/example_dags/example_bash_decorator.py
[2025-04-03T15:11:51.592+0000] {logging_mixin.py:190} INFO - [2025-04-03T15:11:51.591+0000] {dag.py:3239} INFO - Sync 1 DAGs
[2025-04-03T15:11:51.612+0000] {logging_mixin.py:190} INFO - [2025-04-03T15:11:51.612+0000] {dag.py:4180} INFO - Setting next_dagrun for example_bash_decorator to None, run_after=None
[2025-04-03T15:11:51.644+0000] {processor.py:208} INFO - Processing /home/hamza/Documents/project/Mlops/myenv/lib/python3.12/site-packages/airflow/example_dags/example_bash_decorator.py took 0.118 seconds
[2025-04-03T15:13:29.426+0000] {processor.py:186} INFO - Started process (PID=39049) to work on /home/hamza/Documents/project/Mlops/myenv/lib/python3.12/site-packages/airflow/example_dags/example_bash_decorator.py
[2025-04-03T15:13:29.428+0000] {processor.py:914} INFO - Processing file /home/hamza/Documents/project/Mlops/myenv/lib/python3.12/site-packages/airflow/example_dags/example_bash_decorator.py for tasks to queue
[2025-04-03T15:13:29.432+0000] {logging_mixin.py:190} INFO - [2025-04-03T15:13:29.431+0000] {dagbag.py:588} INFO - Filling up the DagBag from /home/hamza/Documents/project/Mlops/myenv/lib/python3.12/site-packages/airflow/example_dags/example_bash_decorator.py
[2025-04-03T15:13:29.459+0000] {processor.py:925} INFO - DAG(s) 'example_bash_decorator' retrieved from /home/hamza/Documents/project/Mlops/myenv/lib/python3.12/site-packages/airflow/example_dags/example_bash_decorator.py
[2025-04-03T15:13:29.489+0000] {logging_mixin.py:190} INFO - [2025-04-03T15:13:29.489+0000] {dag.py:3239} INFO - Sync 1 DAGs
[2025-04-03T15:13:29.510+0000] {logging_mixin.py:190} INFO - [2025-04-03T15:13:29.510+0000] {dag.py:4180} INFO - Setting next_dagrun for example_bash_decorator to None, run_after=None
[2025-04-03T15:13:29.549+0000] {processor.py:208} INFO - Processing /home/hamza/Documents/project/Mlops/myenv/lib/python3.12/site-packages/airflow/example_dags/example_bash_decorator.py took 0.133 seconds
[2025-04-03T15:15:02.670+0000] {processor.py:186} INFO - Started process (PID=39939) to work on /home/hamza/Documents/project/Mlops/myenv/lib/python3.12/site-packages/airflow/example_dags/example_bash_decorator.py
[2025-04-03T15:15:02.672+0000] {processor.py:914} INFO - Processing file /home/hamza/Documents/project/Mlops/myenv/lib/python3.12/site-packages/airflow/example_dags/example_bash_decorator.py for tasks to queue
[2025-04-03T15:15:02.676+0000] {logging_mixin.py:190} INFO - [2025-04-03T15:15:02.676+0000] {dagbag.py:588} INFO - Filling up the DagBag from /home/hamza/Documents/project/Mlops/myenv/lib/python3.12/site-packages/airflow/example_dags/example_bash_decorator.py
[2025-04-03T15:15:02.702+0000] {processor.py:925} INFO - DAG(s) 'example_bash_decorator' retrieved from /home/hamza/Documents/project/Mlops/myenv/lib/python3.12/site-packages/airflow/example_dags/example_bash_decorator.py
[2025-04-03T15:15:02.736+0000] {logging_mixin.py:190} INFO - [2025-04-03T15:15:02.735+0000] {dag.py:3239} INFO - Sync 1 DAGs
[2025-04-03T15:15:02.758+0000] {logging_mixin.py:190} INFO - [2025-04-03T15:15:02.757+0000] {dag.py:4180} INFO - Setting next_dagrun for example_bash_decorator to None, run_after=None
[2025-04-03T15:15:02.800+0000] {processor.py:208} INFO - Processing /home/hamza/Documents/project/Mlops/myenv/lib/python3.12/site-packages/airflow/example_dags/example_bash_decorator.py took 0.140 seconds
[2025-04-03T15:16:42.249+0000] {processor.py:186} INFO - Started process (PID=40919) to work on /home/hamza/Documents/project/Mlops/myenv/lib/python3.12/site-packages/airflow/example_dags/example_bash_decorator.py
[2025-04-03T15:16:42.252+0000] {processor.py:914} INFO - Processing file /home/hamza/Documents/project/Mlops/myenv/lib/python3.12/site-packages/airflow/example_dags/example_bash_decorator.py for tasks to queue
[2025-04-03T15:16:42.256+0000] {logging_mixin.py:190} INFO - [2025-04-03T15:16:42.255+0000] {dagbag.py:588} INFO - Filling up the DagBag from /home/hamza/Documents/project/Mlops/myenv/lib/python3.12/site-packages/airflow/example_dags/example_bash_decorator.py
[2025-04-03T15:16:42.283+0000] {processor.py:925} INFO - DAG(s) 'example_bash_decorator' retrieved from /home/hamza/Documents/project/Mlops/myenv/lib/python3.12/site-packages/airflow/example_dags/example_bash_decorator.py
[2025-04-03T15:16:42.314+0000] {logging_mixin.py:190} INFO - [2025-04-03T15:16:42.313+0000] {dag.py:3239} INFO - Sync 1 DAGs
[2025-04-03T15:16:42.334+0000] {logging_mixin.py:190} INFO - [2025-04-03T15:16:42.334+0000] {dag.py:4180} INFO - Setting next_dagrun for example_bash_decorator to None, run_after=None
[2025-04-03T15:16:42.380+0000] {processor.py:208} INFO - Processing /home/hamza/Documents/project/Mlops/myenv/lib/python3.12/site-packages/airflow/example_dags/example_bash_decorator.py took 0.140 seconds
[2025-04-03T15:18:19.438+0000] {processor.py:186} INFO - Started process (PID=41971) to work on /home/hamza/Documents/project/Mlops/myenv/lib/python3.12/site-packages/airflow/example_dags/example_bash_decorator.py
[2025-04-03T15:18:19.441+0000] {processor.py:914} INFO - Processing file /home/hamza/Documents/project/Mlops/myenv/lib/python3.12/site-packages/airflow/example_dags/example_bash_decorator.py for tasks to queue
[2025-04-03T15:18:19.444+0000] {logging_mixin.py:190} INFO - [2025-04-03T15:18:19.444+0000] {dagbag.py:588} INFO - Filling up the DagBag from /home/hamza/Documents/project/Mlops/myenv/lib/python3.12/site-packages/airflow/example_dags/example_bash_decorator.py
[2025-04-03T15:18:19.470+0000] {processor.py:925} INFO - DAG(s) 'example_bash_decorator' retrieved from /home/hamza/Documents/project/Mlops/myenv/lib/python3.12/site-packages/airflow/example_dags/example_bash_decorator.py
[2025-04-03T15:18:19.501+0000] {logging_mixin.py:190} INFO - [2025-04-03T15:18:19.501+0000] {dag.py:3239} INFO - Sync 1 DAGs
[2025-04-03T15:18:19.521+0000] {logging_mixin.py:190} INFO - [2025-04-03T15:18:19.521+0000] {dag.py:4180} INFO - Setting next_dagrun for example_bash_decorator to None, run_after=None
[2025-04-03T15:18:19.556+0000] {processor.py:208} INFO - Processing /home/hamza/Documents/project/Mlops/myenv/lib/python3.12/site-packages/airflow/example_dags/example_bash_decorator.py took 0.127 seconds
[2025-04-03T15:19:49.616+0000] {processor.py:186} INFO - Started process (PID=42950) to work on /home/hamza/Documents/project/Mlops/myenv/lib/python3.12/site-packages/airflow/example_dags/example_bash_decorator.py
[2025-04-03T15:19:49.619+0000] {processor.py:914} INFO - Processing file /home/hamza/Documents/project/Mlops/myenv/lib/python3.12/site-packages/airflow/example_dags/example_bash_decorator.py for tasks to queue
[2025-04-03T15:19:49.622+0000] {logging_mixin.py:190} INFO - [2025-04-03T15:19:49.622+0000] {dagbag.py:588} INFO - Filling up the DagBag from /home/hamza/Documents/project/Mlops/myenv/lib/python3.12/site-packages/airflow/example_dags/example_bash_decorator.py
[2025-04-03T15:19:49.648+0000] {processor.py:925} INFO - DAG(s) 'example_bash_decorator' retrieved from /home/hamza/Documents/project/Mlops/myenv/lib/python3.12/site-packages/airflow/example_dags/example_bash_decorator.py
[2025-04-03T15:19:49.680+0000] {logging_mixin.py:190} INFO - [2025-04-03T15:19:49.680+0000] {dag.py:3239} INFO - Sync 1 DAGs
[2025-04-03T15:19:49.701+0000] {logging_mixin.py:190} INFO - [2025-04-03T15:19:49.701+0000] {dag.py:4180} INFO - Setting next_dagrun for example_bash_decorator to None, run_after=None
[2025-04-03T15:19:49.737+0000] {processor.py:208} INFO - Processing /home/hamza/Documents/project/Mlops/myenv/lib/python3.12/site-packages/airflow/example_dags/example_bash_decorator.py took 0.130 seconds
[2025-04-03T15:21:22.223+0000] {processor.py:186} INFO - Started process (PID=43856) to work on /home/hamza/Documents/project/Mlops/myenv/lib/python3.12/site-packages/airflow/example_dags/example_bash_decorator.py
[2025-04-03T15:21:22.226+0000] {processor.py:914} INFO - Processing file /home/hamza/Documents/project/Mlops/myenv/lib/python3.12/site-packages/airflow/example_dags/example_bash_decorator.py for tasks to queue
[2025-04-03T15:21:22.230+0000] {logging_mixin.py:190} INFO - [2025-04-03T15:21:22.229+0000] {dagbag.py:588} INFO - Filling up the DagBag from /home/hamza/Documents/project/Mlops/myenv/lib/python3.12/site-packages/airflow/example_dags/example_bash_decorator.py
[2025-04-03T15:21:22.255+0000] {processor.py:925} INFO - DAG(s) 'example_bash_decorator' retrieved from /home/hamza/Documents/project/Mlops/myenv/lib/python3.12/site-packages/airflow/example_dags/example_bash_decorator.py
[2025-04-03T15:21:22.286+0000] {logging_mixin.py:190} INFO - [2025-04-03T15:21:22.285+0000] {dag.py:3239} INFO - Sync 1 DAGs
[2025-04-03T15:21:22.305+0000] {logging_mixin.py:190} INFO - [2025-04-03T15:21:22.305+0000] {dag.py:4180} INFO - Setting next_dagrun for example_bash_decorator to None, run_after=None
[2025-04-03T15:21:22.341+0000] {processor.py:208} INFO - Processing /home/hamza/Documents/project/Mlops/myenv/lib/python3.12/site-packages/airflow/example_dags/example_bash_decorator.py took 0.126 seconds
[2025-04-03T15:22:58.548+0000] {processor.py:186} INFO - Started process (PID=44762) to work on /home/hamza/Documents/project/Mlops/myenv/lib/python3.12/site-packages/airflow/example_dags/example_bash_decorator.py
[2025-04-03T15:22:58.550+0000] {processor.py:914} INFO - Processing file /home/hamza/Documents/project/Mlops/myenv/lib/python3.12/site-packages/airflow/example_dags/example_bash_decorator.py for tasks to queue
[2025-04-03T15:22:58.554+0000] {logging_mixin.py:190} INFO - [2025-04-03T15:22:58.554+0000] {dagbag.py:588} INFO - Filling up the DagBag from /home/hamza/Documents/project/Mlops/myenv/lib/python3.12/site-packages/airflow/example_dags/example_bash_decorator.py
[2025-04-03T15:22:58.580+0000] {processor.py:925} INFO - DAG(s) 'example_bash_decorator' retrieved from /home/hamza/Documents/project/Mlops/myenv/lib/python3.12/site-packages/airflow/example_dags/example_bash_decorator.py
[2025-04-03T15:22:58.611+0000] {logging_mixin.py:190} INFO - [2025-04-03T15:22:58.610+0000] {dag.py:3239} INFO - Sync 1 DAGs
[2025-04-03T15:22:58.632+0000] {logging_mixin.py:190} INFO - [2025-04-03T15:22:58.632+0000] {dag.py:4180} INFO - Setting next_dagrun for example_bash_decorator to None, run_after=None
[2025-04-03T15:22:58.669+0000] {processor.py:208} INFO - Processing /home/hamza/Documents/project/Mlops/myenv/lib/python3.12/site-packages/airflow/example_dags/example_bash_decorator.py took 0.131 seconds
[2025-04-03T15:24:34.867+0000] {processor.py:186} INFO - Started process (PID=45738) to work on /home/hamza/Documents/project/Mlops/myenv/lib/python3.12/site-packages/airflow/example_dags/example_bash_decorator.py
[2025-04-03T15:24:34.869+0000] {processor.py:914} INFO - Processing file /home/hamza/Documents/project/Mlops/myenv/lib/python3.12/site-packages/airflow/example_dags/example_bash_decorator.py for tasks to queue
[2025-04-03T15:24:34.873+0000] {logging_mixin.py:190} INFO - [2025-04-03T15:24:34.872+0000] {dagbag.py:588} INFO - Filling up the DagBag from /home/hamza/Documents/project/Mlops/myenv/lib/python3.12/site-packages/airflow/example_dags/example_bash_decorator.py
[2025-04-03T15:24:34.901+0000] {processor.py:925} INFO - DAG(s) 'example_bash_decorator' retrieved from /home/hamza/Documents/project/Mlops/myenv/lib/python3.12/site-packages/airflow/example_dags/example_bash_decorator.py
[2025-04-03T15:24:34.938+0000] {logging_mixin.py:190} INFO - [2025-04-03T15:24:34.937+0000] {dag.py:3239} INFO - Sync 1 DAGs
[2025-04-03T15:24:34.961+0000] {logging_mixin.py:190} INFO - [2025-04-03T15:24:34.960+0000] {dag.py:4180} INFO - Setting next_dagrun for example_bash_decorator to None, run_after=None
[2025-04-03T15:24:34.998+0000] {processor.py:208} INFO - Processing /home/hamza/Documents/project/Mlops/myenv/lib/python3.12/site-packages/airflow/example_dags/example_bash_decorator.py took 0.141 seconds
[2025-04-03T15:26:04.839+0000] {processor.py:186} INFO - Started process (PID=46608) to work on /home/hamza/Documents/project/Mlops/myenv/lib/python3.12/site-packages/airflow/example_dags/example_bash_decorator.py
[2025-04-03T15:26:04.840+0000] {processor.py:914} INFO - Processing file /home/hamza/Documents/project/Mlops/myenv/lib/python3.12/site-packages/airflow/example_dags/example_bash_decorator.py for tasks to queue
[2025-04-03T15:26:04.844+0000] {logging_mixin.py:190} INFO - [2025-04-03T15:26:04.843+0000] {dagbag.py:588} INFO - Filling up the DagBag from /home/hamza/Documents/project/Mlops/myenv/lib/python3.12/site-packages/airflow/example_dags/example_bash_decorator.py
[2025-04-03T15:26:04.870+0000] {processor.py:925} INFO - DAG(s) 'example_bash_decorator' retrieved from /home/hamza/Documents/project/Mlops/myenv/lib/python3.12/site-packages/airflow/example_dags/example_bash_decorator.py
[2025-04-03T15:26:04.900+0000] {logging_mixin.py:190} INFO - [2025-04-03T15:26:04.899+0000] {dag.py:3239} INFO - Sync 1 DAGs
[2025-04-03T15:26:04.920+0000] {logging_mixin.py:190} INFO - [2025-04-03T15:26:04.920+0000] {dag.py:4180} INFO - Setting next_dagrun for example_bash_decorator to None, run_after=None
[2025-04-03T15:26:04.954+0000] {processor.py:208} INFO - Processing /home/hamza/Documents/project/Mlops/myenv/lib/python3.12/site-packages/airflow/example_dags/example_bash_decorator.py took 0.124 seconds
[2025-04-03T16:32:34.624+0000] {processor.py:186} INFO - Started process (PID=83393) to work on /home/hamza/Documents/project/Mlops/myenv/lib/python3.12/site-packages/airflow/example_dags/example_bash_decorator.py
[2025-04-03T16:32:34.626+0000] {processor.py:914} INFO - Processing file /home/hamza/Documents/project/Mlops/myenv/lib/python3.12/site-packages/airflow/example_dags/example_bash_decorator.py for tasks to queue
[2025-04-03T16:32:34.629+0000] {logging_mixin.py:190} INFO - [2025-04-03T16:32:34.628+0000] {dagbag.py:588} INFO - Filling up the DagBag from /home/hamza/Documents/project/Mlops/myenv/lib/python3.12/site-packages/airflow/example_dags/example_bash_decorator.py
[2025-04-03T16:32:34.660+0000] {processor.py:925} INFO - DAG(s) 'example_bash_decorator' retrieved from /home/hamza/Documents/project/Mlops/myenv/lib/python3.12/site-packages/airflow/example_dags/example_bash_decorator.py
[2025-04-03T16:32:34.856+0000] {logging_mixin.py:190} INFO - [2025-04-03T16:32:34.856+0000] {dag.py:3239} INFO - Sync 1 DAGs
[2025-04-03T16:32:34.875+0000] {logging_mixin.py:190} INFO - [2025-04-03T16:32:34.874+0000] {dag.py:4180} INFO - Setting next_dagrun for example_bash_decorator to None, run_after=None
[2025-04-03T16:32:34.911+0000] {processor.py:208} INFO - Processing /home/hamza/Documents/project/Mlops/myenv/lib/python3.12/site-packages/airflow/example_dags/example_bash_decorator.py took 0.296 seconds
[2025-04-03T16:34:45.449+0000] {processor.py:186} INFO - Started process (PID=84609) to work on /home/hamza/Documents/project/Mlops/myenv/lib/python3.12/site-packages/airflow/example_dags/example_bash_decorator.py
[2025-04-03T16:34:45.451+0000] {processor.py:914} INFO - Processing file /home/hamza/Documents/project/Mlops/myenv/lib/python3.12/site-packages/airflow/example_dags/example_bash_decorator.py for tasks to queue
[2025-04-03T16:34:45.455+0000] {logging_mixin.py:190} INFO - [2025-04-03T16:34:45.454+0000] {dagbag.py:588} INFO - Filling up the DagBag from /home/hamza/Documents/project/Mlops/myenv/lib/python3.12/site-packages/airflow/example_dags/example_bash_decorator.py
[2025-04-03T16:34:45.485+0000] {processor.py:925} INFO - DAG(s) 'example_bash_decorator' retrieved from /home/hamza/Documents/project/Mlops/myenv/lib/python3.12/site-packages/airflow/example_dags/example_bash_decorator.py
[2025-04-03T16:34:45.652+0000] {logging_mixin.py:190} INFO - [2025-04-03T16:34:45.651+0000] {dag.py:3239} INFO - Sync 1 DAGs
[2025-04-03T16:34:45.670+0000] {logging_mixin.py:190} INFO - [2025-04-03T16:34:45.669+0000] {dag.py:4180} INFO - Setting next_dagrun for example_bash_decorator to None, run_after=None
[2025-04-03T16:34:45.705+0000] {processor.py:208} INFO - Processing /home/hamza/Documents/project/Mlops/myenv/lib/python3.12/site-packages/airflow/example_dags/example_bash_decorator.py took 0.265 seconds
[2025-04-03T16:36:33.531+0000] {processor.py:186} INFO - Started process (PID=85543) to work on /home/hamza/Documents/project/Mlops/myenv/lib/python3.12/site-packages/airflow/example_dags/example_bash_decorator.py
[2025-04-03T16:36:33.532+0000] {processor.py:914} INFO - Processing file /home/hamza/Documents/project/Mlops/myenv/lib/python3.12/site-packages/airflow/example_dags/example_bash_decorator.py for tasks to queue
[2025-04-03T16:36:33.538+0000] {logging_mixin.py:190} INFO - [2025-04-03T16:36:33.537+0000] {dagbag.py:588} INFO - Filling up the DagBag from /home/hamza/Documents/project/Mlops/myenv/lib/python3.12/site-packages/airflow/example_dags/example_bash_decorator.py
[2025-04-03T16:36:33.577+0000] {processor.py:925} INFO - DAG(s) 'example_bash_decorator' retrieved from /home/hamza/Documents/project/Mlops/myenv/lib/python3.12/site-packages/airflow/example_dags/example_bash_decorator.py
[2025-04-03T16:36:33.611+0000] {logging_mixin.py:190} INFO - [2025-04-03T16:36:33.610+0000] {dag.py:3239} INFO - Sync 1 DAGs
[2025-04-03T16:36:33.633+0000] {logging_mixin.py:190} INFO - [2025-04-03T16:36:33.633+0000] {dag.py:4180} INFO - Setting next_dagrun for example_bash_decorator to None, run_after=None
[2025-04-03T16:36:33.672+0000] {processor.py:208} INFO - Processing /home/hamza/Documents/project/Mlops/myenv/lib/python3.12/site-packages/airflow/example_dags/example_bash_decorator.py took 0.153 seconds
[2025-04-03T16:38:02.616+0000] {processor.py:186} INFO - Started process (PID=86312) to work on /home/hamza/Documents/project/Mlops/myenv/lib/python3.12/site-packages/airflow/example_dags/example_bash_decorator.py
[2025-04-03T16:38:02.617+0000] {processor.py:914} INFO - Processing file /home/hamza/Documents/project/Mlops/myenv/lib/python3.12/site-packages/airflow/example_dags/example_bash_decorator.py for tasks to queue
[2025-04-03T16:38:02.621+0000] {logging_mixin.py:190} INFO - [2025-04-03T16:38:02.620+0000] {dagbag.py:588} INFO - Filling up the DagBag from /home/hamza/Documents/project/Mlops/myenv/lib/python3.12/site-packages/airflow/example_dags/example_bash_decorator.py
[2025-04-03T16:38:02.651+0000] {processor.py:925} INFO - DAG(s) 'example_bash_decorator' retrieved from /home/hamza/Documents/project/Mlops/myenv/lib/python3.12/site-packages/airflow/example_dags/example_bash_decorator.py
[2025-04-03T16:38:02.686+0000] {logging_mixin.py:190} INFO - [2025-04-03T16:38:02.686+0000] {dag.py:3239} INFO - Sync 1 DAGs
[2025-04-03T16:38:02.710+0000] {logging_mixin.py:190} INFO - [2025-04-03T16:38:02.710+0000] {dag.py:4180} INFO - Setting next_dagrun for example_bash_decorator to None, run_after=None
[2025-04-03T16:38:02.751+0000] {processor.py:208} INFO - Processing /home/hamza/Documents/project/Mlops/myenv/lib/python3.12/site-packages/airflow/example_dags/example_bash_decorator.py took 0.146 seconds
[2025-04-03T16:39:35.319+0000] {processor.py:186} INFO - Started process (PID=87549) to work on /home/hamza/Documents/project/Mlops/myenv/lib/python3.12/site-packages/airflow/example_dags/example_bash_decorator.py
[2025-04-03T16:39:35.320+0000] {processor.py:914} INFO - Processing file /home/hamza/Documents/project/Mlops/myenv/lib/python3.12/site-packages/airflow/example_dags/example_bash_decorator.py for tasks to queue
[2025-04-03T16:39:35.325+0000] {logging_mixin.py:190} INFO - [2025-04-03T16:39:35.324+0000] {dagbag.py:588} INFO - Filling up the DagBag from /home/hamza/Documents/project/Mlops/myenv/lib/python3.12/site-packages/airflow/example_dags/example_bash_decorator.py
[2025-04-03T16:39:35.363+0000] {processor.py:925} INFO - DAG(s) 'example_bash_decorator' retrieved from /home/hamza/Documents/project/Mlops/myenv/lib/python3.12/site-packages/airflow/example_dags/example_bash_decorator.py
[2025-04-03T16:39:35.401+0000] {logging_mixin.py:190} INFO - [2025-04-03T16:39:35.400+0000] {dag.py:3239} INFO - Sync 1 DAGs
[2025-04-03T16:39:35.426+0000] {logging_mixin.py:190} INFO - [2025-04-03T16:39:35.425+0000] {dag.py:4180} INFO - Setting next_dagrun for example_bash_decorator to None, run_after=None
[2025-04-03T16:39:35.470+0000] {processor.py:208} INFO - Processing /home/hamza/Documents/project/Mlops/myenv/lib/python3.12/site-packages/airflow/example_dags/example_bash_decorator.py took 0.162 seconds
[2025-04-03T16:41:09.814+0000] {processor.py:186} INFO - Started process (PID=88494) to work on /home/hamza/Documents/project/Mlops/myenv/lib/python3.12/site-packages/airflow/example_dags/example_bash_decorator.py
[2025-04-03T16:41:09.815+0000] {processor.py:914} INFO - Processing file /home/hamza/Documents/project/Mlops/myenv/lib/python3.12/site-packages/airflow/example_dags/example_bash_decorator.py for tasks to queue
[2025-04-03T16:41:09.819+0000] {logging_mixin.py:190} INFO - [2025-04-03T16:41:09.818+0000] {dagbag.py:588} INFO - Filling up the DagBag from /home/hamza/Documents/project/Mlops/myenv/lib/python3.12/site-packages/airflow/example_dags/example_bash_decorator.py
[2025-04-03T16:41:09.846+0000] {processor.py:925} INFO - DAG(s) 'example_bash_decorator' retrieved from /home/hamza/Documents/project/Mlops/myenv/lib/python3.12/site-packages/airflow/example_dags/example_bash_decorator.py
[2025-04-03T16:41:09.887+0000] {logging_mixin.py:190} INFO - [2025-04-03T16:41:09.887+0000] {dag.py:3239} INFO - Sync 1 DAGs
[2025-04-03T16:41:09.909+0000] {logging_mixin.py:190} INFO - [2025-04-03T16:41:09.908+0000] {dag.py:4180} INFO - Setting next_dagrun for example_bash_decorator to None, run_after=None
[2025-04-03T16:41:09.944+0000] {processor.py:208} INFO - Processing /home/hamza/Documents/project/Mlops/myenv/lib/python3.12/site-packages/airflow/example_dags/example_bash_decorator.py took 0.140 seconds
[2025-04-03T16:42:45.887+0000] {processor.py:186} INFO - Started process (PID=89269) to work on /home/hamza/Documents/project/Mlops/myenv/lib/python3.12/site-packages/airflow/example_dags/example_bash_decorator.py
[2025-04-03T16:42:45.888+0000] {processor.py:914} INFO - Processing file /home/hamza/Documents/project/Mlops/myenv/lib/python3.12/site-packages/airflow/example_dags/example_bash_decorator.py for tasks to queue
[2025-04-03T16:42:45.892+0000] {logging_mixin.py:190} INFO - [2025-04-03T16:42:45.891+0000] {dagbag.py:588} INFO - Filling up the DagBag from /home/hamza/Documents/project/Mlops/myenv/lib/python3.12/site-packages/airflow/example_dags/example_bash_decorator.py
[2025-04-03T16:42:45.920+0000] {processor.py:925} INFO - DAG(s) 'example_bash_decorator' retrieved from /home/hamza/Documents/project/Mlops/myenv/lib/python3.12/site-packages/airflow/example_dags/example_bash_decorator.py
[2025-04-03T16:42:45.964+0000] {logging_mixin.py:190} INFO - [2025-04-03T16:42:45.963+0000] {dag.py:3239} INFO - Sync 1 DAGs
[2025-04-03T16:42:45.987+0000] {logging_mixin.py:190} INFO - [2025-04-03T16:42:45.987+0000] {dag.py:4180} INFO - Setting next_dagrun for example_bash_decorator to None, run_after=None
[2025-04-03T16:42:46.026+0000] {processor.py:208} INFO - Processing /home/hamza/Documents/project/Mlops/myenv/lib/python3.12/site-packages/airflow/example_dags/example_bash_decorator.py took 0.149 seconds
[2025-04-03T16:44:21.166+0000] {processor.py:186} INFO - Started process (PID=89979) to work on /home/hamza/Documents/project/Mlops/myenv/lib/python3.12/site-packages/airflow/example_dags/example_bash_decorator.py
[2025-04-03T16:44:21.169+0000] {processor.py:914} INFO - Processing file /home/hamza/Documents/project/Mlops/myenv/lib/python3.12/site-packages/airflow/example_dags/example_bash_decorator.py for tasks to queue
[2025-04-03T16:44:21.172+0000] {logging_mixin.py:190} INFO - [2025-04-03T16:44:21.171+0000] {dagbag.py:588} INFO - Filling up the DagBag from /home/hamza/Documents/project/Mlops/myenv/lib/python3.12/site-packages/airflow/example_dags/example_bash_decorator.py
[2025-04-03T16:44:21.201+0000] {processor.py:925} INFO - DAG(s) 'example_bash_decorator' retrieved from /home/hamza/Documents/project/Mlops/myenv/lib/python3.12/site-packages/airflow/example_dags/example_bash_decorator.py
[2025-04-03T16:44:21.234+0000] {logging_mixin.py:190} INFO - [2025-04-03T16:44:21.233+0000] {dag.py:3239} INFO - Sync 1 DAGs
[2025-04-03T16:44:21.255+0000] {logging_mixin.py:190} INFO - [2025-04-03T16:44:21.255+0000] {dag.py:4180} INFO - Setting next_dagrun for example_bash_decorator to None, run_after=None
[2025-04-03T16:44:21.294+0000] {processor.py:208} INFO - Processing /home/hamza/Documents/project/Mlops/myenv/lib/python3.12/site-packages/airflow/example_dags/example_bash_decorator.py took 0.137 seconds
[2025-04-03T16:45:56.510+0000] {processor.py:186} INFO - Started process (PID=90798) to work on /home/hamza/Documents/project/Mlops/myenv/lib/python3.12/site-packages/airflow/example_dags/example_bash_decorator.py
[2025-04-03T16:45:56.512+0000] {processor.py:914} INFO - Processing file /home/hamza/Documents/project/Mlops/myenv/lib/python3.12/site-packages/airflow/example_dags/example_bash_decorator.py for tasks to queue
[2025-04-03T16:45:56.515+0000] {logging_mixin.py:190} INFO - [2025-04-03T16:45:56.515+0000] {dagbag.py:588} INFO - Filling up the DagBag from /home/hamza/Documents/project/Mlops/myenv/lib/python3.12/site-packages/airflow/example_dags/example_bash_decorator.py
[2025-04-03T16:45:56.544+0000] {processor.py:925} INFO - DAG(s) 'example_bash_decorator' retrieved from /home/hamza/Documents/project/Mlops/myenv/lib/python3.12/site-packages/airflow/example_dags/example_bash_decorator.py
[2025-04-03T16:45:56.576+0000] {logging_mixin.py:190} INFO - [2025-04-03T16:45:56.576+0000] {dag.py:3239} INFO - Sync 1 DAGs
[2025-04-03T16:45:56.597+0000] {logging_mixin.py:190} INFO - [2025-04-03T16:45:56.597+0000] {dag.py:4180} INFO - Setting next_dagrun for example_bash_decorator to None, run_after=None
[2025-04-03T16:45:56.633+0000] {processor.py:208} INFO - Processing /home/hamza/Documents/project/Mlops/myenv/lib/python3.12/site-packages/airflow/example_dags/example_bash_decorator.py took 0.133 seconds
[2025-04-03T16:47:30.935+0000] {processor.py:186} INFO - Started process (PID=91659) to work on /home/hamza/Documents/project/Mlops/myenv/lib/python3.12/site-packages/airflow/example_dags/example_bash_decorator.py
[2025-04-03T16:47:30.937+0000] {processor.py:914} INFO - Processing file /home/hamza/Documents/project/Mlops/myenv/lib/python3.12/site-packages/airflow/example_dags/example_bash_decorator.py for tasks to queue
[2025-04-03T16:47:30.941+0000] {logging_mixin.py:190} INFO - [2025-04-03T16:47:30.940+0000] {dagbag.py:588} INFO - Filling up the DagBag from /home/hamza/Documents/project/Mlops/myenv/lib/python3.12/site-packages/airflow/example_dags/example_bash_decorator.py
[2025-04-03T16:47:30.968+0000] {processor.py:925} INFO - DAG(s) 'example_bash_decorator' retrieved from /home/hamza/Documents/project/Mlops/myenv/lib/python3.12/site-packages/airflow/example_dags/example_bash_decorator.py
[2025-04-03T16:47:31.002+0000] {logging_mixin.py:190} INFO - [2025-04-03T16:47:31.002+0000] {dag.py:3239} INFO - Sync 1 DAGs
[2025-04-03T16:47:31.023+0000] {logging_mixin.py:190} INFO - [2025-04-03T16:47:31.023+0000] {dag.py:4180} INFO - Setting next_dagrun for example_bash_decorator to None, run_after=None
[2025-04-03T16:47:31.061+0000] {processor.py:208} INFO - Processing /home/hamza/Documents/project/Mlops/myenv/lib/python3.12/site-packages/airflow/example_dags/example_bash_decorator.py took 0.134 seconds
[2025-04-03T16:49:12.381+0000] {processor.py:186} INFO - Started process (PID=92510) to work on /home/hamza/Documents/project/Mlops/myenv/lib/python3.12/site-packages/airflow/example_dags/example_bash_decorator.py
[2025-04-03T16:49:12.383+0000] {processor.py:914} INFO - Processing file /home/hamza/Documents/project/Mlops/myenv/lib/python3.12/site-packages/airflow/example_dags/example_bash_decorator.py for tasks to queue
[2025-04-03T16:49:12.386+0000] {logging_mixin.py:190} INFO - [2025-04-03T16:49:12.386+0000] {dagbag.py:588} INFO - Filling up the DagBag from /home/hamza/Documents/project/Mlops/myenv/lib/python3.12/site-packages/airflow/example_dags/example_bash_decorator.py
[2025-04-03T16:49:12.414+0000] {processor.py:925} INFO - DAG(s) 'example_bash_decorator' retrieved from /home/hamza/Documents/project/Mlops/myenv/lib/python3.12/site-packages/airflow/example_dags/example_bash_decorator.py
[2025-04-03T16:49:12.445+0000] {logging_mixin.py:190} INFO - [2025-04-03T16:49:12.445+0000] {dag.py:3239} INFO - Sync 1 DAGs
[2025-04-03T16:49:12.465+0000] {logging_mixin.py:190} INFO - [2025-04-03T16:49:12.465+0000] {dag.py:4180} INFO - Setting next_dagrun for example_bash_decorator to None, run_after=None
[2025-04-03T16:49:12.500+0000] {processor.py:208} INFO - Processing /home/hamza/Documents/project/Mlops/myenv/lib/python3.12/site-packages/airflow/example_dags/example_bash_decorator.py took 0.129 seconds
[2025-04-03T16:50:49.231+0000] {processor.py:186} INFO - Started process (PID=93342) to work on /home/hamza/Documents/project/Mlops/myenv/lib/python3.12/site-packages/airflow/example_dags/example_bash_decorator.py
[2025-04-03T16:50:49.233+0000] {processor.py:914} INFO - Processing file /home/hamza/Documents/project/Mlops/myenv/lib/python3.12/site-packages/airflow/example_dags/example_bash_decorator.py for tasks to queue
[2025-04-03T16:50:49.237+0000] {logging_mixin.py:190} INFO - [2025-04-03T16:50:49.237+0000] {dagbag.py:588} INFO - Filling up the DagBag from /home/hamza/Documents/project/Mlops/myenv/lib/python3.12/site-packages/airflow/example_dags/example_bash_decorator.py
[2025-04-03T16:50:49.266+0000] {processor.py:925} INFO - DAG(s) 'example_bash_decorator' retrieved from /home/hamza/Documents/project/Mlops/myenv/lib/python3.12/site-packages/airflow/example_dags/example_bash_decorator.py
[2025-04-03T16:50:49.300+0000] {logging_mixin.py:190} INFO - [2025-04-03T16:50:49.299+0000] {dag.py:3239} INFO - Sync 1 DAGs
[2025-04-03T16:50:49.324+0000] {logging_mixin.py:190} INFO - [2025-04-03T16:50:49.324+0000] {dag.py:4180} INFO - Setting next_dagrun for example_bash_decorator to None, run_after=None
[2025-04-03T16:50:49.364+0000] {processor.py:208} INFO - Processing /home/hamza/Documents/project/Mlops/myenv/lib/python3.12/site-packages/airflow/example_dags/example_bash_decorator.py took 0.142 seconds
[2025-04-03T16:52:30.511+0000] {processor.py:186} INFO - Started process (PID=94176) to work on /home/hamza/Documents/project/Mlops/myenv/lib/python3.12/site-packages/airflow/example_dags/example_bash_decorator.py
[2025-04-03T16:52:30.513+0000] {processor.py:914} INFO - Processing file /home/hamza/Documents/project/Mlops/myenv/lib/python3.12/site-packages/airflow/example_dags/example_bash_decorator.py for tasks to queue
[2025-04-03T16:52:30.518+0000] {logging_mixin.py:190} INFO - [2025-04-03T16:52:30.517+0000] {dagbag.py:588} INFO - Filling up the DagBag from /home/hamza/Documents/project/Mlops/myenv/lib/python3.12/site-packages/airflow/example_dags/example_bash_decorator.py
[2025-04-03T16:52:30.550+0000] {processor.py:925} INFO - DAG(s) 'example_bash_decorator' retrieved from /home/hamza/Documents/project/Mlops/myenv/lib/python3.12/site-packages/airflow/example_dags/example_bash_decorator.py
[2025-04-03T16:52:30.588+0000] {logging_mixin.py:190} INFO - [2025-04-03T16:52:30.587+0000] {dag.py:3239} INFO - Sync 1 DAGs
[2025-04-03T16:52:30.615+0000] {logging_mixin.py:190} INFO - [2025-04-03T16:52:30.614+0000] {dag.py:4180} INFO - Setting next_dagrun for example_bash_decorator to None, run_after=None
[2025-04-03T16:52:30.656+0000] {processor.py:208} INFO - Processing /home/hamza/Documents/project/Mlops/myenv/lib/python3.12/site-packages/airflow/example_dags/example_bash_decorator.py took 0.156 seconds
[2025-04-03T16:54:06.737+0000] {processor.py:186} INFO - Started process (PID=95022) to work on /home/hamza/Documents/project/Mlops/myenv/lib/python3.12/site-packages/airflow/example_dags/example_bash_decorator.py
[2025-04-03T16:54:06.738+0000] {processor.py:914} INFO - Processing file /home/hamza/Documents/project/Mlops/myenv/lib/python3.12/site-packages/airflow/example_dags/example_bash_decorator.py for tasks to queue
[2025-04-03T16:54:06.743+0000] {logging_mixin.py:190} INFO - [2025-04-03T16:54:06.742+0000] {dagbag.py:588} INFO - Filling up the DagBag from /home/hamza/Documents/project/Mlops/myenv/lib/python3.12/site-packages/airflow/example_dags/example_bash_decorator.py
[2025-04-03T16:54:06.774+0000] {processor.py:925} INFO - DAG(s) 'example_bash_decorator' retrieved from /home/hamza/Documents/project/Mlops/myenv/lib/python3.12/site-packages/airflow/example_dags/example_bash_decorator.py
[2025-04-03T16:54:06.809+0000] {logging_mixin.py:190} INFO - [2025-04-03T16:54:06.809+0000] {dag.py:3239} INFO - Sync 1 DAGs
[2025-04-03T16:54:06.835+0000] {logging_mixin.py:190} INFO - [2025-04-03T16:54:06.834+0000] {dag.py:4180} INFO - Setting next_dagrun for example_bash_decorator to None, run_after=None
[2025-04-03T16:54:06.877+0000] {processor.py:208} INFO - Processing /home/hamza/Documents/project/Mlops/myenv/lib/python3.12/site-packages/airflow/example_dags/example_bash_decorator.py took 0.150 seconds
[2025-04-03T16:55:51.024+0000] {processor.py:186} INFO - Started process (PID=96078) to work on /home/hamza/Documents/project/Mlops/myenv/lib/python3.12/site-packages/airflow/example_dags/example_bash_decorator.py
[2025-04-03T16:55:51.025+0000] {processor.py:914} INFO - Processing file /home/hamza/Documents/project/Mlops/myenv/lib/python3.12/site-packages/airflow/example_dags/example_bash_decorator.py for tasks to queue
[2025-04-03T16:55:51.029+0000] {logging_mixin.py:190} INFO - [2025-04-03T16:55:51.029+0000] {dagbag.py:588} INFO - Filling up the DagBag from /home/hamza/Documents/project/Mlops/myenv/lib/python3.12/site-packages/airflow/example_dags/example_bash_decorator.py
[2025-04-03T16:55:51.058+0000] {processor.py:925} INFO - DAG(s) 'example_bash_decorator' retrieved from /home/hamza/Documents/project/Mlops/myenv/lib/python3.12/site-packages/airflow/example_dags/example_bash_decorator.py
[2025-04-03T16:55:51.089+0000] {logging_mixin.py:190} INFO - [2025-04-03T16:55:51.089+0000] {dag.py:3239} INFO - Sync 1 DAGs
[2025-04-03T16:55:51.110+0000] {logging_mixin.py:190} INFO - [2025-04-03T16:55:51.109+0000] {dag.py:4180} INFO - Setting next_dagrun for example_bash_decorator to None, run_after=None
[2025-04-03T16:55:51.145+0000] {processor.py:208} INFO - Processing /home/hamza/Documents/project/Mlops/myenv/lib/python3.12/site-packages/airflow/example_dags/example_bash_decorator.py took 0.132 seconds
