[2025-04-03T13:43:30.268+0000] {processor.py:186} INFO - Started process (PID=98327) to work on /home/hamza/Documents/project/Mlops/myenv/lib/python3.12/site-packages/airflow/example_dags/example_sla_dag.py
[2025-04-03T13:43:30.269+0000] {processor.py:914} INFO - Processing file /home/hamza/Documents/project/Mlops/myenv/lib/python3.12/site-packages/airflow/example_dags/example_sla_dag.py for tasks to queue
[2025-04-03T13:43:30.273+0000] {logging_mixin.py:190} INFO - [2025-04-03T13:43:30.272+0000] {dagbag.py:588} INFO - Filling up the DagBag from /home/hamza/Documents/project/Mlops/myenv/lib/python3.12/site-packages/airflow/example_dags/example_sla_dag.py
[2025-04-03T13:43:30.294+0000] {processor.py:925} INFO - DAG(s) 'example_sla_dag' retrieved from /home/hamza/Documents/project/Mlops/myenv/lib/python3.12/site-packages/airflow/example_dags/example_sla_dag.py
[2025-04-03T13:43:30.457+0000] {logging_mixin.py:190} INFO - [2025-04-03T13:43:30.455+0000] {override.py:1930} INFO - Created Permission View: can delete on DAG:example_sla_dag
[2025-04-03T13:43:30.475+0000] {logging_mixin.py:190} INFO - [2025-04-03T13:43:30.474+0000] {override.py:1930} INFO - Created Permission View: can read on DAG:example_sla_dag
[2025-04-03T13:43:30.489+0000] {logging_mixin.py:190} INFO - [2025-04-03T13:43:30.488+0000] {override.py:1930} INFO - Created Permission View: can edit on DAG:example_sla_dag
[2025-04-03T13:43:30.509+0000] {logging_mixin.py:190} INFO - [2025-04-03T13:43:30.508+0000] {override.py:1930} INFO - Created Permission View: can delete on DAG Run:example_sla_dag
[2025-04-03T13:43:30.526+0000] {logging_mixin.py:190} INFO - [2025-04-03T13:43:30.525+0000] {override.py:1930} INFO - Created Permission View: can read on DAG Run:example_sla_dag
[2025-04-03T13:43:30.539+0000] {logging_mixin.py:190} INFO - [2025-04-03T13:43:30.538+0000] {override.py:1930} INFO - Created Permission View: menu access on DAG Run:example_sla_dag
[2025-04-03T13:43:30.552+0000] {logging_mixin.py:190} INFO - [2025-04-03T13:43:30.552+0000] {override.py:1930} INFO - Created Permission View: can create on DAG Run:example_sla_dag
[2025-04-03T13:43:30.553+0000] {logging_mixin.py:190} INFO - [2025-04-03T13:43:30.553+0000] {dag.py:3239} INFO - Sync 1 DAGs
[2025-04-03T13:43:30.573+0000] {logging_mixin.py:190} INFO - [2025-04-03T13:43:30.573+0000] {dag.py:3262} INFO - Creating ORM DAG for example_sla_dag
[2025-04-03T13:43:30.593+0000] {logging_mixin.py:190} INFO - [2025-04-03T13:43:30.592+0000] {dag.py:4180} INFO - Setting next_dagrun for example_sla_dag to 2025-04-03 13:40:00+00:00, run_after=2025-04-03 13:42:00+00:00
[2025-04-03T13:43:30.620+0000] {processor.py:208} INFO - Processing /home/hamza/Documents/project/Mlops/myenv/lib/python3.12/site-packages/airflow/example_dags/example_sla_dag.py took 0.363 seconds
[2025-04-03T13:44:45.482+0000] {processor.py:186} INFO - Started process (PID=99458) to work on /home/hamza/Documents/project/Mlops/myenv/lib/python3.12/site-packages/airflow/example_dags/example_sla_dag.py
[2025-04-03T13:44:45.484+0000] {processor.py:914} INFO - Processing file /home/hamza/Documents/project/Mlops/myenv/lib/python3.12/site-packages/airflow/example_dags/example_sla_dag.py for tasks to queue
[2025-04-03T13:44:45.487+0000] {logging_mixin.py:190} INFO - [2025-04-03T13:44:45.487+0000] {dagbag.py:588} INFO - Filling up the DagBag from /home/hamza/Documents/project/Mlops/myenv/lib/python3.12/site-packages/airflow/example_dags/example_sla_dag.py
[2025-04-03T13:44:45.506+0000] {processor.py:925} INFO - DAG(s) 'example_sla_dag' retrieved from /home/hamza/Documents/project/Mlops/myenv/lib/python3.12/site-packages/airflow/example_dags/example_sla_dag.py
[2025-04-03T13:44:45.533+0000] {logging_mixin.py:190} INFO - [2025-04-03T13:44:45.532+0000] {dag.py:3239} INFO - Sync 1 DAGs
[2025-04-03T13:44:45.573+0000] {logging_mixin.py:190} INFO - [2025-04-03T13:44:45.572+0000] {dag.py:4180} INFO - Setting next_dagrun for example_sla_dag to 2025-04-03 13:42:00+00:00, run_after=2025-04-03 13:44:00+00:00
[2025-04-03T13:44:45.613+0000] {processor.py:208} INFO - Processing /home/hamza/Documents/project/Mlops/myenv/lib/python3.12/site-packages/airflow/example_dags/example_sla_dag.py took 0.140 seconds
[2025-04-03T13:45:51.810+0000] {processor.py:186} INFO - Started process (PID=100025) to work on /home/hamza/Documents/project/Mlops/myenv/lib/python3.12/site-packages/airflow/example_dags/example_sla_dag.py
[2025-04-03T13:45:51.813+0000] {processor.py:914} INFO - Processing file /home/hamza/Documents/project/Mlops/myenv/lib/python3.12/site-packages/airflow/example_dags/example_sla_dag.py for tasks to queue
[2025-04-03T13:45:51.817+0000] {logging_mixin.py:190} INFO - [2025-04-03T13:45:51.816+0000] {dagbag.py:588} INFO - Filling up the DagBag from /home/hamza/Documents/project/Mlops/myenv/lib/python3.12/site-packages/airflow/example_dags/example_sla_dag.py
[2025-04-03T13:45:51.834+0000] {processor.py:925} INFO - DAG(s) 'example_sla_dag' retrieved from /home/hamza/Documents/project/Mlops/myenv/lib/python3.12/site-packages/airflow/example_dags/example_sla_dag.py
[2025-04-03T13:45:51.860+0000] {logging_mixin.py:190} INFO - [2025-04-03T13:45:51.859+0000] {dag.py:3239} INFO - Sync 1 DAGs
[2025-04-03T13:45:51.901+0000] {logging_mixin.py:190} INFO - [2025-04-03T13:45:51.901+0000] {dag.py:4180} INFO - Setting next_dagrun for example_sla_dag to 2025-04-03 13:42:00+00:00, run_after=2025-04-03 13:44:00+00:00
[2025-04-03T13:45:51.938+0000] {processor.py:208} INFO - Processing /home/hamza/Documents/project/Mlops/myenv/lib/python3.12/site-packages/airflow/example_dags/example_sla_dag.py took 0.136 seconds
[2025-04-03T13:47:00.225+0000] {processor.py:186} INFO - Started process (PID=100766) to work on /home/hamza/Documents/project/Mlops/myenv/lib/python3.12/site-packages/airflow/example_dags/example_sla_dag.py
[2025-04-03T13:47:00.228+0000] {processor.py:914} INFO - Processing file /home/hamza/Documents/project/Mlops/myenv/lib/python3.12/site-packages/airflow/example_dags/example_sla_dag.py for tasks to queue
[2025-04-03T13:47:00.232+0000] {logging_mixin.py:190} INFO - [2025-04-03T13:47:00.232+0000] {dagbag.py:588} INFO - Filling up the DagBag from /home/hamza/Documents/project/Mlops/myenv/lib/python3.12/site-packages/airflow/example_dags/example_sla_dag.py
[2025-04-03T13:47:00.250+0000] {processor.py:925} INFO - DAG(s) 'example_sla_dag' retrieved from /home/hamza/Documents/project/Mlops/myenv/lib/python3.12/site-packages/airflow/example_dags/example_sla_dag.py
[2025-04-03T13:47:00.274+0000] {logging_mixin.py:190} INFO - [2025-04-03T13:47:00.274+0000] {dag.py:3239} INFO - Sync 1 DAGs
[2025-04-03T13:47:00.313+0000] {logging_mixin.py:190} INFO - [2025-04-03T13:47:00.312+0000] {dag.py:4180} INFO - Setting next_dagrun for example_sla_dag to 2025-04-03 13:44:00+00:00, run_after=2025-04-03 13:46:00+00:00
[2025-04-03T13:47:00.348+0000] {processor.py:208} INFO - Processing /home/hamza/Documents/project/Mlops/myenv/lib/python3.12/site-packages/airflow/example_dags/example_sla_dag.py took 0.132 seconds
[2025-04-03T13:48:07.478+0000] {processor.py:186} INFO - Started process (PID=101610) to work on /home/hamza/Documents/project/Mlops/myenv/lib/python3.12/site-packages/airflow/example_dags/example_sla_dag.py
[2025-04-03T13:48:07.481+0000] {processor.py:914} INFO - Processing file /home/hamza/Documents/project/Mlops/myenv/lib/python3.12/site-packages/airflow/example_dags/example_sla_dag.py for tasks to queue
[2025-04-03T13:48:07.484+0000] {logging_mixin.py:190} INFO - [2025-04-03T13:48:07.484+0000] {dagbag.py:588} INFO - Filling up the DagBag from /home/hamza/Documents/project/Mlops/myenv/lib/python3.12/site-packages/airflow/example_dags/example_sla_dag.py
[2025-04-03T13:48:07.505+0000] {processor.py:925} INFO - DAG(s) 'example_sla_dag' retrieved from /home/hamza/Documents/project/Mlops/myenv/lib/python3.12/site-packages/airflow/example_dags/example_sla_dag.py
[2025-04-03T13:48:07.535+0000] {logging_mixin.py:190} INFO - [2025-04-03T13:48:07.534+0000] {dag.py:3239} INFO - Sync 1 DAGs
[2025-04-03T13:48:07.578+0000] {logging_mixin.py:190} INFO - [2025-04-03T13:48:07.578+0000] {dag.py:4180} INFO - Setting next_dagrun for example_sla_dag to 2025-04-03 13:46:00+00:00, run_after=2025-04-03 13:48:00+00:00
[2025-04-03T13:48:07.616+0000] {processor.py:208} INFO - Processing /home/hamza/Documents/project/Mlops/myenv/lib/python3.12/site-packages/airflow/example_dags/example_sla_dag.py took 0.147 seconds
[2025-04-03T13:49:43.872+0000] {processor.py:186} INFO - Started process (PID=102976) to work on /home/hamza/Documents/project/Mlops/myenv/lib/python3.12/site-packages/airflow/example_dags/example_sla_dag.py
[2025-04-03T13:49:43.875+0000] {processor.py:914} INFO - Processing file /home/hamza/Documents/project/Mlops/myenv/lib/python3.12/site-packages/airflow/example_dags/example_sla_dag.py for tasks to queue
[2025-04-03T13:49:43.879+0000] {logging_mixin.py:190} INFO - [2025-04-03T13:49:43.878+0000] {dagbag.py:588} INFO - Filling up the DagBag from /home/hamza/Documents/project/Mlops/myenv/lib/python3.12/site-packages/airflow/example_dags/example_sla_dag.py
[2025-04-03T13:49:43.899+0000] {processor.py:925} INFO - DAG(s) 'example_sla_dag' retrieved from /home/hamza/Documents/project/Mlops/myenv/lib/python3.12/site-packages/airflow/example_dags/example_sla_dag.py
[2025-04-03T13:49:43.926+0000] {logging_mixin.py:190} INFO - [2025-04-03T13:49:43.926+0000] {dag.py:3239} INFO - Sync 1 DAGs
[2025-04-03T13:49:43.962+0000] {logging_mixin.py:190} INFO - [2025-04-03T13:49:43.962+0000] {dag.py:4180} INFO - Setting next_dagrun for example_sla_dag to 2025-04-03 13:46:00+00:00, run_after=2025-04-03 13:48:00+00:00
[2025-04-03T13:49:44.000+0000] {processor.py:208} INFO - Processing /home/hamza/Documents/project/Mlops/myenv/lib/python3.12/site-packages/airflow/example_dags/example_sla_dag.py took 0.137 seconds
[2025-04-03T13:51:02.385+0000] {processor.py:186} INFO - Started process (PID=103930) to work on /home/hamza/Documents/project/Mlops/myenv/lib/python3.12/site-packages/airflow/example_dags/example_sla_dag.py
[2025-04-03T13:51:02.387+0000] {processor.py:914} INFO - Processing file /home/hamza/Documents/project/Mlops/myenv/lib/python3.12/site-packages/airflow/example_dags/example_sla_dag.py for tasks to queue
[2025-04-03T13:51:02.391+0000] {logging_mixin.py:190} INFO - [2025-04-03T13:51:02.390+0000] {dagbag.py:588} INFO - Filling up the DagBag from /home/hamza/Documents/project/Mlops/myenv/lib/python3.12/site-packages/airflow/example_dags/example_sla_dag.py
[2025-04-03T13:51:02.410+0000] {processor.py:925} INFO - DAG(s) 'example_sla_dag' retrieved from /home/hamza/Documents/project/Mlops/myenv/lib/python3.12/site-packages/airflow/example_dags/example_sla_dag.py
[2025-04-03T13:51:02.436+0000] {logging_mixin.py:190} INFO - [2025-04-03T13:51:02.435+0000] {dag.py:3239} INFO - Sync 1 DAGs
[2025-04-03T13:51:02.477+0000] {logging_mixin.py:190} INFO - [2025-04-03T13:51:02.477+0000] {dag.py:4180} INFO - Setting next_dagrun for example_sla_dag to 2025-04-03 13:48:00+00:00, run_after=2025-04-03 13:50:00+00:00
[2025-04-03T13:51:02.515+0000] {processor.py:208} INFO - Processing /home/hamza/Documents/project/Mlops/myenv/lib/python3.12/site-packages/airflow/example_dags/example_sla_dag.py took 0.139 seconds
[2025-04-03T13:52:42.407+0000] {processor.py:186} INFO - Started process (PID=105000) to work on /home/hamza/Documents/project/Mlops/myenv/lib/python3.12/site-packages/airflow/example_dags/example_sla_dag.py
[2025-04-03T13:52:42.409+0000] {processor.py:914} INFO - Processing file /home/hamza/Documents/project/Mlops/myenv/lib/python3.12/site-packages/airflow/example_dags/example_sla_dag.py for tasks to queue
[2025-04-03T13:52:42.412+0000] {logging_mixin.py:190} INFO - [2025-04-03T13:52:42.412+0000] {dagbag.py:588} INFO - Filling up the DagBag from /home/hamza/Documents/project/Mlops/myenv/lib/python3.12/site-packages/airflow/example_dags/example_sla_dag.py
[2025-04-03T13:52:42.433+0000] {processor.py:925} INFO - DAG(s) 'example_sla_dag' retrieved from /home/hamza/Documents/project/Mlops/myenv/lib/python3.12/site-packages/airflow/example_dags/example_sla_dag.py
[2025-04-03T13:52:42.461+0000] {logging_mixin.py:190} INFO - [2025-04-03T13:52:42.460+0000] {dag.py:3239} INFO - Sync 1 DAGs
[2025-04-03T13:52:42.511+0000] {logging_mixin.py:190} INFO - [2025-04-03T13:52:42.511+0000] {dag.py:4180} INFO - Setting next_dagrun for example_sla_dag to 2025-04-03 13:50:00+00:00, run_after=2025-04-03 13:52:00+00:00
[2025-04-03T13:52:42.550+0000] {processor.py:208} INFO - Processing /home/hamza/Documents/project/Mlops/myenv/lib/python3.12/site-packages/airflow/example_dags/example_sla_dag.py took 0.154 seconds
[2025-04-03T13:54:18.080+0000] {processor.py:186} INFO - Started process (PID=106063) to work on /home/hamza/Documents/project/Mlops/myenv/lib/python3.12/site-packages/airflow/example_dags/example_sla_dag.py
[2025-04-03T13:54:18.082+0000] {processor.py:914} INFO - Processing file /home/hamza/Documents/project/Mlops/myenv/lib/python3.12/site-packages/airflow/example_dags/example_sla_dag.py for tasks to queue
[2025-04-03T13:54:18.086+0000] {logging_mixin.py:190} INFO - [2025-04-03T13:54:18.086+0000] {dagbag.py:588} INFO - Filling up the DagBag from /home/hamza/Documents/project/Mlops/myenv/lib/python3.12/site-packages/airflow/example_dags/example_sla_dag.py
[2025-04-03T13:54:18.108+0000] {processor.py:925} INFO - DAG(s) 'example_sla_dag' retrieved from /home/hamza/Documents/project/Mlops/myenv/lib/python3.12/site-packages/airflow/example_dags/example_sla_dag.py
[2025-04-03T13:54:18.145+0000] {logging_mixin.py:190} INFO - [2025-04-03T13:54:18.145+0000] {dag.py:3239} INFO - Sync 1 DAGs
[2025-04-03T13:54:18.214+0000] {logging_mixin.py:190} INFO - [2025-04-03T13:54:18.214+0000] {dag.py:4180} INFO - Setting next_dagrun for example_sla_dag to 2025-04-03 13:52:00+00:00, run_after=2025-04-03 13:54:00+00:00
[2025-04-03T13:54:18.279+0000] {processor.py:208} INFO - Processing /home/hamza/Documents/project/Mlops/myenv/lib/python3.12/site-packages/airflow/example_dags/example_sla_dag.py took 0.211 seconds
[2025-04-03T13:59:14.652+0000] {processor.py:186} INFO - Started process (PID=109957) to work on /home/hamza/Documents/project/Mlops/myenv/lib/python3.12/site-packages/airflow/example_dags/example_sla_dag.py
[2025-04-03T13:59:14.655+0000] {processor.py:914} INFO - Processing file /home/hamza/Documents/project/Mlops/myenv/lib/python3.12/site-packages/airflow/example_dags/example_sla_dag.py for tasks to queue
[2025-04-03T13:59:14.658+0000] {logging_mixin.py:190} INFO - [2025-04-03T13:59:14.658+0000] {dagbag.py:588} INFO - Filling up the DagBag from /home/hamza/Documents/project/Mlops/myenv/lib/python3.12/site-packages/airflow/example_dags/example_sla_dag.py
[2025-04-03T13:59:14.679+0000] {processor.py:925} INFO - DAG(s) 'example_sla_dag' retrieved from /home/hamza/Documents/project/Mlops/myenv/lib/python3.12/site-packages/airflow/example_dags/example_sla_dag.py
[2025-04-03T13:59:14.706+0000] {logging_mixin.py:190} INFO - [2025-04-03T13:59:14.705+0000] {dag.py:3239} INFO - Sync 1 DAGs
[2025-04-03T13:59:14.740+0000] {logging_mixin.py:190} INFO - [2025-04-03T13:59:14.739+0000] {dag.py:4180} INFO - Setting next_dagrun for example_sla_dag to 2025-04-03 13:56:00+00:00, run_after=2025-04-03 13:58:00+00:00
[2025-04-03T13:59:14.773+0000] {processor.py:208} INFO - Processing /home/hamza/Documents/project/Mlops/myenv/lib/python3.12/site-packages/airflow/example_dags/example_sla_dag.py took 0.131 seconds
[2025-04-03T14:10:06.093+0000] {processor.py:186} INFO - Started process (PID=117997) to work on /home/hamza/Documents/project/Mlops/myenv/lib/python3.12/site-packages/airflow/example_dags/example_sla_dag.py
[2025-04-03T14:10:06.096+0000] {processor.py:914} INFO - Processing file /home/hamza/Documents/project/Mlops/myenv/lib/python3.12/site-packages/airflow/example_dags/example_sla_dag.py for tasks to queue
[2025-04-03T14:10:06.098+0000] {logging_mixin.py:190} INFO - [2025-04-03T14:10:06.097+0000] {dagbag.py:588} INFO - Filling up the DagBag from /home/hamza/Documents/project/Mlops/myenv/lib/python3.12/site-packages/airflow/example_dags/example_sla_dag.py
[2025-04-03T14:10:06.111+0000] {processor.py:925} INFO - DAG(s) 'example_sla_dag' retrieved from /home/hamza/Documents/project/Mlops/myenv/lib/python3.12/site-packages/airflow/example_dags/example_sla_dag.py
[2025-04-03T14:10:06.145+0000] {logging_mixin.py:190} INFO - [2025-04-03T14:10:06.145+0000] {dag.py:3239} INFO - Sync 1 DAGs
[2025-04-03T14:10:06.180+0000] {logging_mixin.py:190} INFO - [2025-04-03T14:10:06.180+0000] {dag.py:4180} INFO - Setting next_dagrun for example_sla_dag to 2025-04-03 14:08:00+00:00, run_after=2025-04-03 14:10:00+00:00
[2025-04-03T14:10:06.213+0000] {processor.py:208} INFO - Processing /home/hamza/Documents/project/Mlops/myenv/lib/python3.12/site-packages/airflow/example_dags/example_sla_dag.py took 0.129 seconds
[2025-04-03T14:11:21.504+0000] {processor.py:186} INFO - Started process (PID=118692) to work on /home/hamza/Documents/project/Mlops/myenv/lib/python3.12/site-packages/airflow/example_dags/example_sla_dag.py
[2025-04-03T14:11:21.509+0000] {processor.py:914} INFO - Processing file /home/hamza/Documents/project/Mlops/myenv/lib/python3.12/site-packages/airflow/example_dags/example_sla_dag.py for tasks to queue
[2025-04-03T14:11:21.512+0000] {logging_mixin.py:190} INFO - [2025-04-03T14:11:21.511+0000] {dagbag.py:588} INFO - Filling up the DagBag from /home/hamza/Documents/project/Mlops/myenv/lib/python3.12/site-packages/airflow/example_dags/example_sla_dag.py
[2025-04-03T14:11:21.525+0000] {processor.py:925} INFO - DAG(s) 'example_sla_dag' retrieved from /home/hamza/Documents/project/Mlops/myenv/lib/python3.12/site-packages/airflow/example_dags/example_sla_dag.py
[2025-04-03T14:11:21.550+0000] {logging_mixin.py:190} INFO - [2025-04-03T14:11:21.550+0000] {dag.py:3239} INFO - Sync 1 DAGs
[2025-04-03T14:11:21.587+0000] {logging_mixin.py:190} INFO - [2025-04-03T14:11:21.587+0000] {dag.py:4180} INFO - Setting next_dagrun for example_sla_dag to 2025-04-03 14:08:00+00:00, run_after=2025-04-03 14:10:00+00:00
[2025-04-03T14:11:21.622+0000] {processor.py:208} INFO - Processing /home/hamza/Documents/project/Mlops/myenv/lib/python3.12/site-packages/airflow/example_dags/example_sla_dag.py took 0.126 seconds
[2025-04-03T14:13:01.925+0000] {processor.py:186} INFO - Started process (PID=119631) to work on /home/hamza/Documents/project/Mlops/myenv/lib/python3.12/site-packages/airflow/example_dags/example_sla_dag.py
[2025-04-03T14:13:01.927+0000] {processor.py:914} INFO - Processing file /home/hamza/Documents/project/Mlops/myenv/lib/python3.12/site-packages/airflow/example_dags/example_sla_dag.py for tasks to queue
[2025-04-03T14:13:01.930+0000] {logging_mixin.py:190} INFO - [2025-04-03T14:13:01.929+0000] {dagbag.py:588} INFO - Filling up the DagBag from /home/hamza/Documents/project/Mlops/myenv/lib/python3.12/site-packages/airflow/example_dags/example_sla_dag.py
[2025-04-03T14:13:01.944+0000] {processor.py:925} INFO - DAG(s) 'example_sla_dag' retrieved from /home/hamza/Documents/project/Mlops/myenv/lib/python3.12/site-packages/airflow/example_dags/example_sla_dag.py
[2025-04-03T14:13:01.973+0000] {logging_mixin.py:190} INFO - [2025-04-03T14:13:01.972+0000] {dag.py:3239} INFO - Sync 1 DAGs
[2025-04-03T14:13:02.007+0000] {logging_mixin.py:190} INFO - [2025-04-03T14:13:02.006+0000] {dag.py:4180} INFO - Setting next_dagrun for example_sla_dag to 2025-04-03 14:10:00+00:00, run_after=2025-04-03 14:12:00+00:00
[2025-04-03T14:13:02.040+0000] {processor.py:208} INFO - Processing /home/hamza/Documents/project/Mlops/myenv/lib/python3.12/site-packages/airflow/example_dags/example_sla_dag.py took 0.125 seconds
[2025-04-03T14:18:45.498+0000] {processor.py:186} INFO - Started process (PID=122394) to work on /home/hamza/Documents/project/Mlops/myenv/lib/python3.12/site-packages/airflow/example_dags/example_sla_dag.py
[2025-04-03T14:18:45.501+0000] {processor.py:914} INFO - Processing file /home/hamza/Documents/project/Mlops/myenv/lib/python3.12/site-packages/airflow/example_dags/example_sla_dag.py for tasks to queue
[2025-04-03T14:18:45.503+0000] {logging_mixin.py:190} INFO - [2025-04-03T14:18:45.503+0000] {dagbag.py:588} INFO - Filling up the DagBag from /home/hamza/Documents/project/Mlops/myenv/lib/python3.12/site-packages/airflow/example_dags/example_sla_dag.py
[2025-04-03T14:18:45.518+0000] {processor.py:925} INFO - DAG(s) 'example_sla_dag' retrieved from /home/hamza/Documents/project/Mlops/myenv/lib/python3.12/site-packages/airflow/example_dags/example_sla_dag.py
[2025-04-03T14:18:45.549+0000] {logging_mixin.py:190} INFO - [2025-04-03T14:18:45.549+0000] {dag.py:3239} INFO - Sync 1 DAGs
[2025-04-03T14:18:45.587+0000] {logging_mixin.py:190} INFO - [2025-04-03T14:18:45.586+0000] {dag.py:4180} INFO - Setting next_dagrun for example_sla_dag to 2025-04-03 14:16:00+00:00, run_after=2025-04-03 14:18:00+00:00
[2025-04-03T14:18:45.630+0000] {processor.py:208} INFO - Processing /home/hamza/Documents/project/Mlops/myenv/lib/python3.12/site-packages/airflow/example_dags/example_sla_dag.py took 0.141 seconds
[2025-04-03T14:20:18.724+0000] {processor.py:186} INFO - Started process (PID=123054) to work on /home/hamza/Documents/project/Mlops/myenv/lib/python3.12/site-packages/airflow/example_dags/example_sla_dag.py
[2025-04-03T14:20:18.731+0000] {processor.py:914} INFO - Processing file /home/hamza/Documents/project/Mlops/myenv/lib/python3.12/site-packages/airflow/example_dags/example_sla_dag.py for tasks to queue
[2025-04-03T14:20:18.742+0000] {logging_mixin.py:190} INFO - [2025-04-03T14:20:18.734+0000] {dagbag.py:588} INFO - Filling up the DagBag from /home/hamza/Documents/project/Mlops/myenv/lib/python3.12/site-packages/airflow/example_dags/example_sla_dag.py
[2025-04-03T14:20:18.911+0000] {processor.py:925} INFO - DAG(s) 'example_sla_dag' retrieved from /home/hamza/Documents/project/Mlops/myenv/lib/python3.12/site-packages/airflow/example_dags/example_sla_dag.py
[2025-04-03T14:20:19.094+0000] {logging_mixin.py:190} INFO - [2025-04-03T14:20:19.064+0000] {dag.py:3239} INFO - Sync 1 DAGs
[2025-04-03T14:20:19.724+0000] {logging_mixin.py:190} INFO - [2025-04-03T14:20:19.571+0000] {dag.py:4180} INFO - Setting next_dagrun for example_sla_dag to 2025-04-03 14:18:00+00:00, run_after=2025-04-03 14:20:00+00:00
[2025-04-03T14:20:20.534+0000] {processor.py:208} INFO - Processing /home/hamza/Documents/project/Mlops/myenv/lib/python3.12/site-packages/airflow/example_dags/example_sla_dag.py took 1.833 seconds
[2025-04-03T15:08:16.762+0000] {processor.py:186} INFO - Started process (PID=36098) to work on /home/hamza/Documents/project/Mlops/myenv/lib/python3.12/site-packages/airflow/example_dags/example_sla_dag.py
[2025-04-03T15:08:16.763+0000] {processor.py:914} INFO - Processing file /home/hamza/Documents/project/Mlops/myenv/lib/python3.12/site-packages/airflow/example_dags/example_sla_dag.py for tasks to queue
[2025-04-03T15:08:16.766+0000] {logging_mixin.py:190} INFO - [2025-04-03T15:08:16.766+0000] {dagbag.py:588} INFO - Filling up the DagBag from /home/hamza/Documents/project/Mlops/myenv/lib/python3.12/site-packages/airflow/example_dags/example_sla_dag.py
[2025-04-03T15:08:16.781+0000] {processor.py:925} INFO - DAG(s) 'example_sla_dag' retrieved from /home/hamza/Documents/project/Mlops/myenv/lib/python3.12/site-packages/airflow/example_dags/example_sla_dag.py
[2025-04-03T15:08:16.804+0000] {logging_mixin.py:190} INFO - [2025-04-03T15:08:16.804+0000] {dag.py:3239} INFO - Sync 1 DAGs
[2025-04-03T15:08:16.838+0000] {logging_mixin.py:190} INFO - [2025-04-03T15:08:16.838+0000] {dag.py:4180} INFO - Setting next_dagrun for example_sla_dag to 2025-04-03 15:06:00+00:00, run_after=2025-04-03 15:08:00+00:00
[2025-04-03T15:08:16.877+0000] {processor.py:208} INFO - Processing /home/hamza/Documents/project/Mlops/myenv/lib/python3.12/site-packages/airflow/example_dags/example_sla_dag.py took 0.123 seconds
[2025-04-03T15:09:32.052+0000] {processor.py:186} INFO - Started process (PID=36843) to work on /home/hamza/Documents/project/Mlops/myenv/lib/python3.12/site-packages/airflow/example_dags/example_sla_dag.py
[2025-04-03T15:09:32.059+0000] {processor.py:914} INFO - Processing file /home/hamza/Documents/project/Mlops/myenv/lib/python3.12/site-packages/airflow/example_dags/example_sla_dag.py for tasks to queue
[2025-04-03T15:09:32.064+0000] {logging_mixin.py:190} INFO - [2025-04-03T15:09:32.063+0000] {dagbag.py:588} INFO - Filling up the DagBag from /home/hamza/Documents/project/Mlops/myenv/lib/python3.12/site-packages/airflow/example_dags/example_sla_dag.py
[2025-04-03T15:09:32.084+0000] {processor.py:925} INFO - DAG(s) 'example_sla_dag' retrieved from /home/hamza/Documents/project/Mlops/myenv/lib/python3.12/site-packages/airflow/example_dags/example_sla_dag.py
[2025-04-03T15:09:32.110+0000] {logging_mixin.py:190} INFO - [2025-04-03T15:09:32.109+0000] {dag.py:3239} INFO - Sync 1 DAGs
[2025-04-03T15:09:32.147+0000] {logging_mixin.py:190} INFO - [2025-04-03T15:09:32.146+0000] {dag.py:4180} INFO - Setting next_dagrun for example_sla_dag to 2025-04-03 15:06:00+00:00, run_after=2025-04-03 15:08:00+00:00
[2025-04-03T15:09:32.182+0000] {processor.py:208} INFO - Processing /home/hamza/Documents/project/Mlops/myenv/lib/python3.12/site-packages/airflow/example_dags/example_sla_dag.py took 0.140 seconds
[2025-04-03T15:10:59.884+0000] {processor.py:186} INFO - Started process (PID=37658) to work on /home/hamza/Documents/project/Mlops/myenv/lib/python3.12/site-packages/airflow/example_dags/example_sla_dag.py
[2025-04-03T15:10:59.894+0000] {processor.py:914} INFO - Processing file /home/hamza/Documents/project/Mlops/myenv/lib/python3.12/site-packages/airflow/example_dags/example_sla_dag.py for tasks to queue
[2025-04-03T15:10:59.897+0000] {logging_mixin.py:190} INFO - [2025-04-03T15:10:59.897+0000] {dagbag.py:588} INFO - Filling up the DagBag from /home/hamza/Documents/project/Mlops/myenv/lib/python3.12/site-packages/airflow/example_dags/example_sla_dag.py
[2025-04-03T15:10:59.914+0000] {processor.py:925} INFO - DAG(s) 'example_sla_dag' retrieved from /home/hamza/Documents/project/Mlops/myenv/lib/python3.12/site-packages/airflow/example_dags/example_sla_dag.py
[2025-04-03T15:10:59.938+0000] {logging_mixin.py:190} INFO - [2025-04-03T15:10:59.938+0000] {dag.py:3239} INFO - Sync 1 DAGs
[2025-04-03T15:10:59.984+0000] {logging_mixin.py:190} INFO - [2025-04-03T15:10:59.984+0000] {dag.py:4180} INFO - Setting next_dagrun for example_sla_dag to 2025-04-03 15:08:00+00:00, run_after=2025-04-03 15:10:00+00:00
[2025-04-03T15:11:00.024+0000] {processor.py:208} INFO - Processing /home/hamza/Documents/project/Mlops/myenv/lib/python3.12/site-packages/airflow/example_dags/example_sla_dag.py took 0.150 seconds
[2025-04-03T15:12:30.349+0000] {processor.py:186} INFO - Started process (PID=38478) to work on /home/hamza/Documents/project/Mlops/myenv/lib/python3.12/site-packages/airflow/example_dags/example_sla_dag.py
[2025-04-03T15:12:30.352+0000] {processor.py:914} INFO - Processing file /home/hamza/Documents/project/Mlops/myenv/lib/python3.12/site-packages/airflow/example_dags/example_sla_dag.py for tasks to queue
[2025-04-03T15:12:30.355+0000] {logging_mixin.py:190} INFO - [2025-04-03T15:12:30.355+0000] {dagbag.py:588} INFO - Filling up the DagBag from /home/hamza/Documents/project/Mlops/myenv/lib/python3.12/site-packages/airflow/example_dags/example_sla_dag.py
[2025-04-03T15:12:30.373+0000] {processor.py:925} INFO - DAG(s) 'example_sla_dag' retrieved from /home/hamza/Documents/project/Mlops/myenv/lib/python3.12/site-packages/airflow/example_dags/example_sla_dag.py
[2025-04-03T15:12:30.397+0000] {logging_mixin.py:190} INFO - [2025-04-03T15:12:30.397+0000] {dag.py:3239} INFO - Sync 1 DAGs
[2025-04-03T15:12:30.436+0000] {logging_mixin.py:190} INFO - [2025-04-03T15:12:30.436+0000] {dag.py:4180} INFO - Setting next_dagrun for example_sla_dag to 2025-04-03 15:10:00+00:00, run_after=2025-04-03 15:12:00+00:00
[2025-04-03T15:12:30.476+0000] {processor.py:208} INFO - Processing /home/hamza/Documents/project/Mlops/myenv/lib/python3.12/site-packages/airflow/example_dags/example_sla_dag.py took 0.137 seconds
[2025-04-03T15:14:06.448+0000] {processor.py:186} INFO - Started process (PID=39378) to work on /home/hamza/Documents/project/Mlops/myenv/lib/python3.12/site-packages/airflow/example_dags/example_sla_dag.py
[2025-04-03T15:14:06.453+0000] {processor.py:914} INFO - Processing file /home/hamza/Documents/project/Mlops/myenv/lib/python3.12/site-packages/airflow/example_dags/example_sla_dag.py for tasks to queue
[2025-04-03T15:14:06.457+0000] {logging_mixin.py:190} INFO - [2025-04-03T15:14:06.456+0000] {dagbag.py:588} INFO - Filling up the DagBag from /home/hamza/Documents/project/Mlops/myenv/lib/python3.12/site-packages/airflow/example_dags/example_sla_dag.py
[2025-04-03T15:14:06.475+0000] {processor.py:925} INFO - DAG(s) 'example_sla_dag' retrieved from /home/hamza/Documents/project/Mlops/myenv/lib/python3.12/site-packages/airflow/example_dags/example_sla_dag.py
[2025-04-03T15:14:06.500+0000] {logging_mixin.py:190} INFO - [2025-04-03T15:14:06.500+0000] {dag.py:3239} INFO - Sync 1 DAGs
[2025-04-03T15:14:06.540+0000] {logging_mixin.py:190} INFO - [2025-04-03T15:14:06.540+0000] {dag.py:4180} INFO - Setting next_dagrun for example_sla_dag to 2025-04-03 15:12:00+00:00, run_after=2025-04-03 15:14:00+00:00
[2025-04-03T15:14:06.579+0000] {processor.py:208} INFO - Processing /home/hamza/Documents/project/Mlops/myenv/lib/python3.12/site-packages/airflow/example_dags/example_sla_dag.py took 0.141 seconds
[2025-04-03T15:15:41.057+0000] {processor.py:186} INFO - Started process (PID=40324) to work on /home/hamza/Documents/project/Mlops/myenv/lib/python3.12/site-packages/airflow/example_dags/example_sla_dag.py
[2025-04-03T15:15:41.061+0000] {processor.py:914} INFO - Processing file /home/hamza/Documents/project/Mlops/myenv/lib/python3.12/site-packages/airflow/example_dags/example_sla_dag.py for tasks to queue
[2025-04-03T15:15:41.066+0000] {logging_mixin.py:190} INFO - [2025-04-03T15:15:41.065+0000] {dagbag.py:588} INFO - Filling up the DagBag from /home/hamza/Documents/project/Mlops/myenv/lib/python3.12/site-packages/airflow/example_dags/example_sla_dag.py
[2025-04-03T15:15:41.085+0000] {processor.py:925} INFO - DAG(s) 'example_sla_dag' retrieved from /home/hamza/Documents/project/Mlops/myenv/lib/python3.12/site-packages/airflow/example_dags/example_sla_dag.py
[2025-04-03T15:15:41.110+0000] {logging_mixin.py:190} INFO - [2025-04-03T15:15:41.110+0000] {dag.py:3239} INFO - Sync 1 DAGs
[2025-04-03T15:15:41.146+0000] {logging_mixin.py:190} INFO - [2025-04-03T15:15:41.145+0000] {dag.py:4180} INFO - Setting next_dagrun for example_sla_dag to 2025-04-03 15:12:00+00:00, run_after=2025-04-03 15:14:00+00:00
[2025-04-03T15:15:41.187+0000] {processor.py:208} INFO - Processing /home/hamza/Documents/project/Mlops/myenv/lib/python3.12/site-packages/airflow/example_dags/example_sla_dag.py took 0.139 seconds
[2025-04-03T15:17:19.359+0000] {processor.py:186} INFO - Started process (PID=41329) to work on /home/hamza/Documents/project/Mlops/myenv/lib/python3.12/site-packages/airflow/example_dags/example_sla_dag.py
[2025-04-03T15:17:19.363+0000] {processor.py:914} INFO - Processing file /home/hamza/Documents/project/Mlops/myenv/lib/python3.12/site-packages/airflow/example_dags/example_sla_dag.py for tasks to queue
[2025-04-03T15:17:19.369+0000] {logging_mixin.py:190} INFO - [2025-04-03T15:17:19.368+0000] {dagbag.py:588} INFO - Filling up the DagBag from /home/hamza/Documents/project/Mlops/myenv/lib/python3.12/site-packages/airflow/example_dags/example_sla_dag.py
[2025-04-03T15:17:19.389+0000] {processor.py:925} INFO - DAG(s) 'example_sla_dag' retrieved from /home/hamza/Documents/project/Mlops/myenv/lib/python3.12/site-packages/airflow/example_dags/example_sla_dag.py
[2025-04-03T15:17:19.418+0000] {logging_mixin.py:190} INFO - [2025-04-03T15:17:19.417+0000] {dag.py:3239} INFO - Sync 1 DAGs
[2025-04-03T15:17:19.466+0000] {logging_mixin.py:190} INFO - [2025-04-03T15:17:19.466+0000] {dag.py:4180} INFO - Setting next_dagrun for example_sla_dag to 2025-04-03 15:14:00+00:00, run_after=2025-04-03 15:16:00+00:00
[2025-04-03T15:17:19.511+0000] {processor.py:208} INFO - Processing /home/hamza/Documents/project/Mlops/myenv/lib/python3.12/site-packages/airflow/example_dags/example_sla_dag.py took 0.161 seconds
[2025-04-03T15:18:51.237+0000] {processor.py:186} INFO - Started process (PID=42283) to work on /home/hamza/Documents/project/Mlops/myenv/lib/python3.12/site-packages/airflow/example_dags/example_sla_dag.py
[2025-04-03T15:18:51.240+0000] {processor.py:914} INFO - Processing file /home/hamza/Documents/project/Mlops/myenv/lib/python3.12/site-packages/airflow/example_dags/example_sla_dag.py for tasks to queue
[2025-04-03T15:18:51.245+0000] {logging_mixin.py:190} INFO - [2025-04-03T15:18:51.244+0000] {dagbag.py:588} INFO - Filling up the DagBag from /home/hamza/Documents/project/Mlops/myenv/lib/python3.12/site-packages/airflow/example_dags/example_sla_dag.py
[2025-04-03T15:18:51.263+0000] {processor.py:925} INFO - DAG(s) 'example_sla_dag' retrieved from /home/hamza/Documents/project/Mlops/myenv/lib/python3.12/site-packages/airflow/example_dags/example_sla_dag.py
[2025-04-03T15:18:51.288+0000] {logging_mixin.py:190} INFO - [2025-04-03T15:18:51.287+0000] {dag.py:3239} INFO - Sync 1 DAGs
[2025-04-03T15:18:51.326+0000] {logging_mixin.py:190} INFO - [2025-04-03T15:18:51.325+0000] {dag.py:4180} INFO - Setting next_dagrun for example_sla_dag to 2025-04-03 15:16:00+00:00, run_after=2025-04-03 15:18:00+00:00
[2025-04-03T15:18:51.362+0000] {processor.py:208} INFO - Processing /home/hamza/Documents/project/Mlops/myenv/lib/python3.12/site-packages/airflow/example_dags/example_sla_dag.py took 0.133 seconds
