[2025-04-03T13:43:47.538+0000] {processor.py:186} INFO - Started process (PID=98531) to work on /home/hamza/Documents/project/Mlops/myenv/lib/python3.12/site-packages/airflow/example_dags/example_params_ui_tutorial.py
[2025-04-03T13:43:47.539+0000] {processor.py:914} INFO - Processing file /home/hamza/Documents/project/Mlops/myenv/lib/python3.12/site-packages/airflow/example_dags/example_params_ui_tutorial.py for tasks to queue
[2025-04-03T13:43:47.545+0000] {logging_mixin.py:190} INFO - [2025-04-03T13:43:47.543+0000] {dagbag.py:588} INFO - Filling up the DagBag from /home/hamza/Documents/project/Mlops/myenv/lib/python3.12/site-packages/airflow/example_dags/example_params_ui_tutorial.py
[2025-04-03T13:43:47.567+0000] {processor.py:925} INFO - DAG(s) 'example_params_ui_tutorial' retrieved from /home/hamza/Documents/project/Mlops/myenv/lib/python3.12/site-packages/airflow/example_dags/example_params_ui_tutorial.py
[2025-04-03T13:43:47.841+0000] {logging_mixin.py:190} INFO - [2025-04-03T13:43:47.840+0000] {override.py:1930} INFO - Created Permission View: can delete on DAG:example_params_ui_tutorial
[2025-04-03T13:43:47.864+0000] {logging_mixin.py:190} INFO - [2025-04-03T13:43:47.863+0000] {override.py:1930} INFO - Created Permission View: can read on DAG:example_params_ui_tutorial
[2025-04-03T13:43:47.879+0000] {logging_mixin.py:190} INFO - [2025-04-03T13:43:47.878+0000] {override.py:1930} INFO - Created Permission View: can edit on DAG:example_params_ui_tutorial
[2025-04-03T13:43:47.904+0000] {logging_mixin.py:190} INFO - [2025-04-03T13:43:47.902+0000] {override.py:1930} INFO - Created Permission View: can delete on DAG Run:example_params_ui_tutorial
[2025-04-03T13:43:47.920+0000] {logging_mixin.py:190} INFO - [2025-04-03T13:43:47.918+0000] {override.py:1930} INFO - Created Permission View: can read on DAG Run:example_params_ui_tutorial
[2025-04-03T13:43:47.936+0000] {logging_mixin.py:190} INFO - [2025-04-03T13:43:47.935+0000] {override.py:1930} INFO - Created Permission View: menu access on DAG Run:example_params_ui_tutorial
[2025-04-03T13:43:47.950+0000] {logging_mixin.py:190} INFO - [2025-04-03T13:43:47.949+0000] {override.py:1930} INFO - Created Permission View: can create on DAG Run:example_params_ui_tutorial
[2025-04-03T13:43:47.951+0000] {logging_mixin.py:190} INFO - [2025-04-03T13:43:47.950+0000] {dag.py:3239} INFO - Sync 1 DAGs
[2025-04-03T13:43:47.971+0000] {logging_mixin.py:190} INFO - [2025-04-03T13:43:47.971+0000] {dag.py:3262} INFO - Creating ORM DAG for example_params_ui_tutorial
[2025-04-03T13:43:47.972+0000] {logging_mixin.py:190} INFO - [2025-04-03T13:43:47.972+0000] {dag.py:4180} INFO - Setting next_dagrun for example_params_ui_tutorial to None, run_after=None
[2025-04-03T13:43:48.009+0000] {processor.py:208} INFO - Processing /home/hamza/Documents/project/Mlops/myenv/lib/python3.12/site-packages/airflow/example_dags/example_params_ui_tutorial.py took 0.484 seconds
[2025-04-03T13:44:59.424+0000] {processor.py:186} INFO - Started process (PID=99570) to work on /home/hamza/Documents/project/Mlops/myenv/lib/python3.12/site-packages/airflow/example_dags/example_params_ui_tutorial.py
[2025-04-03T13:44:59.425+0000] {processor.py:914} INFO - Processing file /home/hamza/Documents/project/Mlops/myenv/lib/python3.12/site-packages/airflow/example_dags/example_params_ui_tutorial.py for tasks to queue
[2025-04-03T13:44:59.429+0000] {logging_mixin.py:190} INFO - [2025-04-03T13:44:59.428+0000] {dagbag.py:588} INFO - Filling up the DagBag from /home/hamza/Documents/project/Mlops/myenv/lib/python3.12/site-packages/airflow/example_dags/example_params_ui_tutorial.py
[2025-04-03T13:44:59.444+0000] {processor.py:925} INFO - DAG(s) 'example_params_ui_tutorial' retrieved from /home/hamza/Documents/project/Mlops/myenv/lib/python3.12/site-packages/airflow/example_dags/example_params_ui_tutorial.py
[2025-04-03T13:44:59.509+0000] {logging_mixin.py:190} INFO - [2025-04-03T13:44:59.509+0000] {dag.py:3239} INFO - Sync 1 DAGs
[2025-04-03T13:44:59.530+0000] {logging_mixin.py:190} INFO - [2025-04-03T13:44:59.529+0000] {dag.py:4180} INFO - Setting next_dagrun for example_params_ui_tutorial to None, run_after=None
[2025-04-03T13:44:59.564+0000] {processor.py:208} INFO - Processing /home/hamza/Documents/project/Mlops/myenv/lib/python3.12/site-packages/airflow/example_dags/example_params_ui_tutorial.py took 0.150 seconds
[2025-04-03T13:46:04.959+0000] {processor.py:186} INFO - Started process (PID=100137) to work on /home/hamza/Documents/project/Mlops/myenv/lib/python3.12/site-packages/airflow/example_dags/example_params_ui_tutorial.py
[2025-04-03T13:46:04.961+0000] {processor.py:914} INFO - Processing file /home/hamza/Documents/project/Mlops/myenv/lib/python3.12/site-packages/airflow/example_dags/example_params_ui_tutorial.py for tasks to queue
[2025-04-03T13:46:04.964+0000] {logging_mixin.py:190} INFO - [2025-04-03T13:46:04.964+0000] {dagbag.py:588} INFO - Filling up the DagBag from /home/hamza/Documents/project/Mlops/myenv/lib/python3.12/site-packages/airflow/example_dags/example_params_ui_tutorial.py
[2025-04-03T13:46:04.982+0000] {processor.py:925} INFO - DAG(s) 'example_params_ui_tutorial' retrieved from /home/hamza/Documents/project/Mlops/myenv/lib/python3.12/site-packages/airflow/example_dags/example_params_ui_tutorial.py
[2025-04-03T13:46:05.059+0000] {logging_mixin.py:190} INFO - [2025-04-03T13:46:05.059+0000] {dag.py:3239} INFO - Sync 1 DAGs
[2025-04-03T13:46:05.082+0000] {logging_mixin.py:190} INFO - [2025-04-03T13:46:05.082+0000] {dag.py:4180} INFO - Setting next_dagrun for example_params_ui_tutorial to None, run_after=None
[2025-04-03T13:46:05.121+0000] {processor.py:208} INFO - Processing /home/hamza/Documents/project/Mlops/myenv/lib/python3.12/site-packages/airflow/example_dags/example_params_ui_tutorial.py took 0.174 seconds
[2025-04-03T13:47:12.866+0000] {processor.py:186} INFO - Started process (PID=100904) to work on /home/hamza/Documents/project/Mlops/myenv/lib/python3.12/site-packages/airflow/example_dags/example_params_ui_tutorial.py
[2025-04-03T13:47:12.868+0000] {processor.py:914} INFO - Processing file /home/hamza/Documents/project/Mlops/myenv/lib/python3.12/site-packages/airflow/example_dags/example_params_ui_tutorial.py for tasks to queue
[2025-04-03T13:47:12.872+0000] {logging_mixin.py:190} INFO - [2025-04-03T13:47:12.872+0000] {dagbag.py:588} INFO - Filling up the DagBag from /home/hamza/Documents/project/Mlops/myenv/lib/python3.12/site-packages/airflow/example_dags/example_params_ui_tutorial.py
[2025-04-03T13:47:12.893+0000] {processor.py:925} INFO - DAG(s) 'example_params_ui_tutorial' retrieved from /home/hamza/Documents/project/Mlops/myenv/lib/python3.12/site-packages/airflow/example_dags/example_params_ui_tutorial.py
[2025-04-03T13:47:12.964+0000] {logging_mixin.py:190} INFO - [2025-04-03T13:47:12.964+0000] {dag.py:3239} INFO - Sync 1 DAGs
[2025-04-03T13:47:12.987+0000] {logging_mixin.py:190} INFO - [2025-04-03T13:47:12.986+0000] {dag.py:4180} INFO - Setting next_dagrun for example_params_ui_tutorial to None, run_after=None
[2025-04-03T13:47:13.023+0000] {processor.py:208} INFO - Processing /home/hamza/Documents/project/Mlops/myenv/lib/python3.12/site-packages/airflow/example_dags/example_params_ui_tutorial.py took 0.167 seconds
[2025-04-03T13:48:21.547+0000] {processor.py:186} INFO - Started process (PID=101838) to work on /home/hamza/Documents/project/Mlops/myenv/lib/python3.12/site-packages/airflow/example_dags/example_params_ui_tutorial.py
[2025-04-03T13:48:21.548+0000] {processor.py:914} INFO - Processing file /home/hamza/Documents/project/Mlops/myenv/lib/python3.12/site-packages/airflow/example_dags/example_params_ui_tutorial.py for tasks to queue
[2025-04-03T13:48:21.553+0000] {logging_mixin.py:190} INFO - [2025-04-03T13:48:21.552+0000] {dagbag.py:588} INFO - Filling up the DagBag from /home/hamza/Documents/project/Mlops/myenv/lib/python3.12/site-packages/airflow/example_dags/example_params_ui_tutorial.py
[2025-04-03T13:48:21.574+0000] {processor.py:925} INFO - DAG(s) 'example_params_ui_tutorial' retrieved from /home/hamza/Documents/project/Mlops/myenv/lib/python3.12/site-packages/airflow/example_dags/example_params_ui_tutorial.py
[2025-04-03T13:48:21.672+0000] {logging_mixin.py:190} INFO - [2025-04-03T13:48:21.672+0000] {dag.py:3239} INFO - Sync 1 DAGs
[2025-04-03T13:48:21.704+0000] {logging_mixin.py:190} INFO - [2025-04-03T13:48:21.703+0000] {dag.py:4180} INFO - Setting next_dagrun for example_params_ui_tutorial to None, run_after=None
[2025-04-03T13:48:21.753+0000] {processor.py:208} INFO - Processing /home/hamza/Documents/project/Mlops/myenv/lib/python3.12/site-packages/airflow/example_dags/example_params_ui_tutorial.py took 0.218 seconds
[2025-04-03T13:49:58.252+0000] {processor.py:186} INFO - Started process (PID=103098) to work on /home/hamza/Documents/project/Mlops/myenv/lib/python3.12/site-packages/airflow/example_dags/example_params_ui_tutorial.py
[2025-04-03T13:49:58.254+0000] {processor.py:914} INFO - Processing file /home/hamza/Documents/project/Mlops/myenv/lib/python3.12/site-packages/airflow/example_dags/example_params_ui_tutorial.py for tasks to queue
[2025-04-03T13:49:58.257+0000] {logging_mixin.py:190} INFO - [2025-04-03T13:49:58.256+0000] {dagbag.py:588} INFO - Filling up the DagBag from /home/hamza/Documents/project/Mlops/myenv/lib/python3.12/site-packages/airflow/example_dags/example_params_ui_tutorial.py
[2025-04-03T13:49:58.272+0000] {processor.py:925} INFO - DAG(s) 'example_params_ui_tutorial' retrieved from /home/hamza/Documents/project/Mlops/myenv/lib/python3.12/site-packages/airflow/example_dags/example_params_ui_tutorial.py
[2025-04-03T13:49:58.342+0000] {logging_mixin.py:190} INFO - [2025-04-03T13:49:58.342+0000] {dag.py:3239} INFO - Sync 1 DAGs
[2025-04-03T13:49:58.372+0000] {logging_mixin.py:190} INFO - [2025-04-03T13:49:58.372+0000] {dag.py:4180} INFO - Setting next_dagrun for example_params_ui_tutorial to None, run_after=None
[2025-04-03T13:49:58.418+0000] {processor.py:208} INFO - Processing /home/hamza/Documents/project/Mlops/myenv/lib/python3.12/site-packages/airflow/example_dags/example_params_ui_tutorial.py took 0.174 seconds
[2025-04-03T13:51:33.180+0000] {processor.py:186} INFO - Started process (PID=104337) to work on /home/hamza/Documents/project/Mlops/myenv/lib/python3.12/site-packages/airflow/example_dags/example_params_ui_tutorial.py
[2025-04-03T13:51:33.182+0000] {processor.py:914} INFO - Processing file /home/hamza/Documents/project/Mlops/myenv/lib/python3.12/site-packages/airflow/example_dags/example_params_ui_tutorial.py for tasks to queue
[2025-04-03T13:51:33.187+0000] {logging_mixin.py:190} INFO - [2025-04-03T13:51:33.186+0000] {dagbag.py:588} INFO - Filling up the DagBag from /home/hamza/Documents/project/Mlops/myenv/lib/python3.12/site-packages/airflow/example_dags/example_params_ui_tutorial.py
[2025-04-03T13:51:33.203+0000] {processor.py:925} INFO - DAG(s) 'example_params_ui_tutorial' retrieved from /home/hamza/Documents/project/Mlops/myenv/lib/python3.12/site-packages/airflow/example_dags/example_params_ui_tutorial.py
[2025-04-03T13:51:33.272+0000] {logging_mixin.py:190} INFO - [2025-04-03T13:51:33.271+0000] {dag.py:3239} INFO - Sync 1 DAGs
[2025-04-03T13:51:33.290+0000] {logging_mixin.py:190} INFO - [2025-04-03T13:51:33.290+0000] {dag.py:4180} INFO - Setting next_dagrun for example_params_ui_tutorial to None, run_after=None
[2025-04-03T13:51:33.323+0000] {processor.py:208} INFO - Processing /home/hamza/Documents/project/Mlops/myenv/lib/python3.12/site-packages/airflow/example_dags/example_params_ui_tutorial.py took 0.151 seconds
[2025-04-03T13:52:56.303+0000] {processor.py:186} INFO - Started process (PID=105175) to work on /home/hamza/Documents/project/Mlops/myenv/lib/python3.12/site-packages/airflow/example_dags/example_params_ui_tutorial.py
[2025-04-03T13:52:56.304+0000] {processor.py:914} INFO - Processing file /home/hamza/Documents/project/Mlops/myenv/lib/python3.12/site-packages/airflow/example_dags/example_params_ui_tutorial.py for tasks to queue
[2025-04-03T13:52:56.308+0000] {logging_mixin.py:190} INFO - [2025-04-03T13:52:56.307+0000] {dagbag.py:588} INFO - Filling up the DagBag from /home/hamza/Documents/project/Mlops/myenv/lib/python3.12/site-packages/airflow/example_dags/example_params_ui_tutorial.py
[2025-04-03T13:52:56.326+0000] {processor.py:925} INFO - DAG(s) 'example_params_ui_tutorial' retrieved from /home/hamza/Documents/project/Mlops/myenv/lib/python3.12/site-packages/airflow/example_dags/example_params_ui_tutorial.py
[2025-04-03T13:52:56.397+0000] {logging_mixin.py:190} INFO - [2025-04-03T13:52:56.397+0000] {dag.py:3239} INFO - Sync 1 DAGs
[2025-04-03T13:52:56.420+0000] {logging_mixin.py:190} INFO - [2025-04-03T13:52:56.420+0000] {dag.py:4180} INFO - Setting next_dagrun for example_params_ui_tutorial to None, run_after=None
[2025-04-03T13:52:56.456+0000] {processor.py:208} INFO - Processing /home/hamza/Documents/project/Mlops/myenv/lib/python3.12/site-packages/airflow/example_dags/example_params_ui_tutorial.py took 0.163 seconds
[2025-04-03T13:59:30.066+0000] {processor.py:186} INFO - Started process (PID=110106) to work on /home/hamza/Documents/project/Mlops/myenv/lib/python3.12/site-packages/airflow/example_dags/example_params_ui_tutorial.py
[2025-04-03T13:59:30.069+0000] {processor.py:914} INFO - Processing file /home/hamza/Documents/project/Mlops/myenv/lib/python3.12/site-packages/airflow/example_dags/example_params_ui_tutorial.py for tasks to queue
[2025-04-03T13:59:30.073+0000] {logging_mixin.py:190} INFO - [2025-04-03T13:59:30.072+0000] {dagbag.py:588} INFO - Filling up the DagBag from /home/hamza/Documents/project/Mlops/myenv/lib/python3.12/site-packages/airflow/example_dags/example_params_ui_tutorial.py
[2025-04-03T13:59:30.091+0000] {processor.py:925} INFO - DAG(s) 'example_params_ui_tutorial' retrieved from /home/hamza/Documents/project/Mlops/myenv/lib/python3.12/site-packages/airflow/example_dags/example_params_ui_tutorial.py
[2025-04-03T13:59:30.156+0000] {logging_mixin.py:190} INFO - [2025-04-03T13:59:30.156+0000] {dag.py:3239} INFO - Sync 1 DAGs
[2025-04-03T13:59:30.176+0000] {logging_mixin.py:190} INFO - [2025-04-03T13:59:30.176+0000] {dag.py:4180} INFO - Setting next_dagrun for example_params_ui_tutorial to None, run_after=None
[2025-04-03T13:59:30.209+0000] {processor.py:208} INFO - Processing /home/hamza/Documents/project/Mlops/myenv/lib/python3.12/site-packages/airflow/example_dags/example_params_ui_tutorial.py took 0.151 seconds
[2025-04-03T14:10:19.457+0000] {processor.py:186} INFO - Started process (PID=118125) to work on /home/hamza/Documents/project/Mlops/myenv/lib/python3.12/site-packages/airflow/example_dags/example_params_ui_tutorial.py
[2025-04-03T14:10:19.460+0000] {processor.py:914} INFO - Processing file /home/hamza/Documents/project/Mlops/myenv/lib/python3.12/site-packages/airflow/example_dags/example_params_ui_tutorial.py for tasks to queue
[2025-04-03T14:10:19.463+0000] {logging_mixin.py:190} INFO - [2025-04-03T14:10:19.462+0000] {dagbag.py:588} INFO - Filling up the DagBag from /home/hamza/Documents/project/Mlops/myenv/lib/python3.12/site-packages/airflow/example_dags/example_params_ui_tutorial.py
[2025-04-03T14:10:19.480+0000] {processor.py:925} INFO - DAG(s) 'example_params_ui_tutorial' retrieved from /home/hamza/Documents/project/Mlops/myenv/lib/python3.12/site-packages/airflow/example_dags/example_params_ui_tutorial.py
[2025-04-03T14:10:19.551+0000] {logging_mixin.py:190} INFO - [2025-04-03T14:10:19.551+0000] {dag.py:3239} INFO - Sync 1 DAGs
[2025-04-03T14:10:19.570+0000] {logging_mixin.py:190} INFO - [2025-04-03T14:10:19.569+0000] {dag.py:4180} INFO - Setting next_dagrun for example_params_ui_tutorial to None, run_after=None
[2025-04-03T14:10:19.601+0000] {processor.py:208} INFO - Processing /home/hamza/Documents/project/Mlops/myenv/lib/python3.12/site-packages/airflow/example_dags/example_params_ui_tutorial.py took 0.154 seconds
[2025-04-03T14:11:54.899+0000] {processor.py:186} INFO - Started process (PID=119017) to work on /home/hamza/Documents/project/Mlops/myenv/lib/python3.12/site-packages/airflow/example_dags/example_params_ui_tutorial.py
[2025-04-03T14:11:54.900+0000] {processor.py:914} INFO - Processing file /home/hamza/Documents/project/Mlops/myenv/lib/python3.12/site-packages/airflow/example_dags/example_params_ui_tutorial.py for tasks to queue
[2025-04-03T14:11:54.903+0000] {logging_mixin.py:190} INFO - [2025-04-03T14:11:54.902+0000] {dagbag.py:588} INFO - Filling up the DagBag from /home/hamza/Documents/project/Mlops/myenv/lib/python3.12/site-packages/airflow/example_dags/example_params_ui_tutorial.py
[2025-04-03T14:11:54.918+0000] {processor.py:925} INFO - DAG(s) 'example_params_ui_tutorial' retrieved from /home/hamza/Documents/project/Mlops/myenv/lib/python3.12/site-packages/airflow/example_dags/example_params_ui_tutorial.py
[2025-04-03T14:11:54.987+0000] {logging_mixin.py:190} INFO - [2025-04-03T14:11:54.987+0000] {dag.py:3239} INFO - Sync 1 DAGs
[2025-04-03T14:11:55.004+0000] {logging_mixin.py:190} INFO - [2025-04-03T14:11:55.004+0000] {dag.py:4180} INFO - Setting next_dagrun for example_params_ui_tutorial to None, run_after=None
[2025-04-03T14:11:55.040+0000] {processor.py:208} INFO - Processing /home/hamza/Documents/project/Mlops/myenv/lib/python3.12/site-packages/airflow/example_dags/example_params_ui_tutorial.py took 0.150 seconds
[2025-04-03T14:13:16.116+0000] {processor.py:186} INFO - Started process (PID=119787) to work on /home/hamza/Documents/project/Mlops/myenv/lib/python3.12/site-packages/airflow/example_dags/example_params_ui_tutorial.py
[2025-04-03T14:13:16.117+0000] {processor.py:914} INFO - Processing file /home/hamza/Documents/project/Mlops/myenv/lib/python3.12/site-packages/airflow/example_dags/example_params_ui_tutorial.py for tasks to queue
[2025-04-03T14:13:16.120+0000] {logging_mixin.py:190} INFO - [2025-04-03T14:13:16.119+0000] {dagbag.py:588} INFO - Filling up the DagBag from /home/hamza/Documents/project/Mlops/myenv/lib/python3.12/site-packages/airflow/example_dags/example_params_ui_tutorial.py
[2025-04-03T14:13:16.131+0000] {processor.py:925} INFO - DAG(s) 'example_params_ui_tutorial' retrieved from /home/hamza/Documents/project/Mlops/myenv/lib/python3.12/site-packages/airflow/example_dags/example_params_ui_tutorial.py
[2025-04-03T14:13:16.202+0000] {logging_mixin.py:190} INFO - [2025-04-03T14:13:16.201+0000] {dag.py:3239} INFO - Sync 1 DAGs
[2025-04-03T14:13:16.220+0000] {logging_mixin.py:190} INFO - [2025-04-03T14:13:16.220+0000] {dag.py:4180} INFO - Setting next_dagrun for example_params_ui_tutorial to None, run_after=None
[2025-04-03T14:13:16.261+0000] {processor.py:208} INFO - Processing /home/hamza/Documents/project/Mlops/myenv/lib/python3.12/site-packages/airflow/example_dags/example_params_ui_tutorial.py took 0.155 seconds
[2025-04-03T14:18:59.705+0000] {processor.py:186} INFO - Started process (PID=122526) to work on /home/hamza/Documents/project/Mlops/myenv/lib/python3.12/site-packages/airflow/example_dags/example_params_ui_tutorial.py
[2025-04-03T14:18:59.708+0000] {processor.py:914} INFO - Processing file /home/hamza/Documents/project/Mlops/myenv/lib/python3.12/site-packages/airflow/example_dags/example_params_ui_tutorial.py for tasks to queue
[2025-04-03T14:18:59.712+0000] {logging_mixin.py:190} INFO - [2025-04-03T14:18:59.711+0000] {dagbag.py:588} INFO - Filling up the DagBag from /home/hamza/Documents/project/Mlops/myenv/lib/python3.12/site-packages/airflow/example_dags/example_params_ui_tutorial.py
[2025-04-03T14:18:59.726+0000] {processor.py:925} INFO - DAG(s) 'example_params_ui_tutorial' retrieved from /home/hamza/Documents/project/Mlops/myenv/lib/python3.12/site-packages/airflow/example_dags/example_params_ui_tutorial.py
[2025-04-03T14:18:59.823+0000] {logging_mixin.py:190} INFO - [2025-04-03T14:18:59.822+0000] {dag.py:3239} INFO - Sync 1 DAGs
[2025-04-03T14:18:59.847+0000] {logging_mixin.py:190} INFO - [2025-04-03T14:18:59.846+0000] {dag.py:4180} INFO - Setting next_dagrun for example_params_ui_tutorial to None, run_after=None
[2025-04-03T14:18:59.883+0000] {processor.py:208} INFO - Processing /home/hamza/Documents/project/Mlops/myenv/lib/python3.12/site-packages/airflow/example_dags/example_params_ui_tutorial.py took 0.190 seconds
[2025-04-03T15:08:30.969+0000] {processor.py:186} INFO - Started process (PID=36223) to work on /home/hamza/Documents/project/Mlops/myenv/lib/python3.12/site-packages/airflow/example_dags/example_params_ui_tutorial.py
[2025-04-03T15:08:30.971+0000] {processor.py:914} INFO - Processing file /home/hamza/Documents/project/Mlops/myenv/lib/python3.12/site-packages/airflow/example_dags/example_params_ui_tutorial.py for tasks to queue
[2025-04-03T15:08:30.975+0000] {logging_mixin.py:190} INFO - [2025-04-03T15:08:30.974+0000] {dagbag.py:588} INFO - Filling up the DagBag from /home/hamza/Documents/project/Mlops/myenv/lib/python3.12/site-packages/airflow/example_dags/example_params_ui_tutorial.py
[2025-04-03T15:08:30.990+0000] {processor.py:925} INFO - DAG(s) 'example_params_ui_tutorial' retrieved from /home/hamza/Documents/project/Mlops/myenv/lib/python3.12/site-packages/airflow/example_dags/example_params_ui_tutorial.py
[2025-04-03T15:08:31.056+0000] {logging_mixin.py:190} INFO - [2025-04-03T15:08:31.055+0000] {dag.py:3239} INFO - Sync 1 DAGs
[2025-04-03T15:08:31.077+0000] {logging_mixin.py:190} INFO - [2025-04-03T15:08:31.077+0000] {dag.py:4180} INFO - Setting next_dagrun for example_params_ui_tutorial to None, run_after=None
[2025-04-03T15:08:31.115+0000] {processor.py:208} INFO - Processing /home/hamza/Documents/project/Mlops/myenv/lib/python3.12/site-packages/airflow/example_dags/example_params_ui_tutorial.py took 0.154 seconds
[2025-04-03T15:09:58.887+0000] {processor.py:186} INFO - Started process (PID=37125) to work on /home/hamza/Documents/project/Mlops/myenv/lib/python3.12/site-packages/airflow/example_dags/example_params_ui_tutorial.py
[2025-04-03T15:09:58.893+0000] {processor.py:914} INFO - Processing file /home/hamza/Documents/project/Mlops/myenv/lib/python3.12/site-packages/airflow/example_dags/example_params_ui_tutorial.py for tasks to queue
[2025-04-03T15:09:58.899+0000] {logging_mixin.py:190} INFO - [2025-04-03T15:09:58.898+0000] {dagbag.py:588} INFO - Filling up the DagBag from /home/hamza/Documents/project/Mlops/myenv/lib/python3.12/site-packages/airflow/example_dags/example_params_ui_tutorial.py
[2025-04-03T15:09:58.921+0000] {processor.py:925} INFO - DAG(s) 'example_params_ui_tutorial' retrieved from /home/hamza/Documents/project/Mlops/myenv/lib/python3.12/site-packages/airflow/example_dags/example_params_ui_tutorial.py
[2025-04-03T15:09:58.994+0000] {logging_mixin.py:190} INFO - [2025-04-03T15:09:58.994+0000] {dag.py:3239} INFO - Sync 1 DAGs
[2025-04-03T15:09:59.020+0000] {logging_mixin.py:190} INFO - [2025-04-03T15:09:59.019+0000] {dag.py:4180} INFO - Setting next_dagrun for example_params_ui_tutorial to None, run_after=None
[2025-04-03T15:09:59.058+0000] {processor.py:208} INFO - Processing /home/hamza/Documents/project/Mlops/myenv/lib/python3.12/site-packages/airflow/example_dags/example_params_ui_tutorial.py took 0.181 seconds
[2025-04-03T15:11:26.969+0000] {processor.py:186} INFO - Started process (PID=37919) to work on /home/hamza/Documents/project/Mlops/myenv/lib/python3.12/site-packages/airflow/example_dags/example_params_ui_tutorial.py
[2025-04-03T15:11:26.971+0000] {processor.py:914} INFO - Processing file /home/hamza/Documents/project/Mlops/myenv/lib/python3.12/site-packages/airflow/example_dags/example_params_ui_tutorial.py for tasks to queue
[2025-04-03T15:11:26.974+0000] {logging_mixin.py:190} INFO - [2025-04-03T15:11:26.974+0000] {dagbag.py:588} INFO - Filling up the DagBag from /home/hamza/Documents/project/Mlops/myenv/lib/python3.12/site-packages/airflow/example_dags/example_params_ui_tutorial.py
[2025-04-03T15:11:26.990+0000] {processor.py:925} INFO - DAG(s) 'example_params_ui_tutorial' retrieved from /home/hamza/Documents/project/Mlops/myenv/lib/python3.12/site-packages/airflow/example_dags/example_params_ui_tutorial.py
[2025-04-03T15:11:27.053+0000] {logging_mixin.py:190} INFO - [2025-04-03T15:11:27.052+0000] {dag.py:3239} INFO - Sync 1 DAGs
[2025-04-03T15:11:27.074+0000] {logging_mixin.py:190} INFO - [2025-04-03T15:11:27.073+0000] {dag.py:4180} INFO - Setting next_dagrun for example_params_ui_tutorial to None, run_after=None
[2025-04-03T15:11:27.112+0000] {processor.py:208} INFO - Processing /home/hamza/Documents/project/Mlops/myenv/lib/python3.12/site-packages/airflow/example_dags/example_params_ui_tutorial.py took 0.151 seconds
[2025-04-03T15:13:02.747+0000] {processor.py:186} INFO - Started process (PID=38786) to work on /home/hamza/Documents/project/Mlops/myenv/lib/python3.12/site-packages/airflow/example_dags/example_params_ui_tutorial.py
[2025-04-03T15:13:02.750+0000] {processor.py:914} INFO - Processing file /home/hamza/Documents/project/Mlops/myenv/lib/python3.12/site-packages/airflow/example_dags/example_params_ui_tutorial.py for tasks to queue
[2025-04-03T15:13:02.754+0000] {logging_mixin.py:190} INFO - [2025-04-03T15:13:02.753+0000] {dagbag.py:588} INFO - Filling up the DagBag from /home/hamza/Documents/project/Mlops/myenv/lib/python3.12/site-packages/airflow/example_dags/example_params_ui_tutorial.py
[2025-04-03T15:13:02.771+0000] {processor.py:925} INFO - DAG(s) 'example_params_ui_tutorial' retrieved from /home/hamza/Documents/project/Mlops/myenv/lib/python3.12/site-packages/airflow/example_dags/example_params_ui_tutorial.py
[2025-04-03T15:13:02.842+0000] {logging_mixin.py:190} INFO - [2025-04-03T15:13:02.841+0000] {dag.py:3239} INFO - Sync 1 DAGs
[2025-04-03T15:13:02.862+0000] {logging_mixin.py:190} INFO - [2025-04-03T15:13:02.862+0000] {dag.py:4180} INFO - Setting next_dagrun for example_params_ui_tutorial to None, run_after=None
[2025-04-03T15:13:02.897+0000] {processor.py:208} INFO - Processing /home/hamza/Documents/project/Mlops/myenv/lib/python3.12/site-packages/airflow/example_dags/example_params_ui_tutorial.py took 0.158 seconds
[2025-04-03T15:14:19.165+0000] {processor.py:186} INFO - Started process (PID=39513) to work on /home/hamza/Documents/project/Mlops/myenv/lib/python3.12/site-packages/airflow/example_dags/example_params_ui_tutorial.py
[2025-04-03T15:14:19.168+0000] {processor.py:914} INFO - Processing file /home/hamza/Documents/project/Mlops/myenv/lib/python3.12/site-packages/airflow/example_dags/example_params_ui_tutorial.py for tasks to queue
[2025-04-03T15:14:19.172+0000] {logging_mixin.py:190} INFO - [2025-04-03T15:14:19.171+0000] {dagbag.py:588} INFO - Filling up the DagBag from /home/hamza/Documents/project/Mlops/myenv/lib/python3.12/site-packages/airflow/example_dags/example_params_ui_tutorial.py
[2025-04-03T15:14:19.187+0000] {processor.py:925} INFO - DAG(s) 'example_params_ui_tutorial' retrieved from /home/hamza/Documents/project/Mlops/myenv/lib/python3.12/site-packages/airflow/example_dags/example_params_ui_tutorial.py
[2025-04-03T15:14:19.256+0000] {logging_mixin.py:190} INFO - [2025-04-03T15:14:19.256+0000] {dag.py:3239} INFO - Sync 1 DAGs
[2025-04-03T15:14:19.277+0000] {logging_mixin.py:190} INFO - [2025-04-03T15:14:19.277+0000] {dag.py:4180} INFO - Setting next_dagrun for example_params_ui_tutorial to None, run_after=None
[2025-04-03T15:14:19.312+0000] {processor.py:208} INFO - Processing /home/hamza/Documents/project/Mlops/myenv/lib/python3.12/site-packages/airflow/example_dags/example_params_ui_tutorial.py took 0.155 seconds
[2025-04-03T15:15:54.956+0000] {processor.py:186} INFO - Started process (PID=40466) to work on /home/hamza/Documents/project/Mlops/myenv/lib/python3.12/site-packages/airflow/example_dags/example_params_ui_tutorial.py
[2025-04-03T15:15:54.959+0000] {processor.py:914} INFO - Processing file /home/hamza/Documents/project/Mlops/myenv/lib/python3.12/site-packages/airflow/example_dags/example_params_ui_tutorial.py for tasks to queue
[2025-04-03T15:15:54.963+0000] {logging_mixin.py:190} INFO - [2025-04-03T15:15:54.962+0000] {dagbag.py:588} INFO - Filling up the DagBag from /home/hamza/Documents/project/Mlops/myenv/lib/python3.12/site-packages/airflow/example_dags/example_params_ui_tutorial.py
[2025-04-03T15:15:54.978+0000] {processor.py:925} INFO - DAG(s) 'example_params_ui_tutorial' retrieved from /home/hamza/Documents/project/Mlops/myenv/lib/python3.12/site-packages/airflow/example_dags/example_params_ui_tutorial.py
[2025-04-03T15:15:55.041+0000] {logging_mixin.py:190} INFO - [2025-04-03T15:15:55.041+0000] {dag.py:3239} INFO - Sync 1 DAGs
[2025-04-03T15:15:55.062+0000] {logging_mixin.py:190} INFO - [2025-04-03T15:15:55.061+0000] {dag.py:4180} INFO - Setting next_dagrun for example_params_ui_tutorial to None, run_after=None
[2025-04-03T15:15:55.094+0000] {processor.py:208} INFO - Processing /home/hamza/Documents/project/Mlops/myenv/lib/python3.12/site-packages/airflow/example_dags/example_params_ui_tutorial.py took 0.147 seconds
[2025-04-03T15:17:34.634+0000] {processor.py:186} INFO - Started process (PID=41508) to work on /home/hamza/Documents/project/Mlops/myenv/lib/python3.12/site-packages/airflow/example_dags/example_params_ui_tutorial.py
[2025-04-03T15:17:34.637+0000] {processor.py:914} INFO - Processing file /home/hamza/Documents/project/Mlops/myenv/lib/python3.12/site-packages/airflow/example_dags/example_params_ui_tutorial.py for tasks to queue
[2025-04-03T15:17:34.641+0000] {logging_mixin.py:190} INFO - [2025-04-03T15:17:34.640+0000] {dagbag.py:588} INFO - Filling up the DagBag from /home/hamza/Documents/project/Mlops/myenv/lib/python3.12/site-packages/airflow/example_dags/example_params_ui_tutorial.py
[2025-04-03T15:17:34.660+0000] {processor.py:925} INFO - DAG(s) 'example_params_ui_tutorial' retrieved from /home/hamza/Documents/project/Mlops/myenv/lib/python3.12/site-packages/airflow/example_dags/example_params_ui_tutorial.py
[2025-04-03T15:17:34.732+0000] {logging_mixin.py:190} INFO - [2025-04-03T15:17:34.731+0000] {dag.py:3239} INFO - Sync 1 DAGs
[2025-04-03T15:17:34.754+0000] {logging_mixin.py:190} INFO - [2025-04-03T15:17:34.754+0000] {dag.py:4180} INFO - Setting next_dagrun for example_params_ui_tutorial to None, run_after=None
[2025-04-03T15:17:34.799+0000] {processor.py:208} INFO - Processing /home/hamza/Documents/project/Mlops/myenv/lib/python3.12/site-packages/airflow/example_dags/example_params_ui_tutorial.py took 0.174 seconds
[2025-04-03T15:19:06.458+0000] {processor.py:186} INFO - Started process (PID=42422) to work on /home/hamza/Documents/project/Mlops/myenv/lib/python3.12/site-packages/airflow/example_dags/example_params_ui_tutorial.py
[2025-04-03T15:19:06.461+0000] {processor.py:914} INFO - Processing file /home/hamza/Documents/project/Mlops/myenv/lib/python3.12/site-packages/airflow/example_dags/example_params_ui_tutorial.py for tasks to queue
[2025-04-03T15:19:06.465+0000] {logging_mixin.py:190} INFO - [2025-04-03T15:19:06.464+0000] {dagbag.py:588} INFO - Filling up the DagBag from /home/hamza/Documents/project/Mlops/myenv/lib/python3.12/site-packages/airflow/example_dags/example_params_ui_tutorial.py
[2025-04-03T15:19:06.480+0000] {processor.py:925} INFO - DAG(s) 'example_params_ui_tutorial' retrieved from /home/hamza/Documents/project/Mlops/myenv/lib/python3.12/site-packages/airflow/example_dags/example_params_ui_tutorial.py
[2025-04-03T15:19:06.544+0000] {logging_mixin.py:190} INFO - [2025-04-03T15:19:06.544+0000] {dag.py:3239} INFO - Sync 1 DAGs
[2025-04-03T15:19:06.564+0000] {logging_mixin.py:190} INFO - [2025-04-03T15:19:06.563+0000] {dag.py:4180} INFO - Setting next_dagrun for example_params_ui_tutorial to None, run_after=None
[2025-04-03T15:19:06.596+0000] {processor.py:208} INFO - Processing /home/hamza/Documents/project/Mlops/myenv/lib/python3.12/site-packages/airflow/example_dags/example_params_ui_tutorial.py took 0.147 seconds
