[2025-04-03T13:44:08.003+0000] {processor.py:186} INFO - Started process (PID=98806) to work on /home/hamza/Documents/project/Mlops/myenv/lib/python3.12/site-packages/airflow/example_dags/example_dag_decorator.py
[2025-04-03T13:44:08.004+0000] {processor.py:914} INFO - Processing file /home/hamza/Documents/project/Mlops/myenv/lib/python3.12/site-packages/airflow/example_dags/example_dag_decorator.py for tasks to queue
[2025-04-03T13:44:08.008+0000] {logging_mixin.py:190} INFO - [2025-04-03T13:44:08.007+0000] {dagbag.py:588} INFO - Filling up the DagBag from /home/hamza/Documents/project/Mlops/myenv/lib/python3.12/site-packages/airflow/example_dags/example_dag_decorator.py
[2025-04-03T13:44:08.084+0000] {processor.py:925} INFO - DAG(s) 'example_dag_decorator' retrieved from /home/hamza/Documents/project/Mlops/myenv/lib/python3.12/site-packages/airflow/example_dags/example_dag_decorator.py
[2025-04-03T13:44:08.258+0000] {logging_mixin.py:190} INFO - [2025-04-03T13:44:08.257+0000] {override.py:1930} INFO - Created Permission View: can delete on DAG:example_dag_decorator
[2025-04-03T13:44:08.279+0000] {logging_mixin.py:190} INFO - [2025-04-03T13:44:08.278+0000] {override.py:1930} INFO - Created Permission View: can read on DAG:example_dag_decorator
[2025-04-03T13:44:08.293+0000] {logging_mixin.py:190} INFO - [2025-04-03T13:44:08.292+0000] {override.py:1930} INFO - Created Permission View: can edit on DAG:example_dag_decorator
[2025-04-03T13:44:08.335+0000] {logging_mixin.py:190} INFO - [2025-04-03T13:44:08.334+0000] {override.py:1930} INFO - Created Permission View: can delete on DAG Run:example_dag_decorator
[2025-04-03T13:44:08.355+0000] {logging_mixin.py:190} INFO - [2025-04-03T13:44:08.354+0000] {override.py:1930} INFO - Created Permission View: can read on DAG Run:example_dag_decorator
[2025-04-03T13:44:08.375+0000] {logging_mixin.py:190} INFO - [2025-04-03T13:44:08.374+0000] {override.py:1930} INFO - Created Permission View: menu access on DAG Run:example_dag_decorator
[2025-04-03T13:44:08.390+0000] {logging_mixin.py:190} INFO - [2025-04-03T13:44:08.389+0000] {override.py:1930} INFO - Created Permission View: can create on DAG Run:example_dag_decorator
[2025-04-03T13:44:08.391+0000] {logging_mixin.py:190} INFO - [2025-04-03T13:44:08.390+0000] {dag.py:3239} INFO - Sync 1 DAGs
[2025-04-03T13:44:08.412+0000] {logging_mixin.py:190} INFO - [2025-04-03T13:44:08.412+0000] {dag.py:3262} INFO - Creating ORM DAG for example_dag_decorator
[2025-04-03T13:44:08.413+0000] {logging_mixin.py:190} INFO - [2025-04-03T13:44:08.413+0000] {dag.py:4180} INFO - Setting next_dagrun for example_dag_decorator to None, run_after=None
[2025-04-03T13:44:08.445+0000] {processor.py:208} INFO - Processing /home/hamza/Documents/project/Mlops/myenv/lib/python3.12/site-packages/airflow/example_dags/example_dag_decorator.py took 0.452 seconds
[2025-04-03T13:45:24.345+0000] {processor.py:186} INFO - Started process (PID=99798) to work on /home/hamza/Documents/project/Mlops/myenv/lib/python3.12/site-packages/airflow/example_dags/example_dag_decorator.py
[2025-04-03T13:45:24.348+0000] {processor.py:914} INFO - Processing file /home/hamza/Documents/project/Mlops/myenv/lib/python3.12/site-packages/airflow/example_dags/example_dag_decorator.py for tasks to queue
[2025-04-03T13:45:24.351+0000] {logging_mixin.py:190} INFO - [2025-04-03T13:45:24.350+0000] {dagbag.py:588} INFO - Filling up the DagBag from /home/hamza/Documents/project/Mlops/myenv/lib/python3.12/site-packages/airflow/example_dags/example_dag_decorator.py
[2025-04-03T13:45:24.419+0000] {processor.py:925} INFO - DAG(s) 'example_dag_decorator' retrieved from /home/hamza/Documents/project/Mlops/myenv/lib/python3.12/site-packages/airflow/example_dags/example_dag_decorator.py
[2025-04-03T13:45:24.584+0000] {logging_mixin.py:190} INFO - [2025-04-03T13:45:24.583+0000] {dag.py:3239} INFO - Sync 1 DAGs
[2025-04-03T13:45:24.600+0000] {logging_mixin.py:190} INFO - [2025-04-03T13:45:24.600+0000] {dag.py:4180} INFO - Setting next_dagrun for example_dag_decorator to None, run_after=None
[2025-04-03T13:45:24.633+0000] {processor.py:208} INFO - Processing /home/hamza/Documents/project/Mlops/myenv/lib/python3.12/site-packages/airflow/example_dags/example_dag_decorator.py took 0.298 seconds
[2025-04-03T13:46:32.466+0000] {processor.py:186} INFO - Started process (PID=100425) to work on /home/hamza/Documents/project/Mlops/myenv/lib/python3.12/site-packages/airflow/example_dags/example_dag_decorator.py
[2025-04-03T13:46:32.468+0000] {processor.py:914} INFO - Processing file /home/hamza/Documents/project/Mlops/myenv/lib/python3.12/site-packages/airflow/example_dags/example_dag_decorator.py for tasks to queue
[2025-04-03T13:46:32.472+0000] {logging_mixin.py:190} INFO - [2025-04-03T13:46:32.471+0000] {dagbag.py:588} INFO - Filling up the DagBag from /home/hamza/Documents/project/Mlops/myenv/lib/python3.12/site-packages/airflow/example_dags/example_dag_decorator.py
[2025-04-03T13:46:32.538+0000] {processor.py:925} INFO - DAG(s) 'example_dag_decorator' retrieved from /home/hamza/Documents/project/Mlops/myenv/lib/python3.12/site-packages/airflow/example_dags/example_dag_decorator.py
[2025-04-03T13:46:32.714+0000] {logging_mixin.py:190} INFO - [2025-04-03T13:46:32.713+0000] {dag.py:3239} INFO - Sync 1 DAGs
[2025-04-03T13:46:32.731+0000] {logging_mixin.py:190} INFO - [2025-04-03T13:46:32.731+0000] {dag.py:4180} INFO - Setting next_dagrun for example_dag_decorator to None, run_after=None
[2025-04-03T13:46:32.772+0000] {processor.py:208} INFO - Processing /home/hamza/Documents/project/Mlops/myenv/lib/python3.12/site-packages/airflow/example_dags/example_dag_decorator.py took 0.316 seconds
[2025-04-03T13:47:39.447+0000] {processor.py:186} INFO - Started process (PID=101261) to work on /home/hamza/Documents/project/Mlops/myenv/lib/python3.12/site-packages/airflow/example_dags/example_dag_decorator.py
[2025-04-03T13:47:39.450+0000] {processor.py:914} INFO - Processing file /home/hamza/Documents/project/Mlops/myenv/lib/python3.12/site-packages/airflow/example_dags/example_dag_decorator.py for tasks to queue
[2025-04-03T13:47:39.453+0000] {logging_mixin.py:190} INFO - [2025-04-03T13:47:39.452+0000] {dagbag.py:588} INFO - Filling up the DagBag from /home/hamza/Documents/project/Mlops/myenv/lib/python3.12/site-packages/airflow/example_dags/example_dag_decorator.py
[2025-04-03T13:47:39.519+0000] {processor.py:925} INFO - DAG(s) 'example_dag_decorator' retrieved from /home/hamza/Documents/project/Mlops/myenv/lib/python3.12/site-packages/airflow/example_dags/example_dag_decorator.py
[2025-04-03T13:47:39.716+0000] {logging_mixin.py:190} INFO - [2025-04-03T13:47:39.716+0000] {dag.py:3239} INFO - Sync 1 DAGs
[2025-04-03T13:47:39.736+0000] {logging_mixin.py:190} INFO - [2025-04-03T13:47:39.736+0000] {dag.py:4180} INFO - Setting next_dagrun for example_dag_decorator to None, run_after=None
[2025-04-03T13:47:39.771+0000] {processor.py:208} INFO - Processing /home/hamza/Documents/project/Mlops/myenv/lib/python3.12/site-packages/airflow/example_dags/example_dag_decorator.py took 0.334 seconds
[2025-04-03T13:50:13.910+0000] {processor.py:186} INFO - Started process (PID=103272) to work on /home/hamza/Documents/project/Mlops/myenv/lib/python3.12/site-packages/airflow/example_dags/example_dag_decorator.py
[2025-04-03T13:50:13.912+0000] {processor.py:914} INFO - Processing file /home/hamza/Documents/project/Mlops/myenv/lib/python3.12/site-packages/airflow/example_dags/example_dag_decorator.py for tasks to queue
[2025-04-03T13:50:13.916+0000] {logging_mixin.py:190} INFO - [2025-04-03T13:50:13.915+0000] {dagbag.py:588} INFO - Filling up the DagBag from /home/hamza/Documents/project/Mlops/myenv/lib/python3.12/site-packages/airflow/example_dags/example_dag_decorator.py
[2025-04-03T13:50:13.983+0000] {processor.py:925} INFO - DAG(s) 'example_dag_decorator' retrieved from /home/hamza/Documents/project/Mlops/myenv/lib/python3.12/site-packages/airflow/example_dags/example_dag_decorator.py
[2025-04-03T13:50:14.151+0000] {logging_mixin.py:190} INFO - [2025-04-03T13:50:14.151+0000] {dag.py:3239} INFO - Sync 1 DAGs
[2025-04-03T13:50:14.169+0000] {logging_mixin.py:190} INFO - [2025-04-03T13:50:14.169+0000] {dag.py:4180} INFO - Setting next_dagrun for example_dag_decorator to None, run_after=None
[2025-04-03T13:50:14.204+0000] {processor.py:208} INFO - Processing /home/hamza/Documents/project/Mlops/myenv/lib/python3.12/site-packages/airflow/example_dags/example_dag_decorator.py took 0.303 seconds
[2025-04-03T13:51:48.838+0000] {processor.py:186} INFO - Started process (PID=104480) to work on /home/hamza/Documents/project/Mlops/myenv/lib/python3.12/site-packages/airflow/example_dags/example_dag_decorator.py
[2025-04-03T13:51:48.841+0000] {processor.py:914} INFO - Processing file /home/hamza/Documents/project/Mlops/myenv/lib/python3.12/site-packages/airflow/example_dags/example_dag_decorator.py for tasks to queue
[2025-04-03T13:51:48.845+0000] {logging_mixin.py:190} INFO - [2025-04-03T13:51:48.845+0000] {dagbag.py:588} INFO - Filling up the DagBag from /home/hamza/Documents/project/Mlops/myenv/lib/python3.12/site-packages/airflow/example_dags/example_dag_decorator.py
[2025-04-03T13:51:48.920+0000] {processor.py:925} INFO - DAG(s) 'example_dag_decorator' retrieved from /home/hamza/Documents/project/Mlops/myenv/lib/python3.12/site-packages/airflow/example_dags/example_dag_decorator.py
[2025-04-03T13:51:49.082+0000] {logging_mixin.py:190} INFO - [2025-04-03T13:51:49.081+0000] {dag.py:3239} INFO - Sync 1 DAGs
[2025-04-03T13:51:49.098+0000] {logging_mixin.py:190} INFO - [2025-04-03T13:51:49.098+0000] {dag.py:4180} INFO - Setting next_dagrun for example_dag_decorator to None, run_after=None
[2025-04-03T13:51:49.134+0000] {processor.py:208} INFO - Processing /home/hamza/Documents/project/Mlops/myenv/lib/python3.12/site-packages/airflow/example_dags/example_dag_decorator.py took 0.311 seconds
[2025-04-03T13:53:33.458+0000] {processor.py:186} INFO - Started process (PID=105566) to work on /home/hamza/Documents/project/Mlops/myenv/lib/python3.12/site-packages/airflow/example_dags/example_dag_decorator.py
[2025-04-03T13:53:33.459+0000] {processor.py:914} INFO - Processing file /home/hamza/Documents/project/Mlops/myenv/lib/python3.12/site-packages/airflow/example_dags/example_dag_decorator.py for tasks to queue
[2025-04-03T13:53:33.463+0000] {logging_mixin.py:190} INFO - [2025-04-03T13:53:33.462+0000] {dagbag.py:588} INFO - Filling up the DagBag from /home/hamza/Documents/project/Mlops/myenv/lib/python3.12/site-packages/airflow/example_dags/example_dag_decorator.py
[2025-04-03T13:53:33.549+0000] {processor.py:925} INFO - DAG(s) 'example_dag_decorator' retrieved from /home/hamza/Documents/project/Mlops/myenv/lib/python3.12/site-packages/airflow/example_dags/example_dag_decorator.py
[2025-04-03T13:53:33.835+0000] {logging_mixin.py:190} INFO - [2025-04-03T13:53:33.834+0000] {dag.py:3239} INFO - Sync 1 DAGs
[2025-04-03T13:53:33.855+0000] {logging_mixin.py:190} INFO - [2025-04-03T13:53:33.855+0000] {dag.py:4180} INFO - Setting next_dagrun for example_dag_decorator to None, run_after=None
[2025-04-03T13:53:33.907+0000] {processor.py:208} INFO - Processing /home/hamza/Documents/project/Mlops/myenv/lib/python3.12/site-packages/airflow/example_dags/example_dag_decorator.py took 0.457 seconds
[2025-04-03T13:59:48.574+0000] {processor.py:186} INFO - Started process (PID=110320) to work on /home/hamza/Documents/project/Mlops/myenv/lib/python3.12/site-packages/airflow/example_dags/example_dag_decorator.py
[2025-04-03T13:59:48.575+0000] {processor.py:914} INFO - Processing file /home/hamza/Documents/project/Mlops/myenv/lib/python3.12/site-packages/airflow/example_dags/example_dag_decorator.py for tasks to queue
[2025-04-03T13:59:48.581+0000] {logging_mixin.py:190} INFO - [2025-04-03T13:59:48.580+0000] {dagbag.py:588} INFO - Filling up the DagBag from /home/hamza/Documents/project/Mlops/myenv/lib/python3.12/site-packages/airflow/example_dags/example_dag_decorator.py
[2025-04-03T13:59:48.684+0000] {processor.py:925} INFO - DAG(s) 'example_dag_decorator' retrieved from /home/hamza/Documents/project/Mlops/myenv/lib/python3.12/site-packages/airflow/example_dags/example_dag_decorator.py
[2025-04-03T13:59:48.905+0000] {logging_mixin.py:190} INFO - [2025-04-03T13:59:48.904+0000] {dag.py:3239} INFO - Sync 1 DAGs
[2025-04-03T13:59:48.927+0000] {logging_mixin.py:190} INFO - [2025-04-03T13:59:48.926+0000] {dag.py:4180} INFO - Setting next_dagrun for example_dag_decorator to None, run_after=None
[2025-04-03T13:59:48.994+0000] {processor.py:208} INFO - Processing /home/hamza/Documents/project/Mlops/myenv/lib/python3.12/site-packages/airflow/example_dags/example_dag_decorator.py took 0.429 seconds
[2025-04-03T14:10:35.339+0000] {processor.py:186} INFO - Started process (PID=118309) to work on /home/hamza/Documents/project/Mlops/myenv/lib/python3.12/site-packages/airflow/example_dags/example_dag_decorator.py
[2025-04-03T14:10:35.342+0000] {processor.py:914} INFO - Processing file /home/hamza/Documents/project/Mlops/myenv/lib/python3.12/site-packages/airflow/example_dags/example_dag_decorator.py for tasks to queue
[2025-04-03T14:10:35.344+0000] {logging_mixin.py:190} INFO - [2025-04-03T14:10:35.343+0000] {dagbag.py:588} INFO - Filling up the DagBag from /home/hamza/Documents/project/Mlops/myenv/lib/python3.12/site-packages/airflow/example_dags/example_dag_decorator.py
[2025-04-03T14:10:35.409+0000] {processor.py:925} INFO - DAG(s) 'example_dag_decorator' retrieved from /home/hamza/Documents/project/Mlops/myenv/lib/python3.12/site-packages/airflow/example_dags/example_dag_decorator.py
[2025-04-03T14:10:35.574+0000] {logging_mixin.py:190} INFO - [2025-04-03T14:10:35.573+0000] {dag.py:3239} INFO - Sync 1 DAGs
[2025-04-03T14:10:35.590+0000] {logging_mixin.py:190} INFO - [2025-04-03T14:10:35.590+0000] {dag.py:4180} INFO - Setting next_dagrun for example_dag_decorator to None, run_after=None
[2025-04-03T14:10:35.628+0000] {processor.py:208} INFO - Processing /home/hamza/Documents/project/Mlops/myenv/lib/python3.12/site-packages/airflow/example_dags/example_dag_decorator.py took 0.298 seconds
[2025-04-03T14:12:13.668+0000] {processor.py:186} INFO - Started process (PID=119172) to work on /home/hamza/Documents/project/Mlops/myenv/lib/python3.12/site-packages/airflow/example_dags/example_dag_decorator.py
[2025-04-03T14:12:13.670+0000] {processor.py:914} INFO - Processing file /home/hamza/Documents/project/Mlops/myenv/lib/python3.12/site-packages/airflow/example_dags/example_dag_decorator.py for tasks to queue
[2025-04-03T14:12:13.674+0000] {logging_mixin.py:190} INFO - [2025-04-03T14:12:13.672+0000] {dagbag.py:588} INFO - Filling up the DagBag from /home/hamza/Documents/project/Mlops/myenv/lib/python3.12/site-packages/airflow/example_dags/example_dag_decorator.py
[2025-04-03T14:12:13.765+0000] {processor.py:925} INFO - DAG(s) 'example_dag_decorator' retrieved from /home/hamza/Documents/project/Mlops/myenv/lib/python3.12/site-packages/airflow/example_dags/example_dag_decorator.py
[2025-04-03T14:12:13.977+0000] {logging_mixin.py:190} INFO - [2025-04-03T14:12:13.976+0000] {dag.py:3239} INFO - Sync 1 DAGs
[2025-04-03T14:12:13.996+0000] {logging_mixin.py:190} INFO - [2025-04-03T14:12:13.995+0000] {dag.py:4180} INFO - Setting next_dagrun for example_dag_decorator to None, run_after=None
[2025-04-03T14:12:14.028+0000] {processor.py:208} INFO - Processing /home/hamza/Documents/project/Mlops/myenv/lib/python3.12/site-packages/airflow/example_dags/example_dag_decorator.py took 0.371 seconds
[2025-04-03T14:19:14.135+0000] {processor.py:186} INFO - Started process (PID=122669) to work on /home/hamza/Documents/project/Mlops/myenv/lib/python3.12/site-packages/airflow/example_dags/example_dag_decorator.py
[2025-04-03T14:19:14.144+0000] {processor.py:914} INFO - Processing file /home/hamza/Documents/project/Mlops/myenv/lib/python3.12/site-packages/airflow/example_dags/example_dag_decorator.py for tasks to queue
[2025-04-03T14:19:14.147+0000] {logging_mixin.py:190} INFO - [2025-04-03T14:19:14.146+0000] {dagbag.py:588} INFO - Filling up the DagBag from /home/hamza/Documents/project/Mlops/myenv/lib/python3.12/site-packages/airflow/example_dags/example_dag_decorator.py
[2025-04-03T14:19:14.226+0000] {processor.py:925} INFO - DAG(s) 'example_dag_decorator' retrieved from /home/hamza/Documents/project/Mlops/myenv/lib/python3.12/site-packages/airflow/example_dags/example_dag_decorator.py
[2025-04-03T14:19:14.390+0000] {logging_mixin.py:190} INFO - [2025-04-03T14:19:14.389+0000] {dag.py:3239} INFO - Sync 1 DAGs
[2025-04-03T14:19:14.405+0000] {logging_mixin.py:190} INFO - [2025-04-03T14:19:14.404+0000] {dag.py:4180} INFO - Setting next_dagrun for example_dag_decorator to None, run_after=None
[2025-04-03T14:19:14.439+0000] {processor.py:208} INFO - Processing /home/hamza/Documents/project/Mlops/myenv/lib/python3.12/site-packages/airflow/example_dags/example_dag_decorator.py took 0.314 seconds
[2025-04-03T15:08:45.331+0000] {processor.py:186} INFO - Started process (PID=36371) to work on /home/hamza/Documents/project/Mlops/myenv/lib/python3.12/site-packages/airflow/example_dags/example_dag_decorator.py
[2025-04-03T15:08:45.332+0000] {processor.py:914} INFO - Processing file /home/hamza/Documents/project/Mlops/myenv/lib/python3.12/site-packages/airflow/example_dags/example_dag_decorator.py for tasks to queue
[2025-04-03T15:08:45.336+0000] {logging_mixin.py:190} INFO - [2025-04-03T15:08:45.335+0000] {dagbag.py:588} INFO - Filling up the DagBag from /home/hamza/Documents/project/Mlops/myenv/lib/python3.12/site-packages/airflow/example_dags/example_dag_decorator.py
[2025-04-03T15:08:45.407+0000] {processor.py:925} INFO - DAG(s) 'example_dag_decorator' retrieved from /home/hamza/Documents/project/Mlops/myenv/lib/python3.12/site-packages/airflow/example_dags/example_dag_decorator.py
[2025-04-03T15:08:45.569+0000] {logging_mixin.py:190} INFO - [2025-04-03T15:08:45.568+0000] {dag.py:3239} INFO - Sync 1 DAGs
[2025-04-03T15:08:45.588+0000] {logging_mixin.py:190} INFO - [2025-04-03T15:08:45.587+0000] {dag.py:4180} INFO - Setting next_dagrun for example_dag_decorator to None, run_after=None
[2025-04-03T15:08:45.622+0000] {processor.py:208} INFO - Processing /home/hamza/Documents/project/Mlops/myenv/lib/python3.12/site-packages/airflow/example_dags/example_dag_decorator.py took 0.300 seconds
[2025-04-03T15:10:15.562+0000] {processor.py:186} INFO - Started process (PID=37273) to work on /home/hamza/Documents/project/Mlops/myenv/lib/python3.12/site-packages/airflow/example_dags/example_dag_decorator.py
[2025-04-03T15:10:15.565+0000] {processor.py:914} INFO - Processing file /home/hamza/Documents/project/Mlops/myenv/lib/python3.12/site-packages/airflow/example_dags/example_dag_decorator.py for tasks to queue
[2025-04-03T15:10:15.569+0000] {logging_mixin.py:190} INFO - [2025-04-03T15:10:15.568+0000] {dagbag.py:588} INFO - Filling up the DagBag from /home/hamza/Documents/project/Mlops/myenv/lib/python3.12/site-packages/airflow/example_dags/example_dag_decorator.py
[2025-04-03T15:10:15.631+0000] {processor.py:925} INFO - DAG(s) 'example_dag_decorator' retrieved from /home/hamza/Documents/project/Mlops/myenv/lib/python3.12/site-packages/airflow/example_dags/example_dag_decorator.py
[2025-04-03T15:10:15.863+0000] {logging_mixin.py:190} INFO - [2025-04-03T15:10:15.862+0000] {dag.py:3239} INFO - Sync 1 DAGs
[2025-04-03T15:10:15.885+0000] {logging_mixin.py:190} INFO - [2025-04-03T15:10:15.885+0000] {dag.py:4180} INFO - Setting next_dagrun for example_dag_decorator to None, run_after=None
[2025-04-03T15:10:15.928+0000] {processor.py:208} INFO - Processing /home/hamza/Documents/project/Mlops/myenv/lib/python3.12/site-packages/airflow/example_dags/example_dag_decorator.py took 0.375 seconds
[2025-04-03T15:11:43.519+0000] {processor.py:186} INFO - Started process (PID=38060) to work on /home/hamza/Documents/project/Mlops/myenv/lib/python3.12/site-packages/airflow/example_dags/example_dag_decorator.py
[2025-04-03T15:11:43.521+0000] {processor.py:914} INFO - Processing file /home/hamza/Documents/project/Mlops/myenv/lib/python3.12/site-packages/airflow/example_dags/example_dag_decorator.py for tasks to queue
[2025-04-03T15:11:43.524+0000] {logging_mixin.py:190} INFO - [2025-04-03T15:11:43.524+0000] {dagbag.py:588} INFO - Filling up the DagBag from /home/hamza/Documents/project/Mlops/myenv/lib/python3.12/site-packages/airflow/example_dags/example_dag_decorator.py
[2025-04-03T15:11:43.597+0000] {processor.py:925} INFO - DAG(s) 'example_dag_decorator' retrieved from /home/hamza/Documents/project/Mlops/myenv/lib/python3.12/site-packages/airflow/example_dags/example_dag_decorator.py
[2025-04-03T15:11:43.773+0000] {logging_mixin.py:190} INFO - [2025-04-03T15:11:43.772+0000] {dag.py:3239} INFO - Sync 1 DAGs
[2025-04-03T15:11:43.790+0000] {logging_mixin.py:190} INFO - [2025-04-03T15:11:43.790+0000] {dag.py:4180} INFO - Setting next_dagrun for example_dag_decorator to None, run_after=None
[2025-04-03T15:11:43.826+0000] {processor.py:208} INFO - Processing /home/hamza/Documents/project/Mlops/myenv/lib/python3.12/site-packages/airflow/example_dags/example_dag_decorator.py took 0.315 seconds
[2025-04-03T15:13:20.534+0000] {processor.py:186} INFO - Started process (PID=38972) to work on /home/hamza/Documents/project/Mlops/myenv/lib/python3.12/site-packages/airflow/example_dags/example_dag_decorator.py
[2025-04-03T15:13:20.537+0000] {processor.py:914} INFO - Processing file /home/hamza/Documents/project/Mlops/myenv/lib/python3.12/site-packages/airflow/example_dags/example_dag_decorator.py for tasks to queue
[2025-04-03T15:13:20.541+0000] {logging_mixin.py:190} INFO - [2025-04-03T15:13:20.540+0000] {dagbag.py:588} INFO - Filling up the DagBag from /home/hamza/Documents/project/Mlops/myenv/lib/python3.12/site-packages/airflow/example_dags/example_dag_decorator.py
[2025-04-03T15:13:20.606+0000] {processor.py:925} INFO - DAG(s) 'example_dag_decorator' retrieved from /home/hamza/Documents/project/Mlops/myenv/lib/python3.12/site-packages/airflow/example_dags/example_dag_decorator.py
[2025-04-03T15:13:20.771+0000] {logging_mixin.py:190} INFO - [2025-04-03T15:13:20.771+0000] {dag.py:3239} INFO - Sync 1 DAGs
[2025-04-03T15:13:20.791+0000] {logging_mixin.py:190} INFO - [2025-04-03T15:13:20.791+0000] {dag.py:4180} INFO - Setting next_dagrun for example_dag_decorator to None, run_after=None
[2025-04-03T15:13:20.829+0000] {processor.py:208} INFO - Processing /home/hamza/Documents/project/Mlops/myenv/lib/python3.12/site-packages/airflow/example_dags/example_dag_decorator.py took 0.304 seconds
[2025-04-03T15:14:54.511+0000] {processor.py:186} INFO - Started process (PID=39843) to work on /home/hamza/Documents/project/Mlops/myenv/lib/python3.12/site-packages/airflow/example_dags/example_dag_decorator.py
[2025-04-03T15:14:54.514+0000] {processor.py:914} INFO - Processing file /home/hamza/Documents/project/Mlops/myenv/lib/python3.12/site-packages/airflow/example_dags/example_dag_decorator.py for tasks to queue
[2025-04-03T15:14:54.518+0000] {logging_mixin.py:190} INFO - [2025-04-03T15:14:54.517+0000] {dagbag.py:588} INFO - Filling up the DagBag from /home/hamza/Documents/project/Mlops/myenv/lib/python3.12/site-packages/airflow/example_dags/example_dag_decorator.py
[2025-04-03T15:14:54.588+0000] {processor.py:925} INFO - DAG(s) 'example_dag_decorator' retrieved from /home/hamza/Documents/project/Mlops/myenv/lib/python3.12/site-packages/airflow/example_dags/example_dag_decorator.py
[2025-04-03T15:14:54.764+0000] {logging_mixin.py:190} INFO - [2025-04-03T15:14:54.764+0000] {dag.py:3239} INFO - Sync 1 DAGs
[2025-04-03T15:14:54.785+0000] {logging_mixin.py:190} INFO - [2025-04-03T15:14:54.784+0000] {dag.py:4180} INFO - Setting next_dagrun for example_dag_decorator to None, run_after=None
[2025-04-03T15:14:54.821+0000] {processor.py:208} INFO - Processing /home/hamza/Documents/project/Mlops/myenv/lib/python3.12/site-packages/airflow/example_dags/example_dag_decorator.py took 0.318 seconds
[2025-04-03T15:16:33.774+0000] {processor.py:186} INFO - Started process (PID=40841) to work on /home/hamza/Documents/project/Mlops/myenv/lib/python3.12/site-packages/airflow/example_dags/example_dag_decorator.py
[2025-04-03T15:16:33.775+0000] {processor.py:914} INFO - Processing file /home/hamza/Documents/project/Mlops/myenv/lib/python3.12/site-packages/airflow/example_dags/example_dag_decorator.py for tasks to queue
[2025-04-03T15:16:33.779+0000] {logging_mixin.py:190} INFO - [2025-04-03T15:16:33.778+0000] {dagbag.py:588} INFO - Filling up the DagBag from /home/hamza/Documents/project/Mlops/myenv/lib/python3.12/site-packages/airflow/example_dags/example_dag_decorator.py
[2025-04-03T15:16:33.844+0000] {processor.py:925} INFO - DAG(s) 'example_dag_decorator' retrieved from /home/hamza/Documents/project/Mlops/myenv/lib/python3.12/site-packages/airflow/example_dags/example_dag_decorator.py
[2025-04-03T15:16:33.873+0000] {logging_mixin.py:190} INFO - [2025-04-03T15:16:33.873+0000] {dag.py:3239} INFO - Sync 1 DAGs
[2025-04-03T15:16:33.895+0000] {logging_mixin.py:190} INFO - [2025-04-03T15:16:33.895+0000] {dag.py:4180} INFO - Setting next_dagrun for example_dag_decorator to None, run_after=None
[2025-04-03T15:16:33.929+0000] {processor.py:208} INFO - Processing /home/hamza/Documents/project/Mlops/myenv/lib/python3.12/site-packages/airflow/example_dags/example_dag_decorator.py took 0.165 seconds
[2025-04-03T15:18:12.443+0000] {processor.py:186} INFO - Started process (PID=41899) to work on /home/hamza/Documents/project/Mlops/myenv/lib/python3.12/site-packages/airflow/example_dags/example_dag_decorator.py
[2025-04-03T15:18:12.446+0000] {processor.py:914} INFO - Processing file /home/hamza/Documents/project/Mlops/myenv/lib/python3.12/site-packages/airflow/example_dags/example_dag_decorator.py for tasks to queue
[2025-04-03T15:18:12.451+0000] {logging_mixin.py:190} INFO - [2025-04-03T15:18:12.450+0000] {dagbag.py:588} INFO - Filling up the DagBag from /home/hamza/Documents/project/Mlops/myenv/lib/python3.12/site-packages/airflow/example_dags/example_dag_decorator.py
[2025-04-03T15:18:12.520+0000] {processor.py:925} INFO - DAG(s) 'example_dag_decorator' retrieved from /home/hamza/Documents/project/Mlops/myenv/lib/python3.12/site-packages/airflow/example_dags/example_dag_decorator.py
[2025-04-03T15:18:12.690+0000] {logging_mixin.py:190} INFO - [2025-04-03T15:18:12.689+0000] {dag.py:3239} INFO - Sync 1 DAGs
[2025-04-03T15:18:12.710+0000] {logging_mixin.py:190} INFO - [2025-04-03T15:18:12.710+0000] {dag.py:4180} INFO - Setting next_dagrun for example_dag_decorator to None, run_after=None
[2025-04-03T15:18:12.744+0000] {processor.py:208} INFO - Processing /home/hamza/Documents/project/Mlops/myenv/lib/python3.12/site-packages/airflow/example_dags/example_dag_decorator.py took 0.310 seconds
[2025-04-03T15:19:44.212+0000] {processor.py:186} INFO - Started process (PID=42896) to work on /home/hamza/Documents/project/Mlops/myenv/lib/python3.12/site-packages/airflow/example_dags/example_dag_decorator.py
[2025-04-03T15:19:44.214+0000] {processor.py:914} INFO - Processing file /home/hamza/Documents/project/Mlops/myenv/lib/python3.12/site-packages/airflow/example_dags/example_dag_decorator.py for tasks to queue
[2025-04-03T15:19:44.218+0000] {logging_mixin.py:190} INFO - [2025-04-03T15:19:44.217+0000] {dagbag.py:588} INFO - Filling up the DagBag from /home/hamza/Documents/project/Mlops/myenv/lib/python3.12/site-packages/airflow/example_dags/example_dag_decorator.py
[2025-04-03T15:19:44.282+0000] {processor.py:925} INFO - DAG(s) 'example_dag_decorator' retrieved from /home/hamza/Documents/project/Mlops/myenv/lib/python3.12/site-packages/airflow/example_dags/example_dag_decorator.py
[2025-04-03T15:19:44.434+0000] {logging_mixin.py:190} INFO - [2025-04-03T15:19:44.434+0000] {dag.py:3239} INFO - Sync 1 DAGs
[2025-04-03T15:19:44.450+0000] {logging_mixin.py:190} INFO - [2025-04-03T15:19:44.450+0000] {dag.py:4180} INFO - Setting next_dagrun for example_dag_decorator to None, run_after=None
[2025-04-03T15:19:44.483+0000] {processor.py:208} INFO - Processing /home/hamza/Documents/project/Mlops/myenv/lib/python3.12/site-packages/airflow/example_dags/example_dag_decorator.py took 0.280 seconds
[2025-04-03T15:21:13.412+0000] {processor.py:186} INFO - Started process (PID=43776) to work on /home/hamza/Documents/project/Mlops/myenv/lib/python3.12/site-packages/airflow/example_dags/example_dag_decorator.py
[2025-04-03T15:21:13.414+0000] {processor.py:914} INFO - Processing file /home/hamza/Documents/project/Mlops/myenv/lib/python3.12/site-packages/airflow/example_dags/example_dag_decorator.py for tasks to queue
[2025-04-03T15:21:13.418+0000] {logging_mixin.py:190} INFO - [2025-04-03T15:21:13.418+0000] {dagbag.py:588} INFO - Filling up the DagBag from /home/hamza/Documents/project/Mlops/myenv/lib/python3.12/site-packages/airflow/example_dags/example_dag_decorator.py
[2025-04-03T15:21:13.496+0000] {processor.py:925} INFO - DAG(s) 'example_dag_decorator' retrieved from /home/hamza/Documents/project/Mlops/myenv/lib/python3.12/site-packages/airflow/example_dags/example_dag_decorator.py
[2025-04-03T15:21:13.678+0000] {logging_mixin.py:190} INFO - [2025-04-03T15:21:13.678+0000] {dag.py:3239} INFO - Sync 1 DAGs
[2025-04-03T15:21:13.695+0000] {logging_mixin.py:190} INFO - [2025-04-03T15:21:13.695+0000] {dag.py:4180} INFO - Setting next_dagrun for example_dag_decorator to None, run_after=None
[2025-04-03T15:21:13.726+0000] {processor.py:208} INFO - Processing /home/hamza/Documents/project/Mlops/myenv/lib/python3.12/site-packages/airflow/example_dags/example_dag_decorator.py took 0.324 seconds
[2025-04-03T15:22:50.729+0000] {processor.py:186} INFO - Started process (PID=44692) to work on /home/hamza/Documents/project/Mlops/myenv/lib/python3.12/site-packages/airflow/example_dags/example_dag_decorator.py
[2025-04-03T15:22:50.732+0000] {processor.py:914} INFO - Processing file /home/hamza/Documents/project/Mlops/myenv/lib/python3.12/site-packages/airflow/example_dags/example_dag_decorator.py for tasks to queue
[2025-04-03T15:22:50.735+0000] {logging_mixin.py:190} INFO - [2025-04-03T15:22:50.735+0000] {dagbag.py:588} INFO - Filling up the DagBag from /home/hamza/Documents/project/Mlops/myenv/lib/python3.12/site-packages/airflow/example_dags/example_dag_decorator.py
[2025-04-03T15:22:50.811+0000] {processor.py:925} INFO - DAG(s) 'example_dag_decorator' retrieved from /home/hamza/Documents/project/Mlops/myenv/lib/python3.12/site-packages/airflow/example_dags/example_dag_decorator.py
[2025-04-03T15:22:50.974+0000] {logging_mixin.py:190} INFO - [2025-04-03T15:22:50.973+0000] {dag.py:3239} INFO - Sync 1 DAGs
[2025-04-03T15:22:50.990+0000] {logging_mixin.py:190} INFO - [2025-04-03T15:22:50.990+0000] {dag.py:4180} INFO - Setting next_dagrun for example_dag_decorator to None, run_after=None
[2025-04-03T15:22:51.023+0000] {processor.py:208} INFO - Processing /home/hamza/Documents/project/Mlops/myenv/lib/python3.12/site-packages/airflow/example_dags/example_dag_decorator.py took 0.302 seconds
[2025-04-03T15:24:27.061+0000] {processor.py:186} INFO - Started process (PID=45662) to work on /home/hamza/Documents/project/Mlops/myenv/lib/python3.12/site-packages/airflow/example_dags/example_dag_decorator.py
[2025-04-03T15:24:27.064+0000] {processor.py:914} INFO - Processing file /home/hamza/Documents/project/Mlops/myenv/lib/python3.12/site-packages/airflow/example_dags/example_dag_decorator.py for tasks to queue
[2025-04-03T15:24:27.067+0000] {logging_mixin.py:190} INFO - [2025-04-03T15:24:27.067+0000] {dagbag.py:588} INFO - Filling up the DagBag from /home/hamza/Documents/project/Mlops/myenv/lib/python3.12/site-packages/airflow/example_dags/example_dag_decorator.py
[2025-04-03T15:24:27.145+0000] {processor.py:925} INFO - DAG(s) 'example_dag_decorator' retrieved from /home/hamza/Documents/project/Mlops/myenv/lib/python3.12/site-packages/airflow/example_dags/example_dag_decorator.py
[2025-04-03T15:24:27.324+0000] {logging_mixin.py:190} INFO - [2025-04-03T15:24:27.323+0000] {dag.py:3239} INFO - Sync 1 DAGs
[2025-04-03T15:24:27.342+0000] {logging_mixin.py:190} INFO - [2025-04-03T15:24:27.342+0000] {dag.py:4180} INFO - Setting next_dagrun for example_dag_decorator to None, run_after=None
[2025-04-03T15:24:27.374+0000] {processor.py:208} INFO - Processing /home/hamza/Documents/project/Mlops/myenv/lib/python3.12/site-packages/airflow/example_dags/example_dag_decorator.py took 0.323 seconds
[2025-04-03T15:25:56.828+0000] {processor.py:186} INFO - Started process (PID=46533) to work on /home/hamza/Documents/project/Mlops/myenv/lib/python3.12/site-packages/airflow/example_dags/example_dag_decorator.py
[2025-04-03T15:25:56.830+0000] {processor.py:914} INFO - Processing file /home/hamza/Documents/project/Mlops/myenv/lib/python3.12/site-packages/airflow/example_dags/example_dag_decorator.py for tasks to queue
[2025-04-03T15:25:56.834+0000] {logging_mixin.py:190} INFO - [2025-04-03T15:25:56.833+0000] {dagbag.py:588} INFO - Filling up the DagBag from /home/hamza/Documents/project/Mlops/myenv/lib/python3.12/site-packages/airflow/example_dags/example_dag_decorator.py
[2025-04-03T15:25:56.900+0000] {processor.py:925} INFO - DAG(s) 'example_dag_decorator' retrieved from /home/hamza/Documents/project/Mlops/myenv/lib/python3.12/site-packages/airflow/example_dags/example_dag_decorator.py
[2025-04-03T15:25:57.051+0000] {logging_mixin.py:190} INFO - [2025-04-03T15:25:57.050+0000] {dag.py:3239} INFO - Sync 1 DAGs
[2025-04-03T15:25:57.066+0000] {logging_mixin.py:190} INFO - [2025-04-03T15:25:57.066+0000] {dag.py:4180} INFO - Setting next_dagrun for example_dag_decorator to None, run_after=None
[2025-04-03T15:25:57.098+0000] {processor.py:208} INFO - Processing /home/hamza/Documents/project/Mlops/myenv/lib/python3.12/site-packages/airflow/example_dags/example_dag_decorator.py took 0.280 seconds
