[2025-04-03T13:44:09.584+0000] {processor.py:186} INFO - Started process (PID=98813) to work on /home/hamza/Documents/project/Mlops/myenv/lib/python3.12/site-packages/airflow/example_dags/example_dataset_alias.py
[2025-04-03T13:44:09.585+0000] {processor.py:914} INFO - Processing file /home/hamza/Documents/project/Mlops/myenv/lib/python3.12/site-packages/airflow/example_dags/example_dataset_alias.py for tasks to queue
[2025-04-03T13:44:09.591+0000] {logging_mixin.py:190} INFO - [2025-04-03T13:44:09.589+0000] {dagbag.py:588} INFO - Filling up the DagBag from /home/hamza/Documents/project/Mlops/myenv/lib/python3.12/site-packages/airflow/example_dags/example_dataset_alias.py
[2025-04-03T13:44:09.638+0000] {processor.py:925} INFO - DAG(s) 'dataset_alias_example_alias_producer', 'dataset_s3_bucket_producer', 'dataset_alias_example_alias_consumer', 'dataset_s3_bucket_consumer' retrieved from /home/hamza/Documents/project/Mlops/myenv/lib/python3.12/site-packages/airflow/example_dags/example_dataset_alias.py
[2025-04-03T13:44:09.896+0000] {logging_mixin.py:190} INFO - [2025-04-03T13:44:09.894+0000] {override.py:1930} INFO - Created Permission View: can delete on DAG:dataset_alias_example_alias_producer
[2025-04-03T13:44:09.932+0000] {logging_mixin.py:190} INFO - [2025-04-03T13:44:09.931+0000] {override.py:1930} INFO - Created Permission View: can read on DAG:dataset_alias_example_alias_producer
[2025-04-03T13:44:09.988+0000] {logging_mixin.py:190} INFO - [2025-04-03T13:44:09.987+0000] {override.py:1930} INFO - Created Permission View: can edit on DAG:dataset_alias_example_alias_producer
[2025-04-03T13:44:10.031+0000] {logging_mixin.py:190} INFO - [2025-04-03T13:44:10.030+0000] {override.py:1930} INFO - Created Permission View: can delete on DAG Run:dataset_alias_example_alias_producer
[2025-04-03T13:44:10.053+0000] {logging_mixin.py:190} INFO - [2025-04-03T13:44:10.050+0000] {override.py:1930} INFO - Created Permission View: can read on DAG Run:dataset_alias_example_alias_producer
[2025-04-03T13:44:10.091+0000] {logging_mixin.py:190} INFO - [2025-04-03T13:44:10.091+0000] {override.py:1930} INFO - Created Permission View: menu access on DAG Run:dataset_alias_example_alias_producer
[2025-04-03T13:44:10.122+0000] {logging_mixin.py:190} INFO - [2025-04-03T13:44:10.121+0000] {override.py:1930} INFO - Created Permission View: can create on DAG Run:dataset_alias_example_alias_producer
[2025-04-03T13:44:10.181+0000] {logging_mixin.py:190} INFO - [2025-04-03T13:44:10.180+0000] {override.py:1930} INFO - Created Permission View: can delete on DAG:dataset_s3_bucket_producer
[2025-04-03T13:44:10.220+0000] {logging_mixin.py:190} INFO - [2025-04-03T13:44:10.219+0000] {override.py:1930} INFO - Created Permission View: can read on DAG:dataset_s3_bucket_producer
[2025-04-03T13:44:10.245+0000] {logging_mixin.py:190} INFO - [2025-04-03T13:44:10.244+0000] {override.py:1930} INFO - Created Permission View: can edit on DAG:dataset_s3_bucket_producer
[2025-04-03T13:44:10.266+0000] {logging_mixin.py:190} INFO - [2025-04-03T13:44:10.265+0000] {override.py:1930} INFO - Created Permission View: can delete on DAG Run:dataset_s3_bucket_producer
[2025-04-03T13:44:10.281+0000] {logging_mixin.py:190} INFO - [2025-04-03T13:44:10.280+0000] {override.py:1930} INFO - Created Permission View: can read on DAG Run:dataset_s3_bucket_producer
[2025-04-03T13:44:10.306+0000] {logging_mixin.py:190} INFO - [2025-04-03T13:44:10.305+0000] {override.py:1930} INFO - Created Permission View: menu access on DAG Run:dataset_s3_bucket_producer
[2025-04-03T13:44:10.320+0000] {logging_mixin.py:190} INFO - [2025-04-03T13:44:10.319+0000] {override.py:1930} INFO - Created Permission View: can create on DAG Run:dataset_s3_bucket_producer
[2025-04-03T13:44:10.360+0000] {logging_mixin.py:190} INFO - [2025-04-03T13:44:10.359+0000] {override.py:1930} INFO - Created Permission View: can delete on DAG:dataset_alias_example_alias_consumer
[2025-04-03T13:44:10.376+0000] {logging_mixin.py:190} INFO - [2025-04-03T13:44:10.375+0000] {override.py:1930} INFO - Created Permission View: can read on DAG:dataset_alias_example_alias_consumer
[2025-04-03T13:44:10.393+0000] {logging_mixin.py:190} INFO - [2025-04-03T13:44:10.392+0000] {override.py:1930} INFO - Created Permission View: can edit on DAG:dataset_alias_example_alias_consumer
[2025-04-03T13:44:10.421+0000] {logging_mixin.py:190} INFO - [2025-04-03T13:44:10.420+0000] {override.py:1930} INFO - Created Permission View: can delete on DAG Run:dataset_alias_example_alias_consumer
[2025-04-03T13:44:10.438+0000] {logging_mixin.py:190} INFO - [2025-04-03T13:44:10.437+0000] {override.py:1930} INFO - Created Permission View: can read on DAG Run:dataset_alias_example_alias_consumer
[2025-04-03T13:44:10.458+0000] {logging_mixin.py:190} INFO - [2025-04-03T13:44:10.456+0000] {override.py:1930} INFO - Created Permission View: menu access on DAG Run:dataset_alias_example_alias_consumer
[2025-04-03T13:44:10.472+0000] {logging_mixin.py:190} INFO - [2025-04-03T13:44:10.471+0000] {override.py:1930} INFO - Created Permission View: can create on DAG Run:dataset_alias_example_alias_consumer
[2025-04-03T13:44:10.510+0000] {logging_mixin.py:190} INFO - [2025-04-03T13:44:10.509+0000] {override.py:1930} INFO - Created Permission View: can delete on DAG:dataset_s3_bucket_consumer
[2025-04-03T13:44:10.528+0000] {logging_mixin.py:190} INFO - [2025-04-03T13:44:10.527+0000] {override.py:1930} INFO - Created Permission View: can read on DAG:dataset_s3_bucket_consumer
[2025-04-03T13:44:10.549+0000] {logging_mixin.py:190} INFO - [2025-04-03T13:44:10.548+0000] {override.py:1930} INFO - Created Permission View: can edit on DAG:dataset_s3_bucket_consumer
[2025-04-03T13:44:10.579+0000] {logging_mixin.py:190} INFO - [2025-04-03T13:44:10.578+0000] {override.py:1930} INFO - Created Permission View: can delete on DAG Run:dataset_s3_bucket_consumer
[2025-04-03T13:44:10.596+0000] {logging_mixin.py:190} INFO - [2025-04-03T13:44:10.595+0000] {override.py:1930} INFO - Created Permission View: can read on DAG Run:dataset_s3_bucket_consumer
[2025-04-03T13:44:10.610+0000] {logging_mixin.py:190} INFO - [2025-04-03T13:44:10.609+0000] {override.py:1930} INFO - Created Permission View: menu access on DAG Run:dataset_s3_bucket_consumer
[2025-04-03T13:44:10.629+0000] {logging_mixin.py:190} INFO - [2025-04-03T13:44:10.628+0000] {override.py:1930} INFO - Created Permission View: can create on DAG Run:dataset_s3_bucket_consumer
[2025-04-03T13:44:10.630+0000] {logging_mixin.py:190} INFO - [2025-04-03T13:44:10.629+0000] {dag.py:3239} INFO - Sync 4 DAGs
[2025-04-03T13:44:10.660+0000] {logging_mixin.py:190} INFO - [2025-04-03T13:44:10.660+0000] {dag.py:3262} INFO - Creating ORM DAG for dataset_alias_example_alias_consumer
[2025-04-03T13:44:10.662+0000] {logging_mixin.py:190} INFO - [2025-04-03T13:44:10.662+0000] {dag.py:3262} INFO - Creating ORM DAG for dataset_alias_example_alias_producer
[2025-04-03T13:44:10.663+0000] {logging_mixin.py:190} INFO - [2025-04-03T13:44:10.663+0000] {dag.py:3262} INFO - Creating ORM DAG for dataset_s3_bucket_consumer
[2025-04-03T13:44:10.664+0000] {logging_mixin.py:190} INFO - [2025-04-03T13:44:10.664+0000] {dag.py:3262} INFO - Creating ORM DAG for dataset_s3_bucket_producer
[2025-04-03T13:44:10.680+0000] {logging_mixin.py:190} INFO - [2025-04-03T13:44:10.680+0000] {dag.py:4180} INFO - Setting next_dagrun for dataset_alias_example_alias_consumer to None, run_after=None
[2025-04-03T13:44:10.681+0000] {logging_mixin.py:190} INFO - [2025-04-03T13:44:10.681+0000] {dag.py:4180} INFO - Setting next_dagrun for dataset_alias_example_alias_producer to None, run_after=None
[2025-04-03T13:44:10.682+0000] {logging_mixin.py:190} INFO - [2025-04-03T13:44:10.682+0000] {dag.py:4180} INFO - Setting next_dagrun for dataset_s3_bucket_consumer to None, run_after=None
[2025-04-03T13:44:10.683+0000] {logging_mixin.py:190} INFO - [2025-04-03T13:44:10.683+0000] {dag.py:4180} INFO - Setting next_dagrun for dataset_s3_bucket_producer to None, run_after=None
[2025-04-03T13:44:10.761+0000] {processor.py:208} INFO - Processing /home/hamza/Documents/project/Mlops/myenv/lib/python3.12/site-packages/airflow/example_dags/example_dataset_alias.py took 1.191 seconds
[2025-04-03T13:45:25.824+0000] {processor.py:186} INFO - Started process (PID=99807) to work on /home/hamza/Documents/project/Mlops/myenv/lib/python3.12/site-packages/airflow/example_dags/example_dataset_alias.py
[2025-04-03T13:45:25.826+0000] {processor.py:914} INFO - Processing file /home/hamza/Documents/project/Mlops/myenv/lib/python3.12/site-packages/airflow/example_dags/example_dataset_alias.py for tasks to queue
[2025-04-03T13:45:25.829+0000] {logging_mixin.py:190} INFO - [2025-04-03T13:45:25.829+0000] {dagbag.py:588} INFO - Filling up the DagBag from /home/hamza/Documents/project/Mlops/myenv/lib/python3.12/site-packages/airflow/example_dags/example_dataset_alias.py
[2025-04-03T13:45:25.870+0000] {processor.py:925} INFO - DAG(s) 'dataset_alias_example_alias_producer', 'dataset_s3_bucket_producer', 'dataset_s3_bucket_consumer', 'dataset_alias_example_alias_consumer' retrieved from /home/hamza/Documents/project/Mlops/myenv/lib/python3.12/site-packages/airflow/example_dags/example_dataset_alias.py
[2025-04-03T13:45:25.904+0000] {logging_mixin.py:190} INFO - [2025-04-03T13:45:25.904+0000] {dag.py:3239} INFO - Sync 4 DAGs
[2025-04-03T13:45:25.937+0000] {logging_mixin.py:190} INFO - [2025-04-03T13:45:25.936+0000] {dag.py:4180} INFO - Setting next_dagrun for dataset_alias_example_alias_consumer to None, run_after=None
[2025-04-03T13:45:25.940+0000] {logging_mixin.py:190} INFO - [2025-04-03T13:45:25.940+0000] {dag.py:4180} INFO - Setting next_dagrun for dataset_alias_example_alias_producer to None, run_after=None
[2025-04-03T13:45:25.942+0000] {logging_mixin.py:190} INFO - [2025-04-03T13:45:25.942+0000] {dag.py:4180} INFO - Setting next_dagrun for dataset_s3_bucket_consumer to None, run_after=None
[2025-04-03T13:45:25.943+0000] {logging_mixin.py:190} INFO - [2025-04-03T13:45:25.943+0000] {dag.py:4180} INFO - Setting next_dagrun for dataset_s3_bucket_producer to None, run_after=None
[2025-04-03T13:45:25.980+0000] {processor.py:208} INFO - Processing /home/hamza/Documents/project/Mlops/myenv/lib/python3.12/site-packages/airflow/example_dags/example_dataset_alias.py took 0.166 seconds
[2025-04-03T13:46:33.948+0000] {processor.py:186} INFO - Started process (PID=100440) to work on /home/hamza/Documents/project/Mlops/myenv/lib/python3.12/site-packages/airflow/example_dags/example_dataset_alias.py
[2025-04-03T13:46:33.950+0000] {processor.py:914} INFO - Processing file /home/hamza/Documents/project/Mlops/myenv/lib/python3.12/site-packages/airflow/example_dags/example_dataset_alias.py for tasks to queue
[2025-04-03T13:46:33.954+0000] {logging_mixin.py:190} INFO - [2025-04-03T13:46:33.953+0000] {dagbag.py:588} INFO - Filling up the DagBag from /home/hamza/Documents/project/Mlops/myenv/lib/python3.12/site-packages/airflow/example_dags/example_dataset_alias.py
[2025-04-03T13:46:33.995+0000] {processor.py:925} INFO - DAG(s) 'dataset_s3_bucket_consumer', 'dataset_s3_bucket_producer', 'dataset_alias_example_alias_consumer', 'dataset_alias_example_alias_producer' retrieved from /home/hamza/Documents/project/Mlops/myenv/lib/python3.12/site-packages/airflow/example_dags/example_dataset_alias.py
[2025-04-03T13:46:34.033+0000] {logging_mixin.py:190} INFO - [2025-04-03T13:46:34.033+0000] {dag.py:3239} INFO - Sync 4 DAGs
[2025-04-03T13:46:34.073+0000] {logging_mixin.py:190} INFO - [2025-04-03T13:46:34.072+0000] {dag.py:4180} INFO - Setting next_dagrun for dataset_alias_example_alias_consumer to None, run_after=None
[2025-04-03T13:46:34.076+0000] {logging_mixin.py:190} INFO - [2025-04-03T13:46:34.076+0000] {dag.py:4180} INFO - Setting next_dagrun for dataset_alias_example_alias_producer to None, run_after=None
[2025-04-03T13:46:34.078+0000] {logging_mixin.py:190} INFO - [2025-04-03T13:46:34.078+0000] {dag.py:4180} INFO - Setting next_dagrun for dataset_s3_bucket_consumer to None, run_after=None
[2025-04-03T13:46:34.079+0000] {logging_mixin.py:190} INFO - [2025-04-03T13:46:34.079+0000] {dag.py:4180} INFO - Setting next_dagrun for dataset_s3_bucket_producer to None, run_after=None
[2025-04-03T13:46:34.117+0000] {processor.py:208} INFO - Processing /home/hamza/Documents/project/Mlops/myenv/lib/python3.12/site-packages/airflow/example_dags/example_dataset_alias.py took 0.178 seconds
[2025-04-03T13:47:40.258+0000] {processor.py:186} INFO - Started process (PID=101279) to work on /home/hamza/Documents/project/Mlops/myenv/lib/python3.12/site-packages/airflow/example_dags/example_dataset_alias.py
[2025-04-03T13:47:40.261+0000] {processor.py:914} INFO - Processing file /home/hamza/Documents/project/Mlops/myenv/lib/python3.12/site-packages/airflow/example_dags/example_dataset_alias.py for tasks to queue
[2025-04-03T13:47:40.266+0000] {logging_mixin.py:190} INFO - [2025-04-03T13:47:40.265+0000] {dagbag.py:588} INFO - Filling up the DagBag from /home/hamza/Documents/project/Mlops/myenv/lib/python3.12/site-packages/airflow/example_dags/example_dataset_alias.py
[2025-04-03T13:47:40.311+0000] {processor.py:925} INFO - DAG(s) 'dataset_s3_bucket_producer', 'dataset_alias_example_alias_producer', 'dataset_s3_bucket_consumer', 'dataset_alias_example_alias_consumer' retrieved from /home/hamza/Documents/project/Mlops/myenv/lib/python3.12/site-packages/airflow/example_dags/example_dataset_alias.py
[2025-04-03T13:47:40.350+0000] {logging_mixin.py:190} INFO - [2025-04-03T13:47:40.350+0000] {dag.py:3239} INFO - Sync 4 DAGs
[2025-04-03T13:47:40.388+0000] {logging_mixin.py:190} INFO - [2025-04-03T13:47:40.387+0000] {dag.py:4180} INFO - Setting next_dagrun for dataset_alias_example_alias_consumer to None, run_after=None
[2025-04-03T13:47:40.391+0000] {logging_mixin.py:190} INFO - [2025-04-03T13:47:40.391+0000] {dag.py:4180} INFO - Setting next_dagrun for dataset_alias_example_alias_producer to None, run_after=None
[2025-04-03T13:47:40.396+0000] {logging_mixin.py:190} INFO - [2025-04-03T13:47:40.396+0000] {dag.py:4180} INFO - Setting next_dagrun for dataset_s3_bucket_consumer to None, run_after=None
[2025-04-03T13:47:40.398+0000] {logging_mixin.py:190} INFO - [2025-04-03T13:47:40.398+0000] {dag.py:4180} INFO - Setting next_dagrun for dataset_s3_bucket_producer to None, run_after=None
[2025-04-03T13:47:40.439+0000] {processor.py:208} INFO - Processing /home/hamza/Documents/project/Mlops/myenv/lib/python3.12/site-packages/airflow/example_dags/example_dataset_alias.py took 0.193 seconds
[2025-04-03T13:50:15.380+0000] {processor.py:186} INFO - Started process (PID=103308) to work on /home/hamza/Documents/project/Mlops/myenv/lib/python3.12/site-packages/airflow/example_dags/example_dataset_alias.py
[2025-04-03T13:50:15.382+0000] {processor.py:914} INFO - Processing file /home/hamza/Documents/project/Mlops/myenv/lib/python3.12/site-packages/airflow/example_dags/example_dataset_alias.py for tasks to queue
[2025-04-03T13:50:15.386+0000] {logging_mixin.py:190} INFO - [2025-04-03T13:50:15.385+0000] {dagbag.py:588} INFO - Filling up the DagBag from /home/hamza/Documents/project/Mlops/myenv/lib/python3.12/site-packages/airflow/example_dags/example_dataset_alias.py
[2025-04-03T13:50:15.424+0000] {processor.py:925} INFO - DAG(s) 'dataset_alias_example_alias_consumer', 'dataset_s3_bucket_producer', 'dataset_s3_bucket_consumer', 'dataset_alias_example_alias_producer' retrieved from /home/hamza/Documents/project/Mlops/myenv/lib/python3.12/site-packages/airflow/example_dags/example_dataset_alias.py
[2025-04-03T13:50:15.461+0000] {logging_mixin.py:190} INFO - [2025-04-03T13:50:15.460+0000] {dag.py:3239} INFO - Sync 4 DAGs
[2025-04-03T13:50:15.494+0000] {logging_mixin.py:190} INFO - [2025-04-03T13:50:15.494+0000] {dag.py:4180} INFO - Setting next_dagrun for dataset_alias_example_alias_consumer to None, run_after=None
[2025-04-03T13:50:15.498+0000] {logging_mixin.py:190} INFO - [2025-04-03T13:50:15.497+0000] {dag.py:4180} INFO - Setting next_dagrun for dataset_alias_example_alias_producer to None, run_after=None
[2025-04-03T13:50:15.500+0000] {logging_mixin.py:190} INFO - [2025-04-03T13:50:15.499+0000] {dag.py:4180} INFO - Setting next_dagrun for dataset_s3_bucket_consumer to None, run_after=None
[2025-04-03T13:50:15.501+0000] {logging_mixin.py:190} INFO - [2025-04-03T13:50:15.501+0000] {dag.py:4180} INFO - Setting next_dagrun for dataset_s3_bucket_producer to None, run_after=None
[2025-04-03T13:50:15.541+0000] {processor.py:208} INFO - Processing /home/hamza/Documents/project/Mlops/myenv/lib/python3.12/site-packages/airflow/example_dags/example_dataset_alias.py took 0.169 seconds
[2025-04-03T13:51:50.305+0000] {processor.py:186} INFO - Started process (PID=104500) to work on /home/hamza/Documents/project/Mlops/myenv/lib/python3.12/site-packages/airflow/example_dags/example_dataset_alias.py
[2025-04-03T13:51:50.308+0000] {processor.py:914} INFO - Processing file /home/hamza/Documents/project/Mlops/myenv/lib/python3.12/site-packages/airflow/example_dags/example_dataset_alias.py for tasks to queue
[2025-04-03T13:51:50.312+0000] {logging_mixin.py:190} INFO - [2025-04-03T13:51:50.311+0000] {dagbag.py:588} INFO - Filling up the DagBag from /home/hamza/Documents/project/Mlops/myenv/lib/python3.12/site-packages/airflow/example_dags/example_dataset_alias.py
[2025-04-03T13:51:50.360+0000] {processor.py:925} INFO - DAG(s) 'dataset_alias_example_alias_producer', 'dataset_s3_bucket_producer', 'dataset_alias_example_alias_consumer', 'dataset_s3_bucket_consumer' retrieved from /home/hamza/Documents/project/Mlops/myenv/lib/python3.12/site-packages/airflow/example_dags/example_dataset_alias.py
[2025-04-03T13:51:50.400+0000] {logging_mixin.py:190} INFO - [2025-04-03T13:51:50.400+0000] {dag.py:3239} INFO - Sync 4 DAGs
[2025-04-03T13:51:50.438+0000] {logging_mixin.py:190} INFO - [2025-04-03T13:51:50.437+0000] {dag.py:4180} INFO - Setting next_dagrun for dataset_alias_example_alias_consumer to None, run_after=None
[2025-04-03T13:51:50.442+0000] {logging_mixin.py:190} INFO - [2025-04-03T13:51:50.442+0000] {dag.py:4180} INFO - Setting next_dagrun for dataset_alias_example_alias_producer to None, run_after=None
[2025-04-03T13:51:50.444+0000] {logging_mixin.py:190} INFO - [2025-04-03T13:51:50.443+0000] {dag.py:4180} INFO - Setting next_dagrun for dataset_s3_bucket_consumer to None, run_after=None
[2025-04-03T13:51:50.446+0000] {logging_mixin.py:190} INFO - [2025-04-03T13:51:50.445+0000] {dag.py:4180} INFO - Setting next_dagrun for dataset_s3_bucket_producer to None, run_after=None
[2025-04-03T13:51:50.488+0000] {processor.py:208} INFO - Processing /home/hamza/Documents/project/Mlops/myenv/lib/python3.12/site-packages/airflow/example_dags/example_dataset_alias.py took 0.196 seconds
[2025-04-03T13:53:35.033+0000] {processor.py:186} INFO - Started process (PID=105584) to work on /home/hamza/Documents/project/Mlops/myenv/lib/python3.12/site-packages/airflow/example_dags/example_dataset_alias.py
[2025-04-03T13:53:35.034+0000] {processor.py:914} INFO - Processing file /home/hamza/Documents/project/Mlops/myenv/lib/python3.12/site-packages/airflow/example_dags/example_dataset_alias.py for tasks to queue
[2025-04-03T13:53:35.038+0000] {logging_mixin.py:190} INFO - [2025-04-03T13:53:35.037+0000] {dagbag.py:588} INFO - Filling up the DagBag from /home/hamza/Documents/project/Mlops/myenv/lib/python3.12/site-packages/airflow/example_dags/example_dataset_alias.py
[2025-04-03T13:53:35.081+0000] {processor.py:925} INFO - DAG(s) 'dataset_alias_example_alias_consumer', 'dataset_s3_bucket_producer', 'dataset_alias_example_alias_producer', 'dataset_s3_bucket_consumer' retrieved from /home/hamza/Documents/project/Mlops/myenv/lib/python3.12/site-packages/airflow/example_dags/example_dataset_alias.py
[2025-04-03T13:53:35.119+0000] {logging_mixin.py:190} INFO - [2025-04-03T13:53:35.118+0000] {dag.py:3239} INFO - Sync 4 DAGs
[2025-04-03T13:53:35.152+0000] {logging_mixin.py:190} INFO - [2025-04-03T13:53:35.152+0000] {dag.py:4180} INFO - Setting next_dagrun for dataset_alias_example_alias_consumer to None, run_after=None
[2025-04-03T13:53:35.157+0000] {logging_mixin.py:190} INFO - [2025-04-03T13:53:35.157+0000] {dag.py:4180} INFO - Setting next_dagrun for dataset_alias_example_alias_producer to None, run_after=None
[2025-04-03T13:53:35.159+0000] {logging_mixin.py:190} INFO - [2025-04-03T13:53:35.158+0000] {dag.py:4180} INFO - Setting next_dagrun for dataset_s3_bucket_consumer to None, run_after=None
[2025-04-03T13:53:35.160+0000] {logging_mixin.py:190} INFO - [2025-04-03T13:53:35.160+0000] {dag.py:4180} INFO - Setting next_dagrun for dataset_s3_bucket_producer to None, run_after=None
[2025-04-03T13:53:35.204+0000] {processor.py:208} INFO - Processing /home/hamza/Documents/project/Mlops/myenv/lib/python3.12/site-packages/airflow/example_dags/example_dataset_alias.py took 0.180 seconds
[2025-04-03T13:59:50.206+0000] {processor.py:186} INFO - Started process (PID=110338) to work on /home/hamza/Documents/project/Mlops/myenv/lib/python3.12/site-packages/airflow/example_dags/example_dataset_alias.py
[2025-04-03T13:59:50.207+0000] {processor.py:914} INFO - Processing file /home/hamza/Documents/project/Mlops/myenv/lib/python3.12/site-packages/airflow/example_dags/example_dataset_alias.py for tasks to queue
[2025-04-03T13:59:50.211+0000] {logging_mixin.py:190} INFO - [2025-04-03T13:59:50.210+0000] {dagbag.py:588} INFO - Filling up the DagBag from /home/hamza/Documents/project/Mlops/myenv/lib/python3.12/site-packages/airflow/example_dags/example_dataset_alias.py
[2025-04-03T13:59:50.259+0000] {processor.py:925} INFO - DAG(s) 'dataset_alias_example_alias_consumer', 'dataset_s3_bucket_producer', 'dataset_s3_bucket_consumer', 'dataset_alias_example_alias_producer' retrieved from /home/hamza/Documents/project/Mlops/myenv/lib/python3.12/site-packages/airflow/example_dags/example_dataset_alias.py
[2025-04-03T13:59:50.309+0000] {logging_mixin.py:190} INFO - [2025-04-03T13:59:50.308+0000] {dag.py:3239} INFO - Sync 4 DAGs
[2025-04-03T13:59:50.356+0000] {logging_mixin.py:190} INFO - [2025-04-03T13:59:50.355+0000] {dag.py:4180} INFO - Setting next_dagrun for dataset_alias_example_alias_consumer to None, run_after=None
[2025-04-03T13:59:50.363+0000] {logging_mixin.py:190} INFO - [2025-04-03T13:59:50.362+0000] {dag.py:4180} INFO - Setting next_dagrun for dataset_alias_example_alias_producer to None, run_after=None
[2025-04-03T13:59:50.365+0000] {logging_mixin.py:190} INFO - [2025-04-03T13:59:50.364+0000] {dag.py:4180} INFO - Setting next_dagrun for dataset_s3_bucket_consumer to None, run_after=None
[2025-04-03T13:59:50.368+0000] {logging_mixin.py:190} INFO - [2025-04-03T13:59:50.367+0000] {dag.py:4180} INFO - Setting next_dagrun for dataset_s3_bucket_producer to None, run_after=None
[2025-04-03T13:59:50.422+0000] {processor.py:208} INFO - Processing /home/hamza/Documents/project/Mlops/myenv/lib/python3.12/site-packages/airflow/example_dags/example_dataset_alias.py took 0.225 seconds
[2025-04-03T14:10:36.856+0000] {processor.py:186} INFO - Started process (PID=118324) to work on /home/hamza/Documents/project/Mlops/myenv/lib/python3.12/site-packages/airflow/example_dags/example_dataset_alias.py
[2025-04-03T14:10:36.859+0000] {processor.py:914} INFO - Processing file /home/hamza/Documents/project/Mlops/myenv/lib/python3.12/site-packages/airflow/example_dags/example_dataset_alias.py for tasks to queue
[2025-04-03T14:10:36.861+0000] {logging_mixin.py:190} INFO - [2025-04-03T14:10:36.860+0000] {dagbag.py:588} INFO - Filling up the DagBag from /home/hamza/Documents/project/Mlops/myenv/lib/python3.12/site-packages/airflow/example_dags/example_dataset_alias.py
[2025-04-03T14:10:36.900+0000] {processor.py:925} INFO - DAG(s) 'dataset_alias_example_alias_consumer', 'dataset_s3_bucket_consumer', 'dataset_alias_example_alias_producer', 'dataset_s3_bucket_producer' retrieved from /home/hamza/Documents/project/Mlops/myenv/lib/python3.12/site-packages/airflow/example_dags/example_dataset_alias.py
[2025-04-03T14:10:36.943+0000] {logging_mixin.py:190} INFO - [2025-04-03T14:10:36.943+0000] {dag.py:3239} INFO - Sync 4 DAGs
[2025-04-03T14:10:36.981+0000] {logging_mixin.py:190} INFO - [2025-04-03T14:10:36.980+0000] {dag.py:4180} INFO - Setting next_dagrun for dataset_alias_example_alias_consumer to None, run_after=None
[2025-04-03T14:10:36.985+0000] {logging_mixin.py:190} INFO - [2025-04-03T14:10:36.985+0000] {dag.py:4180} INFO - Setting next_dagrun for dataset_alias_example_alias_producer to None, run_after=None
[2025-04-03T14:10:36.990+0000] {logging_mixin.py:190} INFO - [2025-04-03T14:10:36.990+0000] {dag.py:4180} INFO - Setting next_dagrun for dataset_s3_bucket_consumer to None, run_after=None
[2025-04-03T14:10:36.992+0000] {logging_mixin.py:190} INFO - [2025-04-03T14:10:36.992+0000] {dag.py:4180} INFO - Setting next_dagrun for dataset_s3_bucket_producer to None, run_after=None
[2025-04-03T14:10:37.036+0000] {processor.py:208} INFO - Processing /home/hamza/Documents/project/Mlops/myenv/lib/python3.12/site-packages/airflow/example_dags/example_dataset_alias.py took 0.192 seconds
[2025-04-03T14:12:14.690+0000] {processor.py:186} INFO - Started process (PID=119187) to work on /home/hamza/Documents/project/Mlops/myenv/lib/python3.12/site-packages/airflow/example_dags/example_dataset_alias.py
[2025-04-03T14:12:14.692+0000] {processor.py:914} INFO - Processing file /home/hamza/Documents/project/Mlops/myenv/lib/python3.12/site-packages/airflow/example_dags/example_dataset_alias.py for tasks to queue
[2025-04-03T14:12:14.694+0000] {logging_mixin.py:190} INFO - [2025-04-03T14:12:14.694+0000] {dagbag.py:588} INFO - Filling up the DagBag from /home/hamza/Documents/project/Mlops/myenv/lib/python3.12/site-packages/airflow/example_dags/example_dataset_alias.py
[2025-04-03T14:12:14.730+0000] {processor.py:925} INFO - DAG(s) 'dataset_s3_bucket_consumer', 'dataset_s3_bucket_producer', 'dataset_alias_example_alias_consumer', 'dataset_alias_example_alias_producer' retrieved from /home/hamza/Documents/project/Mlops/myenv/lib/python3.12/site-packages/airflow/example_dags/example_dataset_alias.py
[2025-04-03T14:12:14.769+0000] {logging_mixin.py:190} INFO - [2025-04-03T14:12:14.769+0000] {dag.py:3239} INFO - Sync 4 DAGs
[2025-04-03T14:12:14.803+0000] {logging_mixin.py:190} INFO - [2025-04-03T14:12:14.802+0000] {dag.py:4180} INFO - Setting next_dagrun for dataset_alias_example_alias_consumer to None, run_after=None
[2025-04-03T14:12:14.807+0000] {logging_mixin.py:190} INFO - [2025-04-03T14:12:14.807+0000] {dag.py:4180} INFO - Setting next_dagrun for dataset_alias_example_alias_producer to None, run_after=None
[2025-04-03T14:12:14.810+0000] {logging_mixin.py:190} INFO - [2025-04-03T14:12:14.809+0000] {dag.py:4180} INFO - Setting next_dagrun for dataset_s3_bucket_consumer to None, run_after=None
[2025-04-03T14:12:14.812+0000] {logging_mixin.py:190} INFO - [2025-04-03T14:12:14.811+0000] {dag.py:4180} INFO - Setting next_dagrun for dataset_s3_bucket_producer to None, run_after=None
[2025-04-03T14:12:14.858+0000] {processor.py:208} INFO - Processing /home/hamza/Documents/project/Mlops/myenv/lib/python3.12/site-packages/airflow/example_dags/example_dataset_alias.py took 0.179 seconds
[2025-04-03T14:19:15.599+0000] {processor.py:186} INFO - Started process (PID=122684) to work on /home/hamza/Documents/project/Mlops/myenv/lib/python3.12/site-packages/airflow/example_dags/example_dataset_alias.py
[2025-04-03T14:19:15.601+0000] {processor.py:914} INFO - Processing file /home/hamza/Documents/project/Mlops/myenv/lib/python3.12/site-packages/airflow/example_dags/example_dataset_alias.py for tasks to queue
[2025-04-03T14:19:15.603+0000] {logging_mixin.py:190} INFO - [2025-04-03T14:19:15.603+0000] {dagbag.py:588} INFO - Filling up the DagBag from /home/hamza/Documents/project/Mlops/myenv/lib/python3.12/site-packages/airflow/example_dags/example_dataset_alias.py
[2025-04-03T14:19:15.637+0000] {processor.py:925} INFO - DAG(s) 'dataset_s3_bucket_producer', 'dataset_alias_example_alias_consumer', 'dataset_s3_bucket_consumer', 'dataset_alias_example_alias_producer' retrieved from /home/hamza/Documents/project/Mlops/myenv/lib/python3.12/site-packages/airflow/example_dags/example_dataset_alias.py
[2025-04-03T14:19:15.672+0000] {logging_mixin.py:190} INFO - [2025-04-03T14:19:15.671+0000] {dag.py:3239} INFO - Sync 4 DAGs
[2025-04-03T14:19:15.700+0000] {logging_mixin.py:190} INFO - [2025-04-03T14:19:15.700+0000] {dag.py:4180} INFO - Setting next_dagrun for dataset_alias_example_alias_consumer to None, run_after=None
[2025-04-03T14:19:15.704+0000] {logging_mixin.py:190} INFO - [2025-04-03T14:19:15.704+0000] {dag.py:4180} INFO - Setting next_dagrun for dataset_alias_example_alias_producer to None, run_after=None
[2025-04-03T14:19:15.706+0000] {logging_mixin.py:190} INFO - [2025-04-03T14:19:15.705+0000] {dag.py:4180} INFO - Setting next_dagrun for dataset_s3_bucket_consumer to None, run_after=None
[2025-04-03T14:19:15.707+0000] {logging_mixin.py:190} INFO - [2025-04-03T14:19:15.707+0000] {dag.py:4180} INFO - Setting next_dagrun for dataset_s3_bucket_producer to None, run_after=None
[2025-04-03T14:19:15.748+0000] {processor.py:208} INFO - Processing /home/hamza/Documents/project/Mlops/myenv/lib/python3.12/site-packages/airflow/example_dags/example_dataset_alias.py took 0.159 seconds
[2025-04-03T15:08:46.794+0000] {processor.py:186} INFO - Started process (PID=36375) to work on /home/hamza/Documents/project/Mlops/myenv/lib/python3.12/site-packages/airflow/example_dags/example_dataset_alias.py
[2025-04-03T15:08:46.795+0000] {processor.py:914} INFO - Processing file /home/hamza/Documents/project/Mlops/myenv/lib/python3.12/site-packages/airflow/example_dags/example_dataset_alias.py for tasks to queue
[2025-04-03T15:08:46.800+0000] {logging_mixin.py:190} INFO - [2025-04-03T15:08:46.799+0000] {dagbag.py:588} INFO - Filling up the DagBag from /home/hamza/Documents/project/Mlops/myenv/lib/python3.12/site-packages/airflow/example_dags/example_dataset_alias.py
[2025-04-03T15:08:46.844+0000] {processor.py:925} INFO - DAG(s) 'dataset_s3_bucket_producer', 'dataset_s3_bucket_consumer', 'dataset_alias_example_alias_consumer', 'dataset_alias_example_alias_producer' retrieved from /home/hamza/Documents/project/Mlops/myenv/lib/python3.12/site-packages/airflow/example_dags/example_dataset_alias.py
[2025-04-03T15:08:46.882+0000] {logging_mixin.py:190} INFO - [2025-04-03T15:08:46.881+0000] {dag.py:3239} INFO - Sync 4 DAGs
[2025-04-03T15:08:46.916+0000] {logging_mixin.py:190} INFO - [2025-04-03T15:08:46.915+0000] {dag.py:4180} INFO - Setting next_dagrun for dataset_alias_example_alias_consumer to None, run_after=None
[2025-04-03T15:08:46.920+0000] {logging_mixin.py:190} INFO - [2025-04-03T15:08:46.919+0000] {dag.py:4180} INFO - Setting next_dagrun for dataset_alias_example_alias_producer to None, run_after=None
[2025-04-03T15:08:46.922+0000] {logging_mixin.py:190} INFO - [2025-04-03T15:08:46.921+0000] {dag.py:4180} INFO - Setting next_dagrun for dataset_s3_bucket_consumer to None, run_after=None
[2025-04-03T15:08:46.923+0000] {logging_mixin.py:190} INFO - [2025-04-03T15:08:46.923+0000] {dag.py:4180} INFO - Setting next_dagrun for dataset_s3_bucket_producer to None, run_after=None
[2025-04-03T15:08:46.963+0000] {processor.py:208} INFO - Processing /home/hamza/Documents/project/Mlops/myenv/lib/python3.12/site-packages/airflow/example_dags/example_dataset_alias.py took 0.178 seconds
[2025-04-03T15:10:17.039+0000] {processor.py:186} INFO - Started process (PID=37291) to work on /home/hamza/Documents/project/Mlops/myenv/lib/python3.12/site-packages/airflow/example_dags/example_dataset_alias.py
[2025-04-03T15:10:17.042+0000] {processor.py:914} INFO - Processing file /home/hamza/Documents/project/Mlops/myenv/lib/python3.12/site-packages/airflow/example_dags/example_dataset_alias.py for tasks to queue
[2025-04-03T15:10:17.046+0000] {logging_mixin.py:190} INFO - [2025-04-03T15:10:17.045+0000] {dagbag.py:588} INFO - Filling up the DagBag from /home/hamza/Documents/project/Mlops/myenv/lib/python3.12/site-packages/airflow/example_dags/example_dataset_alias.py
[2025-04-03T15:10:17.085+0000] {processor.py:925} INFO - DAG(s) 'dataset_s3_bucket_producer', 'dataset_alias_example_alias_consumer', 'dataset_alias_example_alias_producer', 'dataset_s3_bucket_consumer' retrieved from /home/hamza/Documents/project/Mlops/myenv/lib/python3.12/site-packages/airflow/example_dags/example_dataset_alias.py
[2025-04-03T15:10:17.119+0000] {logging_mixin.py:190} INFO - [2025-04-03T15:10:17.119+0000] {dag.py:3239} INFO - Sync 4 DAGs
[2025-04-03T15:10:17.165+0000] {logging_mixin.py:190} INFO - [2025-04-03T15:10:17.165+0000] {dag.py:4180} INFO - Setting next_dagrun for dataset_alias_example_alias_consumer to None, run_after=None
[2025-04-03T15:10:17.170+0000] {logging_mixin.py:190} INFO - [2025-04-03T15:10:17.169+0000] {dag.py:4180} INFO - Setting next_dagrun for dataset_alias_example_alias_producer to None, run_after=None
[2025-04-03T15:10:17.172+0000] {logging_mixin.py:190} INFO - [2025-04-03T15:10:17.171+0000] {dag.py:4180} INFO - Setting next_dagrun for dataset_s3_bucket_consumer to None, run_after=None
[2025-04-03T15:10:17.173+0000] {logging_mixin.py:190} INFO - [2025-04-03T15:10:17.173+0000] {dag.py:4180} INFO - Setting next_dagrun for dataset_s3_bucket_producer to None, run_after=None
[2025-04-03T15:10:17.211+0000] {processor.py:208} INFO - Processing /home/hamza/Documents/project/Mlops/myenv/lib/python3.12/site-packages/airflow/example_dags/example_dataset_alias.py took 0.181 seconds
[2025-04-03T15:11:44.987+0000] {processor.py:186} INFO - Started process (PID=38075) to work on /home/hamza/Documents/project/Mlops/myenv/lib/python3.12/site-packages/airflow/example_dags/example_dataset_alias.py
[2025-04-03T15:11:44.998+0000] {processor.py:914} INFO - Processing file /home/hamza/Documents/project/Mlops/myenv/lib/python3.12/site-packages/airflow/example_dags/example_dataset_alias.py for tasks to queue
[2025-04-03T15:11:45.003+0000] {logging_mixin.py:190} INFO - [2025-04-03T15:11:45.002+0000] {dagbag.py:588} INFO - Filling up the DagBag from /home/hamza/Documents/project/Mlops/myenv/lib/python3.12/site-packages/airflow/example_dags/example_dataset_alias.py
[2025-04-03T15:11:45.043+0000] {processor.py:925} INFO - DAG(s) 'dataset_alias_example_alias_consumer', 'dataset_alias_example_alias_producer', 'dataset_s3_bucket_consumer', 'dataset_s3_bucket_producer' retrieved from /home/hamza/Documents/project/Mlops/myenv/lib/python3.12/site-packages/airflow/example_dags/example_dataset_alias.py
[2025-04-03T15:11:45.079+0000] {logging_mixin.py:190} INFO - [2025-04-03T15:11:45.078+0000] {dag.py:3239} INFO - Sync 4 DAGs
[2025-04-03T15:11:45.116+0000] {logging_mixin.py:190} INFO - [2025-04-03T15:11:45.116+0000] {dag.py:4180} INFO - Setting next_dagrun for dataset_alias_example_alias_consumer to None, run_after=None
[2025-04-03T15:11:45.121+0000] {logging_mixin.py:190} INFO - [2025-04-03T15:11:45.121+0000] {dag.py:4180} INFO - Setting next_dagrun for dataset_alias_example_alias_producer to None, run_after=None
[2025-04-03T15:11:45.123+0000] {logging_mixin.py:190} INFO - [2025-04-03T15:11:45.122+0000] {dag.py:4180} INFO - Setting next_dagrun for dataset_s3_bucket_consumer to None, run_after=None
[2025-04-03T15:11:45.124+0000] {logging_mixin.py:190} INFO - [2025-04-03T15:11:45.124+0000] {dag.py:4180} INFO - Setting next_dagrun for dataset_s3_bucket_producer to None, run_after=None
[2025-04-03T15:11:45.158+0000] {processor.py:208} INFO - Processing /home/hamza/Documents/project/Mlops/myenv/lib/python3.12/site-packages/airflow/example_dags/example_dataset_alias.py took 0.180 seconds
[2025-04-03T15:13:21.777+0000] {processor.py:186} INFO - Started process (PID=38976) to work on /home/hamza/Documents/project/Mlops/myenv/lib/python3.12/site-packages/airflow/example_dags/example_dataset_alias.py
[2025-04-03T15:13:21.780+0000] {processor.py:914} INFO - Processing file /home/hamza/Documents/project/Mlops/myenv/lib/python3.12/site-packages/airflow/example_dags/example_dataset_alias.py for tasks to queue
[2025-04-03T15:13:21.784+0000] {logging_mixin.py:190} INFO - [2025-04-03T15:13:21.783+0000] {dagbag.py:588} INFO - Filling up the DagBag from /home/hamza/Documents/project/Mlops/myenv/lib/python3.12/site-packages/airflow/example_dags/example_dataset_alias.py
[2025-04-03T15:13:21.827+0000] {processor.py:925} INFO - DAG(s) 'dataset_s3_bucket_consumer', 'dataset_alias_example_alias_consumer', 'dataset_s3_bucket_producer', 'dataset_alias_example_alias_producer' retrieved from /home/hamza/Documents/project/Mlops/myenv/lib/python3.12/site-packages/airflow/example_dags/example_dataset_alias.py
[2025-04-03T15:13:21.866+0000] {logging_mixin.py:190} INFO - [2025-04-03T15:13:21.866+0000] {dag.py:3239} INFO - Sync 4 DAGs
[2025-04-03T15:13:21.900+0000] {logging_mixin.py:190} INFO - [2025-04-03T15:13:21.899+0000] {dag.py:4180} INFO - Setting next_dagrun for dataset_alias_example_alias_consumer to None, run_after=None
[2025-04-03T15:13:21.903+0000] {logging_mixin.py:190} INFO - [2025-04-03T15:13:21.903+0000] {dag.py:4180} INFO - Setting next_dagrun for dataset_alias_example_alias_producer to None, run_after=None
[2025-04-03T15:13:21.905+0000] {logging_mixin.py:190} INFO - [2025-04-03T15:13:21.905+0000] {dag.py:4180} INFO - Setting next_dagrun for dataset_s3_bucket_consumer to None, run_after=None
[2025-04-03T15:13:21.907+0000] {logging_mixin.py:190} INFO - [2025-04-03T15:13:21.906+0000] {dag.py:4180} INFO - Setting next_dagrun for dataset_s3_bucket_producer to None, run_after=None
[2025-04-03T15:13:21.943+0000] {processor.py:208} INFO - Processing /home/hamza/Documents/project/Mlops/myenv/lib/python3.12/site-packages/airflow/example_dags/example_dataset_alias.py took 0.176 seconds
[2025-04-03T15:14:55.986+0000] {processor.py:186} INFO - Started process (PID=39847) to work on /home/hamza/Documents/project/Mlops/myenv/lib/python3.12/site-packages/airflow/example_dags/example_dataset_alias.py
[2025-04-03T15:14:55.988+0000] {processor.py:914} INFO - Processing file /home/hamza/Documents/project/Mlops/myenv/lib/python3.12/site-packages/airflow/example_dags/example_dataset_alias.py for tasks to queue
[2025-04-03T15:14:55.993+0000] {logging_mixin.py:190} INFO - [2025-04-03T15:14:55.992+0000] {dagbag.py:588} INFO - Filling up the DagBag from /home/hamza/Documents/project/Mlops/myenv/lib/python3.12/site-packages/airflow/example_dags/example_dataset_alias.py
[2025-04-03T15:14:56.035+0000] {processor.py:925} INFO - DAG(s) 'dataset_s3_bucket_consumer', 'dataset_alias_example_alias_consumer', 'dataset_s3_bucket_producer', 'dataset_alias_example_alias_producer' retrieved from /home/hamza/Documents/project/Mlops/myenv/lib/python3.12/site-packages/airflow/example_dags/example_dataset_alias.py
[2025-04-03T15:14:56.069+0000] {logging_mixin.py:190} INFO - [2025-04-03T15:14:56.069+0000] {dag.py:3239} INFO - Sync 4 DAGs
[2025-04-03T15:14:56.101+0000] {logging_mixin.py:190} INFO - [2025-04-03T15:14:56.101+0000] {dag.py:4180} INFO - Setting next_dagrun for dataset_alias_example_alias_consumer to None, run_after=None
[2025-04-03T15:14:56.104+0000] {logging_mixin.py:190} INFO - [2025-04-03T15:14:56.104+0000] {dag.py:4180} INFO - Setting next_dagrun for dataset_alias_example_alias_producer to None, run_after=None
[2025-04-03T15:14:56.106+0000] {logging_mixin.py:190} INFO - [2025-04-03T15:14:56.106+0000] {dag.py:4180} INFO - Setting next_dagrun for dataset_s3_bucket_consumer to None, run_after=None
[2025-04-03T15:14:56.108+0000] {logging_mixin.py:190} INFO - [2025-04-03T15:14:56.107+0000] {dag.py:4180} INFO - Setting next_dagrun for dataset_s3_bucket_producer to None, run_after=None
[2025-04-03T15:14:56.143+0000] {processor.py:208} INFO - Processing /home/hamza/Documents/project/Mlops/myenv/lib/python3.12/site-packages/airflow/example_dags/example_dataset_alias.py took 0.165 seconds
[2025-04-03T15:16:34.918+0000] {processor.py:186} INFO - Started process (PID=40856) to work on /home/hamza/Documents/project/Mlops/myenv/lib/python3.12/site-packages/airflow/example_dags/example_dataset_alias.py
[2025-04-03T15:16:34.921+0000] {processor.py:914} INFO - Processing file /home/hamza/Documents/project/Mlops/myenv/lib/python3.12/site-packages/airflow/example_dags/example_dataset_alias.py for tasks to queue
[2025-04-03T15:16:34.924+0000] {logging_mixin.py:190} INFO - [2025-04-03T15:16:34.924+0000] {dagbag.py:588} INFO - Filling up the DagBag from /home/hamza/Documents/project/Mlops/myenv/lib/python3.12/site-packages/airflow/example_dags/example_dataset_alias.py
[2025-04-03T15:16:34.963+0000] {processor.py:925} INFO - DAG(s) 'dataset_alias_example_alias_producer', 'dataset_s3_bucket_producer', 'dataset_alias_example_alias_consumer', 'dataset_s3_bucket_consumer' retrieved from /home/hamza/Documents/project/Mlops/myenv/lib/python3.12/site-packages/airflow/example_dags/example_dataset_alias.py
[2025-04-03T15:16:34.996+0000] {logging_mixin.py:190} INFO - [2025-04-03T15:16:34.996+0000] {dag.py:3239} INFO - Sync 4 DAGs
[2025-04-03T15:16:35.041+0000] {logging_mixin.py:190} INFO - [2025-04-03T15:16:35.041+0000] {dag.py:4180} INFO - Setting next_dagrun for dataset_alias_example_alias_consumer to None, run_after=None
[2025-04-03T15:16:35.046+0000] {logging_mixin.py:190} INFO - [2025-04-03T15:16:35.045+0000] {dag.py:4180} INFO - Setting next_dagrun for dataset_alias_example_alias_producer to None, run_after=None
[2025-04-03T15:16:35.048+0000] {logging_mixin.py:190} INFO - [2025-04-03T15:16:35.048+0000] {dag.py:4180} INFO - Setting next_dagrun for dataset_s3_bucket_consumer to None, run_after=None
[2025-04-03T15:16:35.049+0000] {logging_mixin.py:190} INFO - [2025-04-03T15:16:35.049+0000] {dag.py:4180} INFO - Setting next_dagrun for dataset_s3_bucket_producer to None, run_after=None
[2025-04-03T15:16:35.095+0000] {processor.py:208} INFO - Processing /home/hamza/Documents/project/Mlops/myenv/lib/python3.12/site-packages/airflow/example_dags/example_dataset_alias.py took 0.187 seconds
[2025-04-03T15:18:13.900+0000] {processor.py:186} INFO - Started process (PID=41916) to work on /home/hamza/Documents/project/Mlops/myenv/lib/python3.12/site-packages/airflow/example_dags/example_dataset_alias.py
[2025-04-03T15:18:13.903+0000] {processor.py:914} INFO - Processing file /home/hamza/Documents/project/Mlops/myenv/lib/python3.12/site-packages/airflow/example_dags/example_dataset_alias.py for tasks to queue
[2025-04-03T15:18:13.907+0000] {logging_mixin.py:190} INFO - [2025-04-03T15:18:13.906+0000] {dagbag.py:588} INFO - Filling up the DagBag from /home/hamza/Documents/project/Mlops/myenv/lib/python3.12/site-packages/airflow/example_dags/example_dataset_alias.py
[2025-04-03T15:18:13.948+0000] {processor.py:925} INFO - DAG(s) 'dataset_alias_example_alias_producer', 'dataset_s3_bucket_producer', 'dataset_s3_bucket_consumer', 'dataset_alias_example_alias_consumer' retrieved from /home/hamza/Documents/project/Mlops/myenv/lib/python3.12/site-packages/airflow/example_dags/example_dataset_alias.py
[2025-04-03T15:18:13.980+0000] {logging_mixin.py:190} INFO - [2025-04-03T15:18:13.980+0000] {dag.py:3239} INFO - Sync 4 DAGs
[2025-04-03T15:18:14.013+0000] {logging_mixin.py:190} INFO - [2025-04-03T15:18:14.013+0000] {dag.py:4180} INFO - Setting next_dagrun for dataset_alias_example_alias_consumer to None, run_after=None
[2025-04-03T15:18:14.017+0000] {logging_mixin.py:190} INFO - [2025-04-03T15:18:14.016+0000] {dag.py:4180} INFO - Setting next_dagrun for dataset_alias_example_alias_producer to None, run_after=None
[2025-04-03T15:18:14.018+0000] {logging_mixin.py:190} INFO - [2025-04-03T15:18:14.018+0000] {dag.py:4180} INFO - Setting next_dagrun for dataset_s3_bucket_consumer to None, run_after=None
[2025-04-03T15:18:14.020+0000] {logging_mixin.py:190} INFO - [2025-04-03T15:18:14.020+0000] {dag.py:4180} INFO - Setting next_dagrun for dataset_s3_bucket_producer to None, run_after=None
[2025-04-03T15:18:14.057+0000] {processor.py:208} INFO - Processing /home/hamza/Documents/project/Mlops/myenv/lib/python3.12/site-packages/airflow/example_dags/example_dataset_alias.py took 0.165 seconds
[2025-04-03T15:19:44.573+0000] {processor.py:186} INFO - Started process (PID=42908) to work on /home/hamza/Documents/project/Mlops/myenv/lib/python3.12/site-packages/airflow/example_dags/example_dataset_alias.py
[2025-04-03T15:19:44.574+0000] {processor.py:914} INFO - Processing file /home/hamza/Documents/project/Mlops/myenv/lib/python3.12/site-packages/airflow/example_dags/example_dataset_alias.py for tasks to queue
[2025-04-03T15:19:44.577+0000] {logging_mixin.py:190} INFO - [2025-04-03T15:19:44.577+0000] {dagbag.py:588} INFO - Filling up the DagBag from /home/hamza/Documents/project/Mlops/myenv/lib/python3.12/site-packages/airflow/example_dags/example_dataset_alias.py
[2025-04-03T15:19:44.619+0000] {processor.py:925} INFO - DAG(s) 'dataset_s3_bucket_producer', 'dataset_alias_example_alias_consumer', 'dataset_s3_bucket_consumer', 'dataset_alias_example_alias_producer' retrieved from /home/hamza/Documents/project/Mlops/myenv/lib/python3.12/site-packages/airflow/example_dags/example_dataset_alias.py
[2025-04-03T15:19:44.652+0000] {logging_mixin.py:190} INFO - [2025-04-03T15:19:44.651+0000] {dag.py:3239} INFO - Sync 4 DAGs
[2025-04-03T15:19:44.683+0000] {logging_mixin.py:190} INFO - [2025-04-03T15:19:44.683+0000] {dag.py:4180} INFO - Setting next_dagrun for dataset_alias_example_alias_consumer to None, run_after=None
[2025-04-03T15:19:44.687+0000] {logging_mixin.py:190} INFO - [2025-04-03T15:19:44.686+0000] {dag.py:4180} INFO - Setting next_dagrun for dataset_alias_example_alias_producer to None, run_after=None
[2025-04-03T15:19:44.689+0000] {logging_mixin.py:190} INFO - [2025-04-03T15:19:44.688+0000] {dag.py:4180} INFO - Setting next_dagrun for dataset_s3_bucket_consumer to None, run_after=None
[2025-04-03T15:19:44.690+0000] {logging_mixin.py:190} INFO - [2025-04-03T15:19:44.690+0000] {dag.py:4180} INFO - Setting next_dagrun for dataset_s3_bucket_producer to None, run_after=None
[2025-04-03T15:19:44.726+0000] {processor.py:208} INFO - Processing /home/hamza/Documents/project/Mlops/myenv/lib/python3.12/site-packages/airflow/example_dags/example_dataset_alias.py took 0.162 seconds
[2025-04-03T15:21:14.872+0000] {processor.py:186} INFO - Started process (PID=43798) to work on /home/hamza/Documents/project/Mlops/myenv/lib/python3.12/site-packages/airflow/example_dags/example_dataset_alias.py
[2025-04-03T15:21:14.874+0000] {processor.py:914} INFO - Processing file /home/hamza/Documents/project/Mlops/myenv/lib/python3.12/site-packages/airflow/example_dags/example_dataset_alias.py for tasks to queue
[2025-04-03T15:21:14.878+0000] {logging_mixin.py:190} INFO - [2025-04-03T15:21:14.878+0000] {dagbag.py:588} INFO - Filling up the DagBag from /home/hamza/Documents/project/Mlops/myenv/lib/python3.12/site-packages/airflow/example_dags/example_dataset_alias.py
[2025-04-03T15:21:14.917+0000] {processor.py:925} INFO - DAG(s) 'dataset_s3_bucket_consumer', 'dataset_s3_bucket_producer', 'dataset_alias_example_alias_producer', 'dataset_alias_example_alias_consumer' retrieved from /home/hamza/Documents/project/Mlops/myenv/lib/python3.12/site-packages/airflow/example_dags/example_dataset_alias.py
[2025-04-03T15:21:14.956+0000] {logging_mixin.py:190} INFO - [2025-04-03T15:21:14.956+0000] {dag.py:3239} INFO - Sync 4 DAGs
[2025-04-03T15:21:14.991+0000] {logging_mixin.py:190} INFO - [2025-04-03T15:21:14.990+0000] {dag.py:4180} INFO - Setting next_dagrun for dataset_alias_example_alias_consumer to None, run_after=None
[2025-04-03T15:21:14.994+0000] {logging_mixin.py:190} INFO - [2025-04-03T15:21:14.994+0000] {dag.py:4180} INFO - Setting next_dagrun for dataset_alias_example_alias_producer to None, run_after=None
[2025-04-03T15:21:14.996+0000] {logging_mixin.py:190} INFO - [2025-04-03T15:21:14.996+0000] {dag.py:4180} INFO - Setting next_dagrun for dataset_s3_bucket_consumer to None, run_after=None
[2025-04-03T15:21:14.998+0000] {logging_mixin.py:190} INFO - [2025-04-03T15:21:14.998+0000] {dag.py:4180} INFO - Setting next_dagrun for dataset_s3_bucket_producer to None, run_after=None
[2025-04-03T15:21:15.043+0000] {processor.py:208} INFO - Processing /home/hamza/Documents/project/Mlops/myenv/lib/python3.12/site-packages/airflow/example_dags/example_dataset_alias.py took 0.180 seconds
[2025-04-03T15:22:52.191+0000] {processor.py:186} INFO - Started process (PID=44707) to work on /home/hamza/Documents/project/Mlops/myenv/lib/python3.12/site-packages/airflow/example_dags/example_dataset_alias.py
[2025-04-03T15:22:52.193+0000] {processor.py:914} INFO - Processing file /home/hamza/Documents/project/Mlops/myenv/lib/python3.12/site-packages/airflow/example_dags/example_dataset_alias.py for tasks to queue
[2025-04-03T15:22:52.197+0000] {logging_mixin.py:190} INFO - [2025-04-03T15:22:52.197+0000] {dagbag.py:588} INFO - Filling up the DagBag from /home/hamza/Documents/project/Mlops/myenv/lib/python3.12/site-packages/airflow/example_dags/example_dataset_alias.py
[2025-04-03T15:22:52.239+0000] {processor.py:925} INFO - DAG(s) 'dataset_alias_example_alias_producer', 'dataset_s3_bucket_producer', 'dataset_s3_bucket_consumer', 'dataset_alias_example_alias_consumer' retrieved from /home/hamza/Documents/project/Mlops/myenv/lib/python3.12/site-packages/airflow/example_dags/example_dataset_alias.py
[2025-04-03T15:22:52.275+0000] {logging_mixin.py:190} INFO - [2025-04-03T15:22:52.274+0000] {dag.py:3239} INFO - Sync 4 DAGs
[2025-04-03T15:22:52.310+0000] {logging_mixin.py:190} INFO - [2025-04-03T15:22:52.309+0000] {dag.py:4180} INFO - Setting next_dagrun for dataset_alias_example_alias_consumer to None, run_after=None
[2025-04-03T15:22:52.314+0000] {logging_mixin.py:190} INFO - [2025-04-03T15:22:52.313+0000] {dag.py:4180} INFO - Setting next_dagrun for dataset_alias_example_alias_producer to None, run_after=None
[2025-04-03T15:22:52.316+0000] {logging_mixin.py:190} INFO - [2025-04-03T15:22:52.315+0000] {dag.py:4180} INFO - Setting next_dagrun for dataset_s3_bucket_consumer to None, run_after=None
[2025-04-03T15:22:52.317+0000] {logging_mixin.py:190} INFO - [2025-04-03T15:22:52.317+0000] {dag.py:4180} INFO - Setting next_dagrun for dataset_s3_bucket_producer to None, run_after=None
[2025-04-03T15:22:52.351+0000] {processor.py:208} INFO - Processing /home/hamza/Documents/project/Mlops/myenv/lib/python3.12/site-packages/airflow/example_dags/example_dataset_alias.py took 0.169 seconds
[2025-04-03T15:24:28.525+0000] {processor.py:186} INFO - Started process (PID=45677) to work on /home/hamza/Documents/project/Mlops/myenv/lib/python3.12/site-packages/airflow/example_dags/example_dataset_alias.py
[2025-04-03T15:24:28.527+0000] {processor.py:914} INFO - Processing file /home/hamza/Documents/project/Mlops/myenv/lib/python3.12/site-packages/airflow/example_dags/example_dataset_alias.py for tasks to queue
[2025-04-03T15:24:28.531+0000] {logging_mixin.py:190} INFO - [2025-04-03T15:24:28.531+0000] {dagbag.py:588} INFO - Filling up the DagBag from /home/hamza/Documents/project/Mlops/myenv/lib/python3.12/site-packages/airflow/example_dags/example_dataset_alias.py
[2025-04-03T15:24:28.571+0000] {processor.py:925} INFO - DAG(s) 'dataset_alias_example_alias_producer', 'dataset_s3_bucket_producer', 'dataset_alias_example_alias_consumer', 'dataset_s3_bucket_consumer' retrieved from /home/hamza/Documents/project/Mlops/myenv/lib/python3.12/site-packages/airflow/example_dags/example_dataset_alias.py
[2025-04-03T15:24:28.605+0000] {logging_mixin.py:190} INFO - [2025-04-03T15:24:28.604+0000] {dag.py:3239} INFO - Sync 4 DAGs
[2025-04-03T15:24:28.638+0000] {logging_mixin.py:190} INFO - [2025-04-03T15:24:28.637+0000] {dag.py:4180} INFO - Setting next_dagrun for dataset_alias_example_alias_consumer to None, run_after=None
[2025-04-03T15:24:28.642+0000] {logging_mixin.py:190} INFO - [2025-04-03T15:24:28.641+0000] {dag.py:4180} INFO - Setting next_dagrun for dataset_alias_example_alias_producer to None, run_after=None
[2025-04-03T15:24:28.644+0000] {logging_mixin.py:190} INFO - [2025-04-03T15:24:28.643+0000] {dag.py:4180} INFO - Setting next_dagrun for dataset_s3_bucket_consumer to None, run_after=None
[2025-04-03T15:24:28.645+0000] {logging_mixin.py:190} INFO - [2025-04-03T15:24:28.645+0000] {dag.py:4180} INFO - Setting next_dagrun for dataset_s3_bucket_producer to None, run_after=None
[2025-04-03T15:24:28.686+0000] {processor.py:208} INFO - Processing /home/hamza/Documents/project/Mlops/myenv/lib/python3.12/site-packages/airflow/example_dags/example_dataset_alias.py took 0.170 seconds
[2025-04-03T15:25:58.192+0000] {processor.py:186} INFO - Started process (PID=46549) to work on /home/hamza/Documents/project/Mlops/myenv/lib/python3.12/site-packages/airflow/example_dags/example_dataset_alias.py
[2025-04-03T15:25:58.194+0000] {processor.py:914} INFO - Processing file /home/hamza/Documents/project/Mlops/myenv/lib/python3.12/site-packages/airflow/example_dags/example_dataset_alias.py for tasks to queue
[2025-04-03T15:25:58.198+0000] {logging_mixin.py:190} INFO - [2025-04-03T15:25:58.198+0000] {dagbag.py:588} INFO - Filling up the DagBag from /home/hamza/Documents/project/Mlops/myenv/lib/python3.12/site-packages/airflow/example_dags/example_dataset_alias.py
[2025-04-03T15:25:58.237+0000] {processor.py:925} INFO - DAG(s) 'dataset_alias_example_alias_consumer', 'dataset_alias_example_alias_producer', 'dataset_s3_bucket_producer', 'dataset_s3_bucket_consumer' retrieved from /home/hamza/Documents/project/Mlops/myenv/lib/python3.12/site-packages/airflow/example_dags/example_dataset_alias.py
[2025-04-03T15:25:58.272+0000] {logging_mixin.py:190} INFO - [2025-04-03T15:25:58.271+0000] {dag.py:3239} INFO - Sync 4 DAGs
[2025-04-03T15:25:58.304+0000] {logging_mixin.py:190} INFO - [2025-04-03T15:25:58.304+0000] {dag.py:4180} INFO - Setting next_dagrun for dataset_alias_example_alias_consumer to None, run_after=None
[2025-04-03T15:25:58.308+0000] {logging_mixin.py:190} INFO - [2025-04-03T15:25:58.307+0000] {dag.py:4180} INFO - Setting next_dagrun for dataset_alias_example_alias_producer to None, run_after=None
[2025-04-03T15:25:58.310+0000] {logging_mixin.py:190} INFO - [2025-04-03T15:25:58.309+0000] {dag.py:4180} INFO - Setting next_dagrun for dataset_s3_bucket_consumer to None, run_after=None
[2025-04-03T15:25:58.311+0000] {logging_mixin.py:190} INFO - [2025-04-03T15:25:58.311+0000] {dag.py:4180} INFO - Setting next_dagrun for dataset_s3_bucket_producer to None, run_after=None
[2025-04-03T15:25:58.348+0000] {processor.py:208} INFO - Processing /home/hamza/Documents/project/Mlops/myenv/lib/python3.12/site-packages/airflow/example_dags/example_dataset_alias.py took 0.165 seconds
[2025-04-03T16:31:46.035+0000] {processor.py:186} INFO - Started process (PID=83204) to work on /home/hamza/Documents/project/Mlops/myenv/lib/python3.12/site-packages/airflow/example_dags/example_dataset_alias.py
[2025-04-03T16:31:46.038+0000] {processor.py:914} INFO - Processing file /home/hamza/Documents/project/Mlops/myenv/lib/python3.12/site-packages/airflow/example_dags/example_dataset_alias.py for tasks to queue
[2025-04-03T16:31:46.048+0000] {logging_mixin.py:190} INFO - [2025-04-03T16:31:46.042+0000] {dagbag.py:588} INFO - Filling up the DagBag from /home/hamza/Documents/project/Mlops/myenv/lib/python3.12/site-packages/airflow/example_dags/example_dataset_alias.py
[2025-04-03T16:31:46.170+0000] {processor.py:925} INFO - DAG(s) 'dataset_s3_bucket_consumer', 'dataset_alias_example_alias_producer', 'dataset_alias_example_alias_consumer', 'dataset_s3_bucket_producer' retrieved from /home/hamza/Documents/project/Mlops/myenv/lib/python3.12/site-packages/airflow/example_dags/example_dataset_alias.py
[2025-04-03T16:31:46.229+0000] {logging_mixin.py:190} INFO - [2025-04-03T16:31:46.229+0000] {dag.py:3239} INFO - Sync 4 DAGs
[2025-04-03T16:31:46.286+0000] {logging_mixin.py:190} INFO - [2025-04-03T16:31:46.285+0000] {dag.py:4180} INFO - Setting next_dagrun for dataset_alias_example_alias_consumer to None, run_after=None
[2025-04-03T16:31:46.338+0000] {logging_mixin.py:190} INFO - [2025-04-03T16:31:46.337+0000] {dag.py:4180} INFO - Setting next_dagrun for dataset_alias_example_alias_producer to None, run_after=None
[2025-04-03T16:31:46.341+0000] {logging_mixin.py:190} INFO - [2025-04-03T16:31:46.340+0000] {dag.py:4180} INFO - Setting next_dagrun for dataset_s3_bucket_consumer to None, run_after=None
[2025-04-03T16:31:46.343+0000] {logging_mixin.py:190} INFO - [2025-04-03T16:31:46.342+0000] {dag.py:4180} INFO - Setting next_dagrun for dataset_s3_bucket_producer to None, run_after=None
[2025-04-03T16:31:46.451+0000] {processor.py:208} INFO - Processing /home/hamza/Documents/project/Mlops/myenv/lib/python3.12/site-packages/airflow/example_dags/example_dataset_alias.py took 0.437 seconds
[2025-04-03T16:34:38.134+0000] {processor.py:186} INFO - Started process (PID=84546) to work on /home/hamza/Documents/project/Mlops/myenv/lib/python3.12/site-packages/airflow/example_dags/example_dataset_alias.py
[2025-04-03T16:34:38.136+0000] {processor.py:914} INFO - Processing file /home/hamza/Documents/project/Mlops/myenv/lib/python3.12/site-packages/airflow/example_dags/example_dataset_alias.py for tasks to queue
[2025-04-03T16:34:38.141+0000] {logging_mixin.py:190} INFO - [2025-04-03T16:34:38.140+0000] {dagbag.py:588} INFO - Filling up the DagBag from /home/hamza/Documents/project/Mlops/myenv/lib/python3.12/site-packages/airflow/example_dags/example_dataset_alias.py
[2025-04-03T16:34:38.252+0000] {processor.py:925} INFO - DAG(s) 'dataset_alias_example_alias_consumer', 'dataset_alias_example_alias_producer', 'dataset_s3_bucket_producer', 'dataset_s3_bucket_consumer' retrieved from /home/hamza/Documents/project/Mlops/myenv/lib/python3.12/site-packages/airflow/example_dags/example_dataset_alias.py
[2025-04-03T16:34:38.299+0000] {logging_mixin.py:190} INFO - [2025-04-03T16:34:38.298+0000] {dag.py:3239} INFO - Sync 4 DAGs
[2025-04-03T16:34:38.331+0000] {logging_mixin.py:190} INFO - [2025-04-03T16:34:38.331+0000] {dag.py:4180} INFO - Setting next_dagrun for dataset_alias_example_alias_consumer to None, run_after=None
[2025-04-03T16:34:38.335+0000] {logging_mixin.py:190} INFO - [2025-04-03T16:34:38.334+0000] {dag.py:4180} INFO - Setting next_dagrun for dataset_alias_example_alias_producer to None, run_after=None
[2025-04-03T16:34:38.337+0000] {logging_mixin.py:190} INFO - [2025-04-03T16:34:38.336+0000] {dag.py:4180} INFO - Setting next_dagrun for dataset_s3_bucket_consumer to None, run_after=None
[2025-04-03T16:34:38.338+0000] {logging_mixin.py:190} INFO - [2025-04-03T16:34:38.338+0000] {dag.py:4180} INFO - Setting next_dagrun for dataset_s3_bucket_producer to None, run_after=None
[2025-04-03T16:34:38.380+0000] {processor.py:208} INFO - Processing /home/hamza/Documents/project/Mlops/myenv/lib/python3.12/site-packages/airflow/example_dags/example_dataset_alias.py took 0.257 seconds
[2025-04-03T16:36:27.710+0000] {processor.py:186} INFO - Started process (PID=85479) to work on /home/hamza/Documents/project/Mlops/myenv/lib/python3.12/site-packages/airflow/example_dags/example_dataset_alias.py
[2025-04-03T16:36:27.711+0000] {processor.py:914} INFO - Processing file /home/hamza/Documents/project/Mlops/myenv/lib/python3.12/site-packages/airflow/example_dags/example_dataset_alias.py for tasks to queue
[2025-04-03T16:36:27.714+0000] {logging_mixin.py:190} INFO - [2025-04-03T16:36:27.714+0000] {dagbag.py:588} INFO - Filling up the DagBag from /home/hamza/Documents/project/Mlops/myenv/lib/python3.12/site-packages/airflow/example_dags/example_dataset_alias.py
[2025-04-03T16:36:27.760+0000] {processor.py:925} INFO - DAG(s) 'dataset_alias_example_alias_consumer', 'dataset_alias_example_alias_producer', 'dataset_s3_bucket_producer', 'dataset_s3_bucket_consumer' retrieved from /home/hamza/Documents/project/Mlops/myenv/lib/python3.12/site-packages/airflow/example_dags/example_dataset_alias.py
[2025-04-03T16:36:27.800+0000] {logging_mixin.py:190} INFO - [2025-04-03T16:36:27.799+0000] {dag.py:3239} INFO - Sync 4 DAGs
[2025-04-03T16:36:27.843+0000] {logging_mixin.py:190} INFO - [2025-04-03T16:36:27.843+0000] {dag.py:4180} INFO - Setting next_dagrun for dataset_alias_example_alias_consumer to None, run_after=None
[2025-04-03T16:36:27.847+0000] {logging_mixin.py:190} INFO - [2025-04-03T16:36:27.847+0000] {dag.py:4180} INFO - Setting next_dagrun for dataset_alias_example_alias_producer to None, run_after=None
[2025-04-03T16:36:27.848+0000] {logging_mixin.py:190} INFO - [2025-04-03T16:36:27.848+0000] {dag.py:4180} INFO - Setting next_dagrun for dataset_s3_bucket_consumer to None, run_after=None
[2025-04-03T16:36:27.850+0000] {logging_mixin.py:190} INFO - [2025-04-03T16:36:27.849+0000] {dag.py:4180} INFO - Setting next_dagrun for dataset_s3_bucket_producer to None, run_after=None
[2025-04-03T16:36:27.895+0000] {processor.py:208} INFO - Processing /home/hamza/Documents/project/Mlops/myenv/lib/python3.12/site-packages/airflow/example_dags/example_dataset_alias.py took 0.195 seconds
[2025-04-03T16:37:54.991+0000] {processor.py:186} INFO - Started process (PID=86244) to work on /home/hamza/Documents/project/Mlops/myenv/lib/python3.12/site-packages/airflow/example_dags/example_dataset_alias.py
[2025-04-03T16:37:54.992+0000] {processor.py:914} INFO - Processing file /home/hamza/Documents/project/Mlops/myenv/lib/python3.12/site-packages/airflow/example_dags/example_dataset_alias.py for tasks to queue
[2025-04-03T16:37:54.996+0000] {logging_mixin.py:190} INFO - [2025-04-03T16:37:54.995+0000] {dagbag.py:588} INFO - Filling up the DagBag from /home/hamza/Documents/project/Mlops/myenv/lib/python3.12/site-packages/airflow/example_dags/example_dataset_alias.py
[2025-04-03T16:37:55.037+0000] {processor.py:925} INFO - DAG(s) 'dataset_s3_bucket_consumer', 'dataset_alias_example_alias_producer', 'dataset_s3_bucket_producer', 'dataset_alias_example_alias_consumer' retrieved from /home/hamza/Documents/project/Mlops/myenv/lib/python3.12/site-packages/airflow/example_dags/example_dataset_alias.py
[2025-04-03T16:37:55.074+0000] {logging_mixin.py:190} INFO - [2025-04-03T16:37:55.074+0000] {dag.py:3239} INFO - Sync 4 DAGs
[2025-04-03T16:37:55.109+0000] {logging_mixin.py:190} INFO - [2025-04-03T16:37:55.108+0000] {dag.py:4180} INFO - Setting next_dagrun for dataset_alias_example_alias_consumer to None, run_after=None
[2025-04-03T16:37:55.113+0000] {logging_mixin.py:190} INFO - [2025-04-03T16:37:55.112+0000] {dag.py:4180} INFO - Setting next_dagrun for dataset_alias_example_alias_producer to None, run_after=None
[2025-04-03T16:37:55.114+0000] {logging_mixin.py:190} INFO - [2025-04-03T16:37:55.114+0000] {dag.py:4180} INFO - Setting next_dagrun for dataset_s3_bucket_consumer to None, run_after=None
[2025-04-03T16:37:55.116+0000] {logging_mixin.py:190} INFO - [2025-04-03T16:37:55.116+0000] {dag.py:4180} INFO - Setting next_dagrun for dataset_s3_bucket_producer to None, run_after=None
[2025-04-03T16:37:55.157+0000] {processor.py:208} INFO - Processing /home/hamza/Documents/project/Mlops/myenv/lib/python3.12/site-packages/airflow/example_dags/example_dataset_alias.py took 0.176 seconds
[2025-04-03T16:39:27.616+0000] {processor.py:186} INFO - Started process (PID=87462) to work on /home/hamza/Documents/project/Mlops/myenv/lib/python3.12/site-packages/airflow/example_dags/example_dataset_alias.py
[2025-04-03T16:39:27.618+0000] {processor.py:914} INFO - Processing file /home/hamza/Documents/project/Mlops/myenv/lib/python3.12/site-packages/airflow/example_dags/example_dataset_alias.py for tasks to queue
[2025-04-03T16:39:27.622+0000] {logging_mixin.py:190} INFO - [2025-04-03T16:39:27.622+0000] {dagbag.py:588} INFO - Filling up the DagBag from /home/hamza/Documents/project/Mlops/myenv/lib/python3.12/site-packages/airflow/example_dags/example_dataset_alias.py
[2025-04-03T16:39:27.667+0000] {processor.py:925} INFO - DAG(s) 'dataset_s3_bucket_consumer', 'dataset_s3_bucket_producer', 'dataset_alias_example_alias_producer', 'dataset_alias_example_alias_consumer' retrieved from /home/hamza/Documents/project/Mlops/myenv/lib/python3.12/site-packages/airflow/example_dags/example_dataset_alias.py
[2025-04-03T16:39:27.702+0000] {logging_mixin.py:190} INFO - [2025-04-03T16:39:27.701+0000] {dag.py:3239} INFO - Sync 4 DAGs
[2025-04-03T16:39:27.734+0000] {logging_mixin.py:190} INFO - [2025-04-03T16:39:27.734+0000] {dag.py:4180} INFO - Setting next_dagrun for dataset_alias_example_alias_consumer to None, run_after=None
[2025-04-03T16:39:27.738+0000] {logging_mixin.py:190} INFO - [2025-04-03T16:39:27.738+0000] {dag.py:4180} INFO - Setting next_dagrun for dataset_alias_example_alias_producer to None, run_after=None
[2025-04-03T16:39:27.740+0000] {logging_mixin.py:190} INFO - [2025-04-03T16:39:27.740+0000] {dag.py:4180} INFO - Setting next_dagrun for dataset_s3_bucket_consumer to None, run_after=None
[2025-04-03T16:39:27.742+0000] {logging_mixin.py:190} INFO - [2025-04-03T16:39:27.742+0000] {dag.py:4180} INFO - Setting next_dagrun for dataset_s3_bucket_producer to None, run_after=None
[2025-04-03T16:39:27.779+0000] {processor.py:208} INFO - Processing /home/hamza/Documents/project/Mlops/myenv/lib/python3.12/site-packages/airflow/example_dags/example_dataset_alias.py took 0.171 seconds
[2025-04-03T16:41:02.417+0000] {processor.py:186} INFO - Started process (PID=88341) to work on /home/hamza/Documents/project/Mlops/myenv/lib/python3.12/site-packages/airflow/example_dags/example_dataset_alias.py
[2025-04-03T16:41:02.419+0000] {processor.py:914} INFO - Processing file /home/hamza/Documents/project/Mlops/myenv/lib/python3.12/site-packages/airflow/example_dags/example_dataset_alias.py for tasks to queue
[2025-04-03T16:41:02.422+0000] {logging_mixin.py:190} INFO - [2025-04-03T16:41:02.422+0000] {dagbag.py:588} INFO - Filling up the DagBag from /home/hamza/Documents/project/Mlops/myenv/lib/python3.12/site-packages/airflow/example_dags/example_dataset_alias.py
[2025-04-03T16:41:02.463+0000] {processor.py:925} INFO - DAG(s) 'dataset_alias_example_alias_producer', 'dataset_s3_bucket_producer', 'dataset_alias_example_alias_consumer', 'dataset_s3_bucket_consumer' retrieved from /home/hamza/Documents/project/Mlops/myenv/lib/python3.12/site-packages/airflow/example_dags/example_dataset_alias.py
[2025-04-03T16:41:02.500+0000] {logging_mixin.py:190} INFO - [2025-04-03T16:41:02.500+0000] {dag.py:3239} INFO - Sync 4 DAGs
[2025-04-03T16:41:02.538+0000] {logging_mixin.py:190} INFO - [2025-04-03T16:41:02.537+0000] {dag.py:4180} INFO - Setting next_dagrun for dataset_alias_example_alias_consumer to None, run_after=None
[2025-04-03T16:41:02.543+0000] {logging_mixin.py:190} INFO - [2025-04-03T16:41:02.542+0000] {dag.py:4180} INFO - Setting next_dagrun for dataset_alias_example_alias_producer to None, run_after=None
[2025-04-03T16:41:02.545+0000] {logging_mixin.py:190} INFO - [2025-04-03T16:41:02.545+0000] {dag.py:4180} INFO - Setting next_dagrun for dataset_s3_bucket_consumer to None, run_after=None
[2025-04-03T16:41:02.547+0000] {logging_mixin.py:190} INFO - [2025-04-03T16:41:02.547+0000] {dag.py:4180} INFO - Setting next_dagrun for dataset_s3_bucket_producer to None, run_after=None
[2025-04-03T16:41:02.588+0000] {processor.py:208} INFO - Processing /home/hamza/Documents/project/Mlops/myenv/lib/python3.12/site-packages/airflow/example_dags/example_dataset_alias.py took 0.179 seconds
[2025-04-03T16:42:39.194+0000] {processor.py:186} INFO - Started process (PID=89204) to work on /home/hamza/Documents/project/Mlops/myenv/lib/python3.12/site-packages/airflow/example_dags/example_dataset_alias.py
[2025-04-03T16:42:39.195+0000] {processor.py:914} INFO - Processing file /home/hamza/Documents/project/Mlops/myenv/lib/python3.12/site-packages/airflow/example_dags/example_dataset_alias.py for tasks to queue
[2025-04-03T16:42:39.199+0000] {logging_mixin.py:190} INFO - [2025-04-03T16:42:39.199+0000] {dagbag.py:588} INFO - Filling up the DagBag from /home/hamza/Documents/project/Mlops/myenv/lib/python3.12/site-packages/airflow/example_dags/example_dataset_alias.py
[2025-04-03T16:42:39.242+0000] {processor.py:925} INFO - DAG(s) 'dataset_s3_bucket_consumer', 'dataset_alias_example_alias_producer', 'dataset_alias_example_alias_consumer', 'dataset_s3_bucket_producer' retrieved from /home/hamza/Documents/project/Mlops/myenv/lib/python3.12/site-packages/airflow/example_dags/example_dataset_alias.py
[2025-04-03T16:42:39.293+0000] {logging_mixin.py:190} INFO - [2025-04-03T16:42:39.292+0000] {dag.py:3239} INFO - Sync 4 DAGs
[2025-04-03T16:42:39.340+0000] {logging_mixin.py:190} INFO - [2025-04-03T16:42:39.339+0000] {dag.py:4180} INFO - Setting next_dagrun for dataset_alias_example_alias_consumer to None, run_after=None
[2025-04-03T16:42:39.345+0000] {logging_mixin.py:190} INFO - [2025-04-03T16:42:39.345+0000] {dag.py:4180} INFO - Setting next_dagrun for dataset_alias_example_alias_producer to None, run_after=None
[2025-04-03T16:42:39.348+0000] {logging_mixin.py:190} INFO - [2025-04-03T16:42:39.348+0000] {dag.py:4180} INFO - Setting next_dagrun for dataset_s3_bucket_consumer to None, run_after=None
[2025-04-03T16:42:39.351+0000] {logging_mixin.py:190} INFO - [2025-04-03T16:42:39.350+0000] {dag.py:4180} INFO - Setting next_dagrun for dataset_s3_bucket_producer to None, run_after=None
[2025-04-03T16:42:39.406+0000] {processor.py:208} INFO - Processing /home/hamza/Documents/project/Mlops/myenv/lib/python3.12/site-packages/airflow/example_dags/example_dataset_alias.py took 0.221 seconds
[2025-04-03T16:44:13.619+0000] {processor.py:186} INFO - Started process (PID=89912) to work on /home/hamza/Documents/project/Mlops/myenv/lib/python3.12/site-packages/airflow/example_dags/example_dataset_alias.py
[2025-04-03T16:44:13.621+0000] {processor.py:914} INFO - Processing file /home/hamza/Documents/project/Mlops/myenv/lib/python3.12/site-packages/airflow/example_dags/example_dataset_alias.py for tasks to queue
[2025-04-03T16:44:13.625+0000] {logging_mixin.py:190} INFO - [2025-04-03T16:44:13.625+0000] {dagbag.py:588} INFO - Filling up the DagBag from /home/hamza/Documents/project/Mlops/myenv/lib/python3.12/site-packages/airflow/example_dags/example_dataset_alias.py
[2025-04-03T16:44:13.668+0000] {processor.py:925} INFO - DAG(s) 'dataset_s3_bucket_consumer', 'dataset_alias_example_alias_consumer', 'dataset_alias_example_alias_producer', 'dataset_s3_bucket_producer' retrieved from /home/hamza/Documents/project/Mlops/myenv/lib/python3.12/site-packages/airflow/example_dags/example_dataset_alias.py
[2025-04-03T16:44:13.707+0000] {logging_mixin.py:190} INFO - [2025-04-03T16:44:13.707+0000] {dag.py:3239} INFO - Sync 4 DAGs
[2025-04-03T16:44:13.742+0000] {logging_mixin.py:190} INFO - [2025-04-03T16:44:13.742+0000] {dag.py:4180} INFO - Setting next_dagrun for dataset_alias_example_alias_consumer to None, run_after=None
[2025-04-03T16:44:13.745+0000] {logging_mixin.py:190} INFO - [2025-04-03T16:44:13.745+0000] {dag.py:4180} INFO - Setting next_dagrun for dataset_alias_example_alias_producer to None, run_after=None
[2025-04-03T16:44:13.747+0000] {logging_mixin.py:190} INFO - [2025-04-03T16:44:13.747+0000] {dag.py:4180} INFO - Setting next_dagrun for dataset_s3_bucket_consumer to None, run_after=None
[2025-04-03T16:44:13.749+0000] {logging_mixin.py:190} INFO - [2025-04-03T16:44:13.749+0000] {dag.py:4180} INFO - Setting next_dagrun for dataset_s3_bucket_producer to None, run_after=None
[2025-04-03T16:44:13.793+0000] {processor.py:208} INFO - Processing /home/hamza/Documents/project/Mlops/myenv/lib/python3.12/site-packages/airflow/example_dags/example_dataset_alias.py took 0.183 seconds
[2025-04-03T16:45:49.941+0000] {processor.py:186} INFO - Started process (PID=90741) to work on /home/hamza/Documents/project/Mlops/myenv/lib/python3.12/site-packages/airflow/example_dags/example_dataset_alias.py
[2025-04-03T16:45:49.943+0000] {processor.py:914} INFO - Processing file /home/hamza/Documents/project/Mlops/myenv/lib/python3.12/site-packages/airflow/example_dags/example_dataset_alias.py for tasks to queue
[2025-04-03T16:45:49.947+0000] {logging_mixin.py:190} INFO - [2025-04-03T16:45:49.946+0000] {dagbag.py:588} INFO - Filling up the DagBag from /home/hamza/Documents/project/Mlops/myenv/lib/python3.12/site-packages/airflow/example_dags/example_dataset_alias.py
[2025-04-03T16:45:49.992+0000] {processor.py:925} INFO - DAG(s) 'dataset_alias_example_alias_producer', 'dataset_s3_bucket_consumer', 'dataset_alias_example_alias_consumer', 'dataset_s3_bucket_producer' retrieved from /home/hamza/Documents/project/Mlops/myenv/lib/python3.12/site-packages/airflow/example_dags/example_dataset_alias.py
[2025-04-03T16:45:50.029+0000] {logging_mixin.py:190} INFO - [2025-04-03T16:45:50.029+0000] {dag.py:3239} INFO - Sync 4 DAGs
[2025-04-03T16:45:50.067+0000] {logging_mixin.py:190} INFO - [2025-04-03T16:45:50.067+0000] {dag.py:4180} INFO - Setting next_dagrun for dataset_alias_example_alias_consumer to None, run_after=None
[2025-04-03T16:45:50.071+0000] {logging_mixin.py:190} INFO - [2025-04-03T16:45:50.071+0000] {dag.py:4180} INFO - Setting next_dagrun for dataset_alias_example_alias_producer to None, run_after=None
[2025-04-03T16:45:50.073+0000] {logging_mixin.py:190} INFO - [2025-04-03T16:45:50.073+0000] {dag.py:4180} INFO - Setting next_dagrun for dataset_s3_bucket_consumer to None, run_after=None
[2025-04-03T16:45:50.075+0000] {logging_mixin.py:190} INFO - [2025-04-03T16:45:50.074+0000] {dag.py:4180} INFO - Setting next_dagrun for dataset_s3_bucket_producer to None, run_after=None
[2025-04-03T16:45:50.115+0000] {processor.py:208} INFO - Processing /home/hamza/Documents/project/Mlops/myenv/lib/python3.12/site-packages/airflow/example_dags/example_dataset_alias.py took 0.184 seconds
[2025-04-03T16:47:24.963+0000] {processor.py:186} INFO - Started process (PID=91602) to work on /home/hamza/Documents/project/Mlops/myenv/lib/python3.12/site-packages/airflow/example_dags/example_dataset_alias.py
[2025-04-03T16:47:24.965+0000] {processor.py:914} INFO - Processing file /home/hamza/Documents/project/Mlops/myenv/lib/python3.12/site-packages/airflow/example_dags/example_dataset_alias.py for tasks to queue
[2025-04-03T16:47:24.969+0000] {logging_mixin.py:190} INFO - [2025-04-03T16:47:24.968+0000] {dagbag.py:588} INFO - Filling up the DagBag from /home/hamza/Documents/project/Mlops/myenv/lib/python3.12/site-packages/airflow/example_dags/example_dataset_alias.py
[2025-04-03T16:47:25.010+0000] {processor.py:925} INFO - DAG(s) 'dataset_alias_example_alias_consumer', 'dataset_s3_bucket_producer', 'dataset_alias_example_alias_producer', 'dataset_s3_bucket_consumer' retrieved from /home/hamza/Documents/project/Mlops/myenv/lib/python3.12/site-packages/airflow/example_dags/example_dataset_alias.py
[2025-04-03T16:47:25.047+0000] {logging_mixin.py:190} INFO - [2025-04-03T16:47:25.046+0000] {dag.py:3239} INFO - Sync 4 DAGs
[2025-04-03T16:47:25.080+0000] {logging_mixin.py:190} INFO - [2025-04-03T16:47:25.079+0000] {dag.py:4180} INFO - Setting next_dagrun for dataset_alias_example_alias_consumer to None, run_after=None
[2025-04-03T16:47:25.083+0000] {logging_mixin.py:190} INFO - [2025-04-03T16:47:25.083+0000] {dag.py:4180} INFO - Setting next_dagrun for dataset_alias_example_alias_producer to None, run_after=None
[2025-04-03T16:47:25.085+0000] {logging_mixin.py:190} INFO - [2025-04-03T16:47:25.085+0000] {dag.py:4180} INFO - Setting next_dagrun for dataset_s3_bucket_consumer to None, run_after=None
[2025-04-03T16:47:25.087+0000] {logging_mixin.py:190} INFO - [2025-04-03T16:47:25.086+0000] {dag.py:4180} INFO - Setting next_dagrun for dataset_s3_bucket_producer to None, run_after=None
[2025-04-03T16:47:25.124+0000] {processor.py:208} INFO - Processing /home/hamza/Documents/project/Mlops/myenv/lib/python3.12/site-packages/airflow/example_dags/example_dataset_alias.py took 0.169 seconds
[2025-04-03T16:49:06.016+0000] {processor.py:186} INFO - Started process (PID=92451) to work on /home/hamza/Documents/project/Mlops/myenv/lib/python3.12/site-packages/airflow/example_dags/example_dataset_alias.py
[2025-04-03T16:49:06.017+0000] {processor.py:914} INFO - Processing file /home/hamza/Documents/project/Mlops/myenv/lib/python3.12/site-packages/airflow/example_dags/example_dataset_alias.py for tasks to queue
[2025-04-03T16:49:06.021+0000] {logging_mixin.py:190} INFO - [2025-04-03T16:49:06.020+0000] {dagbag.py:588} INFO - Filling up the DagBag from /home/hamza/Documents/project/Mlops/myenv/lib/python3.12/site-packages/airflow/example_dags/example_dataset_alias.py
[2025-04-03T16:49:06.061+0000] {processor.py:925} INFO - DAG(s) 'dataset_s3_bucket_consumer', 'dataset_s3_bucket_producer', 'dataset_alias_example_alias_consumer', 'dataset_alias_example_alias_producer' retrieved from /home/hamza/Documents/project/Mlops/myenv/lib/python3.12/site-packages/airflow/example_dags/example_dataset_alias.py
[2025-04-03T16:49:06.098+0000] {logging_mixin.py:190} INFO - [2025-04-03T16:49:06.097+0000] {dag.py:3239} INFO - Sync 4 DAGs
[2025-04-03T16:49:06.140+0000] {logging_mixin.py:190} INFO - [2025-04-03T16:49:06.140+0000] {dag.py:4180} INFO - Setting next_dagrun for dataset_alias_example_alias_consumer to None, run_after=None
[2025-04-03T16:49:06.144+0000] {logging_mixin.py:190} INFO - [2025-04-03T16:49:06.143+0000] {dag.py:4180} INFO - Setting next_dagrun for dataset_alias_example_alias_producer to None, run_after=None
[2025-04-03T16:49:06.145+0000] {logging_mixin.py:190} INFO - [2025-04-03T16:49:06.145+0000] {dag.py:4180} INFO - Setting next_dagrun for dataset_s3_bucket_consumer to None, run_after=None
[2025-04-03T16:49:06.147+0000] {logging_mixin.py:190} INFO - [2025-04-03T16:49:06.147+0000] {dag.py:4180} INFO - Setting next_dagrun for dataset_s3_bucket_producer to None, run_after=None
[2025-04-03T16:49:06.185+0000] {processor.py:208} INFO - Processing /home/hamza/Documents/project/Mlops/myenv/lib/python3.12/site-packages/airflow/example_dags/example_dataset_alias.py took 0.179 seconds
[2025-04-03T16:50:43.946+0000] {processor.py:186} INFO - Started process (PID=93290) to work on /home/hamza/Documents/project/Mlops/myenv/lib/python3.12/site-packages/airflow/example_dags/example_dataset_alias.py
[2025-04-03T16:50:43.948+0000] {processor.py:914} INFO - Processing file /home/hamza/Documents/project/Mlops/myenv/lib/python3.12/site-packages/airflow/example_dags/example_dataset_alias.py for tasks to queue
[2025-04-03T16:50:43.953+0000] {logging_mixin.py:190} INFO - [2025-04-03T16:50:43.952+0000] {dagbag.py:588} INFO - Filling up the DagBag from /home/hamza/Documents/project/Mlops/myenv/lib/python3.12/site-packages/airflow/example_dags/example_dataset_alias.py
[2025-04-03T16:50:44.003+0000] {processor.py:925} INFO - DAG(s) 'dataset_alias_example_alias_consumer', 'dataset_alias_example_alias_producer', 'dataset_s3_bucket_consumer', 'dataset_s3_bucket_producer' retrieved from /home/hamza/Documents/project/Mlops/myenv/lib/python3.12/site-packages/airflow/example_dags/example_dataset_alias.py
[2025-04-03T16:50:44.045+0000] {logging_mixin.py:190} INFO - [2025-04-03T16:50:44.044+0000] {dag.py:3239} INFO - Sync 4 DAGs
[2025-04-03T16:50:44.085+0000] {logging_mixin.py:190} INFO - [2025-04-03T16:50:44.084+0000] {dag.py:4180} INFO - Setting next_dagrun for dataset_alias_example_alias_consumer to None, run_after=None
[2025-04-03T16:50:44.089+0000] {logging_mixin.py:190} INFO - [2025-04-03T16:50:44.089+0000] {dag.py:4180} INFO - Setting next_dagrun for dataset_alias_example_alias_producer to None, run_after=None
[2025-04-03T16:50:44.091+0000] {logging_mixin.py:190} INFO - [2025-04-03T16:50:44.091+0000] {dag.py:4180} INFO - Setting next_dagrun for dataset_s3_bucket_consumer to None, run_after=None
[2025-04-03T16:50:44.093+0000] {logging_mixin.py:190} INFO - [2025-04-03T16:50:44.093+0000] {dag.py:4180} INFO - Setting next_dagrun for dataset_s3_bucket_producer to None, run_after=None
[2025-04-03T16:50:44.136+0000] {processor.py:208} INFO - Processing /home/hamza/Documents/project/Mlops/myenv/lib/python3.12/site-packages/airflow/example_dags/example_dataset_alias.py took 0.201 seconds
[2025-04-03T16:52:24.148+0000] {processor.py:186} INFO - Started process (PID=94119) to work on /home/hamza/Documents/project/Mlops/myenv/lib/python3.12/site-packages/airflow/example_dags/example_dataset_alias.py
[2025-04-03T16:52:24.150+0000] {processor.py:914} INFO - Processing file /home/hamza/Documents/project/Mlops/myenv/lib/python3.12/site-packages/airflow/example_dags/example_dataset_alias.py for tasks to queue
[2025-04-03T16:52:24.154+0000] {logging_mixin.py:190} INFO - [2025-04-03T16:52:24.153+0000] {dagbag.py:588} INFO - Filling up the DagBag from /home/hamza/Documents/project/Mlops/myenv/lib/python3.12/site-packages/airflow/example_dags/example_dataset_alias.py
[2025-04-03T16:52:24.198+0000] {processor.py:925} INFO - DAG(s) 'dataset_s3_bucket_consumer', 'dataset_s3_bucket_producer', 'dataset_alias_example_alias_producer', 'dataset_alias_example_alias_consumer' retrieved from /home/hamza/Documents/project/Mlops/myenv/lib/python3.12/site-packages/airflow/example_dags/example_dataset_alias.py
[2025-04-03T16:52:24.235+0000] {logging_mixin.py:190} INFO - [2025-04-03T16:52:24.235+0000] {dag.py:3239} INFO - Sync 4 DAGs
[2025-04-03T16:52:24.271+0000] {logging_mixin.py:190} INFO - [2025-04-03T16:52:24.270+0000] {dag.py:4180} INFO - Setting next_dagrun for dataset_alias_example_alias_consumer to None, run_after=None
[2025-04-03T16:52:24.274+0000] {logging_mixin.py:190} INFO - [2025-04-03T16:52:24.274+0000] {dag.py:4180} INFO - Setting next_dagrun for dataset_alias_example_alias_producer to None, run_after=None
[2025-04-03T16:52:24.276+0000] {logging_mixin.py:190} INFO - [2025-04-03T16:52:24.276+0000] {dag.py:4180} INFO - Setting next_dagrun for dataset_s3_bucket_consumer to None, run_after=None
[2025-04-03T16:52:24.278+0000] {logging_mixin.py:190} INFO - [2025-04-03T16:52:24.278+0000] {dag.py:4180} INFO - Setting next_dagrun for dataset_s3_bucket_producer to None, run_after=None
[2025-04-03T16:52:24.319+0000] {processor.py:208} INFO - Processing /home/hamza/Documents/project/Mlops/myenv/lib/python3.12/site-packages/airflow/example_dags/example_dataset_alias.py took 0.181 seconds
[2025-04-03T16:54:00.043+0000] {processor.py:186} INFO - Started process (PID=94907) to work on /home/hamza/Documents/project/Mlops/myenv/lib/python3.12/site-packages/airflow/example_dags/example_dataset_alias.py
[2025-04-03T16:54:00.045+0000] {processor.py:914} INFO - Processing file /home/hamza/Documents/project/Mlops/myenv/lib/python3.12/site-packages/airflow/example_dags/example_dataset_alias.py for tasks to queue
[2025-04-03T16:54:00.049+0000] {logging_mixin.py:190} INFO - [2025-04-03T16:54:00.048+0000] {dagbag.py:588} INFO - Filling up the DagBag from /home/hamza/Documents/project/Mlops/myenv/lib/python3.12/site-packages/airflow/example_dags/example_dataset_alias.py
[2025-04-03T16:54:00.092+0000] {processor.py:925} INFO - DAG(s) 'dataset_s3_bucket_consumer', 'dataset_alias_example_alias_producer', 'dataset_alias_example_alias_consumer', 'dataset_s3_bucket_producer' retrieved from /home/hamza/Documents/project/Mlops/myenv/lib/python3.12/site-packages/airflow/example_dags/example_dataset_alias.py
[2025-04-03T16:54:00.132+0000] {logging_mixin.py:190} INFO - [2025-04-03T16:54:00.132+0000] {dag.py:3239} INFO - Sync 4 DAGs
[2025-04-03T16:54:00.169+0000] {logging_mixin.py:190} INFO - [2025-04-03T16:54:00.168+0000] {dag.py:4180} INFO - Setting next_dagrun for dataset_alias_example_alias_consumer to None, run_after=None
[2025-04-03T16:54:00.174+0000] {logging_mixin.py:190} INFO - [2025-04-03T16:54:00.173+0000] {dag.py:4180} INFO - Setting next_dagrun for dataset_alias_example_alias_producer to None, run_after=None
[2025-04-03T16:54:00.176+0000] {logging_mixin.py:190} INFO - [2025-04-03T16:54:00.176+0000] {dag.py:4180} INFO - Setting next_dagrun for dataset_s3_bucket_consumer to None, run_after=None
[2025-04-03T16:54:00.178+0000] {logging_mixin.py:190} INFO - [2025-04-03T16:54:00.178+0000] {dag.py:4180} INFO - Setting next_dagrun for dataset_s3_bucket_producer to None, run_after=None
[2025-04-03T16:54:00.219+0000] {processor.py:208} INFO - Processing /home/hamza/Documents/project/Mlops/myenv/lib/python3.12/site-packages/airflow/example_dags/example_dataset_alias.py took 0.186 seconds
[2025-04-03T16:55:44.381+0000] {processor.py:186} INFO - Started process (PID=96029) to work on /home/hamza/Documents/project/Mlops/myenv/lib/python3.12/site-packages/airflow/example_dags/example_dataset_alias.py
[2025-04-03T16:55:44.383+0000] {processor.py:914} INFO - Processing file /home/hamza/Documents/project/Mlops/myenv/lib/python3.12/site-packages/airflow/example_dags/example_dataset_alias.py for tasks to queue
[2025-04-03T16:55:44.387+0000] {logging_mixin.py:190} INFO - [2025-04-03T16:55:44.386+0000] {dagbag.py:588} INFO - Filling up the DagBag from /home/hamza/Documents/project/Mlops/myenv/lib/python3.12/site-packages/airflow/example_dags/example_dataset_alias.py
[2025-04-03T16:55:44.429+0000] {processor.py:925} INFO - DAG(s) 'dataset_alias_example_alias_consumer', 'dataset_s3_bucket_producer', 'dataset_s3_bucket_consumer', 'dataset_alias_example_alias_producer' retrieved from /home/hamza/Documents/project/Mlops/myenv/lib/python3.12/site-packages/airflow/example_dags/example_dataset_alias.py
[2025-04-03T16:55:44.462+0000] {logging_mixin.py:190} INFO - [2025-04-03T16:55:44.462+0000] {dag.py:3239} INFO - Sync 4 DAGs
[2025-04-03T16:55:44.495+0000] {logging_mixin.py:190} INFO - [2025-04-03T16:55:44.495+0000] {dag.py:4180} INFO - Setting next_dagrun for dataset_alias_example_alias_consumer to None, run_after=None
[2025-04-03T16:55:44.499+0000] {logging_mixin.py:190} INFO - [2025-04-03T16:55:44.498+0000] {dag.py:4180} INFO - Setting next_dagrun for dataset_alias_example_alias_producer to None, run_after=None
[2025-04-03T16:55:44.501+0000] {logging_mixin.py:190} INFO - [2025-04-03T16:55:44.501+0000] {dag.py:4180} INFO - Setting next_dagrun for dataset_s3_bucket_consumer to None, run_after=None
[2025-04-03T16:55:44.502+0000] {logging_mixin.py:190} INFO - [2025-04-03T16:55:44.502+0000] {dag.py:4180} INFO - Setting next_dagrun for dataset_s3_bucket_producer to None, run_after=None
[2025-04-03T16:55:44.538+0000] {processor.py:208} INFO - Processing /home/hamza/Documents/project/Mlops/myenv/lib/python3.12/site-packages/airflow/example_dags/example_dataset_alias.py took 0.167 seconds
