[2025-04-03T13:43:49.120+0000] {processor.py:186} INFO - Started process (PID=98551) to work on /home/hamza/Documents/project/Mlops/myenv/lib/python3.12/site-packages/airflow/example_dags/example_nested_branch_dag.py
[2025-04-03T13:43:49.122+0000] {processor.py:914} INFO - Processing file /home/hamza/Documents/project/Mlops/myenv/lib/python3.12/site-packages/airflow/example_dags/example_nested_branch_dag.py for tasks to queue
[2025-04-03T13:43:49.126+0000] {logging_mixin.py:190} INFO - [2025-04-03T13:43:49.125+0000] {dagbag.py:588} INFO - Filling up the DagBag from /home/hamza/Documents/project/Mlops/myenv/lib/python3.12/site-packages/airflow/example_dags/example_nested_branch_dag.py
[2025-04-03T13:43:49.148+0000] {processor.py:925} INFO - DAG(s) 'example_nested_branch_dag' retrieved from /home/hamza/Documents/project/Mlops/myenv/lib/python3.12/site-packages/airflow/example_dags/example_nested_branch_dag.py
[2025-04-03T13:43:49.321+0000] {logging_mixin.py:190} INFO - [2025-04-03T13:43:49.320+0000] {override.py:1930} INFO - Created Permission View: can delete on DAG:example_nested_branch_dag
[2025-04-03T13:43:49.342+0000] {logging_mixin.py:190} INFO - [2025-04-03T13:43:49.341+0000] {override.py:1930} INFO - Created Permission View: can read on DAG:example_nested_branch_dag
[2025-04-03T13:43:49.356+0000] {logging_mixin.py:190} INFO - [2025-04-03T13:43:49.356+0000] {override.py:1930} INFO - Created Permission View: can edit on DAG:example_nested_branch_dag
[2025-04-03T13:43:49.378+0000] {logging_mixin.py:190} INFO - [2025-04-03T13:43:49.377+0000] {override.py:1930} INFO - Created Permission View: can delete on DAG Run:example_nested_branch_dag
[2025-04-03T13:43:49.391+0000] {logging_mixin.py:190} INFO - [2025-04-03T13:43:49.391+0000] {override.py:1930} INFO - Created Permission View: can read on DAG Run:example_nested_branch_dag
[2025-04-03T13:43:49.406+0000] {logging_mixin.py:190} INFO - [2025-04-03T13:43:49.405+0000] {override.py:1930} INFO - Created Permission View: menu access on DAG Run:example_nested_branch_dag
[2025-04-03T13:43:49.419+0000] {logging_mixin.py:190} INFO - [2025-04-03T13:43:49.419+0000] {override.py:1930} INFO - Created Permission View: can create on DAG Run:example_nested_branch_dag
[2025-04-03T13:43:49.420+0000] {logging_mixin.py:190} INFO - [2025-04-03T13:43:49.420+0000] {dag.py:3239} INFO - Sync 1 DAGs
[2025-04-03T13:43:49.438+0000] {logging_mixin.py:190} INFO - [2025-04-03T13:43:49.438+0000] {dag.py:3262} INFO - Creating ORM DAG for example_nested_branch_dag
[2025-04-03T13:43:49.456+0000] {logging_mixin.py:190} INFO - [2025-04-03T13:43:49.456+0000] {dag.py:4180} INFO - Setting next_dagrun for example_nested_branch_dag to 2025-04-02 00:00:00+00:00, run_after=2025-04-03 00:00:00+00:00
[2025-04-03T13:43:49.490+0000] {processor.py:208} INFO - Processing /home/hamza/Documents/project/Mlops/myenv/lib/python3.12/site-packages/airflow/example_dags/example_nested_branch_dag.py took 0.378 seconds
[2025-04-03T13:44:59.950+0000] {processor.py:186} INFO - Started process (PID=99585) to work on /home/hamza/Documents/project/Mlops/myenv/lib/python3.12/site-packages/airflow/example_dags/example_nested_branch_dag.py
[2025-04-03T13:44:59.952+0000] {processor.py:914} INFO - Processing file /home/hamza/Documents/project/Mlops/myenv/lib/python3.12/site-packages/airflow/example_dags/example_nested_branch_dag.py for tasks to queue
[2025-04-03T13:44:59.955+0000] {logging_mixin.py:190} INFO - [2025-04-03T13:44:59.955+0000] {dagbag.py:588} INFO - Filling up the DagBag from /home/hamza/Documents/project/Mlops/myenv/lib/python3.12/site-packages/airflow/example_dags/example_nested_branch_dag.py
[2025-04-03T13:44:59.977+0000] {processor.py:925} INFO - DAG(s) 'example_nested_branch_dag' retrieved from /home/hamza/Documents/project/Mlops/myenv/lib/python3.12/site-packages/airflow/example_dags/example_nested_branch_dag.py
[2025-04-03T13:45:00.009+0000] {logging_mixin.py:190} INFO - [2025-04-03T13:45:00.008+0000] {dag.py:3239} INFO - Sync 1 DAGs
[2025-04-03T13:45:00.050+0000] {logging_mixin.py:190} INFO - [2025-04-03T13:45:00.050+0000] {dag.py:4180} INFO - Setting next_dagrun for example_nested_branch_dag to 2025-04-02 00:00:00+00:00, run_after=2025-04-03 00:00:00+00:00
[2025-04-03T13:45:00.096+0000] {processor.py:208} INFO - Processing /home/hamza/Documents/project/Mlops/myenv/lib/python3.12/site-packages/airflow/example_dags/example_nested_branch_dag.py took 0.155 seconds
[2025-04-03T13:46:06.181+0000] {processor.py:186} INFO - Started process (PID=100139) to work on /home/hamza/Documents/project/Mlops/myenv/lib/python3.12/site-packages/airflow/example_dags/example_nested_branch_dag.py
[2025-04-03T13:46:06.184+0000] {processor.py:914} INFO - Processing file /home/hamza/Documents/project/Mlops/myenv/lib/python3.12/site-packages/airflow/example_dags/example_nested_branch_dag.py for tasks to queue
[2025-04-03T13:46:06.187+0000] {logging_mixin.py:190} INFO - [2025-04-03T13:46:06.186+0000] {dagbag.py:588} INFO - Filling up the DagBag from /home/hamza/Documents/project/Mlops/myenv/lib/python3.12/site-packages/airflow/example_dags/example_nested_branch_dag.py
[2025-04-03T13:46:06.214+0000] {processor.py:925} INFO - DAG(s) 'example_nested_branch_dag' retrieved from /home/hamza/Documents/project/Mlops/myenv/lib/python3.12/site-packages/airflow/example_dags/example_nested_branch_dag.py
[2025-04-03T13:46:06.248+0000] {logging_mixin.py:190} INFO - [2025-04-03T13:46:06.247+0000] {dag.py:3239} INFO - Sync 1 DAGs
[2025-04-03T13:46:06.294+0000] {logging_mixin.py:190} INFO - [2025-04-03T13:46:06.294+0000] {dag.py:4180} INFO - Setting next_dagrun for example_nested_branch_dag to 2025-04-02 00:00:00+00:00, run_after=2025-04-03 00:00:00+00:00
[2025-04-03T13:46:06.338+0000] {processor.py:208} INFO - Processing /home/hamza/Documents/project/Mlops/myenv/lib/python3.12/site-packages/airflow/example_dags/example_nested_branch_dag.py took 0.167 seconds
[2025-04-03T13:47:14.127+0000] {processor.py:186} INFO - Started process (PID=100911) to work on /home/hamza/Documents/project/Mlops/myenv/lib/python3.12/site-packages/airflow/example_dags/example_nested_branch_dag.py
[2025-04-03T13:47:14.130+0000] {processor.py:914} INFO - Processing file /home/hamza/Documents/project/Mlops/myenv/lib/python3.12/site-packages/airflow/example_dags/example_nested_branch_dag.py for tasks to queue
[2025-04-03T13:47:14.134+0000] {logging_mixin.py:190} INFO - [2025-04-03T13:47:14.133+0000] {dagbag.py:588} INFO - Filling up the DagBag from /home/hamza/Documents/project/Mlops/myenv/lib/python3.12/site-packages/airflow/example_dags/example_nested_branch_dag.py
[2025-04-03T13:47:14.156+0000] {processor.py:925} INFO - DAG(s) 'example_nested_branch_dag' retrieved from /home/hamza/Documents/project/Mlops/myenv/lib/python3.12/site-packages/airflow/example_dags/example_nested_branch_dag.py
[2025-04-03T13:47:14.186+0000] {logging_mixin.py:190} INFO - [2025-04-03T13:47:14.185+0000] {dag.py:3239} INFO - Sync 1 DAGs
[2025-04-03T13:47:14.227+0000] {logging_mixin.py:190} INFO - [2025-04-03T13:47:14.226+0000] {dag.py:4180} INFO - Setting next_dagrun for example_nested_branch_dag to 2025-04-02 00:00:00+00:00, run_after=2025-04-03 00:00:00+00:00
[2025-04-03T13:47:14.268+0000] {processor.py:208} INFO - Processing /home/hamza/Documents/project/Mlops/myenv/lib/python3.12/site-packages/airflow/example_dags/example_nested_branch_dag.py took 0.151 seconds
[2025-04-03T13:48:22.100+0000] {processor.py:186} INFO - Started process (PID=101850) to work on /home/hamza/Documents/project/Mlops/myenv/lib/python3.12/site-packages/airflow/example_dags/example_nested_branch_dag.py
[2025-04-03T13:48:22.101+0000] {processor.py:914} INFO - Processing file /home/hamza/Documents/project/Mlops/myenv/lib/python3.12/site-packages/airflow/example_dags/example_nested_branch_dag.py for tasks to queue
[2025-04-03T13:48:22.105+0000] {logging_mixin.py:190} INFO - [2025-04-03T13:48:22.104+0000] {dagbag.py:588} INFO - Filling up the DagBag from /home/hamza/Documents/project/Mlops/myenv/lib/python3.12/site-packages/airflow/example_dags/example_nested_branch_dag.py
[2025-04-03T13:48:22.133+0000] {processor.py:925} INFO - DAG(s) 'example_nested_branch_dag' retrieved from /home/hamza/Documents/project/Mlops/myenv/lib/python3.12/site-packages/airflow/example_dags/example_nested_branch_dag.py
[2025-04-03T13:48:22.182+0000] {logging_mixin.py:190} INFO - [2025-04-03T13:48:22.182+0000] {dag.py:3239} INFO - Sync 1 DAGs
[2025-04-03T13:48:22.230+0000] {logging_mixin.py:190} INFO - [2025-04-03T13:48:22.230+0000] {dag.py:4180} INFO - Setting next_dagrun for example_nested_branch_dag to 2025-04-02 00:00:00+00:00, run_after=2025-04-03 00:00:00+00:00
[2025-04-03T13:48:22.274+0000] {processor.py:208} INFO - Processing /home/hamza/Documents/project/Mlops/myenv/lib/python3.12/site-packages/airflow/example_dags/example_nested_branch_dag.py took 0.188 seconds
[2025-04-03T13:49:59.520+0000] {processor.py:186} INFO - Started process (PID=103114) to work on /home/hamza/Documents/project/Mlops/myenv/lib/python3.12/site-packages/airflow/example_dags/example_nested_branch_dag.py
[2025-04-03T13:49:59.524+0000] {processor.py:914} INFO - Processing file /home/hamza/Documents/project/Mlops/myenv/lib/python3.12/site-packages/airflow/example_dags/example_nested_branch_dag.py for tasks to queue
[2025-04-03T13:49:59.530+0000] {logging_mixin.py:190} INFO - [2025-04-03T13:49:59.529+0000] {dagbag.py:588} INFO - Filling up the DagBag from /home/hamza/Documents/project/Mlops/myenv/lib/python3.12/site-packages/airflow/example_dags/example_nested_branch_dag.py
[2025-04-03T13:49:59.561+0000] {processor.py:925} INFO - DAG(s) 'example_nested_branch_dag' retrieved from /home/hamza/Documents/project/Mlops/myenv/lib/python3.12/site-packages/airflow/example_dags/example_nested_branch_dag.py
[2025-04-03T13:49:59.592+0000] {logging_mixin.py:190} INFO - [2025-04-03T13:49:59.592+0000] {dag.py:3239} INFO - Sync 1 DAGs
[2025-04-03T13:49:59.628+0000] {logging_mixin.py:190} INFO - [2025-04-03T13:49:59.627+0000] {dag.py:4180} INFO - Setting next_dagrun for example_nested_branch_dag to 2025-04-02 00:00:00+00:00, run_after=2025-04-03 00:00:00+00:00
[2025-04-03T13:49:59.668+0000] {processor.py:208} INFO - Processing /home/hamza/Documents/project/Mlops/myenv/lib/python3.12/site-packages/airflow/example_dags/example_nested_branch_dag.py took 0.160 seconds
[2025-04-03T13:51:34.442+0000] {processor.py:186} INFO - Started process (PID=104351) to work on /home/hamza/Documents/project/Mlops/myenv/lib/python3.12/site-packages/airflow/example_dags/example_nested_branch_dag.py
[2025-04-03T13:51:34.443+0000] {processor.py:914} INFO - Processing file /home/hamza/Documents/project/Mlops/myenv/lib/python3.12/site-packages/airflow/example_dags/example_nested_branch_dag.py for tasks to queue
[2025-04-03T13:51:34.447+0000] {logging_mixin.py:190} INFO - [2025-04-03T13:51:34.446+0000] {dagbag.py:588} INFO - Filling up the DagBag from /home/hamza/Documents/project/Mlops/myenv/lib/python3.12/site-packages/airflow/example_dags/example_nested_branch_dag.py
[2025-04-03T13:51:34.469+0000] {processor.py:925} INFO - DAG(s) 'example_nested_branch_dag' retrieved from /home/hamza/Documents/project/Mlops/myenv/lib/python3.12/site-packages/airflow/example_dags/example_nested_branch_dag.py
[2025-04-03T13:51:34.501+0000] {logging_mixin.py:190} INFO - [2025-04-03T13:51:34.501+0000] {dag.py:3239} INFO - Sync 1 DAGs
[2025-04-03T13:51:34.540+0000] {logging_mixin.py:190} INFO - [2025-04-03T13:51:34.540+0000] {dag.py:4180} INFO - Setting next_dagrun for example_nested_branch_dag to 2025-04-02 00:00:00+00:00, run_after=2025-04-03 00:00:00+00:00
[2025-04-03T13:51:34.576+0000] {processor.py:208} INFO - Processing /home/hamza/Documents/project/Mlops/myenv/lib/python3.12/site-packages/airflow/example_dags/example_nested_branch_dag.py took 0.145 seconds
[2025-04-03T13:53:17.979+0000] {processor.py:186} INFO - Started process (PID=105353) to work on /home/hamza/Documents/project/Mlops/myenv/lib/python3.12/site-packages/airflow/example_dags/example_nested_branch_dag.py
[2025-04-03T13:53:17.980+0000] {processor.py:914} INFO - Processing file /home/hamza/Documents/project/Mlops/myenv/lib/python3.12/site-packages/airflow/example_dags/example_nested_branch_dag.py for tasks to queue
[2025-04-03T13:53:17.984+0000] {logging_mixin.py:190} INFO - [2025-04-03T13:53:17.984+0000] {dagbag.py:588} INFO - Filling up the DagBag from /home/hamza/Documents/project/Mlops/myenv/lib/python3.12/site-packages/airflow/example_dags/example_nested_branch_dag.py
[2025-04-03T13:53:18.005+0000] {processor.py:925} INFO - DAG(s) 'example_nested_branch_dag' retrieved from /home/hamza/Documents/project/Mlops/myenv/lib/python3.12/site-packages/airflow/example_dags/example_nested_branch_dag.py
[2025-04-03T13:53:18.034+0000] {logging_mixin.py:190} INFO - [2025-04-03T13:53:18.034+0000] {dag.py:3239} INFO - Sync 1 DAGs
[2025-04-03T13:53:18.073+0000] {logging_mixin.py:190} INFO - [2025-04-03T13:53:18.073+0000] {dag.py:4180} INFO - Setting next_dagrun for example_nested_branch_dag to 2025-04-02 00:00:00+00:00, run_after=2025-04-03 00:00:00+00:00
[2025-04-03T13:53:18.109+0000] {processor.py:208} INFO - Processing /home/hamza/Documents/project/Mlops/myenv/lib/python3.12/site-packages/airflow/example_dags/example_nested_branch_dag.py took 0.139 seconds
[2025-04-03T13:59:31.379+0000] {processor.py:186} INFO - Started process (PID=110110) to work on /home/hamza/Documents/project/Mlops/myenv/lib/python3.12/site-packages/airflow/example_dags/example_nested_branch_dag.py
[2025-04-03T13:59:31.382+0000] {processor.py:914} INFO - Processing file /home/hamza/Documents/project/Mlops/myenv/lib/python3.12/site-packages/airflow/example_dags/example_nested_branch_dag.py for tasks to queue
[2025-04-03T13:59:31.386+0000] {logging_mixin.py:190} INFO - [2025-04-03T13:59:31.385+0000] {dagbag.py:588} INFO - Filling up the DagBag from /home/hamza/Documents/project/Mlops/myenv/lib/python3.12/site-packages/airflow/example_dags/example_nested_branch_dag.py
[2025-04-03T13:59:31.405+0000] {processor.py:925} INFO - DAG(s) 'example_nested_branch_dag' retrieved from /home/hamza/Documents/project/Mlops/myenv/lib/python3.12/site-packages/airflow/example_dags/example_nested_branch_dag.py
[2025-04-03T13:59:31.436+0000] {logging_mixin.py:190} INFO - [2025-04-03T13:59:31.435+0000] {dag.py:3239} INFO - Sync 1 DAGs
[2025-04-03T13:59:31.469+0000] {logging_mixin.py:190} INFO - [2025-04-03T13:59:31.468+0000] {dag.py:4180} INFO - Setting next_dagrun for example_nested_branch_dag to 2025-04-02 00:00:00+00:00, run_after=2025-04-03 00:00:00+00:00
[2025-04-03T13:59:31.503+0000] {processor.py:208} INFO - Processing /home/hamza/Documents/project/Mlops/myenv/lib/python3.12/site-packages/airflow/example_dags/example_nested_branch_dag.py took 0.134 seconds
[2025-04-03T14:10:20.750+0000] {processor.py:186} INFO - Started process (PID=118128) to work on /home/hamza/Documents/project/Mlops/myenv/lib/python3.12/site-packages/airflow/example_dags/example_nested_branch_dag.py
[2025-04-03T14:10:20.753+0000] {processor.py:914} INFO - Processing file /home/hamza/Documents/project/Mlops/myenv/lib/python3.12/site-packages/airflow/example_dags/example_nested_branch_dag.py for tasks to queue
[2025-04-03T14:10:20.755+0000] {logging_mixin.py:190} INFO - [2025-04-03T14:10:20.755+0000] {dagbag.py:588} INFO - Filling up the DagBag from /home/hamza/Documents/project/Mlops/myenv/lib/python3.12/site-packages/airflow/example_dags/example_nested_branch_dag.py
[2025-04-03T14:10:20.771+0000] {processor.py:925} INFO - DAG(s) 'example_nested_branch_dag' retrieved from /home/hamza/Documents/project/Mlops/myenv/lib/python3.12/site-packages/airflow/example_dags/example_nested_branch_dag.py
[2025-04-03T14:10:20.802+0000] {logging_mixin.py:190} INFO - [2025-04-03T14:10:20.802+0000] {dag.py:3239} INFO - Sync 1 DAGs
[2025-04-03T14:10:20.832+0000] {logging_mixin.py:190} INFO - [2025-04-03T14:10:20.831+0000] {dag.py:4180} INFO - Setting next_dagrun for example_nested_branch_dag to 2025-04-02 00:00:00+00:00, run_after=2025-04-03 00:00:00+00:00
[2025-04-03T14:10:20.862+0000] {processor.py:208} INFO - Processing /home/hamza/Documents/project/Mlops/myenv/lib/python3.12/site-packages/airflow/example_dags/example_nested_branch_dag.py took 0.121 seconds
[2025-04-03T14:11:56.233+0000] {processor.py:186} INFO - Started process (PID=119024) to work on /home/hamza/Documents/project/Mlops/myenv/lib/python3.12/site-packages/airflow/example_dags/example_nested_branch_dag.py
[2025-04-03T14:11:56.235+0000] {processor.py:914} INFO - Processing file /home/hamza/Documents/project/Mlops/myenv/lib/python3.12/site-packages/airflow/example_dags/example_nested_branch_dag.py for tasks to queue
[2025-04-03T14:11:56.237+0000] {logging_mixin.py:190} INFO - [2025-04-03T14:11:56.237+0000] {dagbag.py:588} INFO - Filling up the DagBag from /home/hamza/Documents/project/Mlops/myenv/lib/python3.12/site-packages/airflow/example_dags/example_nested_branch_dag.py
[2025-04-03T14:11:56.254+0000] {processor.py:925} INFO - DAG(s) 'example_nested_branch_dag' retrieved from /home/hamza/Documents/project/Mlops/myenv/lib/python3.12/site-packages/airflow/example_dags/example_nested_branch_dag.py
[2025-04-03T14:11:56.281+0000] {logging_mixin.py:190} INFO - [2025-04-03T14:11:56.281+0000] {dag.py:3239} INFO - Sync 1 DAGs
[2025-04-03T14:11:56.310+0000] {logging_mixin.py:190} INFO - [2025-04-03T14:11:56.310+0000] {dag.py:4180} INFO - Setting next_dagrun for example_nested_branch_dag to 2025-04-02 00:00:00+00:00, run_after=2025-04-03 00:00:00+00:00
[2025-04-03T14:11:56.340+0000] {processor.py:208} INFO - Processing /home/hamza/Documents/project/Mlops/myenv/lib/python3.12/site-packages/airflow/example_dags/example_nested_branch_dag.py took 0.115 seconds
[2025-04-03T14:19:00.866+0000] {processor.py:186} INFO - Started process (PID=122541) to work on /home/hamza/Documents/project/Mlops/myenv/lib/python3.12/site-packages/airflow/example_dags/example_nested_branch_dag.py
[2025-04-03T14:19:00.868+0000] {processor.py:914} INFO - Processing file /home/hamza/Documents/project/Mlops/myenv/lib/python3.12/site-packages/airflow/example_dags/example_nested_branch_dag.py for tasks to queue
[2025-04-03T14:19:00.870+0000] {logging_mixin.py:190} INFO - [2025-04-03T14:19:00.870+0000] {dagbag.py:588} INFO - Filling up the DagBag from /home/hamza/Documents/project/Mlops/myenv/lib/python3.12/site-packages/airflow/example_dags/example_nested_branch_dag.py
[2025-04-03T14:19:00.887+0000] {processor.py:925} INFO - DAG(s) 'example_nested_branch_dag' retrieved from /home/hamza/Documents/project/Mlops/myenv/lib/python3.12/site-packages/airflow/example_dags/example_nested_branch_dag.py
[2025-04-03T14:19:00.921+0000] {logging_mixin.py:190} INFO - [2025-04-03T14:19:00.921+0000] {dag.py:3239} INFO - Sync 1 DAGs
[2025-04-03T14:19:00.955+0000] {logging_mixin.py:190} INFO - [2025-04-03T14:19:00.955+0000] {dag.py:4180} INFO - Setting next_dagrun for example_nested_branch_dag to 2025-04-02 00:00:00+00:00, run_after=2025-04-03 00:00:00+00:00
[2025-04-03T14:19:00.992+0000] {processor.py:208} INFO - Processing /home/hamza/Documents/project/Mlops/myenv/lib/python3.12/site-packages/airflow/example_dags/example_nested_branch_dag.py took 0.136 seconds
[2025-04-03T15:08:32.132+0000] {processor.py:186} INFO - Started process (PID=36243) to work on /home/hamza/Documents/project/Mlops/myenv/lib/python3.12/site-packages/airflow/example_dags/example_nested_branch_dag.py
[2025-04-03T15:08:32.134+0000] {processor.py:914} INFO - Processing file /home/hamza/Documents/project/Mlops/myenv/lib/python3.12/site-packages/airflow/example_dags/example_nested_branch_dag.py for tasks to queue
[2025-04-03T15:08:32.137+0000] {logging_mixin.py:190} INFO - [2025-04-03T15:08:32.136+0000] {dagbag.py:588} INFO - Filling up the DagBag from /home/hamza/Documents/project/Mlops/myenv/lib/python3.12/site-packages/airflow/example_dags/example_nested_branch_dag.py
[2025-04-03T15:08:32.157+0000] {processor.py:925} INFO - DAG(s) 'example_nested_branch_dag' retrieved from /home/hamza/Documents/project/Mlops/myenv/lib/python3.12/site-packages/airflow/example_dags/example_nested_branch_dag.py
[2025-04-03T15:08:32.188+0000] {logging_mixin.py:190} INFO - [2025-04-03T15:08:32.188+0000] {dag.py:3239} INFO - Sync 1 DAGs
[2025-04-03T15:08:32.224+0000] {logging_mixin.py:190} INFO - [2025-04-03T15:08:32.223+0000] {dag.py:4180} INFO - Setting next_dagrun for example_nested_branch_dag to 2025-04-02 00:00:00+00:00, run_after=2025-04-03 00:00:00+00:00
[2025-04-03T15:08:32.258+0000] {processor.py:208} INFO - Processing /home/hamza/Documents/project/Mlops/myenv/lib/python3.12/site-packages/airflow/example_dags/example_nested_branch_dag.py took 0.135 seconds
[2025-04-03T15:10:00.081+0000] {processor.py:186} INFO - Started process (PID=37131) to work on /home/hamza/Documents/project/Mlops/myenv/lib/python3.12/site-packages/airflow/example_dags/example_nested_branch_dag.py
[2025-04-03T15:10:00.083+0000] {processor.py:914} INFO - Processing file /home/hamza/Documents/project/Mlops/myenv/lib/python3.12/site-packages/airflow/example_dags/example_nested_branch_dag.py for tasks to queue
[2025-04-03T15:10:00.086+0000] {logging_mixin.py:190} INFO - [2025-04-03T15:10:00.086+0000] {dagbag.py:588} INFO - Filling up the DagBag from /home/hamza/Documents/project/Mlops/myenv/lib/python3.12/site-packages/airflow/example_dags/example_nested_branch_dag.py
[2025-04-03T15:10:00.109+0000] {processor.py:925} INFO - DAG(s) 'example_nested_branch_dag' retrieved from /home/hamza/Documents/project/Mlops/myenv/lib/python3.12/site-packages/airflow/example_dags/example_nested_branch_dag.py
[2025-04-03T15:10:00.141+0000] {logging_mixin.py:190} INFO - [2025-04-03T15:10:00.141+0000] {dag.py:3239} INFO - Sync 1 DAGs
[2025-04-03T15:10:00.183+0000] {logging_mixin.py:190} INFO - [2025-04-03T15:10:00.182+0000] {dag.py:4180} INFO - Setting next_dagrun for example_nested_branch_dag to 2025-04-02 00:00:00+00:00, run_after=2025-04-03 00:00:00+00:00
[2025-04-03T15:10:00.220+0000] {processor.py:208} INFO - Processing /home/hamza/Documents/project/Mlops/myenv/lib/python3.12/site-packages/airflow/example_dags/example_nested_branch_dag.py took 0.148 seconds
[2025-04-03T15:11:28.233+0000] {processor.py:186} INFO - Started process (PID=37924) to work on /home/hamza/Documents/project/Mlops/myenv/lib/python3.12/site-packages/airflow/example_dags/example_nested_branch_dag.py
[2025-04-03T15:11:28.235+0000] {processor.py:914} INFO - Processing file /home/hamza/Documents/project/Mlops/myenv/lib/python3.12/site-packages/airflow/example_dags/example_nested_branch_dag.py for tasks to queue
[2025-04-03T15:11:28.240+0000] {logging_mixin.py:190} INFO - [2025-04-03T15:11:28.239+0000] {dagbag.py:588} INFO - Filling up the DagBag from /home/hamza/Documents/project/Mlops/myenv/lib/python3.12/site-packages/airflow/example_dags/example_nested_branch_dag.py
[2025-04-03T15:11:28.265+0000] {processor.py:925} INFO - DAG(s) 'example_nested_branch_dag' retrieved from /home/hamza/Documents/project/Mlops/myenv/lib/python3.12/site-packages/airflow/example_dags/example_nested_branch_dag.py
[2025-04-03T15:11:28.293+0000] {logging_mixin.py:190} INFO - [2025-04-03T15:11:28.293+0000] {dag.py:3239} INFO - Sync 1 DAGs
[2025-04-03T15:11:28.327+0000] {logging_mixin.py:190} INFO - [2025-04-03T15:11:28.327+0000] {dag.py:4180} INFO - Setting next_dagrun for example_nested_branch_dag to 2025-04-02 00:00:00+00:00, run_after=2025-04-03 00:00:00+00:00
[2025-04-03T15:11:28.361+0000] {processor.py:208} INFO - Processing /home/hamza/Documents/project/Mlops/myenv/lib/python3.12/site-packages/airflow/example_dags/example_nested_branch_dag.py took 0.138 seconds
[2025-04-03T15:13:04.012+0000] {processor.py:186} INFO - Started process (PID=38795) to work on /home/hamza/Documents/project/Mlops/myenv/lib/python3.12/site-packages/airflow/example_dags/example_nested_branch_dag.py
[2025-04-03T15:13:04.015+0000] {processor.py:914} INFO - Processing file /home/hamza/Documents/project/Mlops/myenv/lib/python3.12/site-packages/airflow/example_dags/example_nested_branch_dag.py for tasks to queue
[2025-04-03T15:13:04.019+0000] {logging_mixin.py:190} INFO - [2025-04-03T15:13:04.018+0000] {dagbag.py:588} INFO - Filling up the DagBag from /home/hamza/Documents/project/Mlops/myenv/lib/python3.12/site-packages/airflow/example_dags/example_nested_branch_dag.py
[2025-04-03T15:13:04.040+0000] {processor.py:925} INFO - DAG(s) 'example_nested_branch_dag' retrieved from /home/hamza/Documents/project/Mlops/myenv/lib/python3.12/site-packages/airflow/example_dags/example_nested_branch_dag.py
[2025-04-03T15:13:04.069+0000] {logging_mixin.py:190} INFO - [2025-04-03T15:13:04.069+0000] {dag.py:3239} INFO - Sync 1 DAGs
[2025-04-03T15:13:04.109+0000] {logging_mixin.py:190} INFO - [2025-04-03T15:13:04.108+0000] {dag.py:4180} INFO - Setting next_dagrun for example_nested_branch_dag to 2025-04-02 00:00:00+00:00, run_after=2025-04-03 00:00:00+00:00
[2025-04-03T15:13:04.146+0000] {processor.py:208} INFO - Processing /home/hamza/Documents/project/Mlops/myenv/lib/python3.12/site-packages/airflow/example_dags/example_nested_branch_dag.py took 0.143 seconds
[2025-04-03T15:14:37.970+0000] {processor.py:186} INFO - Started process (PID=39681) to work on /home/hamza/Documents/project/Mlops/myenv/lib/python3.12/site-packages/airflow/example_dags/example_nested_branch_dag.py
[2025-04-03T15:14:37.972+0000] {processor.py:914} INFO - Processing file /home/hamza/Documents/project/Mlops/myenv/lib/python3.12/site-packages/airflow/example_dags/example_nested_branch_dag.py for tasks to queue
[2025-04-03T15:14:37.976+0000] {logging_mixin.py:190} INFO - [2025-04-03T15:14:37.976+0000] {dagbag.py:588} INFO - Filling up the DagBag from /home/hamza/Documents/project/Mlops/myenv/lib/python3.12/site-packages/airflow/example_dags/example_nested_branch_dag.py
[2025-04-03T15:14:37.997+0000] {processor.py:925} INFO - DAG(s) 'example_nested_branch_dag' retrieved from /home/hamza/Documents/project/Mlops/myenv/lib/python3.12/site-packages/airflow/example_dags/example_nested_branch_dag.py
[2025-04-03T15:14:38.027+0000] {logging_mixin.py:190} INFO - [2025-04-03T15:14:38.027+0000] {dag.py:3239} INFO - Sync 1 DAGs
[2025-04-03T15:14:38.062+0000] {logging_mixin.py:190} INFO - [2025-04-03T15:14:38.062+0000] {dag.py:4180} INFO - Setting next_dagrun for example_nested_branch_dag to 2025-04-02 00:00:00+00:00, run_after=2025-04-03 00:00:00+00:00
[2025-04-03T15:14:38.097+0000] {processor.py:208} INFO - Processing /home/hamza/Documents/project/Mlops/myenv/lib/python3.12/site-packages/airflow/example_dags/example_nested_branch_dag.py took 0.138 seconds
[2025-04-03T15:16:17.124+0000] {processor.py:186} INFO - Started process (PID=40673) to work on /home/hamza/Documents/project/Mlops/myenv/lib/python3.12/site-packages/airflow/example_dags/example_nested_branch_dag.py
[2025-04-03T15:16:17.125+0000] {processor.py:914} INFO - Processing file /home/hamza/Documents/project/Mlops/myenv/lib/python3.12/site-packages/airflow/example_dags/example_nested_branch_dag.py for tasks to queue
[2025-04-03T15:16:17.129+0000] {logging_mixin.py:190} INFO - [2025-04-03T15:16:17.128+0000] {dagbag.py:588} INFO - Filling up the DagBag from /home/hamza/Documents/project/Mlops/myenv/lib/python3.12/site-packages/airflow/example_dags/example_nested_branch_dag.py
[2025-04-03T15:16:17.147+0000] {processor.py:925} INFO - DAG(s) 'example_nested_branch_dag' retrieved from /home/hamza/Documents/project/Mlops/myenv/lib/python3.12/site-packages/airflow/example_dags/example_nested_branch_dag.py
[2025-04-03T15:16:17.173+0000] {logging_mixin.py:190} INFO - [2025-04-03T15:16:17.173+0000] {dag.py:3239} INFO - Sync 1 DAGs
[2025-04-03T15:16:17.204+0000] {logging_mixin.py:190} INFO - [2025-04-03T15:16:17.203+0000] {dag.py:4180} INFO - Setting next_dagrun for example_nested_branch_dag to 2025-04-02 00:00:00+00:00, run_after=2025-04-03 00:00:00+00:00
[2025-04-03T15:16:17.235+0000] {processor.py:208} INFO - Processing /home/hamza/Documents/project/Mlops/myenv/lib/python3.12/site-packages/airflow/example_dags/example_nested_branch_dag.py took 0.118 seconds
[2025-04-03T15:17:57.651+0000] {processor.py:186} INFO - Started process (PID=41735) to work on /home/hamza/Documents/project/Mlops/myenv/lib/python3.12/site-packages/airflow/example_dags/example_nested_branch_dag.py
[2025-04-03T15:17:57.654+0000] {processor.py:914} INFO - Processing file /home/hamza/Documents/project/Mlops/myenv/lib/python3.12/site-packages/airflow/example_dags/example_nested_branch_dag.py for tasks to queue
[2025-04-03T15:17:57.658+0000] {logging_mixin.py:190} INFO - [2025-04-03T15:17:57.657+0000] {dagbag.py:588} INFO - Filling up the DagBag from /home/hamza/Documents/project/Mlops/myenv/lib/python3.12/site-packages/airflow/example_dags/example_nested_branch_dag.py
[2025-04-03T15:17:57.678+0000] {processor.py:925} INFO - DAG(s) 'example_nested_branch_dag' retrieved from /home/hamza/Documents/project/Mlops/myenv/lib/python3.12/site-packages/airflow/example_dags/example_nested_branch_dag.py
[2025-04-03T15:17:57.705+0000] {logging_mixin.py:190} INFO - [2025-04-03T15:17:57.705+0000] {dag.py:3239} INFO - Sync 1 DAGs
[2025-04-03T15:17:57.743+0000] {logging_mixin.py:190} INFO - [2025-04-03T15:17:57.743+0000] {dag.py:4180} INFO - Setting next_dagrun for example_nested_branch_dag to 2025-04-02 00:00:00+00:00, run_after=2025-04-03 00:00:00+00:00
[2025-04-03T15:17:57.784+0000] {processor.py:208} INFO - Processing /home/hamza/Documents/project/Mlops/myenv/lib/python3.12/site-packages/airflow/example_dags/example_nested_branch_dag.py took 0.143 seconds
[2025-04-03T15:19:28.770+0000] {processor.py:186} INFO - Started process (PID=42757) to work on /home/hamza/Documents/project/Mlops/myenv/lib/python3.12/site-packages/airflow/example_dags/example_nested_branch_dag.py
[2025-04-03T15:19:28.773+0000] {processor.py:914} INFO - Processing file /home/hamza/Documents/project/Mlops/myenv/lib/python3.12/site-packages/airflow/example_dags/example_nested_branch_dag.py for tasks to queue
[2025-04-03T15:19:28.777+0000] {logging_mixin.py:190} INFO - [2025-04-03T15:19:28.776+0000] {dagbag.py:588} INFO - Filling up the DagBag from /home/hamza/Documents/project/Mlops/myenv/lib/python3.12/site-packages/airflow/example_dags/example_nested_branch_dag.py
[2025-04-03T15:19:28.795+0000] {processor.py:925} INFO - DAG(s) 'example_nested_branch_dag' retrieved from /home/hamza/Documents/project/Mlops/myenv/lib/python3.12/site-packages/airflow/example_dags/example_nested_branch_dag.py
[2025-04-03T15:19:28.821+0000] {logging_mixin.py:190} INFO - [2025-04-03T15:19:28.821+0000] {dag.py:3239} INFO - Sync 1 DAGs
[2025-04-03T15:19:28.856+0000] {logging_mixin.py:190} INFO - [2025-04-03T15:19:28.856+0000] {dag.py:4180} INFO - Setting next_dagrun for example_nested_branch_dag to 2025-04-02 00:00:00+00:00, run_after=2025-04-03 00:00:00+00:00
[2025-04-03T15:19:28.890+0000] {processor.py:208} INFO - Processing /home/hamza/Documents/project/Mlops/myenv/lib/python3.12/site-packages/airflow/example_dags/example_nested_branch_dag.py took 0.128 seconds
[2025-04-03T15:20:56.802+0000] {processor.py:186} INFO - Started process (PID=43627) to work on /home/hamza/Documents/project/Mlops/myenv/lib/python3.12/site-packages/airflow/example_dags/example_nested_branch_dag.py
[2025-04-03T15:20:56.805+0000] {processor.py:914} INFO - Processing file /home/hamza/Documents/project/Mlops/myenv/lib/python3.12/site-packages/airflow/example_dags/example_nested_branch_dag.py for tasks to queue
[2025-04-03T15:20:56.809+0000] {logging_mixin.py:190} INFO - [2025-04-03T15:20:56.808+0000] {dagbag.py:588} INFO - Filling up the DagBag from /home/hamza/Documents/project/Mlops/myenv/lib/python3.12/site-packages/airflow/example_dags/example_nested_branch_dag.py
[2025-04-03T15:20:56.831+0000] {processor.py:925} INFO - DAG(s) 'example_nested_branch_dag' retrieved from /home/hamza/Documents/project/Mlops/myenv/lib/python3.12/site-packages/airflow/example_dags/example_nested_branch_dag.py
[2025-04-03T15:20:56.860+0000] {logging_mixin.py:190} INFO - [2025-04-03T15:20:56.860+0000] {dag.py:3239} INFO - Sync 1 DAGs
[2025-04-03T15:20:56.895+0000] {logging_mixin.py:190} INFO - [2025-04-03T15:20:56.895+0000] {dag.py:4180} INFO - Setting next_dagrun for example_nested_branch_dag to 2025-04-02 00:00:00+00:00, run_after=2025-04-03 00:00:00+00:00
[2025-04-03T15:20:56.929+0000] {processor.py:208} INFO - Processing /home/hamza/Documents/project/Mlops/myenv/lib/python3.12/site-packages/airflow/example_dags/example_nested_branch_dag.py took 0.136 seconds
[2025-04-03T15:22:35.170+0000] {processor.py:186} INFO - Started process (PID=44541) to work on /home/hamza/Documents/project/Mlops/myenv/lib/python3.12/site-packages/airflow/example_dags/example_nested_branch_dag.py
[2025-04-03T15:22:35.171+0000] {processor.py:914} INFO - Processing file /home/hamza/Documents/project/Mlops/myenv/lib/python3.12/site-packages/airflow/example_dags/example_nested_branch_dag.py for tasks to queue
[2025-04-03T15:22:35.175+0000] {logging_mixin.py:190} INFO - [2025-04-03T15:22:35.174+0000] {dagbag.py:588} INFO - Filling up the DagBag from /home/hamza/Documents/project/Mlops/myenv/lib/python3.12/site-packages/airflow/example_dags/example_nested_branch_dag.py
[2025-04-03T15:22:35.195+0000] {processor.py:925} INFO - DAG(s) 'example_nested_branch_dag' retrieved from /home/hamza/Documents/project/Mlops/myenv/lib/python3.12/site-packages/airflow/example_dags/example_nested_branch_dag.py
[2025-04-03T15:22:35.224+0000] {logging_mixin.py:190} INFO - [2025-04-03T15:22:35.224+0000] {dag.py:3239} INFO - Sync 1 DAGs
[2025-04-03T15:22:35.258+0000] {logging_mixin.py:190} INFO - [2025-04-03T15:22:35.257+0000] {dag.py:4180} INFO - Setting next_dagrun for example_nested_branch_dag to 2025-04-02 00:00:00+00:00, run_after=2025-04-03 00:00:00+00:00
[2025-04-03T15:22:35.355+0000] {processor.py:208} INFO - Processing /home/hamza/Documents/project/Mlops/myenv/lib/python3.12/site-packages/airflow/example_dags/example_nested_branch_dag.py took 0.195 seconds
[2025-04-03T15:24:10.472+0000] {processor.py:186} INFO - Started process (PID=45482) to work on /home/hamza/Documents/project/Mlops/myenv/lib/python3.12/site-packages/airflow/example_dags/example_nested_branch_dag.py
[2025-04-03T15:24:10.474+0000] {processor.py:914} INFO - Processing file /home/hamza/Documents/project/Mlops/myenv/lib/python3.12/site-packages/airflow/example_dags/example_nested_branch_dag.py for tasks to queue
[2025-04-03T15:24:10.478+0000] {logging_mixin.py:190} INFO - [2025-04-03T15:24:10.478+0000] {dagbag.py:588} INFO - Filling up the DagBag from /home/hamza/Documents/project/Mlops/myenv/lib/python3.12/site-packages/airflow/example_dags/example_nested_branch_dag.py
[2025-04-03T15:24:10.499+0000] {processor.py:925} INFO - DAG(s) 'example_nested_branch_dag' retrieved from /home/hamza/Documents/project/Mlops/myenv/lib/python3.12/site-packages/airflow/example_dags/example_nested_branch_dag.py
[2025-04-03T15:24:10.527+0000] {logging_mixin.py:190} INFO - [2025-04-03T15:24:10.526+0000] {dag.py:3239} INFO - Sync 1 DAGs
[2025-04-03T15:24:10.562+0000] {logging_mixin.py:190} INFO - [2025-04-03T15:24:10.561+0000] {dag.py:4180} INFO - Setting next_dagrun for example_nested_branch_dag to 2025-04-02 00:00:00+00:00, run_after=2025-04-03 00:00:00+00:00
[2025-04-03T15:24:10.597+0000] {processor.py:208} INFO - Processing /home/hamza/Documents/project/Mlops/myenv/lib/python3.12/site-packages/airflow/example_dags/example_nested_branch_dag.py took 0.134 seconds
[2025-04-03T15:25:41.488+0000] {processor.py:186} INFO - Started process (PID=46387) to work on /home/hamza/Documents/project/Mlops/myenv/lib/python3.12/site-packages/airflow/example_dags/example_nested_branch_dag.py
[2025-04-03T15:25:41.491+0000] {processor.py:914} INFO - Processing file /home/hamza/Documents/project/Mlops/myenv/lib/python3.12/site-packages/airflow/example_dags/example_nested_branch_dag.py for tasks to queue
[2025-04-03T15:25:41.494+0000] {logging_mixin.py:190} INFO - [2025-04-03T15:25:41.494+0000] {dagbag.py:588} INFO - Filling up the DagBag from /home/hamza/Documents/project/Mlops/myenv/lib/python3.12/site-packages/airflow/example_dags/example_nested_branch_dag.py
[2025-04-03T15:25:41.515+0000] {processor.py:925} INFO - DAG(s) 'example_nested_branch_dag' retrieved from /home/hamza/Documents/project/Mlops/myenv/lib/python3.12/site-packages/airflow/example_dags/example_nested_branch_dag.py
[2025-04-03T15:25:41.543+0000] {logging_mixin.py:190} INFO - [2025-04-03T15:25:41.542+0000] {dag.py:3239} INFO - Sync 1 DAGs
[2025-04-03T15:25:41.576+0000] {logging_mixin.py:190} INFO - [2025-04-03T15:25:41.576+0000] {dag.py:4180} INFO - Setting next_dagrun for example_nested_branch_dag to 2025-04-02 00:00:00+00:00, run_after=2025-04-03 00:00:00+00:00
[2025-04-03T15:25:41.614+0000] {processor.py:208} INFO - Processing /home/hamza/Documents/project/Mlops/myenv/lib/python3.12/site-packages/airflow/example_dags/example_nested_branch_dag.py took 0.135 seconds
[2025-04-03T16:31:29.384+0000] {processor.py:186} INFO - Started process (PID=82823) to work on /home/hamza/Documents/project/Mlops/myenv/lib/python3.12/site-packages/airflow/example_dags/example_nested_branch_dag.py
[2025-04-03T16:31:29.386+0000] {processor.py:914} INFO - Processing file /home/hamza/Documents/project/Mlops/myenv/lib/python3.12/site-packages/airflow/example_dags/example_nested_branch_dag.py for tasks to queue
[2025-04-03T16:31:29.390+0000] {logging_mixin.py:190} INFO - [2025-04-03T16:31:29.389+0000] {dagbag.py:588} INFO - Filling up the DagBag from /home/hamza/Documents/project/Mlops/myenv/lib/python3.12/site-packages/airflow/example_dags/example_nested_branch_dag.py
[2025-04-03T16:31:29.412+0000] {processor.py:925} INFO - DAG(s) 'example_nested_branch_dag' retrieved from /home/hamza/Documents/project/Mlops/myenv/lib/python3.12/site-packages/airflow/example_dags/example_nested_branch_dag.py
[2025-04-03T16:31:29.445+0000] {logging_mixin.py:190} INFO - [2025-04-03T16:31:29.445+0000] {dag.py:3239} INFO - Sync 1 DAGs
[2025-04-03T16:31:29.489+0000] {logging_mixin.py:190} INFO - [2025-04-03T16:31:29.489+0000] {dag.py:4180} INFO - Setting next_dagrun for example_nested_branch_dag to 2025-04-02 00:00:00+00:00, run_after=2025-04-03 00:00:00+00:00
[2025-04-03T16:31:29.526+0000] {processor.py:208} INFO - Processing /home/hamza/Documents/project/Mlops/myenv/lib/python3.12/site-packages/airflow/example_dags/example_nested_branch_dag.py took 0.152 seconds
[2025-04-03T16:34:10.361+0000] {processor.py:186} INFO - Started process (PID=84335) to work on /home/hamza/Documents/project/Mlops/myenv/lib/python3.12/site-packages/airflow/example_dags/example_nested_branch_dag.py
[2025-04-03T16:34:10.363+0000] {processor.py:914} INFO - Processing file /home/hamza/Documents/project/Mlops/myenv/lib/python3.12/site-packages/airflow/example_dags/example_nested_branch_dag.py for tasks to queue
[2025-04-03T16:34:10.368+0000] {logging_mixin.py:190} INFO - [2025-04-03T16:34:10.367+0000] {dagbag.py:588} INFO - Filling up the DagBag from /home/hamza/Documents/project/Mlops/myenv/lib/python3.12/site-packages/airflow/example_dags/example_nested_branch_dag.py
[2025-04-03T16:34:10.398+0000] {processor.py:925} INFO - DAG(s) 'example_nested_branch_dag' retrieved from /home/hamza/Documents/project/Mlops/myenv/lib/python3.12/site-packages/airflow/example_dags/example_nested_branch_dag.py
[2025-04-03T16:34:10.437+0000] {logging_mixin.py:190} INFO - [2025-04-03T16:34:10.436+0000] {dag.py:3239} INFO - Sync 1 DAGs
[2025-04-03T16:34:10.479+0000] {logging_mixin.py:190} INFO - [2025-04-03T16:34:10.479+0000] {dag.py:4180} INFO - Setting next_dagrun for example_nested_branch_dag to 2025-04-02 00:00:00+00:00, run_after=2025-04-03 00:00:00+00:00
[2025-04-03T16:34:10.524+0000] {processor.py:208} INFO - Processing /home/hamza/Documents/project/Mlops/myenv/lib/python3.12/site-packages/airflow/example_dags/example_nested_branch_dag.py took 0.174 seconds
[2025-04-03T16:35:41.065+0000] {processor.py:186} INFO - Started process (PID=85102) to work on /home/hamza/Documents/project/Mlops/myenv/lib/python3.12/site-packages/airflow/example_dags/example_nested_branch_dag.py
[2025-04-03T16:35:41.067+0000] {processor.py:914} INFO - Processing file /home/hamza/Documents/project/Mlops/myenv/lib/python3.12/site-packages/airflow/example_dags/example_nested_branch_dag.py for tasks to queue
[2025-04-03T16:35:41.071+0000] {logging_mixin.py:190} INFO - [2025-04-03T16:35:41.070+0000] {dagbag.py:588} INFO - Filling up the DagBag from /home/hamza/Documents/project/Mlops/myenv/lib/python3.12/site-packages/airflow/example_dags/example_nested_branch_dag.py
[2025-04-03T16:35:41.092+0000] {processor.py:925} INFO - DAG(s) 'example_nested_branch_dag' retrieved from /home/hamza/Documents/project/Mlops/myenv/lib/python3.12/site-packages/airflow/example_dags/example_nested_branch_dag.py
[2025-04-03T16:35:41.122+0000] {logging_mixin.py:190} INFO - [2025-04-03T16:35:41.122+0000] {dag.py:3239} INFO - Sync 1 DAGs
[2025-04-03T16:35:41.160+0000] {logging_mixin.py:190} INFO - [2025-04-03T16:35:41.159+0000] {dag.py:4180} INFO - Setting next_dagrun for example_nested_branch_dag to 2025-04-02 00:00:00+00:00, run_after=2025-04-03 00:00:00+00:00
[2025-04-03T16:35:41.200+0000] {processor.py:208} INFO - Processing /home/hamza/Documents/project/Mlops/myenv/lib/python3.12/site-packages/airflow/example_dags/example_nested_branch_dag.py took 0.144 seconds
[2025-04-03T16:37:14.483+0000] {processor.py:186} INFO - Started process (PID=85875) to work on /home/hamza/Documents/project/Mlops/myenv/lib/python3.12/site-packages/airflow/example_dags/example_nested_branch_dag.py
[2025-04-03T16:37:14.484+0000] {processor.py:914} INFO - Processing file /home/hamza/Documents/project/Mlops/myenv/lib/python3.12/site-packages/airflow/example_dags/example_nested_branch_dag.py for tasks to queue
[2025-04-03T16:37:14.488+0000] {logging_mixin.py:190} INFO - [2025-04-03T16:37:14.487+0000] {dagbag.py:588} INFO - Filling up the DagBag from /home/hamza/Documents/project/Mlops/myenv/lib/python3.12/site-packages/airflow/example_dags/example_nested_branch_dag.py
[2025-04-03T16:37:14.510+0000] {processor.py:925} INFO - DAG(s) 'example_nested_branch_dag' retrieved from /home/hamza/Documents/project/Mlops/myenv/lib/python3.12/site-packages/airflow/example_dags/example_nested_branch_dag.py
[2025-04-03T16:37:14.539+0000] {logging_mixin.py:190} INFO - [2025-04-03T16:37:14.539+0000] {dag.py:3239} INFO - Sync 1 DAGs
[2025-04-03T16:37:14.578+0000] {logging_mixin.py:190} INFO - [2025-04-03T16:37:14.578+0000] {dag.py:4180} INFO - Setting next_dagrun for example_nested_branch_dag to 2025-04-02 00:00:00+00:00, run_after=2025-04-03 00:00:00+00:00
[2025-04-03T16:37:14.619+0000] {processor.py:208} INFO - Processing /home/hamza/Documents/project/Mlops/myenv/lib/python3.12/site-packages/airflow/example_dags/example_nested_branch_dag.py took 0.147 seconds
[2025-04-03T16:38:43.940+0000] {processor.py:186} INFO - Started process (PID=86715) to work on /home/hamza/Documents/project/Mlops/myenv/lib/python3.12/site-packages/airflow/example_dags/example_nested_branch_dag.py
[2025-04-03T16:38:43.943+0000] {processor.py:914} INFO - Processing file /home/hamza/Documents/project/Mlops/myenv/lib/python3.12/site-packages/airflow/example_dags/example_nested_branch_dag.py for tasks to queue
[2025-04-03T16:38:43.948+0000] {logging_mixin.py:190} INFO - [2025-04-03T16:38:43.947+0000] {dagbag.py:588} INFO - Filling up the DagBag from /home/hamza/Documents/project/Mlops/myenv/lib/python3.12/site-packages/airflow/example_dags/example_nested_branch_dag.py
[2025-04-03T16:38:43.971+0000] {processor.py:925} INFO - DAG(s) 'example_nested_branch_dag' retrieved from /home/hamza/Documents/project/Mlops/myenv/lib/python3.12/site-packages/airflow/example_dags/example_nested_branch_dag.py
[2025-04-03T16:38:44.002+0000] {logging_mixin.py:190} INFO - [2025-04-03T16:38:44.001+0000] {dag.py:3239} INFO - Sync 1 DAGs
[2025-04-03T16:38:44.041+0000] {logging_mixin.py:190} INFO - [2025-04-03T16:38:44.041+0000] {dag.py:4180} INFO - Setting next_dagrun for example_nested_branch_dag to 2025-04-02 00:00:00+00:00, run_after=2025-04-03 00:00:00+00:00
[2025-04-03T16:38:44.084+0000] {processor.py:208} INFO - Processing /home/hamza/Documents/project/Mlops/myenv/lib/python3.12/site-packages/airflow/example_dags/example_nested_branch_dag.py took 0.154 seconds
[2025-04-03T16:40:16.096+0000] {processor.py:186} INFO - Started process (PID=87937) to work on /home/hamza/Documents/project/Mlops/myenv/lib/python3.12/site-packages/airflow/example_dags/example_nested_branch_dag.py
[2025-04-03T16:40:16.098+0000] {processor.py:914} INFO - Processing file /home/hamza/Documents/project/Mlops/myenv/lib/python3.12/site-packages/airflow/example_dags/example_nested_branch_dag.py for tasks to queue
[2025-04-03T16:40:16.101+0000] {logging_mixin.py:190} INFO - [2025-04-03T16:40:16.101+0000] {dagbag.py:588} INFO - Filling up the DagBag from /home/hamza/Documents/project/Mlops/myenv/lib/python3.12/site-packages/airflow/example_dags/example_nested_branch_dag.py
[2025-04-03T16:40:16.124+0000] {processor.py:925} INFO - DAG(s) 'example_nested_branch_dag' retrieved from /home/hamza/Documents/project/Mlops/myenv/lib/python3.12/site-packages/airflow/example_dags/example_nested_branch_dag.py
[2025-04-03T16:40:16.154+0000] {logging_mixin.py:190} INFO - [2025-04-03T16:40:16.154+0000] {dag.py:3239} INFO - Sync 1 DAGs
[2025-04-03T16:40:16.194+0000] {logging_mixin.py:190} INFO - [2025-04-03T16:40:16.193+0000] {dag.py:4180} INFO - Setting next_dagrun for example_nested_branch_dag to 2025-04-02 00:00:00+00:00, run_after=2025-04-03 00:00:00+00:00
[2025-04-03T16:40:16.236+0000] {processor.py:208} INFO - Processing /home/hamza/Documents/project/Mlops/myenv/lib/python3.12/site-packages/airflow/example_dags/example_nested_branch_dag.py took 0.149 seconds
[2025-04-03T16:41:55.129+0000] {processor.py:186} INFO - Started process (PID=88858) to work on /home/hamza/Documents/project/Mlops/myenv/lib/python3.12/site-packages/airflow/example_dags/example_nested_branch_dag.py
[2025-04-03T16:41:55.131+0000] {processor.py:914} INFO - Processing file /home/hamza/Documents/project/Mlops/myenv/lib/python3.12/site-packages/airflow/example_dags/example_nested_branch_dag.py for tasks to queue
[2025-04-03T16:41:55.135+0000] {logging_mixin.py:190} INFO - [2025-04-03T16:41:55.134+0000] {dagbag.py:588} INFO - Filling up the DagBag from /home/hamza/Documents/project/Mlops/myenv/lib/python3.12/site-packages/airflow/example_dags/example_nested_branch_dag.py
[2025-04-03T16:41:55.155+0000] {processor.py:925} INFO - DAG(s) 'example_nested_branch_dag' retrieved from /home/hamza/Documents/project/Mlops/myenv/lib/python3.12/site-packages/airflow/example_dags/example_nested_branch_dag.py
[2025-04-03T16:41:55.182+0000] {logging_mixin.py:190} INFO - [2025-04-03T16:41:55.182+0000] {dag.py:3239} INFO - Sync 1 DAGs
[2025-04-03T16:41:55.216+0000] {logging_mixin.py:190} INFO - [2025-04-03T16:41:55.216+0000] {dag.py:4180} INFO - Setting next_dagrun for example_nested_branch_dag to 2025-04-02 00:00:00+00:00, run_after=2025-04-03 00:00:00+00:00
[2025-04-03T16:41:55.250+0000] {processor.py:208} INFO - Processing /home/hamza/Documents/project/Mlops/myenv/lib/python3.12/site-packages/airflow/example_dags/example_nested_branch_dag.py took 0.132 seconds
[2025-04-03T16:43:28.625+0000] {processor.py:186} INFO - Started process (PID=89581) to work on /home/hamza/Documents/project/Mlops/myenv/lib/python3.12/site-packages/airflow/example_dags/example_nested_branch_dag.py
[2025-04-03T16:43:28.627+0000] {processor.py:914} INFO - Processing file /home/hamza/Documents/project/Mlops/myenv/lib/python3.12/site-packages/airflow/example_dags/example_nested_branch_dag.py for tasks to queue
[2025-04-03T16:43:28.631+0000] {logging_mixin.py:190} INFO - [2025-04-03T16:43:28.630+0000] {dagbag.py:588} INFO - Filling up the DagBag from /home/hamza/Documents/project/Mlops/myenv/lib/python3.12/site-packages/airflow/example_dags/example_nested_branch_dag.py
[2025-04-03T16:43:28.652+0000] {processor.py:925} INFO - DAG(s) 'example_nested_branch_dag' retrieved from /home/hamza/Documents/project/Mlops/myenv/lib/python3.12/site-packages/airflow/example_dags/example_nested_branch_dag.py
[2025-04-03T16:43:28.685+0000] {logging_mixin.py:190} INFO - [2025-04-03T16:43:28.684+0000] {dag.py:3239} INFO - Sync 1 DAGs
[2025-04-03T16:43:28.720+0000] {logging_mixin.py:190} INFO - [2025-04-03T16:43:28.719+0000] {dag.py:4180} INFO - Setting next_dagrun for example_nested_branch_dag to 2025-04-02 00:00:00+00:00, run_after=2025-04-03 00:00:00+00:00
[2025-04-03T16:43:28.758+0000] {processor.py:208} INFO - Processing /home/hamza/Documents/project/Mlops/myenv/lib/python3.12/site-packages/airflow/example_dags/example_nested_branch_dag.py took 0.143 seconds
[2025-04-03T16:45:05.721+0000] {processor.py:186} INFO - Started process (PID=90363) to work on /home/hamza/Documents/project/Mlops/myenv/lib/python3.12/site-packages/airflow/example_dags/example_nested_branch_dag.py
[2025-04-03T16:45:05.723+0000] {processor.py:914} INFO - Processing file /home/hamza/Documents/project/Mlops/myenv/lib/python3.12/site-packages/airflow/example_dags/example_nested_branch_dag.py for tasks to queue
[2025-04-03T16:45:05.727+0000] {logging_mixin.py:190} INFO - [2025-04-03T16:45:05.727+0000] {dagbag.py:588} INFO - Filling up the DagBag from /home/hamza/Documents/project/Mlops/myenv/lib/python3.12/site-packages/airflow/example_dags/example_nested_branch_dag.py
[2025-04-03T16:45:05.749+0000] {processor.py:925} INFO - DAG(s) 'example_nested_branch_dag' retrieved from /home/hamza/Documents/project/Mlops/myenv/lib/python3.12/site-packages/airflow/example_dags/example_nested_branch_dag.py
[2025-04-03T16:45:05.781+0000] {logging_mixin.py:190} INFO - [2025-04-03T16:45:05.781+0000] {dag.py:3239} INFO - Sync 1 DAGs
[2025-04-03T16:45:05.818+0000] {logging_mixin.py:190} INFO - [2025-04-03T16:45:05.817+0000] {dag.py:4180} INFO - Setting next_dagrun for example_nested_branch_dag to 2025-04-02 00:00:00+00:00, run_after=2025-04-03 00:00:00+00:00
[2025-04-03T16:45:05.857+0000] {processor.py:208} INFO - Processing /home/hamza/Documents/project/Mlops/myenv/lib/python3.12/site-packages/airflow/example_dags/example_nested_branch_dag.py took 0.146 seconds
[2025-04-03T16:46:40.797+0000] {processor.py:186} INFO - Started process (PID=91192) to work on /home/hamza/Documents/project/Mlops/myenv/lib/python3.12/site-packages/airflow/example_dags/example_nested_branch_dag.py
[2025-04-03T16:46:40.799+0000] {processor.py:914} INFO - Processing file /home/hamza/Documents/project/Mlops/myenv/lib/python3.12/site-packages/airflow/example_dags/example_nested_branch_dag.py for tasks to queue
[2025-04-03T16:46:40.804+0000] {logging_mixin.py:190} INFO - [2025-04-03T16:46:40.803+0000] {dagbag.py:588} INFO - Filling up the DagBag from /home/hamza/Documents/project/Mlops/myenv/lib/python3.12/site-packages/airflow/example_dags/example_nested_branch_dag.py
[2025-04-03T16:46:40.830+0000] {processor.py:925} INFO - DAG(s) 'example_nested_branch_dag' retrieved from /home/hamza/Documents/project/Mlops/myenv/lib/python3.12/site-packages/airflow/example_dags/example_nested_branch_dag.py
[2025-04-03T16:46:40.864+0000] {logging_mixin.py:190} INFO - [2025-04-03T16:46:40.863+0000] {dag.py:3239} INFO - Sync 1 DAGs
[2025-04-03T16:46:40.905+0000] {logging_mixin.py:190} INFO - [2025-04-03T16:46:40.905+0000] {dag.py:4180} INFO - Setting next_dagrun for example_nested_branch_dag to 2025-04-02 00:00:00+00:00, run_after=2025-04-03 00:00:00+00:00
[2025-04-03T16:46:40.953+0000] {processor.py:208} INFO - Processing /home/hamza/Documents/project/Mlops/myenv/lib/python3.12/site-packages/airflow/example_dags/example_nested_branch_dag.py took 0.165 seconds
[2025-04-03T16:48:17.255+0000] {processor.py:186} INFO - Started process (PID=92042) to work on /home/hamza/Documents/project/Mlops/myenv/lib/python3.12/site-packages/airflow/example_dags/example_nested_branch_dag.py
[2025-04-03T16:48:17.256+0000] {processor.py:914} INFO - Processing file /home/hamza/Documents/project/Mlops/myenv/lib/python3.12/site-packages/airflow/example_dags/example_nested_branch_dag.py for tasks to queue
[2025-04-03T16:48:17.260+0000] {logging_mixin.py:190} INFO - [2025-04-03T16:48:17.259+0000] {dagbag.py:588} INFO - Filling up the DagBag from /home/hamza/Documents/project/Mlops/myenv/lib/python3.12/site-packages/airflow/example_dags/example_nested_branch_dag.py
[2025-04-03T16:48:17.283+0000] {processor.py:925} INFO - DAG(s) 'example_nested_branch_dag' retrieved from /home/hamza/Documents/project/Mlops/myenv/lib/python3.12/site-packages/airflow/example_dags/example_nested_branch_dag.py
[2025-04-03T16:48:17.312+0000] {logging_mixin.py:190} INFO - [2025-04-03T16:48:17.312+0000] {dag.py:3239} INFO - Sync 1 DAGs
[2025-04-03T16:48:17.350+0000] {logging_mixin.py:190} INFO - [2025-04-03T16:48:17.350+0000] {dag.py:4180} INFO - Setting next_dagrun for example_nested_branch_dag to 2025-04-02 00:00:00+00:00, run_after=2025-04-03 00:00:00+00:00
[2025-04-03T16:48:17.390+0000] {processor.py:208} INFO - Processing /home/hamza/Documents/project/Mlops/myenv/lib/python3.12/site-packages/airflow/example_dags/example_nested_branch_dag.py took 0.144 seconds
[2025-04-03T16:49:58.108+0000] {processor.py:186} INFO - Started process (PID=92907) to work on /home/hamza/Documents/project/Mlops/myenv/lib/python3.12/site-packages/airflow/example_dags/example_nested_branch_dag.py
[2025-04-03T16:49:58.109+0000] {processor.py:914} INFO - Processing file /home/hamza/Documents/project/Mlops/myenv/lib/python3.12/site-packages/airflow/example_dags/example_nested_branch_dag.py for tasks to queue
[2025-04-03T16:49:58.113+0000] {logging_mixin.py:190} INFO - [2025-04-03T16:49:58.113+0000] {dagbag.py:588} INFO - Filling up the DagBag from /home/hamza/Documents/project/Mlops/myenv/lib/python3.12/site-packages/airflow/example_dags/example_nested_branch_dag.py
[2025-04-03T16:49:58.136+0000] {processor.py:925} INFO - DAG(s) 'example_nested_branch_dag' retrieved from /home/hamza/Documents/project/Mlops/myenv/lib/python3.12/site-packages/airflow/example_dags/example_nested_branch_dag.py
[2025-04-03T16:49:58.168+0000] {logging_mixin.py:190} INFO - [2025-04-03T16:49:58.167+0000] {dag.py:3239} INFO - Sync 1 DAGs
[2025-04-03T16:49:58.207+0000] {logging_mixin.py:190} INFO - [2025-04-03T16:49:58.206+0000] {dag.py:4180} INFO - Setting next_dagrun for example_nested_branch_dag to 2025-04-02 00:00:00+00:00, run_after=2025-04-03 00:00:00+00:00
[2025-04-03T16:49:58.245+0000] {processor.py:208} INFO - Processing /home/hamza/Documents/project/Mlops/myenv/lib/python3.12/site-packages/airflow/example_dags/example_nested_branch_dag.py took 0.148 seconds
[2025-04-03T16:51:34.901+0000] {processor.py:186} INFO - Started process (PID=93705) to work on /home/hamza/Documents/project/Mlops/myenv/lib/python3.12/site-packages/airflow/example_dags/example_nested_branch_dag.py
[2025-04-03T16:51:34.902+0000] {processor.py:914} INFO - Processing file /home/hamza/Documents/project/Mlops/myenv/lib/python3.12/site-packages/airflow/example_dags/example_nested_branch_dag.py for tasks to queue
[2025-04-03T16:51:34.906+0000] {logging_mixin.py:190} INFO - [2025-04-03T16:51:34.906+0000] {dagbag.py:588} INFO - Filling up the DagBag from /home/hamza/Documents/project/Mlops/myenv/lib/python3.12/site-packages/airflow/example_dags/example_nested_branch_dag.py
[2025-04-03T16:51:34.928+0000] {processor.py:925} INFO - DAG(s) 'example_nested_branch_dag' retrieved from /home/hamza/Documents/project/Mlops/myenv/lib/python3.12/site-packages/airflow/example_dags/example_nested_branch_dag.py
[2025-04-03T16:51:34.959+0000] {logging_mixin.py:190} INFO - [2025-04-03T16:51:34.958+0000] {dag.py:3239} INFO - Sync 1 DAGs
[2025-04-03T16:51:34.998+0000] {logging_mixin.py:190} INFO - [2025-04-03T16:51:34.998+0000] {dag.py:4180} INFO - Setting next_dagrun for example_nested_branch_dag to 2025-04-02 00:00:00+00:00, run_after=2025-04-03 00:00:00+00:00
[2025-04-03T16:51:35.038+0000] {processor.py:208} INFO - Processing /home/hamza/Documents/project/Mlops/myenv/lib/python3.12/site-packages/airflow/example_dags/example_nested_branch_dag.py took 0.148 seconds
[2025-04-03T16:53:16.124+0000] {processor.py:186} INFO - Started process (PID=94542) to work on /home/hamza/Documents/project/Mlops/myenv/lib/python3.12/site-packages/airflow/example_dags/example_nested_branch_dag.py
[2025-04-03T16:53:16.125+0000] {processor.py:914} INFO - Processing file /home/hamza/Documents/project/Mlops/myenv/lib/python3.12/site-packages/airflow/example_dags/example_nested_branch_dag.py for tasks to queue
[2025-04-03T16:53:16.131+0000] {logging_mixin.py:190} INFO - [2025-04-03T16:53:16.130+0000] {dagbag.py:588} INFO - Filling up the DagBag from /home/hamza/Documents/project/Mlops/myenv/lib/python3.12/site-packages/airflow/example_dags/example_nested_branch_dag.py
[2025-04-03T16:53:16.160+0000] {processor.py:925} INFO - DAG(s) 'example_nested_branch_dag' retrieved from /home/hamza/Documents/project/Mlops/myenv/lib/python3.12/site-packages/airflow/example_dags/example_nested_branch_dag.py
[2025-04-03T16:53:16.193+0000] {logging_mixin.py:190} INFO - [2025-04-03T16:53:16.192+0000] {dag.py:3239} INFO - Sync 1 DAGs
[2025-04-03T16:53:16.230+0000] {logging_mixin.py:190} INFO - [2025-04-03T16:53:16.229+0000] {dag.py:4180} INFO - Setting next_dagrun for example_nested_branch_dag to 2025-04-02 00:00:00+00:00, run_after=2025-04-03 00:00:00+00:00
[2025-04-03T16:53:16.267+0000] {processor.py:208} INFO - Processing /home/hamza/Documents/project/Mlops/myenv/lib/python3.12/site-packages/airflow/example_dags/example_nested_branch_dag.py took 0.153 seconds
[2025-04-03T16:54:55.704+0000] {processor.py:186} INFO - Started process (PID=95628) to work on /home/hamza/Documents/project/Mlops/myenv/lib/python3.12/site-packages/airflow/example_dags/example_nested_branch_dag.py
[2025-04-03T16:54:55.705+0000] {processor.py:914} INFO - Processing file /home/hamza/Documents/project/Mlops/myenv/lib/python3.12/site-packages/airflow/example_dags/example_nested_branch_dag.py for tasks to queue
[2025-04-03T16:54:55.710+0000] {logging_mixin.py:190} INFO - [2025-04-03T16:54:55.709+0000] {dagbag.py:588} INFO - Filling up the DagBag from /home/hamza/Documents/project/Mlops/myenv/lib/python3.12/site-packages/airflow/example_dags/example_nested_branch_dag.py
[2025-04-03T16:54:55.732+0000] {processor.py:925} INFO - DAG(s) 'example_nested_branch_dag' retrieved from /home/hamza/Documents/project/Mlops/myenv/lib/python3.12/site-packages/airflow/example_dags/example_nested_branch_dag.py
[2025-04-03T16:54:55.776+0000] {logging_mixin.py:190} INFO - [2025-04-03T16:54:55.775+0000] {dag.py:3239} INFO - Sync 1 DAGs
[2025-04-03T16:54:55.817+0000] {logging_mixin.py:190} INFO - [2025-04-03T16:54:55.817+0000] {dag.py:4180} INFO - Setting next_dagrun for example_nested_branch_dag to 2025-04-02 00:00:00+00:00, run_after=2025-04-03 00:00:00+00:00
[2025-04-03T16:54:55.855+0000] {processor.py:208} INFO - Processing /home/hamza/Documents/project/Mlops/myenv/lib/python3.12/site-packages/airflow/example_dags/example_nested_branch_dag.py took 0.161 seconds
[2025-04-03T16:56:34.797+0000] {processor.py:186} INFO - Started process (PID=96404) to work on /home/hamza/Documents/project/Mlops/myenv/lib/python3.12/site-packages/airflow/example_dags/example_nested_branch_dag.py
[2025-04-03T16:56:34.798+0000] {processor.py:914} INFO - Processing file /home/hamza/Documents/project/Mlops/myenv/lib/python3.12/site-packages/airflow/example_dags/example_nested_branch_dag.py for tasks to queue
[2025-04-03T16:56:34.803+0000] {logging_mixin.py:190} INFO - [2025-04-03T16:56:34.802+0000] {dagbag.py:588} INFO - Filling up the DagBag from /home/hamza/Documents/project/Mlops/myenv/lib/python3.12/site-packages/airflow/example_dags/example_nested_branch_dag.py
[2025-04-03T16:56:34.830+0000] {processor.py:925} INFO - DAG(s) 'example_nested_branch_dag' retrieved from /home/hamza/Documents/project/Mlops/myenv/lib/python3.12/site-packages/airflow/example_dags/example_nested_branch_dag.py
[2025-04-03T16:56:34.863+0000] {logging_mixin.py:190} INFO - [2025-04-03T16:56:34.863+0000] {dag.py:3239} INFO - Sync 1 DAGs
[2025-04-03T16:56:34.902+0000] {logging_mixin.py:190} INFO - [2025-04-03T16:56:34.902+0000] {dag.py:4180} INFO - Setting next_dagrun for example_nested_branch_dag to 2025-04-02 00:00:00+00:00, run_after=2025-04-03 00:00:00+00:00
[2025-04-03T16:56:34.939+0000] {processor.py:208} INFO - Processing /home/hamza/Documents/project/Mlops/myenv/lib/python3.12/site-packages/airflow/example_dags/example_nested_branch_dag.py took 0.153 seconds
