[2025-04-03T13:43:55.781+0000] {processor.py:186} INFO - Started process (PID=98608) to work on /home/hamza/Documents/project/Mlops/myenv/lib/python3.12/site-packages/airflow/example_dags/example_inlet_event_extra.py
[2025-04-03T13:43:55.783+0000] {processor.py:914} INFO - Processing file /home/hamza/Documents/project/Mlops/myenv/lib/python3.12/site-packages/airflow/example_dags/example_inlet_event_extra.py for tasks to queue
[2025-04-03T13:43:55.786+0000] {logging_mixin.py:190} INFO - [2025-04-03T13:43:55.786+0000] {dagbag.py:588} INFO - Filling up the DagBag from /home/hamza/Documents/project/Mlops/myenv/lib/python3.12/site-packages/airflow/example_dags/example_inlet_event_extra.py
[2025-04-03T13:43:55.812+0000] {processor.py:925} INFO - DAG(s) 'read_dataset_event_from_classic', 'read_dataset_event' retrieved from /home/hamza/Documents/project/Mlops/myenv/lib/python3.12/site-packages/airflow/example_dags/example_inlet_event_extra.py
[2025-04-03T13:43:55.987+0000] {logging_mixin.py:190} INFO - [2025-04-03T13:43:55.986+0000] {override.py:1930} INFO - Created Permission View: can delete on DAG:read_dataset_event_from_classic
[2025-04-03T13:43:56.010+0000] {logging_mixin.py:190} INFO - [2025-04-03T13:43:56.010+0000] {override.py:1930} INFO - Created Permission View: can read on DAG:read_dataset_event_from_classic
[2025-04-03T13:43:56.025+0000] {logging_mixin.py:190} INFO - [2025-04-03T13:43:56.024+0000] {override.py:1930} INFO - Created Permission View: can edit on DAG:read_dataset_event_from_classic
[2025-04-03T13:43:56.047+0000] {logging_mixin.py:190} INFO - [2025-04-03T13:43:56.046+0000] {override.py:1930} INFO - Created Permission View: can delete on DAG Run:read_dataset_event_from_classic
[2025-04-03T13:43:56.060+0000] {logging_mixin.py:190} INFO - [2025-04-03T13:43:56.059+0000] {override.py:1930} INFO - Created Permission View: can read on DAG Run:read_dataset_event_from_classic
[2025-04-03T13:43:56.072+0000] {logging_mixin.py:190} INFO - [2025-04-03T13:43:56.072+0000] {override.py:1930} INFO - Created Permission View: menu access on DAG Run:read_dataset_event_from_classic
[2025-04-03T13:43:56.086+0000] {logging_mixin.py:190} INFO - [2025-04-03T13:43:56.085+0000] {override.py:1930} INFO - Created Permission View: can create on DAG Run:read_dataset_event_from_classic
[2025-04-03T13:43:56.112+0000] {logging_mixin.py:190} INFO - [2025-04-03T13:43:56.111+0000] {override.py:1930} INFO - Created Permission View: can delete on DAG:read_dataset_event
[2025-04-03T13:43:56.125+0000] {logging_mixin.py:190} INFO - [2025-04-03T13:43:56.124+0000] {override.py:1930} INFO - Created Permission View: can read on DAG:read_dataset_event
[2025-04-03T13:43:56.138+0000] {logging_mixin.py:190} INFO - [2025-04-03T13:43:56.138+0000] {override.py:1930} INFO - Created Permission View: can edit on DAG:read_dataset_event
[2025-04-03T13:43:56.159+0000] {logging_mixin.py:190} INFO - [2025-04-03T13:43:56.158+0000] {override.py:1930} INFO - Created Permission View: can delete on DAG Run:read_dataset_event
[2025-04-03T13:43:56.172+0000] {logging_mixin.py:190} INFO - [2025-04-03T13:43:56.172+0000] {override.py:1930} INFO - Created Permission View: can read on DAG Run:read_dataset_event
[2025-04-03T13:43:56.186+0000] {logging_mixin.py:190} INFO - [2025-04-03T13:43:56.185+0000] {override.py:1930} INFO - Created Permission View: menu access on DAG Run:read_dataset_event
[2025-04-03T13:43:56.200+0000] {logging_mixin.py:190} INFO - [2025-04-03T13:43:56.199+0000] {override.py:1930} INFO - Created Permission View: can create on DAG Run:read_dataset_event
[2025-04-03T13:43:56.201+0000] {logging_mixin.py:190} INFO - [2025-04-03T13:43:56.200+0000] {dag.py:3239} INFO - Sync 2 DAGs
[2025-04-03T13:43:56.230+0000] {logging_mixin.py:190} INFO - [2025-04-03T13:43:56.230+0000] {dag.py:3262} INFO - Creating ORM DAG for read_dataset_event_from_classic
[2025-04-03T13:43:56.232+0000] {logging_mixin.py:190} INFO - [2025-04-03T13:43:56.231+0000] {dag.py:3262} INFO - Creating ORM DAG for read_dataset_event
[2025-04-03T13:43:56.248+0000] {logging_mixin.py:190} INFO - [2025-04-03T13:43:56.247+0000] {dag.py:4180} INFO - Setting next_dagrun for read_dataset_event to 2025-04-02 00:00:00+00:00, run_after=2025-04-03 00:00:00+00:00
[2025-04-03T13:43:56.251+0000] {logging_mixin.py:190} INFO - [2025-04-03T13:43:56.251+0000] {dag.py:4180} INFO - Setting next_dagrun for read_dataset_event_from_classic to 2025-04-02 00:00:00+00:00, run_after=2025-04-03 00:00:00+00:00
[2025-04-03T13:43:56.282+0000] {processor.py:208} INFO - Processing /home/hamza/Documents/project/Mlops/myenv/lib/python3.12/site-packages/airflow/example_dags/example_inlet_event_extra.py took 0.514 seconds
[2025-04-03T13:45:17.505+0000] {processor.py:186} INFO - Started process (PID=99736) to work on /home/hamza/Documents/project/Mlops/myenv/lib/python3.12/site-packages/airflow/example_dags/example_inlet_event_extra.py
[2025-04-03T13:45:17.507+0000] {processor.py:914} INFO - Processing file /home/hamza/Documents/project/Mlops/myenv/lib/python3.12/site-packages/airflow/example_dags/example_inlet_event_extra.py for tasks to queue
[2025-04-03T13:45:17.511+0000] {logging_mixin.py:190} INFO - [2025-04-03T13:45:17.510+0000] {dagbag.py:588} INFO - Filling up the DagBag from /home/hamza/Documents/project/Mlops/myenv/lib/python3.12/site-packages/airflow/example_dags/example_inlet_event_extra.py
[2025-04-03T13:45:17.536+0000] {processor.py:925} INFO - DAG(s) 'read_dataset_event', 'read_dataset_event_from_classic' retrieved from /home/hamza/Documents/project/Mlops/myenv/lib/python3.12/site-packages/airflow/example_dags/example_inlet_event_extra.py
[2025-04-03T13:45:17.566+0000] {logging_mixin.py:190} INFO - [2025-04-03T13:45:17.566+0000] {dag.py:3239} INFO - Sync 2 DAGs
[2025-04-03T13:45:17.604+0000] {logging_mixin.py:190} INFO - [2025-04-03T13:45:17.604+0000] {dag.py:4180} INFO - Setting next_dagrun for read_dataset_event to 2025-04-02 00:00:00+00:00, run_after=2025-04-03 00:00:00+00:00
[2025-04-03T13:45:17.613+0000] {logging_mixin.py:190} INFO - [2025-04-03T13:45:17.612+0000] {dag.py:4180} INFO - Setting next_dagrun for read_dataset_event_from_classic to 2025-04-02 00:00:00+00:00, run_after=2025-04-03 00:00:00+00:00
[2025-04-03T13:45:17.647+0000] {processor.py:208} INFO - Processing /home/hamza/Documents/project/Mlops/myenv/lib/python3.12/site-packages/airflow/example_dags/example_inlet_event_extra.py took 0.151 seconds
[2025-04-03T13:46:24.435+0000] {processor.py:186} INFO - Started process (PID=100341) to work on /home/hamza/Documents/project/Mlops/myenv/lib/python3.12/site-packages/airflow/example_dags/example_inlet_event_extra.py
[2025-04-03T13:46:24.436+0000] {processor.py:914} INFO - Processing file /home/hamza/Documents/project/Mlops/myenv/lib/python3.12/site-packages/airflow/example_dags/example_inlet_event_extra.py for tasks to queue
[2025-04-03T13:46:24.439+0000] {logging_mixin.py:190} INFO - [2025-04-03T13:46:24.439+0000] {dagbag.py:588} INFO - Filling up the DagBag from /home/hamza/Documents/project/Mlops/myenv/lib/python3.12/site-packages/airflow/example_dags/example_inlet_event_extra.py
[2025-04-03T13:46:24.462+0000] {processor.py:925} INFO - DAG(s) 'read_dataset_event_from_classic', 'read_dataset_event' retrieved from /home/hamza/Documents/project/Mlops/myenv/lib/python3.12/site-packages/airflow/example_dags/example_inlet_event_extra.py
[2025-04-03T13:46:24.490+0000] {logging_mixin.py:190} INFO - [2025-04-03T13:46:24.490+0000] {dag.py:3239} INFO - Sync 2 DAGs
[2025-04-03T13:46:24.529+0000] {logging_mixin.py:190} INFO - [2025-04-03T13:46:24.528+0000] {dag.py:4180} INFO - Setting next_dagrun for read_dataset_event to 2025-04-02 00:00:00+00:00, run_after=2025-04-03 00:00:00+00:00
[2025-04-03T13:46:24.537+0000] {logging_mixin.py:190} INFO - [2025-04-03T13:46:24.536+0000] {dag.py:4180} INFO - Setting next_dagrun for read_dataset_event_from_classic to 2025-04-02 00:00:00+00:00, run_after=2025-04-03 00:00:00+00:00
[2025-04-03T13:46:24.571+0000] {processor.py:208} INFO - Processing /home/hamza/Documents/project/Mlops/myenv/lib/python3.12/site-packages/airflow/example_dags/example_inlet_event_extra.py took 0.145 seconds
[2025-04-03T13:47:31.055+0000] {processor.py:186} INFO - Started process (PID=101103) to work on /home/hamza/Documents/project/Mlops/myenv/lib/python3.12/site-packages/airflow/example_dags/example_inlet_event_extra.py
[2025-04-03T13:47:31.058+0000] {processor.py:914} INFO - Processing file /home/hamza/Documents/project/Mlops/myenv/lib/python3.12/site-packages/airflow/example_dags/example_inlet_event_extra.py for tasks to queue
[2025-04-03T13:47:31.062+0000] {logging_mixin.py:190} INFO - [2025-04-03T13:47:31.062+0000] {dagbag.py:588} INFO - Filling up the DagBag from /home/hamza/Documents/project/Mlops/myenv/lib/python3.12/site-packages/airflow/example_dags/example_inlet_event_extra.py
[2025-04-03T13:47:31.088+0000] {processor.py:925} INFO - DAG(s) 'read_dataset_event_from_classic', 'read_dataset_event' retrieved from /home/hamza/Documents/project/Mlops/myenv/lib/python3.12/site-packages/airflow/example_dags/example_inlet_event_extra.py
[2025-04-03T13:47:31.117+0000] {logging_mixin.py:190} INFO - [2025-04-03T13:47:31.117+0000] {dag.py:3239} INFO - Sync 2 DAGs
[2025-04-03T13:47:31.156+0000] {logging_mixin.py:190} INFO - [2025-04-03T13:47:31.155+0000] {dag.py:4180} INFO - Setting next_dagrun for read_dataset_event to 2025-04-02 00:00:00+00:00, run_after=2025-04-03 00:00:00+00:00
[2025-04-03T13:47:31.163+0000] {logging_mixin.py:190} INFO - [2025-04-03T13:47:31.163+0000] {dag.py:4180} INFO - Setting next_dagrun for read_dataset_event_from_classic to 2025-04-02 00:00:00+00:00, run_after=2025-04-03 00:00:00+00:00
[2025-04-03T13:47:31.196+0000] {processor.py:208} INFO - Processing /home/hamza/Documents/project/Mlops/myenv/lib/python3.12/site-packages/airflow/example_dags/example_inlet_event_extra.py took 0.152 seconds
[2025-04-03T13:50:04.959+0000] {processor.py:186} INFO - Started process (PID=103160) to work on /home/hamza/Documents/project/Mlops/myenv/lib/python3.12/site-packages/airflow/example_dags/example_inlet_event_extra.py
[2025-04-03T13:50:04.962+0000] {processor.py:914} INFO - Processing file /home/hamza/Documents/project/Mlops/myenv/lib/python3.12/site-packages/airflow/example_dags/example_inlet_event_extra.py for tasks to queue
[2025-04-03T13:50:04.967+0000] {logging_mixin.py:190} INFO - [2025-04-03T13:50:04.966+0000] {dagbag.py:588} INFO - Filling up the DagBag from /home/hamza/Documents/project/Mlops/myenv/lib/python3.12/site-packages/airflow/example_dags/example_inlet_event_extra.py
[2025-04-03T13:50:04.990+0000] {processor.py:925} INFO - DAG(s) 'read_dataset_event', 'read_dataset_event_from_classic' retrieved from /home/hamza/Documents/project/Mlops/myenv/lib/python3.12/site-packages/airflow/example_dags/example_inlet_event_extra.py
[2025-04-03T13:50:05.022+0000] {logging_mixin.py:190} INFO - [2025-04-03T13:50:05.021+0000] {dag.py:3239} INFO - Sync 2 DAGs
[2025-04-03T13:50:05.057+0000] {logging_mixin.py:190} INFO - [2025-04-03T13:50:05.056+0000] {dag.py:4180} INFO - Setting next_dagrun for read_dataset_event to 2025-04-02 00:00:00+00:00, run_after=2025-04-03 00:00:00+00:00
[2025-04-03T13:50:05.066+0000] {logging_mixin.py:190} INFO - [2025-04-03T13:50:05.066+0000] {dag.py:4180} INFO - Setting next_dagrun for read_dataset_event_from_classic to 2025-04-02 00:00:00+00:00, run_after=2025-04-03 00:00:00+00:00
[2025-04-03T13:50:05.096+0000] {processor.py:208} INFO - Processing /home/hamza/Documents/project/Mlops/myenv/lib/python3.12/site-packages/airflow/example_dags/example_inlet_event_extra.py took 0.147 seconds
[2025-04-03T13:51:40.993+0000] {processor.py:186} INFO - Started process (PID=104409) to work on /home/hamza/Documents/project/Mlops/myenv/lib/python3.12/site-packages/airflow/example_dags/example_inlet_event_extra.py
[2025-04-03T13:51:40.996+0000] {processor.py:914} INFO - Processing file /home/hamza/Documents/project/Mlops/myenv/lib/python3.12/site-packages/airflow/example_dags/example_inlet_event_extra.py for tasks to queue
[2025-04-03T13:51:40.999+0000] {logging_mixin.py:190} INFO - [2025-04-03T13:51:40.999+0000] {dagbag.py:588} INFO - Filling up the DagBag from /home/hamza/Documents/project/Mlops/myenv/lib/python3.12/site-packages/airflow/example_dags/example_inlet_event_extra.py
[2025-04-03T13:51:41.021+0000] {processor.py:925} INFO - DAG(s) 'read_dataset_event_from_classic', 'read_dataset_event' retrieved from /home/hamza/Documents/project/Mlops/myenv/lib/python3.12/site-packages/airflow/example_dags/example_inlet_event_extra.py
[2025-04-03T13:51:41.050+0000] {logging_mixin.py:190} INFO - [2025-04-03T13:51:41.049+0000] {dag.py:3239} INFO - Sync 2 DAGs
[2025-04-03T13:51:41.088+0000] {logging_mixin.py:190} INFO - [2025-04-03T13:51:41.088+0000] {dag.py:4180} INFO - Setting next_dagrun for read_dataset_event to 2025-04-02 00:00:00+00:00, run_after=2025-04-03 00:00:00+00:00
[2025-04-03T13:51:41.096+0000] {logging_mixin.py:190} INFO - [2025-04-03T13:51:41.095+0000] {dag.py:4180} INFO - Setting next_dagrun for read_dataset_event_from_classic to 2025-04-02 00:00:00+00:00, run_after=2025-04-03 00:00:00+00:00
[2025-04-03T13:51:41.127+0000] {processor.py:208} INFO - Processing /home/hamza/Documents/project/Mlops/myenv/lib/python3.12/site-packages/airflow/example_dags/example_inlet_event_extra.py took 0.143 seconds
[2025-04-03T13:53:25.427+0000] {processor.py:186} INFO - Started process (PID=105439) to work on /home/hamza/Documents/project/Mlops/myenv/lib/python3.12/site-packages/airflow/example_dags/example_inlet_event_extra.py
[2025-04-03T13:53:25.428+0000] {processor.py:914} INFO - Processing file /home/hamza/Documents/project/Mlops/myenv/lib/python3.12/site-packages/airflow/example_dags/example_inlet_event_extra.py for tasks to queue
[2025-04-03T13:53:25.432+0000] {logging_mixin.py:190} INFO - [2025-04-03T13:53:25.431+0000] {dagbag.py:588} INFO - Filling up the DagBag from /home/hamza/Documents/project/Mlops/myenv/lib/python3.12/site-packages/airflow/example_dags/example_inlet_event_extra.py
[2025-04-03T13:53:25.459+0000] {processor.py:925} INFO - DAG(s) 'read_dataset_event', 'read_dataset_event_from_classic' retrieved from /home/hamza/Documents/project/Mlops/myenv/lib/python3.12/site-packages/airflow/example_dags/example_inlet_event_extra.py
[2025-04-03T13:53:25.492+0000] {logging_mixin.py:190} INFO - [2025-04-03T13:53:25.492+0000] {dag.py:3239} INFO - Sync 2 DAGs
[2025-04-03T13:53:25.546+0000] {logging_mixin.py:190} INFO - [2025-04-03T13:53:25.545+0000] {dag.py:4180} INFO - Setting next_dagrun for read_dataset_event to 2025-04-02 00:00:00+00:00, run_after=2025-04-03 00:00:00+00:00
[2025-04-03T13:53:25.557+0000] {logging_mixin.py:190} INFO - [2025-04-03T13:53:25.557+0000] {dag.py:4180} INFO - Setting next_dagrun for read_dataset_event_from_classic to 2025-04-02 00:00:00+00:00, run_after=2025-04-03 00:00:00+00:00
[2025-04-03T13:53:25.596+0000] {processor.py:208} INFO - Processing /home/hamza/Documents/project/Mlops/myenv/lib/python3.12/site-packages/airflow/example_dags/example_inlet_event_extra.py took 0.181 seconds
[2025-04-03T13:59:39.017+0000] {processor.py:186} INFO - Started process (PID=110183) to work on /home/hamza/Documents/project/Mlops/myenv/lib/python3.12/site-packages/airflow/example_dags/example_inlet_event_extra.py
[2025-04-03T13:59:39.018+0000] {processor.py:914} INFO - Processing file /home/hamza/Documents/project/Mlops/myenv/lib/python3.12/site-packages/airflow/example_dags/example_inlet_event_extra.py for tasks to queue
[2025-04-03T13:59:39.023+0000] {logging_mixin.py:190} INFO - [2025-04-03T13:59:39.022+0000] {dagbag.py:588} INFO - Filling up the DagBag from /home/hamza/Documents/project/Mlops/myenv/lib/python3.12/site-packages/airflow/example_dags/example_inlet_event_extra.py
[2025-04-03T13:59:39.050+0000] {processor.py:925} INFO - DAG(s) 'read_dataset_event_from_classic', 'read_dataset_event' retrieved from /home/hamza/Documents/project/Mlops/myenv/lib/python3.12/site-packages/airflow/example_dags/example_inlet_event_extra.py
[2025-04-03T13:59:39.093+0000] {logging_mixin.py:190} INFO - [2025-04-03T13:59:39.093+0000] {dag.py:3239} INFO - Sync 2 DAGs
[2025-04-03T13:59:39.148+0000] {logging_mixin.py:190} INFO - [2025-04-03T13:59:39.147+0000] {dag.py:4180} INFO - Setting next_dagrun for read_dataset_event to 2025-04-02 00:00:00+00:00, run_after=2025-04-03 00:00:00+00:00
[2025-04-03T13:59:39.160+0000] {logging_mixin.py:190} INFO - [2025-04-03T13:59:39.159+0000] {dag.py:4180} INFO - Setting next_dagrun for read_dataset_event_from_classic to 2025-04-02 00:00:00+00:00, run_after=2025-04-03 00:00:00+00:00
[2025-04-03T13:59:39.204+0000] {processor.py:208} INFO - Processing /home/hamza/Documents/project/Mlops/myenv/lib/python3.12/site-packages/airflow/example_dags/example_inlet_event_extra.py took 0.199 seconds
[2025-04-03T14:10:27.147+0000] {processor.py:186} INFO - Started process (PID=118233) to work on /home/hamza/Documents/project/Mlops/myenv/lib/python3.12/site-packages/airflow/example_dags/example_inlet_event_extra.py
[2025-04-03T14:10:27.149+0000] {processor.py:914} INFO - Processing file /home/hamza/Documents/project/Mlops/myenv/lib/python3.12/site-packages/airflow/example_dags/example_inlet_event_extra.py for tasks to queue
[2025-04-03T14:10:27.152+0000] {logging_mixin.py:190} INFO - [2025-04-03T14:10:27.151+0000] {dagbag.py:588} INFO - Filling up the DagBag from /home/hamza/Documents/project/Mlops/myenv/lib/python3.12/site-packages/airflow/example_dags/example_inlet_event_extra.py
[2025-04-03T14:10:27.173+0000] {processor.py:925} INFO - DAG(s) 'read_dataset_event', 'read_dataset_event_from_classic' retrieved from /home/hamza/Documents/project/Mlops/myenv/lib/python3.12/site-packages/airflow/example_dags/example_inlet_event_extra.py
[2025-04-03T14:10:27.216+0000] {logging_mixin.py:190} INFO - [2025-04-03T14:10:27.216+0000] {dag.py:3239} INFO - Sync 2 DAGs
[2025-04-03T14:10:27.254+0000] {logging_mixin.py:190} INFO - [2025-04-03T14:10:27.253+0000] {dag.py:4180} INFO - Setting next_dagrun for read_dataset_event to 2025-04-02 00:00:00+00:00, run_after=2025-04-03 00:00:00+00:00
[2025-04-03T14:10:27.262+0000] {logging_mixin.py:190} INFO - [2025-04-03T14:10:27.261+0000] {dag.py:4180} INFO - Setting next_dagrun for read_dataset_event_from_classic to 2025-04-02 00:00:00+00:00, run_after=2025-04-03 00:00:00+00:00
[2025-04-03T14:10:27.295+0000] {processor.py:208} INFO - Processing /home/hamza/Documents/project/Mlops/myenv/lib/python3.12/site-packages/airflow/example_dags/example_inlet_event_extra.py took 0.160 seconds
[2025-04-03T14:12:03.837+0000] {processor.py:186} INFO - Started process (PID=119102) to work on /home/hamza/Documents/project/Mlops/myenv/lib/python3.12/site-packages/airflow/example_dags/example_inlet_event_extra.py
[2025-04-03T14:12:03.839+0000] {processor.py:914} INFO - Processing file /home/hamza/Documents/project/Mlops/myenv/lib/python3.12/site-packages/airflow/example_dags/example_inlet_event_extra.py for tasks to queue
[2025-04-03T14:12:03.841+0000] {logging_mixin.py:190} INFO - [2025-04-03T14:12:03.840+0000] {dagbag.py:588} INFO - Filling up the DagBag from /home/hamza/Documents/project/Mlops/myenv/lib/python3.12/site-packages/airflow/example_dags/example_inlet_event_extra.py
[2025-04-03T14:12:03.859+0000] {processor.py:925} INFO - DAG(s) 'read_dataset_event', 'read_dataset_event_from_classic' retrieved from /home/hamza/Documents/project/Mlops/myenv/lib/python3.12/site-packages/airflow/example_dags/example_inlet_event_extra.py
[2025-04-03T14:12:03.890+0000] {logging_mixin.py:190} INFO - [2025-04-03T14:12:03.890+0000] {dag.py:3239} INFO - Sync 2 DAGs
[2025-04-03T14:12:03.924+0000] {logging_mixin.py:190} INFO - [2025-04-03T14:12:03.923+0000] {dag.py:4180} INFO - Setting next_dagrun for read_dataset_event to 2025-04-02 00:00:00+00:00, run_after=2025-04-03 00:00:00+00:00
[2025-04-03T14:12:03.931+0000] {logging_mixin.py:190} INFO - [2025-04-03T14:12:03.931+0000] {dag.py:4180} INFO - Setting next_dagrun for read_dataset_event_from_classic to 2025-04-02 00:00:00+00:00, run_after=2025-04-03 00:00:00+00:00
[2025-04-03T14:12:03.965+0000] {processor.py:208} INFO - Processing /home/hamza/Documents/project/Mlops/myenv/lib/python3.12/site-packages/airflow/example_dags/example_inlet_event_extra.py took 0.137 seconds
[2025-04-03T14:19:07.587+0000] {processor.py:186} INFO - Started process (PID=122611) to work on /home/hamza/Documents/project/Mlops/myenv/lib/python3.12/site-packages/airflow/example_dags/example_inlet_event_extra.py
[2025-04-03T14:19:07.593+0000] {processor.py:914} INFO - Processing file /home/hamza/Documents/project/Mlops/myenv/lib/python3.12/site-packages/airflow/example_dags/example_inlet_event_extra.py for tasks to queue
[2025-04-03T14:19:07.596+0000] {logging_mixin.py:190} INFO - [2025-04-03T14:19:07.595+0000] {dagbag.py:588} INFO - Filling up the DagBag from /home/hamza/Documents/project/Mlops/myenv/lib/python3.12/site-packages/airflow/example_dags/example_inlet_event_extra.py
[2025-04-03T14:19:07.612+0000] {processor.py:925} INFO - DAG(s) 'read_dataset_event_from_classic', 'read_dataset_event' retrieved from /home/hamza/Documents/project/Mlops/myenv/lib/python3.12/site-packages/airflow/example_dags/example_inlet_event_extra.py
[2025-04-03T14:19:07.656+0000] {logging_mixin.py:190} INFO - [2025-04-03T14:19:07.655+0000] {dag.py:3239} INFO - Sync 2 DAGs
[2025-04-03T14:19:07.692+0000] {logging_mixin.py:190} INFO - [2025-04-03T14:19:07.692+0000] {dag.py:4180} INFO - Setting next_dagrun for read_dataset_event to 2025-04-02 00:00:00+00:00, run_after=2025-04-03 00:00:00+00:00
[2025-04-03T14:19:07.701+0000] {logging_mixin.py:190} INFO - [2025-04-03T14:19:07.701+0000] {dag.py:4180} INFO - Setting next_dagrun for read_dataset_event_from_classic to 2025-04-02 00:00:00+00:00, run_after=2025-04-03 00:00:00+00:00
[2025-04-03T14:19:07.738+0000] {processor.py:208} INFO - Processing /home/hamza/Documents/project/Mlops/myenv/lib/python3.12/site-packages/airflow/example_dags/example_inlet_event_extra.py took 0.160 seconds
[2025-04-03T15:08:38.128+0000] {processor.py:186} INFO - Started process (PID=36291) to work on /home/hamza/Documents/project/Mlops/myenv/lib/python3.12/site-packages/airflow/example_dags/example_inlet_event_extra.py
[2025-04-03T15:08:38.130+0000] {processor.py:914} INFO - Processing file /home/hamza/Documents/project/Mlops/myenv/lib/python3.12/site-packages/airflow/example_dags/example_inlet_event_extra.py for tasks to queue
[2025-04-03T15:08:38.135+0000] {logging_mixin.py:190} INFO - [2025-04-03T15:08:38.134+0000] {dagbag.py:588} INFO - Filling up the DagBag from /home/hamza/Documents/project/Mlops/myenv/lib/python3.12/site-packages/airflow/example_dags/example_inlet_event_extra.py
[2025-04-03T15:08:38.163+0000] {processor.py:925} INFO - DAG(s) 'read_dataset_event', 'read_dataset_event_from_classic' retrieved from /home/hamza/Documents/project/Mlops/myenv/lib/python3.12/site-packages/airflow/example_dags/example_inlet_event_extra.py
[2025-04-03T15:08:38.193+0000] {logging_mixin.py:190} INFO - [2025-04-03T15:08:38.192+0000] {dag.py:3239} INFO - Sync 2 DAGs
[2025-04-03T15:08:38.231+0000] {logging_mixin.py:190} INFO - [2025-04-03T15:08:38.231+0000] {dag.py:4180} INFO - Setting next_dagrun for read_dataset_event to 2025-04-02 00:00:00+00:00, run_after=2025-04-03 00:00:00+00:00
[2025-04-03T15:08:38.238+0000] {logging_mixin.py:190} INFO - [2025-04-03T15:08:38.238+0000] {dag.py:4180} INFO - Setting next_dagrun for read_dataset_event_from_classic to 2025-04-02 00:00:00+00:00, run_after=2025-04-03 00:00:00+00:00
[2025-04-03T15:08:38.265+0000] {processor.py:208} INFO - Processing /home/hamza/Documents/project/Mlops/myenv/lib/python3.12/site-packages/airflow/example_dags/example_inlet_event_extra.py took 0.145 seconds
[2025-04-03T15:10:07.708+0000] {processor.py:186} INFO - Started process (PID=37207) to work on /home/hamza/Documents/project/Mlops/myenv/lib/python3.12/site-packages/airflow/example_dags/example_inlet_event_extra.py
[2025-04-03T15:10:07.713+0000] {processor.py:914} INFO - Processing file /home/hamza/Documents/project/Mlops/myenv/lib/python3.12/site-packages/airflow/example_dags/example_inlet_event_extra.py for tasks to queue
[2025-04-03T15:10:07.717+0000] {logging_mixin.py:190} INFO - [2025-04-03T15:10:07.716+0000] {dagbag.py:588} INFO - Filling up the DagBag from /home/hamza/Documents/project/Mlops/myenv/lib/python3.12/site-packages/airflow/example_dags/example_inlet_event_extra.py
[2025-04-03T15:10:07.739+0000] {processor.py:925} INFO - DAG(s) 'read_dataset_event', 'read_dataset_event_from_classic' retrieved from /home/hamza/Documents/project/Mlops/myenv/lib/python3.12/site-packages/airflow/example_dags/example_inlet_event_extra.py
[2025-04-03T15:10:07.775+0000] {logging_mixin.py:190} INFO - [2025-04-03T15:10:07.774+0000] {dag.py:3239} INFO - Sync 2 DAGs
[2025-04-03T15:10:07.813+0000] {logging_mixin.py:190} INFO - [2025-04-03T15:10:07.813+0000] {dag.py:4180} INFO - Setting next_dagrun for read_dataset_event to 2025-04-02 00:00:00+00:00, run_after=2025-04-03 00:00:00+00:00
[2025-04-03T15:10:07.821+0000] {logging_mixin.py:190} INFO - [2025-04-03T15:10:07.821+0000] {dag.py:4180} INFO - Setting next_dagrun for read_dataset_event_from_classic to 2025-04-02 00:00:00+00:00, run_after=2025-04-03 00:00:00+00:00
[2025-04-03T15:10:07.855+0000] {processor.py:208} INFO - Processing /home/hamza/Documents/project/Mlops/myenv/lib/python3.12/site-packages/airflow/example_dags/example_inlet_event_extra.py took 0.156 seconds
[2025-04-03T15:11:35.779+0000] {processor.py:186} INFO - Started process (PID=37997) to work on /home/hamza/Documents/project/Mlops/myenv/lib/python3.12/site-packages/airflow/example_dags/example_inlet_event_extra.py
[2025-04-03T15:11:35.782+0000] {processor.py:914} INFO - Processing file /home/hamza/Documents/project/Mlops/myenv/lib/python3.12/site-packages/airflow/example_dags/example_inlet_event_extra.py for tasks to queue
[2025-04-03T15:11:35.786+0000] {logging_mixin.py:190} INFO - [2025-04-03T15:11:35.786+0000] {dagbag.py:588} INFO - Filling up the DagBag from /home/hamza/Documents/project/Mlops/myenv/lib/python3.12/site-packages/airflow/example_dags/example_inlet_event_extra.py
[2025-04-03T15:11:35.811+0000] {processor.py:925} INFO - DAG(s) 'read_dataset_event_from_classic', 'read_dataset_event' retrieved from /home/hamza/Documents/project/Mlops/myenv/lib/python3.12/site-packages/airflow/example_dags/example_inlet_event_extra.py
[2025-04-03T15:11:35.839+0000] {logging_mixin.py:190} INFO - [2025-04-03T15:11:35.839+0000] {dag.py:3239} INFO - Sync 2 DAGs
[2025-04-03T15:11:35.876+0000] {logging_mixin.py:190} INFO - [2025-04-03T15:11:35.875+0000] {dag.py:4180} INFO - Setting next_dagrun for read_dataset_event to 2025-04-02 00:00:00+00:00, run_after=2025-04-03 00:00:00+00:00
[2025-04-03T15:11:35.883+0000] {logging_mixin.py:190} INFO - [2025-04-03T15:11:35.883+0000] {dag.py:4180} INFO - Setting next_dagrun for read_dataset_event_from_classic to 2025-04-02 00:00:00+00:00, run_after=2025-04-03 00:00:00+00:00
[2025-04-03T15:11:35.912+0000] {processor.py:208} INFO - Processing /home/hamza/Documents/project/Mlops/myenv/lib/python3.12/site-packages/airflow/example_dags/example_inlet_event_extra.py took 0.143 seconds
[2025-04-03T15:13:11.557+0000] {processor.py:186} INFO - Started process (PID=38867) to work on /home/hamza/Documents/project/Mlops/myenv/lib/python3.12/site-packages/airflow/example_dags/example_inlet_event_extra.py
[2025-04-03T15:13:11.559+0000] {processor.py:914} INFO - Processing file /home/hamza/Documents/project/Mlops/myenv/lib/python3.12/site-packages/airflow/example_dags/example_inlet_event_extra.py for tasks to queue
[2025-04-03T15:13:11.563+0000] {logging_mixin.py:190} INFO - [2025-04-03T15:13:11.563+0000] {dagbag.py:588} INFO - Filling up the DagBag from /home/hamza/Documents/project/Mlops/myenv/lib/python3.12/site-packages/airflow/example_dags/example_inlet_event_extra.py
[2025-04-03T15:13:11.586+0000] {processor.py:925} INFO - DAG(s) 'read_dataset_event', 'read_dataset_event_from_classic' retrieved from /home/hamza/Documents/project/Mlops/myenv/lib/python3.12/site-packages/airflow/example_dags/example_inlet_event_extra.py
[2025-04-03T15:13:11.618+0000] {logging_mixin.py:190} INFO - [2025-04-03T15:13:11.618+0000] {dag.py:3239} INFO - Sync 2 DAGs
[2025-04-03T15:13:11.657+0000] {logging_mixin.py:190} INFO - [2025-04-03T15:13:11.656+0000] {dag.py:4180} INFO - Setting next_dagrun for read_dataset_event to 2025-04-02 00:00:00+00:00, run_after=2025-04-03 00:00:00+00:00
[2025-04-03T15:13:11.665+0000] {logging_mixin.py:190} INFO - [2025-04-03T15:13:11.665+0000] {dag.py:4180} INFO - Setting next_dagrun for read_dataset_event_from_classic to 2025-04-02 00:00:00+00:00, run_after=2025-04-03 00:00:00+00:00
[2025-04-03T15:13:11.695+0000] {processor.py:208} INFO - Processing /home/hamza/Documents/project/Mlops/myenv/lib/python3.12/site-packages/airflow/example_dags/example_inlet_event_extra.py took 0.147 seconds
[2025-04-03T15:14:45.566+0000] {processor.py:186} INFO - Started process (PID=39760) to work on /home/hamza/Documents/project/Mlops/myenv/lib/python3.12/site-packages/airflow/example_dags/example_inlet_event_extra.py
[2025-04-03T15:14:45.568+0000] {processor.py:914} INFO - Processing file /home/hamza/Documents/project/Mlops/myenv/lib/python3.12/site-packages/airflow/example_dags/example_inlet_event_extra.py for tasks to queue
[2025-04-03T15:14:45.572+0000] {logging_mixin.py:190} INFO - [2025-04-03T15:14:45.571+0000] {dagbag.py:588} INFO - Filling up the DagBag from /home/hamza/Documents/project/Mlops/myenv/lib/python3.12/site-packages/airflow/example_dags/example_inlet_event_extra.py
[2025-04-03T15:14:45.594+0000] {processor.py:925} INFO - DAG(s) 'read_dataset_event', 'read_dataset_event_from_classic' retrieved from /home/hamza/Documents/project/Mlops/myenv/lib/python3.12/site-packages/airflow/example_dags/example_inlet_event_extra.py
[2025-04-03T15:14:45.622+0000] {logging_mixin.py:190} INFO - [2025-04-03T15:14:45.622+0000] {dag.py:3239} INFO - Sync 2 DAGs
[2025-04-03T15:14:45.656+0000] {logging_mixin.py:190} INFO - [2025-04-03T15:14:45.655+0000] {dag.py:4180} INFO - Setting next_dagrun for read_dataset_event to 2025-04-02 00:00:00+00:00, run_after=2025-04-03 00:00:00+00:00
[2025-04-03T15:14:45.663+0000] {logging_mixin.py:190} INFO - [2025-04-03T15:14:45.662+0000] {dag.py:4180} INFO - Setting next_dagrun for read_dataset_event_from_classic to 2025-04-02 00:00:00+00:00, run_after=2025-04-03 00:00:00+00:00
[2025-04-03T15:14:45.695+0000] {processor.py:208} INFO - Processing /home/hamza/Documents/project/Mlops/myenv/lib/python3.12/site-packages/airflow/example_dags/example_inlet_event_extra.py took 0.138 seconds
[2025-04-03T15:16:24.699+0000] {processor.py:186} INFO - Started process (PID=40757) to work on /home/hamza/Documents/project/Mlops/myenv/lib/python3.12/site-packages/airflow/example_dags/example_inlet_event_extra.py
[2025-04-03T15:16:24.700+0000] {processor.py:914} INFO - Processing file /home/hamza/Documents/project/Mlops/myenv/lib/python3.12/site-packages/airflow/example_dags/example_inlet_event_extra.py for tasks to queue
[2025-04-03T15:16:24.705+0000] {logging_mixin.py:190} INFO - [2025-04-03T15:16:24.704+0000] {dagbag.py:588} INFO - Filling up the DagBag from /home/hamza/Documents/project/Mlops/myenv/lib/python3.12/site-packages/airflow/example_dags/example_inlet_event_extra.py
[2025-04-03T15:16:24.728+0000] {processor.py:925} INFO - DAG(s) 'read_dataset_event', 'read_dataset_event_from_classic' retrieved from /home/hamza/Documents/project/Mlops/myenv/lib/python3.12/site-packages/airflow/example_dags/example_inlet_event_extra.py
[2025-04-03T15:16:24.757+0000] {logging_mixin.py:190} INFO - [2025-04-03T15:16:24.756+0000] {dag.py:3239} INFO - Sync 2 DAGs
[2025-04-03T15:16:24.792+0000] {logging_mixin.py:190} INFO - [2025-04-03T15:16:24.792+0000] {dag.py:4180} INFO - Setting next_dagrun for read_dataset_event to 2025-04-02 00:00:00+00:00, run_after=2025-04-03 00:00:00+00:00
[2025-04-03T15:16:24.800+0000] {logging_mixin.py:190} INFO - [2025-04-03T15:16:24.799+0000] {dag.py:4180} INFO - Setting next_dagrun for read_dataset_event_from_classic to 2025-04-02 00:00:00+00:00, run_after=2025-04-03 00:00:00+00:00
[2025-04-03T15:16:24.828+0000] {processor.py:208} INFO - Processing /home/hamza/Documents/project/Mlops/myenv/lib/python3.12/site-packages/airflow/example_dags/example_inlet_event_extra.py took 0.139 seconds
[2025-04-03T15:18:04.618+0000] {processor.py:186} INFO - Started process (PID=41822) to work on /home/hamza/Documents/project/Mlops/myenv/lib/python3.12/site-packages/airflow/example_dags/example_inlet_event_extra.py
[2025-04-03T15:18:04.621+0000] {processor.py:914} INFO - Processing file /home/hamza/Documents/project/Mlops/myenv/lib/python3.12/site-packages/airflow/example_dags/example_inlet_event_extra.py for tasks to queue
[2025-04-03T15:18:04.624+0000] {logging_mixin.py:190} INFO - [2025-04-03T15:18:04.624+0000] {dagbag.py:588} INFO - Filling up the DagBag from /home/hamza/Documents/project/Mlops/myenv/lib/python3.12/site-packages/airflow/example_dags/example_inlet_event_extra.py
[2025-04-03T15:18:04.646+0000] {processor.py:925} INFO - DAG(s) 'read_dataset_event', 'read_dataset_event_from_classic' retrieved from /home/hamza/Documents/project/Mlops/myenv/lib/python3.12/site-packages/airflow/example_dags/example_inlet_event_extra.py
[2025-04-03T15:18:04.678+0000] {logging_mixin.py:190} INFO - [2025-04-03T15:18:04.677+0000] {dag.py:3239} INFO - Sync 2 DAGs
[2025-04-03T15:18:04.711+0000] {logging_mixin.py:190} INFO - [2025-04-03T15:18:04.711+0000] {dag.py:4180} INFO - Setting next_dagrun for read_dataset_event to 2025-04-02 00:00:00+00:00, run_after=2025-04-03 00:00:00+00:00
[2025-04-03T15:18:04.718+0000] {logging_mixin.py:190} INFO - [2025-04-03T15:18:04.718+0000] {dag.py:4180} INFO - Setting next_dagrun for read_dataset_event_from_classic to 2025-04-02 00:00:00+00:00, run_after=2025-04-03 00:00:00+00:00
[2025-04-03T15:18:04.748+0000] {processor.py:208} INFO - Processing /home/hamza/Documents/project/Mlops/myenv/lib/python3.12/site-packages/airflow/example_dags/example_inlet_event_extra.py took 0.139 seconds
[2025-04-03T15:19:35.608+0000] {processor.py:186} INFO - Started process (PID=42819) to work on /home/hamza/Documents/project/Mlops/myenv/lib/python3.12/site-packages/airflow/example_dags/example_inlet_event_extra.py
[2025-04-03T15:19:35.611+0000] {processor.py:914} INFO - Processing file /home/hamza/Documents/project/Mlops/myenv/lib/python3.12/site-packages/airflow/example_dags/example_inlet_event_extra.py for tasks to queue
[2025-04-03T15:19:35.614+0000] {logging_mixin.py:190} INFO - [2025-04-03T15:19:35.614+0000] {dagbag.py:588} INFO - Filling up the DagBag from /home/hamza/Documents/project/Mlops/myenv/lib/python3.12/site-packages/airflow/example_dags/example_inlet_event_extra.py
[2025-04-03T15:19:35.637+0000] {processor.py:925} INFO - DAG(s) 'read_dataset_event_from_classic', 'read_dataset_event' retrieved from /home/hamza/Documents/project/Mlops/myenv/lib/python3.12/site-packages/airflow/example_dags/example_inlet_event_extra.py
[2025-04-03T15:19:35.665+0000] {logging_mixin.py:190} INFO - [2025-04-03T15:19:35.664+0000] {dag.py:3239} INFO - Sync 2 DAGs
[2025-04-03T15:19:35.700+0000] {logging_mixin.py:190} INFO - [2025-04-03T15:19:35.700+0000] {dag.py:4180} INFO - Setting next_dagrun for read_dataset_event to 2025-04-02 00:00:00+00:00, run_after=2025-04-03 00:00:00+00:00
[2025-04-03T15:19:35.708+0000] {logging_mixin.py:190} INFO - [2025-04-03T15:19:35.708+0000] {dag.py:4180} INFO - Setting next_dagrun for read_dataset_event_from_classic to 2025-04-02 00:00:00+00:00, run_after=2025-04-03 00:00:00+00:00
[2025-04-03T15:19:35.738+0000] {processor.py:208} INFO - Processing /home/hamza/Documents/project/Mlops/myenv/lib/python3.12/site-packages/airflow/example_dags/example_inlet_event_extra.py took 0.139 seconds
[2025-04-03T15:21:04.431+0000] {processor.py:186} INFO - Started process (PID=43697) to work on /home/hamza/Documents/project/Mlops/myenv/lib/python3.12/site-packages/airflow/example_dags/example_inlet_event_extra.py
[2025-04-03T15:21:04.433+0000] {processor.py:914} INFO - Processing file /home/hamza/Documents/project/Mlops/myenv/lib/python3.12/site-packages/airflow/example_dags/example_inlet_event_extra.py for tasks to queue
[2025-04-03T15:21:04.436+0000] {logging_mixin.py:190} INFO - [2025-04-03T15:21:04.436+0000] {dagbag.py:588} INFO - Filling up the DagBag from /home/hamza/Documents/project/Mlops/myenv/lib/python3.12/site-packages/airflow/example_dags/example_inlet_event_extra.py
[2025-04-03T15:21:04.459+0000] {processor.py:925} INFO - DAG(s) 'read_dataset_event', 'read_dataset_event_from_classic' retrieved from /home/hamza/Documents/project/Mlops/myenv/lib/python3.12/site-packages/airflow/example_dags/example_inlet_event_extra.py
[2025-04-03T15:21:04.488+0000] {logging_mixin.py:190} INFO - [2025-04-03T15:21:04.487+0000] {dag.py:3239} INFO - Sync 2 DAGs
[2025-04-03T15:21:04.523+0000] {logging_mixin.py:190} INFO - [2025-04-03T15:21:04.522+0000] {dag.py:4180} INFO - Setting next_dagrun for read_dataset_event to 2025-04-02 00:00:00+00:00, run_after=2025-04-03 00:00:00+00:00
[2025-04-03T15:21:04.530+0000] {logging_mixin.py:190} INFO - [2025-04-03T15:21:04.530+0000] {dag.py:4180} INFO - Setting next_dagrun for read_dataset_event_from_classic to 2025-04-02 00:00:00+00:00, run_after=2025-04-03 00:00:00+00:00
[2025-04-03T15:21:04.560+0000] {processor.py:208} INFO - Processing /home/hamza/Documents/project/Mlops/myenv/lib/python3.12/site-packages/airflow/example_dags/example_inlet_event_extra.py took 0.138 seconds
[2025-04-03T15:22:42.904+0000] {processor.py:186} INFO - Started process (PID=44625) to work on /home/hamza/Documents/project/Mlops/myenv/lib/python3.12/site-packages/airflow/example_dags/example_inlet_event_extra.py
[2025-04-03T15:22:42.906+0000] {processor.py:914} INFO - Processing file /home/hamza/Documents/project/Mlops/myenv/lib/python3.12/site-packages/airflow/example_dags/example_inlet_event_extra.py for tasks to queue
[2025-04-03T15:22:42.910+0000] {logging_mixin.py:190} INFO - [2025-04-03T15:22:42.910+0000] {dagbag.py:588} INFO - Filling up the DagBag from /home/hamza/Documents/project/Mlops/myenv/lib/python3.12/site-packages/airflow/example_dags/example_inlet_event_extra.py
[2025-04-03T15:22:42.932+0000] {processor.py:925} INFO - DAG(s) 'read_dataset_event', 'read_dataset_event_from_classic' retrieved from /home/hamza/Documents/project/Mlops/myenv/lib/python3.12/site-packages/airflow/example_dags/example_inlet_event_extra.py
[2025-04-03T15:22:42.959+0000] {logging_mixin.py:190} INFO - [2025-04-03T15:22:42.958+0000] {dag.py:3239} INFO - Sync 2 DAGs
[2025-04-03T15:22:42.992+0000] {logging_mixin.py:190} INFO - [2025-04-03T15:22:42.992+0000] {dag.py:4180} INFO - Setting next_dagrun for read_dataset_event to 2025-04-02 00:00:00+00:00, run_after=2025-04-03 00:00:00+00:00
[2025-04-03T15:22:43.000+0000] {logging_mixin.py:190} INFO - [2025-04-03T15:22:42.999+0000] {dag.py:4180} INFO - Setting next_dagrun for read_dataset_event_from_classic to 2025-04-02 00:00:00+00:00, run_after=2025-04-03 00:00:00+00:00
[2025-04-03T15:22:43.033+0000] {processor.py:208} INFO - Processing /home/hamza/Documents/project/Mlops/myenv/lib/python3.12/site-packages/airflow/example_dags/example_inlet_event_extra.py took 0.139 seconds
[2025-04-03T15:24:18.030+0000] {processor.py:186} INFO - Started process (PID=45554) to work on /home/hamza/Documents/project/Mlops/myenv/lib/python3.12/site-packages/airflow/example_dags/example_inlet_event_extra.py
[2025-04-03T15:24:18.033+0000] {processor.py:914} INFO - Processing file /home/hamza/Documents/project/Mlops/myenv/lib/python3.12/site-packages/airflow/example_dags/example_inlet_event_extra.py for tasks to queue
[2025-04-03T15:24:18.038+0000] {logging_mixin.py:190} INFO - [2025-04-03T15:24:18.037+0000] {dagbag.py:588} INFO - Filling up the DagBag from /home/hamza/Documents/project/Mlops/myenv/lib/python3.12/site-packages/airflow/example_dags/example_inlet_event_extra.py
[2025-04-03T15:24:18.061+0000] {processor.py:925} INFO - DAG(s) 'read_dataset_event', 'read_dataset_event_from_classic' retrieved from /home/hamza/Documents/project/Mlops/myenv/lib/python3.12/site-packages/airflow/example_dags/example_inlet_event_extra.py
[2025-04-03T15:24:18.093+0000] {logging_mixin.py:190} INFO - [2025-04-03T15:24:18.093+0000] {dag.py:3239} INFO - Sync 2 DAGs
[2025-04-03T15:24:18.136+0000] {logging_mixin.py:190} INFO - [2025-04-03T15:24:18.136+0000] {dag.py:4180} INFO - Setting next_dagrun for read_dataset_event to 2025-04-02 00:00:00+00:00, run_after=2025-04-03 00:00:00+00:00
[2025-04-03T15:24:18.143+0000] {logging_mixin.py:190} INFO - [2025-04-03T15:24:18.143+0000] {dag.py:4180} INFO - Setting next_dagrun for read_dataset_event_from_classic to 2025-04-02 00:00:00+00:00, run_after=2025-04-03 00:00:00+00:00
[2025-04-03T15:24:18.176+0000] {processor.py:208} INFO - Processing /home/hamza/Documents/project/Mlops/myenv/lib/python3.12/site-packages/airflow/example_dags/example_inlet_event_extra.py took 0.156 seconds
[2025-04-03T15:25:48.303+0000] {processor.py:186} INFO - Started process (PID=46451) to work on /home/hamza/Documents/project/Mlops/myenv/lib/python3.12/site-packages/airflow/example_dags/example_inlet_event_extra.py
[2025-04-03T15:25:48.305+0000] {processor.py:914} INFO - Processing file /home/hamza/Documents/project/Mlops/myenv/lib/python3.12/site-packages/airflow/example_dags/example_inlet_event_extra.py for tasks to queue
[2025-04-03T15:25:48.309+0000] {logging_mixin.py:190} INFO - [2025-04-03T15:25:48.308+0000] {dagbag.py:588} INFO - Filling up the DagBag from /home/hamza/Documents/project/Mlops/myenv/lib/python3.12/site-packages/airflow/example_dags/example_inlet_event_extra.py
[2025-04-03T15:25:48.331+0000] {processor.py:925} INFO - DAG(s) 'read_dataset_event_from_classic', 'read_dataset_event' retrieved from /home/hamza/Documents/project/Mlops/myenv/lib/python3.12/site-packages/airflow/example_dags/example_inlet_event_extra.py
[2025-04-03T15:25:48.359+0000] {logging_mixin.py:190} INFO - [2025-04-03T15:25:48.359+0000] {dag.py:3239} INFO - Sync 2 DAGs
[2025-04-03T15:25:48.395+0000] {logging_mixin.py:190} INFO - [2025-04-03T15:25:48.395+0000] {dag.py:4180} INFO - Setting next_dagrun for read_dataset_event to 2025-04-02 00:00:00+00:00, run_after=2025-04-03 00:00:00+00:00
[2025-04-03T15:25:48.403+0000] {logging_mixin.py:190} INFO - [2025-04-03T15:25:48.403+0000] {dag.py:4180} INFO - Setting next_dagrun for read_dataset_event_from_classic to 2025-04-02 00:00:00+00:00, run_after=2025-04-03 00:00:00+00:00
[2025-04-03T15:25:48.435+0000] {processor.py:208} INFO - Processing /home/hamza/Documents/project/Mlops/myenv/lib/python3.12/site-packages/airflow/example_dags/example_inlet_event_extra.py took 0.142 seconds
[2025-04-03T16:31:35.102+0000] {processor.py:186} INFO - Started process (PID=82881) to work on /home/hamza/Documents/project/Mlops/myenv/lib/python3.12/site-packages/airflow/example_dags/example_inlet_event_extra.py
[2025-04-03T16:31:35.103+0000] {processor.py:914} INFO - Processing file /home/hamza/Documents/project/Mlops/myenv/lib/python3.12/site-packages/airflow/example_dags/example_inlet_event_extra.py for tasks to queue
[2025-04-03T16:31:35.108+0000] {logging_mixin.py:190} INFO - [2025-04-03T16:31:35.107+0000] {dagbag.py:588} INFO - Filling up the DagBag from /home/hamza/Documents/project/Mlops/myenv/lib/python3.12/site-packages/airflow/example_dags/example_inlet_event_extra.py
[2025-04-03T16:31:35.130+0000] {processor.py:925} INFO - DAG(s) 'read_dataset_event_from_classic', 'read_dataset_event' retrieved from /home/hamza/Documents/project/Mlops/myenv/lib/python3.12/site-packages/airflow/example_dags/example_inlet_event_extra.py
[2025-04-03T16:31:35.159+0000] {logging_mixin.py:190} INFO - [2025-04-03T16:31:35.158+0000] {dag.py:3239} INFO - Sync 2 DAGs
[2025-04-03T16:31:35.199+0000] {logging_mixin.py:190} INFO - [2025-04-03T16:31:35.198+0000] {dag.py:4180} INFO - Setting next_dagrun for read_dataset_event to 2025-04-02 00:00:00+00:00, run_after=2025-04-03 00:00:00+00:00
[2025-04-03T16:31:35.206+0000] {logging_mixin.py:190} INFO - [2025-04-03T16:31:35.206+0000] {dag.py:4180} INFO - Setting next_dagrun for read_dataset_event_from_classic to 2025-04-02 00:00:00+00:00, run_after=2025-04-03 00:00:00+00:00
[2025-04-03T16:31:35.237+0000] {processor.py:208} INFO - Processing /home/hamza/Documents/project/Mlops/myenv/lib/python3.12/site-packages/airflow/example_dags/example_inlet_event_extra.py took 0.146 seconds
[2025-04-03T16:34:17.151+0000] {processor.py:186} INFO - Started process (PID=84388) to work on /home/hamza/Documents/project/Mlops/myenv/lib/python3.12/site-packages/airflow/example_dags/example_inlet_event_extra.py
[2025-04-03T16:34:17.156+0000] {processor.py:914} INFO - Processing file /home/hamza/Documents/project/Mlops/myenv/lib/python3.12/site-packages/airflow/example_dags/example_inlet_event_extra.py for tasks to queue
[2025-04-03T16:34:17.174+0000] {logging_mixin.py:190} INFO - [2025-04-03T16:34:17.165+0000] {dagbag.py:588} INFO - Filling up the DagBag from /home/hamza/Documents/project/Mlops/myenv/lib/python3.12/site-packages/airflow/example_dags/example_inlet_event_extra.py
[2025-04-03T16:34:17.284+0000] {processor.py:925} INFO - DAG(s) 'read_dataset_event', 'read_dataset_event_from_classic' retrieved from /home/hamza/Documents/project/Mlops/myenv/lib/python3.12/site-packages/airflow/example_dags/example_inlet_event_extra.py
[2025-04-03T16:34:17.537+0000] {logging_mixin.py:190} INFO - [2025-04-03T16:34:17.514+0000] {dag.py:3239} INFO - Sync 2 DAGs
[2025-04-03T16:34:17.712+0000] {logging_mixin.py:190} INFO - [2025-04-03T16:34:17.694+0000] {dag.py:4180} INFO - Setting next_dagrun for read_dataset_event to 2025-04-02 00:00:00+00:00, run_after=2025-04-03 00:00:00+00:00
[2025-04-03T16:34:17.733+0000] {logging_mixin.py:190} INFO - [2025-04-03T16:34:17.732+0000] {dag.py:4180} INFO - Setting next_dagrun for read_dataset_event_from_classic to 2025-04-02 00:00:00+00:00, run_after=2025-04-03 00:00:00+00:00
[2025-04-03T16:34:18.245+0000] {processor.py:208} INFO - Processing /home/hamza/Documents/project/Mlops/myenv/lib/python3.12/site-packages/airflow/example_dags/example_inlet_event_extra.py took 1.112 seconds
[2025-04-03T16:35:46.959+0000] {processor.py:186} INFO - Started process (PID=85154) to work on /home/hamza/Documents/project/Mlops/myenv/lib/python3.12/site-packages/airflow/example_dags/example_inlet_event_extra.py
[2025-04-03T16:35:46.961+0000] {processor.py:914} INFO - Processing file /home/hamza/Documents/project/Mlops/myenv/lib/python3.12/site-packages/airflow/example_dags/example_inlet_event_extra.py for tasks to queue
[2025-04-03T16:35:46.966+0000] {logging_mixin.py:190} INFO - [2025-04-03T16:35:46.965+0000] {dagbag.py:588} INFO - Filling up the DagBag from /home/hamza/Documents/project/Mlops/myenv/lib/python3.12/site-packages/airflow/example_dags/example_inlet_event_extra.py
[2025-04-03T16:35:46.994+0000] {processor.py:925} INFO - DAG(s) 'read_dataset_event', 'read_dataset_event_from_classic' retrieved from /home/hamza/Documents/project/Mlops/myenv/lib/python3.12/site-packages/airflow/example_dags/example_inlet_event_extra.py
[2025-04-03T16:35:47.028+0000] {logging_mixin.py:190} INFO - [2025-04-03T16:35:47.028+0000] {dag.py:3239} INFO - Sync 2 DAGs
[2025-04-03T16:35:47.073+0000] {logging_mixin.py:190} INFO - [2025-04-03T16:35:47.072+0000] {dag.py:4180} INFO - Setting next_dagrun for read_dataset_event to 2025-04-02 00:00:00+00:00, run_after=2025-04-03 00:00:00+00:00
[2025-04-03T16:35:47.083+0000] {logging_mixin.py:190} INFO - [2025-04-03T16:35:47.082+0000] {dag.py:4180} INFO - Setting next_dagrun for read_dataset_event_from_classic to 2025-04-02 00:00:00+00:00, run_after=2025-04-03 00:00:00+00:00
[2025-04-03T16:35:47.128+0000] {processor.py:208} INFO - Processing /home/hamza/Documents/project/Mlops/myenv/lib/python3.12/site-packages/airflow/example_dags/example_inlet_event_extra.py took 0.180 seconds
[2025-04-03T16:37:19.827+0000] {processor.py:186} INFO - Started process (PID=85922) to work on /home/hamza/Documents/project/Mlops/myenv/lib/python3.12/site-packages/airflow/example_dags/example_inlet_event_extra.py
[2025-04-03T16:37:19.829+0000] {processor.py:914} INFO - Processing file /home/hamza/Documents/project/Mlops/myenv/lib/python3.12/site-packages/airflow/example_dags/example_inlet_event_extra.py for tasks to queue
[2025-04-03T16:37:19.833+0000] {logging_mixin.py:190} INFO - [2025-04-03T16:37:19.832+0000] {dagbag.py:588} INFO - Filling up the DagBag from /home/hamza/Documents/project/Mlops/myenv/lib/python3.12/site-packages/airflow/example_dags/example_inlet_event_extra.py
[2025-04-03T16:37:19.857+0000] {processor.py:925} INFO - DAG(s) 'read_dataset_event', 'read_dataset_event_from_classic' retrieved from /home/hamza/Documents/project/Mlops/myenv/lib/python3.12/site-packages/airflow/example_dags/example_inlet_event_extra.py
[2025-04-03T16:37:19.887+0000] {logging_mixin.py:190} INFO - [2025-04-03T16:37:19.887+0000] {dag.py:3239} INFO - Sync 2 DAGs
[2025-04-03T16:37:19.928+0000] {logging_mixin.py:190} INFO - [2025-04-03T16:37:19.928+0000] {dag.py:4180} INFO - Setting next_dagrun for read_dataset_event to 2025-04-02 00:00:00+00:00, run_after=2025-04-03 00:00:00+00:00
[2025-04-03T16:37:19.937+0000] {logging_mixin.py:190} INFO - [2025-04-03T16:37:19.936+0000] {dag.py:4180} INFO - Setting next_dagrun for read_dataset_event_from_classic to 2025-04-02 00:00:00+00:00, run_after=2025-04-03 00:00:00+00:00
[2025-04-03T16:37:19.972+0000] {processor.py:208} INFO - Processing /home/hamza/Documents/project/Mlops/myenv/lib/python3.12/site-packages/airflow/example_dags/example_inlet_event_extra.py took 0.155 seconds
[2025-04-03T16:38:49.225+0000] {processor.py:186} INFO - Started process (PID=86762) to work on /home/hamza/Documents/project/Mlops/myenv/lib/python3.12/site-packages/airflow/example_dags/example_inlet_event_extra.py
[2025-04-03T16:38:49.226+0000] {processor.py:914} INFO - Processing file /home/hamza/Documents/project/Mlops/myenv/lib/python3.12/site-packages/airflow/example_dags/example_inlet_event_extra.py for tasks to queue
[2025-04-03T16:38:49.230+0000] {logging_mixin.py:190} INFO - [2025-04-03T16:38:49.229+0000] {dagbag.py:588} INFO - Filling up the DagBag from /home/hamza/Documents/project/Mlops/myenv/lib/python3.12/site-packages/airflow/example_dags/example_inlet_event_extra.py
[2025-04-03T16:38:49.254+0000] {processor.py:925} INFO - DAG(s) 'read_dataset_event', 'read_dataset_event_from_classic' retrieved from /home/hamza/Documents/project/Mlops/myenv/lib/python3.12/site-packages/airflow/example_dags/example_inlet_event_extra.py
[2025-04-03T16:38:49.285+0000] {logging_mixin.py:190} INFO - [2025-04-03T16:38:49.284+0000] {dag.py:3239} INFO - Sync 2 DAGs
[2025-04-03T16:38:49.325+0000] {logging_mixin.py:190} INFO - [2025-04-03T16:38:49.325+0000] {dag.py:4180} INFO - Setting next_dagrun for read_dataset_event to 2025-04-02 00:00:00+00:00, run_after=2025-04-03 00:00:00+00:00
[2025-04-03T16:38:49.333+0000] {logging_mixin.py:190} INFO - [2025-04-03T16:38:49.333+0000] {dag.py:4180} INFO - Setting next_dagrun for read_dataset_event_from_classic to 2025-04-02 00:00:00+00:00, run_after=2025-04-03 00:00:00+00:00
[2025-04-03T16:38:49.364+0000] {processor.py:208} INFO - Processing /home/hamza/Documents/project/Mlops/myenv/lib/python3.12/site-packages/airflow/example_dags/example_inlet_event_extra.py took 0.149 seconds
[2025-04-03T16:40:21.382+0000] {processor.py:186} INFO - Started process (PID=87978) to work on /home/hamza/Documents/project/Mlops/myenv/lib/python3.12/site-packages/airflow/example_dags/example_inlet_event_extra.py
[2025-04-03T16:40:21.384+0000] {processor.py:914} INFO - Processing file /home/hamza/Documents/project/Mlops/myenv/lib/python3.12/site-packages/airflow/example_dags/example_inlet_event_extra.py for tasks to queue
[2025-04-03T16:40:21.387+0000] {logging_mixin.py:190} INFO - [2025-04-03T16:40:21.387+0000] {dagbag.py:588} INFO - Filling up the DagBag from /home/hamza/Documents/project/Mlops/myenv/lib/python3.12/site-packages/airflow/example_dags/example_inlet_event_extra.py
[2025-04-03T16:40:21.410+0000] {processor.py:925} INFO - DAG(s) 'read_dataset_event', 'read_dataset_event_from_classic' retrieved from /home/hamza/Documents/project/Mlops/myenv/lib/python3.12/site-packages/airflow/example_dags/example_inlet_event_extra.py
[2025-04-03T16:40:21.440+0000] {logging_mixin.py:190} INFO - [2025-04-03T16:40:21.439+0000] {dag.py:3239} INFO - Sync 2 DAGs
[2025-04-03T16:40:21.479+0000] {logging_mixin.py:190} INFO - [2025-04-03T16:40:21.479+0000] {dag.py:4180} INFO - Setting next_dagrun for read_dataset_event to 2025-04-02 00:00:00+00:00, run_after=2025-04-03 00:00:00+00:00
[2025-04-03T16:40:21.488+0000] {logging_mixin.py:190} INFO - [2025-04-03T16:40:21.487+0000] {dag.py:4180} INFO - Setting next_dagrun for read_dataset_event_from_classic to 2025-04-02 00:00:00+00:00, run_after=2025-04-03 00:00:00+00:00
[2025-04-03T16:40:21.519+0000] {processor.py:208} INFO - Processing /home/hamza/Documents/project/Mlops/myenv/lib/python3.12/site-packages/airflow/example_dags/example_inlet_event_extra.py took 0.147 seconds
[2025-04-03T16:42:01.946+0000] {processor.py:186} INFO - Started process (PID=88908) to work on /home/hamza/Documents/project/Mlops/myenv/lib/python3.12/site-packages/airflow/example_dags/example_inlet_event_extra.py
[2025-04-03T16:42:01.948+0000] {processor.py:914} INFO - Processing file /home/hamza/Documents/project/Mlops/myenv/lib/python3.12/site-packages/airflow/example_dags/example_inlet_event_extra.py for tasks to queue
[2025-04-03T16:42:01.951+0000] {logging_mixin.py:190} INFO - [2025-04-03T16:42:01.950+0000] {dagbag.py:588} INFO - Filling up the DagBag from /home/hamza/Documents/project/Mlops/myenv/lib/python3.12/site-packages/airflow/example_dags/example_inlet_event_extra.py
[2025-04-03T16:42:01.975+0000] {processor.py:925} INFO - DAG(s) 'read_dataset_event', 'read_dataset_event_from_classic' retrieved from /home/hamza/Documents/project/Mlops/myenv/lib/python3.12/site-packages/airflow/example_dags/example_inlet_event_extra.py
[2025-04-03T16:42:02.004+0000] {logging_mixin.py:190} INFO - [2025-04-03T16:42:02.004+0000] {dag.py:3239} INFO - Sync 2 DAGs
[2025-04-03T16:42:02.043+0000] {logging_mixin.py:190} INFO - [2025-04-03T16:42:02.043+0000] {dag.py:4180} INFO - Setting next_dagrun for read_dataset_event to 2025-04-02 00:00:00+00:00, run_after=2025-04-03 00:00:00+00:00
[2025-04-03T16:42:02.051+0000] {logging_mixin.py:190} INFO - [2025-04-03T16:42:02.050+0000] {dag.py:4180} INFO - Setting next_dagrun for read_dataset_event_from_classic to 2025-04-02 00:00:00+00:00, run_after=2025-04-03 00:00:00+00:00
[2025-04-03T16:42:02.083+0000] {processor.py:208} INFO - Processing /home/hamza/Documents/project/Mlops/myenv/lib/python3.12/site-packages/airflow/example_dags/example_inlet_event_extra.py took 0.148 seconds
[2025-04-03T16:43:35.168+0000] {processor.py:186} INFO - Started process (PID=89638) to work on /home/hamza/Documents/project/Mlops/myenv/lib/python3.12/site-packages/airflow/example_dags/example_inlet_event_extra.py
[2025-04-03T16:43:35.171+0000] {processor.py:914} INFO - Processing file /home/hamza/Documents/project/Mlops/myenv/lib/python3.12/site-packages/airflow/example_dags/example_inlet_event_extra.py for tasks to queue
[2025-04-03T16:43:35.175+0000] {logging_mixin.py:190} INFO - [2025-04-03T16:43:35.175+0000] {dagbag.py:588} INFO - Filling up the DagBag from /home/hamza/Documents/project/Mlops/myenv/lib/python3.12/site-packages/airflow/example_dags/example_inlet_event_extra.py
[2025-04-03T16:43:35.201+0000] {processor.py:925} INFO - DAG(s) 'read_dataset_event_from_classic', 'read_dataset_event' retrieved from /home/hamza/Documents/project/Mlops/myenv/lib/python3.12/site-packages/airflow/example_dags/example_inlet_event_extra.py
[2025-04-03T16:43:35.230+0000] {logging_mixin.py:190} INFO - [2025-04-03T16:43:35.230+0000] {dag.py:3239} INFO - Sync 2 DAGs
[2025-04-03T16:43:35.273+0000] {logging_mixin.py:190} INFO - [2025-04-03T16:43:35.273+0000] {dag.py:4180} INFO - Setting next_dagrun for read_dataset_event to 2025-04-02 00:00:00+00:00, run_after=2025-04-03 00:00:00+00:00
[2025-04-03T16:43:35.282+0000] {logging_mixin.py:190} INFO - [2025-04-03T16:43:35.282+0000] {dag.py:4180} INFO - Setting next_dagrun for read_dataset_event_from_classic to 2025-04-02 00:00:00+00:00, run_after=2025-04-03 00:00:00+00:00
[2025-04-03T16:43:35.316+0000] {processor.py:208} INFO - Processing /home/hamza/Documents/project/Mlops/myenv/lib/python3.12/site-packages/airflow/example_dags/example_inlet_event_extra.py took 0.158 seconds
[2025-04-03T16:45:12.431+0000] {processor.py:186} INFO - Started process (PID=90417) to work on /home/hamza/Documents/project/Mlops/myenv/lib/python3.12/site-packages/airflow/example_dags/example_inlet_event_extra.py
[2025-04-03T16:45:12.434+0000] {processor.py:914} INFO - Processing file /home/hamza/Documents/project/Mlops/myenv/lib/python3.12/site-packages/airflow/example_dags/example_inlet_event_extra.py for tasks to queue
[2025-04-03T16:45:12.438+0000] {logging_mixin.py:190} INFO - [2025-04-03T16:45:12.437+0000] {dagbag.py:588} INFO - Filling up the DagBag from /home/hamza/Documents/project/Mlops/myenv/lib/python3.12/site-packages/airflow/example_dags/example_inlet_event_extra.py
[2025-04-03T16:45:12.461+0000] {processor.py:925} INFO - DAG(s) 'read_dataset_event', 'read_dataset_event_from_classic' retrieved from /home/hamza/Documents/project/Mlops/myenv/lib/python3.12/site-packages/airflow/example_dags/example_inlet_event_extra.py
[2025-04-03T16:45:12.490+0000] {logging_mixin.py:190} INFO - [2025-04-03T16:45:12.489+0000] {dag.py:3239} INFO - Sync 2 DAGs
[2025-04-03T16:45:12.534+0000] {logging_mixin.py:190} INFO - [2025-04-03T16:45:12.533+0000] {dag.py:4180} INFO - Setting next_dagrun for read_dataset_event to 2025-04-02 00:00:00+00:00, run_after=2025-04-03 00:00:00+00:00
[2025-04-03T16:45:12.544+0000] {logging_mixin.py:190} INFO - [2025-04-03T16:45:12.543+0000] {dag.py:4180} INFO - Setting next_dagrun for read_dataset_event_from_classic to 2025-04-02 00:00:00+00:00, run_after=2025-04-03 00:00:00+00:00
[2025-04-03T16:45:12.574+0000] {processor.py:208} INFO - Processing /home/hamza/Documents/project/Mlops/myenv/lib/python3.12/site-packages/airflow/example_dags/example_inlet_event_extra.py took 0.152 seconds
[2025-04-03T16:46:46.070+0000] {processor.py:186} INFO - Started process (PID=91249) to work on /home/hamza/Documents/project/Mlops/myenv/lib/python3.12/site-packages/airflow/example_dags/example_inlet_event_extra.py
[2025-04-03T16:46:46.072+0000] {processor.py:914} INFO - Processing file /home/hamza/Documents/project/Mlops/myenv/lib/python3.12/site-packages/airflow/example_dags/example_inlet_event_extra.py for tasks to queue
[2025-04-03T16:46:46.077+0000] {logging_mixin.py:190} INFO - [2025-04-03T16:46:46.076+0000] {dagbag.py:588} INFO - Filling up the DagBag from /home/hamza/Documents/project/Mlops/myenv/lib/python3.12/site-packages/airflow/example_dags/example_inlet_event_extra.py
[2025-04-03T16:46:46.104+0000] {processor.py:925} INFO - DAG(s) 'read_dataset_event', 'read_dataset_event_from_classic' retrieved from /home/hamza/Documents/project/Mlops/myenv/lib/python3.12/site-packages/airflow/example_dags/example_inlet_event_extra.py
[2025-04-03T16:46:46.134+0000] {logging_mixin.py:190} INFO - [2025-04-03T16:46:46.134+0000] {dag.py:3239} INFO - Sync 2 DAGs
[2025-04-03T16:46:46.182+0000] {logging_mixin.py:190} INFO - [2025-04-03T16:46:46.182+0000] {dag.py:4180} INFO - Setting next_dagrun for read_dataset_event to 2025-04-02 00:00:00+00:00, run_after=2025-04-03 00:00:00+00:00
[2025-04-03T16:46:46.191+0000] {logging_mixin.py:190} INFO - [2025-04-03T16:46:46.191+0000] {dag.py:4180} INFO - Setting next_dagrun for read_dataset_event_from_classic to 2025-04-02 00:00:00+00:00, run_after=2025-04-03 00:00:00+00:00
[2025-04-03T16:46:46.226+0000] {processor.py:208} INFO - Processing /home/hamza/Documents/project/Mlops/myenv/lib/python3.12/site-packages/airflow/example_dags/example_inlet_event_extra.py took 0.166 seconds
[2025-04-03T16:48:23.818+0000] {processor.py:186} INFO - Started process (PID=92111) to work on /home/hamza/Documents/project/Mlops/myenv/lib/python3.12/site-packages/airflow/example_dags/example_inlet_event_extra.py
[2025-04-03T16:48:23.821+0000] {processor.py:914} INFO - Processing file /home/hamza/Documents/project/Mlops/myenv/lib/python3.12/site-packages/airflow/example_dags/example_inlet_event_extra.py for tasks to queue
[2025-04-03T16:48:23.825+0000] {logging_mixin.py:190} INFO - [2025-04-03T16:48:23.824+0000] {dagbag.py:588} INFO - Filling up the DagBag from /home/hamza/Documents/project/Mlops/myenv/lib/python3.12/site-packages/airflow/example_dags/example_inlet_event_extra.py
[2025-04-03T16:48:23.848+0000] {processor.py:925} INFO - DAG(s) 'read_dataset_event_from_classic', 'read_dataset_event' retrieved from /home/hamza/Documents/project/Mlops/myenv/lib/python3.12/site-packages/airflow/example_dags/example_inlet_event_extra.py
[2025-04-03T16:48:23.878+0000] {logging_mixin.py:190} INFO - [2025-04-03T16:48:23.877+0000] {dag.py:3239} INFO - Sync 2 DAGs
[2025-04-03T16:48:23.917+0000] {logging_mixin.py:190} INFO - [2025-04-03T16:48:23.917+0000] {dag.py:4180} INFO - Setting next_dagrun for read_dataset_event to 2025-04-02 00:00:00+00:00, run_after=2025-04-03 00:00:00+00:00
[2025-04-03T16:48:23.925+0000] {logging_mixin.py:190} INFO - [2025-04-03T16:48:23.925+0000] {dag.py:4180} INFO - Setting next_dagrun for read_dataset_event_from_classic to 2025-04-02 00:00:00+00:00, run_after=2025-04-03 00:00:00+00:00
[2025-04-03T16:48:23.962+0000] {processor.py:208} INFO - Processing /home/hamza/Documents/project/Mlops/myenv/lib/python3.12/site-packages/airflow/example_dags/example_inlet_event_extra.py took 0.153 seconds
[2025-04-03T16:50:03.882+0000] {processor.py:186} INFO - Started process (PID=92955) to work on /home/hamza/Documents/project/Mlops/myenv/lib/python3.12/site-packages/airflow/example_dags/example_inlet_event_extra.py
[2025-04-03T16:50:03.884+0000] {processor.py:914} INFO - Processing file /home/hamza/Documents/project/Mlops/myenv/lib/python3.12/site-packages/airflow/example_dags/example_inlet_event_extra.py for tasks to queue
[2025-04-03T16:50:03.888+0000] {logging_mixin.py:190} INFO - [2025-04-03T16:50:03.887+0000] {dagbag.py:588} INFO - Filling up the DagBag from /home/hamza/Documents/project/Mlops/myenv/lib/python3.12/site-packages/airflow/example_dags/example_inlet_event_extra.py
[2025-04-03T16:50:03.912+0000] {processor.py:925} INFO - DAG(s) 'read_dataset_event', 'read_dataset_event_from_classic' retrieved from /home/hamza/Documents/project/Mlops/myenv/lib/python3.12/site-packages/airflow/example_dags/example_inlet_event_extra.py
[2025-04-03T16:50:03.942+0000] {logging_mixin.py:190} INFO - [2025-04-03T16:50:03.942+0000] {dag.py:3239} INFO - Sync 2 DAGs
[2025-04-03T16:50:03.983+0000] {logging_mixin.py:190} INFO - [2025-04-03T16:50:03.983+0000] {dag.py:4180} INFO - Setting next_dagrun for read_dataset_event to 2025-04-02 00:00:00+00:00, run_after=2025-04-03 00:00:00+00:00
[2025-04-03T16:50:03.991+0000] {logging_mixin.py:190} INFO - [2025-04-03T16:50:03.990+0000] {dag.py:4180} INFO - Setting next_dagrun for read_dataset_event_from_classic to 2025-04-02 00:00:00+00:00, run_after=2025-04-03 00:00:00+00:00
[2025-04-03T16:50:04.026+0000] {processor.py:208} INFO - Processing /home/hamza/Documents/project/Mlops/myenv/lib/python3.12/site-packages/airflow/example_dags/example_inlet_event_extra.py took 0.153 seconds
[2025-04-03T16:51:41.672+0000] {processor.py:186} INFO - Started process (PID=93766) to work on /home/hamza/Documents/project/Mlops/myenv/lib/python3.12/site-packages/airflow/example_dags/example_inlet_event_extra.py
[2025-04-03T16:51:41.674+0000] {processor.py:914} INFO - Processing file /home/hamza/Documents/project/Mlops/myenv/lib/python3.12/site-packages/airflow/example_dags/example_inlet_event_extra.py for tasks to queue
[2025-04-03T16:51:41.678+0000] {logging_mixin.py:190} INFO - [2025-04-03T16:51:41.677+0000] {dagbag.py:588} INFO - Filling up the DagBag from /home/hamza/Documents/project/Mlops/myenv/lib/python3.12/site-packages/airflow/example_dags/example_inlet_event_extra.py
[2025-04-03T16:51:41.701+0000] {processor.py:925} INFO - DAG(s) 'read_dataset_event_from_classic', 'read_dataset_event' retrieved from /home/hamza/Documents/project/Mlops/myenv/lib/python3.12/site-packages/airflow/example_dags/example_inlet_event_extra.py
[2025-04-03T16:51:41.730+0000] {logging_mixin.py:190} INFO - [2025-04-03T16:51:41.730+0000] {dag.py:3239} INFO - Sync 2 DAGs
[2025-04-03T16:51:41.776+0000] {logging_mixin.py:190} INFO - [2025-04-03T16:51:41.775+0000] {dag.py:4180} INFO - Setting next_dagrun for read_dataset_event to 2025-04-02 00:00:00+00:00, run_after=2025-04-03 00:00:00+00:00
[2025-04-03T16:51:41.787+0000] {logging_mixin.py:190} INFO - [2025-04-03T16:51:41.786+0000] {dag.py:4180} INFO - Setting next_dagrun for read_dataset_event_from_classic to 2025-04-02 00:00:00+00:00, run_after=2025-04-03 00:00:00+00:00
[2025-04-03T16:51:41.822+0000] {processor.py:208} INFO - Processing /home/hamza/Documents/project/Mlops/myenv/lib/python3.12/site-packages/airflow/example_dags/example_inlet_event_extra.py took 0.159 seconds
[2025-04-03T16:53:20.944+0000] {processor.py:186} INFO - Started process (PID=94581) to work on /home/hamza/Documents/project/Mlops/myenv/lib/python3.12/site-packages/airflow/example_dags/example_inlet_event_extra.py
[2025-04-03T16:53:20.945+0000] {processor.py:914} INFO - Processing file /home/hamza/Documents/project/Mlops/myenv/lib/python3.12/site-packages/airflow/example_dags/example_inlet_event_extra.py for tasks to queue
[2025-04-03T16:53:20.950+0000] {logging_mixin.py:190} INFO - [2025-04-03T16:53:20.949+0000] {dagbag.py:588} INFO - Filling up the DagBag from /home/hamza/Documents/project/Mlops/myenv/lib/python3.12/site-packages/airflow/example_dags/example_inlet_event_extra.py
[2025-04-03T16:53:20.978+0000] {processor.py:925} INFO - DAG(s) 'read_dataset_event', 'read_dataset_event_from_classic' retrieved from /home/hamza/Documents/project/Mlops/myenv/lib/python3.12/site-packages/airflow/example_dags/example_inlet_event_extra.py
[2025-04-03T16:53:21.009+0000] {logging_mixin.py:190} INFO - [2025-04-03T16:53:21.008+0000] {dag.py:3239} INFO - Sync 2 DAGs
[2025-04-03T16:53:21.056+0000] {logging_mixin.py:190} INFO - [2025-04-03T16:53:21.056+0000] {dag.py:4180} INFO - Setting next_dagrun for read_dataset_event to 2025-04-02 00:00:00+00:00, run_after=2025-04-03 00:00:00+00:00
[2025-04-03T16:53:21.068+0000] {logging_mixin.py:190} INFO - [2025-04-03T16:53:21.068+0000] {dag.py:4180} INFO - Setting next_dagrun for read_dataset_event_from_classic to 2025-04-02 00:00:00+00:00, run_after=2025-04-03 00:00:00+00:00
[2025-04-03T16:53:21.113+0000] {processor.py:208} INFO - Processing /home/hamza/Documents/project/Mlops/myenv/lib/python3.12/site-packages/airflow/example_dags/example_inlet_event_extra.py took 0.178 seconds
[2025-04-03T16:55:01.483+0000] {processor.py:186} INFO - Started process (PID=95672) to work on /home/hamza/Documents/project/Mlops/myenv/lib/python3.12/site-packages/airflow/example_dags/example_inlet_event_extra.py
[2025-04-03T16:55:01.484+0000] {processor.py:914} INFO - Processing file /home/hamza/Documents/project/Mlops/myenv/lib/python3.12/site-packages/airflow/example_dags/example_inlet_event_extra.py for tasks to queue
[2025-04-03T16:55:01.488+0000] {logging_mixin.py:190} INFO - [2025-04-03T16:55:01.487+0000] {dagbag.py:588} INFO - Filling up the DagBag from /home/hamza/Documents/project/Mlops/myenv/lib/python3.12/site-packages/airflow/example_dags/example_inlet_event_extra.py
[2025-04-03T16:55:01.512+0000] {processor.py:925} INFO - DAG(s) 'read_dataset_event_from_classic', 'read_dataset_event' retrieved from /home/hamza/Documents/project/Mlops/myenv/lib/python3.12/site-packages/airflow/example_dags/example_inlet_event_extra.py
[2025-04-03T16:55:01.542+0000] {logging_mixin.py:190} INFO - [2025-04-03T16:55:01.541+0000] {dag.py:3239} INFO - Sync 2 DAGs
[2025-04-03T16:55:01.586+0000] {logging_mixin.py:190} INFO - [2025-04-03T16:55:01.585+0000] {dag.py:4180} INFO - Setting next_dagrun for read_dataset_event to 2025-04-02 00:00:00+00:00, run_after=2025-04-03 00:00:00+00:00
[2025-04-03T16:55:01.598+0000] {logging_mixin.py:190} INFO - [2025-04-03T16:55:01.598+0000] {dag.py:4180} INFO - Setting next_dagrun for read_dataset_event_from_classic to 2025-04-02 00:00:00+00:00, run_after=2025-04-03 00:00:00+00:00
[2025-04-03T16:55:01.635+0000] {processor.py:208} INFO - Processing /home/hamza/Documents/project/Mlops/myenv/lib/python3.12/site-packages/airflow/example_dags/example_inlet_event_extra.py took 0.164 seconds
