[2025-04-03T13:43:17.943+0000] {processor.py:186} INFO - Started process (PID=98171) to work on /home/hamza/Documents/project/Mlops/myenv/lib/python3.12/site-packages/airflow/example_dags/example_trigger_controller_dag.py
[2025-04-03T13:43:17.945+0000] {processor.py:914} INFO - Processing file /home/hamza/Documents/project/Mlops/myenv/lib/python3.12/site-packages/airflow/example_dags/example_trigger_controller_dag.py for tasks to queue
[2025-04-03T13:43:17.948+0000] {logging_mixin.py:190} INFO - [2025-04-03T13:43:17.947+0000] {dagbag.py:588} INFO - Filling up the DagBag from /home/hamza/Documents/project/Mlops/myenv/lib/python3.12/site-packages/airflow/example_dags/example_trigger_controller_dag.py
[2025-04-03T13:43:17.959+0000] {processor.py:925} INFO - DAG(s) 'example_trigger_controller_dag' retrieved from /home/hamza/Documents/project/Mlops/myenv/lib/python3.12/site-packages/airflow/example_dags/example_trigger_controller_dag.py
[2025-04-03T13:43:18.126+0000] {logging_mixin.py:190} INFO - [2025-04-03T13:43:18.126+0000] {override.py:1930} INFO - Created Permission View: can delete on DAG:example_trigger_controller_dag
[2025-04-03T13:43:18.144+0000] {logging_mixin.py:190} INFO - [2025-04-03T13:43:18.143+0000] {override.py:1930} INFO - Created Permission View: can read on DAG:example_trigger_controller_dag
[2025-04-03T13:43:18.156+0000] {logging_mixin.py:190} INFO - [2025-04-03T13:43:18.156+0000] {override.py:1930} INFO - Created Permission View: can edit on DAG:example_trigger_controller_dag
[2025-04-03T13:43:18.176+0000] {logging_mixin.py:190} INFO - [2025-04-03T13:43:18.175+0000] {override.py:1930} INFO - Created Permission View: can delete on DAG Run:example_trigger_controller_dag
[2025-04-03T13:43:18.189+0000] {logging_mixin.py:190} INFO - [2025-04-03T13:43:18.188+0000] {override.py:1930} INFO - Created Permission View: can read on DAG Run:example_trigger_controller_dag
[2025-04-03T13:43:18.203+0000] {logging_mixin.py:190} INFO - [2025-04-03T13:43:18.203+0000] {override.py:1930} INFO - Created Permission View: menu access on DAG Run:example_trigger_controller_dag
[2025-04-03T13:43:18.216+0000] {logging_mixin.py:190} INFO - [2025-04-03T13:43:18.216+0000] {override.py:1930} INFO - Created Permission View: can create on DAG Run:example_trigger_controller_dag
[2025-04-03T13:43:18.217+0000] {logging_mixin.py:190} INFO - [2025-04-03T13:43:18.217+0000] {dag.py:3239} INFO - Sync 1 DAGs
[2025-04-03T13:43:18.234+0000] {logging_mixin.py:190} INFO - [2025-04-03T13:43:18.234+0000] {dag.py:3262} INFO - Creating ORM DAG for example_trigger_controller_dag
[2025-04-03T13:43:18.246+0000] {logging_mixin.py:190} INFO - [2025-04-03T13:43:18.246+0000] {dag.py:4180} INFO - Setting next_dagrun for example_trigger_controller_dag to 2021-01-01 00:00:00+00:00, run_after=2021-01-01 00:00:00+00:00
[2025-04-03T13:43:18.275+0000] {processor.py:208} INFO - Processing /home/hamza/Documents/project/Mlops/myenv/lib/python3.12/site-packages/airflow/example_dags/example_trigger_controller_dag.py took 0.341 seconds
[2025-04-03T13:44:35.557+0000] {processor.py:186} INFO - Started process (PID=99365) to work on /home/hamza/Documents/project/Mlops/myenv/lib/python3.12/site-packages/airflow/example_dags/example_trigger_controller_dag.py
[2025-04-03T13:44:35.559+0000] {processor.py:914} INFO - Processing file /home/hamza/Documents/project/Mlops/myenv/lib/python3.12/site-packages/airflow/example_dags/example_trigger_controller_dag.py for tasks to queue
[2025-04-03T13:44:35.563+0000] {logging_mixin.py:190} INFO - [2025-04-03T13:44:35.562+0000] {dagbag.py:588} INFO - Filling up the DagBag from /home/hamza/Documents/project/Mlops/myenv/lib/python3.12/site-packages/airflow/example_dags/example_trigger_controller_dag.py
[2025-04-03T13:44:35.574+0000] {processor.py:925} INFO - DAG(s) 'example_trigger_controller_dag' retrieved from /home/hamza/Documents/project/Mlops/myenv/lib/python3.12/site-packages/airflow/example_dags/example_trigger_controller_dag.py
[2025-04-03T13:44:35.599+0000] {logging_mixin.py:190} INFO - [2025-04-03T13:44:35.599+0000] {dag.py:3239} INFO - Sync 1 DAGs
[2025-04-03T13:44:35.633+0000] {logging_mixin.py:190} INFO - [2025-04-03T13:44:35.633+0000] {dag.py:4180} INFO - Setting next_dagrun for example_trigger_controller_dag to 2021-01-01 00:00:00+00:00, run_after=2021-01-01 00:00:00+00:00
[2025-04-03T13:44:35.669+0000] {processor.py:208} INFO - Processing /home/hamza/Documents/project/Mlops/myenv/lib/python3.12/site-packages/airflow/example_dags/example_trigger_controller_dag.py took 0.120 seconds
[2025-04-03T13:45:41.454+0000] {processor.py:186} INFO - Started process (PID=99943) to work on /home/hamza/Documents/project/Mlops/myenv/lib/python3.12/site-packages/airflow/example_dags/example_trigger_controller_dag.py
[2025-04-03T13:45:41.456+0000] {processor.py:914} INFO - Processing file /home/hamza/Documents/project/Mlops/myenv/lib/python3.12/site-packages/airflow/example_dags/example_trigger_controller_dag.py for tasks to queue
[2025-04-03T13:45:41.461+0000] {logging_mixin.py:190} INFO - [2025-04-03T13:45:41.460+0000] {dagbag.py:588} INFO - Filling up the DagBag from /home/hamza/Documents/project/Mlops/myenv/lib/python3.12/site-packages/airflow/example_dags/example_trigger_controller_dag.py
[2025-04-03T13:45:41.476+0000] {processor.py:925} INFO - DAG(s) 'example_trigger_controller_dag' retrieved from /home/hamza/Documents/project/Mlops/myenv/lib/python3.12/site-packages/airflow/example_dags/example_trigger_controller_dag.py
[2025-04-03T13:45:41.511+0000] {logging_mixin.py:190} INFO - [2025-04-03T13:45:41.510+0000] {dag.py:3239} INFO - Sync 1 DAGs
[2025-04-03T13:45:41.553+0000] {logging_mixin.py:190} INFO - [2025-04-03T13:45:41.552+0000] {dag.py:4180} INFO - Setting next_dagrun for example_trigger_controller_dag to 2021-01-01 00:00:00+00:00, run_after=2021-01-01 00:00:00+00:00
[2025-04-03T13:45:41.594+0000] {processor.py:208} INFO - Processing /home/hamza/Documents/project/Mlops/myenv/lib/python3.12/site-packages/airflow/example_dags/example_trigger_controller_dag.py took 0.151 seconds
[2025-04-03T13:46:50.366+0000] {processor.py:186} INFO - Started process (PID=100631) to work on /home/hamza/Documents/project/Mlops/myenv/lib/python3.12/site-packages/airflow/example_dags/example_trigger_controller_dag.py
[2025-04-03T13:46:50.368+0000] {processor.py:914} INFO - Processing file /home/hamza/Documents/project/Mlops/myenv/lib/python3.12/site-packages/airflow/example_dags/example_trigger_controller_dag.py for tasks to queue
[2025-04-03T13:46:50.372+0000] {logging_mixin.py:190} INFO - [2025-04-03T13:46:50.371+0000] {dagbag.py:588} INFO - Filling up the DagBag from /home/hamza/Documents/project/Mlops/myenv/lib/python3.12/site-packages/airflow/example_dags/example_trigger_controller_dag.py
[2025-04-03T13:46:50.385+0000] {processor.py:925} INFO - DAG(s) 'example_trigger_controller_dag' retrieved from /home/hamza/Documents/project/Mlops/myenv/lib/python3.12/site-packages/airflow/example_dags/example_trigger_controller_dag.py
[2025-04-03T13:46:50.411+0000] {logging_mixin.py:190} INFO - [2025-04-03T13:46:50.411+0000] {dag.py:3239} INFO - Sync 1 DAGs
[2025-04-03T13:46:50.443+0000] {logging_mixin.py:190} INFO - [2025-04-03T13:46:50.443+0000] {dag.py:4180} INFO - Setting next_dagrun for example_trigger_controller_dag to 2021-01-01 00:00:00+00:00, run_after=2021-01-01 00:00:00+00:00
[2025-04-03T13:46:50.477+0000] {processor.py:208} INFO - Processing /home/hamza/Documents/project/Mlops/myenv/lib/python3.12/site-packages/airflow/example_dags/example_trigger_controller_dag.py took 0.120 seconds
[2025-04-03T13:47:57.199+0000] {processor.py:186} INFO - Started process (PID=101467) to work on /home/hamza/Documents/project/Mlops/myenv/lib/python3.12/site-packages/airflow/example_dags/example_trigger_controller_dag.py
[2025-04-03T13:47:57.202+0000] {processor.py:914} INFO - Processing file /home/hamza/Documents/project/Mlops/myenv/lib/python3.12/site-packages/airflow/example_dags/example_trigger_controller_dag.py for tasks to queue
[2025-04-03T13:47:57.205+0000] {logging_mixin.py:190} INFO - [2025-04-03T13:47:57.204+0000] {dagbag.py:588} INFO - Filling up the DagBag from /home/hamza/Documents/project/Mlops/myenv/lib/python3.12/site-packages/airflow/example_dags/example_trigger_controller_dag.py
[2025-04-03T13:47:57.217+0000] {processor.py:925} INFO - DAG(s) 'example_trigger_controller_dag' retrieved from /home/hamza/Documents/project/Mlops/myenv/lib/python3.12/site-packages/airflow/example_dags/example_trigger_controller_dag.py
[2025-04-03T13:47:57.242+0000] {logging_mixin.py:190} INFO - [2025-04-03T13:47:57.241+0000] {dag.py:3239} INFO - Sync 1 DAGs
[2025-04-03T13:47:57.276+0000] {logging_mixin.py:190} INFO - [2025-04-03T13:47:57.276+0000] {dag.py:4180} INFO - Setting next_dagrun for example_trigger_controller_dag to 2021-01-01 00:00:00+00:00, run_after=2021-01-01 00:00:00+00:00
[2025-04-03T13:47:57.311+0000] {processor.py:208} INFO - Processing /home/hamza/Documents/project/Mlops/myenv/lib/python3.12/site-packages/airflow/example_dags/example_trigger_controller_dag.py took 0.121 seconds
[2025-04-03T13:49:34.397+0000] {processor.py:186} INFO - Started process (PID=102828) to work on /home/hamza/Documents/project/Mlops/myenv/lib/python3.12/site-packages/airflow/example_dags/example_trigger_controller_dag.py
[2025-04-03T13:49:34.402+0000] {processor.py:914} INFO - Processing file /home/hamza/Documents/project/Mlops/myenv/lib/python3.12/site-packages/airflow/example_dags/example_trigger_controller_dag.py for tasks to queue
[2025-04-03T13:49:34.405+0000] {logging_mixin.py:190} INFO - [2025-04-03T13:49:34.404+0000] {dagbag.py:588} INFO - Filling up the DagBag from /home/hamza/Documents/project/Mlops/myenv/lib/python3.12/site-packages/airflow/example_dags/example_trigger_controller_dag.py
[2025-04-03T13:49:34.418+0000] {processor.py:925} INFO - DAG(s) 'example_trigger_controller_dag' retrieved from /home/hamza/Documents/project/Mlops/myenv/lib/python3.12/site-packages/airflow/example_dags/example_trigger_controller_dag.py
[2025-04-03T13:49:34.449+0000] {logging_mixin.py:190} INFO - [2025-04-03T13:49:34.448+0000] {dag.py:3239} INFO - Sync 1 DAGs
[2025-04-03T13:49:34.482+0000] {logging_mixin.py:190} INFO - [2025-04-03T13:49:34.481+0000] {dag.py:4180} INFO - Setting next_dagrun for example_trigger_controller_dag to 2021-01-01 00:00:00+00:00, run_after=2021-01-01 00:00:00+00:00
[2025-04-03T13:49:34.517+0000] {processor.py:208} INFO - Processing /home/hamza/Documents/project/Mlops/myenv/lib/python3.12/site-packages/airflow/example_dags/example_trigger_controller_dag.py took 0.128 seconds
[2025-04-03T13:50:53.739+0000] {processor.py:186} INFO - Started process (PID=103812) to work on /home/hamza/Documents/project/Mlops/myenv/lib/python3.12/site-packages/airflow/example_dags/example_trigger_controller_dag.py
[2025-04-03T13:50:53.745+0000] {processor.py:914} INFO - Processing file /home/hamza/Documents/project/Mlops/myenv/lib/python3.12/site-packages/airflow/example_dags/example_trigger_controller_dag.py for tasks to queue
[2025-04-03T13:50:53.749+0000] {logging_mixin.py:190} INFO - [2025-04-03T13:50:53.749+0000] {dagbag.py:588} INFO - Filling up the DagBag from /home/hamza/Documents/project/Mlops/myenv/lib/python3.12/site-packages/airflow/example_dags/example_trigger_controller_dag.py
[2025-04-03T13:50:53.760+0000] {processor.py:925} INFO - DAG(s) 'example_trigger_controller_dag' retrieved from /home/hamza/Documents/project/Mlops/myenv/lib/python3.12/site-packages/airflow/example_dags/example_trigger_controller_dag.py
[2025-04-03T13:50:53.787+0000] {logging_mixin.py:190} INFO - [2025-04-03T13:50:53.786+0000] {dag.py:3239} INFO - Sync 1 DAGs
[2025-04-03T13:50:53.817+0000] {logging_mixin.py:190} INFO - [2025-04-03T13:50:53.817+0000] {dag.py:4180} INFO - Setting next_dagrun for example_trigger_controller_dag to 2021-01-01 00:00:00+00:00, run_after=2021-01-01 00:00:00+00:00
[2025-04-03T13:50:53.852+0000] {processor.py:208} INFO - Processing /home/hamza/Documents/project/Mlops/myenv/lib/python3.12/site-packages/airflow/example_dags/example_trigger_controller_dag.py took 0.122 seconds
[2025-04-03T13:52:30.741+0000] {processor.py:186} INFO - Started process (PID=104912) to work on /home/hamza/Documents/project/Mlops/myenv/lib/python3.12/site-packages/airflow/example_dags/example_trigger_controller_dag.py
[2025-04-03T13:52:30.743+0000] {processor.py:914} INFO - Processing file /home/hamza/Documents/project/Mlops/myenv/lib/python3.12/site-packages/airflow/example_dags/example_trigger_controller_dag.py for tasks to queue
[2025-04-03T13:52:30.747+0000] {logging_mixin.py:190} INFO - [2025-04-03T13:52:30.747+0000] {dagbag.py:588} INFO - Filling up the DagBag from /home/hamza/Documents/project/Mlops/myenv/lib/python3.12/site-packages/airflow/example_dags/example_trigger_controller_dag.py
[2025-04-03T13:52:30.760+0000] {processor.py:925} INFO - DAG(s) 'example_trigger_controller_dag' retrieved from /home/hamza/Documents/project/Mlops/myenv/lib/python3.12/site-packages/airflow/example_dags/example_trigger_controller_dag.py
[2025-04-03T13:52:30.790+0000] {logging_mixin.py:190} INFO - [2025-04-03T13:52:30.789+0000] {dag.py:3239} INFO - Sync 1 DAGs
[2025-04-03T13:52:30.827+0000] {logging_mixin.py:190} INFO - [2025-04-03T13:52:30.827+0000] {dag.py:4180} INFO - Setting next_dagrun for example_trigger_controller_dag to 2021-01-01 00:00:00+00:00, run_after=2021-01-01 00:00:00+00:00
[2025-04-03T13:52:30.872+0000] {processor.py:208} INFO - Processing /home/hamza/Documents/project/Mlops/myenv/lib/python3.12/site-packages/airflow/example_dags/example_trigger_controller_dag.py took 0.140 seconds
[2025-04-03T13:54:06.642+0000] {processor.py:186} INFO - Started process (PID=105929) to work on /home/hamza/Documents/project/Mlops/myenv/lib/python3.12/site-packages/airflow/example_dags/example_trigger_controller_dag.py
[2025-04-03T13:54:06.645+0000] {processor.py:914} INFO - Processing file /home/hamza/Documents/project/Mlops/myenv/lib/python3.12/site-packages/airflow/example_dags/example_trigger_controller_dag.py for tasks to queue
[2025-04-03T13:54:06.649+0000] {logging_mixin.py:190} INFO - [2025-04-03T13:54:06.648+0000] {dagbag.py:588} INFO - Filling up the DagBag from /home/hamza/Documents/project/Mlops/myenv/lib/python3.12/site-packages/airflow/example_dags/example_trigger_controller_dag.py
[2025-04-03T13:54:06.661+0000] {processor.py:925} INFO - DAG(s) 'example_trigger_controller_dag' retrieved from /home/hamza/Documents/project/Mlops/myenv/lib/python3.12/site-packages/airflow/example_dags/example_trigger_controller_dag.py
[2025-04-03T13:54:06.687+0000] {logging_mixin.py:190} INFO - [2025-04-03T13:54:06.686+0000] {dag.py:3239} INFO - Sync 1 DAGs
[2025-04-03T13:54:06.719+0000] {logging_mixin.py:190} INFO - [2025-04-03T13:54:06.719+0000] {dag.py:4180} INFO - Setting next_dagrun for example_trigger_controller_dag to 2021-01-01 00:00:00+00:00, run_after=2021-01-01 00:00:00+00:00
[2025-04-03T13:54:06.754+0000] {processor.py:208} INFO - Processing /home/hamza/Documents/project/Mlops/myenv/lib/python3.12/site-packages/airflow/example_dags/example_trigger_controller_dag.py took 0.121 seconds
[2025-04-03T13:57:54.779+0000] {processor.py:186} INFO - Started process (PID=108942) to work on /home/hamza/Documents/project/Mlops/myenv/lib/python3.12/site-packages/airflow/example_dags/example_trigger_controller_dag.py
[2025-04-03T13:57:54.781+0000] {processor.py:914} INFO - Processing file /home/hamza/Documents/project/Mlops/myenv/lib/python3.12/site-packages/airflow/example_dags/example_trigger_controller_dag.py for tasks to queue
[2025-04-03T13:57:54.783+0000] {logging_mixin.py:190} INFO - [2025-04-03T13:57:54.782+0000] {dagbag.py:588} INFO - Filling up the DagBag from /home/hamza/Documents/project/Mlops/myenv/lib/python3.12/site-packages/airflow/example_dags/example_trigger_controller_dag.py
[2025-04-03T13:57:54.790+0000] {processor.py:925} INFO - DAG(s) 'example_trigger_controller_dag' retrieved from /home/hamza/Documents/project/Mlops/myenv/lib/python3.12/site-packages/airflow/example_dags/example_trigger_controller_dag.py
[2025-04-03T13:57:54.822+0000] {logging_mixin.py:190} INFO - [2025-04-03T13:57:54.822+0000] {dag.py:3239} INFO - Sync 1 DAGs
[2025-04-03T13:57:54.854+0000] {logging_mixin.py:190} INFO - [2025-04-03T13:57:54.853+0000] {dag.py:4180} INFO - Setting next_dagrun for example_trigger_controller_dag to 2021-01-01 00:00:00+00:00, run_after=2021-01-01 00:00:00+00:00
[2025-04-03T13:57:54.885+0000] {processor.py:208} INFO - Processing /home/hamza/Documents/project/Mlops/myenv/lib/python3.12/site-packages/airflow/example_dags/example_trigger_controller_dag.py took 0.124 seconds
[2025-04-03T13:59:03.065+0000] {processor.py:186} INFO - Started process (PID=109840) to work on /home/hamza/Documents/project/Mlops/myenv/lib/python3.12/site-packages/airflow/example_dags/example_trigger_controller_dag.py
[2025-04-03T13:59:03.067+0000] {processor.py:914} INFO - Processing file /home/hamza/Documents/project/Mlops/myenv/lib/python3.12/site-packages/airflow/example_dags/example_trigger_controller_dag.py for tasks to queue
[2025-04-03T13:59:03.071+0000] {logging_mixin.py:190} INFO - [2025-04-03T13:59:03.070+0000] {dagbag.py:588} INFO - Filling up the DagBag from /home/hamza/Documents/project/Mlops/myenv/lib/python3.12/site-packages/airflow/example_dags/example_trigger_controller_dag.py
[2025-04-03T13:59:03.082+0000] {processor.py:925} INFO - DAG(s) 'example_trigger_controller_dag' retrieved from /home/hamza/Documents/project/Mlops/myenv/lib/python3.12/site-packages/airflow/example_dags/example_trigger_controller_dag.py
[2025-04-03T13:59:03.110+0000] {logging_mixin.py:190} INFO - [2025-04-03T13:59:03.110+0000] {dag.py:3239} INFO - Sync 1 DAGs
[2025-04-03T13:59:03.141+0000] {logging_mixin.py:190} INFO - [2025-04-03T13:59:03.140+0000] {dag.py:4180} INFO - Setting next_dagrun for example_trigger_controller_dag to 2021-01-01 00:00:00+00:00, run_after=2021-01-01 00:00:00+00:00
[2025-04-03T13:59:03.173+0000] {processor.py:208} INFO - Processing /home/hamza/Documents/project/Mlops/myenv/lib/python3.12/site-packages/airflow/example_dags/example_trigger_controller_dag.py took 0.116 seconds
[2025-04-03T14:09:56.543+0000] {processor.py:186} INFO - Started process (PID=117916) to work on /home/hamza/Documents/project/Mlops/myenv/lib/python3.12/site-packages/airflow/example_dags/example_trigger_controller_dag.py
[2025-04-03T14:09:56.545+0000] {processor.py:914} INFO - Processing file /home/hamza/Documents/project/Mlops/myenv/lib/python3.12/site-packages/airflow/example_dags/example_trigger_controller_dag.py for tasks to queue
[2025-04-03T14:09:56.547+0000] {logging_mixin.py:190} INFO - [2025-04-03T14:09:56.546+0000] {dagbag.py:588} INFO - Filling up the DagBag from /home/hamza/Documents/project/Mlops/myenv/lib/python3.12/site-packages/airflow/example_dags/example_trigger_controller_dag.py
[2025-04-03T14:09:56.554+0000] {processor.py:925} INFO - DAG(s) 'example_trigger_controller_dag' retrieved from /home/hamza/Documents/project/Mlops/myenv/lib/python3.12/site-packages/airflow/example_dags/example_trigger_controller_dag.py
[2025-04-03T14:09:56.584+0000] {logging_mixin.py:190} INFO - [2025-04-03T14:09:56.584+0000] {dag.py:3239} INFO - Sync 1 DAGs
[2025-04-03T14:09:56.619+0000] {logging_mixin.py:190} INFO - [2025-04-03T14:09:56.619+0000] {dag.py:4180} INFO - Setting next_dagrun for example_trigger_controller_dag to 2021-01-01 00:00:00+00:00, run_after=2021-01-01 00:00:00+00:00
[2025-04-03T14:09:56.654+0000] {processor.py:208} INFO - Processing /home/hamza/Documents/project/Mlops/myenv/lib/python3.12/site-packages/airflow/example_dags/example_trigger_controller_dag.py took 0.121 seconds
[2025-04-03T14:11:11.171+0000] {processor.py:186} INFO - Started process (PID=118606) to work on /home/hamza/Documents/project/Mlops/myenv/lib/python3.12/site-packages/airflow/example_dags/example_trigger_controller_dag.py
[2025-04-03T14:11:11.174+0000] {processor.py:914} INFO - Processing file /home/hamza/Documents/project/Mlops/myenv/lib/python3.12/site-packages/airflow/example_dags/example_trigger_controller_dag.py for tasks to queue
[2025-04-03T14:11:11.176+0000] {logging_mixin.py:190} INFO - [2025-04-03T14:11:11.175+0000] {dagbag.py:588} INFO - Filling up the DagBag from /home/hamza/Documents/project/Mlops/myenv/lib/python3.12/site-packages/airflow/example_dags/example_trigger_controller_dag.py
[2025-04-03T14:11:11.184+0000] {processor.py:925} INFO - DAG(s) 'example_trigger_controller_dag' retrieved from /home/hamza/Documents/project/Mlops/myenv/lib/python3.12/site-packages/airflow/example_dags/example_trigger_controller_dag.py
[2025-04-03T14:11:11.215+0000] {logging_mixin.py:190} INFO - [2025-04-03T14:11:11.214+0000] {dag.py:3239} INFO - Sync 1 DAGs
[2025-04-03T14:11:11.246+0000] {logging_mixin.py:190} INFO - [2025-04-03T14:11:11.246+0000] {dag.py:4180} INFO - Setting next_dagrun for example_trigger_controller_dag to 2021-01-01 00:00:00+00:00, run_after=2021-01-01 00:00:00+00:00
[2025-04-03T14:11:11.276+0000] {processor.py:208} INFO - Processing /home/hamza/Documents/project/Mlops/myenv/lib/python3.12/site-packages/airflow/example_dags/example_trigger_controller_dag.py took 0.117 seconds
[2025-04-03T14:12:51.338+0000] {processor.py:186} INFO - Started process (PID=119537) to work on /home/hamza/Documents/project/Mlops/myenv/lib/python3.12/site-packages/airflow/example_dags/example_trigger_controller_dag.py
[2025-04-03T14:12:51.340+0000] {processor.py:914} INFO - Processing file /home/hamza/Documents/project/Mlops/myenv/lib/python3.12/site-packages/airflow/example_dags/example_trigger_controller_dag.py for tasks to queue
[2025-04-03T14:12:51.342+0000] {logging_mixin.py:190} INFO - [2025-04-03T14:12:51.341+0000] {dagbag.py:588} INFO - Filling up the DagBag from /home/hamza/Documents/project/Mlops/myenv/lib/python3.12/site-packages/airflow/example_dags/example_trigger_controller_dag.py
[2025-04-03T14:12:51.351+0000] {processor.py:925} INFO - DAG(s) 'example_trigger_controller_dag' retrieved from /home/hamza/Documents/project/Mlops/myenv/lib/python3.12/site-packages/airflow/example_dags/example_trigger_controller_dag.py
[2025-04-03T14:12:51.377+0000] {logging_mixin.py:190} INFO - [2025-04-03T14:12:51.377+0000] {dag.py:3239} INFO - Sync 1 DAGs
[2025-04-03T14:12:51.410+0000] {logging_mixin.py:190} INFO - [2025-04-03T14:12:51.409+0000] {dag.py:4180} INFO - Setting next_dagrun for example_trigger_controller_dag to 2021-01-01 00:00:00+00:00, run_after=2021-01-01 00:00:00+00:00
[2025-04-03T14:12:51.444+0000] {processor.py:208} INFO - Processing /home/hamza/Documents/project/Mlops/myenv/lib/python3.12/site-packages/airflow/example_dags/example_trigger_controller_dag.py took 0.116 seconds
[2025-04-03T14:18:35.226+0000] {processor.py:186} INFO - Started process (PID=122279) to work on /home/hamza/Documents/project/Mlops/myenv/lib/python3.12/site-packages/airflow/example_dags/example_trigger_controller_dag.py
[2025-04-03T14:18:35.228+0000] {processor.py:914} INFO - Processing file /home/hamza/Documents/project/Mlops/myenv/lib/python3.12/site-packages/airflow/example_dags/example_trigger_controller_dag.py for tasks to queue
[2025-04-03T14:18:35.232+0000] {logging_mixin.py:190} INFO - [2025-04-03T14:18:35.231+0000] {dagbag.py:588} INFO - Filling up the DagBag from /home/hamza/Documents/project/Mlops/myenv/lib/python3.12/site-packages/airflow/example_dags/example_trigger_controller_dag.py
[2025-04-03T14:18:35.238+0000] {processor.py:925} INFO - DAG(s) 'example_trigger_controller_dag' retrieved from /home/hamza/Documents/project/Mlops/myenv/lib/python3.12/site-packages/airflow/example_dags/example_trigger_controller_dag.py
[2025-04-03T14:18:35.270+0000] {logging_mixin.py:190} INFO - [2025-04-03T14:18:35.269+0000] {dag.py:3239} INFO - Sync 1 DAGs
[2025-04-03T14:18:35.303+0000] {logging_mixin.py:190} INFO - [2025-04-03T14:18:35.303+0000] {dag.py:4180} INFO - Setting next_dagrun for example_trigger_controller_dag to 2021-01-01 00:00:00+00:00, run_after=2021-01-01 00:00:00+00:00
[2025-04-03T14:18:35.339+0000] {processor.py:208} INFO - Processing /home/hamza/Documents/project/Mlops/myenv/lib/python3.12/site-packages/airflow/example_dags/example_trigger_controller_dag.py took 0.122 seconds
[2025-04-03T14:19:49.558+0000] {processor.py:186} INFO - Started process (PID=122975) to work on /home/hamza/Documents/project/Mlops/myenv/lib/python3.12/site-packages/airflow/example_dags/example_trigger_controller_dag.py
[2025-04-03T14:19:49.559+0000] {processor.py:914} INFO - Processing file /home/hamza/Documents/project/Mlops/myenv/lib/python3.12/site-packages/airflow/example_dags/example_trigger_controller_dag.py for tasks to queue
[2025-04-03T14:19:49.562+0000] {logging_mixin.py:190} INFO - [2025-04-03T14:19:49.561+0000] {dagbag.py:588} INFO - Filling up the DagBag from /home/hamza/Documents/project/Mlops/myenv/lib/python3.12/site-packages/airflow/example_dags/example_trigger_controller_dag.py
[2025-04-03T14:19:49.570+0000] {processor.py:925} INFO - DAG(s) 'example_trigger_controller_dag' retrieved from /home/hamza/Documents/project/Mlops/myenv/lib/python3.12/site-packages/airflow/example_dags/example_trigger_controller_dag.py
[2025-04-03T14:19:49.595+0000] {logging_mixin.py:190} INFO - [2025-04-03T14:19:49.595+0000] {dag.py:3239} INFO - Sync 1 DAGs
[2025-04-03T14:19:49.623+0000] {logging_mixin.py:190} INFO - [2025-04-03T14:19:49.622+0000] {dag.py:4180} INFO - Setting next_dagrun for example_trigger_controller_dag to 2021-01-01 00:00:00+00:00, run_after=2021-01-01 00:00:00+00:00
[2025-04-03T14:19:49.654+0000] {processor.py:208} INFO - Processing /home/hamza/Documents/project/Mlops/myenv/lib/python3.12/site-packages/airflow/example_dags/example_trigger_controller_dag.py took 0.105 seconds
[2025-04-03T15:08:06.484+0000] {processor.py:186} INFO - Started process (PID=35710) to work on /home/hamza/Documents/project/Mlops/myenv/lib/python3.12/site-packages/airflow/example_dags/example_trigger_controller_dag.py
[2025-04-03T15:08:06.486+0000] {processor.py:914} INFO - Processing file /home/hamza/Documents/project/Mlops/myenv/lib/python3.12/site-packages/airflow/example_dags/example_trigger_controller_dag.py for tasks to queue
[2025-04-03T15:08:06.490+0000] {logging_mixin.py:190} INFO - [2025-04-03T15:08:06.489+0000] {dagbag.py:588} INFO - Filling up the DagBag from /home/hamza/Documents/project/Mlops/myenv/lib/python3.12/site-packages/airflow/example_dags/example_trigger_controller_dag.py
[2025-04-03T15:08:06.499+0000] {processor.py:925} INFO - DAG(s) 'example_trigger_controller_dag' retrieved from /home/hamza/Documents/project/Mlops/myenv/lib/python3.12/site-packages/airflow/example_dags/example_trigger_controller_dag.py
[2025-04-03T15:08:06.522+0000] {logging_mixin.py:190} INFO - [2025-04-03T15:08:06.522+0000] {dag.py:3239} INFO - Sync 1 DAGs
[2025-04-03T15:08:06.550+0000] {logging_mixin.py:190} INFO - [2025-04-03T15:08:06.549+0000] {dag.py:4180} INFO - Setting next_dagrun for example_trigger_controller_dag to 2021-01-01 00:00:00+00:00, run_after=2021-01-01 00:00:00+00:00
[2025-04-03T15:08:06.589+0000] {processor.py:208} INFO - Processing /home/hamza/Documents/project/Mlops/myenv/lib/python3.12/site-packages/airflow/example_dags/example_trigger_controller_dag.py took 0.113 seconds
[2025-04-03T15:09:21.727+0000] {processor.py:186} INFO - Started process (PID=36743) to work on /home/hamza/Documents/project/Mlops/myenv/lib/python3.12/site-packages/airflow/example_dags/example_trigger_controller_dag.py
[2025-04-03T15:09:21.731+0000] {processor.py:914} INFO - Processing file /home/hamza/Documents/project/Mlops/myenv/lib/python3.12/site-packages/airflow/example_dags/example_trigger_controller_dag.py for tasks to queue
[2025-04-03T15:09:21.735+0000] {logging_mixin.py:190} INFO - [2025-04-03T15:09:21.734+0000] {dagbag.py:588} INFO - Filling up the DagBag from /home/hamza/Documents/project/Mlops/myenv/lib/python3.12/site-packages/airflow/example_dags/example_trigger_controller_dag.py
[2025-04-03T15:09:21.747+0000] {processor.py:925} INFO - DAG(s) 'example_trigger_controller_dag' retrieved from /home/hamza/Documents/project/Mlops/myenv/lib/python3.12/site-packages/airflow/example_dags/example_trigger_controller_dag.py
[2025-04-03T15:09:21.771+0000] {logging_mixin.py:190} INFO - [2025-04-03T15:09:21.770+0000] {dag.py:3239} INFO - Sync 1 DAGs
[2025-04-03T15:09:21.801+0000] {logging_mixin.py:190} INFO - [2025-04-03T15:09:21.801+0000] {dag.py:4180} INFO - Setting next_dagrun for example_trigger_controller_dag to 2021-01-01 00:00:00+00:00, run_after=2021-01-01 00:00:00+00:00
[2025-04-03T15:09:21.834+0000] {processor.py:208} INFO - Processing /home/hamza/Documents/project/Mlops/myenv/lib/python3.12/site-packages/airflow/example_dags/example_trigger_controller_dag.py took 0.116 seconds
[2025-04-03T15:10:50.797+0000] {processor.py:186} INFO - Started process (PID=37578) to work on /home/hamza/Documents/project/Mlops/myenv/lib/python3.12/site-packages/airflow/example_dags/example_trigger_controller_dag.py
[2025-04-03T15:10:50.803+0000] {processor.py:914} INFO - Processing file /home/hamza/Documents/project/Mlops/myenv/lib/python3.12/site-packages/airflow/example_dags/example_trigger_controller_dag.py for tasks to queue
[2025-04-03T15:10:50.808+0000] {logging_mixin.py:190} INFO - [2025-04-03T15:10:50.808+0000] {dagbag.py:588} INFO - Filling up the DagBag from /home/hamza/Documents/project/Mlops/myenv/lib/python3.12/site-packages/airflow/example_dags/example_trigger_controller_dag.py
[2025-04-03T15:10:50.820+0000] {processor.py:925} INFO - DAG(s) 'example_trigger_controller_dag' retrieved from /home/hamza/Documents/project/Mlops/myenv/lib/python3.12/site-packages/airflow/example_dags/example_trigger_controller_dag.py
[2025-04-03T15:10:50.847+0000] {logging_mixin.py:190} INFO - [2025-04-03T15:10:50.846+0000] {dag.py:3239} INFO - Sync 1 DAGs
[2025-04-03T15:10:50.884+0000] {logging_mixin.py:190} INFO - [2025-04-03T15:10:50.884+0000] {dag.py:4180} INFO - Setting next_dagrun for example_trigger_controller_dag to 2021-01-01 00:00:00+00:00, run_after=2021-01-01 00:00:00+00:00
[2025-04-03T15:10:50.929+0000] {processor.py:208} INFO - Processing /home/hamza/Documents/project/Mlops/myenv/lib/python3.12/site-packages/airflow/example_dags/example_trigger_controller_dag.py took 0.141 seconds
[2025-04-03T15:12:18.955+0000] {processor.py:186} INFO - Started process (PID=38384) to work on /home/hamza/Documents/project/Mlops/myenv/lib/python3.12/site-packages/airflow/example_dags/example_trigger_controller_dag.py
[2025-04-03T15:12:18.959+0000] {processor.py:914} INFO - Processing file /home/hamza/Documents/project/Mlops/myenv/lib/python3.12/site-packages/airflow/example_dags/example_trigger_controller_dag.py for tasks to queue
[2025-04-03T15:12:18.963+0000] {logging_mixin.py:190} INFO - [2025-04-03T15:12:18.962+0000] {dagbag.py:588} INFO - Filling up the DagBag from /home/hamza/Documents/project/Mlops/myenv/lib/python3.12/site-packages/airflow/example_dags/example_trigger_controller_dag.py
[2025-04-03T15:12:18.974+0000] {processor.py:925} INFO - DAG(s) 'example_trigger_controller_dag' retrieved from /home/hamza/Documents/project/Mlops/myenv/lib/python3.12/site-packages/airflow/example_dags/example_trigger_controller_dag.py
[2025-04-03T15:12:18.999+0000] {logging_mixin.py:190} INFO - [2025-04-03T15:12:18.998+0000] {dag.py:3239} INFO - Sync 1 DAGs
[2025-04-03T15:12:19.038+0000] {logging_mixin.py:190} INFO - [2025-04-03T15:12:19.038+0000] {dag.py:4180} INFO - Setting next_dagrun for example_trigger_controller_dag to 2021-01-01 00:00:00+00:00, run_after=2021-01-01 00:00:00+00:00
[2025-04-03T15:12:19.074+0000] {processor.py:208} INFO - Processing /home/hamza/Documents/project/Mlops/myenv/lib/python3.12/site-packages/airflow/example_dags/example_trigger_controller_dag.py took 0.128 seconds
[2025-04-03T15:13:56.184+0000] {processor.py:186} INFO - Started process (PID=39278) to work on /home/hamza/Documents/project/Mlops/myenv/lib/python3.12/site-packages/airflow/example_dags/example_trigger_controller_dag.py
[2025-04-03T15:13:56.188+0000] {processor.py:914} INFO - Processing file /home/hamza/Documents/project/Mlops/myenv/lib/python3.12/site-packages/airflow/example_dags/example_trigger_controller_dag.py for tasks to queue
[2025-04-03T15:13:56.192+0000] {logging_mixin.py:190} INFO - [2025-04-03T15:13:56.191+0000] {dagbag.py:588} INFO - Filling up the DagBag from /home/hamza/Documents/project/Mlops/myenv/lib/python3.12/site-packages/airflow/example_dags/example_trigger_controller_dag.py
[2025-04-03T15:13:56.205+0000] {processor.py:925} INFO - DAG(s) 'example_trigger_controller_dag' retrieved from /home/hamza/Documents/project/Mlops/myenv/lib/python3.12/site-packages/airflow/example_dags/example_trigger_controller_dag.py
[2025-04-03T15:13:56.232+0000] {logging_mixin.py:190} INFO - [2025-04-03T15:13:56.231+0000] {dag.py:3239} INFO - Sync 1 DAGs
[2025-04-03T15:13:56.263+0000] {logging_mixin.py:190} INFO - [2025-04-03T15:13:56.263+0000] {dag.py:4180} INFO - Setting next_dagrun for example_trigger_controller_dag to 2021-01-01 00:00:00+00:00, run_after=2021-01-01 00:00:00+00:00
[2025-04-03T15:13:56.301+0000] {processor.py:208} INFO - Processing /home/hamza/Documents/project/Mlops/myenv/lib/python3.12/site-packages/airflow/example_dags/example_trigger_controller_dag.py took 0.125 seconds
[2025-04-03T15:15:29.566+0000] {processor.py:186} INFO - Started process (PID=40228) to work on /home/hamza/Documents/project/Mlops/myenv/lib/python3.12/site-packages/airflow/example_dags/example_trigger_controller_dag.py
[2025-04-03T15:15:29.572+0000] {processor.py:914} INFO - Processing file /home/hamza/Documents/project/Mlops/myenv/lib/python3.12/site-packages/airflow/example_dags/example_trigger_controller_dag.py for tasks to queue
[2025-04-03T15:15:29.576+0000] {logging_mixin.py:190} INFO - [2025-04-03T15:15:29.576+0000] {dagbag.py:588} INFO - Filling up the DagBag from /home/hamza/Documents/project/Mlops/myenv/lib/python3.12/site-packages/airflow/example_dags/example_trigger_controller_dag.py
[2025-04-03T15:15:29.588+0000] {processor.py:925} INFO - DAG(s) 'example_trigger_controller_dag' retrieved from /home/hamza/Documents/project/Mlops/myenv/lib/python3.12/site-packages/airflow/example_dags/example_trigger_controller_dag.py
[2025-04-03T15:15:29.611+0000] {logging_mixin.py:190} INFO - [2025-04-03T15:15:29.611+0000] {dag.py:3239} INFO - Sync 1 DAGs
[2025-04-03T15:15:29.639+0000] {logging_mixin.py:190} INFO - [2025-04-03T15:15:29.639+0000] {dag.py:4180} INFO - Setting next_dagrun for example_trigger_controller_dag to 2021-01-01 00:00:00+00:00, run_after=2021-01-01 00:00:00+00:00
[2025-04-03T15:15:29.675+0000] {processor.py:208} INFO - Processing /home/hamza/Documents/project/Mlops/myenv/lib/python3.12/site-packages/airflow/example_dags/example_trigger_controller_dag.py took 0.117 seconds
[2025-04-03T15:17:07.957+0000] {processor.py:186} INFO - Started process (PID=41192) to work on /home/hamza/Documents/project/Mlops/myenv/lib/python3.12/site-packages/airflow/example_dags/example_trigger_controller_dag.py
[2025-04-03T15:17:07.962+0000] {processor.py:914} INFO - Processing file /home/hamza/Documents/project/Mlops/myenv/lib/python3.12/site-packages/airflow/example_dags/example_trigger_controller_dag.py for tasks to queue
[2025-04-03T15:17:07.965+0000] {logging_mixin.py:190} INFO - [2025-04-03T15:17:07.965+0000] {dagbag.py:588} INFO - Filling up the DagBag from /home/hamza/Documents/project/Mlops/myenv/lib/python3.12/site-packages/airflow/example_dags/example_trigger_controller_dag.py
[2025-04-03T15:17:07.978+0000] {processor.py:925} INFO - DAG(s) 'example_trigger_controller_dag' retrieved from /home/hamza/Documents/project/Mlops/myenv/lib/python3.12/site-packages/airflow/example_dags/example_trigger_controller_dag.py
[2025-04-03T15:17:08.001+0000] {logging_mixin.py:190} INFO - [2025-04-03T15:17:08.001+0000] {dag.py:3239} INFO - Sync 1 DAGs
[2025-04-03T15:17:08.032+0000] {logging_mixin.py:190} INFO - [2025-04-03T15:17:08.031+0000] {dag.py:4180} INFO - Setting next_dagrun for example_trigger_controller_dag to 2021-01-01 00:00:00+00:00, run_after=2021-01-01 00:00:00+00:00
[2025-04-03T15:17:08.151+0000] {processor.py:208} INFO - Processing /home/hamza/Documents/project/Mlops/myenv/lib/python3.12/site-packages/airflow/example_dags/example_trigger_controller_dag.py took 0.203 seconds
[2025-04-03T15:18:41.145+0000] {processor.py:186} INFO - Started process (PID=42169) to work on /home/hamza/Documents/project/Mlops/myenv/lib/python3.12/site-packages/airflow/example_dags/example_trigger_controller_dag.py
[2025-04-03T15:18:41.147+0000] {processor.py:914} INFO - Processing file /home/hamza/Documents/project/Mlops/myenv/lib/python3.12/site-packages/airflow/example_dags/example_trigger_controller_dag.py for tasks to queue
[2025-04-03T15:18:41.152+0000] {logging_mixin.py:190} INFO - [2025-04-03T15:18:41.151+0000] {dagbag.py:588} INFO - Filling up the DagBag from /home/hamza/Documents/project/Mlops/myenv/lib/python3.12/site-packages/airflow/example_dags/example_trigger_controller_dag.py
[2025-04-03T15:18:41.163+0000] {processor.py:925} INFO - DAG(s) 'example_trigger_controller_dag' retrieved from /home/hamza/Documents/project/Mlops/myenv/lib/python3.12/site-packages/airflow/example_dags/example_trigger_controller_dag.py
[2025-04-03T15:18:41.189+0000] {logging_mixin.py:190} INFO - [2025-04-03T15:18:41.188+0000] {dag.py:3239} INFO - Sync 1 DAGs
[2025-04-03T15:18:41.221+0000] {logging_mixin.py:190} INFO - [2025-04-03T15:18:41.221+0000] {dag.py:4180} INFO - Setting next_dagrun for example_trigger_controller_dag to 2021-01-01 00:00:00+00:00, run_after=2021-01-01 00:00:00+00:00
[2025-04-03T15:18:41.263+0000] {processor.py:208} INFO - Processing /home/hamza/Documents/project/Mlops/myenv/lib/python3.12/site-packages/airflow/example_dags/example_trigger_controller_dag.py took 0.127 seconds
[2025-04-03T15:20:11.906+0000] {processor.py:186} INFO - Started process (PID=43173) to work on /home/hamza/Documents/project/Mlops/myenv/lib/python3.12/site-packages/airflow/example_dags/example_trigger_controller_dag.py
[2025-04-03T15:20:11.909+0000] {processor.py:914} INFO - Processing file /home/hamza/Documents/project/Mlops/myenv/lib/python3.12/site-packages/airflow/example_dags/example_trigger_controller_dag.py for tasks to queue
[2025-04-03T15:20:11.913+0000] {logging_mixin.py:190} INFO - [2025-04-03T15:20:11.912+0000] {dagbag.py:588} INFO - Filling up the DagBag from /home/hamza/Documents/project/Mlops/myenv/lib/python3.12/site-packages/airflow/example_dags/example_trigger_controller_dag.py
[2025-04-03T15:20:11.924+0000] {processor.py:925} INFO - DAG(s) 'example_trigger_controller_dag' retrieved from /home/hamza/Documents/project/Mlops/myenv/lib/python3.12/site-packages/airflow/example_dags/example_trigger_controller_dag.py
[2025-04-03T15:20:11.948+0000] {logging_mixin.py:190} INFO - [2025-04-03T15:20:11.948+0000] {dag.py:3239} INFO - Sync 1 DAGs
[2025-04-03T15:20:11.979+0000] {logging_mixin.py:190} INFO - [2025-04-03T15:20:11.979+0000] {dag.py:4180} INFO - Setting next_dagrun for example_trigger_controller_dag to 2021-01-01 00:00:00+00:00, run_after=2021-01-01 00:00:00+00:00
[2025-04-03T15:20:12.012+0000] {processor.py:208} INFO - Processing /home/hamza/Documents/project/Mlops/myenv/lib/python3.12/site-packages/airflow/example_dags/example_trigger_controller_dag.py took 0.115 seconds
[2025-04-03T15:21:46.806+0000] {processor.py:186} INFO - Started process (PID=44079) to work on /home/hamza/Documents/project/Mlops/myenv/lib/python3.12/site-packages/airflow/example_dags/example_trigger_controller_dag.py
[2025-04-03T15:21:46.807+0000] {processor.py:914} INFO - Processing file /home/hamza/Documents/project/Mlops/myenv/lib/python3.12/site-packages/airflow/example_dags/example_trigger_controller_dag.py for tasks to queue
[2025-04-03T15:21:46.810+0000] {logging_mixin.py:190} INFO - [2025-04-03T15:21:46.810+0000] {dagbag.py:588} INFO - Filling up the DagBag from /home/hamza/Documents/project/Mlops/myenv/lib/python3.12/site-packages/airflow/example_dags/example_trigger_controller_dag.py
[2025-04-03T15:21:46.821+0000] {processor.py:925} INFO - DAG(s) 'example_trigger_controller_dag' retrieved from /home/hamza/Documents/project/Mlops/myenv/lib/python3.12/site-packages/airflow/example_dags/example_trigger_controller_dag.py
[2025-04-03T15:21:46.845+0000] {logging_mixin.py:190} INFO - [2025-04-03T15:21:46.844+0000] {dag.py:3239} INFO - Sync 1 DAGs
[2025-04-03T15:21:46.876+0000] {logging_mixin.py:190} INFO - [2025-04-03T15:21:46.876+0000] {dag.py:4180} INFO - Setting next_dagrun for example_trigger_controller_dag to 2021-01-01 00:00:00+00:00, run_after=2021-01-01 00:00:00+00:00
[2025-04-03T15:21:46.908+0000] {processor.py:208} INFO - Processing /home/hamza/Documents/project/Mlops/myenv/lib/python3.12/site-packages/airflow/example_dags/example_trigger_controller_dag.py took 0.111 seconds
[2025-04-03T15:23:23.963+0000] {processor.py:186} INFO - Started process (PID=45041) to work on /home/hamza/Documents/project/Mlops/myenv/lib/python3.12/site-packages/airflow/example_dags/example_trigger_controller_dag.py
[2025-04-03T15:23:23.966+0000] {processor.py:914} INFO - Processing file /home/hamza/Documents/project/Mlops/myenv/lib/python3.12/site-packages/airflow/example_dags/example_trigger_controller_dag.py for tasks to queue
[2025-04-03T15:23:23.971+0000] {logging_mixin.py:190} INFO - [2025-04-03T15:23:23.970+0000] {dagbag.py:588} INFO - Filling up the DagBag from /home/hamza/Documents/project/Mlops/myenv/lib/python3.12/site-packages/airflow/example_dags/example_trigger_controller_dag.py
[2025-04-03T15:23:23.984+0000] {processor.py:925} INFO - DAG(s) 'example_trigger_controller_dag' retrieved from /home/hamza/Documents/project/Mlops/myenv/lib/python3.12/site-packages/airflow/example_dags/example_trigger_controller_dag.py
[2025-04-03T15:23:24.011+0000] {logging_mixin.py:190} INFO - [2025-04-03T15:23:24.011+0000] {dag.py:3239} INFO - Sync 1 DAGs
[2025-04-03T15:23:24.049+0000] {logging_mixin.py:190} INFO - [2025-04-03T15:23:24.048+0000] {dag.py:4180} INFO - Setting next_dagrun for example_trigger_controller_dag to 2021-01-01 00:00:00+00:00, run_after=2021-01-01 00:00:00+00:00
[2025-04-03T15:23:24.091+0000] {processor.py:208} INFO - Processing /home/hamza/Documents/project/Mlops/myenv/lib/python3.12/site-packages/airflow/example_dags/example_trigger_controller_dag.py took 0.137 seconds
[2025-04-03T15:24:59.168+0000] {processor.py:186} INFO - Started process (PID=45960) to work on /home/hamza/Documents/project/Mlops/myenv/lib/python3.12/site-packages/airflow/example_dags/example_trigger_controller_dag.py
[2025-04-03T15:24:59.171+0000] {processor.py:914} INFO - Processing file /home/hamza/Documents/project/Mlops/myenv/lib/python3.12/site-packages/airflow/example_dags/example_trigger_controller_dag.py for tasks to queue
[2025-04-03T15:24:59.175+0000] {logging_mixin.py:190} INFO - [2025-04-03T15:24:59.175+0000] {dagbag.py:588} INFO - Filling up the DagBag from /home/hamza/Documents/project/Mlops/myenv/lib/python3.12/site-packages/airflow/example_dags/example_trigger_controller_dag.py
[2025-04-03T15:24:59.188+0000] {processor.py:925} INFO - DAG(s) 'example_trigger_controller_dag' retrieved from /home/hamza/Documents/project/Mlops/myenv/lib/python3.12/site-packages/airflow/example_dags/example_trigger_controller_dag.py
[2025-04-03T15:24:59.213+0000] {logging_mixin.py:190} INFO - [2025-04-03T15:24:59.213+0000] {dag.py:3239} INFO - Sync 1 DAGs
[2025-04-03T15:24:59.245+0000] {logging_mixin.py:190} INFO - [2025-04-03T15:24:59.245+0000] {dag.py:4180} INFO - Setting next_dagrun for example_trigger_controller_dag to 2021-01-01 00:00:00+00:00, run_after=2021-01-01 00:00:00+00:00
[2025-04-03T15:24:59.277+0000] {processor.py:208} INFO - Processing /home/hamza/Documents/project/Mlops/myenv/lib/python3.12/site-packages/airflow/example_dags/example_trigger_controller_dag.py took 0.118 seconds
[2025-04-03T15:26:29.512+0000] {processor.py:186} INFO - Started process (PID=46833) to work on /home/hamza/Documents/project/Mlops/myenv/lib/python3.12/site-packages/airflow/example_dags/example_trigger_controller_dag.py
[2025-04-03T15:26:29.515+0000] {processor.py:914} INFO - Processing file /home/hamza/Documents/project/Mlops/myenv/lib/python3.12/site-packages/airflow/example_dags/example_trigger_controller_dag.py for tasks to queue
[2025-04-03T15:26:29.519+0000] {logging_mixin.py:190} INFO - [2025-04-03T15:26:29.518+0000] {dagbag.py:588} INFO - Filling up the DagBag from /home/hamza/Documents/project/Mlops/myenv/lib/python3.12/site-packages/airflow/example_dags/example_trigger_controller_dag.py
[2025-04-03T15:26:29.532+0000] {processor.py:925} INFO - DAG(s) 'example_trigger_controller_dag' retrieved from /home/hamza/Documents/project/Mlops/myenv/lib/python3.12/site-packages/airflow/example_dags/example_trigger_controller_dag.py
[2025-04-03T15:26:29.557+0000] {logging_mixin.py:190} INFO - [2025-04-03T15:26:29.557+0000] {dag.py:3239} INFO - Sync 1 DAGs
[2025-04-03T15:26:29.590+0000] {logging_mixin.py:190} INFO - [2025-04-03T15:26:29.589+0000] {dag.py:4180} INFO - Setting next_dagrun for example_trigger_controller_dag to 2021-01-01 00:00:00+00:00, run_after=2021-01-01 00:00:00+00:00
[2025-04-03T15:26:29.624+0000] {processor.py:208} INFO - Processing /home/hamza/Documents/project/Mlops/myenv/lib/python3.12/site-packages/airflow/example_dags/example_trigger_controller_dag.py took 0.121 seconds
[2025-04-03T16:31:05.401+0000] {processor.py:186} INFO - Started process (PID=82577) to work on /home/hamza/Documents/project/Mlops/myenv/lib/python3.12/site-packages/airflow/example_dags/example_trigger_controller_dag.py
[2025-04-03T16:31:05.402+0000] {processor.py:914} INFO - Processing file /home/hamza/Documents/project/Mlops/myenv/lib/python3.12/site-packages/airflow/example_dags/example_trigger_controller_dag.py for tasks to queue
[2025-04-03T16:31:05.406+0000] {logging_mixin.py:190} INFO - [2025-04-03T16:31:05.405+0000] {dagbag.py:588} INFO - Filling up the DagBag from /home/hamza/Documents/project/Mlops/myenv/lib/python3.12/site-packages/airflow/example_dags/example_trigger_controller_dag.py
[2025-04-03T16:31:05.419+0000] {processor.py:925} INFO - DAG(s) 'example_trigger_controller_dag' retrieved from /home/hamza/Documents/project/Mlops/myenv/lib/python3.12/site-packages/airflow/example_dags/example_trigger_controller_dag.py
[2025-04-03T16:31:05.447+0000] {logging_mixin.py:190} INFO - [2025-04-03T16:31:05.447+0000] {dag.py:3239} INFO - Sync 1 DAGs
[2025-04-03T16:31:05.491+0000] {logging_mixin.py:190} INFO - [2025-04-03T16:31:05.491+0000] {dag.py:4180} INFO - Setting next_dagrun for example_trigger_controller_dag to 2021-01-01 00:00:00+00:00, run_after=2021-01-01 00:00:00+00:00
[2025-04-03T16:31:05.540+0000] {processor.py:208} INFO - Processing /home/hamza/Documents/project/Mlops/myenv/lib/python3.12/site-packages/airflow/example_dags/example_trigger_controller_dag.py took 0.151 seconds
[2025-04-03T16:33:44.002+0000] {processor.py:186} INFO - Started process (PID=84040) to work on /home/hamza/Documents/project/Mlops/myenv/lib/python3.12/site-packages/airflow/example_dags/example_trigger_controller_dag.py
[2025-04-03T16:33:44.004+0000] {processor.py:914} INFO - Processing file /home/hamza/Documents/project/Mlops/myenv/lib/python3.12/site-packages/airflow/example_dags/example_trigger_controller_dag.py for tasks to queue
[2025-04-03T16:33:44.009+0000] {logging_mixin.py:190} INFO - [2025-04-03T16:33:44.008+0000] {dagbag.py:588} INFO - Filling up the DagBag from /home/hamza/Documents/project/Mlops/myenv/lib/python3.12/site-packages/airflow/example_dags/example_trigger_controller_dag.py
[2025-04-03T16:33:44.026+0000] {processor.py:925} INFO - DAG(s) 'example_trigger_controller_dag' retrieved from /home/hamza/Documents/project/Mlops/myenv/lib/python3.12/site-packages/airflow/example_dags/example_trigger_controller_dag.py
[2025-04-03T16:33:44.067+0000] {logging_mixin.py:190} INFO - [2025-04-03T16:33:44.067+0000] {dag.py:3239} INFO - Sync 1 DAGs
[2025-04-03T16:33:44.118+0000] {logging_mixin.py:190} INFO - [2025-04-03T16:33:44.117+0000] {dag.py:4180} INFO - Setting next_dagrun for example_trigger_controller_dag to 2021-01-01 00:00:00+00:00, run_after=2021-01-01 00:00:00+00:00
[2025-04-03T16:33:44.164+0000] {processor.py:208} INFO - Processing /home/hamza/Documents/project/Mlops/myenv/lib/python3.12/site-packages/airflow/example_dags/example_trigger_controller_dag.py took 0.174 seconds
[2025-04-03T16:35:14.654+0000] {processor.py:186} INFO - Started process (PID=84821) to work on /home/hamza/Documents/project/Mlops/myenv/lib/python3.12/site-packages/airflow/example_dags/example_trigger_controller_dag.py
[2025-04-03T16:35:14.656+0000] {processor.py:914} INFO - Processing file /home/hamza/Documents/project/Mlops/myenv/lib/python3.12/site-packages/airflow/example_dags/example_trigger_controller_dag.py for tasks to queue
[2025-04-03T16:35:14.662+0000] {logging_mixin.py:190} INFO - [2025-04-03T16:35:14.661+0000] {dagbag.py:588} INFO - Filling up the DagBag from /home/hamza/Documents/project/Mlops/myenv/lib/python3.12/site-packages/airflow/example_dags/example_trigger_controller_dag.py
[2025-04-03T16:35:14.674+0000] {processor.py:925} INFO - DAG(s) 'example_trigger_controller_dag' retrieved from /home/hamza/Documents/project/Mlops/myenv/lib/python3.12/site-packages/airflow/example_dags/example_trigger_controller_dag.py
[2025-04-03T16:35:14.701+0000] {logging_mixin.py:190} INFO - [2025-04-03T16:35:14.701+0000] {dag.py:3239} INFO - Sync 1 DAGs
[2025-04-03T16:35:14.738+0000] {logging_mixin.py:190} INFO - [2025-04-03T16:35:14.737+0000] {dag.py:4180} INFO - Setting next_dagrun for example_trigger_controller_dag to 2021-01-01 00:00:00+00:00, run_after=2021-01-01 00:00:00+00:00
[2025-04-03T16:35:14.777+0000] {processor.py:208} INFO - Processing /home/hamza/Documents/project/Mlops/myenv/lib/python3.12/site-packages/airflow/example_dags/example_trigger_controller_dag.py took 0.132 seconds
[2025-04-03T16:36:17.456+0000] {processor.py:186} INFO - Started process (PID=85389) to work on /home/hamza/Documents/project/Mlops/myenv/lib/python3.12/site-packages/airflow/example_dags/example_trigger_controller_dag.py
[2025-04-03T16:36:17.458+0000] {processor.py:914} INFO - Processing file /home/hamza/Documents/project/Mlops/myenv/lib/python3.12/site-packages/airflow/example_dags/example_trigger_controller_dag.py for tasks to queue
[2025-04-03T16:36:17.462+0000] {logging_mixin.py:190} INFO - [2025-04-03T16:36:17.461+0000] {dagbag.py:588} INFO - Filling up the DagBag from /home/hamza/Documents/project/Mlops/myenv/lib/python3.12/site-packages/airflow/example_dags/example_trigger_controller_dag.py
[2025-04-03T16:36:17.472+0000] {processor.py:925} INFO - DAG(s) 'example_trigger_controller_dag' retrieved from /home/hamza/Documents/project/Mlops/myenv/lib/python3.12/site-packages/airflow/example_dags/example_trigger_controller_dag.py
[2025-04-03T16:36:17.495+0000] {logging_mixin.py:190} INFO - [2025-04-03T16:36:17.494+0000] {dag.py:3239} INFO - Sync 1 DAGs
[2025-04-03T16:36:17.525+0000] {logging_mixin.py:190} INFO - [2025-04-03T16:36:17.524+0000] {dag.py:4180} INFO - Setting next_dagrun for example_trigger_controller_dag to 2021-01-01 00:00:00+00:00, run_after=2021-01-01 00:00:00+00:00
[2025-04-03T16:36:17.555+0000] {processor.py:208} INFO - Processing /home/hamza/Documents/project/Mlops/myenv/lib/python3.12/site-packages/airflow/example_dags/example_trigger_controller_dag.py took 0.107 seconds
[2025-04-03T16:37:44.434+0000] {processor.py:186} INFO - Started process (PID=86137) to work on /home/hamza/Documents/project/Mlops/myenv/lib/python3.12/site-packages/airflow/example_dags/example_trigger_controller_dag.py
[2025-04-03T16:37:44.436+0000] {processor.py:914} INFO - Processing file /home/hamza/Documents/project/Mlops/myenv/lib/python3.12/site-packages/airflow/example_dags/example_trigger_controller_dag.py for tasks to queue
[2025-04-03T16:37:44.442+0000] {logging_mixin.py:190} INFO - [2025-04-03T16:37:44.441+0000] {dagbag.py:588} INFO - Filling up the DagBag from /home/hamza/Documents/project/Mlops/myenv/lib/python3.12/site-packages/airflow/example_dags/example_trigger_controller_dag.py
[2025-04-03T16:37:44.455+0000] {processor.py:925} INFO - DAG(s) 'example_trigger_controller_dag' retrieved from /home/hamza/Documents/project/Mlops/myenv/lib/python3.12/site-packages/airflow/example_dags/example_trigger_controller_dag.py
[2025-04-03T16:37:44.482+0000] {logging_mixin.py:190} INFO - [2025-04-03T16:37:44.481+0000] {dag.py:3239} INFO - Sync 1 DAGs
[2025-04-03T16:37:44.518+0000] {logging_mixin.py:190} INFO - [2025-04-03T16:37:44.518+0000] {dag.py:4180} INFO - Setting next_dagrun for example_trigger_controller_dag to 2021-01-01 00:00:00+00:00, run_after=2021-01-01 00:00:00+00:00
[2025-04-03T16:37:44.557+0000] {processor.py:208} INFO - Processing /home/hamza/Documents/project/Mlops/myenv/lib/python3.12/site-packages/airflow/example_dags/example_trigger_controller_dag.py took 0.132 seconds
[2025-04-03T16:39:16.919+0000] {processor.py:186} INFO - Started process (PID=87312) to work on /home/hamza/Documents/project/Mlops/myenv/lib/python3.12/site-packages/airflow/example_dags/example_trigger_controller_dag.py
[2025-04-03T16:39:16.922+0000] {processor.py:914} INFO - Processing file /home/hamza/Documents/project/Mlops/myenv/lib/python3.12/site-packages/airflow/example_dags/example_trigger_controller_dag.py for tasks to queue
[2025-04-03T16:39:16.926+0000] {logging_mixin.py:190} INFO - [2025-04-03T16:39:16.925+0000] {dagbag.py:588} INFO - Filling up the DagBag from /home/hamza/Documents/project/Mlops/myenv/lib/python3.12/site-packages/airflow/example_dags/example_trigger_controller_dag.py
[2025-04-03T16:39:16.942+0000] {processor.py:925} INFO - DAG(s) 'example_trigger_controller_dag' retrieved from /home/hamza/Documents/project/Mlops/myenv/lib/python3.12/site-packages/airflow/example_dags/example_trigger_controller_dag.py
[2025-04-03T16:39:16.976+0000] {logging_mixin.py:190} INFO - [2025-04-03T16:39:16.976+0000] {dag.py:3239} INFO - Sync 1 DAGs
[2025-04-03T16:39:17.019+0000] {logging_mixin.py:190} INFO - [2025-04-03T16:39:17.019+0000] {dag.py:4180} INFO - Setting next_dagrun for example_trigger_controller_dag to 2021-01-01 00:00:00+00:00, run_after=2021-01-01 00:00:00+00:00
[2025-04-03T16:39:17.064+0000] {processor.py:208} INFO - Processing /home/hamza/Documents/project/Mlops/myenv/lib/python3.12/site-packages/airflow/example_dags/example_trigger_controller_dag.py took 0.156 seconds
[2025-04-03T16:40:49.430+0000] {processor.py:186} INFO - Started process (PID=88234) to work on /home/hamza/Documents/project/Mlops/myenv/lib/python3.12/site-packages/airflow/example_dags/example_trigger_controller_dag.py
[2025-04-03T16:40:49.432+0000] {processor.py:914} INFO - Processing file /home/hamza/Documents/project/Mlops/myenv/lib/python3.12/site-packages/airflow/example_dags/example_trigger_controller_dag.py for tasks to queue
[2025-04-03T16:40:49.436+0000] {logging_mixin.py:190} INFO - [2025-04-03T16:40:49.435+0000] {dagbag.py:588} INFO - Filling up the DagBag from /home/hamza/Documents/project/Mlops/myenv/lib/python3.12/site-packages/airflow/example_dags/example_trigger_controller_dag.py
[2025-04-03T16:40:49.448+0000] {processor.py:925} INFO - DAG(s) 'example_trigger_controller_dag' retrieved from /home/hamza/Documents/project/Mlops/myenv/lib/python3.12/site-packages/airflow/example_dags/example_trigger_controller_dag.py
[2025-04-03T16:40:49.473+0000] {logging_mixin.py:190} INFO - [2025-04-03T16:40:49.473+0000] {dag.py:3239} INFO - Sync 1 DAGs
[2025-04-03T16:40:49.510+0000] {logging_mixin.py:190} INFO - [2025-04-03T16:40:49.509+0000] {dag.py:4180} INFO - Setting next_dagrun for example_trigger_controller_dag to 2021-01-01 00:00:00+00:00, run_after=2021-01-01 00:00:00+00:00
[2025-04-03T16:40:49.545+0000] {processor.py:208} INFO - Processing /home/hamza/Documents/project/Mlops/myenv/lib/python3.12/site-packages/airflow/example_dags/example_trigger_controller_dag.py took 0.125 seconds
[2025-04-03T16:42:27.072+0000] {processor.py:186} INFO - Started process (PID=89089) to work on /home/hamza/Documents/project/Mlops/myenv/lib/python3.12/site-packages/airflow/example_dags/example_trigger_controller_dag.py
[2025-04-03T16:42:27.074+0000] {processor.py:914} INFO - Processing file /home/hamza/Documents/project/Mlops/myenv/lib/python3.12/site-packages/airflow/example_dags/example_trigger_controller_dag.py for tasks to queue
[2025-04-03T16:42:27.078+0000] {logging_mixin.py:190} INFO - [2025-04-03T16:42:27.077+0000] {dagbag.py:588} INFO - Filling up the DagBag from /home/hamza/Documents/project/Mlops/myenv/lib/python3.12/site-packages/airflow/example_dags/example_trigger_controller_dag.py
[2025-04-03T16:42:27.092+0000] {processor.py:925} INFO - DAG(s) 'example_trigger_controller_dag' retrieved from /home/hamza/Documents/project/Mlops/myenv/lib/python3.12/site-packages/airflow/example_dags/example_trigger_controller_dag.py
[2025-04-03T16:42:27.119+0000] {logging_mixin.py:190} INFO - [2025-04-03T16:42:27.118+0000] {dag.py:3239} INFO - Sync 1 DAGs
[2025-04-03T16:42:27.157+0000] {logging_mixin.py:190} INFO - [2025-04-03T16:42:27.156+0000] {dag.py:4180} INFO - Setting next_dagrun for example_trigger_controller_dag to 2021-01-01 00:00:00+00:00, run_after=2021-01-01 00:00:00+00:00
[2025-04-03T16:42:27.194+0000] {processor.py:208} INFO - Processing /home/hamza/Documents/project/Mlops/myenv/lib/python3.12/site-packages/airflow/example_dags/example_trigger_controller_dag.py took 0.133 seconds
[2025-04-03T16:44:00.797+0000] {processor.py:186} INFO - Started process (PID=89828) to work on /home/hamza/Documents/project/Mlops/myenv/lib/python3.12/site-packages/airflow/example_dags/example_trigger_controller_dag.py
[2025-04-03T16:44:00.799+0000] {processor.py:914} INFO - Processing file /home/hamza/Documents/project/Mlops/myenv/lib/python3.12/site-packages/airflow/example_dags/example_trigger_controller_dag.py for tasks to queue
[2025-04-03T16:44:00.803+0000] {logging_mixin.py:190} INFO - [2025-04-03T16:44:00.802+0000] {dagbag.py:588} INFO - Filling up the DagBag from /home/hamza/Documents/project/Mlops/myenv/lib/python3.12/site-packages/airflow/example_dags/example_trigger_controller_dag.py
[2025-04-03T16:44:00.816+0000] {processor.py:925} INFO - DAG(s) 'example_trigger_controller_dag' retrieved from /home/hamza/Documents/project/Mlops/myenv/lib/python3.12/site-packages/airflow/example_dags/example_trigger_controller_dag.py
[2025-04-03T16:44:00.842+0000] {logging_mixin.py:190} INFO - [2025-04-03T16:44:00.842+0000] {dag.py:3239} INFO - Sync 1 DAGs
[2025-04-03T16:44:00.877+0000] {logging_mixin.py:190} INFO - [2025-04-03T16:44:00.877+0000] {dag.py:4180} INFO - Setting next_dagrun for example_trigger_controller_dag to 2021-01-01 00:00:00+00:00, run_after=2021-01-01 00:00:00+00:00
[2025-04-03T16:44:00.915+0000] {processor.py:208} INFO - Processing /home/hamza/Documents/project/Mlops/myenv/lib/python3.12/site-packages/airflow/example_dags/example_trigger_controller_dag.py took 0.128 seconds
[2025-04-03T16:45:37.490+0000] {processor.py:186} INFO - Started process (PID=90635) to work on /home/hamza/Documents/project/Mlops/myenv/lib/python3.12/site-packages/airflow/example_dags/example_trigger_controller_dag.py
[2025-04-03T16:45:37.492+0000] {processor.py:914} INFO - Processing file /home/hamza/Documents/project/Mlops/myenv/lib/python3.12/site-packages/airflow/example_dags/example_trigger_controller_dag.py for tasks to queue
[2025-04-03T16:45:37.496+0000] {logging_mixin.py:190} INFO - [2025-04-03T16:45:37.495+0000] {dagbag.py:588} INFO - Filling up the DagBag from /home/hamza/Documents/project/Mlops/myenv/lib/python3.12/site-packages/airflow/example_dags/example_trigger_controller_dag.py
[2025-04-03T16:45:37.509+0000] {processor.py:925} INFO - DAG(s) 'example_trigger_controller_dag' retrieved from /home/hamza/Documents/project/Mlops/myenv/lib/python3.12/site-packages/airflow/example_dags/example_trigger_controller_dag.py
[2025-04-03T16:45:37.538+0000] {logging_mixin.py:190} INFO - [2025-04-03T16:45:37.537+0000] {dag.py:3239} INFO - Sync 1 DAGs
[2025-04-03T16:45:37.578+0000] {logging_mixin.py:190} INFO - [2025-04-03T16:45:37.577+0000] {dag.py:4180} INFO - Setting next_dagrun for example_trigger_controller_dag to 2021-01-01 00:00:00+00:00, run_after=2021-01-01 00:00:00+00:00
[2025-04-03T16:45:37.621+0000] {processor.py:208} INFO - Processing /home/hamza/Documents/project/Mlops/myenv/lib/python3.12/site-packages/airflow/example_dags/example_trigger_controller_dag.py took 0.141 seconds
[2025-04-03T16:47:12.686+0000] {processor.py:186} INFO - Started process (PID=91504) to work on /home/hamza/Documents/project/Mlops/myenv/lib/python3.12/site-packages/airflow/example_dags/example_trigger_controller_dag.py
[2025-04-03T16:47:12.688+0000] {processor.py:914} INFO - Processing file /home/hamza/Documents/project/Mlops/myenv/lib/python3.12/site-packages/airflow/example_dags/example_trigger_controller_dag.py for tasks to queue
[2025-04-03T16:47:12.693+0000] {logging_mixin.py:190} INFO - [2025-04-03T16:47:12.692+0000] {dagbag.py:588} INFO - Filling up the DagBag from /home/hamza/Documents/project/Mlops/myenv/lib/python3.12/site-packages/airflow/example_dags/example_trigger_controller_dag.py
[2025-04-03T16:47:12.707+0000] {processor.py:925} INFO - DAG(s) 'example_trigger_controller_dag' retrieved from /home/hamza/Documents/project/Mlops/myenv/lib/python3.12/site-packages/airflow/example_dags/example_trigger_controller_dag.py
[2025-04-03T16:47:12.733+0000] {logging_mixin.py:190} INFO - [2025-04-03T16:47:12.733+0000] {dag.py:3239} INFO - Sync 1 DAGs
[2025-04-03T16:47:12.770+0000] {logging_mixin.py:190} INFO - [2025-04-03T16:47:12.769+0000] {dag.py:4180} INFO - Setting next_dagrun for example_trigger_controller_dag to 2021-01-01 00:00:00+00:00, run_after=2021-01-01 00:00:00+00:00
[2025-04-03T16:47:12.806+0000] {processor.py:208} INFO - Processing /home/hamza/Documents/project/Mlops/myenv/lib/python3.12/site-packages/airflow/example_dags/example_trigger_controller_dag.py took 0.131 seconds
[2025-04-03T16:48:50.415+0000] {processor.py:186} INFO - Started process (PID=92322) to work on /home/hamza/Documents/project/Mlops/myenv/lib/python3.12/site-packages/airflow/example_dags/example_trigger_controller_dag.py
[2025-04-03T16:48:50.416+0000] {processor.py:914} INFO - Processing file /home/hamza/Documents/project/Mlops/myenv/lib/python3.12/site-packages/airflow/example_dags/example_trigger_controller_dag.py for tasks to queue
[2025-04-03T16:48:50.421+0000] {logging_mixin.py:190} INFO - [2025-04-03T16:48:50.420+0000] {dagbag.py:588} INFO - Filling up the DagBag from /home/hamza/Documents/project/Mlops/myenv/lib/python3.12/site-packages/airflow/example_dags/example_trigger_controller_dag.py
[2025-04-03T16:48:50.433+0000] {processor.py:925} INFO - DAG(s) 'example_trigger_controller_dag' retrieved from /home/hamza/Documents/project/Mlops/myenv/lib/python3.12/site-packages/airflow/example_dags/example_trigger_controller_dag.py
[2025-04-03T16:48:50.460+0000] {logging_mixin.py:190} INFO - [2025-04-03T16:48:50.460+0000] {dag.py:3239} INFO - Sync 1 DAGs
[2025-04-03T16:48:50.496+0000] {logging_mixin.py:190} INFO - [2025-04-03T16:48:50.496+0000] {dag.py:4180} INFO - Setting next_dagrun for example_trigger_controller_dag to 2021-01-01 00:00:00+00:00, run_after=2021-01-01 00:00:00+00:00
[2025-04-03T16:48:50.535+0000] {processor.py:208} INFO - Processing /home/hamza/Documents/project/Mlops/myenv/lib/python3.12/site-packages/airflow/example_dags/example_trigger_controller_dag.py took 0.129 seconds
[2025-04-03T16:50:28.226+0000] {processor.py:186} INFO - Started process (PID=93150) to work on /home/hamza/Documents/project/Mlops/myenv/lib/python3.12/site-packages/airflow/example_dags/example_trigger_controller_dag.py
[2025-04-03T16:50:28.228+0000] {processor.py:914} INFO - Processing file /home/hamza/Documents/project/Mlops/myenv/lib/python3.12/site-packages/airflow/example_dags/example_trigger_controller_dag.py for tasks to queue
[2025-04-03T16:50:28.232+0000] {logging_mixin.py:190} INFO - [2025-04-03T16:50:28.232+0000] {dagbag.py:588} INFO - Filling up the DagBag from /home/hamza/Documents/project/Mlops/myenv/lib/python3.12/site-packages/airflow/example_dags/example_trigger_controller_dag.py
[2025-04-03T16:50:28.245+0000] {processor.py:925} INFO - DAG(s) 'example_trigger_controller_dag' retrieved from /home/hamza/Documents/project/Mlops/myenv/lib/python3.12/site-packages/airflow/example_dags/example_trigger_controller_dag.py
[2025-04-03T16:50:28.271+0000] {logging_mixin.py:190} INFO - [2025-04-03T16:50:28.271+0000] {dag.py:3239} INFO - Sync 1 DAGs
[2025-04-03T16:50:28.305+0000] {logging_mixin.py:190} INFO - [2025-04-03T16:50:28.304+0000] {dag.py:4180} INFO - Setting next_dagrun for example_trigger_controller_dag to 2021-01-01 00:00:00+00:00, run_after=2021-01-01 00:00:00+00:00
[2025-04-03T16:50:28.341+0000] {processor.py:208} INFO - Processing /home/hamza/Documents/project/Mlops/myenv/lib/python3.12/site-packages/airflow/example_dags/example_trigger_controller_dag.py took 0.124 seconds
[2025-04-03T16:52:08.527+0000] {processor.py:186} INFO - Started process (PID=93990) to work on /home/hamza/Documents/project/Mlops/myenv/lib/python3.12/site-packages/airflow/example_dags/example_trigger_controller_dag.py
[2025-04-03T16:52:08.528+0000] {processor.py:914} INFO - Processing file /home/hamza/Documents/project/Mlops/myenv/lib/python3.12/site-packages/airflow/example_dags/example_trigger_controller_dag.py for tasks to queue
[2025-04-03T16:52:08.533+0000] {logging_mixin.py:190} INFO - [2025-04-03T16:52:08.532+0000] {dagbag.py:588} INFO - Filling up the DagBag from /home/hamza/Documents/project/Mlops/myenv/lib/python3.12/site-packages/airflow/example_dags/example_trigger_controller_dag.py
[2025-04-03T16:52:08.547+0000] {processor.py:925} INFO - DAG(s) 'example_trigger_controller_dag' retrieved from /home/hamza/Documents/project/Mlops/myenv/lib/python3.12/site-packages/airflow/example_dags/example_trigger_controller_dag.py
[2025-04-03T16:52:08.572+0000] {logging_mixin.py:190} INFO - [2025-04-03T16:52:08.572+0000] {dag.py:3239} INFO - Sync 1 DAGs
[2025-04-03T16:52:08.608+0000] {logging_mixin.py:190} INFO - [2025-04-03T16:52:08.608+0000] {dag.py:4180} INFO - Setting next_dagrun for example_trigger_controller_dag to 2021-01-01 00:00:00+00:00, run_after=2021-01-01 00:00:00+00:00
[2025-04-03T16:52:08.647+0000] {processor.py:208} INFO - Processing /home/hamza/Documents/project/Mlops/myenv/lib/python3.12/site-packages/airflow/example_dags/example_trigger_controller_dag.py took 0.129 seconds
[2025-04-03T16:53:44.526+0000] {processor.py:186} INFO - Started process (PID=94771) to work on /home/hamza/Documents/project/Mlops/myenv/lib/python3.12/site-packages/airflow/example_dags/example_trigger_controller_dag.py
[2025-04-03T16:53:44.528+0000] {processor.py:914} INFO - Processing file /home/hamza/Documents/project/Mlops/myenv/lib/python3.12/site-packages/airflow/example_dags/example_trigger_controller_dag.py for tasks to queue
[2025-04-03T16:53:44.532+0000] {logging_mixin.py:190} INFO - [2025-04-03T16:53:44.531+0000] {dagbag.py:588} INFO - Filling up the DagBag from /home/hamza/Documents/project/Mlops/myenv/lib/python3.12/site-packages/airflow/example_dags/example_trigger_controller_dag.py
[2025-04-03T16:53:44.544+0000] {processor.py:925} INFO - DAG(s) 'example_trigger_controller_dag' retrieved from /home/hamza/Documents/project/Mlops/myenv/lib/python3.12/site-packages/airflow/example_dags/example_trigger_controller_dag.py
[2025-04-03T16:53:44.571+0000] {logging_mixin.py:190} INFO - [2025-04-03T16:53:44.571+0000] {dag.py:3239} INFO - Sync 1 DAGs
[2025-04-03T16:53:44.607+0000] {logging_mixin.py:190} INFO - [2025-04-03T16:53:44.606+0000] {dag.py:4180} INFO - Setting next_dagrun for example_trigger_controller_dag to 2021-01-01 00:00:00+00:00, run_after=2021-01-01 00:00:00+00:00
[2025-04-03T16:53:44.646+0000] {processor.py:208} INFO - Processing /home/hamza/Documents/project/Mlops/myenv/lib/python3.12/site-packages/airflow/example_dags/example_trigger_controller_dag.py took 0.129 seconds
[2025-04-03T16:55:31.360+0000] {processor.py:186} INFO - Started process (PID=95918) to work on /home/hamza/Documents/project/Mlops/myenv/lib/python3.12/site-packages/airflow/example_dags/example_trigger_controller_dag.py
[2025-04-03T16:55:31.363+0000] {processor.py:914} INFO - Processing file /home/hamza/Documents/project/Mlops/myenv/lib/python3.12/site-packages/airflow/example_dags/example_trigger_controller_dag.py for tasks to queue
[2025-04-03T16:55:31.367+0000] {logging_mixin.py:190} INFO - [2025-04-03T16:55:31.366+0000] {dagbag.py:588} INFO - Filling up the DagBag from /home/hamza/Documents/project/Mlops/myenv/lib/python3.12/site-packages/airflow/example_dags/example_trigger_controller_dag.py
[2025-04-03T16:55:31.380+0000] {processor.py:925} INFO - DAG(s) 'example_trigger_controller_dag' retrieved from /home/hamza/Documents/project/Mlops/myenv/lib/python3.12/site-packages/airflow/example_dags/example_trigger_controller_dag.py
[2025-04-03T16:55:31.406+0000] {logging_mixin.py:190} INFO - [2025-04-03T16:55:31.406+0000] {dag.py:3239} INFO - Sync 1 DAGs
[2025-04-03T16:55:31.442+0000] {logging_mixin.py:190} INFO - [2025-04-03T16:55:31.442+0000] {dag.py:4180} INFO - Setting next_dagrun for example_trigger_controller_dag to 2021-01-01 00:00:00+00:00, run_after=2021-01-01 00:00:00+00:00
[2025-04-03T16:55:31.477+0000] {processor.py:208} INFO - Processing /home/hamza/Documents/project/Mlops/myenv/lib/python3.12/site-packages/airflow/example_dags/example_trigger_controller_dag.py took 0.125 seconds
