[2025-04-03T13:43:54.614+0000] {processor.py:186} INFO - Started process (PID=98595) to work on /home/hamza/Documents/project/Mlops/myenv/lib/python3.12/site-packages/airflow/example_dags/example_kubernetes_executor.py
[2025-04-03T13:43:54.615+0000] {processor.py:914} INFO - Processing file /home/hamza/Documents/project/Mlops/myenv/lib/python3.12/site-packages/airflow/example_dags/example_kubernetes_executor.py for tasks to queue
[2025-04-03T13:43:54.619+0000] {logging_mixin.py:190} INFO - [2025-04-03T13:43:54.618+0000] {dagbag.py:588} INFO - Filling up the DagBag from /home/hamza/Documents/project/Mlops/myenv/lib/python3.12/site-packages/airflow/example_dags/example_kubernetes_executor.py
[2025-04-03T13:43:54.625+0000] {logging_mixin.py:190} INFO - [2025-04-03T13:43:54.624+0000] {example_kubernetes_executor.py:39} WARNING - The example_kubernetes_executor example DAG requires the kubernetes provider. Please install it with: pip install apache-airflow[cncf.kubernetes]
[2025-04-03T13:43:54.625+0000] {processor.py:927} WARNING - No viable dags retrieved from /home/hamza/Documents/project/Mlops/myenv/lib/python3.12/site-packages/airflow/example_dags/example_kubernetes_executor.py
[2025-04-03T13:43:54.645+0000] {processor.py:208} INFO - Processing /home/hamza/Documents/project/Mlops/myenv/lib/python3.12/site-packages/airflow/example_dags/example_kubernetes_executor.py took 0.040 seconds
[2025-04-03T13:45:16.342+0000] {processor.py:186} INFO - Started process (PID=99723) to work on /home/hamza/Documents/project/Mlops/myenv/lib/python3.12/site-packages/airflow/example_dags/example_kubernetes_executor.py
[2025-04-03T13:45:16.344+0000] {processor.py:914} INFO - Processing file /home/hamza/Documents/project/Mlops/myenv/lib/python3.12/site-packages/airflow/example_dags/example_kubernetes_executor.py for tasks to queue
[2025-04-03T13:45:16.347+0000] {logging_mixin.py:190} INFO - [2025-04-03T13:45:16.346+0000] {dagbag.py:588} INFO - Filling up the DagBag from /home/hamza/Documents/project/Mlops/myenv/lib/python3.12/site-packages/airflow/example_dags/example_kubernetes_executor.py
[2025-04-03T13:45:16.352+0000] {logging_mixin.py:190} INFO - [2025-04-03T13:45:16.352+0000] {example_kubernetes_executor.py:39} WARNING - The example_kubernetes_executor example DAG requires the kubernetes provider. Please install it with: pip install apache-airflow[cncf.kubernetes]
[2025-04-03T13:45:16.353+0000] {processor.py:927} WARNING - No viable dags retrieved from /home/hamza/Documents/project/Mlops/myenv/lib/python3.12/site-packages/airflow/example_dags/example_kubernetes_executor.py
[2025-04-03T13:45:16.372+0000] {processor.py:208} INFO - Processing /home/hamza/Documents/project/Mlops/myenv/lib/python3.12/site-packages/airflow/example_dags/example_kubernetes_executor.py took 0.040 seconds
[2025-04-03T13:46:23.267+0000] {processor.py:186} INFO - Started process (PID=100325) to work on /home/hamza/Documents/project/Mlops/myenv/lib/python3.12/site-packages/airflow/example_dags/example_kubernetes_executor.py
[2025-04-03T13:46:23.270+0000] {processor.py:914} INFO - Processing file /home/hamza/Documents/project/Mlops/myenv/lib/python3.12/site-packages/airflow/example_dags/example_kubernetes_executor.py for tasks to queue
[2025-04-03T13:46:23.274+0000] {logging_mixin.py:190} INFO - [2025-04-03T13:46:23.273+0000] {dagbag.py:588} INFO - Filling up the DagBag from /home/hamza/Documents/project/Mlops/myenv/lib/python3.12/site-packages/airflow/example_dags/example_kubernetes_executor.py
[2025-04-03T13:46:23.279+0000] {logging_mixin.py:190} INFO - [2025-04-03T13:46:23.279+0000] {example_kubernetes_executor.py:39} WARNING - The example_kubernetes_executor example DAG requires the kubernetes provider. Please install it with: pip install apache-airflow[cncf.kubernetes]
[2025-04-03T13:46:23.280+0000] {processor.py:927} WARNING - No viable dags retrieved from /home/hamza/Documents/project/Mlops/myenv/lib/python3.12/site-packages/airflow/example_dags/example_kubernetes_executor.py
[2025-04-03T13:46:23.302+0000] {processor.py:208} INFO - Processing /home/hamza/Documents/project/Mlops/myenv/lib/python3.12/site-packages/airflow/example_dags/example_kubernetes_executor.py took 0.045 seconds
[2025-04-03T13:47:29.877+0000] {processor.py:186} INFO - Started process (PID=101092) to work on /home/hamza/Documents/project/Mlops/myenv/lib/python3.12/site-packages/airflow/example_dags/example_kubernetes_executor.py
[2025-04-03T13:47:29.880+0000] {processor.py:914} INFO - Processing file /home/hamza/Documents/project/Mlops/myenv/lib/python3.12/site-packages/airflow/example_dags/example_kubernetes_executor.py for tasks to queue
[2025-04-03T13:47:29.884+0000] {logging_mixin.py:190} INFO - [2025-04-03T13:47:29.883+0000] {dagbag.py:588} INFO - Filling up the DagBag from /home/hamza/Documents/project/Mlops/myenv/lib/python3.12/site-packages/airflow/example_dags/example_kubernetes_executor.py
[2025-04-03T13:47:29.889+0000] {logging_mixin.py:190} INFO - [2025-04-03T13:47:29.888+0000] {example_kubernetes_executor.py:39} WARNING - The example_kubernetes_executor example DAG requires the kubernetes provider. Please install it with: pip install apache-airflow[cncf.kubernetes]
[2025-04-03T13:47:29.889+0000] {processor.py:927} WARNING - No viable dags retrieved from /home/hamza/Documents/project/Mlops/myenv/lib/python3.12/site-packages/airflow/example_dags/example_kubernetes_executor.py
[2025-04-03T13:47:29.906+0000] {processor.py:208} INFO - Processing /home/hamza/Documents/project/Mlops/myenv/lib/python3.12/site-packages/airflow/example_dags/example_kubernetes_executor.py took 0.039 seconds
[2025-04-03T13:50:04.661+0000] {processor.py:186} INFO - Started process (PID=103159) to work on /home/hamza/Documents/project/Mlops/myenv/lib/python3.12/site-packages/airflow/example_dags/example_kubernetes_executor.py
[2025-04-03T13:50:04.666+0000] {processor.py:914} INFO - Processing file /home/hamza/Documents/project/Mlops/myenv/lib/python3.12/site-packages/airflow/example_dags/example_kubernetes_executor.py for tasks to queue
[2025-04-03T13:50:04.669+0000] {logging_mixin.py:190} INFO - [2025-04-03T13:50:04.669+0000] {dagbag.py:588} INFO - Filling up the DagBag from /home/hamza/Documents/project/Mlops/myenv/lib/python3.12/site-packages/airflow/example_dags/example_kubernetes_executor.py
[2025-04-03T13:50:04.674+0000] {logging_mixin.py:190} INFO - [2025-04-03T13:50:04.674+0000] {example_kubernetes_executor.py:39} WARNING - The example_kubernetes_executor example DAG requires the kubernetes provider. Please install it with: pip install apache-airflow[cncf.kubernetes]
[2025-04-03T13:50:04.674+0000] {processor.py:927} WARNING - No viable dags retrieved from /home/hamza/Documents/project/Mlops/myenv/lib/python3.12/site-packages/airflow/example_dags/example_kubernetes_executor.py
[2025-04-03T13:50:04.692+0000] {processor.py:208} INFO - Processing /home/hamza/Documents/project/Mlops/myenv/lib/python3.12/site-packages/airflow/example_dags/example_kubernetes_executor.py took 0.041 seconds
[2025-04-03T13:51:40.693+0000] {processor.py:186} INFO - Started process (PID=104396) to work on /home/hamza/Documents/project/Mlops/myenv/lib/python3.12/site-packages/airflow/example_dags/example_kubernetes_executor.py
[2025-04-03T13:51:40.695+0000] {processor.py:914} INFO - Processing file /home/hamza/Documents/project/Mlops/myenv/lib/python3.12/site-packages/airflow/example_dags/example_kubernetes_executor.py for tasks to queue
[2025-04-03T13:51:40.699+0000] {logging_mixin.py:190} INFO - [2025-04-03T13:51:40.698+0000] {dagbag.py:588} INFO - Filling up the DagBag from /home/hamza/Documents/project/Mlops/myenv/lib/python3.12/site-packages/airflow/example_dags/example_kubernetes_executor.py
[2025-04-03T13:51:40.706+0000] {logging_mixin.py:190} INFO - [2025-04-03T13:51:40.706+0000] {example_kubernetes_executor.py:39} WARNING - The example_kubernetes_executor example DAG requires the kubernetes provider. Please install it with: pip install apache-airflow[cncf.kubernetes]
[2025-04-03T13:51:40.707+0000] {processor.py:927} WARNING - No viable dags retrieved from /home/hamza/Documents/project/Mlops/myenv/lib/python3.12/site-packages/airflow/example_dags/example_kubernetes_executor.py
[2025-04-03T13:51:40.726+0000] {processor.py:208} INFO - Processing /home/hamza/Documents/project/Mlops/myenv/lib/python3.12/site-packages/airflow/example_dags/example_kubernetes_executor.py took 0.043 seconds
[2025-04-03T13:53:24.259+0000] {processor.py:186} INFO - Started process (PID=105436) to work on /home/hamza/Documents/project/Mlops/myenv/lib/python3.12/site-packages/airflow/example_dags/example_kubernetes_executor.py
[2025-04-03T13:53:24.261+0000] {processor.py:914} INFO - Processing file /home/hamza/Documents/project/Mlops/myenv/lib/python3.12/site-packages/airflow/example_dags/example_kubernetes_executor.py for tasks to queue
[2025-04-03T13:53:24.264+0000] {logging_mixin.py:190} INFO - [2025-04-03T13:53:24.264+0000] {dagbag.py:588} INFO - Filling up the DagBag from /home/hamza/Documents/project/Mlops/myenv/lib/python3.12/site-packages/airflow/example_dags/example_kubernetes_executor.py
[2025-04-03T13:53:24.271+0000] {logging_mixin.py:190} INFO - [2025-04-03T13:53:24.270+0000] {example_kubernetes_executor.py:39} WARNING - The example_kubernetes_executor example DAG requires the kubernetes provider. Please install it with: pip install apache-airflow[cncf.kubernetes]
[2025-04-03T13:53:24.271+0000] {processor.py:927} WARNING - No viable dags retrieved from /home/hamza/Documents/project/Mlops/myenv/lib/python3.12/site-packages/airflow/example_dags/example_kubernetes_executor.py
[2025-04-03T13:53:24.290+0000] {processor.py:208} INFO - Processing /home/hamza/Documents/project/Mlops/myenv/lib/python3.12/site-packages/airflow/example_dags/example_kubernetes_executor.py took 0.041 seconds
[2025-04-03T13:59:37.784+0000] {processor.py:186} INFO - Started process (PID=110171) to work on /home/hamza/Documents/project/Mlops/myenv/lib/python3.12/site-packages/airflow/example_dags/example_kubernetes_executor.py
[2025-04-03T13:59:37.788+0000] {processor.py:914} INFO - Processing file /home/hamza/Documents/project/Mlops/myenv/lib/python3.12/site-packages/airflow/example_dags/example_kubernetes_executor.py for tasks to queue
[2025-04-03T13:59:37.793+0000] {logging_mixin.py:190} INFO - [2025-04-03T13:59:37.792+0000] {dagbag.py:588} INFO - Filling up the DagBag from /home/hamza/Documents/project/Mlops/myenv/lib/python3.12/site-packages/airflow/example_dags/example_kubernetes_executor.py
[2025-04-03T13:59:37.801+0000] {logging_mixin.py:190} INFO - [2025-04-03T13:59:37.800+0000] {example_kubernetes_executor.py:39} WARNING - The example_kubernetes_executor example DAG requires the kubernetes provider. Please install it with: pip install apache-airflow[cncf.kubernetes]
[2025-04-03T13:59:37.802+0000] {processor.py:927} WARNING - No viable dags retrieved from /home/hamza/Documents/project/Mlops/myenv/lib/python3.12/site-packages/airflow/example_dags/example_kubernetes_executor.py
[2025-04-03T13:59:37.830+0000] {processor.py:208} INFO - Processing /home/hamza/Documents/project/Mlops/myenv/lib/python3.12/site-packages/airflow/example_dags/example_kubernetes_executor.py took 0.060 seconds
[2025-04-03T14:10:26.084+0000] {processor.py:186} INFO - Started process (PID=118208) to work on /home/hamza/Documents/project/Mlops/myenv/lib/python3.12/site-packages/airflow/example_dags/example_kubernetes_executor.py
[2025-04-03T14:10:26.086+0000] {processor.py:914} INFO - Processing file /home/hamza/Documents/project/Mlops/myenv/lib/python3.12/site-packages/airflow/example_dags/example_kubernetes_executor.py for tasks to queue
[2025-04-03T14:10:26.088+0000] {logging_mixin.py:190} INFO - [2025-04-03T14:10:26.087+0000] {dagbag.py:588} INFO - Filling up the DagBag from /home/hamza/Documents/project/Mlops/myenv/lib/python3.12/site-packages/airflow/example_dags/example_kubernetes_executor.py
[2025-04-03T14:10:26.116+0000] {processor.py:925} INFO - DAG(s) 'example_kubernetes_executor' retrieved from /home/hamza/Documents/project/Mlops/myenv/lib/python3.12/site-packages/airflow/example_dags/example_kubernetes_executor.py
[2025-04-03T14:10:26.356+0000] {logging_mixin.py:190} INFO - [2025-04-03T14:10:26.354+0000] {override.py:1930} INFO - Created Permission View: can read on DAG:example_kubernetes_executor
[2025-04-03T14:10:26.382+0000] {logging_mixin.py:190} INFO - [2025-04-03T14:10:26.381+0000] {override.py:1930} INFO - Created Permission View: can edit on DAG:example_kubernetes_executor
[2025-04-03T14:10:26.400+0000] {logging_mixin.py:190} INFO - [2025-04-03T14:10:26.399+0000] {override.py:1930} INFO - Created Permission View: can delete on DAG:example_kubernetes_executor
[2025-04-03T14:10:26.423+0000] {logging_mixin.py:190} INFO - [2025-04-03T14:10:26.422+0000] {override.py:1930} INFO - Created Permission View: can read on DAG Run:example_kubernetes_executor
[2025-04-03T14:10:26.440+0000] {logging_mixin.py:190} INFO - [2025-04-03T14:10:26.439+0000] {override.py:1930} INFO - Created Permission View: can create on DAG Run:example_kubernetes_executor
[2025-04-03T14:10:26.459+0000] {logging_mixin.py:190} INFO - [2025-04-03T14:10:26.458+0000] {override.py:1930} INFO - Created Permission View: menu access on DAG Run:example_kubernetes_executor
[2025-04-03T14:10:26.479+0000] {logging_mixin.py:190} INFO - [2025-04-03T14:10:26.477+0000] {override.py:1930} INFO - Created Permission View: can delete on DAG Run:example_kubernetes_executor
[2025-04-03T14:10:26.480+0000] {logging_mixin.py:190} INFO - [2025-04-03T14:10:26.479+0000] {dag.py:3239} INFO - Sync 1 DAGs
[2025-04-03T14:10:26.509+0000] {logging_mixin.py:190} INFO - [2025-04-03T14:10:26.508+0000] {dag.py:3262} INFO - Creating ORM DAG for example_kubernetes_executor
[2025-04-03T14:10:26.509+0000] {logging_mixin.py:190} INFO - [2025-04-03T14:10:26.509+0000] {dag.py:4180} INFO - Setting next_dagrun for example_kubernetes_executor to None, run_after=None
[2025-04-03T14:10:26.545+0000] {processor.py:208} INFO - Processing /home/hamza/Documents/project/Mlops/myenv/lib/python3.12/site-packages/airflow/example_dags/example_kubernetes_executor.py took 0.473 seconds
[2025-04-03T14:12:02.543+0000] {processor.py:186} INFO - Started process (PID=119082) to work on /home/hamza/Documents/project/Mlops/myenv/lib/python3.12/site-packages/airflow/example_dags/example_kubernetes_executor.py
[2025-04-03T14:12:02.545+0000] {processor.py:914} INFO - Processing file /home/hamza/Documents/project/Mlops/myenv/lib/python3.12/site-packages/airflow/example_dags/example_kubernetes_executor.py for tasks to queue
[2025-04-03T14:12:02.547+0000] {logging_mixin.py:190} INFO - [2025-04-03T14:12:02.547+0000] {dagbag.py:588} INFO - Filling up the DagBag from /home/hamza/Documents/project/Mlops/myenv/lib/python3.12/site-packages/airflow/example_dags/example_kubernetes_executor.py
[2025-04-03T14:12:02.569+0000] {processor.py:925} INFO - DAG(s) 'example_kubernetes_executor' retrieved from /home/hamza/Documents/project/Mlops/myenv/lib/python3.12/site-packages/airflow/example_dags/example_kubernetes_executor.py
[2025-04-03T14:12:02.604+0000] {logging_mixin.py:190} INFO - [2025-04-03T14:12:02.603+0000] {dag.py:3239} INFO - Sync 1 DAGs
[2025-04-03T14:12:02.625+0000] {logging_mixin.py:190} INFO - [2025-04-03T14:12:02.625+0000] {dag.py:4180} INFO - Setting next_dagrun for example_kubernetes_executor to None, run_after=None
[2025-04-03T14:12:02.664+0000] {processor.py:208} INFO - Processing /home/hamza/Documents/project/Mlops/myenv/lib/python3.12/site-packages/airflow/example_dags/example_kubernetes_executor.py took 0.132 seconds
[2025-04-03T14:19:06.307+0000] {processor.py:186} INFO - Started process (PID=122607) to work on /home/hamza/Documents/project/Mlops/myenv/lib/python3.12/site-packages/airflow/example_dags/example_kubernetes_executor.py
[2025-04-03T14:19:06.310+0000] {processor.py:914} INFO - Processing file /home/hamza/Documents/project/Mlops/myenv/lib/python3.12/site-packages/airflow/example_dags/example_kubernetes_executor.py for tasks to queue
[2025-04-03T14:19:06.312+0000] {logging_mixin.py:190} INFO - [2025-04-03T14:19:06.312+0000] {dagbag.py:588} INFO - Filling up the DagBag from /home/hamza/Documents/project/Mlops/myenv/lib/python3.12/site-packages/airflow/example_dags/example_kubernetes_executor.py
[2025-04-03T14:19:06.333+0000] {processor.py:925} INFO - DAG(s) 'example_kubernetes_executor' retrieved from /home/hamza/Documents/project/Mlops/myenv/lib/python3.12/site-packages/airflow/example_dags/example_kubernetes_executor.py
[2025-04-03T14:19:06.377+0000] {logging_mixin.py:190} INFO - [2025-04-03T14:19:06.376+0000] {dag.py:3239} INFO - Sync 1 DAGs
[2025-04-03T14:19:06.400+0000] {logging_mixin.py:190} INFO - [2025-04-03T14:19:06.400+0000] {dag.py:4180} INFO - Setting next_dagrun for example_kubernetes_executor to None, run_after=None
[2025-04-03T14:19:06.437+0000] {processor.py:208} INFO - Processing /home/hamza/Documents/project/Mlops/myenv/lib/python3.12/site-packages/airflow/example_dags/example_kubernetes_executor.py took 0.140 seconds
[2025-04-03T15:08:37.493+0000] {processor.py:186} INFO - Started process (PID=36289) to work on /home/hamza/Documents/project/Mlops/myenv/lib/python3.12/site-packages/airflow/example_dags/example_kubernetes_executor.py
[2025-04-03T15:08:37.495+0000] {processor.py:914} INFO - Processing file /home/hamza/Documents/project/Mlops/myenv/lib/python3.12/site-packages/airflow/example_dags/example_kubernetes_executor.py for tasks to queue
[2025-04-03T15:08:37.499+0000] {logging_mixin.py:190} INFO - [2025-04-03T15:08:37.498+0000] {dagbag.py:588} INFO - Filling up the DagBag from /home/hamza/Documents/project/Mlops/myenv/lib/python3.12/site-packages/airflow/example_dags/example_kubernetes_executor.py
[2025-04-03T15:08:37.521+0000] {processor.py:925} INFO - DAG(s) 'example_kubernetes_executor' retrieved from /home/hamza/Documents/project/Mlops/myenv/lib/python3.12/site-packages/airflow/example_dags/example_kubernetes_executor.py
[2025-04-03T15:08:37.555+0000] {logging_mixin.py:190} INFO - [2025-04-03T15:08:37.555+0000] {dag.py:3239} INFO - Sync 1 DAGs
[2025-04-03T15:08:37.577+0000] {logging_mixin.py:190} INFO - [2025-04-03T15:08:37.577+0000] {dag.py:4180} INFO - Setting next_dagrun for example_kubernetes_executor to None, run_after=None
[2025-04-03T15:08:37.611+0000] {processor.py:208} INFO - Processing /home/hamza/Documents/project/Mlops/myenv/lib/python3.12/site-packages/airflow/example_dags/example_kubernetes_executor.py took 0.126 seconds
[2025-04-03T15:10:06.451+0000] {processor.py:186} INFO - Started process (PID=37191) to work on /home/hamza/Documents/project/Mlops/myenv/lib/python3.12/site-packages/airflow/example_dags/example_kubernetes_executor.py
[2025-04-03T15:10:06.453+0000] {processor.py:914} INFO - Processing file /home/hamza/Documents/project/Mlops/myenv/lib/python3.12/site-packages/airflow/example_dags/example_kubernetes_executor.py for tasks to queue
[2025-04-03T15:10:06.457+0000] {logging_mixin.py:190} INFO - [2025-04-03T15:10:06.456+0000] {dagbag.py:588} INFO - Filling up the DagBag from /home/hamza/Documents/project/Mlops/myenv/lib/python3.12/site-packages/airflow/example_dags/example_kubernetes_executor.py
[2025-04-03T15:10:06.481+0000] {processor.py:925} INFO - DAG(s) 'example_kubernetes_executor' retrieved from /home/hamza/Documents/project/Mlops/myenv/lib/python3.12/site-packages/airflow/example_dags/example_kubernetes_executor.py
[2025-04-03T15:10:06.514+0000] {logging_mixin.py:190} INFO - [2025-04-03T15:10:06.513+0000] {dag.py:3239} INFO - Sync 1 DAGs
[2025-04-03T15:10:06.534+0000] {logging_mixin.py:190} INFO - [2025-04-03T15:10:06.534+0000] {dag.py:4180} INFO - Setting next_dagrun for example_kubernetes_executor to None, run_after=None
[2025-04-03T15:10:06.572+0000] {processor.py:208} INFO - Processing /home/hamza/Documents/project/Mlops/myenv/lib/python3.12/site-packages/airflow/example_dags/example_kubernetes_executor.py took 0.131 seconds
[2025-04-03T15:11:34.512+0000] {processor.py:186} INFO - Started process (PID=37983) to work on /home/hamza/Documents/project/Mlops/myenv/lib/python3.12/site-packages/airflow/example_dags/example_kubernetes_executor.py
[2025-04-03T15:11:34.514+0000] {processor.py:914} INFO - Processing file /home/hamza/Documents/project/Mlops/myenv/lib/python3.12/site-packages/airflow/example_dags/example_kubernetes_executor.py for tasks to queue
[2025-04-03T15:11:34.518+0000] {logging_mixin.py:190} INFO - [2025-04-03T15:11:34.517+0000] {dagbag.py:588} INFO - Filling up the DagBag from /home/hamza/Documents/project/Mlops/myenv/lib/python3.12/site-packages/airflow/example_dags/example_kubernetes_executor.py
[2025-04-03T15:11:34.541+0000] {processor.py:925} INFO - DAG(s) 'example_kubernetes_executor' retrieved from /home/hamza/Documents/project/Mlops/myenv/lib/python3.12/site-packages/airflow/example_dags/example_kubernetes_executor.py
[2025-04-03T15:11:34.572+0000] {logging_mixin.py:190} INFO - [2025-04-03T15:11:34.572+0000] {dag.py:3239} INFO - Sync 1 DAGs
[2025-04-03T15:11:34.595+0000] {logging_mixin.py:190} INFO - [2025-04-03T15:11:34.594+0000] {dag.py:4180} INFO - Setting next_dagrun for example_kubernetes_executor to None, run_after=None
[2025-04-03T15:11:34.631+0000] {processor.py:208} INFO - Processing /home/hamza/Documents/project/Mlops/myenv/lib/python3.12/site-packages/airflow/example_dags/example_kubernetes_executor.py took 0.127 seconds
[2025-04-03T15:13:10.299+0000] {processor.py:186} INFO - Started process (PID=38850) to work on /home/hamza/Documents/project/Mlops/myenv/lib/python3.12/site-packages/airflow/example_dags/example_kubernetes_executor.py
[2025-04-03T15:13:10.302+0000] {processor.py:914} INFO - Processing file /home/hamza/Documents/project/Mlops/myenv/lib/python3.12/site-packages/airflow/example_dags/example_kubernetes_executor.py for tasks to queue
[2025-04-03T15:13:10.306+0000] {logging_mixin.py:190} INFO - [2025-04-03T15:13:10.306+0000] {dagbag.py:588} INFO - Filling up the DagBag from /home/hamza/Documents/project/Mlops/myenv/lib/python3.12/site-packages/airflow/example_dags/example_kubernetes_executor.py
[2025-04-03T15:13:10.328+0000] {processor.py:925} INFO - DAG(s) 'example_kubernetes_executor' retrieved from /home/hamza/Documents/project/Mlops/myenv/lib/python3.12/site-packages/airflow/example_dags/example_kubernetes_executor.py
[2025-04-03T15:13:10.359+0000] {logging_mixin.py:190} INFO - [2025-04-03T15:13:10.359+0000] {dag.py:3239} INFO - Sync 1 DAGs
[2025-04-03T15:13:10.380+0000] {logging_mixin.py:190} INFO - [2025-04-03T15:13:10.380+0000] {dag.py:4180} INFO - Setting next_dagrun for example_kubernetes_executor to None, run_after=None
[2025-04-03T15:13:10.418+0000] {processor.py:208} INFO - Processing /home/hamza/Documents/project/Mlops/myenv/lib/python3.12/site-packages/airflow/example_dags/example_kubernetes_executor.py took 0.128 seconds
[2025-04-03T15:14:44.271+0000] {processor.py:186} INFO - Started process (PID=39743) to work on /home/hamza/Documents/project/Mlops/myenv/lib/python3.12/site-packages/airflow/example_dags/example_kubernetes_executor.py
[2025-04-03T15:14:44.274+0000] {processor.py:914} INFO - Processing file /home/hamza/Documents/project/Mlops/myenv/lib/python3.12/site-packages/airflow/example_dags/example_kubernetes_executor.py for tasks to queue
[2025-04-03T15:14:44.277+0000] {logging_mixin.py:190} INFO - [2025-04-03T15:14:44.276+0000] {dagbag.py:588} INFO - Filling up the DagBag from /home/hamza/Documents/project/Mlops/myenv/lib/python3.12/site-packages/airflow/example_dags/example_kubernetes_executor.py
[2025-04-03T15:14:44.301+0000] {processor.py:925} INFO - DAG(s) 'example_kubernetes_executor' retrieved from /home/hamza/Documents/project/Mlops/myenv/lib/python3.12/site-packages/airflow/example_dags/example_kubernetes_executor.py
[2025-04-03T15:14:44.337+0000] {logging_mixin.py:190} INFO - [2025-04-03T15:14:44.336+0000] {dag.py:3239} INFO - Sync 1 DAGs
[2025-04-03T15:14:44.359+0000] {logging_mixin.py:190} INFO - [2025-04-03T15:14:44.359+0000] {dag.py:4180} INFO - Setting next_dagrun for example_kubernetes_executor to None, run_after=None
[2025-04-03T15:14:44.398+0000] {processor.py:208} INFO - Processing /home/hamza/Documents/project/Mlops/myenv/lib/python3.12/site-packages/airflow/example_dags/example_kubernetes_executor.py took 0.137 seconds
[2025-04-03T15:16:23.442+0000] {processor.py:186} INFO - Started process (PID=40754) to work on /home/hamza/Documents/project/Mlops/myenv/lib/python3.12/site-packages/airflow/example_dags/example_kubernetes_executor.py
[2025-04-03T15:16:23.445+0000] {processor.py:914} INFO - Processing file /home/hamza/Documents/project/Mlops/myenv/lib/python3.12/site-packages/airflow/example_dags/example_kubernetes_executor.py for tasks to queue
[2025-04-03T15:16:23.448+0000] {logging_mixin.py:190} INFO - [2025-04-03T15:16:23.448+0000] {dagbag.py:588} INFO - Filling up the DagBag from /home/hamza/Documents/project/Mlops/myenv/lib/python3.12/site-packages/airflow/example_dags/example_kubernetes_executor.py
[2025-04-03T15:16:23.472+0000] {processor.py:925} INFO - DAG(s) 'example_kubernetes_executor' retrieved from /home/hamza/Documents/project/Mlops/myenv/lib/python3.12/site-packages/airflow/example_dags/example_kubernetes_executor.py
[2025-04-03T15:16:23.507+0000] {logging_mixin.py:190} INFO - [2025-04-03T15:16:23.506+0000] {dag.py:3239} INFO - Sync 1 DAGs
[2025-04-03T15:16:23.527+0000] {logging_mixin.py:190} INFO - [2025-04-03T15:16:23.526+0000] {dag.py:4180} INFO - Setting next_dagrun for example_kubernetes_executor to None, run_after=None
[2025-04-03T15:16:23.569+0000] {processor.py:208} INFO - Processing /home/hamza/Documents/project/Mlops/myenv/lib/python3.12/site-packages/airflow/example_dags/example_kubernetes_executor.py took 0.136 seconds
[2025-04-03T15:18:03.360+0000] {processor.py:186} INFO - Started process (PID=41804) to work on /home/hamza/Documents/project/Mlops/myenv/lib/python3.12/site-packages/airflow/example_dags/example_kubernetes_executor.py
[2025-04-03T15:18:03.361+0000] {processor.py:914} INFO - Processing file /home/hamza/Documents/project/Mlops/myenv/lib/python3.12/site-packages/airflow/example_dags/example_kubernetes_executor.py for tasks to queue
[2025-04-03T15:18:03.365+0000] {logging_mixin.py:190} INFO - [2025-04-03T15:18:03.364+0000] {dagbag.py:588} INFO - Filling up the DagBag from /home/hamza/Documents/project/Mlops/myenv/lib/python3.12/site-packages/airflow/example_dags/example_kubernetes_executor.py
[2025-04-03T15:18:03.387+0000] {processor.py:925} INFO - DAG(s) 'example_kubernetes_executor' retrieved from /home/hamza/Documents/project/Mlops/myenv/lib/python3.12/site-packages/airflow/example_dags/example_kubernetes_executor.py
[2025-04-03T15:18:03.417+0000] {logging_mixin.py:190} INFO - [2025-04-03T15:18:03.417+0000] {dag.py:3239} INFO - Sync 1 DAGs
[2025-04-03T15:18:03.435+0000] {logging_mixin.py:190} INFO - [2025-04-03T15:18:03.435+0000] {dag.py:4180} INFO - Setting next_dagrun for example_kubernetes_executor to None, run_after=None
[2025-04-03T15:18:03.469+0000] {processor.py:208} INFO - Processing /home/hamza/Documents/project/Mlops/myenv/lib/python3.12/site-packages/airflow/example_dags/example_kubernetes_executor.py took 0.118 seconds
[2025-04-03T15:19:34.348+0000] {processor.py:186} INFO - Started process (PID=42816) to work on /home/hamza/Documents/project/Mlops/myenv/lib/python3.12/site-packages/airflow/example_dags/example_kubernetes_executor.py
[2025-04-03T15:19:34.351+0000] {processor.py:914} INFO - Processing file /home/hamza/Documents/project/Mlops/myenv/lib/python3.12/site-packages/airflow/example_dags/example_kubernetes_executor.py for tasks to queue
[2025-04-03T15:19:34.356+0000] {logging_mixin.py:190} INFO - [2025-04-03T15:19:34.355+0000] {dagbag.py:588} INFO - Filling up the DagBag from /home/hamza/Documents/project/Mlops/myenv/lib/python3.12/site-packages/airflow/example_dags/example_kubernetes_executor.py
[2025-04-03T15:19:34.380+0000] {processor.py:925} INFO - DAG(s) 'example_kubernetes_executor' retrieved from /home/hamza/Documents/project/Mlops/myenv/lib/python3.12/site-packages/airflow/example_dags/example_kubernetes_executor.py
[2025-04-03T15:19:34.413+0000] {logging_mixin.py:190} INFO - [2025-04-03T15:19:34.412+0000] {dag.py:3239} INFO - Sync 1 DAGs
[2025-04-03T15:19:34.434+0000] {logging_mixin.py:190} INFO - [2025-04-03T15:19:34.434+0000] {dag.py:4180} INFO - Setting next_dagrun for example_kubernetes_executor to None, run_after=None
[2025-04-03T15:19:34.470+0000] {processor.py:208} INFO - Processing /home/hamza/Documents/project/Mlops/myenv/lib/python3.12/site-packages/airflow/example_dags/example_kubernetes_executor.py took 0.131 seconds
[2025-04-03T15:21:03.153+0000] {processor.py:186} INFO - Started process (PID=43683) to work on /home/hamza/Documents/project/Mlops/myenv/lib/python3.12/site-packages/airflow/example_dags/example_kubernetes_executor.py
[2025-04-03T15:21:03.156+0000] {processor.py:914} INFO - Processing file /home/hamza/Documents/project/Mlops/myenv/lib/python3.12/site-packages/airflow/example_dags/example_kubernetes_executor.py for tasks to queue
[2025-04-03T15:21:03.159+0000] {logging_mixin.py:190} INFO - [2025-04-03T15:21:03.159+0000] {dagbag.py:588} INFO - Filling up the DagBag from /home/hamza/Documents/project/Mlops/myenv/lib/python3.12/site-packages/airflow/example_dags/example_kubernetes_executor.py
[2025-04-03T15:21:03.183+0000] {processor.py:925} INFO - DAG(s) 'example_kubernetes_executor' retrieved from /home/hamza/Documents/project/Mlops/myenv/lib/python3.12/site-packages/airflow/example_dags/example_kubernetes_executor.py
[2025-04-03T15:21:03.217+0000] {logging_mixin.py:190} INFO - [2025-04-03T15:21:03.217+0000] {dag.py:3239} INFO - Sync 1 DAGs
[2025-04-03T15:21:03.240+0000] {logging_mixin.py:190} INFO - [2025-04-03T15:21:03.240+0000] {dag.py:4180} INFO - Setting next_dagrun for example_kubernetes_executor to None, run_after=None
[2025-04-03T15:21:03.277+0000] {processor.py:208} INFO - Processing /home/hamza/Documents/project/Mlops/myenv/lib/python3.12/site-packages/airflow/example_dags/example_kubernetes_executor.py took 0.133 seconds
[2025-04-03T15:22:41.753+0000] {processor.py:186} INFO - Started process (PID=44609) to work on /home/hamza/Documents/project/Mlops/myenv/lib/python3.12/site-packages/airflow/example_dags/example_kubernetes_executor.py
[2025-04-03T15:22:41.755+0000] {processor.py:914} INFO - Processing file /home/hamza/Documents/project/Mlops/myenv/lib/python3.12/site-packages/airflow/example_dags/example_kubernetes_executor.py for tasks to queue
[2025-04-03T15:22:41.760+0000] {logging_mixin.py:190} INFO - [2025-04-03T15:22:41.759+0000] {dagbag.py:588} INFO - Filling up the DagBag from /home/hamza/Documents/project/Mlops/myenv/lib/python3.12/site-packages/airflow/example_dags/example_kubernetes_executor.py
[2025-04-03T15:22:41.786+0000] {processor.py:925} INFO - DAG(s) 'example_kubernetes_executor' retrieved from /home/hamza/Documents/project/Mlops/myenv/lib/python3.12/site-packages/airflow/example_dags/example_kubernetes_executor.py
[2025-04-03T15:22:41.816+0000] {logging_mixin.py:190} INFO - [2025-04-03T15:22:41.815+0000] {dag.py:3239} INFO - Sync 1 DAGs
[2025-04-03T15:22:41.835+0000] {logging_mixin.py:190} INFO - [2025-04-03T15:22:41.835+0000] {dag.py:4180} INFO - Setting next_dagrun for example_kubernetes_executor to None, run_after=None
[2025-04-03T15:22:41.869+0000] {processor.py:208} INFO - Processing /home/hamza/Documents/project/Mlops/myenv/lib/python3.12/site-packages/airflow/example_dags/example_kubernetes_executor.py took 0.127 seconds
[2025-04-03T15:24:16.766+0000] {processor.py:186} INFO - Started process (PID=45550) to work on /home/hamza/Documents/project/Mlops/myenv/lib/python3.12/site-packages/airflow/example_dags/example_kubernetes_executor.py
[2025-04-03T15:24:16.768+0000] {processor.py:914} INFO - Processing file /home/hamza/Documents/project/Mlops/myenv/lib/python3.12/site-packages/airflow/example_dags/example_kubernetes_executor.py for tasks to queue
[2025-04-03T15:24:16.772+0000] {logging_mixin.py:190} INFO - [2025-04-03T15:24:16.771+0000] {dagbag.py:588} INFO - Filling up the DagBag from /home/hamza/Documents/project/Mlops/myenv/lib/python3.12/site-packages/airflow/example_dags/example_kubernetes_executor.py
[2025-04-03T15:24:16.796+0000] {processor.py:925} INFO - DAG(s) 'example_kubernetes_executor' retrieved from /home/hamza/Documents/project/Mlops/myenv/lib/python3.12/site-packages/airflow/example_dags/example_kubernetes_executor.py
[2025-04-03T15:24:16.831+0000] {logging_mixin.py:190} INFO - [2025-04-03T15:24:16.830+0000] {dag.py:3239} INFO - Sync 1 DAGs
[2025-04-03T15:24:16.851+0000] {logging_mixin.py:190} INFO - [2025-04-03T15:24:16.851+0000] {dag.py:4180} INFO - Setting next_dagrun for example_kubernetes_executor to None, run_after=None
[2025-04-03T15:24:16.887+0000] {processor.py:208} INFO - Processing /home/hamza/Documents/project/Mlops/myenv/lib/python3.12/site-packages/airflow/example_dags/example_kubernetes_executor.py took 0.131 seconds
[2025-04-03T15:25:47.763+0000] {processor.py:186} INFO - Started process (PID=46449) to work on /home/hamza/Documents/project/Mlops/myenv/lib/python3.12/site-packages/airflow/example_dags/example_kubernetes_executor.py
[2025-04-03T15:25:47.766+0000] {processor.py:914} INFO - Processing file /home/hamza/Documents/project/Mlops/myenv/lib/python3.12/site-packages/airflow/example_dags/example_kubernetes_executor.py for tasks to queue
[2025-04-03T15:25:47.770+0000] {logging_mixin.py:190} INFO - [2025-04-03T15:25:47.769+0000] {dagbag.py:588} INFO - Filling up the DagBag from /home/hamza/Documents/project/Mlops/myenv/lib/python3.12/site-packages/airflow/example_dags/example_kubernetes_executor.py
[2025-04-03T15:25:47.793+0000] {processor.py:925} INFO - DAG(s) 'example_kubernetes_executor' retrieved from /home/hamza/Documents/project/Mlops/myenv/lib/python3.12/site-packages/airflow/example_dags/example_kubernetes_executor.py
[2025-04-03T15:25:47.827+0000] {logging_mixin.py:190} INFO - [2025-04-03T15:25:47.826+0000] {dag.py:3239} INFO - Sync 1 DAGs
[2025-04-03T15:25:47.847+0000] {logging_mixin.py:190} INFO - [2025-04-03T15:25:47.846+0000] {dag.py:4180} INFO - Setting next_dagrun for example_kubernetes_executor to None, run_after=None
[2025-04-03T15:25:47.881+0000] {processor.py:208} INFO - Processing /home/hamza/Documents/project/Mlops/myenv/lib/python3.12/site-packages/airflow/example_dags/example_kubernetes_executor.py took 0.126 seconds
[2025-04-03T16:31:34.675+0000] {processor.py:186} INFO - Started process (PID=82870) to work on /home/hamza/Documents/project/Mlops/myenv/lib/python3.12/site-packages/airflow/example_dags/example_kubernetes_executor.py
[2025-04-03T16:31:34.676+0000] {processor.py:914} INFO - Processing file /home/hamza/Documents/project/Mlops/myenv/lib/python3.12/site-packages/airflow/example_dags/example_kubernetes_executor.py for tasks to queue
[2025-04-03T16:31:34.680+0000] {logging_mixin.py:190} INFO - [2025-04-03T16:31:34.679+0000] {dagbag.py:588} INFO - Filling up the DagBag from /home/hamza/Documents/project/Mlops/myenv/lib/python3.12/site-packages/airflow/example_dags/example_kubernetes_executor.py
[2025-04-03T16:31:34.707+0000] {processor.py:925} INFO - DAG(s) 'example_kubernetes_executor' retrieved from /home/hamza/Documents/project/Mlops/myenv/lib/python3.12/site-packages/airflow/example_dags/example_kubernetes_executor.py
[2025-04-03T16:31:34.759+0000] {logging_mixin.py:190} INFO - [2025-04-03T16:31:34.759+0000] {dag.py:3239} INFO - Sync 1 DAGs
[2025-04-03T16:31:34.788+0000] {logging_mixin.py:190} INFO - [2025-04-03T16:31:34.787+0000] {dag.py:4180} INFO - Setting next_dagrun for example_kubernetes_executor to None, run_after=None
[2025-04-03T16:31:34.833+0000] {processor.py:208} INFO - Processing /home/hamza/Documents/project/Mlops/myenv/lib/python3.12/site-packages/airflow/example_dags/example_kubernetes_executor.py took 0.168 seconds
[2025-04-03T16:34:15.695+0000] {processor.py:186} INFO - Started process (PID=84386) to work on /home/hamza/Documents/project/Mlops/myenv/lib/python3.12/site-packages/airflow/example_dags/example_kubernetes_executor.py
[2025-04-03T16:34:15.699+0000] {processor.py:914} INFO - Processing file /home/hamza/Documents/project/Mlops/myenv/lib/python3.12/site-packages/airflow/example_dags/example_kubernetes_executor.py for tasks to queue
[2025-04-03T16:34:15.704+0000] {logging_mixin.py:190} INFO - [2025-04-03T16:34:15.703+0000] {dagbag.py:588} INFO - Filling up the DagBag from /home/hamza/Documents/project/Mlops/myenv/lib/python3.12/site-packages/airflow/example_dags/example_kubernetes_executor.py
[2025-04-03T16:34:15.743+0000] {processor.py:925} INFO - DAG(s) 'example_kubernetes_executor' retrieved from /home/hamza/Documents/project/Mlops/myenv/lib/python3.12/site-packages/airflow/example_dags/example_kubernetes_executor.py
[2025-04-03T16:34:15.795+0000] {logging_mixin.py:190} INFO - [2025-04-03T16:34:15.794+0000] {dag.py:3239} INFO - Sync 1 DAGs
[2025-04-03T16:34:15.825+0000] {logging_mixin.py:190} INFO - [2025-04-03T16:34:15.824+0000] {dag.py:4180} INFO - Setting next_dagrun for example_kubernetes_executor to None, run_after=None
[2025-04-03T16:34:15.867+0000] {processor.py:208} INFO - Processing /home/hamza/Documents/project/Mlops/myenv/lib/python3.12/site-packages/airflow/example_dags/example_kubernetes_executor.py took 0.188 seconds
[2025-04-03T16:35:46.365+0000] {processor.py:186} INFO - Started process (PID=85141) to work on /home/hamza/Documents/project/Mlops/myenv/lib/python3.12/site-packages/airflow/example_dags/example_kubernetes_executor.py
[2025-04-03T16:35:46.367+0000] {processor.py:914} INFO - Processing file /home/hamza/Documents/project/Mlops/myenv/lib/python3.12/site-packages/airflow/example_dags/example_kubernetes_executor.py for tasks to queue
[2025-04-03T16:35:46.372+0000] {logging_mixin.py:190} INFO - [2025-04-03T16:35:46.371+0000] {dagbag.py:588} INFO - Filling up the DagBag from /home/hamza/Documents/project/Mlops/myenv/lib/python3.12/site-packages/airflow/example_dags/example_kubernetes_executor.py
[2025-04-03T16:35:46.406+0000] {processor.py:925} INFO - DAG(s) 'example_kubernetes_executor' retrieved from /home/hamza/Documents/project/Mlops/myenv/lib/python3.12/site-packages/airflow/example_dags/example_kubernetes_executor.py
[2025-04-03T16:35:46.456+0000] {logging_mixin.py:190} INFO - [2025-04-03T16:35:46.455+0000] {dag.py:3239} INFO - Sync 1 DAGs
[2025-04-03T16:35:46.486+0000] {logging_mixin.py:190} INFO - [2025-04-03T16:35:46.485+0000] {dag.py:4180} INFO - Setting next_dagrun for example_kubernetes_executor to None, run_after=None
[2025-04-03T16:35:46.528+0000] {processor.py:208} INFO - Processing /home/hamza/Documents/project/Mlops/myenv/lib/python3.12/site-packages/airflow/example_dags/example_kubernetes_executor.py took 0.174 seconds
[2025-04-03T16:37:19.541+0000] {processor.py:186} INFO - Started process (PID=85915) to work on /home/hamza/Documents/project/Mlops/myenv/lib/python3.12/site-packages/airflow/example_dags/example_kubernetes_executor.py
[2025-04-03T16:37:19.542+0000] {processor.py:914} INFO - Processing file /home/hamza/Documents/project/Mlops/myenv/lib/python3.12/site-packages/airflow/example_dags/example_kubernetes_executor.py for tasks to queue
[2025-04-03T16:37:19.546+0000] {logging_mixin.py:190} INFO - [2025-04-03T16:37:19.545+0000] {dagbag.py:588} INFO - Filling up the DagBag from /home/hamza/Documents/project/Mlops/myenv/lib/python3.12/site-packages/airflow/example_dags/example_kubernetes_executor.py
[2025-04-03T16:37:19.572+0000] {processor.py:925} INFO - DAG(s) 'example_kubernetes_executor' retrieved from /home/hamza/Documents/project/Mlops/myenv/lib/python3.12/site-packages/airflow/example_dags/example_kubernetes_executor.py
[2025-04-03T16:37:19.608+0000] {logging_mixin.py:190} INFO - [2025-04-03T16:37:19.607+0000] {dag.py:3239} INFO - Sync 1 DAGs
[2025-04-03T16:37:19.629+0000] {logging_mixin.py:190} INFO - [2025-04-03T16:37:19.629+0000] {dag.py:4180} INFO - Setting next_dagrun for example_kubernetes_executor to None, run_after=None
[2025-04-03T16:37:19.669+0000] {processor.py:208} INFO - Processing /home/hamza/Documents/project/Mlops/myenv/lib/python3.12/site-packages/airflow/example_dags/example_kubernetes_executor.py took 0.139 seconds
[2025-04-03T16:38:48.326+0000] {processor.py:186} INFO - Started process (PID=86761) to work on /home/hamza/Documents/project/Mlops/myenv/lib/python3.12/site-packages/airflow/example_dags/example_kubernetes_executor.py
[2025-04-03T16:38:48.329+0000] {processor.py:914} INFO - Processing file /home/hamza/Documents/project/Mlops/myenv/lib/python3.12/site-packages/airflow/example_dags/example_kubernetes_executor.py for tasks to queue
[2025-04-03T16:38:48.334+0000] {logging_mixin.py:190} INFO - [2025-04-03T16:38:48.333+0000] {dagbag.py:588} INFO - Filling up the DagBag from /home/hamza/Documents/project/Mlops/myenv/lib/python3.12/site-packages/airflow/example_dags/example_kubernetes_executor.py
[2025-04-03T16:38:48.360+0000] {processor.py:925} INFO - DAG(s) 'example_kubernetes_executor' retrieved from /home/hamza/Documents/project/Mlops/myenv/lib/python3.12/site-packages/airflow/example_dags/example_kubernetes_executor.py
[2025-04-03T16:38:48.400+0000] {logging_mixin.py:190} INFO - [2025-04-03T16:38:48.400+0000] {dag.py:3239} INFO - Sync 1 DAGs
[2025-04-03T16:38:48.423+0000] {logging_mixin.py:190} INFO - [2025-04-03T16:38:48.423+0000] {dag.py:4180} INFO - Setting next_dagrun for example_kubernetes_executor to None, run_after=None
[2025-04-03T16:38:48.460+0000] {processor.py:208} INFO - Processing /home/hamza/Documents/project/Mlops/myenv/lib/python3.12/site-packages/airflow/example_dags/example_kubernetes_executor.py took 0.144 seconds
[2025-04-03T16:40:21.089+0000] {processor.py:186} INFO - Started process (PID=87977) to work on /home/hamza/Documents/project/Mlops/myenv/lib/python3.12/site-packages/airflow/example_dags/example_kubernetes_executor.py
[2025-04-03T16:40:21.091+0000] {processor.py:914} INFO - Processing file /home/hamza/Documents/project/Mlops/myenv/lib/python3.12/site-packages/airflow/example_dags/example_kubernetes_executor.py for tasks to queue
[2025-04-03T16:40:21.095+0000] {logging_mixin.py:190} INFO - [2025-04-03T16:40:21.094+0000] {dagbag.py:588} INFO - Filling up the DagBag from /home/hamza/Documents/project/Mlops/myenv/lib/python3.12/site-packages/airflow/example_dags/example_kubernetes_executor.py
[2025-04-03T16:40:21.119+0000] {processor.py:925} INFO - DAG(s) 'example_kubernetes_executor' retrieved from /home/hamza/Documents/project/Mlops/myenv/lib/python3.12/site-packages/airflow/example_dags/example_kubernetes_executor.py
[2025-04-03T16:40:21.154+0000] {logging_mixin.py:190} INFO - [2025-04-03T16:40:21.153+0000] {dag.py:3239} INFO - Sync 1 DAGs
[2025-04-03T16:40:21.176+0000] {logging_mixin.py:190} INFO - [2025-04-03T16:40:21.176+0000] {dag.py:4180} INFO - Setting next_dagrun for example_kubernetes_executor to None, run_after=None
[2025-04-03T16:40:21.212+0000] {processor.py:208} INFO - Processing /home/hamza/Documents/project/Mlops/myenv/lib/python3.12/site-packages/airflow/example_dags/example_kubernetes_executor.py took 0.133 seconds
[2025-04-03T16:42:00.668+0000] {processor.py:186} INFO - Started process (PID=88896) to work on /home/hamza/Documents/project/Mlops/myenv/lib/python3.12/site-packages/airflow/example_dags/example_kubernetes_executor.py
[2025-04-03T16:42:00.669+0000] {processor.py:914} INFO - Processing file /home/hamza/Documents/project/Mlops/myenv/lib/python3.12/site-packages/airflow/example_dags/example_kubernetes_executor.py for tasks to queue
[2025-04-03T16:42:00.673+0000] {logging_mixin.py:190} INFO - [2025-04-03T16:42:00.672+0000] {dagbag.py:588} INFO - Filling up the DagBag from /home/hamza/Documents/project/Mlops/myenv/lib/python3.12/site-packages/airflow/example_dags/example_kubernetes_executor.py
[2025-04-03T16:42:00.699+0000] {processor.py:925} INFO - DAG(s) 'example_kubernetes_executor' retrieved from /home/hamza/Documents/project/Mlops/myenv/lib/python3.12/site-packages/airflow/example_dags/example_kubernetes_executor.py
[2025-04-03T16:42:00.734+0000] {logging_mixin.py:190} INFO - [2025-04-03T16:42:00.733+0000] {dag.py:3239} INFO - Sync 1 DAGs
[2025-04-03T16:42:00.756+0000] {logging_mixin.py:190} INFO - [2025-04-03T16:42:00.756+0000] {dag.py:4180} INFO - Setting next_dagrun for example_kubernetes_executor to None, run_after=None
[2025-04-03T16:42:00.792+0000] {processor.py:208} INFO - Processing /home/hamza/Documents/project/Mlops/myenv/lib/python3.12/site-packages/airflow/example_dags/example_kubernetes_executor.py took 0.134 seconds
[2025-04-03T16:43:33.900+0000] {processor.py:186} INFO - Started process (PID=89623) to work on /home/hamza/Documents/project/Mlops/myenv/lib/python3.12/site-packages/airflow/example_dags/example_kubernetes_executor.py
[2025-04-03T16:43:33.902+0000] {processor.py:914} INFO - Processing file /home/hamza/Documents/project/Mlops/myenv/lib/python3.12/site-packages/airflow/example_dags/example_kubernetes_executor.py for tasks to queue
[2025-04-03T16:43:33.906+0000] {logging_mixin.py:190} INFO - [2025-04-03T16:43:33.905+0000] {dagbag.py:588} INFO - Filling up the DagBag from /home/hamza/Documents/project/Mlops/myenv/lib/python3.12/site-packages/airflow/example_dags/example_kubernetes_executor.py
[2025-04-03T16:43:33.932+0000] {processor.py:925} INFO - DAG(s) 'example_kubernetes_executor' retrieved from /home/hamza/Documents/project/Mlops/myenv/lib/python3.12/site-packages/airflow/example_dags/example_kubernetes_executor.py
[2025-04-03T16:43:33.967+0000] {logging_mixin.py:190} INFO - [2025-04-03T16:43:33.967+0000] {dag.py:3239} INFO - Sync 1 DAGs
[2025-04-03T16:43:33.989+0000] {logging_mixin.py:190} INFO - [2025-04-03T16:43:33.988+0000] {dag.py:4180} INFO - Setting next_dagrun for example_kubernetes_executor to None, run_after=None
[2025-04-03T16:43:34.027+0000] {processor.py:208} INFO - Processing /home/hamza/Documents/project/Mlops/myenv/lib/python3.12/site-packages/airflow/example_dags/example_kubernetes_executor.py took 0.137 seconds
[2025-04-03T16:45:11.153+0000] {processor.py:186} INFO - Started process (PID=90410) to work on /home/hamza/Documents/project/Mlops/myenv/lib/python3.12/site-packages/airflow/example_dags/example_kubernetes_executor.py
[2025-04-03T16:45:11.156+0000] {processor.py:914} INFO - Processing file /home/hamza/Documents/project/Mlops/myenv/lib/python3.12/site-packages/airflow/example_dags/example_kubernetes_executor.py for tasks to queue
[2025-04-03T16:45:11.160+0000] {logging_mixin.py:190} INFO - [2025-04-03T16:45:11.159+0000] {dagbag.py:588} INFO - Filling up the DagBag from /home/hamza/Documents/project/Mlops/myenv/lib/python3.12/site-packages/airflow/example_dags/example_kubernetes_executor.py
[2025-04-03T16:45:11.185+0000] {processor.py:925} INFO - DAG(s) 'example_kubernetes_executor' retrieved from /home/hamza/Documents/project/Mlops/myenv/lib/python3.12/site-packages/airflow/example_dags/example_kubernetes_executor.py
[2025-04-03T16:45:11.219+0000] {logging_mixin.py:190} INFO - [2025-04-03T16:45:11.218+0000] {dag.py:3239} INFO - Sync 1 DAGs
[2025-04-03T16:45:11.240+0000] {logging_mixin.py:190} INFO - [2025-04-03T16:45:11.240+0000] {dag.py:4180} INFO - Setting next_dagrun for example_kubernetes_executor to None, run_after=None
[2025-04-03T16:45:11.280+0000] {processor.py:208} INFO - Processing /home/hamza/Documents/project/Mlops/myenv/lib/python3.12/site-packages/airflow/example_dags/example_kubernetes_executor.py took 0.136 seconds
[2025-04-03T16:46:44.806+0000] {processor.py:186} INFO - Started process (PID=91229) to work on /home/hamza/Documents/project/Mlops/myenv/lib/python3.12/site-packages/airflow/example_dags/example_kubernetes_executor.py
[2025-04-03T16:46:44.807+0000] {processor.py:914} INFO - Processing file /home/hamza/Documents/project/Mlops/myenv/lib/python3.12/site-packages/airflow/example_dags/example_kubernetes_executor.py for tasks to queue
[2025-04-03T16:46:44.811+0000] {logging_mixin.py:190} INFO - [2025-04-03T16:46:44.810+0000] {dagbag.py:588} INFO - Filling up the DagBag from /home/hamza/Documents/project/Mlops/myenv/lib/python3.12/site-packages/airflow/example_dags/example_kubernetes_executor.py
[2025-04-03T16:46:44.836+0000] {processor.py:925} INFO - DAG(s) 'example_kubernetes_executor' retrieved from /home/hamza/Documents/project/Mlops/myenv/lib/python3.12/site-packages/airflow/example_dags/example_kubernetes_executor.py
[2025-04-03T16:46:44.874+0000] {logging_mixin.py:190} INFO - [2025-04-03T16:46:44.874+0000] {dag.py:3239} INFO - Sync 1 DAGs
[2025-04-03T16:46:44.897+0000] {logging_mixin.py:190} INFO - [2025-04-03T16:46:44.897+0000] {dag.py:4180} INFO - Setting next_dagrun for example_kubernetes_executor to None, run_after=None
[2025-04-03T16:46:44.938+0000] {processor.py:208} INFO - Processing /home/hamza/Documents/project/Mlops/myenv/lib/python3.12/site-packages/airflow/example_dags/example_kubernetes_executor.py took 0.142 seconds
[2025-04-03T16:48:22.555+0000] {processor.py:186} INFO - Started process (PID=92095) to work on /home/hamza/Documents/project/Mlops/myenv/lib/python3.12/site-packages/airflow/example_dags/example_kubernetes_executor.py
[2025-04-03T16:48:22.558+0000] {processor.py:914} INFO - Processing file /home/hamza/Documents/project/Mlops/myenv/lib/python3.12/site-packages/airflow/example_dags/example_kubernetes_executor.py for tasks to queue
[2025-04-03T16:48:22.562+0000] {logging_mixin.py:190} INFO - [2025-04-03T16:48:22.561+0000] {dagbag.py:588} INFO - Filling up the DagBag from /home/hamza/Documents/project/Mlops/myenv/lib/python3.12/site-packages/airflow/example_dags/example_kubernetes_executor.py
[2025-04-03T16:48:22.589+0000] {processor.py:925} INFO - DAG(s) 'example_kubernetes_executor' retrieved from /home/hamza/Documents/project/Mlops/myenv/lib/python3.12/site-packages/airflow/example_dags/example_kubernetes_executor.py
[2025-04-03T16:48:22.630+0000] {logging_mixin.py:190} INFO - [2025-04-03T16:48:22.629+0000] {dag.py:3239} INFO - Sync 1 DAGs
[2025-04-03T16:48:22.653+0000] {logging_mixin.py:190} INFO - [2025-04-03T16:48:22.652+0000] {dag.py:4180} INFO - Setting next_dagrun for example_kubernetes_executor to None, run_after=None
[2025-04-03T16:48:22.690+0000] {processor.py:208} INFO - Processing /home/hamza/Documents/project/Mlops/myenv/lib/python3.12/site-packages/airflow/example_dags/example_kubernetes_executor.py took 0.147 seconds
[2025-04-03T16:50:02.617+0000] {processor.py:186} INFO - Started process (PID=92952) to work on /home/hamza/Documents/project/Mlops/myenv/lib/python3.12/site-packages/airflow/example_dags/example_kubernetes_executor.py
[2025-04-03T16:50:02.619+0000] {processor.py:914} INFO - Processing file /home/hamza/Documents/project/Mlops/myenv/lib/python3.12/site-packages/airflow/example_dags/example_kubernetes_executor.py for tasks to queue
[2025-04-03T16:50:02.623+0000] {logging_mixin.py:190} INFO - [2025-04-03T16:50:02.622+0000] {dagbag.py:588} INFO - Filling up the DagBag from /home/hamza/Documents/project/Mlops/myenv/lib/python3.12/site-packages/airflow/example_dags/example_kubernetes_executor.py
[2025-04-03T16:50:02.648+0000] {processor.py:925} INFO - DAG(s) 'example_kubernetes_executor' retrieved from /home/hamza/Documents/project/Mlops/myenv/lib/python3.12/site-packages/airflow/example_dags/example_kubernetes_executor.py
[2025-04-03T16:50:02.684+0000] {logging_mixin.py:190} INFO - [2025-04-03T16:50:02.683+0000] {dag.py:3239} INFO - Sync 1 DAGs
[2025-04-03T16:50:02.709+0000] {logging_mixin.py:190} INFO - [2025-04-03T16:50:02.708+0000] {dag.py:4180} INFO - Setting next_dagrun for example_kubernetes_executor to None, run_after=None
[2025-04-03T16:50:02.748+0000] {processor.py:208} INFO - Processing /home/hamza/Documents/project/Mlops/myenv/lib/python3.12/site-packages/airflow/example_dags/example_kubernetes_executor.py took 0.140 seconds
[2025-04-03T16:51:40.385+0000] {processor.py:186} INFO - Started process (PID=93761) to work on /home/hamza/Documents/project/Mlops/myenv/lib/python3.12/site-packages/airflow/example_dags/example_kubernetes_executor.py
[2025-04-03T16:51:40.387+0000] {processor.py:914} INFO - Processing file /home/hamza/Documents/project/Mlops/myenv/lib/python3.12/site-packages/airflow/example_dags/example_kubernetes_executor.py for tasks to queue
[2025-04-03T16:51:40.391+0000] {logging_mixin.py:190} INFO - [2025-04-03T16:51:40.390+0000] {dagbag.py:588} INFO - Filling up the DagBag from /home/hamza/Documents/project/Mlops/myenv/lib/python3.12/site-packages/airflow/example_dags/example_kubernetes_executor.py
[2025-04-03T16:51:40.419+0000] {processor.py:925} INFO - DAG(s) 'example_kubernetes_executor' retrieved from /home/hamza/Documents/project/Mlops/myenv/lib/python3.12/site-packages/airflow/example_dags/example_kubernetes_executor.py
[2025-04-03T16:51:40.454+0000] {logging_mixin.py:190} INFO - [2025-04-03T16:51:40.454+0000] {dag.py:3239} INFO - Sync 1 DAGs
[2025-04-03T16:51:40.478+0000] {logging_mixin.py:190} INFO - [2025-04-03T16:51:40.478+0000] {dag.py:4180} INFO - Setting next_dagrun for example_kubernetes_executor to None, run_after=None
[2025-04-03T16:51:40.514+0000] {processor.py:208} INFO - Processing /home/hamza/Documents/project/Mlops/myenv/lib/python3.12/site-packages/airflow/example_dags/example_kubernetes_executor.py took 0.139 seconds
[2025-04-03T16:53:19.679+0000] {processor.py:186} INFO - Started process (PID=94578) to work on /home/hamza/Documents/project/Mlops/myenv/lib/python3.12/site-packages/airflow/example_dags/example_kubernetes_executor.py
[2025-04-03T16:53:19.681+0000] {processor.py:914} INFO - Processing file /home/hamza/Documents/project/Mlops/myenv/lib/python3.12/site-packages/airflow/example_dags/example_kubernetes_executor.py for tasks to queue
[2025-04-03T16:53:19.685+0000] {logging_mixin.py:190} INFO - [2025-04-03T16:53:19.684+0000] {dagbag.py:588} INFO - Filling up the DagBag from /home/hamza/Documents/project/Mlops/myenv/lib/python3.12/site-packages/airflow/example_dags/example_kubernetes_executor.py
[2025-04-03T16:53:19.711+0000] {processor.py:925} INFO - DAG(s) 'example_kubernetes_executor' retrieved from /home/hamza/Documents/project/Mlops/myenv/lib/python3.12/site-packages/airflow/example_dags/example_kubernetes_executor.py
[2025-04-03T16:53:19.748+0000] {logging_mixin.py:190} INFO - [2025-04-03T16:53:19.747+0000] {dag.py:3239} INFO - Sync 1 DAGs
[2025-04-03T16:53:19.774+0000] {logging_mixin.py:190} INFO - [2025-04-03T16:53:19.773+0000] {dag.py:4180} INFO - Setting next_dagrun for example_kubernetes_executor to None, run_after=None
[2025-04-03T16:53:19.811+0000] {processor.py:208} INFO - Processing /home/hamza/Documents/project/Mlops/myenv/lib/python3.12/site-packages/airflow/example_dags/example_kubernetes_executor.py took 0.142 seconds
[2025-04-03T16:55:00.194+0000] {processor.py:186} INFO - Started process (PID=95668) to work on /home/hamza/Documents/project/Mlops/myenv/lib/python3.12/site-packages/airflow/example_dags/example_kubernetes_executor.py
[2025-04-03T16:55:00.195+0000] {processor.py:914} INFO - Processing file /home/hamza/Documents/project/Mlops/myenv/lib/python3.12/site-packages/airflow/example_dags/example_kubernetes_executor.py for tasks to queue
[2025-04-03T16:55:00.199+0000] {logging_mixin.py:190} INFO - [2025-04-03T16:55:00.199+0000] {dagbag.py:588} INFO - Filling up the DagBag from /home/hamza/Documents/project/Mlops/myenv/lib/python3.12/site-packages/airflow/example_dags/example_kubernetes_executor.py
[2025-04-03T16:55:00.226+0000] {processor.py:925} INFO - DAG(s) 'example_kubernetes_executor' retrieved from /home/hamza/Documents/project/Mlops/myenv/lib/python3.12/site-packages/airflow/example_dags/example_kubernetes_executor.py
[2025-04-03T16:55:00.262+0000] {logging_mixin.py:190} INFO - [2025-04-03T16:55:00.261+0000] {dag.py:3239} INFO - Sync 1 DAGs
[2025-04-03T16:55:00.289+0000] {logging_mixin.py:190} INFO - [2025-04-03T16:55:00.288+0000] {dag.py:4180} INFO - Setting next_dagrun for example_kubernetes_executor to None, run_after=None
[2025-04-03T16:55:00.347+0000] {processor.py:208} INFO - Processing /home/hamza/Documents/project/Mlops/myenv/lib/python3.12/site-packages/airflow/example_dags/example_kubernetes_executor.py took 0.163 seconds
