[2025-04-03T13:44:15.056+0000] {processor.py:186} INFO - Started process (PID=98895) to work on /home/hamza/Documents/project/Mlops/myenv/lib/python3.12/site-packages/airflow/example_dags/example_branch_python_dop_operator_3.py
[2025-04-03T13:44:15.058+0000] {processor.py:914} INFO - Processing file /home/hamza/Documents/project/Mlops/myenv/lib/python3.12/site-packages/airflow/example_dags/example_branch_python_dop_operator_3.py for tasks to queue
[2025-04-03T13:44:15.061+0000] {logging_mixin.py:190} INFO - [2025-04-03T13:44:15.061+0000] {dagbag.py:588} INFO - Filling up the DagBag from /home/hamza/Documents/project/Mlops/myenv/lib/python3.12/site-packages/airflow/example_dags/example_branch_python_dop_operator_3.py
[2025-04-03T13:44:15.081+0000] {processor.py:925} INFO - DAG(s) 'example_branch_dop_operator_v3' retrieved from /home/hamza/Documents/project/Mlops/myenv/lib/python3.12/site-packages/airflow/example_dags/example_branch_python_dop_operator_3.py
[2025-04-03T13:44:15.243+0000] {logging_mixin.py:190} INFO - [2025-04-03T13:44:15.242+0000] {override.py:1930} INFO - Created Permission View: can delete on DAG:example_branch_dop_operator_v3
[2025-04-03T13:44:15.262+0000] {logging_mixin.py:190} INFO - [2025-04-03T13:44:15.262+0000] {override.py:1930} INFO - Created Permission View: can read on DAG:example_branch_dop_operator_v3
[2025-04-03T13:44:15.278+0000] {logging_mixin.py:190} INFO - [2025-04-03T13:44:15.277+0000] {override.py:1930} INFO - Created Permission View: can edit on DAG:example_branch_dop_operator_v3
[2025-04-03T13:44:15.299+0000] {logging_mixin.py:190} INFO - [2025-04-03T13:44:15.298+0000] {override.py:1930} INFO - Created Permission View: can delete on DAG Run:example_branch_dop_operator_v3
[2025-04-03T13:44:15.317+0000] {logging_mixin.py:190} INFO - [2025-04-03T13:44:15.316+0000] {override.py:1930} INFO - Created Permission View: can read on DAG Run:example_branch_dop_operator_v3
[2025-04-03T13:44:15.332+0000] {logging_mixin.py:190} INFO - [2025-04-03T13:44:15.331+0000] {override.py:1930} INFO - Created Permission View: menu access on DAG Run:example_branch_dop_operator_v3
[2025-04-03T13:44:15.346+0000] {logging_mixin.py:190} INFO - [2025-04-03T13:44:15.346+0000] {override.py:1930} INFO - Created Permission View: can create on DAG Run:example_branch_dop_operator_v3
[2025-04-03T13:44:15.347+0000] {logging_mixin.py:190} INFO - [2025-04-03T13:44:15.347+0000] {dag.py:3239} INFO - Sync 1 DAGs
[2025-04-03T13:44:15.370+0000] {logging_mixin.py:190} INFO - [2025-04-03T13:44:15.369+0000] {dag.py:3262} INFO - Creating ORM DAG for example_branch_dop_operator_v3
[2025-04-03T13:44:15.399+0000] {logging_mixin.py:190} INFO - [2025-04-03T13:44:15.399+0000] {dag.py:4180} INFO - Setting next_dagrun for example_branch_dop_operator_v3 to 2025-04-03 13:43:00+00:00, run_after=2025-04-03 13:44:00+00:00
[2025-04-03T13:44:15.433+0000] {processor.py:208} INFO - Processing /home/hamza/Documents/project/Mlops/myenv/lib/python3.12/site-packages/airflow/example_dags/example_branch_python_dop_operator_3.py took 0.386 seconds
[2025-04-03T13:45:29.608+0000] {processor.py:186} INFO - Started process (PID=99838) to work on /home/hamza/Documents/project/Mlops/myenv/lib/python3.12/site-packages/airflow/example_dags/example_branch_python_dop_operator_3.py
[2025-04-03T13:45:29.610+0000] {processor.py:914} INFO - Processing file /home/hamza/Documents/project/Mlops/myenv/lib/python3.12/site-packages/airflow/example_dags/example_branch_python_dop_operator_3.py for tasks to queue
[2025-04-03T13:45:29.613+0000] {logging_mixin.py:190} INFO - [2025-04-03T13:45:29.612+0000] {dagbag.py:588} INFO - Filling up the DagBag from /home/hamza/Documents/project/Mlops/myenv/lib/python3.12/site-packages/airflow/example_dags/example_branch_python_dop_operator_3.py
[2025-04-03T13:45:29.632+0000] {processor.py:925} INFO - DAG(s) 'example_branch_dop_operator_v3' retrieved from /home/hamza/Documents/project/Mlops/myenv/lib/python3.12/site-packages/airflow/example_dags/example_branch_python_dop_operator_3.py
[2025-04-03T13:45:29.658+0000] {logging_mixin.py:190} INFO - [2025-04-03T13:45:29.658+0000] {dag.py:3239} INFO - Sync 1 DAGs
[2025-04-03T13:45:29.697+0000] {logging_mixin.py:190} INFO - [2025-04-03T13:45:29.697+0000] {dag.py:4180} INFO - Setting next_dagrun for example_branch_dop_operator_v3 to 2025-04-03 13:44:00+00:00, run_after=2025-04-03 13:45:00+00:00
[2025-04-03T13:45:29.743+0000] {processor.py:208} INFO - Processing /home/hamza/Documents/project/Mlops/myenv/lib/python3.12/site-packages/airflow/example_dags/example_branch_python_dop_operator_3.py took 0.144 seconds
[2025-04-03T13:46:36.828+0000] {processor.py:186} INFO - Started process (PID=100460) to work on /home/hamza/Documents/project/Mlops/myenv/lib/python3.12/site-packages/airflow/example_dags/example_branch_python_dop_operator_3.py
[2025-04-03T13:46:36.831+0000] {processor.py:914} INFO - Processing file /home/hamza/Documents/project/Mlops/myenv/lib/python3.12/site-packages/airflow/example_dags/example_branch_python_dop_operator_3.py for tasks to queue
[2025-04-03T13:46:36.834+0000] {logging_mixin.py:190} INFO - [2025-04-03T13:46:36.834+0000] {dagbag.py:588} INFO - Filling up the DagBag from /home/hamza/Documents/project/Mlops/myenv/lib/python3.12/site-packages/airflow/example_dags/example_branch_python_dop_operator_3.py
[2025-04-03T13:46:36.853+0000] {processor.py:925} INFO - DAG(s) 'example_branch_dop_operator_v3' retrieved from /home/hamza/Documents/project/Mlops/myenv/lib/python3.12/site-packages/airflow/example_dags/example_branch_python_dop_operator_3.py
[2025-04-03T13:46:36.879+0000] {logging_mixin.py:190} INFO - [2025-04-03T13:46:36.879+0000] {dag.py:3239} INFO - Sync 1 DAGs
[2025-04-03T13:46:36.916+0000] {logging_mixin.py:190} INFO - [2025-04-03T13:46:36.915+0000] {dag.py:4180} INFO - Setting next_dagrun for example_branch_dop_operator_v3 to 2025-04-03 13:45:00+00:00, run_after=2025-04-03 13:46:00+00:00
[2025-04-03T13:46:36.954+0000] {processor.py:208} INFO - Processing /home/hamza/Documents/project/Mlops/myenv/lib/python3.12/site-packages/airflow/example_dags/example_branch_python_dop_operator_3.py took 0.135 seconds
[2025-04-03T13:47:44.090+0000] {processor.py:186} INFO - Started process (PID=101301) to work on /home/hamza/Documents/project/Mlops/myenv/lib/python3.12/site-packages/airflow/example_dags/example_branch_python_dop_operator_3.py
[2025-04-03T13:47:44.093+0000] {processor.py:914} INFO - Processing file /home/hamza/Documents/project/Mlops/myenv/lib/python3.12/site-packages/airflow/example_dags/example_branch_python_dop_operator_3.py for tasks to queue
[2025-04-03T13:47:44.096+0000] {logging_mixin.py:190} INFO - [2025-04-03T13:47:44.095+0000] {dagbag.py:588} INFO - Filling up the DagBag from /home/hamza/Documents/project/Mlops/myenv/lib/python3.12/site-packages/airflow/example_dags/example_branch_python_dop_operator_3.py
[2025-04-03T13:47:44.115+0000] {processor.py:925} INFO - DAG(s) 'example_branch_dop_operator_v3' retrieved from /home/hamza/Documents/project/Mlops/myenv/lib/python3.12/site-packages/airflow/example_dags/example_branch_python_dop_operator_3.py
[2025-04-03T13:47:44.142+0000] {logging_mixin.py:190} INFO - [2025-04-03T13:47:44.141+0000] {dag.py:3239} INFO - Sync 1 DAGs
[2025-04-03T13:47:44.182+0000] {logging_mixin.py:190} INFO - [2025-04-03T13:47:44.181+0000] {dag.py:4180} INFO - Setting next_dagrun for example_branch_dop_operator_v3 to 2025-04-03 13:46:00+00:00, run_after=2025-04-03 13:47:00+00:00
[2025-04-03T13:47:44.220+0000] {processor.py:208} INFO - Processing /home/hamza/Documents/project/Mlops/myenv/lib/python3.12/site-packages/airflow/example_dags/example_branch_python_dop_operator_3.py took 0.139 seconds
[2025-04-03T13:50:20.222+0000] {processor.py:186} INFO - Started process (PID=103408) to work on /home/hamza/Documents/project/Mlops/myenv/lib/python3.12/site-packages/airflow/example_dags/example_branch_python_dop_operator_3.py
[2025-04-03T13:50:20.230+0000] {processor.py:914} INFO - Processing file /home/hamza/Documents/project/Mlops/myenv/lib/python3.12/site-packages/airflow/example_dags/example_branch_python_dop_operator_3.py for tasks to queue
[2025-04-03T13:50:20.235+0000] {logging_mixin.py:190} INFO - [2025-04-03T13:50:20.234+0000] {dagbag.py:588} INFO - Filling up the DagBag from /home/hamza/Documents/project/Mlops/myenv/lib/python3.12/site-packages/airflow/example_dags/example_branch_python_dop_operator_3.py
[2025-04-03T13:50:20.252+0000] {processor.py:925} INFO - DAG(s) 'example_branch_dop_operator_v3' retrieved from /home/hamza/Documents/project/Mlops/myenv/lib/python3.12/site-packages/airflow/example_dags/example_branch_python_dop_operator_3.py
[2025-04-03T13:50:20.280+0000] {logging_mixin.py:190} INFO - [2025-04-03T13:50:20.280+0000] {dag.py:3239} INFO - Sync 1 DAGs
[2025-04-03T13:50:20.325+0000] {logging_mixin.py:190} INFO - [2025-04-03T13:50:20.325+0000] {dag.py:4180} INFO - Setting next_dagrun for example_branch_dop_operator_v3 to 2025-04-03 13:49:00+00:00, run_after=2025-04-03 13:50:00+00:00
[2025-04-03T13:50:20.361+0000] {processor.py:208} INFO - Processing /home/hamza/Documents/project/Mlops/myenv/lib/python3.12/site-packages/airflow/example_dags/example_branch_python_dop_operator_3.py took 0.148 seconds
[2025-04-03T13:51:54.221+0000] {processor.py:186} INFO - Started process (PID=104566) to work on /home/hamza/Documents/project/Mlops/myenv/lib/python3.12/site-packages/airflow/example_dags/example_branch_python_dop_operator_3.py
[2025-04-03T13:51:54.222+0000] {processor.py:914} INFO - Processing file /home/hamza/Documents/project/Mlops/myenv/lib/python3.12/site-packages/airflow/example_dags/example_branch_python_dop_operator_3.py for tasks to queue
[2025-04-03T13:51:54.225+0000] {logging_mixin.py:190} INFO - [2025-04-03T13:51:54.225+0000] {dagbag.py:588} INFO - Filling up the DagBag from /home/hamza/Documents/project/Mlops/myenv/lib/python3.12/site-packages/airflow/example_dags/example_branch_python_dop_operator_3.py
[2025-04-03T13:51:54.244+0000] {processor.py:925} INFO - DAG(s) 'example_branch_dop_operator_v3' retrieved from /home/hamza/Documents/project/Mlops/myenv/lib/python3.12/site-packages/airflow/example_dags/example_branch_python_dop_operator_3.py
[2025-04-03T13:51:54.276+0000] {logging_mixin.py:190} INFO - [2025-04-03T13:51:54.275+0000] {dag.py:3239} INFO - Sync 1 DAGs
[2025-04-03T13:51:54.317+0000] {logging_mixin.py:190} INFO - [2025-04-03T13:51:54.316+0000] {dag.py:4180} INFO - Setting next_dagrun for example_branch_dop_operator_v3 to 2025-04-03 13:50:00+00:00, run_after=2025-04-03 13:51:00+00:00
[2025-04-03T13:51:54.364+0000] {processor.py:208} INFO - Processing /home/hamza/Documents/project/Mlops/myenv/lib/python3.12/site-packages/airflow/example_dags/example_branch_python_dop_operator_3.py took 0.151 seconds
[2025-04-03T13:53:37.266+0000] {processor.py:186} INFO - Started process (PID=105631) to work on /home/hamza/Documents/project/Mlops/myenv/lib/python3.12/site-packages/airflow/example_dags/example_branch_python_dop_operator_3.py
[2025-04-03T13:53:37.268+0000] {processor.py:914} INFO - Processing file /home/hamza/Documents/project/Mlops/myenv/lib/python3.12/site-packages/airflow/example_dags/example_branch_python_dop_operator_3.py for tasks to queue
[2025-04-03T13:53:37.271+0000] {logging_mixin.py:190} INFO - [2025-04-03T13:53:37.270+0000] {dagbag.py:588} INFO - Filling up the DagBag from /home/hamza/Documents/project/Mlops/myenv/lib/python3.12/site-packages/airflow/example_dags/example_branch_python_dop_operator_3.py
[2025-04-03T13:53:37.290+0000] {processor.py:925} INFO - DAG(s) 'example_branch_dop_operator_v3' retrieved from /home/hamza/Documents/project/Mlops/myenv/lib/python3.12/site-packages/airflow/example_dags/example_branch_python_dop_operator_3.py
[2025-04-03T13:53:37.316+0000] {logging_mixin.py:190} INFO - [2025-04-03T13:53:37.315+0000] {dag.py:3239} INFO - Sync 1 DAGs
[2025-04-03T13:53:37.357+0000] {logging_mixin.py:190} INFO - [2025-04-03T13:53:37.356+0000] {dag.py:4180} INFO - Setting next_dagrun for example_branch_dop_operator_v3 to 2025-04-03 13:52:00+00:00, run_after=2025-04-03 13:53:00+00:00
[2025-04-03T13:53:37.390+0000] {processor.py:208} INFO - Processing /home/hamza/Documents/project/Mlops/myenv/lib/python3.12/site-packages/airflow/example_dags/example_branch_python_dop_operator_3.py took 0.134 seconds
[2025-04-03T13:59:53.776+0000] {processor.py:186} INFO - Started process (PID=110398) to work on /home/hamza/Documents/project/Mlops/myenv/lib/python3.12/site-packages/airflow/example_dags/example_branch_python_dop_operator_3.py
[2025-04-03T13:59:53.777+0000] {processor.py:914} INFO - Processing file /home/hamza/Documents/project/Mlops/myenv/lib/python3.12/site-packages/airflow/example_dags/example_branch_python_dop_operator_3.py for tasks to queue
[2025-04-03T13:59:53.780+0000] {logging_mixin.py:190} INFO - [2025-04-03T13:59:53.780+0000] {dagbag.py:588} INFO - Filling up the DagBag from /home/hamza/Documents/project/Mlops/myenv/lib/python3.12/site-packages/airflow/example_dags/example_branch_python_dop_operator_3.py
[2025-04-03T13:59:53.800+0000] {processor.py:925} INFO - DAG(s) 'example_branch_dop_operator_v3' retrieved from /home/hamza/Documents/project/Mlops/myenv/lib/python3.12/site-packages/airflow/example_dags/example_branch_python_dop_operator_3.py
[2025-04-03T13:59:53.826+0000] {logging_mixin.py:190} INFO - [2025-04-03T13:59:53.826+0000] {dag.py:3239} INFO - Sync 1 DAGs
[2025-04-03T13:59:53.888+0000] {logging_mixin.py:190} INFO - [2025-04-03T13:59:53.887+0000] {dag.py:4180} INFO - Setting next_dagrun for example_branch_dop_operator_v3 to 2025-04-03 13:58:00+00:00, run_after=2025-04-03 13:59:00+00:00
[2025-04-03T13:59:53.970+0000] {processor.py:208} INFO - Processing /home/hamza/Documents/project/Mlops/myenv/lib/python3.12/site-packages/airflow/example_dags/example_branch_python_dop_operator_3.py took 0.202 seconds
[2025-04-03T14:10:40.647+0000] {processor.py:186} INFO - Started process (PID=118346) to work on /home/hamza/Documents/project/Mlops/myenv/lib/python3.12/site-packages/airflow/example_dags/example_branch_python_dop_operator_3.py
[2025-04-03T14:10:40.652+0000] {processor.py:914} INFO - Processing file /home/hamza/Documents/project/Mlops/myenv/lib/python3.12/site-packages/airflow/example_dags/example_branch_python_dop_operator_3.py for tasks to queue
[2025-04-03T14:10:40.655+0000] {logging_mixin.py:190} INFO - [2025-04-03T14:10:40.654+0000] {dagbag.py:588} INFO - Filling up the DagBag from /home/hamza/Documents/project/Mlops/myenv/lib/python3.12/site-packages/airflow/example_dags/example_branch_python_dop_operator_3.py
[2025-04-03T14:10:40.668+0000] {processor.py:925} INFO - DAG(s) 'example_branch_dop_operator_v3' retrieved from /home/hamza/Documents/project/Mlops/myenv/lib/python3.12/site-packages/airflow/example_dags/example_branch_python_dop_operator_3.py
[2025-04-03T14:10:40.695+0000] {logging_mixin.py:190} INFO - [2025-04-03T14:10:40.695+0000] {dag.py:3239} INFO - Sync 1 DAGs
[2025-04-03T14:10:40.727+0000] {logging_mixin.py:190} INFO - [2025-04-03T14:10:40.727+0000] {dag.py:4180} INFO - Setting next_dagrun for example_branch_dop_operator_v3 to 2025-04-03 14:09:00+00:00, run_after=2025-04-03 14:10:00+00:00
[2025-04-03T14:10:40.763+0000] {processor.py:208} INFO - Processing /home/hamza/Documents/project/Mlops/myenv/lib/python3.12/site-packages/airflow/example_dags/example_branch_python_dop_operator_3.py took 0.125 seconds
[2025-04-03T14:12:17.438+0000] {processor.py:186} INFO - Started process (PID=119210) to work on /home/hamza/Documents/project/Mlops/myenv/lib/python3.12/site-packages/airflow/example_dags/example_branch_python_dop_operator_3.py
[2025-04-03T14:12:17.440+0000] {processor.py:914} INFO - Processing file /home/hamza/Documents/project/Mlops/myenv/lib/python3.12/site-packages/airflow/example_dags/example_branch_python_dop_operator_3.py for tasks to queue
[2025-04-03T14:12:17.443+0000] {logging_mixin.py:190} INFO - [2025-04-03T14:12:17.442+0000] {dagbag.py:588} INFO - Filling up the DagBag from /home/hamza/Documents/project/Mlops/myenv/lib/python3.12/site-packages/airflow/example_dags/example_branch_python_dop_operator_3.py
[2025-04-03T14:12:17.457+0000] {processor.py:925} INFO - DAG(s) 'example_branch_dop_operator_v3' retrieved from /home/hamza/Documents/project/Mlops/myenv/lib/python3.12/site-packages/airflow/example_dags/example_branch_python_dop_operator_3.py
[2025-04-03T14:12:17.488+0000] {logging_mixin.py:190} INFO - [2025-04-03T14:12:17.488+0000] {dag.py:3239} INFO - Sync 1 DAGs
[2025-04-03T14:12:17.532+0000] {logging_mixin.py:190} INFO - [2025-04-03T14:12:17.532+0000] {dag.py:4180} INFO - Setting next_dagrun for example_branch_dop_operator_v3 to 2025-04-03 14:11:00+00:00, run_after=2025-04-03 14:12:00+00:00
[2025-04-03T14:12:17.571+0000] {processor.py:208} INFO - Processing /home/hamza/Documents/project/Mlops/myenv/lib/python3.12/site-packages/airflow/example_dags/example_branch_python_dop_operator_3.py took 0.143 seconds
[2025-04-03T14:19:19.415+0000] {processor.py:186} INFO - Started process (PID=122722) to work on /home/hamza/Documents/project/Mlops/myenv/lib/python3.12/site-packages/airflow/example_dags/example_branch_python_dop_operator_3.py
[2025-04-03T14:19:19.423+0000] {processor.py:914} INFO - Processing file /home/hamza/Documents/project/Mlops/myenv/lib/python3.12/site-packages/airflow/example_dags/example_branch_python_dop_operator_3.py for tasks to queue
[2025-04-03T14:19:19.425+0000] {logging_mixin.py:190} INFO - [2025-04-03T14:19:19.425+0000] {dagbag.py:588} INFO - Filling up the DagBag from /home/hamza/Documents/project/Mlops/myenv/lib/python3.12/site-packages/airflow/example_dags/example_branch_python_dop_operator_3.py
[2025-04-03T14:19:19.439+0000] {processor.py:925} INFO - DAG(s) 'example_branch_dop_operator_v3' retrieved from /home/hamza/Documents/project/Mlops/myenv/lib/python3.12/site-packages/airflow/example_dags/example_branch_python_dop_operator_3.py
[2025-04-03T14:19:19.470+0000] {logging_mixin.py:190} INFO - [2025-04-03T14:19:19.469+0000] {dag.py:3239} INFO - Sync 1 DAGs
[2025-04-03T14:19:19.515+0000] {logging_mixin.py:190} INFO - [2025-04-03T14:19:19.514+0000] {dag.py:4180} INFO - Setting next_dagrun for example_branch_dop_operator_v3 to 2025-04-03 14:18:00+00:00, run_after=2025-04-03 14:19:00+00:00
[2025-04-03T14:19:19.569+0000] {processor.py:208} INFO - Processing /home/hamza/Documents/project/Mlops/myenv/lib/python3.12/site-packages/airflow/example_dags/example_branch_python_dop_operator_3.py took 0.162 seconds
[2025-04-03T15:08:50.799+0000] {processor.py:186} INFO - Started process (PID=36410) to work on /home/hamza/Documents/project/Mlops/myenv/lib/python3.12/site-packages/airflow/example_dags/example_branch_python_dop_operator_3.py
[2025-04-03T15:08:50.801+0000] {processor.py:914} INFO - Processing file /home/hamza/Documents/project/Mlops/myenv/lib/python3.12/site-packages/airflow/example_dags/example_branch_python_dop_operator_3.py for tasks to queue
[2025-04-03T15:08:50.804+0000] {logging_mixin.py:190} INFO - [2025-04-03T15:08:50.804+0000] {dagbag.py:588} INFO - Filling up the DagBag from /home/hamza/Documents/project/Mlops/myenv/lib/python3.12/site-packages/airflow/example_dags/example_branch_python_dop_operator_3.py
[2025-04-03T15:08:50.823+0000] {processor.py:925} INFO - DAG(s) 'example_branch_dop_operator_v3' retrieved from /home/hamza/Documents/project/Mlops/myenv/lib/python3.12/site-packages/airflow/example_dags/example_branch_python_dop_operator_3.py
[2025-04-03T15:08:50.849+0000] {logging_mixin.py:190} INFO - [2025-04-03T15:08:50.849+0000] {dag.py:3239} INFO - Sync 1 DAGs
[2025-04-03T15:08:50.891+0000] {logging_mixin.py:190} INFO - [2025-04-03T15:08:50.890+0000] {dag.py:4180} INFO - Setting next_dagrun for example_branch_dop_operator_v3 to 2025-04-03 15:07:00+00:00, run_after=2025-04-03 15:08:00+00:00
[2025-04-03T15:08:50.928+0000] {processor.py:208} INFO - Processing /home/hamza/Documents/project/Mlops/myenv/lib/python3.12/site-packages/airflow/example_dags/example_branch_python_dop_operator_3.py took 0.138 seconds
[2025-04-03T15:10:20.756+0000] {processor.py:186} INFO - Started process (PID=37325) to work on /home/hamza/Documents/project/Mlops/myenv/lib/python3.12/site-packages/airflow/example_dags/example_branch_python_dop_operator_3.py
[2025-04-03T15:10:20.760+0000] {processor.py:914} INFO - Processing file /home/hamza/Documents/project/Mlops/myenv/lib/python3.12/site-packages/airflow/example_dags/example_branch_python_dop_operator_3.py for tasks to queue
[2025-04-03T15:10:20.764+0000] {logging_mixin.py:190} INFO - [2025-04-03T15:10:20.763+0000] {dagbag.py:588} INFO - Filling up the DagBag from /home/hamza/Documents/project/Mlops/myenv/lib/python3.12/site-packages/airflow/example_dags/example_branch_python_dop_operator_3.py
[2025-04-03T15:10:20.782+0000] {processor.py:925} INFO - DAG(s) 'example_branch_dop_operator_v3' retrieved from /home/hamza/Documents/project/Mlops/myenv/lib/python3.12/site-packages/airflow/example_dags/example_branch_python_dop_operator_3.py
[2025-04-03T15:10:20.808+0000] {logging_mixin.py:190} INFO - [2025-04-03T15:10:20.807+0000] {dag.py:3239} INFO - Sync 1 DAGs
[2025-04-03T15:10:20.849+0000] {logging_mixin.py:190} INFO - [2025-04-03T15:10:20.849+0000] {dag.py:4180} INFO - Setting next_dagrun for example_branch_dop_operator_v3 to 2025-04-03 15:09:00+00:00, run_after=2025-04-03 15:10:00+00:00
[2025-04-03T15:10:20.886+0000] {processor.py:208} INFO - Processing /home/hamza/Documents/project/Mlops/myenv/lib/python3.12/site-packages/airflow/example_dags/example_branch_python_dop_operator_3.py took 0.138 seconds
[2025-04-03T15:11:48.805+0000] {processor.py:186} INFO - Started process (PID=38110) to work on /home/hamza/Documents/project/Mlops/myenv/lib/python3.12/site-packages/airflow/example_dags/example_branch_python_dop_operator_3.py
[2025-04-03T15:11:48.809+0000] {processor.py:914} INFO - Processing file /home/hamza/Documents/project/Mlops/myenv/lib/python3.12/site-packages/airflow/example_dags/example_branch_python_dop_operator_3.py for tasks to queue
[2025-04-03T15:11:48.813+0000] {logging_mixin.py:190} INFO - [2025-04-03T15:11:48.812+0000] {dagbag.py:588} INFO - Filling up the DagBag from /home/hamza/Documents/project/Mlops/myenv/lib/python3.12/site-packages/airflow/example_dags/example_branch_python_dop_operator_3.py
[2025-04-03T15:11:48.832+0000] {processor.py:925} INFO - DAG(s) 'example_branch_dop_operator_v3' retrieved from /home/hamza/Documents/project/Mlops/myenv/lib/python3.12/site-packages/airflow/example_dags/example_branch_python_dop_operator_3.py
[2025-04-03T15:11:48.861+0000] {logging_mixin.py:190} INFO - [2025-04-03T15:11:48.860+0000] {dag.py:3239} INFO - Sync 1 DAGs
[2025-04-03T15:11:48.903+0000] {logging_mixin.py:190} INFO - [2025-04-03T15:11:48.902+0000] {dag.py:4180} INFO - Setting next_dagrun for example_branch_dop_operator_v3 to 2025-04-03 15:10:00+00:00, run_after=2025-04-03 15:11:00+00:00
[2025-04-03T15:11:48.942+0000] {processor.py:208} INFO - Processing /home/hamza/Documents/project/Mlops/myenv/lib/python3.12/site-packages/airflow/example_dags/example_branch_python_dop_operator_3.py took 0.148 seconds
[2025-04-03T15:13:25.627+0000] {processor.py:186} INFO - Started process (PID=39013) to work on /home/hamza/Documents/project/Mlops/myenv/lib/python3.12/site-packages/airflow/example_dags/example_branch_python_dop_operator_3.py
[2025-04-03T15:13:25.630+0000] {processor.py:914} INFO - Processing file /home/hamza/Documents/project/Mlops/myenv/lib/python3.12/site-packages/airflow/example_dags/example_branch_python_dop_operator_3.py for tasks to queue
[2025-04-03T15:13:25.635+0000] {logging_mixin.py:190} INFO - [2025-04-03T15:13:25.634+0000] {dagbag.py:588} INFO - Filling up the DagBag from /home/hamza/Documents/project/Mlops/myenv/lib/python3.12/site-packages/airflow/example_dags/example_branch_python_dop_operator_3.py
[2025-04-03T15:13:25.655+0000] {processor.py:925} INFO - DAG(s) 'example_branch_dop_operator_v3' retrieved from /home/hamza/Documents/project/Mlops/myenv/lib/python3.12/site-packages/airflow/example_dags/example_branch_python_dop_operator_3.py
[2025-04-03T15:13:25.681+0000] {logging_mixin.py:190} INFO - [2025-04-03T15:13:25.681+0000] {dag.py:3239} INFO - Sync 1 DAGs
[2025-04-03T15:13:25.722+0000] {logging_mixin.py:190} INFO - [2025-04-03T15:13:25.721+0000] {dag.py:4180} INFO - Setting next_dagrun for example_branch_dop_operator_v3 to 2025-04-03 15:12:00+00:00, run_after=2025-04-03 15:13:00+00:00
[2025-04-03T15:13:25.756+0000] {processor.py:208} INFO - Processing /home/hamza/Documents/project/Mlops/myenv/lib/python3.12/site-packages/airflow/example_dags/example_branch_python_dop_operator_3.py took 0.138 seconds
[2025-04-03T15:14:59.555+0000] {processor.py:186} INFO - Started process (PID=39893) to work on /home/hamza/Documents/project/Mlops/myenv/lib/python3.12/site-packages/airflow/example_dags/example_branch_python_dop_operator_3.py
[2025-04-03T15:14:59.556+0000] {processor.py:914} INFO - Processing file /home/hamza/Documents/project/Mlops/myenv/lib/python3.12/site-packages/airflow/example_dags/example_branch_python_dop_operator_3.py for tasks to queue
[2025-04-03T15:14:59.560+0000] {logging_mixin.py:190} INFO - [2025-04-03T15:14:59.559+0000] {dagbag.py:588} INFO - Filling up the DagBag from /home/hamza/Documents/project/Mlops/myenv/lib/python3.12/site-packages/airflow/example_dags/example_branch_python_dop_operator_3.py
[2025-04-03T15:14:59.580+0000] {processor.py:925} INFO - DAG(s) 'example_branch_dop_operator_v3' retrieved from /home/hamza/Documents/project/Mlops/myenv/lib/python3.12/site-packages/airflow/example_dags/example_branch_python_dop_operator_3.py
[2025-04-03T15:14:59.607+0000] {logging_mixin.py:190} INFO - [2025-04-03T15:14:59.606+0000] {dag.py:3239} INFO - Sync 1 DAGs
[2025-04-03T15:14:59.657+0000] {logging_mixin.py:190} INFO - [2025-04-03T15:14:59.657+0000] {dag.py:4180} INFO - Setting next_dagrun for example_branch_dop_operator_v3 to 2025-04-03 15:13:00+00:00, run_after=2025-04-03 15:14:00+00:00
[2025-04-03T15:14:59.705+0000] {processor.py:208} INFO - Processing /home/hamza/Documents/project/Mlops/myenv/lib/python3.12/site-packages/airflow/example_dags/example_branch_python_dop_operator_3.py took 0.159 seconds
[2025-04-03T15:16:38.752+0000] {processor.py:186} INFO - Started process (PID=40892) to work on /home/hamza/Documents/project/Mlops/myenv/lib/python3.12/site-packages/airflow/example_dags/example_branch_python_dop_operator_3.py
[2025-04-03T15:16:38.755+0000] {processor.py:914} INFO - Processing file /home/hamza/Documents/project/Mlops/myenv/lib/python3.12/site-packages/airflow/example_dags/example_branch_python_dop_operator_3.py for tasks to queue
[2025-04-03T15:16:38.759+0000] {logging_mixin.py:190} INFO - [2025-04-03T15:16:38.758+0000] {dagbag.py:588} INFO - Filling up the DagBag from /home/hamza/Documents/project/Mlops/myenv/lib/python3.12/site-packages/airflow/example_dags/example_branch_python_dop_operator_3.py
[2025-04-03T15:16:38.779+0000] {processor.py:925} INFO - DAG(s) 'example_branch_dop_operator_v3' retrieved from /home/hamza/Documents/project/Mlops/myenv/lib/python3.12/site-packages/airflow/example_dags/example_branch_python_dop_operator_3.py
[2025-04-03T15:16:38.805+0000] {logging_mixin.py:190} INFO - [2025-04-03T15:16:38.805+0000] {dag.py:3239} INFO - Sync 1 DAGs
[2025-04-03T15:16:38.848+0000] {logging_mixin.py:190} INFO - [2025-04-03T15:16:38.847+0000] {dag.py:4180} INFO - Setting next_dagrun for example_branch_dop_operator_v3 to 2025-04-03 15:15:00+00:00, run_after=2025-04-03 15:16:00+00:00
[2025-04-03T15:16:38.885+0000] {processor.py:208} INFO - Processing /home/hamza/Documents/project/Mlops/myenv/lib/python3.12/site-packages/airflow/example_dags/example_branch_python_dop_operator_3.py took 0.143 seconds
[2025-04-03T15:18:15.651+0000] {processor.py:186} INFO - Started process (PID=41936) to work on /home/hamza/Documents/project/Mlops/myenv/lib/python3.12/site-packages/airflow/example_dags/example_branch_python_dop_operator_3.py
[2025-04-03T15:18:15.654+0000] {processor.py:914} INFO - Processing file /home/hamza/Documents/project/Mlops/myenv/lib/python3.12/site-packages/airflow/example_dags/example_branch_python_dop_operator_3.py for tasks to queue
[2025-04-03T15:18:15.657+0000] {logging_mixin.py:190} INFO - [2025-04-03T15:18:15.657+0000] {dagbag.py:588} INFO - Filling up the DagBag from /home/hamza/Documents/project/Mlops/myenv/lib/python3.12/site-packages/airflow/example_dags/example_branch_python_dop_operator_3.py
[2025-04-03T15:18:15.675+0000] {processor.py:925} INFO - DAG(s) 'example_branch_dop_operator_v3' retrieved from /home/hamza/Documents/project/Mlops/myenv/lib/python3.12/site-packages/airflow/example_dags/example_branch_python_dop_operator_3.py
[2025-04-03T15:18:15.701+0000] {logging_mixin.py:190} INFO - [2025-04-03T15:18:15.700+0000] {dag.py:3239} INFO - Sync 1 DAGs
[2025-04-03T15:18:15.738+0000] {logging_mixin.py:190} INFO - [2025-04-03T15:18:15.737+0000] {dag.py:4180} INFO - Setting next_dagrun for example_branch_dop_operator_v3 to 2025-04-03 15:17:00+00:00, run_after=2025-04-03 15:18:00+00:00
[2025-04-03T15:18:15.769+0000] {processor.py:208} INFO - Processing /home/hamza/Documents/project/Mlops/myenv/lib/python3.12/site-packages/airflow/example_dags/example_branch_python_dop_operator_3.py took 0.126 seconds
[2025-04-03T15:19:46.773+0000] {processor.py:186} INFO - Started process (PID=42928) to work on /home/hamza/Documents/project/Mlops/myenv/lib/python3.12/site-packages/airflow/example_dags/example_branch_python_dop_operator_3.py
[2025-04-03T15:19:46.775+0000] {processor.py:914} INFO - Processing file /home/hamza/Documents/project/Mlops/myenv/lib/python3.12/site-packages/airflow/example_dags/example_branch_python_dop_operator_3.py for tasks to queue
[2025-04-03T15:19:46.779+0000] {logging_mixin.py:190} INFO - [2025-04-03T15:19:46.778+0000] {dagbag.py:588} INFO - Filling up the DagBag from /home/hamza/Documents/project/Mlops/myenv/lib/python3.12/site-packages/airflow/example_dags/example_branch_python_dop_operator_3.py
[2025-04-03T15:19:46.799+0000] {processor.py:925} INFO - DAG(s) 'example_branch_dop_operator_v3' retrieved from /home/hamza/Documents/project/Mlops/myenv/lib/python3.12/site-packages/airflow/example_dags/example_branch_python_dop_operator_3.py
[2025-04-03T15:19:46.823+0000] {logging_mixin.py:190} INFO - [2025-04-03T15:19:46.823+0000] {dag.py:3239} INFO - Sync 1 DAGs
[2025-04-03T15:19:46.859+0000] {logging_mixin.py:190} INFO - [2025-04-03T15:19:46.858+0000] {dag.py:4180} INFO - Setting next_dagrun for example_branch_dop_operator_v3 to 2025-04-03 15:18:00+00:00, run_after=2025-04-03 15:19:00+00:00
[2025-04-03T15:19:46.894+0000] {processor.py:208} INFO - Processing /home/hamza/Documents/project/Mlops/myenv/lib/python3.12/site-packages/airflow/example_dags/example_branch_python_dop_operator_3.py took 0.129 seconds
