[2025-04-03T13:44:21.478+0000] {processor.py:186} INFO - Started process (PID=98978) to work on /home/hamza/Documents/project/Mlops/myenv/lib/python3.12/site-packages/airflow/example_dags/example_bash_operator.py
[2025-04-03T13:44:21.479+0000] {processor.py:914} INFO - Processing file /home/hamza/Documents/project/Mlops/myenv/lib/python3.12/site-packages/airflow/example_dags/example_bash_operator.py for tasks to queue
[2025-04-03T13:44:21.483+0000] {logging_mixin.py:190} INFO - [2025-04-03T13:44:21.483+0000] {dagbag.py:588} INFO - Filling up the DagBag from /home/hamza/Documents/project/Mlops/myenv/lib/python3.12/site-packages/airflow/example_dags/example_bash_operator.py
[2025-04-03T13:44:21.509+0000] {processor.py:925} INFO - DAG(s) 'example_bash_operator' retrieved from /home/hamza/Documents/project/Mlops/myenv/lib/python3.12/site-packages/airflow/example_dags/example_bash_operator.py
[2025-04-03T13:44:21.699+0000] {logging_mixin.py:190} INFO - [2025-04-03T13:44:21.697+0000] {override.py:1930} INFO - Created Permission View: can delete on DAG:example_bash_operator
[2025-04-03T13:44:21.723+0000] {logging_mixin.py:190} INFO - [2025-04-03T13:44:21.722+0000] {override.py:1930} INFO - Created Permission View: can read on DAG:example_bash_operator
[2025-04-03T13:44:21.739+0000] {logging_mixin.py:190} INFO - [2025-04-03T13:44:21.739+0000] {override.py:1930} INFO - Created Permission View: can edit on DAG:example_bash_operator
[2025-04-03T13:44:21.760+0000] {logging_mixin.py:190} INFO - [2025-04-03T13:44:21.759+0000] {override.py:1930} INFO - Created Permission View: can delete on DAG Run:example_bash_operator
[2025-04-03T13:44:21.776+0000] {logging_mixin.py:190} INFO - [2025-04-03T13:44:21.776+0000] {override.py:1930} INFO - Created Permission View: can read on DAG Run:example_bash_operator
[2025-04-03T13:44:21.789+0000] {logging_mixin.py:190} INFO - [2025-04-03T13:44:21.788+0000] {override.py:1930} INFO - Created Permission View: menu access on DAG Run:example_bash_operator
[2025-04-03T13:44:21.803+0000] {logging_mixin.py:190} INFO - [2025-04-03T13:44:21.803+0000] {override.py:1930} INFO - Created Permission View: can create on DAG Run:example_bash_operator
[2025-04-03T13:44:21.804+0000] {logging_mixin.py:190} INFO - [2025-04-03T13:44:21.804+0000] {dag.py:3239} INFO - Sync 1 DAGs
[2025-04-03T13:44:21.823+0000] {logging_mixin.py:190} INFO - [2025-04-03T13:44:21.822+0000] {dag.py:3262} INFO - Creating ORM DAG for example_bash_operator
[2025-04-03T13:44:21.838+0000] {logging_mixin.py:190} INFO - [2025-04-03T13:44:21.838+0000] {dag.py:4180} INFO - Setting next_dagrun for example_bash_operator to 2025-04-02 00:00:00+00:00, run_after=2025-04-03 00:00:00+00:00
[2025-04-03T13:44:21.868+0000] {processor.py:208} INFO - Processing /home/hamza/Documents/project/Mlops/myenv/lib/python3.12/site-packages/airflow/example_dags/example_bash_operator.py took 0.400 seconds
[2025-04-03T13:45:34.890+0000] {processor.py:186} INFO - Started process (PID=99889) to work on /home/hamza/Documents/project/Mlops/myenv/lib/python3.12/site-packages/airflow/example_dags/example_bash_operator.py
[2025-04-03T13:45:34.895+0000] {processor.py:914} INFO - Processing file /home/hamza/Documents/project/Mlops/myenv/lib/python3.12/site-packages/airflow/example_dags/example_bash_operator.py for tasks to queue
[2025-04-03T13:45:34.899+0000] {logging_mixin.py:190} INFO - [2025-04-03T13:45:34.898+0000] {dagbag.py:588} INFO - Filling up the DagBag from /home/hamza/Documents/project/Mlops/myenv/lib/python3.12/site-packages/airflow/example_dags/example_bash_operator.py
[2025-04-03T13:45:34.925+0000] {processor.py:925} INFO - DAG(s) 'example_bash_operator' retrieved from /home/hamza/Documents/project/Mlops/myenv/lib/python3.12/site-packages/airflow/example_dags/example_bash_operator.py
[2025-04-03T13:45:34.967+0000] {logging_mixin.py:190} INFO - [2025-04-03T13:45:34.966+0000] {dag.py:3239} INFO - Sync 1 DAGs
[2025-04-03T13:45:35.006+0000] {logging_mixin.py:190} INFO - [2025-04-03T13:45:35.005+0000] {dag.py:4180} INFO - Setting next_dagrun for example_bash_operator to 2025-04-02 00:00:00+00:00, run_after=2025-04-03 00:00:00+00:00
[2025-04-03T13:45:35.057+0000] {processor.py:208} INFO - Processing /home/hamza/Documents/project/Mlops/myenv/lib/python3.12/site-packages/airflow/example_dags/example_bash_operator.py took 0.178 seconds
[2025-04-03T13:46:43.028+0000] {processor.py:186} INFO - Started process (PID=100542) to work on /home/hamza/Documents/project/Mlops/myenv/lib/python3.12/site-packages/airflow/example_dags/example_bash_operator.py
[2025-04-03T13:46:43.030+0000] {processor.py:914} INFO - Processing file /home/hamza/Documents/project/Mlops/myenv/lib/python3.12/site-packages/airflow/example_dags/example_bash_operator.py for tasks to queue
[2025-04-03T13:46:43.033+0000] {logging_mixin.py:190} INFO - [2025-04-03T13:46:43.033+0000] {dagbag.py:588} INFO - Filling up the DagBag from /home/hamza/Documents/project/Mlops/myenv/lib/python3.12/site-packages/airflow/example_dags/example_bash_operator.py
[2025-04-03T13:46:43.058+0000] {processor.py:925} INFO - DAG(s) 'example_bash_operator' retrieved from /home/hamza/Documents/project/Mlops/myenv/lib/python3.12/site-packages/airflow/example_dags/example_bash_operator.py
[2025-04-03T13:46:43.096+0000] {logging_mixin.py:190} INFO - [2025-04-03T13:46:43.096+0000] {dag.py:3239} INFO - Sync 1 DAGs
[2025-04-03T13:46:43.131+0000] {logging_mixin.py:190} INFO - [2025-04-03T13:46:43.131+0000] {dag.py:4180} INFO - Setting next_dagrun for example_bash_operator to 2025-04-02 00:00:00+00:00, run_after=2025-04-03 00:00:00+00:00
[2025-04-03T13:46:43.171+0000] {processor.py:208} INFO - Processing /home/hamza/Documents/project/Mlops/myenv/lib/python3.12/site-packages/airflow/example_dags/example_bash_operator.py took 0.152 seconds
[2025-04-03T13:47:49.725+0000] {processor.py:186} INFO - Started process (PID=101383) to work on /home/hamza/Documents/project/Mlops/myenv/lib/python3.12/site-packages/airflow/example_dags/example_bash_operator.py
[2025-04-03T13:47:49.727+0000] {processor.py:914} INFO - Processing file /home/hamza/Documents/project/Mlops/myenv/lib/python3.12/site-packages/airflow/example_dags/example_bash_operator.py for tasks to queue
[2025-04-03T13:47:49.730+0000] {logging_mixin.py:190} INFO - [2025-04-03T13:47:49.730+0000] {dagbag.py:588} INFO - Filling up the DagBag from /home/hamza/Documents/project/Mlops/myenv/lib/python3.12/site-packages/airflow/example_dags/example_bash_operator.py
[2025-04-03T13:47:49.755+0000] {processor.py:925} INFO - DAG(s) 'example_bash_operator' retrieved from /home/hamza/Documents/project/Mlops/myenv/lib/python3.12/site-packages/airflow/example_dags/example_bash_operator.py
[2025-04-03T13:47:49.807+0000] {logging_mixin.py:190} INFO - [2025-04-03T13:47:49.806+0000] {dag.py:3239} INFO - Sync 1 DAGs
[2025-04-03T13:47:49.846+0000] {logging_mixin.py:190} INFO - [2025-04-03T13:47:49.845+0000] {dag.py:4180} INFO - Setting next_dagrun for example_bash_operator to 2025-04-02 00:00:00+00:00, run_after=2025-04-03 00:00:00+00:00
[2025-04-03T13:47:49.892+0000] {processor.py:208} INFO - Processing /home/hamza/Documents/project/Mlops/myenv/lib/python3.12/site-packages/airflow/example_dags/example_bash_operator.py took 0.177 seconds
[2025-04-03T13:50:26.198+0000] {processor.py:186} INFO - Started process (PID=103481) to work on /home/hamza/Documents/project/Mlops/myenv/lib/python3.12/site-packages/airflow/example_dags/example_bash_operator.py
[2025-04-03T13:50:26.200+0000] {processor.py:914} INFO - Processing file /home/hamza/Documents/project/Mlops/myenv/lib/python3.12/site-packages/airflow/example_dags/example_bash_operator.py for tasks to queue
[2025-04-03T13:50:26.205+0000] {logging_mixin.py:190} INFO - [2025-04-03T13:50:26.204+0000] {dagbag.py:588} INFO - Filling up the DagBag from /home/hamza/Documents/project/Mlops/myenv/lib/python3.12/site-packages/airflow/example_dags/example_bash_operator.py
[2025-04-03T13:50:26.227+0000] {processor.py:925} INFO - DAG(s) 'example_bash_operator' retrieved from /home/hamza/Documents/project/Mlops/myenv/lib/python3.12/site-packages/airflow/example_dags/example_bash_operator.py
[2025-04-03T13:50:26.265+0000] {logging_mixin.py:190} INFO - [2025-04-03T13:50:26.264+0000] {dag.py:3239} INFO - Sync 1 DAGs
[2025-04-03T13:50:26.301+0000] {logging_mixin.py:190} INFO - [2025-04-03T13:50:26.300+0000] {dag.py:4180} INFO - Setting next_dagrun for example_bash_operator to 2025-04-02 00:00:00+00:00, run_after=2025-04-03 00:00:00+00:00
[2025-04-03T13:50:26.341+0000] {processor.py:208} INFO - Processing /home/hamza/Documents/project/Mlops/myenv/lib/python3.12/site-packages/airflow/example_dags/example_bash_operator.py took 0.152 seconds
[2025-04-03T13:52:02.653+0000] {processor.py:186} INFO - Started process (PID=104639) to work on /home/hamza/Documents/project/Mlops/myenv/lib/python3.12/site-packages/airflow/example_dags/example_bash_operator.py
[2025-04-03T13:52:02.655+0000] {processor.py:914} INFO - Processing file /home/hamza/Documents/project/Mlops/myenv/lib/python3.12/site-packages/airflow/example_dags/example_bash_operator.py for tasks to queue
[2025-04-03T13:52:02.658+0000] {logging_mixin.py:190} INFO - [2025-04-03T13:52:02.657+0000] {dagbag.py:588} INFO - Filling up the DagBag from /home/hamza/Documents/project/Mlops/myenv/lib/python3.12/site-packages/airflow/example_dags/example_bash_operator.py
[2025-04-03T13:52:02.683+0000] {processor.py:925} INFO - DAG(s) 'example_bash_operator' retrieved from /home/hamza/Documents/project/Mlops/myenv/lib/python3.12/site-packages/airflow/example_dags/example_bash_operator.py
[2025-04-03T13:52:02.726+0000] {logging_mixin.py:190} INFO - [2025-04-03T13:52:02.725+0000] {dag.py:3239} INFO - Sync 1 DAGs
[2025-04-03T13:52:02.764+0000] {logging_mixin.py:190} INFO - [2025-04-03T13:52:02.763+0000] {dag.py:4180} INFO - Setting next_dagrun for example_bash_operator to 2025-04-02 00:00:00+00:00, run_after=2025-04-03 00:00:00+00:00
[2025-04-03T13:52:02.801+0000] {processor.py:208} INFO - Processing /home/hamza/Documents/project/Mlops/myenv/lib/python3.12/site-packages/airflow/example_dags/example_bash_operator.py took 0.157 seconds
[2025-04-03T13:53:43.660+0000] {processor.py:186} INFO - Started process (PID=105674) to work on /home/hamza/Documents/project/Mlops/myenv/lib/python3.12/site-packages/airflow/example_dags/example_bash_operator.py
[2025-04-03T13:53:43.662+0000] {processor.py:914} INFO - Processing file /home/hamza/Documents/project/Mlops/myenv/lib/python3.12/site-packages/airflow/example_dags/example_bash_operator.py for tasks to queue
[2025-04-03T13:53:43.665+0000] {logging_mixin.py:190} INFO - [2025-04-03T13:53:43.665+0000] {dagbag.py:588} INFO - Filling up the DagBag from /home/hamza/Documents/project/Mlops/myenv/lib/python3.12/site-packages/airflow/example_dags/example_bash_operator.py
[2025-04-03T13:53:43.690+0000] {processor.py:925} INFO - DAG(s) 'example_bash_operator' retrieved from /home/hamza/Documents/project/Mlops/myenv/lib/python3.12/site-packages/airflow/example_dags/example_bash_operator.py
[2025-04-03T13:53:43.731+0000] {logging_mixin.py:190} INFO - [2025-04-03T13:53:43.731+0000] {dag.py:3239} INFO - Sync 1 DAGs
[2025-04-03T13:53:43.778+0000] {logging_mixin.py:190} INFO - [2025-04-03T13:53:43.777+0000] {dag.py:4180} INFO - Setting next_dagrun for example_bash_operator to 2025-04-02 00:00:00+00:00, run_after=2025-04-03 00:00:00+00:00
[2025-04-03T13:53:43.816+0000] {processor.py:208} INFO - Processing /home/hamza/Documents/project/Mlops/myenv/lib/python3.12/site-packages/airflow/example_dags/example_bash_operator.py took 0.168 seconds
[2025-04-03T14:10:45.723+0000] {processor.py:186} INFO - Started process (PID=118396) to work on /home/hamza/Documents/project/Mlops/myenv/lib/python3.12/site-packages/airflow/example_dags/example_bash_operator.py
[2025-04-03T14:10:45.725+0000] {processor.py:914} INFO - Processing file /home/hamza/Documents/project/Mlops/myenv/lib/python3.12/site-packages/airflow/example_dags/example_bash_operator.py for tasks to queue
[2025-04-03T14:10:45.727+0000] {logging_mixin.py:190} INFO - [2025-04-03T14:10:45.726+0000] {dagbag.py:588} INFO - Filling up the DagBag from /home/hamza/Documents/project/Mlops/myenv/lib/python3.12/site-packages/airflow/example_dags/example_bash_operator.py
[2025-04-03T14:10:45.745+0000] {processor.py:925} INFO - DAG(s) 'example_bash_operator' retrieved from /home/hamza/Documents/project/Mlops/myenv/lib/python3.12/site-packages/airflow/example_dags/example_bash_operator.py
[2025-04-03T14:10:45.782+0000] {logging_mixin.py:190} INFO - [2025-04-03T14:10:45.782+0000] {dag.py:3239} INFO - Sync 1 DAGs
[2025-04-03T14:10:45.817+0000] {logging_mixin.py:190} INFO - [2025-04-03T14:10:45.817+0000] {dag.py:4180} INFO - Setting next_dagrun for example_bash_operator to 2025-04-02 00:00:00+00:00, run_after=2025-04-03 00:00:00+00:00
[2025-04-03T14:10:45.878+0000] {processor.py:208} INFO - Processing /home/hamza/Documents/project/Mlops/myenv/lib/python3.12/site-packages/airflow/example_dags/example_bash_operator.py took 0.164 seconds
[2025-04-03T14:12:23.980+0000] {processor.py:186} INFO - Started process (PID=119264) to work on /home/hamza/Documents/project/Mlops/myenv/lib/python3.12/site-packages/airflow/example_dags/example_bash_operator.py
[2025-04-03T14:12:23.981+0000] {processor.py:914} INFO - Processing file /home/hamza/Documents/project/Mlops/myenv/lib/python3.12/site-packages/airflow/example_dags/example_bash_operator.py for tasks to queue
[2025-04-03T14:12:23.984+0000] {logging_mixin.py:190} INFO - [2025-04-03T14:12:23.983+0000] {dagbag.py:588} INFO - Filling up the DagBag from /home/hamza/Documents/project/Mlops/myenv/lib/python3.12/site-packages/airflow/example_dags/example_bash_operator.py
[2025-04-03T14:12:24.005+0000] {processor.py:925} INFO - DAG(s) 'example_bash_operator' retrieved from /home/hamza/Documents/project/Mlops/myenv/lib/python3.12/site-packages/airflow/example_dags/example_bash_operator.py
[2025-04-03T14:12:24.046+0000] {logging_mixin.py:190} INFO - [2025-04-03T14:12:24.045+0000] {dag.py:3239} INFO - Sync 1 DAGs
[2025-04-03T14:12:24.080+0000] {logging_mixin.py:190} INFO - [2025-04-03T14:12:24.080+0000] {dag.py:4180} INFO - Setting next_dagrun for example_bash_operator to 2025-04-02 00:00:00+00:00, run_after=2025-04-03 00:00:00+00:00
[2025-04-03T14:12:24.116+0000] {processor.py:208} INFO - Processing /home/hamza/Documents/project/Mlops/myenv/lib/python3.12/site-packages/airflow/example_dags/example_bash_operator.py took 0.148 seconds
[2025-04-03T14:19:24.705+0000] {processor.py:186} INFO - Started process (PID=122769) to work on /home/hamza/Documents/project/Mlops/myenv/lib/python3.12/site-packages/airflow/example_dags/example_bash_operator.py
[2025-04-03T14:19:24.707+0000] {processor.py:914} INFO - Processing file /home/hamza/Documents/project/Mlops/myenv/lib/python3.12/site-packages/airflow/example_dags/example_bash_operator.py for tasks to queue
[2025-04-03T14:19:24.711+0000] {logging_mixin.py:190} INFO - [2025-04-03T14:19:24.710+0000] {dagbag.py:588} INFO - Filling up the DagBag from /home/hamza/Documents/project/Mlops/myenv/lib/python3.12/site-packages/airflow/example_dags/example_bash_operator.py
[2025-04-03T14:19:24.737+0000] {processor.py:925} INFO - DAG(s) 'example_bash_operator' retrieved from /home/hamza/Documents/project/Mlops/myenv/lib/python3.12/site-packages/airflow/example_dags/example_bash_operator.py
[2025-04-03T14:19:24.777+0000] {logging_mixin.py:190} INFO - [2025-04-03T14:19:24.777+0000] {dag.py:3239} INFO - Sync 1 DAGs
[2025-04-03T14:19:24.810+0000] {logging_mixin.py:190} INFO - [2025-04-03T14:19:24.809+0000] {dag.py:4180} INFO - Setting next_dagrun for example_bash_operator to 2025-04-02 00:00:00+00:00, run_after=2025-04-03 00:00:00+00:00
[2025-04-03T14:19:24.847+0000] {processor.py:208} INFO - Processing /home/hamza/Documents/project/Mlops/myenv/lib/python3.12/site-packages/airflow/example_dags/example_bash_operator.py took 0.153 seconds
[2025-04-03T15:08:56.050+0000] {processor.py:186} INFO - Started process (PID=36467) to work on /home/hamza/Documents/project/Mlops/myenv/lib/python3.12/site-packages/airflow/example_dags/example_bash_operator.py
[2025-04-03T15:08:56.052+0000] {processor.py:914} INFO - Processing file /home/hamza/Documents/project/Mlops/myenv/lib/python3.12/site-packages/airflow/example_dags/example_bash_operator.py for tasks to queue
[2025-04-03T15:08:56.058+0000] {logging_mixin.py:190} INFO - [2025-04-03T15:08:56.058+0000] {dagbag.py:588} INFO - Filling up the DagBag from /home/hamza/Documents/project/Mlops/myenv/lib/python3.12/site-packages/airflow/example_dags/example_bash_operator.py
[2025-04-03T15:08:56.080+0000] {processor.py:925} INFO - DAG(s) 'example_bash_operator' retrieved from /home/hamza/Documents/project/Mlops/myenv/lib/python3.12/site-packages/airflow/example_dags/example_bash_operator.py
[2025-04-03T15:08:56.115+0000] {logging_mixin.py:190} INFO - [2025-04-03T15:08:56.115+0000] {dag.py:3239} INFO - Sync 1 DAGs
[2025-04-03T15:08:56.150+0000] {logging_mixin.py:190} INFO - [2025-04-03T15:08:56.149+0000] {dag.py:4180} INFO - Setting next_dagrun for example_bash_operator to 2025-04-02 00:00:00+00:00, run_after=2025-04-03 00:00:00+00:00
[2025-04-03T15:08:56.181+0000] {processor.py:208} INFO - Processing /home/hamza/Documents/project/Mlops/myenv/lib/python3.12/site-packages/airflow/example_dags/example_bash_operator.py took 0.139 seconds
[2025-04-03T15:10:26.110+0000] {processor.py:186} INFO - Started process (PID=37373) to work on /home/hamza/Documents/project/Mlops/myenv/lib/python3.12/site-packages/airflow/example_dags/example_bash_operator.py
[2025-04-03T15:10:26.111+0000] {processor.py:914} INFO - Processing file /home/hamza/Documents/project/Mlops/myenv/lib/python3.12/site-packages/airflow/example_dags/example_bash_operator.py for tasks to queue
[2025-04-03T15:10:26.115+0000] {logging_mixin.py:190} INFO - [2025-04-03T15:10:26.114+0000] {dagbag.py:588} INFO - Filling up the DagBag from /home/hamza/Documents/project/Mlops/myenv/lib/python3.12/site-packages/airflow/example_dags/example_bash_operator.py
[2025-04-03T15:10:26.136+0000] {processor.py:925} INFO - DAG(s) 'example_bash_operator' retrieved from /home/hamza/Documents/project/Mlops/myenv/lib/python3.12/site-packages/airflow/example_dags/example_bash_operator.py
[2025-04-03T15:10:26.172+0000] {logging_mixin.py:190} INFO - [2025-04-03T15:10:26.172+0000] {dag.py:3239} INFO - Sync 1 DAGs
[2025-04-03T15:10:26.210+0000] {logging_mixin.py:190} INFO - [2025-04-03T15:10:26.210+0000] {dag.py:4180} INFO - Setting next_dagrun for example_bash_operator to 2025-04-02 00:00:00+00:00, run_after=2025-04-03 00:00:00+00:00
[2025-04-03T15:10:26.250+0000] {processor.py:208} INFO - Processing /home/hamza/Documents/project/Mlops/myenv/lib/python3.12/site-packages/airflow/example_dags/example_bash_operator.py took 0.149 seconds
[2025-04-03T15:11:54.069+0000] {processor.py:186} INFO - Started process (PID=38157) to work on /home/hamza/Documents/project/Mlops/myenv/lib/python3.12/site-packages/airflow/example_dags/example_bash_operator.py
[2025-04-03T15:11:54.075+0000] {processor.py:914} INFO - Processing file /home/hamza/Documents/project/Mlops/myenv/lib/python3.12/site-packages/airflow/example_dags/example_bash_operator.py for tasks to queue
[2025-04-03T15:11:54.078+0000] {logging_mixin.py:190} INFO - [2025-04-03T15:11:54.078+0000] {dagbag.py:588} INFO - Filling up the DagBag from /home/hamza/Documents/project/Mlops/myenv/lib/python3.12/site-packages/airflow/example_dags/example_bash_operator.py
[2025-04-03T15:11:54.102+0000] {processor.py:925} INFO - DAG(s) 'example_bash_operator' retrieved from /home/hamza/Documents/project/Mlops/myenv/lib/python3.12/site-packages/airflow/example_dags/example_bash_operator.py
[2025-04-03T15:11:54.137+0000] {logging_mixin.py:190} INFO - [2025-04-03T15:11:54.137+0000] {dag.py:3239} INFO - Sync 1 DAGs
[2025-04-03T15:11:54.171+0000] {logging_mixin.py:190} INFO - [2025-04-03T15:11:54.171+0000] {dag.py:4180} INFO - Setting next_dagrun for example_bash_operator to 2025-04-02 00:00:00+00:00, run_after=2025-04-03 00:00:00+00:00
[2025-04-03T15:11:54.212+0000] {processor.py:208} INFO - Processing /home/hamza/Documents/project/Mlops/myenv/lib/python3.12/site-packages/airflow/example_dags/example_bash_operator.py took 0.152 seconds
[2025-04-03T15:13:31.946+0000] {processor.py:186} INFO - Started process (PID=39067) to work on /home/hamza/Documents/project/Mlops/myenv/lib/python3.12/site-packages/airflow/example_dags/example_bash_operator.py
[2025-04-03T15:13:31.949+0000] {processor.py:914} INFO - Processing file /home/hamza/Documents/project/Mlops/myenv/lib/python3.12/site-packages/airflow/example_dags/example_bash_operator.py for tasks to queue
[2025-04-03T15:13:31.953+0000] {logging_mixin.py:190} INFO - [2025-04-03T15:13:31.952+0000] {dagbag.py:588} INFO - Filling up the DagBag from /home/hamza/Documents/project/Mlops/myenv/lib/python3.12/site-packages/airflow/example_dags/example_bash_operator.py
[2025-04-03T15:13:31.977+0000] {processor.py:925} INFO - DAG(s) 'example_bash_operator' retrieved from /home/hamza/Documents/project/Mlops/myenv/lib/python3.12/site-packages/airflow/example_dags/example_bash_operator.py
[2025-04-03T15:13:32.014+0000] {logging_mixin.py:190} INFO - [2025-04-03T15:13:32.014+0000] {dag.py:3239} INFO - Sync 1 DAGs
[2025-04-03T15:13:32.047+0000] {logging_mixin.py:190} INFO - [2025-04-03T15:13:32.047+0000] {dag.py:4180} INFO - Setting next_dagrun for example_bash_operator to 2025-04-02 00:00:00+00:00, run_after=2025-04-03 00:00:00+00:00
[2025-04-03T15:13:32.080+0000] {processor.py:208} INFO - Processing /home/hamza/Documents/project/Mlops/myenv/lib/python3.12/site-packages/airflow/example_dags/example_bash_operator.py took 0.144 seconds
[2025-04-03T15:15:05.204+0000] {processor.py:186} INFO - Started process (PID=39969) to work on /home/hamza/Documents/project/Mlops/myenv/lib/python3.12/site-packages/airflow/example_dags/example_bash_operator.py
[2025-04-03T15:15:05.207+0000] {processor.py:914} INFO - Processing file /home/hamza/Documents/project/Mlops/myenv/lib/python3.12/site-packages/airflow/example_dags/example_bash_operator.py for tasks to queue
[2025-04-03T15:15:05.214+0000] {logging_mixin.py:190} INFO - [2025-04-03T15:15:05.213+0000] {dagbag.py:588} INFO - Filling up the DagBag from /home/hamza/Documents/project/Mlops/myenv/lib/python3.12/site-packages/airflow/example_dags/example_bash_operator.py
[2025-04-03T15:15:05.244+0000] {processor.py:925} INFO - DAG(s) 'example_bash_operator' retrieved from /home/hamza/Documents/project/Mlops/myenv/lib/python3.12/site-packages/airflow/example_dags/example_bash_operator.py
[2025-04-03T15:15:05.294+0000] {logging_mixin.py:190} INFO - [2025-04-03T15:15:05.294+0000] {dag.py:3239} INFO - Sync 1 DAGs
[2025-04-03T15:15:05.340+0000] {logging_mixin.py:190} INFO - [2025-04-03T15:15:05.340+0000] {dag.py:4180} INFO - Setting next_dagrun for example_bash_operator to 2025-04-02 00:00:00+00:00, run_after=2025-04-03 00:00:00+00:00
[2025-04-03T15:15:05.382+0000] {processor.py:208} INFO - Processing /home/hamza/Documents/project/Mlops/myenv/lib/python3.12/site-packages/airflow/example_dags/example_bash_operator.py took 0.190 seconds
[2025-04-03T15:16:44.798+0000] {processor.py:186} INFO - Started process (PID=40943) to work on /home/hamza/Documents/project/Mlops/myenv/lib/python3.12/site-packages/airflow/example_dags/example_bash_operator.py
[2025-04-03T15:16:44.799+0000] {processor.py:914} INFO - Processing file /home/hamza/Documents/project/Mlops/myenv/lib/python3.12/site-packages/airflow/example_dags/example_bash_operator.py for tasks to queue
[2025-04-03T15:16:44.803+0000] {logging_mixin.py:190} INFO - [2025-04-03T15:16:44.802+0000] {dagbag.py:588} INFO - Filling up the DagBag from /home/hamza/Documents/project/Mlops/myenv/lib/python3.12/site-packages/airflow/example_dags/example_bash_operator.py
[2025-04-03T15:16:44.828+0000] {processor.py:925} INFO - DAG(s) 'example_bash_operator' retrieved from /home/hamza/Documents/project/Mlops/myenv/lib/python3.12/site-packages/airflow/example_dags/example_bash_operator.py
[2025-04-03T15:16:44.882+0000] {logging_mixin.py:190} INFO - [2025-04-03T15:16:44.882+0000] {dag.py:3239} INFO - Sync 1 DAGs
[2025-04-03T15:16:44.937+0000] {logging_mixin.py:190} INFO - [2025-04-03T15:16:44.937+0000] {dag.py:4180} INFO - Setting next_dagrun for example_bash_operator to 2025-04-02 00:00:00+00:00, run_after=2025-04-03 00:00:00+00:00
[2025-04-03T15:16:44.985+0000] {processor.py:208} INFO - Processing /home/hamza/Documents/project/Mlops/myenv/lib/python3.12/site-packages/airflow/example_dags/example_bash_operator.py took 0.202 seconds
[2025-04-03T15:18:21.745+0000] {processor.py:186} INFO - Started process (PID=41992) to work on /home/hamza/Documents/project/Mlops/myenv/lib/python3.12/site-packages/airflow/example_dags/example_bash_operator.py
[2025-04-03T15:18:21.747+0000] {processor.py:914} INFO - Processing file /home/hamza/Documents/project/Mlops/myenv/lib/python3.12/site-packages/airflow/example_dags/example_bash_operator.py for tasks to queue
[2025-04-03T15:18:21.751+0000] {logging_mixin.py:190} INFO - [2025-04-03T15:18:21.751+0000] {dagbag.py:588} INFO - Filling up the DagBag from /home/hamza/Documents/project/Mlops/myenv/lib/python3.12/site-packages/airflow/example_dags/example_bash_operator.py
[2025-04-03T15:18:21.773+0000] {processor.py:925} INFO - DAG(s) 'example_bash_operator' retrieved from /home/hamza/Documents/project/Mlops/myenv/lib/python3.12/site-packages/airflow/example_dags/example_bash_operator.py
[2025-04-03T15:18:21.809+0000] {logging_mixin.py:190} INFO - [2025-04-03T15:18:21.809+0000] {dag.py:3239} INFO - Sync 1 DAGs
[2025-04-03T15:18:21.842+0000] {logging_mixin.py:190} INFO - [2025-04-03T15:18:21.842+0000] {dag.py:4180} INFO - Setting next_dagrun for example_bash_operator to 2025-04-02 00:00:00+00:00, run_after=2025-04-03 00:00:00+00:00
[2025-04-03T15:18:21.874+0000] {processor.py:208} INFO - Processing /home/hamza/Documents/project/Mlops/myenv/lib/python3.12/site-packages/airflow/example_dags/example_bash_operator.py took 0.139 seconds
[2025-04-03T15:19:52.059+0000] {processor.py:186} INFO - Started process (PID=42972) to work on /home/hamza/Documents/project/Mlops/myenv/lib/python3.12/site-packages/airflow/example_dags/example_bash_operator.py
[2025-04-03T15:19:52.062+0000] {processor.py:914} INFO - Processing file /home/hamza/Documents/project/Mlops/myenv/lib/python3.12/site-packages/airflow/example_dags/example_bash_operator.py for tasks to queue
[2025-04-03T15:19:52.066+0000] {logging_mixin.py:190} INFO - [2025-04-03T15:19:52.065+0000] {dagbag.py:588} INFO - Filling up the DagBag from /home/hamza/Documents/project/Mlops/myenv/lib/python3.12/site-packages/airflow/example_dags/example_bash_operator.py
[2025-04-03T15:19:52.090+0000] {processor.py:925} INFO - DAG(s) 'example_bash_operator' retrieved from /home/hamza/Documents/project/Mlops/myenv/lib/python3.12/site-packages/airflow/example_dags/example_bash_operator.py
[2025-04-03T15:19:52.137+0000] {logging_mixin.py:190} INFO - [2025-04-03T15:19:52.137+0000] {dag.py:3239} INFO - Sync 1 DAGs
[2025-04-03T15:19:52.172+0000] {logging_mixin.py:190} INFO - [2025-04-03T15:19:52.171+0000] {dag.py:4180} INFO - Setting next_dagrun for example_bash_operator to 2025-04-02 00:00:00+00:00, run_after=2025-04-03 00:00:00+00:00
[2025-04-03T15:19:52.208+0000] {processor.py:208} INFO - Processing /home/hamza/Documents/project/Mlops/myenv/lib/python3.12/site-packages/airflow/example_dags/example_bash_operator.py took 0.158 seconds
[2025-04-03T15:21:23.801+0000] {processor.py:186} INFO - Started process (PID=43872) to work on /home/hamza/Documents/project/Mlops/myenv/lib/python3.12/site-packages/airflow/example_dags/example_bash_operator.py
[2025-04-03T15:21:23.804+0000] {processor.py:914} INFO - Processing file /home/hamza/Documents/project/Mlops/myenv/lib/python3.12/site-packages/airflow/example_dags/example_bash_operator.py for tasks to queue
[2025-04-03T15:21:23.808+0000] {logging_mixin.py:190} INFO - [2025-04-03T15:21:23.807+0000] {dagbag.py:588} INFO - Filling up the DagBag from /home/hamza/Documents/project/Mlops/myenv/lib/python3.12/site-packages/airflow/example_dags/example_bash_operator.py
[2025-04-03T15:21:23.831+0000] {processor.py:925} INFO - DAG(s) 'example_bash_operator' retrieved from /home/hamza/Documents/project/Mlops/myenv/lib/python3.12/site-packages/airflow/example_dags/example_bash_operator.py
[2025-04-03T15:21:23.868+0000] {logging_mixin.py:190} INFO - [2025-04-03T15:21:23.868+0000] {dag.py:3239} INFO - Sync 1 DAGs
[2025-04-03T15:21:23.905+0000] {logging_mixin.py:190} INFO - [2025-04-03T15:21:23.904+0000] {dag.py:4180} INFO - Setting next_dagrun for example_bash_operator to 2025-04-02 00:00:00+00:00, run_after=2025-04-03 00:00:00+00:00
[2025-04-03T15:21:23.941+0000] {processor.py:208} INFO - Processing /home/hamza/Documents/project/Mlops/myenv/lib/python3.12/site-packages/airflow/example_dags/example_bash_operator.py took 0.149 seconds
[2025-04-03T15:23:01.091+0000] {processor.py:186} INFO - Started process (PID=44787) to work on /home/hamza/Documents/project/Mlops/myenv/lib/python3.12/site-packages/airflow/example_dags/example_bash_operator.py
[2025-04-03T15:23:01.093+0000] {processor.py:914} INFO - Processing file /home/hamza/Documents/project/Mlops/myenv/lib/python3.12/site-packages/airflow/example_dags/example_bash_operator.py for tasks to queue
[2025-04-03T15:23:01.096+0000] {logging_mixin.py:190} INFO - [2025-04-03T15:23:01.096+0000] {dagbag.py:588} INFO - Filling up the DagBag from /home/hamza/Documents/project/Mlops/myenv/lib/python3.12/site-packages/airflow/example_dags/example_bash_operator.py
[2025-04-03T15:23:01.120+0000] {processor.py:925} INFO - DAG(s) 'example_bash_operator' retrieved from /home/hamza/Documents/project/Mlops/myenv/lib/python3.12/site-packages/airflow/example_dags/example_bash_operator.py
[2025-04-03T15:23:01.157+0000] {logging_mixin.py:190} INFO - [2025-04-03T15:23:01.156+0000] {dag.py:3239} INFO - Sync 1 DAGs
[2025-04-03T15:23:01.192+0000] {logging_mixin.py:190} INFO - [2025-04-03T15:23:01.191+0000] {dag.py:4180} INFO - Setting next_dagrun for example_bash_operator to 2025-04-02 00:00:00+00:00, run_after=2025-04-03 00:00:00+00:00
[2025-04-03T15:23:01.225+0000] {processor.py:208} INFO - Processing /home/hamza/Documents/project/Mlops/myenv/lib/python3.12/site-packages/airflow/example_dags/example_bash_operator.py took 0.143 seconds
[2025-04-03T15:24:37.412+0000] {processor.py:186} INFO - Started process (PID=45761) to work on /home/hamza/Documents/project/Mlops/myenv/lib/python3.12/site-packages/airflow/example_dags/example_bash_operator.py
[2025-04-03T15:24:37.414+0000] {processor.py:914} INFO - Processing file /home/hamza/Documents/project/Mlops/myenv/lib/python3.12/site-packages/airflow/example_dags/example_bash_operator.py for tasks to queue
[2025-04-03T15:24:37.418+0000] {logging_mixin.py:190} INFO - [2025-04-03T15:24:37.417+0000] {dagbag.py:588} INFO - Filling up the DagBag from /home/hamza/Documents/project/Mlops/myenv/lib/python3.12/site-packages/airflow/example_dags/example_bash_operator.py
[2025-04-03T15:24:37.441+0000] {processor.py:925} INFO - DAG(s) 'example_bash_operator' retrieved from /home/hamza/Documents/project/Mlops/myenv/lib/python3.12/site-packages/airflow/example_dags/example_bash_operator.py
[2025-04-03T15:24:37.477+0000] {logging_mixin.py:190} INFO - [2025-04-03T15:24:37.477+0000] {dag.py:3239} INFO - Sync 1 DAGs
[2025-04-03T15:24:37.512+0000] {logging_mixin.py:190} INFO - [2025-04-03T15:24:37.511+0000] {dag.py:4180} INFO - Setting next_dagrun for example_bash_operator to 2025-04-02 00:00:00+00:00, run_after=2025-04-03 00:00:00+00:00
[2025-04-03T15:24:37.545+0000] {processor.py:208} INFO - Processing /home/hamza/Documents/project/Mlops/myenv/lib/python3.12/site-packages/airflow/example_dags/example_bash_operator.py took 0.142 seconds
[2025-04-03T15:26:07.356+0000] {processor.py:186} INFO - Started process (PID=46634) to work on /home/hamza/Documents/project/Mlops/myenv/lib/python3.12/site-packages/airflow/example_dags/example_bash_operator.py
[2025-04-03T15:26:07.360+0000] {processor.py:914} INFO - Processing file /home/hamza/Documents/project/Mlops/myenv/lib/python3.12/site-packages/airflow/example_dags/example_bash_operator.py for tasks to queue
[2025-04-03T15:26:07.364+0000] {logging_mixin.py:190} INFO - [2025-04-03T15:26:07.363+0000] {dagbag.py:588} INFO - Filling up the DagBag from /home/hamza/Documents/project/Mlops/myenv/lib/python3.12/site-packages/airflow/example_dags/example_bash_operator.py
[2025-04-03T15:26:07.389+0000] {processor.py:925} INFO - DAG(s) 'example_bash_operator' retrieved from /home/hamza/Documents/project/Mlops/myenv/lib/python3.12/site-packages/airflow/example_dags/example_bash_operator.py
[2025-04-03T15:26:07.425+0000] {logging_mixin.py:190} INFO - [2025-04-03T15:26:07.425+0000] {dag.py:3239} INFO - Sync 1 DAGs
[2025-04-03T15:26:07.461+0000] {logging_mixin.py:190} INFO - [2025-04-03T15:26:07.461+0000] {dag.py:4180} INFO - Setting next_dagrun for example_bash_operator to 2025-04-02 00:00:00+00:00, run_after=2025-04-03 00:00:00+00:00
[2025-04-03T15:26:07.497+0000] {processor.py:208} INFO - Processing /home/hamza/Documents/project/Mlops/myenv/lib/python3.12/site-packages/airflow/example_dags/example_bash_operator.py took 0.149 seconds
[2025-04-03T16:32:35.390+0000] {processor.py:186} INFO - Started process (PID=83398) to work on /home/hamza/Documents/project/Mlops/myenv/lib/python3.12/site-packages/airflow/example_dags/example_bash_operator.py
[2025-04-03T16:32:35.392+0000] {processor.py:914} INFO - Processing file /home/hamza/Documents/project/Mlops/myenv/lib/python3.12/site-packages/airflow/example_dags/example_bash_operator.py for tasks to queue
[2025-04-03T16:32:35.399+0000] {logging_mixin.py:190} INFO - [2025-04-03T16:32:35.398+0000] {dagbag.py:588} INFO - Filling up the DagBag from /home/hamza/Documents/project/Mlops/myenv/lib/python3.12/site-packages/airflow/example_dags/example_bash_operator.py
[2025-04-03T16:32:35.422+0000] {processor.py:925} INFO - DAG(s) 'example_bash_operator' retrieved from /home/hamza/Documents/project/Mlops/myenv/lib/python3.12/site-packages/airflow/example_dags/example_bash_operator.py
[2025-04-03T16:32:35.460+0000] {logging_mixin.py:190} INFO - [2025-04-03T16:32:35.460+0000] {dag.py:3239} INFO - Sync 1 DAGs
[2025-04-03T16:32:35.498+0000] {logging_mixin.py:190} INFO - [2025-04-03T16:32:35.497+0000] {dag.py:4180} INFO - Setting next_dagrun for example_bash_operator to 2025-04-02 00:00:00+00:00, run_after=2025-04-03 00:00:00+00:00
[2025-04-03T16:32:35.535+0000] {processor.py:208} INFO - Processing /home/hamza/Documents/project/Mlops/myenv/lib/python3.12/site-packages/airflow/example_dags/example_bash_operator.py took 0.155 seconds
[2025-04-03T16:34:47.241+0000] {processor.py:186} INFO - Started process (PID=84623) to work on /home/hamza/Documents/project/Mlops/myenv/lib/python3.12/site-packages/airflow/example_dags/example_bash_operator.py
[2025-04-03T16:34:47.243+0000] {processor.py:914} INFO - Processing file /home/hamza/Documents/project/Mlops/myenv/lib/python3.12/site-packages/airflow/example_dags/example_bash_operator.py for tasks to queue
[2025-04-03T16:34:47.249+0000] {logging_mixin.py:190} INFO - [2025-04-03T16:34:47.249+0000] {dagbag.py:588} INFO - Filling up the DagBag from /home/hamza/Documents/project/Mlops/myenv/lib/python3.12/site-packages/airflow/example_dags/example_bash_operator.py
[2025-04-03T16:34:47.274+0000] {processor.py:925} INFO - DAG(s) 'example_bash_operator' retrieved from /home/hamza/Documents/project/Mlops/myenv/lib/python3.12/site-packages/airflow/example_dags/example_bash_operator.py
[2025-04-03T16:34:47.319+0000] {logging_mixin.py:190} INFO - [2025-04-03T16:34:47.319+0000] {dag.py:3239} INFO - Sync 1 DAGs
[2025-04-03T16:34:47.356+0000] {logging_mixin.py:190} INFO - [2025-04-03T16:34:47.355+0000] {dag.py:4180} INFO - Setting next_dagrun for example_bash_operator to 2025-04-02 00:00:00+00:00, run_after=2025-04-03 00:00:00+00:00
[2025-04-03T16:34:47.393+0000] {processor.py:208} INFO - Processing /home/hamza/Documents/project/Mlops/myenv/lib/python3.12/site-packages/airflow/example_dags/example_bash_operator.py took 0.161 seconds
[2025-04-03T16:36:35.423+0000] {processor.py:186} INFO - Started process (PID=85549) to work on /home/hamza/Documents/project/Mlops/myenv/lib/python3.12/site-packages/airflow/example_dags/example_bash_operator.py
[2025-04-03T16:36:35.425+0000] {processor.py:914} INFO - Processing file /home/hamza/Documents/project/Mlops/myenv/lib/python3.12/site-packages/airflow/example_dags/example_bash_operator.py for tasks to queue
[2025-04-03T16:36:35.429+0000] {logging_mixin.py:190} INFO - [2025-04-03T16:36:35.428+0000] {dagbag.py:588} INFO - Filling up the DagBag from /home/hamza/Documents/project/Mlops/myenv/lib/python3.12/site-packages/airflow/example_dags/example_bash_operator.py
[2025-04-03T16:36:35.456+0000] {processor.py:925} INFO - DAG(s) 'example_bash_operator' retrieved from /home/hamza/Documents/project/Mlops/myenv/lib/python3.12/site-packages/airflow/example_dags/example_bash_operator.py
[2025-04-03T16:36:35.497+0000] {logging_mixin.py:190} INFO - [2025-04-03T16:36:35.497+0000] {dag.py:3239} INFO - Sync 1 DAGs
[2025-04-03T16:36:35.537+0000] {logging_mixin.py:190} INFO - [2025-04-03T16:36:35.537+0000] {dag.py:4180} INFO - Setting next_dagrun for example_bash_operator to 2025-04-02 00:00:00+00:00, run_after=2025-04-03 00:00:00+00:00
[2025-04-03T16:36:35.576+0000] {processor.py:208} INFO - Processing /home/hamza/Documents/project/Mlops/myenv/lib/python3.12/site-packages/airflow/example_dags/example_bash_operator.py took 0.163 seconds
[2025-04-03T16:38:04.075+0000] {processor.py:186} INFO - Started process (PID=86329) to work on /home/hamza/Documents/project/Mlops/myenv/lib/python3.12/site-packages/airflow/example_dags/example_bash_operator.py
[2025-04-03T16:38:04.077+0000] {processor.py:914} INFO - Processing file /home/hamza/Documents/project/Mlops/myenv/lib/python3.12/site-packages/airflow/example_dags/example_bash_operator.py for tasks to queue
[2025-04-03T16:38:04.081+0000] {logging_mixin.py:190} INFO - [2025-04-03T16:38:04.080+0000] {dagbag.py:588} INFO - Filling up the DagBag from /home/hamza/Documents/project/Mlops/myenv/lib/python3.12/site-packages/airflow/example_dags/example_bash_operator.py
[2025-04-03T16:38:04.106+0000] {processor.py:925} INFO - DAG(s) 'example_bash_operator' retrieved from /home/hamza/Documents/project/Mlops/myenv/lib/python3.12/site-packages/airflow/example_dags/example_bash_operator.py
[2025-04-03T16:38:04.151+0000] {logging_mixin.py:190} INFO - [2025-04-03T16:38:04.150+0000] {dag.py:3239} INFO - Sync 1 DAGs
[2025-04-03T16:38:04.194+0000] {logging_mixin.py:190} INFO - [2025-04-03T16:38:04.193+0000] {dag.py:4180} INFO - Setting next_dagrun for example_bash_operator to 2025-04-02 00:00:00+00:00, run_after=2025-04-03 00:00:00+00:00
[2025-04-03T16:38:04.234+0000] {processor.py:208} INFO - Processing /home/hamza/Documents/project/Mlops/myenv/lib/python3.12/site-packages/airflow/example_dags/example_bash_operator.py took 0.169 seconds
[2025-04-03T16:39:36.884+0000] {processor.py:186} INFO - Started process (PID=87565) to work on /home/hamza/Documents/project/Mlops/myenv/lib/python3.12/site-packages/airflow/example_dags/example_bash_operator.py
[2025-04-03T16:39:36.885+0000] {processor.py:914} INFO - Processing file /home/hamza/Documents/project/Mlops/myenv/lib/python3.12/site-packages/airflow/example_dags/example_bash_operator.py for tasks to queue
[2025-04-03T16:39:36.890+0000] {logging_mixin.py:190} INFO - [2025-04-03T16:39:36.889+0000] {dagbag.py:588} INFO - Filling up the DagBag from /home/hamza/Documents/project/Mlops/myenv/lib/python3.12/site-packages/airflow/example_dags/example_bash_operator.py
[2025-04-03T16:39:36.916+0000] {processor.py:925} INFO - DAG(s) 'example_bash_operator' retrieved from /home/hamza/Documents/project/Mlops/myenv/lib/python3.12/site-packages/airflow/example_dags/example_bash_operator.py
[2025-04-03T16:39:36.955+0000] {logging_mixin.py:190} INFO - [2025-04-03T16:39:36.955+0000] {dag.py:3239} INFO - Sync 1 DAGs
[2025-04-03T16:39:36.991+0000] {logging_mixin.py:190} INFO - [2025-04-03T16:39:36.990+0000] {dag.py:4180} INFO - Setting next_dagrun for example_bash_operator to 2025-04-02 00:00:00+00:00, run_after=2025-04-03 00:00:00+00:00
[2025-04-03T16:39:37.024+0000] {processor.py:208} INFO - Processing /home/hamza/Documents/project/Mlops/myenv/lib/python3.12/site-packages/airflow/example_dags/example_bash_operator.py took 0.149 seconds
[2025-04-03T16:41:12.360+0000] {processor.py:186} INFO - Started process (PID=88518) to work on /home/hamza/Documents/project/Mlops/myenv/lib/python3.12/site-packages/airflow/example_dags/example_bash_operator.py
[2025-04-03T16:41:12.362+0000] {processor.py:914} INFO - Processing file /home/hamza/Documents/project/Mlops/myenv/lib/python3.12/site-packages/airflow/example_dags/example_bash_operator.py for tasks to queue
[2025-04-03T16:41:12.367+0000] {logging_mixin.py:190} INFO - [2025-04-03T16:41:12.366+0000] {dagbag.py:588} INFO - Filling up the DagBag from /home/hamza/Documents/project/Mlops/myenv/lib/python3.12/site-packages/airflow/example_dags/example_bash_operator.py
[2025-04-03T16:41:12.391+0000] {processor.py:925} INFO - DAG(s) 'example_bash_operator' retrieved from /home/hamza/Documents/project/Mlops/myenv/lib/python3.12/site-packages/airflow/example_dags/example_bash_operator.py
[2025-04-03T16:41:12.429+0000] {logging_mixin.py:190} INFO - [2025-04-03T16:41:12.428+0000] {dag.py:3239} INFO - Sync 1 DAGs
[2025-04-03T16:41:12.463+0000] {logging_mixin.py:190} INFO - [2025-04-03T16:41:12.463+0000] {dag.py:4180} INFO - Setting next_dagrun for example_bash_operator to 2025-04-02 00:00:00+00:00, run_after=2025-04-03 00:00:00+00:00
[2025-04-03T16:41:12.499+0000] {processor.py:208} INFO - Processing /home/hamza/Documents/project/Mlops/myenv/lib/python3.12/site-packages/airflow/example_dags/example_bash_operator.py took 0.148 seconds
[2025-04-03T16:42:48.416+0000] {processor.py:186} INFO - Started process (PID=89292) to work on /home/hamza/Documents/project/Mlops/myenv/lib/python3.12/site-packages/airflow/example_dags/example_bash_operator.py
[2025-04-03T16:42:48.418+0000] {processor.py:914} INFO - Processing file /home/hamza/Documents/project/Mlops/myenv/lib/python3.12/site-packages/airflow/example_dags/example_bash_operator.py for tasks to queue
[2025-04-03T16:42:48.422+0000] {logging_mixin.py:190} INFO - [2025-04-03T16:42:48.421+0000] {dagbag.py:588} INFO - Filling up the DagBag from /home/hamza/Documents/project/Mlops/myenv/lib/python3.12/site-packages/airflow/example_dags/example_bash_operator.py
[2025-04-03T16:42:48.447+0000] {processor.py:925} INFO - DAG(s) 'example_bash_operator' retrieved from /home/hamza/Documents/project/Mlops/myenv/lib/python3.12/site-packages/airflow/example_dags/example_bash_operator.py
[2025-04-03T16:42:48.486+0000] {logging_mixin.py:190} INFO - [2025-04-03T16:42:48.486+0000] {dag.py:3239} INFO - Sync 1 DAGs
[2025-04-03T16:42:48.521+0000] {logging_mixin.py:190} INFO - [2025-04-03T16:42:48.521+0000] {dag.py:4180} INFO - Setting next_dagrun for example_bash_operator to 2025-04-02 00:00:00+00:00, run_after=2025-04-03 00:00:00+00:00
[2025-04-03T16:42:48.658+0000] {processor.py:208} INFO - Processing /home/hamza/Documents/project/Mlops/myenv/lib/python3.12/site-packages/airflow/example_dags/example_bash_operator.py took 0.251 seconds
[2025-04-03T16:44:23.702+0000] {processor.py:186} INFO - Started process (PID=89995) to work on /home/hamza/Documents/project/Mlops/myenv/lib/python3.12/site-packages/airflow/example_dags/example_bash_operator.py
[2025-04-03T16:44:23.705+0000] {processor.py:914} INFO - Processing file /home/hamza/Documents/project/Mlops/myenv/lib/python3.12/site-packages/airflow/example_dags/example_bash_operator.py for tasks to queue
[2025-04-03T16:44:23.708+0000] {logging_mixin.py:190} INFO - [2025-04-03T16:44:23.708+0000] {dagbag.py:588} INFO - Filling up the DagBag from /home/hamza/Documents/project/Mlops/myenv/lib/python3.12/site-packages/airflow/example_dags/example_bash_operator.py
[2025-04-03T16:44:23.732+0000] {processor.py:925} INFO - DAG(s) 'example_bash_operator' retrieved from /home/hamza/Documents/project/Mlops/myenv/lib/python3.12/site-packages/airflow/example_dags/example_bash_operator.py
[2025-04-03T16:44:23.770+0000] {logging_mixin.py:190} INFO - [2025-04-03T16:44:23.770+0000] {dag.py:3239} INFO - Sync 1 DAGs
[2025-04-03T16:44:23.813+0000] {logging_mixin.py:190} INFO - [2025-04-03T16:44:23.812+0000] {dag.py:4180} INFO - Setting next_dagrun for example_bash_operator to 2025-04-02 00:00:00+00:00, run_after=2025-04-03 00:00:00+00:00
[2025-04-03T16:44:23.847+0000] {processor.py:208} INFO - Processing /home/hamza/Documents/project/Mlops/myenv/lib/python3.12/site-packages/airflow/example_dags/example_bash_operator.py took 0.155 seconds
[2025-04-03T16:45:59.038+0000] {processor.py:186} INFO - Started process (PID=90819) to work on /home/hamza/Documents/project/Mlops/myenv/lib/python3.12/site-packages/airflow/example_dags/example_bash_operator.py
[2025-04-03T16:45:59.040+0000] {processor.py:914} INFO - Processing file /home/hamza/Documents/project/Mlops/myenv/lib/python3.12/site-packages/airflow/example_dags/example_bash_operator.py for tasks to queue
[2025-04-03T16:45:59.044+0000] {logging_mixin.py:190} INFO - [2025-04-03T16:45:59.043+0000] {dagbag.py:588} INFO - Filling up the DagBag from /home/hamza/Documents/project/Mlops/myenv/lib/python3.12/site-packages/airflow/example_dags/example_bash_operator.py
[2025-04-03T16:45:59.069+0000] {processor.py:925} INFO - DAG(s) 'example_bash_operator' retrieved from /home/hamza/Documents/project/Mlops/myenv/lib/python3.12/site-packages/airflow/example_dags/example_bash_operator.py
[2025-04-03T16:45:59.107+0000] {logging_mixin.py:190} INFO - [2025-04-03T16:45:59.107+0000] {dag.py:3239} INFO - Sync 1 DAGs
[2025-04-03T16:45:59.144+0000] {logging_mixin.py:190} INFO - [2025-04-03T16:45:59.144+0000] {dag.py:4180} INFO - Setting next_dagrun for example_bash_operator to 2025-04-02 00:00:00+00:00, run_after=2025-04-03 00:00:00+00:00
[2025-04-03T16:45:59.186+0000] {processor.py:208} INFO - Processing /home/hamza/Documents/project/Mlops/myenv/lib/python3.12/site-packages/airflow/example_dags/example_bash_operator.py took 0.157 seconds
[2025-04-03T16:47:33.459+0000] {processor.py:186} INFO - Started process (PID=91678) to work on /home/hamza/Documents/project/Mlops/myenv/lib/python3.12/site-packages/airflow/example_dags/example_bash_operator.py
[2025-04-03T16:47:33.460+0000] {processor.py:914} INFO - Processing file /home/hamza/Documents/project/Mlops/myenv/lib/python3.12/site-packages/airflow/example_dags/example_bash_operator.py for tasks to queue
[2025-04-03T16:47:33.464+0000] {logging_mixin.py:190} INFO - [2025-04-03T16:47:33.463+0000] {dagbag.py:588} INFO - Filling up the DagBag from /home/hamza/Documents/project/Mlops/myenv/lib/python3.12/site-packages/airflow/example_dags/example_bash_operator.py
[2025-04-03T16:47:33.488+0000] {processor.py:925} INFO - DAG(s) 'example_bash_operator' retrieved from /home/hamza/Documents/project/Mlops/myenv/lib/python3.12/site-packages/airflow/example_dags/example_bash_operator.py
[2025-04-03T16:47:33.526+0000] {logging_mixin.py:190} INFO - [2025-04-03T16:47:33.525+0000] {dag.py:3239} INFO - Sync 1 DAGs
[2025-04-03T16:47:33.561+0000] {logging_mixin.py:190} INFO - [2025-04-03T16:47:33.561+0000] {dag.py:4180} INFO - Setting next_dagrun for example_bash_operator to 2025-04-02 00:00:00+00:00, run_after=2025-04-03 00:00:00+00:00
[2025-04-03T16:47:33.596+0000] {processor.py:208} INFO - Processing /home/hamza/Documents/project/Mlops/myenv/lib/python3.12/site-packages/airflow/example_dags/example_bash_operator.py took 0.147 seconds
[2025-04-03T16:49:14.925+0000] {processor.py:186} INFO - Started process (PID=92527) to work on /home/hamza/Documents/project/Mlops/myenv/lib/python3.12/site-packages/airflow/example_dags/example_bash_operator.py
[2025-04-03T16:49:14.927+0000] {processor.py:914} INFO - Processing file /home/hamza/Documents/project/Mlops/myenv/lib/python3.12/site-packages/airflow/example_dags/example_bash_operator.py for tasks to queue
[2025-04-03T16:49:14.930+0000] {logging_mixin.py:190} INFO - [2025-04-03T16:49:14.930+0000] {dagbag.py:588} INFO - Filling up the DagBag from /home/hamza/Documents/project/Mlops/myenv/lib/python3.12/site-packages/airflow/example_dags/example_bash_operator.py
[2025-04-03T16:49:14.954+0000] {processor.py:925} INFO - DAG(s) 'example_bash_operator' retrieved from /home/hamza/Documents/project/Mlops/myenv/lib/python3.12/site-packages/airflow/example_dags/example_bash_operator.py
[2025-04-03T16:49:14.993+0000] {logging_mixin.py:190} INFO - [2025-04-03T16:49:14.993+0000] {dag.py:3239} INFO - Sync 1 DAGs
[2025-04-03T16:49:15.032+0000] {logging_mixin.py:190} INFO - [2025-04-03T16:49:15.032+0000] {dag.py:4180} INFO - Setting next_dagrun for example_bash_operator to 2025-04-02 00:00:00+00:00, run_after=2025-04-03 00:00:00+00:00
[2025-04-03T16:49:15.071+0000] {processor.py:208} INFO - Processing /home/hamza/Documents/project/Mlops/myenv/lib/python3.12/site-packages/airflow/example_dags/example_bash_operator.py took 0.156 seconds
[2025-04-03T16:50:51.773+0000] {processor.py:186} INFO - Started process (PID=93366) to work on /home/hamza/Documents/project/Mlops/myenv/lib/python3.12/site-packages/airflow/example_dags/example_bash_operator.py
[2025-04-03T16:50:51.774+0000] {processor.py:914} INFO - Processing file /home/hamza/Documents/project/Mlops/myenv/lib/python3.12/site-packages/airflow/example_dags/example_bash_operator.py for tasks to queue
[2025-04-03T16:50:51.779+0000] {logging_mixin.py:190} INFO - [2025-04-03T16:50:51.778+0000] {dagbag.py:588} INFO - Filling up the DagBag from /home/hamza/Documents/project/Mlops/myenv/lib/python3.12/site-packages/airflow/example_dags/example_bash_operator.py
[2025-04-03T16:50:51.805+0000] {processor.py:925} INFO - DAG(s) 'example_bash_operator' retrieved from /home/hamza/Documents/project/Mlops/myenv/lib/python3.12/site-packages/airflow/example_dags/example_bash_operator.py
[2025-04-03T16:50:51.844+0000] {logging_mixin.py:190} INFO - [2025-04-03T16:50:51.844+0000] {dag.py:3239} INFO - Sync 1 DAGs
[2025-04-03T16:50:51.881+0000] {logging_mixin.py:190} INFO - [2025-04-03T16:50:51.881+0000] {dag.py:4180} INFO - Setting next_dagrun for example_bash_operator to 2025-04-02 00:00:00+00:00, run_after=2025-04-03 00:00:00+00:00
[2025-04-03T16:50:51.918+0000] {processor.py:208} INFO - Processing /home/hamza/Documents/project/Mlops/myenv/lib/python3.12/site-packages/airflow/example_dags/example_bash_operator.py took 0.155 seconds
[2025-04-03T16:52:33.060+0000] {processor.py:186} INFO - Started process (PID=94196) to work on /home/hamza/Documents/project/Mlops/myenv/lib/python3.12/site-packages/airflow/example_dags/example_bash_operator.py
[2025-04-03T16:52:33.061+0000] {processor.py:914} INFO - Processing file /home/hamza/Documents/project/Mlops/myenv/lib/python3.12/site-packages/airflow/example_dags/example_bash_operator.py for tasks to queue
[2025-04-03T16:52:33.065+0000] {logging_mixin.py:190} INFO - [2025-04-03T16:52:33.064+0000] {dagbag.py:588} INFO - Filling up the DagBag from /home/hamza/Documents/project/Mlops/myenv/lib/python3.12/site-packages/airflow/example_dags/example_bash_operator.py
[2025-04-03T16:52:33.089+0000] {processor.py:925} INFO - DAG(s) 'example_bash_operator' retrieved from /home/hamza/Documents/project/Mlops/myenv/lib/python3.12/site-packages/airflow/example_dags/example_bash_operator.py
[2025-04-03T16:52:33.128+0000] {logging_mixin.py:190} INFO - [2025-04-03T16:52:33.128+0000] {dag.py:3239} INFO - Sync 1 DAGs
[2025-04-03T16:52:33.164+0000] {logging_mixin.py:190} INFO - [2025-04-03T16:52:33.164+0000] {dag.py:4180} INFO - Setting next_dagrun for example_bash_operator to 2025-04-02 00:00:00+00:00, run_after=2025-04-03 00:00:00+00:00
[2025-04-03T16:52:33.201+0000] {processor.py:208} INFO - Processing /home/hamza/Documents/project/Mlops/myenv/lib/python3.12/site-packages/airflow/example_dags/example_bash_operator.py took 0.150 seconds
[2025-04-03T16:54:09.277+0000] {processor.py:186} INFO - Started process (PID=95047) to work on /home/hamza/Documents/project/Mlops/myenv/lib/python3.12/site-packages/airflow/example_dags/example_bash_operator.py
[2025-04-03T16:54:09.278+0000] {processor.py:914} INFO - Processing file /home/hamza/Documents/project/Mlops/myenv/lib/python3.12/site-packages/airflow/example_dags/example_bash_operator.py for tasks to queue
[2025-04-03T16:54:09.284+0000] {logging_mixin.py:190} INFO - [2025-04-03T16:54:09.283+0000] {dagbag.py:588} INFO - Filling up the DagBag from /home/hamza/Documents/project/Mlops/myenv/lib/python3.12/site-packages/airflow/example_dags/example_bash_operator.py
[2025-04-03T16:54:09.315+0000] {processor.py:925} INFO - DAG(s) 'example_bash_operator' retrieved from /home/hamza/Documents/project/Mlops/myenv/lib/python3.12/site-packages/airflow/example_dags/example_bash_operator.py
[2025-04-03T16:54:09.363+0000] {logging_mixin.py:190} INFO - [2025-04-03T16:54:09.363+0000] {dag.py:3239} INFO - Sync 1 DAGs
[2025-04-03T16:54:09.415+0000] {logging_mixin.py:190} INFO - [2025-04-03T16:54:09.414+0000] {dag.py:4180} INFO - Setting next_dagrun for example_bash_operator to 2025-04-02 00:00:00+00:00, run_after=2025-04-03 00:00:00+00:00
[2025-04-03T16:54:09.465+0000] {processor.py:208} INFO - Processing /home/hamza/Documents/project/Mlops/myenv/lib/python3.12/site-packages/airflow/example_dags/example_bash_operator.py took 0.198 seconds
[2025-04-03T16:55:53.569+0000] {processor.py:186} INFO - Started process (PID=96095) to work on /home/hamza/Documents/project/Mlops/myenv/lib/python3.12/site-packages/airflow/example_dags/example_bash_operator.py
[2025-04-03T16:55:53.571+0000] {processor.py:914} INFO - Processing file /home/hamza/Documents/project/Mlops/myenv/lib/python3.12/site-packages/airflow/example_dags/example_bash_operator.py for tasks to queue
[2025-04-03T16:55:53.574+0000] {logging_mixin.py:190} INFO - [2025-04-03T16:55:53.574+0000] {dagbag.py:588} INFO - Filling up the DagBag from /home/hamza/Documents/project/Mlops/myenv/lib/python3.12/site-packages/airflow/example_dags/example_bash_operator.py
[2025-04-03T16:55:53.599+0000] {processor.py:925} INFO - DAG(s) 'example_bash_operator' retrieved from /home/hamza/Documents/project/Mlops/myenv/lib/python3.12/site-packages/airflow/example_dags/example_bash_operator.py
[2025-04-03T16:55:53.635+0000] {logging_mixin.py:190} INFO - [2025-04-03T16:55:53.635+0000] {dag.py:3239} INFO - Sync 1 DAGs
[2025-04-03T16:55:53.669+0000] {logging_mixin.py:190} INFO - [2025-04-03T16:55:53.669+0000] {dag.py:4180} INFO - Setting next_dagrun for example_bash_operator to 2025-04-02 00:00:00+00:00, run_after=2025-04-03 00:00:00+00:00
[2025-04-03T16:55:53.702+0000] {processor.py:208} INFO - Processing /home/hamza/Documents/project/Mlops/myenv/lib/python3.12/site-packages/airflow/example_dags/example_bash_operator.py took 0.143 seconds
