[2025-04-03T13:44:03.260+0000] {processor.py:186} INFO - Started process (PID=98734) to work on /home/hamza/Documents/project/Mlops/myenv/lib/python3.12/site-packages/airflow/example_dags/example_display_name.py
[2025-04-03T13:44:03.262+0000] {processor.py:914} INFO - Processing file /home/hamza/Documents/project/Mlops/myenv/lib/python3.12/site-packages/airflow/example_dags/example_display_name.py for tasks to queue
[2025-04-03T13:44:03.266+0000] {logging_mixin.py:190} INFO - [2025-04-03T13:44:03.265+0000] {dagbag.py:588} INFO - Filling up the DagBag from /home/hamza/Documents/project/Mlops/myenv/lib/python3.12/site-packages/airflow/example_dags/example_display_name.py
[2025-04-03T13:44:03.287+0000] {processor.py:925} INFO - DAG(s) 'example_display_name' retrieved from /home/hamza/Documents/project/Mlops/myenv/lib/python3.12/site-packages/airflow/example_dags/example_display_name.py
[2025-04-03T13:44:03.506+0000] {logging_mixin.py:190} INFO - [2025-04-03T13:44:03.505+0000] {override.py:1930} INFO - Created Permission View: can delete on DAG:example_display_name
[2025-04-03T13:44:03.529+0000] {logging_mixin.py:190} INFO - [2025-04-03T13:44:03.529+0000] {override.py:1930} INFO - Created Permission View: can read on DAG:example_display_name
[2025-04-03T13:44:03.546+0000] {logging_mixin.py:190} INFO - [2025-04-03T13:44:03.546+0000] {override.py:1930} INFO - Created Permission View: can edit on DAG:example_display_name
[2025-04-03T13:44:03.569+0000] {logging_mixin.py:190} INFO - [2025-04-03T13:44:03.568+0000] {override.py:1930} INFO - Created Permission View: can delete on DAG Run:example_display_name
[2025-04-03T13:44:03.583+0000] {logging_mixin.py:190} INFO - [2025-04-03T13:44:03.583+0000] {override.py:1930} INFO - Created Permission View: can read on DAG Run:example_display_name
[2025-04-03T13:44:03.598+0000] {logging_mixin.py:190} INFO - [2025-04-03T13:44:03.597+0000] {override.py:1930} INFO - Created Permission View: menu access on DAG Run:example_display_name
[2025-04-03T13:44:03.614+0000] {logging_mixin.py:190} INFO - [2025-04-03T13:44:03.613+0000] {override.py:1930} INFO - Created Permission View: can create on DAG Run:example_display_name
[2025-04-03T13:44:03.615+0000] {logging_mixin.py:190} INFO - [2025-04-03T13:44:03.614+0000] {dag.py:3239} INFO - Sync 1 DAGs
[2025-04-03T13:44:03.636+0000] {logging_mixin.py:190} INFO - [2025-04-03T13:44:03.635+0000] {dag.py:3262} INFO - Creating ORM DAG for example_display_name
[2025-04-03T13:44:03.637+0000] {logging_mixin.py:190} INFO - [2025-04-03T13:44:03.636+0000] {dag.py:4180} INFO - Setting next_dagrun for example_display_name to None, run_after=None
[2025-04-03T13:44:03.673+0000] {processor.py:208} INFO - Processing /home/hamza/Documents/project/Mlops/myenv/lib/python3.12/site-packages/airflow/example_dags/example_display_name.py took 0.426 seconds
[2025-04-03T13:45:21.709+0000] {processor.py:186} INFO - Started process (PID=99776) to work on /home/hamza/Documents/project/Mlops/myenv/lib/python3.12/site-packages/airflow/example_dags/example_display_name.py
[2025-04-03T13:45:21.711+0000] {processor.py:914} INFO - Processing file /home/hamza/Documents/project/Mlops/myenv/lib/python3.12/site-packages/airflow/example_dags/example_display_name.py for tasks to queue
[2025-04-03T13:45:21.715+0000] {logging_mixin.py:190} INFO - [2025-04-03T13:45:21.714+0000] {dagbag.py:588} INFO - Filling up the DagBag from /home/hamza/Documents/project/Mlops/myenv/lib/python3.12/site-packages/airflow/example_dags/example_display_name.py
[2025-04-03T13:45:21.729+0000] {processor.py:925} INFO - DAG(s) 'example_display_name' retrieved from /home/hamza/Documents/project/Mlops/myenv/lib/python3.12/site-packages/airflow/example_dags/example_display_name.py
[2025-04-03T13:45:21.754+0000] {logging_mixin.py:190} INFO - [2025-04-03T13:45:21.753+0000] {dag.py:3239} INFO - Sync 1 DAGs
[2025-04-03T13:45:21.777+0000] {logging_mixin.py:190} INFO - [2025-04-03T13:45:21.776+0000] {dag.py:4180} INFO - Setting next_dagrun for example_display_name to None, run_after=None
[2025-04-03T13:45:21.816+0000] {processor.py:208} INFO - Processing /home/hamza/Documents/project/Mlops/myenv/lib/python3.12/site-packages/airflow/example_dags/example_display_name.py took 0.117 seconds
[2025-04-03T13:46:28.664+0000] {processor.py:186} INFO - Started process (PID=100393) to work on /home/hamza/Documents/project/Mlops/myenv/lib/python3.12/site-packages/airflow/example_dags/example_display_name.py
[2025-04-03T13:46:28.667+0000] {processor.py:914} INFO - Processing file /home/hamza/Documents/project/Mlops/myenv/lib/python3.12/site-packages/airflow/example_dags/example_display_name.py for tasks to queue
[2025-04-03T13:46:28.674+0000] {logging_mixin.py:190} INFO - [2025-04-03T13:46:28.670+0000] {dagbag.py:588} INFO - Filling up the DagBag from /home/hamza/Documents/project/Mlops/myenv/lib/python3.12/site-packages/airflow/example_dags/example_display_name.py
[2025-04-03T13:46:28.691+0000] {processor.py:925} INFO - DAG(s) 'example_display_name' retrieved from /home/hamza/Documents/project/Mlops/myenv/lib/python3.12/site-packages/airflow/example_dags/example_display_name.py
[2025-04-03T13:46:28.720+0000] {logging_mixin.py:190} INFO - [2025-04-03T13:46:28.719+0000] {dag.py:3239} INFO - Sync 1 DAGs
[2025-04-03T13:46:28.742+0000] {logging_mixin.py:190} INFO - [2025-04-03T13:46:28.742+0000] {dag.py:4180} INFO - Setting next_dagrun for example_display_name to None, run_after=None
[2025-04-03T13:46:28.779+0000] {processor.py:208} INFO - Processing /home/hamza/Documents/project/Mlops/myenv/lib/python3.12/site-packages/airflow/example_dags/example_display_name.py took 0.123 seconds
[2025-04-03T13:47:36.174+0000] {processor.py:186} INFO - Started process (PID=101230) to work on /home/hamza/Documents/project/Mlops/myenv/lib/python3.12/site-packages/airflow/example_dags/example_display_name.py
[2025-04-03T13:47:36.176+0000] {processor.py:914} INFO - Processing file /home/hamza/Documents/project/Mlops/myenv/lib/python3.12/site-packages/airflow/example_dags/example_display_name.py for tasks to queue
[2025-04-03T13:47:36.180+0000] {logging_mixin.py:190} INFO - [2025-04-03T13:47:36.179+0000] {dagbag.py:588} INFO - Filling up the DagBag from /home/hamza/Documents/project/Mlops/myenv/lib/python3.12/site-packages/airflow/example_dags/example_display_name.py
[2025-04-03T13:47:36.193+0000] {processor.py:925} INFO - DAG(s) 'example_display_name' retrieved from /home/hamza/Documents/project/Mlops/myenv/lib/python3.12/site-packages/airflow/example_dags/example_display_name.py
[2025-04-03T13:47:36.223+0000] {logging_mixin.py:190} INFO - [2025-04-03T13:47:36.223+0000] {dag.py:3239} INFO - Sync 1 DAGs
[2025-04-03T13:47:36.248+0000] {logging_mixin.py:190} INFO - [2025-04-03T13:47:36.247+0000] {dag.py:4180} INFO - Setting next_dagrun for example_display_name to None, run_after=None
[2025-04-03T13:47:36.281+0000] {processor.py:208} INFO - Processing /home/hamza/Documents/project/Mlops/myenv/lib/python3.12/site-packages/airflow/example_dags/example_display_name.py took 0.116 seconds
[2025-04-03T13:50:10.079+0000] {processor.py:186} INFO - Started process (PID=103211) to work on /home/hamza/Documents/project/Mlops/myenv/lib/python3.12/site-packages/airflow/example_dags/example_display_name.py
[2025-04-03T13:50:10.082+0000] {processor.py:914} INFO - Processing file /home/hamza/Documents/project/Mlops/myenv/lib/python3.12/site-packages/airflow/example_dags/example_display_name.py for tasks to queue
[2025-04-03T13:50:10.086+0000] {logging_mixin.py:190} INFO - [2025-04-03T13:50:10.086+0000] {dagbag.py:588} INFO - Filling up the DagBag from /home/hamza/Documents/project/Mlops/myenv/lib/python3.12/site-packages/airflow/example_dags/example_display_name.py
[2025-04-03T13:50:10.102+0000] {processor.py:925} INFO - DAG(s) 'example_display_name' retrieved from /home/hamza/Documents/project/Mlops/myenv/lib/python3.12/site-packages/airflow/example_dags/example_display_name.py
[2025-04-03T13:50:10.125+0000] {logging_mixin.py:190} INFO - [2025-04-03T13:50:10.125+0000] {dag.py:3239} INFO - Sync 1 DAGs
[2025-04-03T13:50:10.145+0000] {logging_mixin.py:190} INFO - [2025-04-03T13:50:10.145+0000] {dag.py:4180} INFO - Setting next_dagrun for example_display_name to None, run_after=None
[2025-04-03T13:50:10.182+0000] {processor.py:208} INFO - Processing /home/hamza/Documents/project/Mlops/myenv/lib/python3.12/site-packages/airflow/example_dags/example_display_name.py took 0.113 seconds
[2025-04-03T13:51:45.988+0000] {processor.py:186} INFO - Started process (PID=104452) to work on /home/hamza/Documents/project/Mlops/myenv/lib/python3.12/site-packages/airflow/example_dags/example_display_name.py
[2025-04-03T13:51:45.991+0000] {processor.py:914} INFO - Processing file /home/hamza/Documents/project/Mlops/myenv/lib/python3.12/site-packages/airflow/example_dags/example_display_name.py for tasks to queue
[2025-04-03T13:51:45.995+0000] {logging_mixin.py:190} INFO - [2025-04-03T13:51:45.994+0000] {dagbag.py:588} INFO - Filling up the DagBag from /home/hamza/Documents/project/Mlops/myenv/lib/python3.12/site-packages/airflow/example_dags/example_display_name.py
[2025-04-03T13:51:46.008+0000] {processor.py:925} INFO - DAG(s) 'example_display_name' retrieved from /home/hamza/Documents/project/Mlops/myenv/lib/python3.12/site-packages/airflow/example_dags/example_display_name.py
[2025-04-03T13:51:46.034+0000] {logging_mixin.py:190} INFO - [2025-04-03T13:51:46.033+0000] {dag.py:3239} INFO - Sync 1 DAGs
[2025-04-03T13:51:46.055+0000] {logging_mixin.py:190} INFO - [2025-04-03T13:51:46.055+0000] {dag.py:4180} INFO - Setting next_dagrun for example_display_name to None, run_after=None
[2025-04-03T13:51:46.093+0000] {processor.py:208} INFO - Processing /home/hamza/Documents/project/Mlops/myenv/lib/python3.12/site-packages/airflow/example_dags/example_display_name.py took 0.114 seconds
[2025-04-03T13:53:29.637+0000] {processor.py:186} INFO - Started process (PID=105505) to work on /home/hamza/Documents/project/Mlops/myenv/lib/python3.12/site-packages/airflow/example_dags/example_display_name.py
[2025-04-03T13:53:29.638+0000] {processor.py:914} INFO - Processing file /home/hamza/Documents/project/Mlops/myenv/lib/python3.12/site-packages/airflow/example_dags/example_display_name.py for tasks to queue
[2025-04-03T13:53:29.643+0000] {logging_mixin.py:190} INFO - [2025-04-03T13:53:29.642+0000] {dagbag.py:588} INFO - Filling up the DagBag from /home/hamza/Documents/project/Mlops/myenv/lib/python3.12/site-packages/airflow/example_dags/example_display_name.py
[2025-04-03T13:53:29.658+0000] {processor.py:925} INFO - DAG(s) 'example_display_name' retrieved from /home/hamza/Documents/project/Mlops/myenv/lib/python3.12/site-packages/airflow/example_dags/example_display_name.py
[2025-04-03T13:53:29.689+0000] {logging_mixin.py:190} INFO - [2025-04-03T13:53:29.688+0000] {dag.py:3239} INFO - Sync 1 DAGs
[2025-04-03T13:53:29.713+0000] {logging_mixin.py:190} INFO - [2025-04-03T13:53:29.712+0000] {dag.py:4180} INFO - Setting next_dagrun for example_display_name to None, run_after=None
[2025-04-03T13:53:29.751+0000] {processor.py:208} INFO - Processing /home/hamza/Documents/project/Mlops/myenv/lib/python3.12/site-packages/airflow/example_dags/example_display_name.py took 0.125 seconds
[2025-04-03T13:59:44.903+0000] {processor.py:186} INFO - Started process (PID=110259) to work on /home/hamza/Documents/project/Mlops/myenv/lib/python3.12/site-packages/airflow/example_dags/example_display_name.py
[2025-04-03T13:59:44.904+0000] {processor.py:914} INFO - Processing file /home/hamza/Documents/project/Mlops/myenv/lib/python3.12/site-packages/airflow/example_dags/example_display_name.py for tasks to queue
[2025-04-03T13:59:44.908+0000] {logging_mixin.py:190} INFO - [2025-04-03T13:59:44.907+0000] {dagbag.py:588} INFO - Filling up the DagBag from /home/hamza/Documents/project/Mlops/myenv/lib/python3.12/site-packages/airflow/example_dags/example_display_name.py
[2025-04-03T13:59:44.925+0000] {processor.py:925} INFO - DAG(s) 'example_display_name' retrieved from /home/hamza/Documents/project/Mlops/myenv/lib/python3.12/site-packages/airflow/example_dags/example_display_name.py
[2025-04-03T13:59:44.953+0000] {logging_mixin.py:190} INFO - [2025-04-03T13:59:44.952+0000] {dag.py:3239} INFO - Sync 1 DAGs
[2025-04-03T13:59:44.977+0000] {logging_mixin.py:190} INFO - [2025-04-03T13:59:44.977+0000] {dag.py:4180} INFO - Setting next_dagrun for example_display_name to None, run_after=None
[2025-04-03T13:59:45.020+0000] {processor.py:208} INFO - Processing /home/hamza/Documents/project/Mlops/myenv/lib/python3.12/site-packages/airflow/example_dags/example_display_name.py took 0.126 seconds
[2025-04-03T14:10:31.409+0000] {processor.py:186} INFO - Started process (PID=118270) to work on /home/hamza/Documents/project/Mlops/myenv/lib/python3.12/site-packages/airflow/example_dags/example_display_name.py
[2025-04-03T14:10:31.411+0000] {processor.py:914} INFO - Processing file /home/hamza/Documents/project/Mlops/myenv/lib/python3.12/site-packages/airflow/example_dags/example_display_name.py for tasks to queue
[2025-04-03T14:10:31.413+0000] {logging_mixin.py:190} INFO - [2025-04-03T14:10:31.412+0000] {dagbag.py:588} INFO - Filling up the DagBag from /home/hamza/Documents/project/Mlops/myenv/lib/python3.12/site-packages/airflow/example_dags/example_display_name.py
[2025-04-03T14:10:31.422+0000] {processor.py:925} INFO - DAG(s) 'example_display_name' retrieved from /home/hamza/Documents/project/Mlops/myenv/lib/python3.12/site-packages/airflow/example_dags/example_display_name.py
[2025-04-03T14:10:31.448+0000] {logging_mixin.py:190} INFO - [2025-04-03T14:10:31.447+0000] {dag.py:3239} INFO - Sync 1 DAGs
[2025-04-03T14:10:31.465+0000] {logging_mixin.py:190} INFO - [2025-04-03T14:10:31.465+0000] {dag.py:4180} INFO - Setting next_dagrun for example_display_name to None, run_after=None
[2025-04-03T14:10:31.496+0000] {processor.py:208} INFO - Processing /home/hamza/Documents/project/Mlops/myenv/lib/python3.12/site-packages/airflow/example_dags/example_display_name.py took 0.096 seconds
[2025-04-03T14:12:09.233+0000] {processor.py:186} INFO - Started process (PID=119139) to work on /home/hamza/Documents/project/Mlops/myenv/lib/python3.12/site-packages/airflow/example_dags/example_display_name.py
[2025-04-03T14:12:09.235+0000] {processor.py:914} INFO - Processing file /home/hamza/Documents/project/Mlops/myenv/lib/python3.12/site-packages/airflow/example_dags/example_display_name.py for tasks to queue
[2025-04-03T14:12:09.237+0000] {logging_mixin.py:190} INFO - [2025-04-03T14:12:09.236+0000] {dagbag.py:588} INFO - Filling up the DagBag from /home/hamza/Documents/project/Mlops/myenv/lib/python3.12/site-packages/airflow/example_dags/example_display_name.py
[2025-04-03T14:12:09.248+0000] {processor.py:925} INFO - DAG(s) 'example_display_name' retrieved from /home/hamza/Documents/project/Mlops/myenv/lib/python3.12/site-packages/airflow/example_dags/example_display_name.py
[2025-04-03T14:12:09.273+0000] {logging_mixin.py:190} INFO - [2025-04-03T14:12:09.273+0000] {dag.py:3239} INFO - Sync 1 DAGs
[2025-04-03T14:12:09.291+0000] {logging_mixin.py:190} INFO - [2025-04-03T14:12:09.291+0000] {dag.py:4180} INFO - Setting next_dagrun for example_display_name to None, run_after=None
[2025-04-03T14:12:09.325+0000] {processor.py:208} INFO - Processing /home/hamza/Documents/project/Mlops/myenv/lib/python3.12/site-packages/airflow/example_dags/example_display_name.py took 0.103 seconds
[2025-04-03T14:19:11.143+0000] {processor.py:186} INFO - Started process (PID=122649) to work on /home/hamza/Documents/project/Mlops/myenv/lib/python3.12/site-packages/airflow/example_dags/example_display_name.py
[2025-04-03T14:19:11.144+0000] {processor.py:914} INFO - Processing file /home/hamza/Documents/project/Mlops/myenv/lib/python3.12/site-packages/airflow/example_dags/example_display_name.py for tasks to queue
[2025-04-03T14:19:11.146+0000] {logging_mixin.py:190} INFO - [2025-04-03T14:19:11.146+0000] {dagbag.py:588} INFO - Filling up the DagBag from /home/hamza/Documents/project/Mlops/myenv/lib/python3.12/site-packages/airflow/example_dags/example_display_name.py
[2025-04-03T14:19:11.158+0000] {processor.py:925} INFO - DAG(s) 'example_display_name' retrieved from /home/hamza/Documents/project/Mlops/myenv/lib/python3.12/site-packages/airflow/example_dags/example_display_name.py
[2025-04-03T14:19:11.191+0000] {logging_mixin.py:190} INFO - [2025-04-03T14:19:11.190+0000] {dag.py:3239} INFO - Sync 1 DAGs
[2025-04-03T14:19:11.211+0000] {logging_mixin.py:190} INFO - [2025-04-03T14:19:11.210+0000] {dag.py:4180} INFO - Setting next_dagrun for example_display_name to None, run_after=None
[2025-04-03T14:19:11.252+0000] {processor.py:208} INFO - Processing /home/hamza/Documents/project/Mlops/myenv/lib/python3.12/site-packages/airflow/example_dags/example_display_name.py took 0.122 seconds
[2025-04-03T15:08:42.393+0000] {processor.py:186} INFO - Started process (PID=36336) to work on /home/hamza/Documents/project/Mlops/myenv/lib/python3.12/site-packages/airflow/example_dags/example_display_name.py
[2025-04-03T15:08:42.395+0000] {processor.py:914} INFO - Processing file /home/hamza/Documents/project/Mlops/myenv/lib/python3.12/site-packages/airflow/example_dags/example_display_name.py for tasks to queue
[2025-04-03T15:08:42.399+0000] {logging_mixin.py:190} INFO - [2025-04-03T15:08:42.399+0000] {dagbag.py:588} INFO - Filling up the DagBag from /home/hamza/Documents/project/Mlops/myenv/lib/python3.12/site-packages/airflow/example_dags/example_display_name.py
[2025-04-03T15:08:42.415+0000] {processor.py:925} INFO - DAG(s) 'example_display_name' retrieved from /home/hamza/Documents/project/Mlops/myenv/lib/python3.12/site-packages/airflow/example_dags/example_display_name.py
[2025-04-03T15:08:42.444+0000] {logging_mixin.py:190} INFO - [2025-04-03T15:08:42.443+0000] {dag.py:3239} INFO - Sync 1 DAGs
[2025-04-03T15:08:42.467+0000] {logging_mixin.py:190} INFO - [2025-04-03T15:08:42.466+0000] {dag.py:4180} INFO - Setting next_dagrun for example_display_name to None, run_after=None
[2025-04-03T15:08:42.501+0000] {processor.py:208} INFO - Processing /home/hamza/Documents/project/Mlops/myenv/lib/python3.12/site-packages/airflow/example_dags/example_display_name.py took 0.116 seconds
[2025-04-03T15:10:11.759+0000] {processor.py:186} INFO - Started process (PID=37245) to work on /home/hamza/Documents/project/Mlops/myenv/lib/python3.12/site-packages/airflow/example_dags/example_display_name.py
[2025-04-03T15:10:11.761+0000] {processor.py:914} INFO - Processing file /home/hamza/Documents/project/Mlops/myenv/lib/python3.12/site-packages/airflow/example_dags/example_display_name.py for tasks to queue
[2025-04-03T15:10:11.764+0000] {logging_mixin.py:190} INFO - [2025-04-03T15:10:11.764+0000] {dagbag.py:588} INFO - Filling up the DagBag from /home/hamza/Documents/project/Mlops/myenv/lib/python3.12/site-packages/airflow/example_dags/example_display_name.py
[2025-04-03T15:10:11.781+0000] {processor.py:925} INFO - DAG(s) 'example_display_name' retrieved from /home/hamza/Documents/project/Mlops/myenv/lib/python3.12/site-packages/airflow/example_dags/example_display_name.py
[2025-04-03T15:10:11.814+0000] {logging_mixin.py:190} INFO - [2025-04-03T15:10:11.814+0000] {dag.py:3239} INFO - Sync 1 DAGs
[2025-04-03T15:10:11.835+0000] {logging_mixin.py:190} INFO - [2025-04-03T15:10:11.834+0000] {dag.py:4180} INFO - Setting next_dagrun for example_display_name to None, run_after=None
[2025-04-03T15:10:11.869+0000] {processor.py:208} INFO - Processing /home/hamza/Documents/project/Mlops/myenv/lib/python3.12/site-packages/airflow/example_dags/example_display_name.py took 0.118 seconds
[2025-04-03T15:11:40.457+0000] {processor.py:186} INFO - Started process (PID=38032) to work on /home/hamza/Documents/project/Mlops/myenv/lib/python3.12/site-packages/airflow/example_dags/example_display_name.py
[2025-04-03T15:11:40.459+0000] {processor.py:914} INFO - Processing file /home/hamza/Documents/project/Mlops/myenv/lib/python3.12/site-packages/airflow/example_dags/example_display_name.py for tasks to queue
[2025-04-03T15:11:40.463+0000] {logging_mixin.py:190} INFO - [2025-04-03T15:11:40.462+0000] {dagbag.py:588} INFO - Filling up the DagBag from /home/hamza/Documents/project/Mlops/myenv/lib/python3.12/site-packages/airflow/example_dags/example_display_name.py
[2025-04-03T15:11:40.477+0000] {processor.py:925} INFO - DAG(s) 'example_display_name' retrieved from /home/hamza/Documents/project/Mlops/myenv/lib/python3.12/site-packages/airflow/example_dags/example_display_name.py
[2025-04-03T15:11:40.503+0000] {logging_mixin.py:190} INFO - [2025-04-03T15:11:40.503+0000] {dag.py:3239} INFO - Sync 1 DAGs
[2025-04-03T15:11:40.524+0000] {logging_mixin.py:190} INFO - [2025-04-03T15:11:40.523+0000] {dag.py:4180} INFO - Setting next_dagrun for example_display_name to None, run_after=None
[2025-04-03T15:11:40.562+0000] {processor.py:208} INFO - Processing /home/hamza/Documents/project/Mlops/myenv/lib/python3.12/site-packages/airflow/example_dags/example_display_name.py took 0.114 seconds
[2025-04-03T15:13:16.730+0000] {processor.py:186} INFO - Started process (PID=38936) to work on /home/hamza/Documents/project/Mlops/myenv/lib/python3.12/site-packages/airflow/example_dags/example_display_name.py
[2025-04-03T15:13:16.732+0000] {processor.py:914} INFO - Processing file /home/hamza/Documents/project/Mlops/myenv/lib/python3.12/site-packages/airflow/example_dags/example_display_name.py for tasks to queue
[2025-04-03T15:13:16.735+0000] {logging_mixin.py:190} INFO - [2025-04-03T15:13:16.734+0000] {dagbag.py:588} INFO - Filling up the DagBag from /home/hamza/Documents/project/Mlops/myenv/lib/python3.12/site-packages/airflow/example_dags/example_display_name.py
[2025-04-03T15:13:16.748+0000] {processor.py:925} INFO - DAG(s) 'example_display_name' retrieved from /home/hamza/Documents/project/Mlops/myenv/lib/python3.12/site-packages/airflow/example_dags/example_display_name.py
[2025-04-03T15:13:16.773+0000] {logging_mixin.py:190} INFO - [2025-04-03T15:13:16.773+0000] {dag.py:3239} INFO - Sync 1 DAGs
[2025-04-03T15:13:16.798+0000] {logging_mixin.py:190} INFO - [2025-04-03T15:13:16.797+0000] {dag.py:4180} INFO - Setting next_dagrun for example_display_name to None, run_after=None
[2025-04-03T15:13:16.832+0000] {processor.py:208} INFO - Processing /home/hamza/Documents/project/Mlops/myenv/lib/python3.12/site-packages/airflow/example_dags/example_display_name.py took 0.110 seconds
[2025-04-03T15:14:50.735+0000] {processor.py:186} INFO - Started process (PID=39799) to work on /home/hamza/Documents/project/Mlops/myenv/lib/python3.12/site-packages/airflow/example_dags/example_display_name.py
[2025-04-03T15:14:50.738+0000] {processor.py:914} INFO - Processing file /home/hamza/Documents/project/Mlops/myenv/lib/python3.12/site-packages/airflow/example_dags/example_display_name.py for tasks to queue
[2025-04-03T15:14:50.741+0000] {logging_mixin.py:190} INFO - [2025-04-03T15:14:50.741+0000] {dagbag.py:588} INFO - Filling up the DagBag from /home/hamza/Documents/project/Mlops/myenv/lib/python3.12/site-packages/airflow/example_dags/example_display_name.py
[2025-04-03T15:14:50.755+0000] {processor.py:925} INFO - DAG(s) 'example_display_name' retrieved from /home/hamza/Documents/project/Mlops/myenv/lib/python3.12/site-packages/airflow/example_dags/example_display_name.py
[2025-04-03T15:14:50.780+0000] {logging_mixin.py:190} INFO - [2025-04-03T15:14:50.779+0000] {dag.py:3239} INFO - Sync 1 DAGs
[2025-04-03T15:14:50.799+0000] {logging_mixin.py:190} INFO - [2025-04-03T15:14:50.799+0000] {dag.py:4180} INFO - Setting next_dagrun for example_display_name to None, run_after=None
[2025-04-03T15:14:50.831+0000] {processor.py:208} INFO - Processing /home/hamza/Documents/project/Mlops/myenv/lib/python3.12/site-packages/airflow/example_dags/example_display_name.py took 0.105 seconds
[2025-04-03T15:16:29.856+0000] {processor.py:186} INFO - Started process (PID=40815) to work on /home/hamza/Documents/project/Mlops/myenv/lib/python3.12/site-packages/airflow/example_dags/example_display_name.py
[2025-04-03T15:16:29.859+0000] {processor.py:914} INFO - Processing file /home/hamza/Documents/project/Mlops/myenv/lib/python3.12/site-packages/airflow/example_dags/example_display_name.py for tasks to queue
[2025-04-03T15:16:29.863+0000] {logging_mixin.py:190} INFO - [2025-04-03T15:16:29.862+0000] {dagbag.py:588} INFO - Filling up the DagBag from /home/hamza/Documents/project/Mlops/myenv/lib/python3.12/site-packages/airflow/example_dags/example_display_name.py
[2025-04-03T15:16:29.877+0000] {processor.py:925} INFO - DAG(s) 'example_display_name' retrieved from /home/hamza/Documents/project/Mlops/myenv/lib/python3.12/site-packages/airflow/example_dags/example_display_name.py
[2025-04-03T15:16:29.901+0000] {logging_mixin.py:190} INFO - [2025-04-03T15:16:29.901+0000] {dag.py:3239} INFO - Sync 1 DAGs
[2025-04-03T15:16:29.920+0000] {logging_mixin.py:190} INFO - [2025-04-03T15:16:29.920+0000] {dag.py:4180} INFO - Setting next_dagrun for example_display_name to None, run_after=None
[2025-04-03T15:16:29.953+0000] {processor.py:208} INFO - Processing /home/hamza/Documents/project/Mlops/myenv/lib/python3.12/site-packages/airflow/example_dags/example_display_name.py took 0.107 seconds
[2025-04-03T15:18:09.272+0000] {processor.py:186} INFO - Started process (PID=41872) to work on /home/hamza/Documents/project/Mlops/myenv/lib/python3.12/site-packages/airflow/example_dags/example_display_name.py
[2025-04-03T15:18:09.274+0000] {processor.py:914} INFO - Processing file /home/hamza/Documents/project/Mlops/myenv/lib/python3.12/site-packages/airflow/example_dags/example_display_name.py for tasks to queue
[2025-04-03T15:18:09.277+0000] {logging_mixin.py:190} INFO - [2025-04-03T15:18:09.277+0000] {dagbag.py:588} INFO - Filling up the DagBag from /home/hamza/Documents/project/Mlops/myenv/lib/python3.12/site-packages/airflow/example_dags/example_display_name.py
[2025-04-03T15:18:09.290+0000] {processor.py:925} INFO - DAG(s) 'example_display_name' retrieved from /home/hamza/Documents/project/Mlops/myenv/lib/python3.12/site-packages/airflow/example_dags/example_display_name.py
[2025-04-03T15:18:09.315+0000] {logging_mixin.py:190} INFO - [2025-04-03T15:18:09.315+0000] {dag.py:3239} INFO - Sync 1 DAGs
[2025-04-03T15:18:09.335+0000] {logging_mixin.py:190} INFO - [2025-04-03T15:18:09.335+0000] {dag.py:4180} INFO - Setting next_dagrun for example_display_name to None, run_after=None
[2025-04-03T15:18:09.368+0000] {processor.py:208} INFO - Processing /home/hamza/Documents/project/Mlops/myenv/lib/python3.12/site-packages/airflow/example_dags/example_display_name.py took 0.106 seconds
[2025-04-03T15:19:40.404+0000] {processor.py:186} INFO - Started process (PID=42872) to work on /home/hamza/Documents/project/Mlops/myenv/lib/python3.12/site-packages/airflow/example_dags/example_display_name.py
[2025-04-03T15:19:40.407+0000] {processor.py:914} INFO - Processing file /home/hamza/Documents/project/Mlops/myenv/lib/python3.12/site-packages/airflow/example_dags/example_display_name.py for tasks to queue
[2025-04-03T15:19:40.410+0000] {logging_mixin.py:190} INFO - [2025-04-03T15:19:40.410+0000] {dagbag.py:588} INFO - Filling up the DagBag from /home/hamza/Documents/project/Mlops/myenv/lib/python3.12/site-packages/airflow/example_dags/example_display_name.py
[2025-04-03T15:19:40.423+0000] {processor.py:925} INFO - DAG(s) 'example_display_name' retrieved from /home/hamza/Documents/project/Mlops/myenv/lib/python3.12/site-packages/airflow/example_dags/example_display_name.py
[2025-04-03T15:19:40.447+0000] {logging_mixin.py:190} INFO - [2025-04-03T15:19:40.446+0000] {dag.py:3239} INFO - Sync 1 DAGs
[2025-04-03T15:19:40.469+0000] {logging_mixin.py:190} INFO - [2025-04-03T15:19:40.468+0000] {dag.py:4180} INFO - Setting next_dagrun for example_display_name to None, run_after=None
[2025-04-03T15:19:40.504+0000] {processor.py:208} INFO - Processing /home/hamza/Documents/project/Mlops/myenv/lib/python3.12/site-packages/airflow/example_dags/example_display_name.py took 0.109 seconds
[2025-04-03T15:21:09.599+0000] {processor.py:186} INFO - Started process (PID=43742) to work on /home/hamza/Documents/project/Mlops/myenv/lib/python3.12/site-packages/airflow/example_dags/example_display_name.py
[2025-04-03T15:21:09.601+0000] {processor.py:914} INFO - Processing file /home/hamza/Documents/project/Mlops/myenv/lib/python3.12/site-packages/airflow/example_dags/example_display_name.py for tasks to queue
[2025-04-03T15:21:09.605+0000] {logging_mixin.py:190} INFO - [2025-04-03T15:21:09.604+0000] {dagbag.py:588} INFO - Filling up the DagBag from /home/hamza/Documents/project/Mlops/myenv/lib/python3.12/site-packages/airflow/example_dags/example_display_name.py
[2025-04-03T15:21:09.618+0000] {processor.py:925} INFO - DAG(s) 'example_display_name' retrieved from /home/hamza/Documents/project/Mlops/myenv/lib/python3.12/site-packages/airflow/example_dags/example_display_name.py
[2025-04-03T15:21:09.642+0000] {logging_mixin.py:190} INFO - [2025-04-03T15:21:09.642+0000] {dag.py:3239} INFO - Sync 1 DAGs
[2025-04-03T15:21:09.662+0000] {logging_mixin.py:190} INFO - [2025-04-03T15:21:09.662+0000] {dag.py:4180} INFO - Setting next_dagrun for example_display_name to None, run_after=None
[2025-04-03T15:21:09.695+0000] {processor.py:208} INFO - Processing /home/hamza/Documents/project/Mlops/myenv/lib/python3.12/site-packages/airflow/example_dags/example_display_name.py took 0.105 seconds
[2025-04-03T15:22:47.066+0000] {processor.py:186} INFO - Started process (PID=44662) to work on /home/hamza/Documents/project/Mlops/myenv/lib/python3.12/site-packages/airflow/example_dags/example_display_name.py
[2025-04-03T15:22:47.068+0000] {processor.py:914} INFO - Processing file /home/hamza/Documents/project/Mlops/myenv/lib/python3.12/site-packages/airflow/example_dags/example_display_name.py for tasks to queue
[2025-04-03T15:22:47.072+0000] {logging_mixin.py:190} INFO - [2025-04-03T15:22:47.071+0000] {dagbag.py:588} INFO - Filling up the DagBag from /home/hamza/Documents/project/Mlops/myenv/lib/python3.12/site-packages/airflow/example_dags/example_display_name.py
[2025-04-03T15:22:47.086+0000] {processor.py:925} INFO - DAG(s) 'example_display_name' retrieved from /home/hamza/Documents/project/Mlops/myenv/lib/python3.12/site-packages/airflow/example_dags/example_display_name.py
[2025-04-03T15:22:47.111+0000] {logging_mixin.py:190} INFO - [2025-04-03T15:22:47.111+0000] {dag.py:3239} INFO - Sync 1 DAGs
[2025-04-03T15:22:47.133+0000] {logging_mixin.py:190} INFO - [2025-04-03T15:22:47.132+0000] {dag.py:4180} INFO - Setting next_dagrun for example_display_name to None, run_after=None
[2025-04-03T15:22:47.165+0000] {processor.py:208} INFO - Processing /home/hamza/Documents/project/Mlops/myenv/lib/python3.12/site-packages/airflow/example_dags/example_display_name.py took 0.108 seconds
[2025-04-03T15:24:23.245+0000] {processor.py:186} INFO - Started process (PID=45634) to work on /home/hamza/Documents/project/Mlops/myenv/lib/python3.12/site-packages/airflow/example_dags/example_display_name.py
[2025-04-03T15:24:23.247+0000] {processor.py:914} INFO - Processing file /home/hamza/Documents/project/Mlops/myenv/lib/python3.12/site-packages/airflow/example_dags/example_display_name.py for tasks to queue
[2025-04-03T15:24:23.251+0000] {logging_mixin.py:190} INFO - [2025-04-03T15:24:23.250+0000] {dagbag.py:588} INFO - Filling up the DagBag from /home/hamza/Documents/project/Mlops/myenv/lib/python3.12/site-packages/airflow/example_dags/example_display_name.py
[2025-04-03T15:24:23.267+0000] {processor.py:925} INFO - DAG(s) 'example_display_name' retrieved from /home/hamza/Documents/project/Mlops/myenv/lib/python3.12/site-packages/airflow/example_dags/example_display_name.py
[2025-04-03T15:24:23.292+0000] {logging_mixin.py:190} INFO - [2025-04-03T15:24:23.292+0000] {dag.py:3239} INFO - Sync 1 DAGs
[2025-04-03T15:24:23.314+0000] {logging_mixin.py:190} INFO - [2025-04-03T15:24:23.314+0000] {dag.py:4180} INFO - Setting next_dagrun for example_display_name to None, run_after=None
[2025-04-03T15:24:23.351+0000] {processor.py:208} INFO - Processing /home/hamza/Documents/project/Mlops/myenv/lib/python3.12/site-packages/airflow/example_dags/example_display_name.py took 0.115 seconds
[2025-04-03T15:25:53.019+0000] {processor.py:186} INFO - Started process (PID=46506) to work on /home/hamza/Documents/project/Mlops/myenv/lib/python3.12/site-packages/airflow/example_dags/example_display_name.py
[2025-04-03T15:25:53.021+0000] {processor.py:914} INFO - Processing file /home/hamza/Documents/project/Mlops/myenv/lib/python3.12/site-packages/airflow/example_dags/example_display_name.py for tasks to queue
[2025-04-03T15:25:53.025+0000] {logging_mixin.py:190} INFO - [2025-04-03T15:25:53.025+0000] {dagbag.py:588} INFO - Filling up the DagBag from /home/hamza/Documents/project/Mlops/myenv/lib/python3.12/site-packages/airflow/example_dags/example_display_name.py
[2025-04-03T15:25:53.039+0000] {processor.py:925} INFO - DAG(s) 'example_display_name' retrieved from /home/hamza/Documents/project/Mlops/myenv/lib/python3.12/site-packages/airflow/example_dags/example_display_name.py
[2025-04-03T15:25:53.063+0000] {logging_mixin.py:190} INFO - [2025-04-03T15:25:53.063+0000] {dag.py:3239} INFO - Sync 1 DAGs
[2025-04-03T15:25:53.084+0000] {logging_mixin.py:190} INFO - [2025-04-03T15:25:53.084+0000] {dag.py:4180} INFO - Setting next_dagrun for example_display_name to None, run_after=None
[2025-04-03T15:25:53.117+0000] {processor.py:208} INFO - Processing /home/hamza/Documents/project/Mlops/myenv/lib/python3.12/site-packages/airflow/example_dags/example_display_name.py took 0.106 seconds
