[2025-04-03T13:43:50.591+0000] {processor.py:186} INFO - Started process (PID=98564) to work on /home/hamza/Documents/project/Mlops/myenv/lib/python3.12/site-packages/airflow/example_dags/example_latest_only_with_trigger.py
[2025-04-03T13:43:50.593+0000] {processor.py:914} INFO - Processing file /home/hamza/Documents/project/Mlops/myenv/lib/python3.12/site-packages/airflow/example_dags/example_latest_only_with_trigger.py for tasks to queue
[2025-04-03T13:43:50.597+0000] {logging_mixin.py:190} INFO - [2025-04-03T13:43:50.597+0000] {dagbag.py:588} INFO - Filling up the DagBag from /home/hamza/Documents/project/Mlops/myenv/lib/python3.12/site-packages/airflow/example_dags/example_latest_only_with_trigger.py
[2025-04-03T13:43:50.615+0000] {processor.py:925} INFO - DAG(s) 'latest_only_with_trigger' retrieved from /home/hamza/Documents/project/Mlops/myenv/lib/python3.12/site-packages/airflow/example_dags/example_latest_only_with_trigger.py
[2025-04-03T13:43:50.815+0000] {logging_mixin.py:190} INFO - [2025-04-03T13:43:50.814+0000] {override.py:1930} INFO - Created Permission View: can delete on DAG:latest_only_with_trigger
[2025-04-03T13:43:50.840+0000] {logging_mixin.py:190} INFO - [2025-04-03T13:43:50.838+0000] {override.py:1930} INFO - Created Permission View: can read on DAG:latest_only_with_trigger
[2025-04-03T13:43:50.857+0000] {logging_mixin.py:190} INFO - [2025-04-03T13:43:50.857+0000] {override.py:1930} INFO - Created Permission View: can edit on DAG:latest_only_with_trigger
[2025-04-03T13:43:50.884+0000] {logging_mixin.py:190} INFO - [2025-04-03T13:43:50.883+0000] {override.py:1930} INFO - Created Permission View: can delete on DAG Run:latest_only_with_trigger
[2025-04-03T13:43:50.899+0000] {logging_mixin.py:190} INFO - [2025-04-03T13:43:50.898+0000] {override.py:1930} INFO - Created Permission View: can read on DAG Run:latest_only_with_trigger
[2025-04-03T13:43:50.918+0000] {logging_mixin.py:190} INFO - [2025-04-03T13:43:50.917+0000] {override.py:1930} INFO - Created Permission View: menu access on DAG Run:latest_only_with_trigger
[2025-04-03T13:43:50.938+0000] {logging_mixin.py:190} INFO - [2025-04-03T13:43:50.937+0000] {override.py:1930} INFO - Created Permission View: can create on DAG Run:latest_only_with_trigger
[2025-04-03T13:43:50.939+0000] {logging_mixin.py:190} INFO - [2025-04-03T13:43:50.938+0000] {dag.py:3239} INFO - Sync 1 DAGs
[2025-04-03T13:43:50.968+0000] {logging_mixin.py:190} INFO - [2025-04-03T13:43:50.967+0000] {dag.py:3262} INFO - Creating ORM DAG for latest_only_with_trigger
[2025-04-03T13:43:50.984+0000] {logging_mixin.py:190} INFO - [2025-04-03T13:43:50.984+0000] {dag.py:4180} INFO - Setting next_dagrun for latest_only_with_trigger to 2025-04-03 08:00:00+00:00, run_after=2025-04-03 12:00:00+00:00
[2025-04-03T13:43:51.027+0000] {processor.py:208} INFO - Processing /home/hamza/Documents/project/Mlops/myenv/lib/python3.12/site-packages/airflow/example_dags/example_latest_only_with_trigger.py took 0.446 seconds
[2025-04-03T13:45:01.222+0000] {processor.py:186} INFO - Started process (PID=99588) to work on /home/hamza/Documents/project/Mlops/myenv/lib/python3.12/site-packages/airflow/example_dags/example_latest_only_with_trigger.py
[2025-04-03T13:45:01.228+0000] {processor.py:914} INFO - Processing file /home/hamza/Documents/project/Mlops/myenv/lib/python3.12/site-packages/airflow/example_dags/example_latest_only_with_trigger.py for tasks to queue
[2025-04-03T13:45:01.231+0000] {logging_mixin.py:190} INFO - [2025-04-03T13:45:01.231+0000] {dagbag.py:588} INFO - Filling up the DagBag from /home/hamza/Documents/project/Mlops/myenv/lib/python3.12/site-packages/airflow/example_dags/example_latest_only_with_trigger.py
[2025-04-03T13:45:01.245+0000] {processor.py:925} INFO - DAG(s) 'latest_only_with_trigger' retrieved from /home/hamza/Documents/project/Mlops/myenv/lib/python3.12/site-packages/airflow/example_dags/example_latest_only_with_trigger.py
[2025-04-03T13:45:01.273+0000] {logging_mixin.py:190} INFO - [2025-04-03T13:45:01.272+0000] {dag.py:3239} INFO - Sync 1 DAGs
[2025-04-03T13:45:01.305+0000] {logging_mixin.py:190} INFO - [2025-04-03T13:45:01.305+0000] {dag.py:4180} INFO - Setting next_dagrun for latest_only_with_trigger to 2025-04-03 08:00:00+00:00, run_after=2025-04-03 12:00:00+00:00
[2025-04-03T13:45:01.346+0000] {processor.py:208} INFO - Processing /home/hamza/Documents/project/Mlops/myenv/lib/python3.12/site-packages/airflow/example_dags/example_latest_only_with_trigger.py took 0.133 seconds
[2025-04-03T13:46:07.483+0000] {processor.py:186} INFO - Started process (PID=100156) to work on /home/hamza/Documents/project/Mlops/myenv/lib/python3.12/site-packages/airflow/example_dags/example_latest_only_with_trigger.py
[2025-04-03T13:46:07.486+0000] {processor.py:914} INFO - Processing file /home/hamza/Documents/project/Mlops/myenv/lib/python3.12/site-packages/airflow/example_dags/example_latest_only_with_trigger.py for tasks to queue
[2025-04-03T13:46:07.490+0000] {logging_mixin.py:190} INFO - [2025-04-03T13:46:07.489+0000] {dagbag.py:588} INFO - Filling up the DagBag from /home/hamza/Documents/project/Mlops/myenv/lib/python3.12/site-packages/airflow/example_dags/example_latest_only_with_trigger.py
[2025-04-03T13:46:07.503+0000] {processor.py:925} INFO - DAG(s) 'latest_only_with_trigger' retrieved from /home/hamza/Documents/project/Mlops/myenv/lib/python3.12/site-packages/airflow/example_dags/example_latest_only_with_trigger.py
[2025-04-03T13:46:07.531+0000] {logging_mixin.py:190} INFO - [2025-04-03T13:46:07.531+0000] {dag.py:3239} INFO - Sync 1 DAGs
[2025-04-03T13:46:07.566+0000] {logging_mixin.py:190} INFO - [2025-04-03T13:46:07.566+0000] {dag.py:4180} INFO - Setting next_dagrun for latest_only_with_trigger to 2025-04-03 08:00:00+00:00, run_after=2025-04-03 12:00:00+00:00
[2025-04-03T13:46:07.602+0000] {processor.py:208} INFO - Processing /home/hamza/Documents/project/Mlops/myenv/lib/python3.12/site-packages/airflow/example_dags/example_latest_only_with_trigger.py took 0.129 seconds
[2025-04-03T13:47:15.417+0000] {processor.py:186} INFO - Started process (PID=100924) to work on /home/hamza/Documents/project/Mlops/myenv/lib/python3.12/site-packages/airflow/example_dags/example_latest_only_with_trigger.py
[2025-04-03T13:47:15.420+0000] {processor.py:914} INFO - Processing file /home/hamza/Documents/project/Mlops/myenv/lib/python3.12/site-packages/airflow/example_dags/example_latest_only_with_trigger.py for tasks to queue
[2025-04-03T13:47:15.423+0000] {logging_mixin.py:190} INFO - [2025-04-03T13:47:15.422+0000] {dagbag.py:588} INFO - Filling up the DagBag from /home/hamza/Documents/project/Mlops/myenv/lib/python3.12/site-packages/airflow/example_dags/example_latest_only_with_trigger.py
[2025-04-03T13:47:15.436+0000] {processor.py:925} INFO - DAG(s) 'latest_only_with_trigger' retrieved from /home/hamza/Documents/project/Mlops/myenv/lib/python3.12/site-packages/airflow/example_dags/example_latest_only_with_trigger.py
[2025-04-03T13:47:15.466+0000] {logging_mixin.py:190} INFO - [2025-04-03T13:47:15.466+0000] {dag.py:3239} INFO - Sync 1 DAGs
[2025-04-03T13:47:15.503+0000] {logging_mixin.py:190} INFO - [2025-04-03T13:47:15.502+0000] {dag.py:4180} INFO - Setting next_dagrun for latest_only_with_trigger to 2025-04-03 08:00:00+00:00, run_after=2025-04-03 12:00:00+00:00
[2025-04-03T13:47:15.541+0000] {processor.py:208} INFO - Processing /home/hamza/Documents/project/Mlops/myenv/lib/python3.12/site-packages/airflow/example_dags/example_latest_only_with_trigger.py took 0.133 seconds
[2025-04-03T13:48:23.406+0000] {processor.py:186} INFO - Started process (PID=101855) to work on /home/hamza/Documents/project/Mlops/myenv/lib/python3.12/site-packages/airflow/example_dags/example_latest_only_with_trigger.py
[2025-04-03T13:48:23.407+0000] {processor.py:914} INFO - Processing file /home/hamza/Documents/project/Mlops/myenv/lib/python3.12/site-packages/airflow/example_dags/example_latest_only_with_trigger.py for tasks to queue
[2025-04-03T13:48:23.412+0000] {logging_mixin.py:190} INFO - [2025-04-03T13:48:23.411+0000] {dagbag.py:588} INFO - Filling up the DagBag from /home/hamza/Documents/project/Mlops/myenv/lib/python3.12/site-packages/airflow/example_dags/example_latest_only_with_trigger.py
[2025-04-03T13:48:23.428+0000] {processor.py:925} INFO - DAG(s) 'latest_only_with_trigger' retrieved from /home/hamza/Documents/project/Mlops/myenv/lib/python3.12/site-packages/airflow/example_dags/example_latest_only_with_trigger.py
[2025-04-03T13:48:23.469+0000] {logging_mixin.py:190} INFO - [2025-04-03T13:48:23.468+0000] {dag.py:3239} INFO - Sync 1 DAGs
[2025-04-03T13:48:23.515+0000] {logging_mixin.py:190} INFO - [2025-04-03T13:48:23.514+0000] {dag.py:4180} INFO - Setting next_dagrun for latest_only_with_trigger to 2025-04-03 08:00:00+00:00, run_after=2025-04-03 12:00:00+00:00
[2025-04-03T13:48:23.562+0000] {processor.py:208} INFO - Processing /home/hamza/Documents/project/Mlops/myenv/lib/python3.12/site-packages/airflow/example_dags/example_latest_only_with_trigger.py took 0.168 seconds
[2025-04-03T13:49:59.967+0000] {processor.py:186} INFO - Started process (PID=103115) to work on /home/hamza/Documents/project/Mlops/myenv/lib/python3.12/site-packages/airflow/example_dags/example_latest_only_with_trigger.py
[2025-04-03T13:49:59.968+0000] {processor.py:914} INFO - Processing file /home/hamza/Documents/project/Mlops/myenv/lib/python3.12/site-packages/airflow/example_dags/example_latest_only_with_trigger.py for tasks to queue
[2025-04-03T13:49:59.973+0000] {logging_mixin.py:190} INFO - [2025-04-03T13:49:59.972+0000] {dagbag.py:588} INFO - Filling up the DagBag from /home/hamza/Documents/project/Mlops/myenv/lib/python3.12/site-packages/airflow/example_dags/example_latest_only_with_trigger.py
[2025-04-03T13:49:59.986+0000] {processor.py:925} INFO - DAG(s) 'latest_only_with_trigger' retrieved from /home/hamza/Documents/project/Mlops/myenv/lib/python3.12/site-packages/airflow/example_dags/example_latest_only_with_trigger.py
[2025-04-03T13:50:00.019+0000] {logging_mixin.py:190} INFO - [2025-04-03T13:50:00.018+0000] {dag.py:3239} INFO - Sync 1 DAGs
[2025-04-03T13:50:00.051+0000] {logging_mixin.py:190} INFO - [2025-04-03T13:50:00.051+0000] {dag.py:4180} INFO - Setting next_dagrun for latest_only_with_trigger to 2025-04-03 08:00:00+00:00, run_after=2025-04-03 12:00:00+00:00
[2025-04-03T13:50:00.089+0000] {processor.py:208} INFO - Processing /home/hamza/Documents/project/Mlops/myenv/lib/python3.12/site-packages/airflow/example_dags/example_latest_only_with_trigger.py took 0.132 seconds
[2025-04-03T13:51:35.709+0000] {processor.py:186} INFO - Started process (PID=104355) to work on /home/hamza/Documents/project/Mlops/myenv/lib/python3.12/site-packages/airflow/example_dags/example_latest_only_with_trigger.py
[2025-04-03T13:51:35.712+0000] {processor.py:914} INFO - Processing file /home/hamza/Documents/project/Mlops/myenv/lib/python3.12/site-packages/airflow/example_dags/example_latest_only_with_trigger.py for tasks to queue
[2025-04-03T13:51:35.716+0000] {logging_mixin.py:190} INFO - [2025-04-03T13:51:35.715+0000] {dagbag.py:588} INFO - Filling up the DagBag from /home/hamza/Documents/project/Mlops/myenv/lib/python3.12/site-packages/airflow/example_dags/example_latest_only_with_trigger.py
[2025-04-03T13:51:35.729+0000] {processor.py:925} INFO - DAG(s) 'latest_only_with_trigger' retrieved from /home/hamza/Documents/project/Mlops/myenv/lib/python3.12/site-packages/airflow/example_dags/example_latest_only_with_trigger.py
[2025-04-03T13:51:35.757+0000] {logging_mixin.py:190} INFO - [2025-04-03T13:51:35.756+0000] {dag.py:3239} INFO - Sync 1 DAGs
[2025-04-03T13:51:35.797+0000] {logging_mixin.py:190} INFO - [2025-04-03T13:51:35.796+0000] {dag.py:4180} INFO - Setting next_dagrun for latest_only_with_trigger to 2025-04-03 08:00:00+00:00, run_after=2025-04-03 12:00:00+00:00
[2025-04-03T13:51:35.834+0000] {processor.py:208} INFO - Processing /home/hamza/Documents/project/Mlops/myenv/lib/python3.12/site-packages/airflow/example_dags/example_latest_only_with_trigger.py took 0.134 seconds
[2025-04-03T13:53:19.257+0000] {processor.py:186} INFO - Started process (PID=105355) to work on /home/hamza/Documents/project/Mlops/myenv/lib/python3.12/site-packages/airflow/example_dags/example_latest_only_with_trigger.py
[2025-04-03T13:53:19.259+0000] {processor.py:914} INFO - Processing file /home/hamza/Documents/project/Mlops/myenv/lib/python3.12/site-packages/airflow/example_dags/example_latest_only_with_trigger.py for tasks to queue
[2025-04-03T13:53:19.264+0000] {logging_mixin.py:190} INFO - [2025-04-03T13:53:19.263+0000] {dagbag.py:588} INFO - Filling up the DagBag from /home/hamza/Documents/project/Mlops/myenv/lib/python3.12/site-packages/airflow/example_dags/example_latest_only_with_trigger.py
[2025-04-03T13:53:19.280+0000] {processor.py:925} INFO - DAG(s) 'latest_only_with_trigger' retrieved from /home/hamza/Documents/project/Mlops/myenv/lib/python3.12/site-packages/airflow/example_dags/example_latest_only_with_trigger.py
[2025-04-03T13:53:19.310+0000] {logging_mixin.py:190} INFO - [2025-04-03T13:53:19.309+0000] {dag.py:3239} INFO - Sync 1 DAGs
[2025-04-03T13:53:19.350+0000] {logging_mixin.py:190} INFO - [2025-04-03T13:53:19.350+0000] {dag.py:4180} INFO - Setting next_dagrun for latest_only_with_trigger to 2025-04-03 08:00:00+00:00, run_after=2025-04-03 12:00:00+00:00
[2025-04-03T13:53:19.389+0000] {processor.py:208} INFO - Processing /home/hamza/Documents/project/Mlops/myenv/lib/python3.12/site-packages/airflow/example_dags/example_latest_only_with_trigger.py took 0.143 seconds
[2025-04-03T13:59:32.664+0000] {processor.py:186} INFO - Started process (PID=110125) to work on /home/hamza/Documents/project/Mlops/myenv/lib/python3.12/site-packages/airflow/example_dags/example_latest_only_with_trigger.py
[2025-04-03T13:59:32.667+0000] {processor.py:914} INFO - Processing file /home/hamza/Documents/project/Mlops/myenv/lib/python3.12/site-packages/airflow/example_dags/example_latest_only_with_trigger.py for tasks to queue
[2025-04-03T13:59:32.671+0000] {logging_mixin.py:190} INFO - [2025-04-03T13:59:32.670+0000] {dagbag.py:588} INFO - Filling up the DagBag from /home/hamza/Documents/project/Mlops/myenv/lib/python3.12/site-packages/airflow/example_dags/example_latest_only_with_trigger.py
[2025-04-03T13:59:32.686+0000] {processor.py:925} INFO - DAG(s) 'latest_only_with_trigger' retrieved from /home/hamza/Documents/project/Mlops/myenv/lib/python3.12/site-packages/airflow/example_dags/example_latest_only_with_trigger.py
[2025-04-03T13:59:32.719+0000] {logging_mixin.py:190} INFO - [2025-04-03T13:59:32.718+0000] {dag.py:3239} INFO - Sync 1 DAGs
[2025-04-03T13:59:32.751+0000] {logging_mixin.py:190} INFO - [2025-04-03T13:59:32.751+0000] {dag.py:4180} INFO - Setting next_dagrun for latest_only_with_trigger to 2025-04-03 08:00:00+00:00, run_after=2025-04-03 12:00:00+00:00
[2025-04-03T13:59:32.787+0000] {processor.py:208} INFO - Processing /home/hamza/Documents/project/Mlops/myenv/lib/python3.12/site-packages/airflow/example_dags/example_latest_only_with_trigger.py took 0.131 seconds
[2025-04-03T14:10:22.044+0000] {processor.py:186} INFO - Started process (PID=118143) to work on /home/hamza/Documents/project/Mlops/myenv/lib/python3.12/site-packages/airflow/example_dags/example_latest_only_with_trigger.py
[2025-04-03T14:10:22.047+0000] {processor.py:914} INFO - Processing file /home/hamza/Documents/project/Mlops/myenv/lib/python3.12/site-packages/airflow/example_dags/example_latest_only_with_trigger.py for tasks to queue
[2025-04-03T14:10:22.049+0000] {logging_mixin.py:190} INFO - [2025-04-03T14:10:22.048+0000] {dagbag.py:588} INFO - Filling up the DagBag from /home/hamza/Documents/project/Mlops/myenv/lib/python3.12/site-packages/airflow/example_dags/example_latest_only_with_trigger.py
[2025-04-03T14:10:22.060+0000] {processor.py:925} INFO - DAG(s) 'latest_only_with_trigger' retrieved from /home/hamza/Documents/project/Mlops/myenv/lib/python3.12/site-packages/airflow/example_dags/example_latest_only_with_trigger.py
[2025-04-03T14:10:22.090+0000] {logging_mixin.py:190} INFO - [2025-04-03T14:10:22.090+0000] {dag.py:3239} INFO - Sync 1 DAGs
[2025-04-03T14:10:22.120+0000] {logging_mixin.py:190} INFO - [2025-04-03T14:10:22.120+0000] {dag.py:4180} INFO - Setting next_dagrun for latest_only_with_trigger to 2025-04-03 08:00:00+00:00, run_after=2025-04-03 12:00:00+00:00
[2025-04-03T14:10:22.152+0000] {processor.py:208} INFO - Processing /home/hamza/Documents/project/Mlops/myenv/lib/python3.12/site-packages/airflow/example_dags/example_latest_only_with_trigger.py took 0.117 seconds
[2025-04-03T14:11:57.541+0000] {processor.py:186} INFO - Started process (PID=119039) to work on /home/hamza/Documents/project/Mlops/myenv/lib/python3.12/site-packages/airflow/example_dags/example_latest_only_with_trigger.py
[2025-04-03T14:11:57.543+0000] {processor.py:914} INFO - Processing file /home/hamza/Documents/project/Mlops/myenv/lib/python3.12/site-packages/airflow/example_dags/example_latest_only_with_trigger.py for tasks to queue
[2025-04-03T14:11:57.545+0000] {logging_mixin.py:190} INFO - [2025-04-03T14:11:57.544+0000] {dagbag.py:588} INFO - Filling up the DagBag from /home/hamza/Documents/project/Mlops/myenv/lib/python3.12/site-packages/airflow/example_dags/example_latest_only_with_trigger.py
[2025-04-03T14:11:57.556+0000] {processor.py:925} INFO - DAG(s) 'latest_only_with_trigger' retrieved from /home/hamza/Documents/project/Mlops/myenv/lib/python3.12/site-packages/airflow/example_dags/example_latest_only_with_trigger.py
[2025-04-03T14:11:57.583+0000] {logging_mixin.py:190} INFO - [2025-04-03T14:11:57.583+0000] {dag.py:3239} INFO - Sync 1 DAGs
[2025-04-03T14:11:57.612+0000] {logging_mixin.py:190} INFO - [2025-04-03T14:11:57.611+0000] {dag.py:4180} INFO - Setting next_dagrun for latest_only_with_trigger to 2025-04-03 08:00:00+00:00, run_after=2025-04-03 12:00:00+00:00
[2025-04-03T14:11:57.644+0000] {processor.py:208} INFO - Processing /home/hamza/Documents/project/Mlops/myenv/lib/python3.12/site-packages/airflow/example_dags/example_latest_only_with_trigger.py took 0.112 seconds
[2025-04-03T14:19:01.180+0000] {processor.py:186} INFO - Started process (PID=122550) to work on /home/hamza/Documents/project/Mlops/myenv/lib/python3.12/site-packages/airflow/example_dags/example_latest_only_with_trigger.py
[2025-04-03T14:19:01.181+0000] {processor.py:914} INFO - Processing file /home/hamza/Documents/project/Mlops/myenv/lib/python3.12/site-packages/airflow/example_dags/example_latest_only_with_trigger.py for tasks to queue
[2025-04-03T14:19:01.184+0000] {logging_mixin.py:190} INFO - [2025-04-03T14:19:01.183+0000] {dagbag.py:588} INFO - Filling up the DagBag from /home/hamza/Documents/project/Mlops/myenv/lib/python3.12/site-packages/airflow/example_dags/example_latest_only_with_trigger.py
[2025-04-03T14:19:01.198+0000] {processor.py:925} INFO - DAG(s) 'latest_only_with_trigger' retrieved from /home/hamza/Documents/project/Mlops/myenv/lib/python3.12/site-packages/airflow/example_dags/example_latest_only_with_trigger.py
[2025-04-03T14:19:01.235+0000] {logging_mixin.py:190} INFO - [2025-04-03T14:19:01.234+0000] {dag.py:3239} INFO - Sync 1 DAGs
[2025-04-03T14:19:01.276+0000] {logging_mixin.py:190} INFO - [2025-04-03T14:19:01.276+0000] {dag.py:4180} INFO - Setting next_dagrun for latest_only_with_trigger to 2025-04-03 08:00:00+00:00, run_after=2025-04-03 12:00:00+00:00
[2025-04-03T14:19:01.313+0000] {processor.py:208} INFO - Processing /home/hamza/Documents/project/Mlops/myenv/lib/python3.12/site-packages/airflow/example_dags/example_latest_only_with_trigger.py took 0.145 seconds
[2025-04-03T15:08:32.428+0000] {processor.py:186} INFO - Started process (PID=36246) to work on /home/hamza/Documents/project/Mlops/myenv/lib/python3.12/site-packages/airflow/example_dags/example_latest_only_with_trigger.py
[2025-04-03T15:08:32.430+0000] {processor.py:914} INFO - Processing file /home/hamza/Documents/project/Mlops/myenv/lib/python3.12/site-packages/airflow/example_dags/example_latest_only_with_trigger.py for tasks to queue
[2025-04-03T15:08:32.434+0000] {logging_mixin.py:190} INFO - [2025-04-03T15:08:32.433+0000] {dagbag.py:588} INFO - Filling up the DagBag from /home/hamza/Documents/project/Mlops/myenv/lib/python3.12/site-packages/airflow/example_dags/example_latest_only_with_trigger.py
[2025-04-03T15:08:32.453+0000] {processor.py:925} INFO - DAG(s) 'latest_only_with_trigger' retrieved from /home/hamza/Documents/project/Mlops/myenv/lib/python3.12/site-packages/airflow/example_dags/example_latest_only_with_trigger.py
[2025-04-03T15:08:32.481+0000] {logging_mixin.py:190} INFO - [2025-04-03T15:08:32.481+0000] {dag.py:3239} INFO - Sync 1 DAGs
[2025-04-03T15:08:32.518+0000] {logging_mixin.py:190} INFO - [2025-04-03T15:08:32.517+0000] {dag.py:4180} INFO - Setting next_dagrun for latest_only_with_trigger to 2025-04-03 08:00:00+00:00, run_after=2025-04-03 12:00:00+00:00
[2025-04-03T15:08:32.558+0000] {processor.py:208} INFO - Processing /home/hamza/Documents/project/Mlops/myenv/lib/python3.12/site-packages/airflow/example_dags/example_latest_only_with_trigger.py took 0.140 seconds
[2025-04-03T15:10:01.381+0000] {processor.py:186} INFO - Started process (PID=37151) to work on /home/hamza/Documents/project/Mlops/myenv/lib/python3.12/site-packages/airflow/example_dags/example_latest_only_with_trigger.py
[2025-04-03T15:10:01.382+0000] {processor.py:914} INFO - Processing file /home/hamza/Documents/project/Mlops/myenv/lib/python3.12/site-packages/airflow/example_dags/example_latest_only_with_trigger.py for tasks to queue
[2025-04-03T15:10:01.386+0000] {logging_mixin.py:190} INFO - [2025-04-03T15:10:01.386+0000] {dagbag.py:588} INFO - Filling up the DagBag from /home/hamza/Documents/project/Mlops/myenv/lib/python3.12/site-packages/airflow/example_dags/example_latest_only_with_trigger.py
[2025-04-03T15:10:01.399+0000] {processor.py:925} INFO - DAG(s) 'latest_only_with_trigger' retrieved from /home/hamza/Documents/project/Mlops/myenv/lib/python3.12/site-packages/airflow/example_dags/example_latest_only_with_trigger.py
[2025-04-03T15:10:01.435+0000] {logging_mixin.py:190} INFO - [2025-04-03T15:10:01.435+0000] {dag.py:3239} INFO - Sync 1 DAGs
[2025-04-03T15:10:01.481+0000] {logging_mixin.py:190} INFO - [2025-04-03T15:10:01.481+0000] {dag.py:4180} INFO - Setting next_dagrun for latest_only_with_trigger to 2025-04-03 08:00:00+00:00, run_after=2025-04-03 12:00:00+00:00
[2025-04-03T15:10:01.523+0000] {processor.py:208} INFO - Processing /home/hamza/Documents/project/Mlops/myenv/lib/python3.12/site-packages/airflow/example_dags/example_latest_only_with_trigger.py took 0.151 seconds
[2025-04-03T15:11:29.494+0000] {processor.py:186} INFO - Started process (PID=37939) to work on /home/hamza/Documents/project/Mlops/myenv/lib/python3.12/site-packages/airflow/example_dags/example_latest_only_with_trigger.py
[2025-04-03T15:11:29.502+0000] {processor.py:914} INFO - Processing file /home/hamza/Documents/project/Mlops/myenv/lib/python3.12/site-packages/airflow/example_dags/example_latest_only_with_trigger.py for tasks to queue
[2025-04-03T15:11:29.506+0000] {logging_mixin.py:190} INFO - [2025-04-03T15:11:29.505+0000] {dagbag.py:588} INFO - Filling up the DagBag from /home/hamza/Documents/project/Mlops/myenv/lib/python3.12/site-packages/airflow/example_dags/example_latest_only_with_trigger.py
[2025-04-03T15:11:29.519+0000] {processor.py:925} INFO - DAG(s) 'latest_only_with_trigger' retrieved from /home/hamza/Documents/project/Mlops/myenv/lib/python3.12/site-packages/airflow/example_dags/example_latest_only_with_trigger.py
[2025-04-03T15:11:29.547+0000] {logging_mixin.py:190} INFO - [2025-04-03T15:11:29.546+0000] {dag.py:3239} INFO - Sync 1 DAGs
[2025-04-03T15:11:29.581+0000] {logging_mixin.py:190} INFO - [2025-04-03T15:11:29.581+0000] {dag.py:4180} INFO - Setting next_dagrun for latest_only_with_trigger to 2025-04-03 08:00:00+00:00, run_after=2025-04-03 12:00:00+00:00
[2025-04-03T15:11:29.616+0000] {processor.py:208} INFO - Processing /home/hamza/Documents/project/Mlops/myenv/lib/python3.12/site-packages/airflow/example_dags/example_latest_only_with_trigger.py took 0.131 seconds
[2025-04-03T15:13:05.275+0000] {processor.py:186} INFO - Started process (PID=38811) to work on /home/hamza/Documents/project/Mlops/myenv/lib/python3.12/site-packages/airflow/example_dags/example_latest_only_with_trigger.py
[2025-04-03T15:13:05.278+0000] {processor.py:914} INFO - Processing file /home/hamza/Documents/project/Mlops/myenv/lib/python3.12/site-packages/airflow/example_dags/example_latest_only_with_trigger.py for tasks to queue
[2025-04-03T15:13:05.282+0000] {logging_mixin.py:190} INFO - [2025-04-03T15:13:05.281+0000] {dagbag.py:588} INFO - Filling up the DagBag from /home/hamza/Documents/project/Mlops/myenv/lib/python3.12/site-packages/airflow/example_dags/example_latest_only_with_trigger.py
[2025-04-03T15:13:05.295+0000] {processor.py:925} INFO - DAG(s) 'latest_only_with_trigger' retrieved from /home/hamza/Documents/project/Mlops/myenv/lib/python3.12/site-packages/airflow/example_dags/example_latest_only_with_trigger.py
[2025-04-03T15:13:05.324+0000] {logging_mixin.py:190} INFO - [2025-04-03T15:13:05.323+0000] {dag.py:3239} INFO - Sync 1 DAGs
[2025-04-03T15:13:05.361+0000] {logging_mixin.py:190} INFO - [2025-04-03T15:13:05.360+0000] {dag.py:4180} INFO - Setting next_dagrun for latest_only_with_trigger to 2025-04-03 08:00:00+00:00, run_after=2025-04-03 12:00:00+00:00
[2025-04-03T15:13:05.403+0000] {processor.py:208} INFO - Processing /home/hamza/Documents/project/Mlops/myenv/lib/python3.12/site-packages/airflow/example_dags/example_latest_only_with_trigger.py took 0.137 seconds
[2025-04-03T15:14:39.227+0000] {processor.py:186} INFO - Started process (PID=39697) to work on /home/hamza/Documents/project/Mlops/myenv/lib/python3.12/site-packages/airflow/example_dags/example_latest_only_with_trigger.py
[2025-04-03T15:14:39.230+0000] {processor.py:914} INFO - Processing file /home/hamza/Documents/project/Mlops/myenv/lib/python3.12/site-packages/airflow/example_dags/example_latest_only_with_trigger.py for tasks to queue
[2025-04-03T15:14:39.234+0000] {logging_mixin.py:190} INFO - [2025-04-03T15:14:39.234+0000] {dagbag.py:588} INFO - Filling up the DagBag from /home/hamza/Documents/project/Mlops/myenv/lib/python3.12/site-packages/airflow/example_dags/example_latest_only_with_trigger.py
[2025-04-03T15:14:39.248+0000] {processor.py:925} INFO - DAG(s) 'latest_only_with_trigger' retrieved from /home/hamza/Documents/project/Mlops/myenv/lib/python3.12/site-packages/airflow/example_dags/example_latest_only_with_trigger.py
[2025-04-03T15:14:39.275+0000] {logging_mixin.py:190} INFO - [2025-04-03T15:14:39.274+0000] {dag.py:3239} INFO - Sync 1 DAGs
[2025-04-03T15:14:39.308+0000] {logging_mixin.py:190} INFO - [2025-04-03T15:14:39.307+0000] {dag.py:4180} INFO - Setting next_dagrun for latest_only_with_trigger to 2025-04-03 08:00:00+00:00, run_after=2025-04-03 12:00:00+00:00
[2025-04-03T15:14:39.340+0000] {processor.py:208} INFO - Processing /home/hamza/Documents/project/Mlops/myenv/lib/python3.12/site-packages/airflow/example_dags/example_latest_only_with_trigger.py took 0.122 seconds
[2025-04-03T15:16:18.379+0000] {processor.py:186} INFO - Started process (PID=40700) to work on /home/hamza/Documents/project/Mlops/myenv/lib/python3.12/site-packages/airflow/example_dags/example_latest_only_with_trigger.py
[2025-04-03T15:16:18.381+0000] {processor.py:914} INFO - Processing file /home/hamza/Documents/project/Mlops/myenv/lib/python3.12/site-packages/airflow/example_dags/example_latest_only_with_trigger.py for tasks to queue
[2025-04-03T15:16:18.384+0000] {logging_mixin.py:190} INFO - [2025-04-03T15:16:18.384+0000] {dagbag.py:588} INFO - Filling up the DagBag from /home/hamza/Documents/project/Mlops/myenv/lib/python3.12/site-packages/airflow/example_dags/example_latest_only_with_trigger.py
[2025-04-03T15:16:18.398+0000] {processor.py:925} INFO - DAG(s) 'latest_only_with_trigger' retrieved from /home/hamza/Documents/project/Mlops/myenv/lib/python3.12/site-packages/airflow/example_dags/example_latest_only_with_trigger.py
[2025-04-03T15:16:18.425+0000] {logging_mixin.py:190} INFO - [2025-04-03T15:16:18.424+0000] {dag.py:3239} INFO - Sync 1 DAGs
[2025-04-03T15:16:18.456+0000] {logging_mixin.py:190} INFO - [2025-04-03T15:16:18.455+0000] {dag.py:4180} INFO - Setting next_dagrun for latest_only_with_trigger to 2025-04-03 08:00:00+00:00, run_after=2025-04-03 12:00:00+00:00
[2025-04-03T15:16:18.487+0000] {processor.py:208} INFO - Processing /home/hamza/Documents/project/Mlops/myenv/lib/python3.12/site-packages/airflow/example_dags/example_latest_only_with_trigger.py took 0.117 seconds
[2025-04-03T15:17:58.916+0000] {processor.py:186} INFO - Started process (PID=41738) to work on /home/hamza/Documents/project/Mlops/myenv/lib/python3.12/site-packages/airflow/example_dags/example_latest_only_with_trigger.py
[2025-04-03T15:17:58.920+0000] {processor.py:914} INFO - Processing file /home/hamza/Documents/project/Mlops/myenv/lib/python3.12/site-packages/airflow/example_dags/example_latest_only_with_trigger.py for tasks to queue
[2025-04-03T15:17:58.924+0000] {logging_mixin.py:190} INFO - [2025-04-03T15:17:58.923+0000] {dagbag.py:588} INFO - Filling up the DagBag from /home/hamza/Documents/project/Mlops/myenv/lib/python3.12/site-packages/airflow/example_dags/example_latest_only_with_trigger.py
[2025-04-03T15:17:58.938+0000] {processor.py:925} INFO - DAG(s) 'latest_only_with_trigger' retrieved from /home/hamza/Documents/project/Mlops/myenv/lib/python3.12/site-packages/airflow/example_dags/example_latest_only_with_trigger.py
[2025-04-03T15:17:58.967+0000] {logging_mixin.py:190} INFO - [2025-04-03T15:17:58.967+0000] {dag.py:3239} INFO - Sync 1 DAGs
[2025-04-03T15:17:59.001+0000] {logging_mixin.py:190} INFO - [2025-04-03T15:17:59.001+0000] {dag.py:4180} INFO - Setting next_dagrun for latest_only_with_trigger to 2025-04-03 08:00:00+00:00, run_after=2025-04-03 12:00:00+00:00
[2025-04-03T15:17:59.036+0000] {processor.py:208} INFO - Processing /home/hamza/Documents/project/Mlops/myenv/lib/python3.12/site-packages/airflow/example_dags/example_latest_only_with_trigger.py took 0.130 seconds
[2025-04-03T15:19:30.037+0000] {processor.py:186} INFO - Started process (PID=42777) to work on /home/hamza/Documents/project/Mlops/myenv/lib/python3.12/site-packages/airflow/example_dags/example_latest_only_with_trigger.py
[2025-04-03T15:19:30.040+0000] {processor.py:914} INFO - Processing file /home/hamza/Documents/project/Mlops/myenv/lib/python3.12/site-packages/airflow/example_dags/example_latest_only_with_trigger.py for tasks to queue
[2025-04-03T15:19:30.044+0000] {logging_mixin.py:190} INFO - [2025-04-03T15:19:30.043+0000] {dagbag.py:588} INFO - Filling up the DagBag from /home/hamza/Documents/project/Mlops/myenv/lib/python3.12/site-packages/airflow/example_dags/example_latest_only_with_trigger.py
[2025-04-03T15:19:30.059+0000] {processor.py:925} INFO - DAG(s) 'latest_only_with_trigger' retrieved from /home/hamza/Documents/project/Mlops/myenv/lib/python3.12/site-packages/airflow/example_dags/example_latest_only_with_trigger.py
[2025-04-03T15:19:30.087+0000] {logging_mixin.py:190} INFO - [2025-04-03T15:19:30.087+0000] {dag.py:3239} INFO - Sync 1 DAGs
[2025-04-03T15:19:30.120+0000] {logging_mixin.py:190} INFO - [2025-04-03T15:19:30.120+0000] {dag.py:4180} INFO - Setting next_dagrun for latest_only_with_trigger to 2025-04-03 08:00:00+00:00, run_after=2025-04-03 12:00:00+00:00
[2025-04-03T15:19:30.156+0000] {processor.py:208} INFO - Processing /home/hamza/Documents/project/Mlops/myenv/lib/python3.12/site-packages/airflow/example_dags/example_latest_only_with_trigger.py took 0.129 seconds
[2025-04-03T15:20:58.087+0000] {processor.py:186} INFO - Started process (PID=43642) to work on /home/hamza/Documents/project/Mlops/myenv/lib/python3.12/site-packages/airflow/example_dags/example_latest_only_with_trigger.py
[2025-04-03T15:20:58.090+0000] {processor.py:914} INFO - Processing file /home/hamza/Documents/project/Mlops/myenv/lib/python3.12/site-packages/airflow/example_dags/example_latest_only_with_trigger.py for tasks to queue
[2025-04-03T15:20:58.095+0000] {logging_mixin.py:190} INFO - [2025-04-03T15:20:58.094+0000] {dagbag.py:588} INFO - Filling up the DagBag from /home/hamza/Documents/project/Mlops/myenv/lib/python3.12/site-packages/airflow/example_dags/example_latest_only_with_trigger.py
[2025-04-03T15:20:58.109+0000] {processor.py:925} INFO - DAG(s) 'latest_only_with_trigger' retrieved from /home/hamza/Documents/project/Mlops/myenv/lib/python3.12/site-packages/airflow/example_dags/example_latest_only_with_trigger.py
[2025-04-03T15:20:58.135+0000] {logging_mixin.py:190} INFO - [2025-04-03T15:20:58.135+0000] {dag.py:3239} INFO - Sync 1 DAGs
[2025-04-03T15:20:58.169+0000] {logging_mixin.py:190} INFO - [2025-04-03T15:20:58.168+0000] {dag.py:4180} INFO - Setting next_dagrun for latest_only_with_trigger to 2025-04-03 08:00:00+00:00, run_after=2025-04-03 12:00:00+00:00
[2025-04-03T15:20:58.202+0000] {processor.py:208} INFO - Processing /home/hamza/Documents/project/Mlops/myenv/lib/python3.12/site-packages/airflow/example_dags/example_latest_only_with_trigger.py took 0.124 seconds
[2025-04-03T15:22:36.464+0000] {processor.py:186} INFO - Started process (PID=44560) to work on /home/hamza/Documents/project/Mlops/myenv/lib/python3.12/site-packages/airflow/example_dags/example_latest_only_with_trigger.py
[2025-04-03T15:22:36.465+0000] {processor.py:914} INFO - Processing file /home/hamza/Documents/project/Mlops/myenv/lib/python3.12/site-packages/airflow/example_dags/example_latest_only_with_trigger.py for tasks to queue
[2025-04-03T15:22:36.469+0000] {logging_mixin.py:190} INFO - [2025-04-03T15:22:36.469+0000] {dagbag.py:588} INFO - Filling up the DagBag from /home/hamza/Documents/project/Mlops/myenv/lib/python3.12/site-packages/airflow/example_dags/example_latest_only_with_trigger.py
[2025-04-03T15:22:36.483+0000] {processor.py:925} INFO - DAG(s) 'latest_only_with_trigger' retrieved from /home/hamza/Documents/project/Mlops/myenv/lib/python3.12/site-packages/airflow/example_dags/example_latest_only_with_trigger.py
[2025-04-03T15:22:36.510+0000] {logging_mixin.py:190} INFO - [2025-04-03T15:22:36.510+0000] {dag.py:3239} INFO - Sync 1 DAGs
[2025-04-03T15:22:36.543+0000] {logging_mixin.py:190} INFO - [2025-04-03T15:22:36.543+0000] {dag.py:4180} INFO - Setting next_dagrun for latest_only_with_trigger to 2025-04-03 08:00:00+00:00, run_after=2025-04-03 12:00:00+00:00
[2025-04-03T15:22:36.632+0000] {processor.py:208} INFO - Processing /home/hamza/Documents/project/Mlops/myenv/lib/python3.12/site-packages/airflow/example_dags/example_latest_only_with_trigger.py took 0.177 seconds
[2025-04-03T15:24:11.727+0000] {processor.py:186} INFO - Started process (PID=45495) to work on /home/hamza/Documents/project/Mlops/myenv/lib/python3.12/site-packages/airflow/example_dags/example_latest_only_with_trigger.py
[2025-04-03T15:24:11.729+0000] {processor.py:914} INFO - Processing file /home/hamza/Documents/project/Mlops/myenv/lib/python3.12/site-packages/airflow/example_dags/example_latest_only_with_trigger.py for tasks to queue
[2025-04-03T15:24:11.733+0000] {logging_mixin.py:190} INFO - [2025-04-03T15:24:11.733+0000] {dagbag.py:588} INFO - Filling up the DagBag from /home/hamza/Documents/project/Mlops/myenv/lib/python3.12/site-packages/airflow/example_dags/example_latest_only_with_trigger.py
[2025-04-03T15:24:11.747+0000] {processor.py:925} INFO - DAG(s) 'latest_only_with_trigger' retrieved from /home/hamza/Documents/project/Mlops/myenv/lib/python3.12/site-packages/airflow/example_dags/example_latest_only_with_trigger.py
[2025-04-03T15:24:11.774+0000] {logging_mixin.py:190} INFO - [2025-04-03T15:24:11.774+0000] {dag.py:3239} INFO - Sync 1 DAGs
[2025-04-03T15:24:11.807+0000] {logging_mixin.py:190} INFO - [2025-04-03T15:24:11.807+0000] {dag.py:4180} INFO - Setting next_dagrun for latest_only_with_trigger to 2025-04-03 08:00:00+00:00, run_after=2025-04-03 12:00:00+00:00
[2025-04-03T15:24:11.840+0000] {processor.py:208} INFO - Processing /home/hamza/Documents/project/Mlops/myenv/lib/python3.12/site-packages/airflow/example_dags/example_latest_only_with_trigger.py took 0.122 seconds
[2025-04-03T15:25:42.750+0000] {processor.py:186} INFO - Started process (PID=46403) to work on /home/hamza/Documents/project/Mlops/myenv/lib/python3.12/site-packages/airflow/example_dags/example_latest_only_with_trigger.py
[2025-04-03T15:25:42.753+0000] {processor.py:914} INFO - Processing file /home/hamza/Documents/project/Mlops/myenv/lib/python3.12/site-packages/airflow/example_dags/example_latest_only_with_trigger.py for tasks to queue
[2025-04-03T15:25:42.757+0000] {logging_mixin.py:190} INFO - [2025-04-03T15:25:42.757+0000] {dagbag.py:588} INFO - Filling up the DagBag from /home/hamza/Documents/project/Mlops/myenv/lib/python3.12/site-packages/airflow/example_dags/example_latest_only_with_trigger.py
[2025-04-03T15:25:42.773+0000] {processor.py:925} INFO - DAG(s) 'latest_only_with_trigger' retrieved from /home/hamza/Documents/project/Mlops/myenv/lib/python3.12/site-packages/airflow/example_dags/example_latest_only_with_trigger.py
[2025-04-03T15:25:42.803+0000] {logging_mixin.py:190} INFO - [2025-04-03T15:25:42.802+0000] {dag.py:3239} INFO - Sync 1 DAGs
[2025-04-03T15:25:42.841+0000] {logging_mixin.py:190} INFO - [2025-04-03T15:25:42.841+0000] {dag.py:4180} INFO - Setting next_dagrun for latest_only_with_trigger to 2025-04-03 08:00:00+00:00, run_after=2025-04-03 12:00:00+00:00
[2025-04-03T15:25:42.878+0000] {processor.py:208} INFO - Processing /home/hamza/Documents/project/Mlops/myenv/lib/python3.12/site-packages/airflow/example_dags/example_latest_only_with_trigger.py took 0.143 seconds
[2025-04-03T16:31:30.656+0000] {processor.py:186} INFO - Started process (PID=82839) to work on /home/hamza/Documents/project/Mlops/myenv/lib/python3.12/site-packages/airflow/example_dags/example_latest_only_with_trigger.py
[2025-04-03T16:31:30.658+0000] {processor.py:914} INFO - Processing file /home/hamza/Documents/project/Mlops/myenv/lib/python3.12/site-packages/airflow/example_dags/example_latest_only_with_trigger.py for tasks to queue
[2025-04-03T16:31:30.663+0000] {logging_mixin.py:190} INFO - [2025-04-03T16:31:30.662+0000] {dagbag.py:588} INFO - Filling up the DagBag from /home/hamza/Documents/project/Mlops/myenv/lib/python3.12/site-packages/airflow/example_dags/example_latest_only_with_trigger.py
[2025-04-03T16:31:30.681+0000] {processor.py:925} INFO - DAG(s) 'latest_only_with_trigger' retrieved from /home/hamza/Documents/project/Mlops/myenv/lib/python3.12/site-packages/airflow/example_dags/example_latest_only_with_trigger.py
[2025-04-03T16:31:30.718+0000] {logging_mixin.py:190} INFO - [2025-04-03T16:31:30.718+0000] {dag.py:3239} INFO - Sync 1 DAGs
[2025-04-03T16:31:30.767+0000] {logging_mixin.py:190} INFO - [2025-04-03T16:31:30.766+0000] {dag.py:4180} INFO - Setting next_dagrun for latest_only_with_trigger to 2025-04-03 12:00:00+00:00, run_after=2025-04-03 16:00:00+00:00
[2025-04-03T16:31:30.813+0000] {processor.py:208} INFO - Processing /home/hamza/Documents/project/Mlops/myenv/lib/python3.12/site-packages/airflow/example_dags/example_latest_only_with_trigger.py took 0.168 seconds
[2025-04-03T16:34:11.684+0000] {processor.py:186} INFO - Started process (PID=84343) to work on /home/hamza/Documents/project/Mlops/myenv/lib/python3.12/site-packages/airflow/example_dags/example_latest_only_with_trigger.py
[2025-04-03T16:34:11.689+0000] {processor.py:914} INFO - Processing file /home/hamza/Documents/project/Mlops/myenv/lib/python3.12/site-packages/airflow/example_dags/example_latest_only_with_trigger.py for tasks to queue
[2025-04-03T16:34:11.700+0000] {logging_mixin.py:190} INFO - [2025-04-03T16:34:11.698+0000] {dagbag.py:588} INFO - Filling up the DagBag from /home/hamza/Documents/project/Mlops/myenv/lib/python3.12/site-packages/airflow/example_dags/example_latest_only_with_trigger.py
[2025-04-03T16:34:11.728+0000] {processor.py:925} INFO - DAG(s) 'latest_only_with_trigger' retrieved from /home/hamza/Documents/project/Mlops/myenv/lib/python3.12/site-packages/airflow/example_dags/example_latest_only_with_trigger.py
[2025-04-03T16:34:11.799+0000] {logging_mixin.py:190} INFO - [2025-04-03T16:34:11.798+0000] {dag.py:3239} INFO - Sync 1 DAGs
[2025-04-03T16:34:11.870+0000] {logging_mixin.py:190} INFO - [2025-04-03T16:34:11.869+0000] {dag.py:4180} INFO - Setting next_dagrun for latest_only_with_trigger to 2025-04-03 12:00:00+00:00, run_after=2025-04-03 16:00:00+00:00
[2025-04-03T16:34:11.975+0000] {processor.py:208} INFO - Processing /home/hamza/Documents/project/Mlops/myenv/lib/python3.12/site-packages/airflow/example_dags/example_latest_only_with_trigger.py took 0.307 seconds
[2025-04-03T16:35:41.968+0000] {processor.py:186} INFO - Started process (PID=85104) to work on /home/hamza/Documents/project/Mlops/myenv/lib/python3.12/site-packages/airflow/example_dags/example_latest_only_with_trigger.py
[2025-04-03T16:35:41.970+0000] {processor.py:914} INFO - Processing file /home/hamza/Documents/project/Mlops/myenv/lib/python3.12/site-packages/airflow/example_dags/example_latest_only_with_trigger.py for tasks to queue
[2025-04-03T16:35:41.974+0000] {logging_mixin.py:190} INFO - [2025-04-03T16:35:41.973+0000] {dagbag.py:588} INFO - Filling up the DagBag from /home/hamza/Documents/project/Mlops/myenv/lib/python3.12/site-packages/airflow/example_dags/example_latest_only_with_trigger.py
[2025-04-03T16:35:41.992+0000] {processor.py:925} INFO - DAG(s) 'latest_only_with_trigger' retrieved from /home/hamza/Documents/project/Mlops/myenv/lib/python3.12/site-packages/airflow/example_dags/example_latest_only_with_trigger.py
[2025-04-03T16:35:42.024+0000] {logging_mixin.py:190} INFO - [2025-04-03T16:35:42.024+0000] {dag.py:3239} INFO - Sync 1 DAGs
[2025-04-03T16:35:42.065+0000] {logging_mixin.py:190} INFO - [2025-04-03T16:35:42.065+0000] {dag.py:4180} INFO - Setting next_dagrun for latest_only_with_trigger to 2025-04-03 12:00:00+00:00, run_after=2025-04-03 16:00:00+00:00
[2025-04-03T16:35:42.104+0000] {processor.py:208} INFO - Processing /home/hamza/Documents/project/Mlops/myenv/lib/python3.12/site-packages/airflow/example_dags/example_latest_only_with_trigger.py took 0.145 seconds
[2025-04-03T16:37:15.122+0000] {processor.py:186} INFO - Started process (PID=85877) to work on /home/hamza/Documents/project/Mlops/myenv/lib/python3.12/site-packages/airflow/example_dags/example_latest_only_with_trigger.py
[2025-04-03T16:37:15.124+0000] {processor.py:914} INFO - Processing file /home/hamza/Documents/project/Mlops/myenv/lib/python3.12/site-packages/airflow/example_dags/example_latest_only_with_trigger.py for tasks to queue
[2025-04-03T16:37:15.129+0000] {logging_mixin.py:190} INFO - [2025-04-03T16:37:15.128+0000] {dagbag.py:588} INFO - Filling up the DagBag from /home/hamza/Documents/project/Mlops/myenv/lib/python3.12/site-packages/airflow/example_dags/example_latest_only_with_trigger.py
[2025-04-03T16:37:15.144+0000] {processor.py:925} INFO - DAG(s) 'latest_only_with_trigger' retrieved from /home/hamza/Documents/project/Mlops/myenv/lib/python3.12/site-packages/airflow/example_dags/example_latest_only_with_trigger.py
[2025-04-03T16:37:15.175+0000] {logging_mixin.py:190} INFO - [2025-04-03T16:37:15.174+0000] {dag.py:3239} INFO - Sync 1 DAGs
[2025-04-03T16:37:15.222+0000] {logging_mixin.py:190} INFO - [2025-04-03T16:37:15.221+0000] {dag.py:4180} INFO - Setting next_dagrun for latest_only_with_trigger to 2025-04-03 12:00:00+00:00, run_after=2025-04-03 16:00:00+00:00
[2025-04-03T16:37:15.271+0000] {processor.py:208} INFO - Processing /home/hamza/Documents/project/Mlops/myenv/lib/python3.12/site-packages/airflow/example_dags/example_latest_only_with_trigger.py took 0.159 seconds
[2025-04-03T16:38:45.228+0000] {processor.py:186} INFO - Started process (PID=86717) to work on /home/hamza/Documents/project/Mlops/myenv/lib/python3.12/site-packages/airflow/example_dags/example_latest_only_with_trigger.py
[2025-04-03T16:38:45.232+0000] {processor.py:914} INFO - Processing file /home/hamza/Documents/project/Mlops/myenv/lib/python3.12/site-packages/airflow/example_dags/example_latest_only_with_trigger.py for tasks to queue
[2025-04-03T16:38:45.236+0000] {logging_mixin.py:190} INFO - [2025-04-03T16:38:45.236+0000] {dagbag.py:588} INFO - Filling up the DagBag from /home/hamza/Documents/project/Mlops/myenv/lib/python3.12/site-packages/airflow/example_dags/example_latest_only_with_trigger.py
[2025-04-03T16:38:45.253+0000] {processor.py:925} INFO - DAG(s) 'latest_only_with_trigger' retrieved from /home/hamza/Documents/project/Mlops/myenv/lib/python3.12/site-packages/airflow/example_dags/example_latest_only_with_trigger.py
[2025-04-03T16:38:45.280+0000] {logging_mixin.py:190} INFO - [2025-04-03T16:38:45.280+0000] {dag.py:3239} INFO - Sync 1 DAGs
[2025-04-03T16:38:45.322+0000] {logging_mixin.py:190} INFO - [2025-04-03T16:38:45.321+0000] {dag.py:4180} INFO - Setting next_dagrun for latest_only_with_trigger to 2025-04-03 12:00:00+00:00, run_after=2025-04-03 16:00:00+00:00
[2025-04-03T16:38:45.361+0000] {processor.py:208} INFO - Processing /home/hamza/Documents/project/Mlops/myenv/lib/python3.12/site-packages/airflow/example_dags/example_latest_only_with_trigger.py took 0.141 seconds
[2025-04-03T16:40:17.380+0000] {processor.py:186} INFO - Started process (PID=87941) to work on /home/hamza/Documents/project/Mlops/myenv/lib/python3.12/site-packages/airflow/example_dags/example_latest_only_with_trigger.py
[2025-04-03T16:40:17.381+0000] {processor.py:914} INFO - Processing file /home/hamza/Documents/project/Mlops/myenv/lib/python3.12/site-packages/airflow/example_dags/example_latest_only_with_trigger.py for tasks to queue
[2025-04-03T16:40:17.385+0000] {logging_mixin.py:190} INFO - [2025-04-03T16:40:17.385+0000] {dagbag.py:588} INFO - Filling up the DagBag from /home/hamza/Documents/project/Mlops/myenv/lib/python3.12/site-packages/airflow/example_dags/example_latest_only_with_trigger.py
[2025-04-03T16:40:17.399+0000] {processor.py:925} INFO - DAG(s) 'latest_only_with_trigger' retrieved from /home/hamza/Documents/project/Mlops/myenv/lib/python3.12/site-packages/airflow/example_dags/example_latest_only_with_trigger.py
[2025-04-03T16:40:17.427+0000] {logging_mixin.py:190} INFO - [2025-04-03T16:40:17.426+0000] {dag.py:3239} INFO - Sync 1 DAGs
[2025-04-03T16:40:17.464+0000] {logging_mixin.py:190} INFO - [2025-04-03T16:40:17.463+0000] {dag.py:4180} INFO - Setting next_dagrun for latest_only_with_trigger to 2025-04-03 12:00:00+00:00, run_after=2025-04-03 16:00:00+00:00
[2025-04-03T16:40:17.505+0000] {processor.py:208} INFO - Processing /home/hamza/Documents/project/Mlops/myenv/lib/python3.12/site-packages/airflow/example_dags/example_latest_only_with_trigger.py took 0.135 seconds
[2025-04-03T16:41:55.489+0000] {processor.py:186} INFO - Started process (PID=88859) to work on /home/hamza/Documents/project/Mlops/myenv/lib/python3.12/site-packages/airflow/example_dags/example_latest_only_with_trigger.py
[2025-04-03T16:41:55.490+0000] {processor.py:914} INFO - Processing file /home/hamza/Documents/project/Mlops/myenv/lib/python3.12/site-packages/airflow/example_dags/example_latest_only_with_trigger.py for tasks to queue
[2025-04-03T16:41:55.494+0000] {logging_mixin.py:190} INFO - [2025-04-03T16:41:55.494+0000] {dagbag.py:588} INFO - Filling up the DagBag from /home/hamza/Documents/project/Mlops/myenv/lib/python3.12/site-packages/airflow/example_dags/example_latest_only_with_trigger.py
[2025-04-03T16:41:55.509+0000] {processor.py:925} INFO - DAG(s) 'latest_only_with_trigger' retrieved from /home/hamza/Documents/project/Mlops/myenv/lib/python3.12/site-packages/airflow/example_dags/example_latest_only_with_trigger.py
[2025-04-03T16:41:55.537+0000] {logging_mixin.py:190} INFO - [2025-04-03T16:41:55.537+0000] {dag.py:3239} INFO - Sync 1 DAGs
[2025-04-03T16:41:55.573+0000] {logging_mixin.py:190} INFO - [2025-04-03T16:41:55.573+0000] {dag.py:4180} INFO - Setting next_dagrun for latest_only_with_trigger to 2025-04-03 12:00:00+00:00, run_after=2025-04-03 16:00:00+00:00
[2025-04-03T16:41:55.608+0000] {processor.py:208} INFO - Processing /home/hamza/Documents/project/Mlops/myenv/lib/python3.12/site-packages/airflow/example_dags/example_latest_only_with_trigger.py took 0.129 seconds
[2025-04-03T16:43:29.606+0000] {processor.py:186} INFO - Started process (PID=89583) to work on /home/hamza/Documents/project/Mlops/myenv/lib/python3.12/site-packages/airflow/example_dags/example_latest_only_with_trigger.py
[2025-04-03T16:43:29.608+0000] {processor.py:914} INFO - Processing file /home/hamza/Documents/project/Mlops/myenv/lib/python3.12/site-packages/airflow/example_dags/example_latest_only_with_trigger.py for tasks to queue
[2025-04-03T16:43:29.612+0000] {logging_mixin.py:190} INFO - [2025-04-03T16:43:29.612+0000] {dagbag.py:588} INFO - Filling up the DagBag from /home/hamza/Documents/project/Mlops/myenv/lib/python3.12/site-packages/airflow/example_dags/example_latest_only_with_trigger.py
[2025-04-03T16:43:29.627+0000] {processor.py:925} INFO - DAG(s) 'latest_only_with_trigger' retrieved from /home/hamza/Documents/project/Mlops/myenv/lib/python3.12/site-packages/airflow/example_dags/example_latest_only_with_trigger.py
[2025-04-03T16:43:29.655+0000] {logging_mixin.py:190} INFO - [2025-04-03T16:43:29.655+0000] {dag.py:3239} INFO - Sync 1 DAGs
[2025-04-03T16:43:29.692+0000] {logging_mixin.py:190} INFO - [2025-04-03T16:43:29.692+0000] {dag.py:4180} INFO - Setting next_dagrun for latest_only_with_trigger to 2025-04-03 12:00:00+00:00, run_after=2025-04-03 16:00:00+00:00
[2025-04-03T16:43:29.732+0000] {processor.py:208} INFO - Processing /home/hamza/Documents/project/Mlops/myenv/lib/python3.12/site-packages/airflow/example_dags/example_latest_only_with_trigger.py took 0.136 seconds
[2025-04-03T16:45:06.075+0000] {processor.py:186} INFO - Started process (PID=90364) to work on /home/hamza/Documents/project/Mlops/myenv/lib/python3.12/site-packages/airflow/example_dags/example_latest_only_with_trigger.py
[2025-04-03T16:45:06.077+0000] {processor.py:914} INFO - Processing file /home/hamza/Documents/project/Mlops/myenv/lib/python3.12/site-packages/airflow/example_dags/example_latest_only_with_trigger.py for tasks to queue
[2025-04-03T16:45:06.081+0000] {logging_mixin.py:190} INFO - [2025-04-03T16:45:06.081+0000] {dagbag.py:588} INFO - Filling up the DagBag from /home/hamza/Documents/project/Mlops/myenv/lib/python3.12/site-packages/airflow/example_dags/example_latest_only_with_trigger.py
[2025-04-03T16:45:06.098+0000] {processor.py:925} INFO - DAG(s) 'latest_only_with_trigger' retrieved from /home/hamza/Documents/project/Mlops/myenv/lib/python3.12/site-packages/airflow/example_dags/example_latest_only_with_trigger.py
[2025-04-03T16:45:06.128+0000] {logging_mixin.py:190} INFO - [2025-04-03T16:45:06.128+0000] {dag.py:3239} INFO - Sync 1 DAGs
[2025-04-03T16:45:06.164+0000] {logging_mixin.py:190} INFO - [2025-04-03T16:45:06.163+0000] {dag.py:4180} INFO - Setting next_dagrun for latest_only_with_trigger to 2025-04-03 12:00:00+00:00, run_after=2025-04-03 16:00:00+00:00
[2025-04-03T16:45:06.206+0000] {processor.py:208} INFO - Processing /home/hamza/Documents/project/Mlops/myenv/lib/python3.12/site-packages/airflow/example_dags/example_latest_only_with_trigger.py took 0.141 seconds
[2025-04-03T16:46:41.686+0000] {processor.py:186} INFO - Started process (PID=91208) to work on /home/hamza/Documents/project/Mlops/myenv/lib/python3.12/site-packages/airflow/example_dags/example_latest_only_with_trigger.py
[2025-04-03T16:46:41.688+0000] {processor.py:914} INFO - Processing file /home/hamza/Documents/project/Mlops/myenv/lib/python3.12/site-packages/airflow/example_dags/example_latest_only_with_trigger.py for tasks to queue
[2025-04-03T16:46:41.692+0000] {logging_mixin.py:190} INFO - [2025-04-03T16:46:41.691+0000] {dagbag.py:588} INFO - Filling up the DagBag from /home/hamza/Documents/project/Mlops/myenv/lib/python3.12/site-packages/airflow/example_dags/example_latest_only_with_trigger.py
[2025-04-03T16:46:41.706+0000] {processor.py:925} INFO - DAG(s) 'latest_only_with_trigger' retrieved from /home/hamza/Documents/project/Mlops/myenv/lib/python3.12/site-packages/airflow/example_dags/example_latest_only_with_trigger.py
[2025-04-03T16:46:41.736+0000] {logging_mixin.py:190} INFO - [2025-04-03T16:46:41.735+0000] {dag.py:3239} INFO - Sync 1 DAGs
[2025-04-03T16:46:41.771+0000] {logging_mixin.py:190} INFO - [2025-04-03T16:46:41.771+0000] {dag.py:4180} INFO - Setting next_dagrun for latest_only_with_trigger to 2025-04-03 12:00:00+00:00, run_after=2025-04-03 16:00:00+00:00
[2025-04-03T16:46:41.812+0000] {processor.py:208} INFO - Processing /home/hamza/Documents/project/Mlops/myenv/lib/python3.12/site-packages/airflow/example_dags/example_latest_only_with_trigger.py took 0.136 seconds
[2025-04-03T16:48:18.052+0000] {processor.py:186} INFO - Started process (PID=92050) to work on /home/hamza/Documents/project/Mlops/myenv/lib/python3.12/site-packages/airflow/example_dags/example_latest_only_with_trigger.py
[2025-04-03T16:48:18.053+0000] {processor.py:914} INFO - Processing file /home/hamza/Documents/project/Mlops/myenv/lib/python3.12/site-packages/airflow/example_dags/example_latest_only_with_trigger.py for tasks to queue
[2025-04-03T16:48:18.056+0000] {logging_mixin.py:190} INFO - [2025-04-03T16:48:18.056+0000] {dagbag.py:588} INFO - Filling up the DagBag from /home/hamza/Documents/project/Mlops/myenv/lib/python3.12/site-packages/airflow/example_dags/example_latest_only_with_trigger.py
[2025-04-03T16:48:18.072+0000] {processor.py:925} INFO - DAG(s) 'latest_only_with_trigger' retrieved from /home/hamza/Documents/project/Mlops/myenv/lib/python3.12/site-packages/airflow/example_dags/example_latest_only_with_trigger.py
[2025-04-03T16:48:18.107+0000] {logging_mixin.py:190} INFO - [2025-04-03T16:48:18.107+0000] {dag.py:3239} INFO - Sync 1 DAGs
[2025-04-03T16:48:18.144+0000] {logging_mixin.py:190} INFO - [2025-04-03T16:48:18.144+0000] {dag.py:4180} INFO - Setting next_dagrun for latest_only_with_trigger to 2025-04-03 12:00:00+00:00, run_after=2025-04-03 16:00:00+00:00
[2025-04-03T16:48:18.186+0000] {processor.py:208} INFO - Processing /home/hamza/Documents/project/Mlops/myenv/lib/python3.12/site-packages/airflow/example_dags/example_latest_only_with_trigger.py took 0.144 seconds
[2025-04-03T16:49:58.391+0000] {processor.py:186} INFO - Started process (PID=92920) to work on /home/hamza/Documents/project/Mlops/myenv/lib/python3.12/site-packages/airflow/example_dags/example_latest_only_with_trigger.py
[2025-04-03T16:49:58.392+0000] {processor.py:914} INFO - Processing file /home/hamza/Documents/project/Mlops/myenv/lib/python3.12/site-packages/airflow/example_dags/example_latest_only_with_trigger.py for tasks to queue
[2025-04-03T16:49:58.397+0000] {logging_mixin.py:190} INFO - [2025-04-03T16:49:58.396+0000] {dagbag.py:588} INFO - Filling up the DagBag from /home/hamza/Documents/project/Mlops/myenv/lib/python3.12/site-packages/airflow/example_dags/example_latest_only_with_trigger.py
[2025-04-03T16:49:58.412+0000] {processor.py:925} INFO - DAG(s) 'latest_only_with_trigger' retrieved from /home/hamza/Documents/project/Mlops/myenv/lib/python3.12/site-packages/airflow/example_dags/example_latest_only_with_trigger.py
[2025-04-03T16:49:58.439+0000] {logging_mixin.py:190} INFO - [2025-04-03T16:49:58.439+0000] {dag.py:3239} INFO - Sync 1 DAGs
[2025-04-03T16:49:58.474+0000] {logging_mixin.py:190} INFO - [2025-04-03T16:49:58.473+0000] {dag.py:4180} INFO - Setting next_dagrun for latest_only_with_trigger to 2025-04-03 12:00:00+00:00, run_after=2025-04-03 16:00:00+00:00
[2025-04-03T16:49:58.513+0000] {processor.py:208} INFO - Processing /home/hamza/Documents/project/Mlops/myenv/lib/python3.12/site-packages/airflow/example_dags/example_latest_only_with_trigger.py took 0.132 seconds
[2025-04-03T16:51:35.300+0000] {processor.py:186} INFO - Started process (PID=93719) to work on /home/hamza/Documents/project/Mlops/myenv/lib/python3.12/site-packages/airflow/example_dags/example_latest_only_with_trigger.py
[2025-04-03T16:51:35.302+0000] {processor.py:914} INFO - Processing file /home/hamza/Documents/project/Mlops/myenv/lib/python3.12/site-packages/airflow/example_dags/example_latest_only_with_trigger.py for tasks to queue
[2025-04-03T16:51:35.305+0000] {logging_mixin.py:190} INFO - [2025-04-03T16:51:35.305+0000] {dagbag.py:588} INFO - Filling up the DagBag from /home/hamza/Documents/project/Mlops/myenv/lib/python3.12/site-packages/airflow/example_dags/example_latest_only_with_trigger.py
[2025-04-03T16:51:35.319+0000] {processor.py:925} INFO - DAG(s) 'latest_only_with_trigger' retrieved from /home/hamza/Documents/project/Mlops/myenv/lib/python3.12/site-packages/airflow/example_dags/example_latest_only_with_trigger.py
[2025-04-03T16:51:35.347+0000] {logging_mixin.py:190} INFO - [2025-04-03T16:51:35.347+0000] {dag.py:3239} INFO - Sync 1 DAGs
[2025-04-03T16:51:35.382+0000] {logging_mixin.py:190} INFO - [2025-04-03T16:51:35.382+0000] {dag.py:4180} INFO - Setting next_dagrun for latest_only_with_trigger to 2025-04-03 12:00:00+00:00, run_after=2025-04-03 16:00:00+00:00
[2025-04-03T16:51:35.420+0000] {processor.py:208} INFO - Processing /home/hamza/Documents/project/Mlops/myenv/lib/python3.12/site-packages/airflow/example_dags/example_latest_only_with_trigger.py took 0.129 seconds
[2025-04-03T16:53:16.840+0000] {processor.py:186} INFO - Started process (PID=94556) to work on /home/hamza/Documents/project/Mlops/myenv/lib/python3.12/site-packages/airflow/example_dags/example_latest_only_with_trigger.py
[2025-04-03T16:53:16.842+0000] {processor.py:914} INFO - Processing file /home/hamza/Documents/project/Mlops/myenv/lib/python3.12/site-packages/airflow/example_dags/example_latest_only_with_trigger.py for tasks to queue
[2025-04-03T16:53:16.846+0000] {logging_mixin.py:190} INFO - [2025-04-03T16:53:16.846+0000] {dagbag.py:588} INFO - Filling up the DagBag from /home/hamza/Documents/project/Mlops/myenv/lib/python3.12/site-packages/airflow/example_dags/example_latest_only_with_trigger.py
[2025-04-03T16:53:16.863+0000] {processor.py:925} INFO - DAG(s) 'latest_only_with_trigger' retrieved from /home/hamza/Documents/project/Mlops/myenv/lib/python3.12/site-packages/airflow/example_dags/example_latest_only_with_trigger.py
[2025-04-03T16:53:16.894+0000] {logging_mixin.py:190} INFO - [2025-04-03T16:53:16.893+0000] {dag.py:3239} INFO - Sync 1 DAGs
[2025-04-03T16:53:16.931+0000] {logging_mixin.py:190} INFO - [2025-04-03T16:53:16.931+0000] {dag.py:4180} INFO - Setting next_dagrun for latest_only_with_trigger to 2025-04-03 12:00:00+00:00, run_after=2025-04-03 16:00:00+00:00
[2025-04-03T16:53:16.975+0000] {processor.py:208} INFO - Processing /home/hamza/Documents/project/Mlops/myenv/lib/python3.12/site-packages/airflow/example_dags/example_latest_only_with_trigger.py took 0.144 seconds
[2025-04-03T16:54:55.981+0000] {processor.py:186} INFO - Started process (PID=95631) to work on /home/hamza/Documents/project/Mlops/myenv/lib/python3.12/site-packages/airflow/example_dags/example_latest_only_with_trigger.py
[2025-04-03T16:54:55.982+0000] {processor.py:914} INFO - Processing file /home/hamza/Documents/project/Mlops/myenv/lib/python3.12/site-packages/airflow/example_dags/example_latest_only_with_trigger.py for tasks to queue
[2025-04-03T16:54:55.987+0000] {logging_mixin.py:190} INFO - [2025-04-03T16:54:55.986+0000] {dagbag.py:588} INFO - Filling up the DagBag from /home/hamza/Documents/project/Mlops/myenv/lib/python3.12/site-packages/airflow/example_dags/example_latest_only_with_trigger.py
[2025-04-03T16:54:56.001+0000] {processor.py:925} INFO - DAG(s) 'latest_only_with_trigger' retrieved from /home/hamza/Documents/project/Mlops/myenv/lib/python3.12/site-packages/airflow/example_dags/example_latest_only_with_trigger.py
[2025-04-03T16:54:56.027+0000] {logging_mixin.py:190} INFO - [2025-04-03T16:54:56.027+0000] {dag.py:3239} INFO - Sync 1 DAGs
[2025-04-03T16:54:56.063+0000] {logging_mixin.py:190} INFO - [2025-04-03T16:54:56.063+0000] {dag.py:4180} INFO - Setting next_dagrun for latest_only_with_trigger to 2025-04-03 12:00:00+00:00, run_after=2025-04-03 16:00:00+00:00
[2025-04-03T16:54:56.101+0000] {processor.py:208} INFO - Processing /home/hamza/Documents/project/Mlops/myenv/lib/python3.12/site-packages/airflow/example_dags/example_latest_only_with_trigger.py took 0.128 seconds
[2025-04-03T16:56:36.073+0000] {processor.py:186} INFO - Started process (PID=96418) to work on /home/hamza/Documents/project/Mlops/myenv/lib/python3.12/site-packages/airflow/example_dags/example_latest_only_with_trigger.py
[2025-04-03T16:56:36.075+0000] {processor.py:914} INFO - Processing file /home/hamza/Documents/project/Mlops/myenv/lib/python3.12/site-packages/airflow/example_dags/example_latest_only_with_trigger.py for tasks to queue
[2025-04-03T16:56:36.079+0000] {logging_mixin.py:190} INFO - [2025-04-03T16:56:36.078+0000] {dagbag.py:588} INFO - Filling up the DagBag from /home/hamza/Documents/project/Mlops/myenv/lib/python3.12/site-packages/airflow/example_dags/example_latest_only_with_trigger.py
[2025-04-03T16:56:36.099+0000] {processor.py:925} INFO - DAG(s) 'latest_only_with_trigger' retrieved from /home/hamza/Documents/project/Mlops/myenv/lib/python3.12/site-packages/airflow/example_dags/example_latest_only_with_trigger.py
[2025-04-03T16:56:36.137+0000] {logging_mixin.py:190} INFO - [2025-04-03T16:56:36.137+0000] {dag.py:3239} INFO - Sync 1 DAGs
[2025-04-03T16:56:36.173+0000] {logging_mixin.py:190} INFO - [2025-04-03T16:56:36.173+0000] {dag.py:4180} INFO - Setting next_dagrun for latest_only_with_trigger to 2025-04-03 12:00:00+00:00, run_after=2025-04-03 16:00:00+00:00
[2025-04-03T16:56:36.215+0000] {processor.py:208} INFO - Processing /home/hamza/Documents/project/Mlops/myenv/lib/python3.12/site-packages/airflow/example_dags/example_latest_only_with_trigger.py took 0.153 seconds
