[2025-04-03T13:44:11.896+0000] {processor.py:186} INFO - Started process (PID=98851) to work on /home/hamza/Documents/project/Mlops/myenv/lib/python3.12/site-packages/airflow/example_dags/example_branch_operator_decorator.py
[2025-04-03T13:44:11.898+0000] {processor.py:914} INFO - Processing file /home/hamza/Documents/project/Mlops/myenv/lib/python3.12/site-packages/airflow/example_dags/example_branch_operator_decorator.py for tasks to queue
[2025-04-03T13:44:11.901+0000] {logging_mixin.py:190} INFO - [2025-04-03T13:44:11.900+0000] {dagbag.py:588} INFO - Filling up the DagBag from /home/hamza/Documents/project/Mlops/myenv/lib/python3.12/site-packages/airflow/example_dags/example_branch_operator_decorator.py
[2025-04-03T13:44:11.944+0000] {processor.py:925} INFO - DAG(s) 'example_branch_python_operator_decorator' retrieved from /home/hamza/Documents/project/Mlops/myenv/lib/python3.12/site-packages/airflow/example_dags/example_branch_operator_decorator.py
[2025-04-03T13:44:12.149+0000] {logging_mixin.py:190} INFO - [2025-04-03T13:44:12.147+0000] {override.py:1930} INFO - Created Permission View: can delete on DAG:example_branch_python_operator_decorator
[2025-04-03T13:44:12.178+0000] {logging_mixin.py:190} INFO - [2025-04-03T13:44:12.177+0000] {override.py:1930} INFO - Created Permission View: can read on DAG:example_branch_python_operator_decorator
[2025-04-03T13:44:12.198+0000] {logging_mixin.py:190} INFO - [2025-04-03T13:44:12.197+0000] {override.py:1930} INFO - Created Permission View: can edit on DAG:example_branch_python_operator_decorator
[2025-04-03T13:44:12.221+0000] {logging_mixin.py:190} INFO - [2025-04-03T13:44:12.221+0000] {override.py:1930} INFO - Created Permission View: can delete on DAG Run:example_branch_python_operator_decorator
[2025-04-03T13:44:12.243+0000] {logging_mixin.py:190} INFO - [2025-04-03T13:44:12.242+0000] {override.py:1930} INFO - Created Permission View: can read on DAG Run:example_branch_python_operator_decorator
[2025-04-03T13:44:12.261+0000] {logging_mixin.py:190} INFO - [2025-04-03T13:44:12.260+0000] {override.py:1930} INFO - Created Permission View: menu access on DAG Run:example_branch_python_operator_decorator
[2025-04-03T13:44:12.275+0000] {logging_mixin.py:190} INFO - [2025-04-03T13:44:12.274+0000] {override.py:1930} INFO - Created Permission View: can create on DAG Run:example_branch_python_operator_decorator
[2025-04-03T13:44:12.276+0000] {logging_mixin.py:190} INFO - [2025-04-03T13:44:12.275+0000] {dag.py:3239} INFO - Sync 1 DAGs
[2025-04-03T13:44:12.297+0000] {logging_mixin.py:190} INFO - [2025-04-03T13:44:12.297+0000] {dag.py:3262} INFO - Creating ORM DAG for example_branch_python_operator_decorator
[2025-04-03T13:44:12.314+0000] {logging_mixin.py:190} INFO - [2025-04-03T13:44:12.314+0000] {dag.py:4180} INFO - Setting next_dagrun for example_branch_python_operator_decorator to 2025-04-02 00:00:00+00:00, run_after=2025-04-03 00:00:00+00:00
[2025-04-03T13:44:12.371+0000] {processor.py:208} INFO - Processing /home/hamza/Documents/project/Mlops/myenv/lib/python3.12/site-packages/airflow/example_dags/example_branch_operator_decorator.py took 0.486 seconds
[2025-04-03T13:45:27.086+0000] {processor.py:186} INFO - Started process (PID=99815) to work on /home/hamza/Documents/project/Mlops/myenv/lib/python3.12/site-packages/airflow/example_dags/example_branch_operator_decorator.py
[2025-04-03T13:45:27.089+0000] {processor.py:914} INFO - Processing file /home/hamza/Documents/project/Mlops/myenv/lib/python3.12/site-packages/airflow/example_dags/example_branch_operator_decorator.py for tasks to queue
[2025-04-03T13:45:27.092+0000] {logging_mixin.py:190} INFO - [2025-04-03T13:45:27.092+0000] {dagbag.py:588} INFO - Filling up the DagBag from /home/hamza/Documents/project/Mlops/myenv/lib/python3.12/site-packages/airflow/example_dags/example_branch_operator_decorator.py
[2025-04-03T13:45:27.131+0000] {processor.py:925} INFO - DAG(s) 'example_branch_python_operator_decorator' retrieved from /home/hamza/Documents/project/Mlops/myenv/lib/python3.12/site-packages/airflow/example_dags/example_branch_operator_decorator.py
[2025-04-03T13:45:27.169+0000] {logging_mixin.py:190} INFO - [2025-04-03T13:45:27.168+0000] {dag.py:3239} INFO - Sync 1 DAGs
[2025-04-03T13:45:27.204+0000] {logging_mixin.py:190} INFO - [2025-04-03T13:45:27.204+0000] {dag.py:4180} INFO - Setting next_dagrun for example_branch_python_operator_decorator to 2025-04-02 00:00:00+00:00, run_after=2025-04-03 00:00:00+00:00
[2025-04-03T13:45:27.239+0000] {processor.py:208} INFO - Processing /home/hamza/Documents/project/Mlops/myenv/lib/python3.12/site-packages/airflow/example_dags/example_branch_operator_decorator.py took 0.162 seconds
[2025-04-03T13:46:35.094+0000] {processor.py:186} INFO - Started process (PID=100444) to work on /home/hamza/Documents/project/Mlops/myenv/lib/python3.12/site-packages/airflow/example_dags/example_branch_operator_decorator.py
[2025-04-03T13:46:35.096+0000] {processor.py:914} INFO - Processing file /home/hamza/Documents/project/Mlops/myenv/lib/python3.12/site-packages/airflow/example_dags/example_branch_operator_decorator.py for tasks to queue
[2025-04-03T13:46:35.099+0000] {logging_mixin.py:190} INFO - [2025-04-03T13:46:35.099+0000] {dagbag.py:588} INFO - Filling up the DagBag from /home/hamza/Documents/project/Mlops/myenv/lib/python3.12/site-packages/airflow/example_dags/example_branch_operator_decorator.py
[2025-04-03T13:46:35.136+0000] {processor.py:925} INFO - DAG(s) 'example_branch_python_operator_decorator' retrieved from /home/hamza/Documents/project/Mlops/myenv/lib/python3.12/site-packages/airflow/example_dags/example_branch_operator_decorator.py
[2025-04-03T13:46:35.175+0000] {logging_mixin.py:190} INFO - [2025-04-03T13:46:35.175+0000] {dag.py:3239} INFO - Sync 1 DAGs
[2025-04-03T13:46:35.209+0000] {logging_mixin.py:190} INFO - [2025-04-03T13:46:35.208+0000] {dag.py:4180} INFO - Setting next_dagrun for example_branch_python_operator_decorator to 2025-04-02 00:00:00+00:00, run_after=2025-04-03 00:00:00+00:00
[2025-04-03T13:46:35.243+0000] {processor.py:208} INFO - Processing /home/hamza/Documents/project/Mlops/myenv/lib/python3.12/site-packages/airflow/example_dags/example_branch_operator_decorator.py took 0.158 seconds
[2025-04-03T13:47:41.552+0000] {processor.py:186} INFO - Started process (PID=101282) to work on /home/hamza/Documents/project/Mlops/myenv/lib/python3.12/site-packages/airflow/example_dags/example_branch_operator_decorator.py
[2025-04-03T13:47:41.554+0000] {processor.py:914} INFO - Processing file /home/hamza/Documents/project/Mlops/myenv/lib/python3.12/site-packages/airflow/example_dags/example_branch_operator_decorator.py for tasks to queue
[2025-04-03T13:47:41.559+0000] {logging_mixin.py:190} INFO - [2025-04-03T13:47:41.558+0000] {dagbag.py:588} INFO - Filling up the DagBag from /home/hamza/Documents/project/Mlops/myenv/lib/python3.12/site-packages/airflow/example_dags/example_branch_operator_decorator.py
[2025-04-03T13:47:41.610+0000] {processor.py:925} INFO - DAG(s) 'example_branch_python_operator_decorator' retrieved from /home/hamza/Documents/project/Mlops/myenv/lib/python3.12/site-packages/airflow/example_dags/example_branch_operator_decorator.py
[2025-04-03T13:47:41.654+0000] {logging_mixin.py:190} INFO - [2025-04-03T13:47:41.653+0000] {dag.py:3239} INFO - Sync 1 DAGs
[2025-04-03T13:47:41.692+0000] {logging_mixin.py:190} INFO - [2025-04-03T13:47:41.691+0000] {dag.py:4180} INFO - Setting next_dagrun for example_branch_python_operator_decorator to 2025-04-02 00:00:00+00:00, run_after=2025-04-03 00:00:00+00:00
[2025-04-03T13:47:41.730+0000] {processor.py:208} INFO - Processing /home/hamza/Documents/project/Mlops/myenv/lib/python3.12/site-packages/airflow/example_dags/example_branch_operator_decorator.py took 0.189 seconds
[2025-04-03T13:50:16.653+0000] {processor.py:186} INFO - Started process (PID=103341) to work on /home/hamza/Documents/project/Mlops/myenv/lib/python3.12/site-packages/airflow/example_dags/example_branch_operator_decorator.py
[2025-04-03T13:50:16.655+0000] {processor.py:914} INFO - Processing file /home/hamza/Documents/project/Mlops/myenv/lib/python3.12/site-packages/airflow/example_dags/example_branch_operator_decorator.py for tasks to queue
[2025-04-03T13:50:16.658+0000] {logging_mixin.py:190} INFO - [2025-04-03T13:50:16.658+0000] {dagbag.py:588} INFO - Filling up the DagBag from /home/hamza/Documents/project/Mlops/myenv/lib/python3.12/site-packages/airflow/example_dags/example_branch_operator_decorator.py
[2025-04-03T13:50:16.698+0000] {processor.py:925} INFO - DAG(s) 'example_branch_python_operator_decorator' retrieved from /home/hamza/Documents/project/Mlops/myenv/lib/python3.12/site-packages/airflow/example_dags/example_branch_operator_decorator.py
[2025-04-03T13:50:16.898+0000] {logging_mixin.py:190} INFO - [2025-04-03T13:50:16.898+0000] {dag.py:3239} INFO - Sync 1 DAGs
[2025-04-03T13:50:16.943+0000] {logging_mixin.py:190} INFO - [2025-04-03T13:50:16.942+0000] {dag.py:4180} INFO - Setting next_dagrun for example_branch_python_operator_decorator to 2025-04-02 00:00:00+00:00, run_after=2025-04-03 00:00:00+00:00
[2025-04-03T13:50:16.988+0000] {processor.py:208} INFO - Processing /home/hamza/Documents/project/Mlops/myenv/lib/python3.12/site-packages/airflow/example_dags/example_branch_operator_decorator.py took 0.344 seconds
[2025-04-03T13:51:51.555+0000] {processor.py:186} INFO - Started process (PID=104503) to work on /home/hamza/Documents/project/Mlops/myenv/lib/python3.12/site-packages/airflow/example_dags/example_branch_operator_decorator.py
[2025-04-03T13:51:51.559+0000] {processor.py:914} INFO - Processing file /home/hamza/Documents/project/Mlops/myenv/lib/python3.12/site-packages/airflow/example_dags/example_branch_operator_decorator.py for tasks to queue
[2025-04-03T13:51:51.564+0000] {logging_mixin.py:190} INFO - [2025-04-03T13:51:51.563+0000] {dagbag.py:588} INFO - Filling up the DagBag from /home/hamza/Documents/project/Mlops/myenv/lib/python3.12/site-packages/airflow/example_dags/example_branch_operator_decorator.py
[2025-04-03T13:51:51.616+0000] {processor.py:925} INFO - DAG(s) 'example_branch_python_operator_decorator' retrieved from /home/hamza/Documents/project/Mlops/myenv/lib/python3.12/site-packages/airflow/example_dags/example_branch_operator_decorator.py
[2025-04-03T13:51:51.684+0000] {logging_mixin.py:190} INFO - [2025-04-03T13:51:51.683+0000] {dag.py:3239} INFO - Sync 1 DAGs
[2025-04-03T13:51:51.734+0000] {logging_mixin.py:190} INFO - [2025-04-03T13:51:51.734+0000] {dag.py:4180} INFO - Setting next_dagrun for example_branch_python_operator_decorator to 2025-04-02 00:00:00+00:00, run_after=2025-04-03 00:00:00+00:00
[2025-04-03T13:51:51.774+0000] {processor.py:208} INFO - Processing /home/hamza/Documents/project/Mlops/myenv/lib/python3.12/site-packages/airflow/example_dags/example_branch_operator_decorator.py took 0.232 seconds
[2025-04-03T13:53:36.301+0000] {processor.py:186} INFO - Started process (PID=105601) to work on /home/hamza/Documents/project/Mlops/myenv/lib/python3.12/site-packages/airflow/example_dags/example_branch_operator_decorator.py
[2025-04-03T13:53:36.302+0000] {processor.py:914} INFO - Processing file /home/hamza/Documents/project/Mlops/myenv/lib/python3.12/site-packages/airflow/example_dags/example_branch_operator_decorator.py for tasks to queue
[2025-04-03T13:53:36.306+0000] {logging_mixin.py:190} INFO - [2025-04-03T13:53:36.305+0000] {dagbag.py:588} INFO - Filling up the DagBag from /home/hamza/Documents/project/Mlops/myenv/lib/python3.12/site-packages/airflow/example_dags/example_branch_operator_decorator.py
[2025-04-03T13:53:36.344+0000] {processor.py:925} INFO - DAG(s) 'example_branch_python_operator_decorator' retrieved from /home/hamza/Documents/project/Mlops/myenv/lib/python3.12/site-packages/airflow/example_dags/example_branch_operator_decorator.py
[2025-04-03T13:53:36.382+0000] {logging_mixin.py:190} INFO - [2025-04-03T13:53:36.382+0000] {dag.py:3239} INFO - Sync 1 DAGs
[2025-04-03T13:53:36.414+0000] {logging_mixin.py:190} INFO - [2025-04-03T13:53:36.414+0000] {dag.py:4180} INFO - Setting next_dagrun for example_branch_python_operator_decorator to 2025-04-02 00:00:00+00:00, run_after=2025-04-03 00:00:00+00:00
[2025-04-03T13:53:36.460+0000] {processor.py:208} INFO - Processing /home/hamza/Documents/project/Mlops/myenv/lib/python3.12/site-packages/airflow/example_dags/example_branch_operator_decorator.py took 0.168 seconds
[2025-04-03T13:59:50.639+0000] {processor.py:186} INFO - Started process (PID=110340) to work on /home/hamza/Documents/project/Mlops/myenv/lib/python3.12/site-packages/airflow/example_dags/example_branch_operator_decorator.py
[2025-04-03T13:59:50.642+0000] {processor.py:914} INFO - Processing file /home/hamza/Documents/project/Mlops/myenv/lib/python3.12/site-packages/airflow/example_dags/example_branch_operator_decorator.py for tasks to queue
[2025-04-03T13:59:50.646+0000] {logging_mixin.py:190} INFO - [2025-04-03T13:59:50.645+0000] {dagbag.py:588} INFO - Filling up the DagBag from /home/hamza/Documents/project/Mlops/myenv/lib/python3.12/site-packages/airflow/example_dags/example_branch_operator_decorator.py
[2025-04-03T13:59:50.706+0000] {processor.py:925} INFO - DAG(s) 'example_branch_python_operator_decorator' retrieved from /home/hamza/Documents/project/Mlops/myenv/lib/python3.12/site-packages/airflow/example_dags/example_branch_operator_decorator.py
[2025-04-03T13:59:50.982+0000] {logging_mixin.py:190} INFO - [2025-04-03T13:59:50.982+0000] {dag.py:3239} INFO - Sync 1 DAGs
[2025-04-03T13:59:51.064+0000] {logging_mixin.py:190} INFO - [2025-04-03T13:59:51.063+0000] {dag.py:4180} INFO - Setting next_dagrun for example_branch_python_operator_decorator to 2025-04-02 00:00:00+00:00, run_after=2025-04-03 00:00:00+00:00
[2025-04-03T13:59:51.132+0000] {processor.py:208} INFO - Processing /home/hamza/Documents/project/Mlops/myenv/lib/python3.12/site-packages/airflow/example_dags/example_branch_operator_decorator.py took 0.504 seconds
[2025-04-03T14:10:38.168+0000] {processor.py:186} INFO - Started process (PID=118327) to work on /home/hamza/Documents/project/Mlops/myenv/lib/python3.12/site-packages/airflow/example_dags/example_branch_operator_decorator.py
[2025-04-03T14:10:38.171+0000] {processor.py:914} INFO - Processing file /home/hamza/Documents/project/Mlops/myenv/lib/python3.12/site-packages/airflow/example_dags/example_branch_operator_decorator.py for tasks to queue
[2025-04-03T14:10:38.174+0000] {logging_mixin.py:190} INFO - [2025-04-03T14:10:38.173+0000] {dagbag.py:588} INFO - Filling up the DagBag from /home/hamza/Documents/project/Mlops/myenv/lib/python3.12/site-packages/airflow/example_dags/example_branch_operator_decorator.py
[2025-04-03T14:10:38.207+0000] {processor.py:925} INFO - DAG(s) 'example_branch_python_operator_decorator' retrieved from /home/hamza/Documents/project/Mlops/myenv/lib/python3.12/site-packages/airflow/example_dags/example_branch_operator_decorator.py
[2025-04-03T14:10:38.374+0000] {logging_mixin.py:190} INFO - [2025-04-03T14:10:38.374+0000] {dag.py:3239} INFO - Sync 1 DAGs
[2025-04-03T14:10:38.401+0000] {logging_mixin.py:190} INFO - [2025-04-03T14:10:38.401+0000] {dag.py:4180} INFO - Setting next_dagrun for example_branch_python_operator_decorator to 2025-04-02 00:00:00+00:00, run_after=2025-04-03 00:00:00+00:00
[2025-04-03T14:10:38.432+0000] {processor.py:208} INFO - Processing /home/hamza/Documents/project/Mlops/myenv/lib/python3.12/site-packages/airflow/example_dags/example_branch_operator_decorator.py took 0.273 seconds
[2025-04-03T14:12:15.236+0000] {processor.py:186} INFO - Started process (PID=119189) to work on /home/hamza/Documents/project/Mlops/myenv/lib/python3.12/site-packages/airflow/example_dags/example_branch_operator_decorator.py
[2025-04-03T14:12:15.238+0000] {processor.py:914} INFO - Processing file /home/hamza/Documents/project/Mlops/myenv/lib/python3.12/site-packages/airflow/example_dags/example_branch_operator_decorator.py for tasks to queue
[2025-04-03T14:12:15.241+0000] {logging_mixin.py:190} INFO - [2025-04-03T14:12:15.240+0000] {dagbag.py:588} INFO - Filling up the DagBag from /home/hamza/Documents/project/Mlops/myenv/lib/python3.12/site-packages/airflow/example_dags/example_branch_operator_decorator.py
[2025-04-03T14:12:15.277+0000] {processor.py:925} INFO - DAG(s) 'example_branch_python_operator_decorator' retrieved from /home/hamza/Documents/project/Mlops/myenv/lib/python3.12/site-packages/airflow/example_dags/example_branch_operator_decorator.py
[2025-04-03T14:12:15.316+0000] {logging_mixin.py:190} INFO - [2025-04-03T14:12:15.316+0000] {dag.py:3239} INFO - Sync 1 DAGs
[2025-04-03T14:12:15.349+0000] {logging_mixin.py:190} INFO - [2025-04-03T14:12:15.349+0000] {dag.py:4180} INFO - Setting next_dagrun for example_branch_python_operator_decorator to 2025-04-02 00:00:00+00:00, run_after=2025-04-03 00:00:00+00:00
[2025-04-03T14:12:15.388+0000] {processor.py:208} INFO - Processing /home/hamza/Documents/project/Mlops/myenv/lib/python3.12/site-packages/airflow/example_dags/example_branch_operator_decorator.py took 0.160 seconds
[2025-04-03T14:19:16.865+0000] {processor.py:186} INFO - Started process (PID=122692) to work on /home/hamza/Documents/project/Mlops/myenv/lib/python3.12/site-packages/airflow/example_dags/example_branch_operator_decorator.py
[2025-04-03T14:19:16.888+0000] {processor.py:914} INFO - Processing file /home/hamza/Documents/project/Mlops/myenv/lib/python3.12/site-packages/airflow/example_dags/example_branch_operator_decorator.py for tasks to queue
[2025-04-03T14:19:16.891+0000] {logging_mixin.py:190} INFO - [2025-04-03T14:19:16.890+0000] {dagbag.py:588} INFO - Filling up the DagBag from /home/hamza/Documents/project/Mlops/myenv/lib/python3.12/site-packages/airflow/example_dags/example_branch_operator_decorator.py
[2025-04-03T14:19:16.928+0000] {processor.py:925} INFO - DAG(s) 'example_branch_python_operator_decorator' retrieved from /home/hamza/Documents/project/Mlops/myenv/lib/python3.12/site-packages/airflow/example_dags/example_branch_operator_decorator.py
[2025-04-03T14:19:16.972+0000] {logging_mixin.py:190} INFO - [2025-04-03T14:19:16.972+0000] {dag.py:3239} INFO - Sync 1 DAGs
[2025-04-03T14:19:17.009+0000] {logging_mixin.py:190} INFO - [2025-04-03T14:19:17.009+0000] {dag.py:4180} INFO - Setting next_dagrun for example_branch_python_operator_decorator to 2025-04-02 00:00:00+00:00, run_after=2025-04-03 00:00:00+00:00
[2025-04-03T14:19:17.047+0000] {processor.py:208} INFO - Processing /home/hamza/Documents/project/Mlops/myenv/lib/python3.12/site-packages/airflow/example_dags/example_branch_operator_decorator.py took 0.191 seconds
[2025-04-03T15:08:48.059+0000] {processor.py:186} INFO - Started process (PID=36390) to work on /home/hamza/Documents/project/Mlops/myenv/lib/python3.12/site-packages/airflow/example_dags/example_branch_operator_decorator.py
[2025-04-03T15:08:48.060+0000] {processor.py:914} INFO - Processing file /home/hamza/Documents/project/Mlops/myenv/lib/python3.12/site-packages/airflow/example_dags/example_branch_operator_decorator.py for tasks to queue
[2025-04-03T15:08:48.064+0000] {logging_mixin.py:190} INFO - [2025-04-03T15:08:48.063+0000] {dagbag.py:588} INFO - Filling up the DagBag from /home/hamza/Documents/project/Mlops/myenv/lib/python3.12/site-packages/airflow/example_dags/example_branch_operator_decorator.py
[2025-04-03T15:08:48.103+0000] {processor.py:925} INFO - DAG(s) 'example_branch_python_operator_decorator' retrieved from /home/hamza/Documents/project/Mlops/myenv/lib/python3.12/site-packages/airflow/example_dags/example_branch_operator_decorator.py
[2025-04-03T15:08:48.320+0000] {logging_mixin.py:190} INFO - [2025-04-03T15:08:48.319+0000] {dag.py:3239} INFO - Sync 1 DAGs
[2025-04-03T15:08:48.347+0000] {logging_mixin.py:190} INFO - [2025-04-03T15:08:48.346+0000] {dag.py:4180} INFO - Setting next_dagrun for example_branch_python_operator_decorator to 2025-04-02 00:00:00+00:00, run_after=2025-04-03 00:00:00+00:00
[2025-04-03T15:08:48.384+0000] {processor.py:208} INFO - Processing /home/hamza/Documents/project/Mlops/myenv/lib/python3.12/site-packages/airflow/example_dags/example_branch_operator_decorator.py took 0.334 seconds
[2025-04-03T15:10:18.301+0000] {processor.py:186} INFO - Started process (PID=37306) to work on /home/hamza/Documents/project/Mlops/myenv/lib/python3.12/site-packages/airflow/example_dags/example_branch_operator_decorator.py
[2025-04-03T15:10:18.307+0000] {processor.py:914} INFO - Processing file /home/hamza/Documents/project/Mlops/myenv/lib/python3.12/site-packages/airflow/example_dags/example_branch_operator_decorator.py for tasks to queue
[2025-04-03T15:10:18.311+0000] {logging_mixin.py:190} INFO - [2025-04-03T15:10:18.310+0000] {dagbag.py:588} INFO - Filling up the DagBag from /home/hamza/Documents/project/Mlops/myenv/lib/python3.12/site-packages/airflow/example_dags/example_branch_operator_decorator.py
[2025-04-03T15:10:18.350+0000] {processor.py:925} INFO - DAG(s) 'example_branch_python_operator_decorator' retrieved from /home/hamza/Documents/project/Mlops/myenv/lib/python3.12/site-packages/airflow/example_dags/example_branch_operator_decorator.py
[2025-04-03T15:10:18.392+0000] {logging_mixin.py:190} INFO - [2025-04-03T15:10:18.392+0000] {dag.py:3239} INFO - Sync 1 DAGs
[2025-04-03T15:10:18.426+0000] {logging_mixin.py:190} INFO - [2025-04-03T15:10:18.426+0000] {dag.py:4180} INFO - Setting next_dagrun for example_branch_python_operator_decorator to 2025-04-02 00:00:00+00:00, run_after=2025-04-03 00:00:00+00:00
[2025-04-03T15:10:18.474+0000] {processor.py:208} INFO - Processing /home/hamza/Documents/project/Mlops/myenv/lib/python3.12/site-packages/airflow/example_dags/example_branch_operator_decorator.py took 0.182 seconds
[2025-04-03T15:11:46.253+0000] {processor.py:186} INFO - Started process (PID=38093) to work on /home/hamza/Documents/project/Mlops/myenv/lib/python3.12/site-packages/airflow/example_dags/example_branch_operator_decorator.py
[2025-04-03T15:11:46.257+0000] {processor.py:914} INFO - Processing file /home/hamza/Documents/project/Mlops/myenv/lib/python3.12/site-packages/airflow/example_dags/example_branch_operator_decorator.py for tasks to queue
[2025-04-03T15:11:46.261+0000] {logging_mixin.py:190} INFO - [2025-04-03T15:11:46.260+0000] {dagbag.py:588} INFO - Filling up the DagBag from /home/hamza/Documents/project/Mlops/myenv/lib/python3.12/site-packages/airflow/example_dags/example_branch_operator_decorator.py
[2025-04-03T15:11:46.299+0000] {processor.py:925} INFO - DAG(s) 'example_branch_python_operator_decorator' retrieved from /home/hamza/Documents/project/Mlops/myenv/lib/python3.12/site-packages/airflow/example_dags/example_branch_operator_decorator.py
[2025-04-03T15:11:46.343+0000] {logging_mixin.py:190} INFO - [2025-04-03T15:11:46.343+0000] {dag.py:3239} INFO - Sync 1 DAGs
[2025-04-03T15:11:46.381+0000] {logging_mixin.py:190} INFO - [2025-04-03T15:11:46.380+0000] {dag.py:4180} INFO - Setting next_dagrun for example_branch_python_operator_decorator to 2025-04-02 00:00:00+00:00, run_after=2025-04-03 00:00:00+00:00
[2025-04-03T15:11:46.417+0000] {processor.py:208} INFO - Processing /home/hamza/Documents/project/Mlops/myenv/lib/python3.12/site-packages/airflow/example_dags/example_branch_operator_decorator.py took 0.173 seconds
[2025-04-03T15:13:23.068+0000] {processor.py:186} INFO - Started process (PID=38992) to work on /home/hamza/Documents/project/Mlops/myenv/lib/python3.12/site-packages/airflow/example_dags/example_branch_operator_decorator.py
[2025-04-03T15:13:23.070+0000] {processor.py:914} INFO - Processing file /home/hamza/Documents/project/Mlops/myenv/lib/python3.12/site-packages/airflow/example_dags/example_branch_operator_decorator.py for tasks to queue
[2025-04-03T15:13:23.074+0000] {logging_mixin.py:190} INFO - [2025-04-03T15:13:23.074+0000] {dagbag.py:588} INFO - Filling up the DagBag from /home/hamza/Documents/project/Mlops/myenv/lib/python3.12/site-packages/airflow/example_dags/example_branch_operator_decorator.py
[2025-04-03T15:13:23.112+0000] {processor.py:925} INFO - DAG(s) 'example_branch_python_operator_decorator' retrieved from /home/hamza/Documents/project/Mlops/myenv/lib/python3.12/site-packages/airflow/example_dags/example_branch_operator_decorator.py
[2025-04-03T15:13:23.157+0000] {logging_mixin.py:190} INFO - [2025-04-03T15:13:23.157+0000] {dag.py:3239} INFO - Sync 1 DAGs
[2025-04-03T15:13:23.193+0000] {logging_mixin.py:190} INFO - [2025-04-03T15:13:23.193+0000] {dag.py:4180} INFO - Setting next_dagrun for example_branch_python_operator_decorator to 2025-04-02 00:00:00+00:00, run_after=2025-04-03 00:00:00+00:00
[2025-04-03T15:13:23.227+0000] {processor.py:208} INFO - Processing /home/hamza/Documents/project/Mlops/myenv/lib/python3.12/site-packages/airflow/example_dags/example_branch_operator_decorator.py took 0.168 seconds
[2025-04-03T15:14:57.260+0000] {processor.py:186} INFO - Started process (PID=39863) to work on /home/hamza/Documents/project/Mlops/myenv/lib/python3.12/site-packages/airflow/example_dags/example_branch_operator_decorator.py
[2025-04-03T15:14:57.261+0000] {processor.py:914} INFO - Processing file /home/hamza/Documents/project/Mlops/myenv/lib/python3.12/site-packages/airflow/example_dags/example_branch_operator_decorator.py for tasks to queue
[2025-04-03T15:14:57.267+0000] {logging_mixin.py:190} INFO - [2025-04-03T15:14:57.266+0000] {dagbag.py:588} INFO - Filling up the DagBag from /home/hamza/Documents/project/Mlops/myenv/lib/python3.12/site-packages/airflow/example_dags/example_branch_operator_decorator.py
[2025-04-03T15:14:57.333+0000] {processor.py:925} INFO - DAG(s) 'example_branch_python_operator_decorator' retrieved from /home/hamza/Documents/project/Mlops/myenv/lib/python3.12/site-packages/airflow/example_dags/example_branch_operator_decorator.py
[2025-04-03T15:14:57.384+0000] {logging_mixin.py:190} INFO - [2025-04-03T15:14:57.384+0000] {dag.py:3239} INFO - Sync 1 DAGs
[2025-04-03T15:14:57.427+0000] {logging_mixin.py:190} INFO - [2025-04-03T15:14:57.427+0000] {dag.py:4180} INFO - Setting next_dagrun for example_branch_python_operator_decorator to 2025-04-02 00:00:00+00:00, run_after=2025-04-03 00:00:00+00:00
[2025-04-03T15:14:57.466+0000] {processor.py:208} INFO - Processing /home/hamza/Documents/project/Mlops/myenv/lib/python3.12/site-packages/airflow/example_dags/example_branch_operator_decorator.py took 0.217 seconds
[2025-04-03T15:16:36.227+0000] {processor.py:186} INFO - Started process (PID=40872) to work on /home/hamza/Documents/project/Mlops/myenv/lib/python3.12/site-packages/airflow/example_dags/example_branch_operator_decorator.py
[2025-04-03T15:16:36.230+0000] {processor.py:914} INFO - Processing file /home/hamza/Documents/project/Mlops/myenv/lib/python3.12/site-packages/airflow/example_dags/example_branch_operator_decorator.py for tasks to queue
[2025-04-03T15:16:36.233+0000] {logging_mixin.py:190} INFO - [2025-04-03T15:16:36.233+0000] {dagbag.py:588} INFO - Filling up the DagBag from /home/hamza/Documents/project/Mlops/myenv/lib/python3.12/site-packages/airflow/example_dags/example_branch_operator_decorator.py
[2025-04-03T15:16:36.269+0000] {processor.py:925} INFO - DAG(s) 'example_branch_python_operator_decorator' retrieved from /home/hamza/Documents/project/Mlops/myenv/lib/python3.12/site-packages/airflow/example_dags/example_branch_operator_decorator.py
[2025-04-03T15:16:36.307+0000] {logging_mixin.py:190} INFO - [2025-04-03T15:16:36.306+0000] {dag.py:3239} INFO - Sync 1 DAGs
[2025-04-03T15:16:36.343+0000] {logging_mixin.py:190} INFO - [2025-04-03T15:16:36.342+0000] {dag.py:4180} INFO - Setting next_dagrun for example_branch_python_operator_decorator to 2025-04-02 00:00:00+00:00, run_after=2025-04-03 00:00:00+00:00
[2025-04-03T15:16:36.381+0000] {processor.py:208} INFO - Processing /home/hamza/Documents/project/Mlops/myenv/lib/python3.12/site-packages/airflow/example_dags/example_branch_operator_decorator.py took 0.164 seconds
[2025-04-03T15:18:14.837+0000] {processor.py:186} INFO - Started process (PID=41932) to work on /home/hamza/Documents/project/Mlops/myenv/lib/python3.12/site-packages/airflow/example_dags/example_branch_operator_decorator.py
[2025-04-03T15:18:14.840+0000] {processor.py:914} INFO - Processing file /home/hamza/Documents/project/Mlops/myenv/lib/python3.12/site-packages/airflow/example_dags/example_branch_operator_decorator.py for tasks to queue
[2025-04-03T15:18:14.844+0000] {logging_mixin.py:190} INFO - [2025-04-03T15:18:14.843+0000] {dagbag.py:588} INFO - Filling up the DagBag from /home/hamza/Documents/project/Mlops/myenv/lib/python3.12/site-packages/airflow/example_dags/example_branch_operator_decorator.py
[2025-04-03T15:18:14.879+0000] {processor.py:925} INFO - DAG(s) 'example_branch_python_operator_decorator' retrieved from /home/hamza/Documents/project/Mlops/myenv/lib/python3.12/site-packages/airflow/example_dags/example_branch_operator_decorator.py
[2025-04-03T15:18:14.916+0000] {logging_mixin.py:190} INFO - [2025-04-03T15:18:14.916+0000] {dag.py:3239} INFO - Sync 1 DAGs
[2025-04-03T15:18:14.950+0000] {logging_mixin.py:190} INFO - [2025-04-03T15:18:14.950+0000] {dag.py:4180} INFO - Setting next_dagrun for example_branch_python_operator_decorator to 2025-04-02 00:00:00+00:00, run_after=2025-04-03 00:00:00+00:00
[2025-04-03T15:18:14.987+0000] {processor.py:208} INFO - Processing /home/hamza/Documents/project/Mlops/myenv/lib/python3.12/site-packages/airflow/example_dags/example_branch_operator_decorator.py took 0.159 seconds
[2025-04-03T15:19:44.845+0000] {processor.py:186} INFO - Started process (PID=42909) to work on /home/hamza/Documents/project/Mlops/myenv/lib/python3.12/site-packages/airflow/example_dags/example_branch_operator_decorator.py
[2025-04-03T15:19:44.847+0000] {processor.py:914} INFO - Processing file /home/hamza/Documents/project/Mlops/myenv/lib/python3.12/site-packages/airflow/example_dags/example_branch_operator_decorator.py for tasks to queue
[2025-04-03T15:19:44.850+0000] {logging_mixin.py:190} INFO - [2025-04-03T15:19:44.849+0000] {dagbag.py:588} INFO - Filling up the DagBag from /home/hamza/Documents/project/Mlops/myenv/lib/python3.12/site-packages/airflow/example_dags/example_branch_operator_decorator.py
[2025-04-03T15:19:44.883+0000] {processor.py:925} INFO - DAG(s) 'example_branch_python_operator_decorator' retrieved from /home/hamza/Documents/project/Mlops/myenv/lib/python3.12/site-packages/airflow/example_dags/example_branch_operator_decorator.py
[2025-04-03T15:19:44.918+0000] {logging_mixin.py:190} INFO - [2025-04-03T15:19:44.918+0000] {dag.py:3239} INFO - Sync 1 DAGs
[2025-04-03T15:19:44.957+0000] {logging_mixin.py:190} INFO - [2025-04-03T15:19:44.957+0000] {dag.py:4180} INFO - Setting next_dagrun for example_branch_python_operator_decorator to 2025-04-02 00:00:00+00:00, run_after=2025-04-03 00:00:00+00:00
[2025-04-03T15:19:44.992+0000] {processor.py:208} INFO - Processing /home/hamza/Documents/project/Mlops/myenv/lib/python3.12/site-packages/airflow/example_dags/example_branch_operator_decorator.py took 0.154 seconds
[2025-04-03T15:21:16.134+0000] {processor.py:186} INFO - Started process (PID=43801) to work on /home/hamza/Documents/project/Mlops/myenv/lib/python3.12/site-packages/airflow/example_dags/example_branch_operator_decorator.py
[2025-04-03T15:21:16.136+0000] {processor.py:914} INFO - Processing file /home/hamza/Documents/project/Mlops/myenv/lib/python3.12/site-packages/airflow/example_dags/example_branch_operator_decorator.py for tasks to queue
[2025-04-03T15:21:16.140+0000] {logging_mixin.py:190} INFO - [2025-04-03T15:21:16.139+0000] {dagbag.py:588} INFO - Filling up the DagBag from /home/hamza/Documents/project/Mlops/myenv/lib/python3.12/site-packages/airflow/example_dags/example_branch_operator_decorator.py
[2025-04-03T15:21:16.177+0000] {processor.py:925} INFO - DAG(s) 'example_branch_python_operator_decorator' retrieved from /home/hamza/Documents/project/Mlops/myenv/lib/python3.12/site-packages/airflow/example_dags/example_branch_operator_decorator.py
[2025-04-03T15:21:16.216+0000] {logging_mixin.py:190} INFO - [2025-04-03T15:21:16.215+0000] {dag.py:3239} INFO - Sync 1 DAGs
[2025-04-03T15:21:16.250+0000] {logging_mixin.py:190} INFO - [2025-04-03T15:21:16.249+0000] {dag.py:4180} INFO - Setting next_dagrun for example_branch_python_operator_decorator to 2025-04-02 00:00:00+00:00, run_after=2025-04-03 00:00:00+00:00
[2025-04-03T15:21:16.284+0000] {processor.py:208} INFO - Processing /home/hamza/Documents/project/Mlops/myenv/lib/python3.12/site-packages/airflow/example_dags/example_branch_operator_decorator.py took 0.159 seconds
[2025-04-03T15:22:53.127+0000] {processor.py:186} INFO - Started process (PID=44723) to work on /home/hamza/Documents/project/Mlops/myenv/lib/python3.12/site-packages/airflow/example_dags/example_branch_operator_decorator.py
[2025-04-03T15:22:53.130+0000] {processor.py:914} INFO - Processing file /home/hamza/Documents/project/Mlops/myenv/lib/python3.12/site-packages/airflow/example_dags/example_branch_operator_decorator.py for tasks to queue
[2025-04-03T15:22:53.135+0000] {logging_mixin.py:190} INFO - [2025-04-03T15:22:53.134+0000] {dagbag.py:588} INFO - Filling up the DagBag from /home/hamza/Documents/project/Mlops/myenv/lib/python3.12/site-packages/airflow/example_dags/example_branch_operator_decorator.py
[2025-04-03T15:22:53.176+0000] {processor.py:925} INFO - DAG(s) 'example_branch_python_operator_decorator' retrieved from /home/hamza/Documents/project/Mlops/myenv/lib/python3.12/site-packages/airflow/example_dags/example_branch_operator_decorator.py
[2025-04-03T15:22:53.215+0000] {logging_mixin.py:190} INFO - [2025-04-03T15:22:53.215+0000] {dag.py:3239} INFO - Sync 1 DAGs
[2025-04-03T15:22:53.252+0000] {logging_mixin.py:190} INFO - [2025-04-03T15:22:53.252+0000] {dag.py:4180} INFO - Setting next_dagrun for example_branch_python_operator_decorator to 2025-04-02 00:00:00+00:00, run_after=2025-04-03 00:00:00+00:00
[2025-04-03T15:22:53.287+0000] {processor.py:208} INFO - Processing /home/hamza/Documents/project/Mlops/myenv/lib/python3.12/site-packages/airflow/example_dags/example_branch_operator_decorator.py took 0.170 seconds
[2025-04-03T15:24:29.503+0000] {processor.py:186} INFO - Started process (PID=45683) to work on /home/hamza/Documents/project/Mlops/myenv/lib/python3.12/site-packages/airflow/example_dags/example_branch_operator_decorator.py
[2025-04-03T15:24:29.506+0000] {processor.py:914} INFO - Processing file /home/hamza/Documents/project/Mlops/myenv/lib/python3.12/site-packages/airflow/example_dags/example_branch_operator_decorator.py for tasks to queue
[2025-04-03T15:24:29.510+0000] {logging_mixin.py:190} INFO - [2025-04-03T15:24:29.510+0000] {dagbag.py:588} INFO - Filling up the DagBag from /home/hamza/Documents/project/Mlops/myenv/lib/python3.12/site-packages/airflow/example_dags/example_branch_operator_decorator.py
[2025-04-03T15:24:29.548+0000] {processor.py:925} INFO - DAG(s) 'example_branch_python_operator_decorator' retrieved from /home/hamza/Documents/project/Mlops/myenv/lib/python3.12/site-packages/airflow/example_dags/example_branch_operator_decorator.py
[2025-04-03T15:24:29.588+0000] {logging_mixin.py:190} INFO - [2025-04-03T15:24:29.587+0000] {dag.py:3239} INFO - Sync 1 DAGs
[2025-04-03T15:24:29.621+0000] {logging_mixin.py:190} INFO - [2025-04-03T15:24:29.620+0000] {dag.py:4180} INFO - Setting next_dagrun for example_branch_python_operator_decorator to 2025-04-02 00:00:00+00:00, run_after=2025-04-03 00:00:00+00:00
[2025-04-03T15:24:29.653+0000] {processor.py:208} INFO - Processing /home/hamza/Documents/project/Mlops/myenv/lib/python3.12/site-packages/airflow/example_dags/example_branch_operator_decorator.py took 0.159 seconds
[2025-04-03T15:25:59.473+0000] {processor.py:186} INFO - Started process (PID=46565) to work on /home/hamza/Documents/project/Mlops/myenv/lib/python3.12/site-packages/airflow/example_dags/example_branch_operator_decorator.py
[2025-04-03T15:25:59.475+0000] {processor.py:914} INFO - Processing file /home/hamza/Documents/project/Mlops/myenv/lib/python3.12/site-packages/airflow/example_dags/example_branch_operator_decorator.py for tasks to queue
[2025-04-03T15:25:59.479+0000] {logging_mixin.py:190} INFO - [2025-04-03T15:25:59.478+0000] {dagbag.py:588} INFO - Filling up the DagBag from /home/hamza/Documents/project/Mlops/myenv/lib/python3.12/site-packages/airflow/example_dags/example_branch_operator_decorator.py
[2025-04-03T15:25:59.523+0000] {processor.py:925} INFO - DAG(s) 'example_branch_python_operator_decorator' retrieved from /home/hamza/Documents/project/Mlops/myenv/lib/python3.12/site-packages/airflow/example_dags/example_branch_operator_decorator.py
[2025-04-03T15:25:59.561+0000] {logging_mixin.py:190} INFO - [2025-04-03T15:25:59.561+0000] {dag.py:3239} INFO - Sync 1 DAGs
[2025-04-03T15:25:59.596+0000] {logging_mixin.py:190} INFO - [2025-04-03T15:25:59.595+0000] {dag.py:4180} INFO - Setting next_dagrun for example_branch_python_operator_decorator to 2025-04-02 00:00:00+00:00, run_after=2025-04-03 00:00:00+00:00
[2025-04-03T15:25:59.637+0000] {processor.py:208} INFO - Processing /home/hamza/Documents/project/Mlops/myenv/lib/python3.12/site-packages/airflow/example_dags/example_branch_operator_decorator.py took 0.173 seconds
[2025-04-03T16:31:47.757+0000] {processor.py:186} INFO - Started process (PID=83207) to work on /home/hamza/Documents/project/Mlops/myenv/lib/python3.12/site-packages/airflow/example_dags/example_branch_operator_decorator.py
[2025-04-03T16:31:47.760+0000] {processor.py:914} INFO - Processing file /home/hamza/Documents/project/Mlops/myenv/lib/python3.12/site-packages/airflow/example_dags/example_branch_operator_decorator.py for tasks to queue
[2025-04-03T16:31:47.858+0000] {logging_mixin.py:190} INFO - [2025-04-03T16:31:47.828+0000] {dagbag.py:588} INFO - Filling up the DagBag from /home/hamza/Documents/project/Mlops/myenv/lib/python3.12/site-packages/airflow/example_dags/example_branch_operator_decorator.py
[2025-04-03T16:31:48.055+0000] {processor.py:925} INFO - DAG(s) 'example_branch_python_operator_decorator' retrieved from /home/hamza/Documents/project/Mlops/myenv/lib/python3.12/site-packages/airflow/example_dags/example_branch_operator_decorator.py
[2025-04-03T16:32:24.679+0000] {logging_mixin.py:190} INFO - [2025-04-03T16:32:24.661+0000] {dag.py:3239} INFO - Sync 1 DAGs
[2025-04-03T16:32:24.908+0000] {logging_mixin.py:190} INFO - [2025-04-03T16:32:24.908+0000] {dag.py:4180} INFO - Setting next_dagrun for example_branch_python_operator_decorator to 2025-04-02 00:00:00+00:00, run_after=2025-04-03 00:00:00+00:00
[2025-04-03T16:32:26.126+0000] {processor.py:208} INFO - Processing /home/hamza/Documents/project/Mlops/myenv/lib/python3.12/site-packages/airflow/example_dags/example_branch_operator_decorator.py took 38.391 seconds
[2025-04-03T16:34:39.514+0000] {processor.py:186} INFO - Started process (PID=84558) to work on /home/hamza/Documents/project/Mlops/myenv/lib/python3.12/site-packages/airflow/example_dags/example_branch_operator_decorator.py
[2025-04-03T16:34:39.515+0000] {processor.py:914} INFO - Processing file /home/hamza/Documents/project/Mlops/myenv/lib/python3.12/site-packages/airflow/example_dags/example_branch_operator_decorator.py for tasks to queue
[2025-04-03T16:34:39.519+0000] {logging_mixin.py:190} INFO - [2025-04-03T16:34:39.518+0000] {dagbag.py:588} INFO - Filling up the DagBag from /home/hamza/Documents/project/Mlops/myenv/lib/python3.12/site-packages/airflow/example_dags/example_branch_operator_decorator.py
[2025-04-03T16:34:39.560+0000] {processor.py:925} INFO - DAG(s) 'example_branch_python_operator_decorator' retrieved from /home/hamza/Documents/project/Mlops/myenv/lib/python3.12/site-packages/airflow/example_dags/example_branch_operator_decorator.py
[2025-04-03T16:34:39.739+0000] {logging_mixin.py:190} INFO - [2025-04-03T16:34:39.739+0000] {dag.py:3239} INFO - Sync 1 DAGs
[2025-04-03T16:34:39.772+0000] {logging_mixin.py:190} INFO - [2025-04-03T16:34:39.772+0000] {dag.py:4180} INFO - Setting next_dagrun for example_branch_python_operator_decorator to 2025-04-02 00:00:00+00:00, run_after=2025-04-03 00:00:00+00:00
[2025-04-03T16:34:39.808+0000] {processor.py:208} INFO - Processing /home/hamza/Documents/project/Mlops/myenv/lib/python3.12/site-packages/airflow/example_dags/example_branch_operator_decorator.py took 0.305 seconds
[2025-04-03T16:36:28.840+0000] {processor.py:186} INFO - Started process (PID=85483) to work on /home/hamza/Documents/project/Mlops/myenv/lib/python3.12/site-packages/airflow/example_dags/example_branch_operator_decorator.py
[2025-04-03T16:36:28.842+0000] {processor.py:914} INFO - Processing file /home/hamza/Documents/project/Mlops/myenv/lib/python3.12/site-packages/airflow/example_dags/example_branch_operator_decorator.py for tasks to queue
[2025-04-03T16:36:28.846+0000] {logging_mixin.py:190} INFO - [2025-04-03T16:36:28.845+0000] {dagbag.py:588} INFO - Filling up the DagBag from /home/hamza/Documents/project/Mlops/myenv/lib/python3.12/site-packages/airflow/example_dags/example_branch_operator_decorator.py
[2025-04-03T16:36:28.888+0000] {processor.py:925} INFO - DAG(s) 'example_branch_python_operator_decorator' retrieved from /home/hamza/Documents/project/Mlops/myenv/lib/python3.12/site-packages/airflow/example_dags/example_branch_operator_decorator.py
[2025-04-03T16:36:28.931+0000] {logging_mixin.py:190} INFO - [2025-04-03T16:36:28.931+0000] {dag.py:3239} INFO - Sync 1 DAGs
[2025-04-03T16:36:28.969+0000] {logging_mixin.py:190} INFO - [2025-04-03T16:36:28.969+0000] {dag.py:4180} INFO - Setting next_dagrun for example_branch_python_operator_decorator to 2025-04-02 00:00:00+00:00, run_after=2025-04-03 00:00:00+00:00
[2025-04-03T16:36:29.010+0000] {processor.py:208} INFO - Processing /home/hamza/Documents/project/Mlops/myenv/lib/python3.12/site-packages/airflow/example_dags/example_branch_operator_decorator.py took 0.180 seconds
[2025-04-03T16:37:56.257+0000] {processor.py:186} INFO - Started process (PID=86261) to work on /home/hamza/Documents/project/Mlops/myenv/lib/python3.12/site-packages/airflow/example_dags/example_branch_operator_decorator.py
[2025-04-03T16:37:56.259+0000] {processor.py:914} INFO - Processing file /home/hamza/Documents/project/Mlops/myenv/lib/python3.12/site-packages/airflow/example_dags/example_branch_operator_decorator.py for tasks to queue
[2025-04-03T16:37:56.264+0000] {logging_mixin.py:190} INFO - [2025-04-03T16:37:56.263+0000] {dagbag.py:588} INFO - Filling up the DagBag from /home/hamza/Documents/project/Mlops/myenv/lib/python3.12/site-packages/airflow/example_dags/example_branch_operator_decorator.py
[2025-04-03T16:37:56.305+0000] {processor.py:925} INFO - DAG(s) 'example_branch_python_operator_decorator' retrieved from /home/hamza/Documents/project/Mlops/myenv/lib/python3.12/site-packages/airflow/example_dags/example_branch_operator_decorator.py
[2025-04-03T16:37:56.346+0000] {logging_mixin.py:190} INFO - [2025-04-03T16:37:56.345+0000] {dag.py:3239} INFO - Sync 1 DAGs
[2025-04-03T16:37:56.383+0000] {logging_mixin.py:190} INFO - [2025-04-03T16:37:56.383+0000] {dag.py:4180} INFO - Setting next_dagrun for example_branch_python_operator_decorator to 2025-04-02 00:00:00+00:00, run_after=2025-04-03 00:00:00+00:00
[2025-04-03T16:37:56.421+0000] {processor.py:208} INFO - Processing /home/hamza/Documents/project/Mlops/myenv/lib/python3.12/site-packages/airflow/example_dags/example_branch_operator_decorator.py took 0.174 seconds
[2025-04-03T16:39:28.953+0000] {processor.py:186} INFO - Started process (PID=87486) to work on /home/hamza/Documents/project/Mlops/myenv/lib/python3.12/site-packages/airflow/example_dags/example_branch_operator_decorator.py
[2025-04-03T16:39:28.955+0000] {processor.py:914} INFO - Processing file /home/hamza/Documents/project/Mlops/myenv/lib/python3.12/site-packages/airflow/example_dags/example_branch_operator_decorator.py for tasks to queue
[2025-04-03T16:39:28.958+0000] {logging_mixin.py:190} INFO - [2025-04-03T16:39:28.958+0000] {dagbag.py:588} INFO - Filling up the DagBag from /home/hamza/Documents/project/Mlops/myenv/lib/python3.12/site-packages/airflow/example_dags/example_branch_operator_decorator.py
[2025-04-03T16:39:29.000+0000] {processor.py:925} INFO - DAG(s) 'example_branch_python_operator_decorator' retrieved from /home/hamza/Documents/project/Mlops/myenv/lib/python3.12/site-packages/airflow/example_dags/example_branch_operator_decorator.py
[2025-04-03T16:39:29.042+0000] {logging_mixin.py:190} INFO - [2025-04-03T16:39:29.042+0000] {dag.py:3239} INFO - Sync 1 DAGs
[2025-04-03T16:39:29.083+0000] {logging_mixin.py:190} INFO - [2025-04-03T16:39:29.082+0000] {dag.py:4180} INFO - Setting next_dagrun for example_branch_python_operator_decorator to 2025-04-02 00:00:00+00:00, run_after=2025-04-03 00:00:00+00:00
[2025-04-03T16:39:29.116+0000] {processor.py:208} INFO - Processing /home/hamza/Documents/project/Mlops/myenv/lib/python3.12/site-packages/airflow/example_dags/example_branch_operator_decorator.py took 0.173 seconds
[2025-04-03T16:41:03.681+0000] {processor.py:186} INFO - Started process (PID=88347) to work on /home/hamza/Documents/project/Mlops/myenv/lib/python3.12/site-packages/airflow/example_dags/example_branch_operator_decorator.py
[2025-04-03T16:41:03.683+0000] {processor.py:914} INFO - Processing file /home/hamza/Documents/project/Mlops/myenv/lib/python3.12/site-packages/airflow/example_dags/example_branch_operator_decorator.py for tasks to queue
[2025-04-03T16:41:03.689+0000] {logging_mixin.py:190} INFO - [2025-04-03T16:41:03.688+0000] {dagbag.py:588} INFO - Filling up the DagBag from /home/hamza/Documents/project/Mlops/myenv/lib/python3.12/site-packages/airflow/example_dags/example_branch_operator_decorator.py
[2025-04-03T16:41:03.740+0000] {processor.py:925} INFO - DAG(s) 'example_branch_python_operator_decorator' retrieved from /home/hamza/Documents/project/Mlops/myenv/lib/python3.12/site-packages/airflow/example_dags/example_branch_operator_decorator.py
[2025-04-03T16:41:03.784+0000] {logging_mixin.py:190} INFO - [2025-04-03T16:41:03.783+0000] {dag.py:3239} INFO - Sync 1 DAGs
[2025-04-03T16:41:03.825+0000] {logging_mixin.py:190} INFO - [2025-04-03T16:41:03.825+0000] {dag.py:4180} INFO - Setting next_dagrun for example_branch_python_operator_decorator to 2025-04-02 00:00:00+00:00, run_after=2025-04-03 00:00:00+00:00
[2025-04-03T16:41:03.863+0000] {processor.py:208} INFO - Processing /home/hamza/Documents/project/Mlops/myenv/lib/python3.12/site-packages/airflow/example_dags/example_branch_operator_decorator.py took 0.194 seconds
[2025-04-03T16:42:40.595+0000] {processor.py:186} INFO - Started process (PID=89221) to work on /home/hamza/Documents/project/Mlops/myenv/lib/python3.12/site-packages/airflow/example_dags/example_branch_operator_decorator.py
[2025-04-03T16:42:40.596+0000] {processor.py:914} INFO - Processing file /home/hamza/Documents/project/Mlops/myenv/lib/python3.12/site-packages/airflow/example_dags/example_branch_operator_decorator.py for tasks to queue
[2025-04-03T16:42:40.600+0000] {logging_mixin.py:190} INFO - [2025-04-03T16:42:40.599+0000] {dagbag.py:588} INFO - Filling up the DagBag from /home/hamza/Documents/project/Mlops/myenv/lib/python3.12/site-packages/airflow/example_dags/example_branch_operator_decorator.py
[2025-04-03T16:42:40.638+0000] {processor.py:925} INFO - DAG(s) 'example_branch_python_operator_decorator' retrieved from /home/hamza/Documents/project/Mlops/myenv/lib/python3.12/site-packages/airflow/example_dags/example_branch_operator_decorator.py
[2025-04-03T16:42:40.677+0000] {logging_mixin.py:190} INFO - [2025-04-03T16:42:40.676+0000] {dag.py:3239} INFO - Sync 1 DAGs
[2025-04-03T16:42:40.711+0000] {logging_mixin.py:190} INFO - [2025-04-03T16:42:40.711+0000] {dag.py:4180} INFO - Setting next_dagrun for example_branch_python_operator_decorator to 2025-04-02 00:00:00+00:00, run_after=2025-04-03 00:00:00+00:00
[2025-04-03T16:42:40.748+0000] {processor.py:208} INFO - Processing /home/hamza/Documents/project/Mlops/myenv/lib/python3.12/site-packages/airflow/example_dags/example_branch_operator_decorator.py took 0.163 seconds
[2025-04-03T16:44:14.885+0000] {processor.py:186} INFO - Started process (PID=89927) to work on /home/hamza/Documents/project/Mlops/myenv/lib/python3.12/site-packages/airflow/example_dags/example_branch_operator_decorator.py
[2025-04-03T16:44:14.889+0000] {processor.py:914} INFO - Processing file /home/hamza/Documents/project/Mlops/myenv/lib/python3.12/site-packages/airflow/example_dags/example_branch_operator_decorator.py for tasks to queue
[2025-04-03T16:44:14.892+0000] {logging_mixin.py:190} INFO - [2025-04-03T16:44:14.892+0000] {dagbag.py:588} INFO - Filling up the DagBag from /home/hamza/Documents/project/Mlops/myenv/lib/python3.12/site-packages/airflow/example_dags/example_branch_operator_decorator.py
[2025-04-03T16:44:14.933+0000] {processor.py:925} INFO - DAG(s) 'example_branch_python_operator_decorator' retrieved from /home/hamza/Documents/project/Mlops/myenv/lib/python3.12/site-packages/airflow/example_dags/example_branch_operator_decorator.py
[2025-04-03T16:44:14.975+0000] {logging_mixin.py:190} INFO - [2025-04-03T16:44:14.975+0000] {dag.py:3239} INFO - Sync 1 DAGs
[2025-04-03T16:44:15.013+0000] {logging_mixin.py:190} INFO - [2025-04-03T16:44:15.012+0000] {dag.py:4180} INFO - Setting next_dagrun for example_branch_python_operator_decorator to 2025-04-02 00:00:00+00:00, run_after=2025-04-03 00:00:00+00:00
[2025-04-03T16:44:15.047+0000] {processor.py:208} INFO - Processing /home/hamza/Documents/project/Mlops/myenv/lib/python3.12/site-packages/airflow/example_dags/example_branch_operator_decorator.py took 0.172 seconds
[2025-04-03T16:45:51.226+0000] {processor.py:186} INFO - Started process (PID=90757) to work on /home/hamza/Documents/project/Mlops/myenv/lib/python3.12/site-packages/airflow/example_dags/example_branch_operator_decorator.py
[2025-04-03T16:45:51.227+0000] {processor.py:914} INFO - Processing file /home/hamza/Documents/project/Mlops/myenv/lib/python3.12/site-packages/airflow/example_dags/example_branch_operator_decorator.py for tasks to queue
[2025-04-03T16:45:51.231+0000] {logging_mixin.py:190} INFO - [2025-04-03T16:45:51.230+0000] {dagbag.py:588} INFO - Filling up the DagBag from /home/hamza/Documents/project/Mlops/myenv/lib/python3.12/site-packages/airflow/example_dags/example_branch_operator_decorator.py
[2025-04-03T16:45:51.269+0000] {processor.py:925} INFO - DAG(s) 'example_branch_python_operator_decorator' retrieved from /home/hamza/Documents/project/Mlops/myenv/lib/python3.12/site-packages/airflow/example_dags/example_branch_operator_decorator.py
[2025-04-03T16:45:51.310+0000] {logging_mixin.py:190} INFO - [2025-04-03T16:45:51.309+0000] {dag.py:3239} INFO - Sync 1 DAGs
[2025-04-03T16:45:51.349+0000] {logging_mixin.py:190} INFO - [2025-04-03T16:45:51.348+0000] {dag.py:4180} INFO - Setting next_dagrun for example_branch_python_operator_decorator to 2025-04-02 00:00:00+00:00, run_after=2025-04-03 00:00:00+00:00
[2025-04-03T16:45:51.384+0000] {processor.py:208} INFO - Processing /home/hamza/Documents/project/Mlops/myenv/lib/python3.12/site-packages/airflow/example_dags/example_branch_operator_decorator.py took 0.168 seconds
[2025-04-03T16:47:26.233+0000] {processor.py:186} INFO - Started process (PID=91615) to work on /home/hamza/Documents/project/Mlops/myenv/lib/python3.12/site-packages/airflow/example_dags/example_branch_operator_decorator.py
[2025-04-03T16:47:26.236+0000] {processor.py:914} INFO - Processing file /home/hamza/Documents/project/Mlops/myenv/lib/python3.12/site-packages/airflow/example_dags/example_branch_operator_decorator.py for tasks to queue
[2025-04-03T16:47:26.240+0000] {logging_mixin.py:190} INFO - [2025-04-03T16:47:26.240+0000] {dagbag.py:588} INFO - Filling up the DagBag from /home/hamza/Documents/project/Mlops/myenv/lib/python3.12/site-packages/airflow/example_dags/example_branch_operator_decorator.py
[2025-04-03T16:47:26.279+0000] {processor.py:925} INFO - DAG(s) 'example_branch_python_operator_decorator' retrieved from /home/hamza/Documents/project/Mlops/myenv/lib/python3.12/site-packages/airflow/example_dags/example_branch_operator_decorator.py
[2025-04-03T16:47:26.317+0000] {logging_mixin.py:190} INFO - [2025-04-03T16:47:26.317+0000] {dag.py:3239} INFO - Sync 1 DAGs
[2025-04-03T16:47:26.351+0000] {logging_mixin.py:190} INFO - [2025-04-03T16:47:26.350+0000] {dag.py:4180} INFO - Setting next_dagrun for example_branch_python_operator_decorator to 2025-04-02 00:00:00+00:00, run_after=2025-04-03 00:00:00+00:00
[2025-04-03T16:47:26.384+0000] {processor.py:208} INFO - Processing /home/hamza/Documents/project/Mlops/myenv/lib/python3.12/site-packages/airflow/example_dags/example_branch_operator_decorator.py took 0.161 seconds
[2025-04-03T16:49:06.898+0000] {processor.py:186} INFO - Started process (PID=92454) to work on /home/hamza/Documents/project/Mlops/myenv/lib/python3.12/site-packages/airflow/example_dags/example_branch_operator_decorator.py
[2025-04-03T16:49:06.900+0000] {processor.py:914} INFO - Processing file /home/hamza/Documents/project/Mlops/myenv/lib/python3.12/site-packages/airflow/example_dags/example_branch_operator_decorator.py for tasks to queue
[2025-04-03T16:49:06.904+0000] {logging_mixin.py:190} INFO - [2025-04-03T16:49:06.903+0000] {dagbag.py:588} INFO - Filling up the DagBag from /home/hamza/Documents/project/Mlops/myenv/lib/python3.12/site-packages/airflow/example_dags/example_branch_operator_decorator.py
[2025-04-03T16:49:06.943+0000] {processor.py:925} INFO - DAG(s) 'example_branch_python_operator_decorator' retrieved from /home/hamza/Documents/project/Mlops/myenv/lib/python3.12/site-packages/airflow/example_dags/example_branch_operator_decorator.py
[2025-04-03T16:49:06.985+0000] {logging_mixin.py:190} INFO - [2025-04-03T16:49:06.985+0000] {dag.py:3239} INFO - Sync 1 DAGs
[2025-04-03T16:49:07.023+0000] {logging_mixin.py:190} INFO - [2025-04-03T16:49:07.023+0000] {dag.py:4180} INFO - Setting next_dagrun for example_branch_python_operator_decorator to 2025-04-02 00:00:00+00:00, run_after=2025-04-03 00:00:00+00:00
[2025-04-03T16:49:07.056+0000] {processor.py:208} INFO - Processing /home/hamza/Documents/project/Mlops/myenv/lib/python3.12/site-packages/airflow/example_dags/example_branch_operator_decorator.py took 0.168 seconds
[2025-04-03T16:50:45.319+0000] {processor.py:186} INFO - Started process (PID=93305) to work on /home/hamza/Documents/project/Mlops/myenv/lib/python3.12/site-packages/airflow/example_dags/example_branch_operator_decorator.py
[2025-04-03T16:50:45.321+0000] {processor.py:914} INFO - Processing file /home/hamza/Documents/project/Mlops/myenv/lib/python3.12/site-packages/airflow/example_dags/example_branch_operator_decorator.py for tasks to queue
[2025-04-03T16:50:45.325+0000] {logging_mixin.py:190} INFO - [2025-04-03T16:50:45.324+0000] {dagbag.py:588} INFO - Filling up the DagBag from /home/hamza/Documents/project/Mlops/myenv/lib/python3.12/site-packages/airflow/example_dags/example_branch_operator_decorator.py
[2025-04-03T16:50:45.366+0000] {processor.py:925} INFO - DAG(s) 'example_branch_python_operator_decorator' retrieved from /home/hamza/Documents/project/Mlops/myenv/lib/python3.12/site-packages/airflow/example_dags/example_branch_operator_decorator.py
[2025-04-03T16:50:45.408+0000] {logging_mixin.py:190} INFO - [2025-04-03T16:50:45.407+0000] {dag.py:3239} INFO - Sync 1 DAGs
[2025-04-03T16:50:45.443+0000] {logging_mixin.py:190} INFO - [2025-04-03T16:50:45.443+0000] {dag.py:4180} INFO - Setting next_dagrun for example_branch_python_operator_decorator to 2025-04-02 00:00:00+00:00, run_after=2025-04-03 00:00:00+00:00
[2025-04-03T16:50:45.479+0000] {processor.py:208} INFO - Processing /home/hamza/Documents/project/Mlops/myenv/lib/python3.12/site-packages/airflow/example_dags/example_branch_operator_decorator.py took 0.169 seconds
[2025-04-03T16:52:25.019+0000] {processor.py:186} INFO - Started process (PID=94122) to work on /home/hamza/Documents/project/Mlops/myenv/lib/python3.12/site-packages/airflow/example_dags/example_branch_operator_decorator.py
[2025-04-03T16:52:25.020+0000] {processor.py:914} INFO - Processing file /home/hamza/Documents/project/Mlops/myenv/lib/python3.12/site-packages/airflow/example_dags/example_branch_operator_decorator.py for tasks to queue
[2025-04-03T16:52:25.024+0000] {logging_mixin.py:190} INFO - [2025-04-03T16:52:25.023+0000] {dagbag.py:588} INFO - Filling up the DagBag from /home/hamza/Documents/project/Mlops/myenv/lib/python3.12/site-packages/airflow/example_dags/example_branch_operator_decorator.py
[2025-04-03T16:52:25.064+0000] {processor.py:925} INFO - DAG(s) 'example_branch_python_operator_decorator' retrieved from /home/hamza/Documents/project/Mlops/myenv/lib/python3.12/site-packages/airflow/example_dags/example_branch_operator_decorator.py
[2025-04-03T16:52:25.105+0000] {logging_mixin.py:190} INFO - [2025-04-03T16:52:25.105+0000] {dag.py:3239} INFO - Sync 1 DAGs
[2025-04-03T16:52:25.142+0000] {logging_mixin.py:190} INFO - [2025-04-03T16:52:25.142+0000] {dag.py:4180} INFO - Setting next_dagrun for example_branch_python_operator_decorator to 2025-04-02 00:00:00+00:00, run_after=2025-04-03 00:00:00+00:00
[2025-04-03T16:52:25.178+0000] {processor.py:208} INFO - Processing /home/hamza/Documents/project/Mlops/myenv/lib/python3.12/site-packages/airflow/example_dags/example_branch_operator_decorator.py took 0.168 seconds
[2025-04-03T16:54:01.347+0000] {processor.py:186} INFO - Started process (PID=94946) to work on /home/hamza/Documents/project/Mlops/myenv/lib/python3.12/site-packages/airflow/example_dags/example_branch_operator_decorator.py
[2025-04-03T16:54:01.348+0000] {processor.py:914} INFO - Processing file /home/hamza/Documents/project/Mlops/myenv/lib/python3.12/site-packages/airflow/example_dags/example_branch_operator_decorator.py for tasks to queue
[2025-04-03T16:54:01.353+0000] {logging_mixin.py:190} INFO - [2025-04-03T16:54:01.353+0000] {dagbag.py:588} INFO - Filling up the DagBag from /home/hamza/Documents/project/Mlops/myenv/lib/python3.12/site-packages/airflow/example_dags/example_branch_operator_decorator.py
[2025-04-03T16:54:01.406+0000] {processor.py:925} INFO - DAG(s) 'example_branch_python_operator_decorator' retrieved from /home/hamza/Documents/project/Mlops/myenv/lib/python3.12/site-packages/airflow/example_dags/example_branch_operator_decorator.py
[2025-04-03T16:54:01.458+0000] {logging_mixin.py:190} INFO - [2025-04-03T16:54:01.458+0000] {dag.py:3239} INFO - Sync 1 DAGs
[2025-04-03T16:54:01.502+0000] {logging_mixin.py:190} INFO - [2025-04-03T16:54:01.501+0000] {dag.py:4180} INFO - Setting next_dagrun for example_branch_python_operator_decorator to 2025-04-02 00:00:00+00:00, run_after=2025-04-03 00:00:00+00:00
[2025-04-03T16:54:01.545+0000] {processor.py:208} INFO - Processing /home/hamza/Documents/project/Mlops/myenv/lib/python3.12/site-packages/airflow/example_dags/example_branch_operator_decorator.py took 0.208 seconds
[2025-04-03T16:55:45.642+0000] {processor.py:186} INFO - Started process (PID=96032) to work on /home/hamza/Documents/project/Mlops/myenv/lib/python3.12/site-packages/airflow/example_dags/example_branch_operator_decorator.py
[2025-04-03T16:55:45.643+0000] {processor.py:914} INFO - Processing file /home/hamza/Documents/project/Mlops/myenv/lib/python3.12/site-packages/airflow/example_dags/example_branch_operator_decorator.py for tasks to queue
[2025-04-03T16:55:45.647+0000] {logging_mixin.py:190} INFO - [2025-04-03T16:55:45.646+0000] {dagbag.py:588} INFO - Filling up the DagBag from /home/hamza/Documents/project/Mlops/myenv/lib/python3.12/site-packages/airflow/example_dags/example_branch_operator_decorator.py
[2025-04-03T16:55:45.690+0000] {processor.py:925} INFO - DAG(s) 'example_branch_python_operator_decorator' retrieved from /home/hamza/Documents/project/Mlops/myenv/lib/python3.12/site-packages/airflow/example_dags/example_branch_operator_decorator.py
[2025-04-03T16:55:45.733+0000] {logging_mixin.py:190} INFO - [2025-04-03T16:55:45.733+0000] {dag.py:3239} INFO - Sync 1 DAGs
[2025-04-03T16:55:45.786+0000] {logging_mixin.py:190} INFO - [2025-04-03T16:55:45.785+0000] {dag.py:4180} INFO - Setting next_dagrun for example_branch_python_operator_decorator to 2025-04-02 00:00:00+00:00, run_after=2025-04-03 00:00:00+00:00
[2025-04-03T16:55:45.828+0000] {processor.py:208} INFO - Processing /home/hamza/Documents/project/Mlops/myenv/lib/python3.12/site-packages/airflow/example_dags/example_branch_operator_decorator.py took 0.196 seconds
