[2025-04-03T13:43:43.942+0000] {processor.py:186} INFO - Started process (PID=98503) to work on /home/hamza/Documents/project/Mlops/myenv/lib/python3.12/site-packages/airflow/example_dags/example_params_trigger_ui.py
[2025-04-03T13:43:43.943+0000] {processor.py:914} INFO - Processing file /home/hamza/Documents/project/Mlops/myenv/lib/python3.12/site-packages/airflow/example_dags/example_params_trigger_ui.py for tasks to queue
[2025-04-03T13:43:43.947+0000] {logging_mixin.py:190} INFO - [2025-04-03T13:43:43.946+0000] {dagbag.py:588} INFO - Filling up the DagBag from /home/hamza/Documents/project/Mlops/myenv/lib/python3.12/site-packages/airflow/example_dags/example_params_trigger_ui.py
[2025-04-03T13:43:43.967+0000] {processor.py:925} INFO - DAG(s) 'example_params_trigger_ui' retrieved from /home/hamza/Documents/project/Mlops/myenv/lib/python3.12/site-packages/airflow/example_dags/example_params_trigger_ui.py
[2025-04-03T13:43:44.175+0000] {logging_mixin.py:190} INFO - [2025-04-03T13:43:44.174+0000] {override.py:1930} INFO - Created Permission View: can delete on DAG:example_params_trigger_ui
[2025-04-03T13:43:44.195+0000] {logging_mixin.py:190} INFO - [2025-04-03T13:43:44.194+0000] {override.py:1930} INFO - Created Permission View: can read on DAG:example_params_trigger_ui
[2025-04-03T13:43:44.210+0000] {logging_mixin.py:190} INFO - [2025-04-03T13:43:44.209+0000] {override.py:1930} INFO - Created Permission View: can edit on DAG:example_params_trigger_ui
[2025-04-03T13:43:44.235+0000] {logging_mixin.py:190} INFO - [2025-04-03T13:43:44.235+0000] {override.py:1930} INFO - Created Permission View: can delete on DAG Run:example_params_trigger_ui
[2025-04-03T13:43:44.249+0000] {logging_mixin.py:190} INFO - [2025-04-03T13:43:44.249+0000] {override.py:1930} INFO - Created Permission View: can read on DAG Run:example_params_trigger_ui
[2025-04-03T13:43:44.268+0000] {logging_mixin.py:190} INFO - [2025-04-03T13:43:44.267+0000] {override.py:1930} INFO - Created Permission View: menu access on DAG Run:example_params_trigger_ui
[2025-04-03T13:43:44.286+0000] {logging_mixin.py:190} INFO - [2025-04-03T13:43:44.285+0000] {override.py:1930} INFO - Created Permission View: can create on DAG Run:example_params_trigger_ui
[2025-04-03T13:43:44.287+0000] {logging_mixin.py:190} INFO - [2025-04-03T13:43:44.287+0000] {dag.py:3239} INFO - Sync 1 DAGs
[2025-04-03T13:43:44.315+0000] {logging_mixin.py:190} INFO - [2025-04-03T13:43:44.314+0000] {dag.py:3262} INFO - Creating ORM DAG for example_params_trigger_ui
[2025-04-03T13:43:44.316+0000] {logging_mixin.py:190} INFO - [2025-04-03T13:43:44.316+0000] {dag.py:4180} INFO - Setting next_dagrun for example_params_trigger_ui to None, run_after=None
[2025-04-03T13:43:44.353+0000] {processor.py:208} INFO - Processing /home/hamza/Documents/project/Mlops/myenv/lib/python3.12/site-packages/airflow/example_dags/example_params_trigger_ui.py took 0.423 seconds
[2025-04-03T13:44:56.866+0000] {processor.py:186} INFO - Started process (PID=99552) to work on /home/hamza/Documents/project/Mlops/myenv/lib/python3.12/site-packages/airflow/example_dags/example_params_trigger_ui.py
[2025-04-03T13:44:56.869+0000] {processor.py:914} INFO - Processing file /home/hamza/Documents/project/Mlops/myenv/lib/python3.12/site-packages/airflow/example_dags/example_params_trigger_ui.py for tasks to queue
[2025-04-03T13:44:56.873+0000] {logging_mixin.py:190} INFO - [2025-04-03T13:44:56.872+0000] {dagbag.py:588} INFO - Filling up the DagBag from /home/hamza/Documents/project/Mlops/myenv/lib/python3.12/site-packages/airflow/example_dags/example_params_trigger_ui.py
[2025-04-03T13:44:56.894+0000] {processor.py:925} INFO - DAG(s) 'example_params_trigger_ui' retrieved from /home/hamza/Documents/project/Mlops/myenv/lib/python3.12/site-packages/airflow/example_dags/example_params_trigger_ui.py
[2025-04-03T13:44:56.969+0000] {logging_mixin.py:190} INFO - [2025-04-03T13:44:56.969+0000] {dag.py:3239} INFO - Sync 1 DAGs
[2025-04-03T13:44:56.990+0000] {logging_mixin.py:190} INFO - [2025-04-03T13:44:56.989+0000] {dag.py:4180} INFO - Setting next_dagrun for example_params_trigger_ui to None, run_after=None
[2025-04-03T13:44:57.032+0000] {processor.py:208} INFO - Processing /home/hamza/Documents/project/Mlops/myenv/lib/python3.12/site-packages/airflow/example_dags/example_params_trigger_ui.py took 0.177 seconds
[2025-04-03T13:46:03.475+0000] {processor.py:186} INFO - Started process (PID=100118) to work on /home/hamza/Documents/project/Mlops/myenv/lib/python3.12/site-packages/airflow/example_dags/example_params_trigger_ui.py
[2025-04-03T13:46:03.478+0000] {processor.py:914} INFO - Processing file /home/hamza/Documents/project/Mlops/myenv/lib/python3.12/site-packages/airflow/example_dags/example_params_trigger_ui.py for tasks to queue
[2025-04-03T13:46:03.481+0000] {logging_mixin.py:190} INFO - [2025-04-03T13:46:03.481+0000] {dagbag.py:588} INFO - Filling up the DagBag from /home/hamza/Documents/project/Mlops/myenv/lib/python3.12/site-packages/airflow/example_dags/example_params_trigger_ui.py
[2025-04-03T13:46:03.501+0000] {processor.py:925} INFO - DAG(s) 'example_params_trigger_ui' retrieved from /home/hamza/Documents/project/Mlops/myenv/lib/python3.12/site-packages/airflow/example_dags/example_params_trigger_ui.py
[2025-04-03T13:46:03.568+0000] {logging_mixin.py:190} INFO - [2025-04-03T13:46:03.567+0000] {dag.py:3239} INFO - Sync 1 DAGs
[2025-04-03T13:46:03.590+0000] {logging_mixin.py:190} INFO - [2025-04-03T13:46:03.588+0000] {dag.py:4180} INFO - Setting next_dagrun for example_params_trigger_ui to None, run_after=None
[2025-04-03T13:46:03.625+0000] {processor.py:208} INFO - Processing /home/hamza/Documents/project/Mlops/myenv/lib/python3.12/site-packages/airflow/example_dags/example_params_trigger_ui.py took 0.159 seconds
[2025-04-03T13:47:10.316+0000] {processor.py:186} INFO - Started process (PID=100870) to work on /home/hamza/Documents/project/Mlops/myenv/lib/python3.12/site-packages/airflow/example_dags/example_params_trigger_ui.py
[2025-04-03T13:47:10.319+0000] {processor.py:914} INFO - Processing file /home/hamza/Documents/project/Mlops/myenv/lib/python3.12/site-packages/airflow/example_dags/example_params_trigger_ui.py for tasks to queue
[2025-04-03T13:47:10.323+0000] {logging_mixin.py:190} INFO - [2025-04-03T13:47:10.322+0000] {dagbag.py:588} INFO - Filling up the DagBag from /home/hamza/Documents/project/Mlops/myenv/lib/python3.12/site-packages/airflow/example_dags/example_params_trigger_ui.py
[2025-04-03T13:47:10.344+0000] {processor.py:925} INFO - DAG(s) 'example_params_trigger_ui' retrieved from /home/hamza/Documents/project/Mlops/myenv/lib/python3.12/site-packages/airflow/example_dags/example_params_trigger_ui.py
[2025-04-03T13:47:10.409+0000] {logging_mixin.py:190} INFO - [2025-04-03T13:47:10.408+0000] {dag.py:3239} INFO - Sync 1 DAGs
[2025-04-03T13:47:10.428+0000] {logging_mixin.py:190} INFO - [2025-04-03T13:47:10.428+0000] {dag.py:4180} INFO - Setting next_dagrun for example_params_trigger_ui to None, run_after=None
[2025-04-03T13:47:10.464+0000] {processor.py:208} INFO - Processing /home/hamza/Documents/project/Mlops/myenv/lib/python3.12/site-packages/airflow/example_dags/example_params_trigger_ui.py took 0.156 seconds
[2025-04-03T13:48:19.010+0000] {processor.py:186} INFO - Started process (PID=101784) to work on /home/hamza/Documents/project/Mlops/myenv/lib/python3.12/site-packages/airflow/example_dags/example_params_trigger_ui.py
[2025-04-03T13:48:19.012+0000] {processor.py:914} INFO - Processing file /home/hamza/Documents/project/Mlops/myenv/lib/python3.12/site-packages/airflow/example_dags/example_params_trigger_ui.py for tasks to queue
[2025-04-03T13:48:19.015+0000] {logging_mixin.py:190} INFO - [2025-04-03T13:48:19.015+0000] {dagbag.py:588} INFO - Filling up the DagBag from /home/hamza/Documents/project/Mlops/myenv/lib/python3.12/site-packages/airflow/example_dags/example_params_trigger_ui.py
[2025-04-03T13:48:19.036+0000] {processor.py:925} INFO - DAG(s) 'example_params_trigger_ui' retrieved from /home/hamza/Documents/project/Mlops/myenv/lib/python3.12/site-packages/airflow/example_dags/example_params_trigger_ui.py
[2025-04-03T13:48:19.101+0000] {logging_mixin.py:190} INFO - [2025-04-03T13:48:19.101+0000] {dag.py:3239} INFO - Sync 1 DAGs
[2025-04-03T13:48:19.128+0000] {logging_mixin.py:190} INFO - [2025-04-03T13:48:19.128+0000] {dag.py:4180} INFO - Setting next_dagrun for example_params_trigger_ui to None, run_after=None
[2025-04-03T13:48:19.175+0000] {processor.py:208} INFO - Processing /home/hamza/Documents/project/Mlops/myenv/lib/python3.12/site-packages/airflow/example_dags/example_params_trigger_ui.py took 0.175 seconds
[2025-04-03T13:49:55.711+0000] {processor.py:186} INFO - Started process (PID=103080) to work on /home/hamza/Documents/project/Mlops/myenv/lib/python3.12/site-packages/airflow/example_dags/example_params_trigger_ui.py
[2025-04-03T13:49:55.723+0000] {processor.py:914} INFO - Processing file /home/hamza/Documents/project/Mlops/myenv/lib/python3.12/site-packages/airflow/example_dags/example_params_trigger_ui.py for tasks to queue
[2025-04-03T13:49:55.728+0000] {logging_mixin.py:190} INFO - [2025-04-03T13:49:55.727+0000] {dagbag.py:588} INFO - Filling up the DagBag from /home/hamza/Documents/project/Mlops/myenv/lib/python3.12/site-packages/airflow/example_dags/example_params_trigger_ui.py
[2025-04-03T13:49:55.748+0000] {processor.py:925} INFO - DAG(s) 'example_params_trigger_ui' retrieved from /home/hamza/Documents/project/Mlops/myenv/lib/python3.12/site-packages/airflow/example_dags/example_params_trigger_ui.py
[2025-04-03T13:49:55.814+0000] {logging_mixin.py:190} INFO - [2025-04-03T13:49:55.814+0000] {dag.py:3239} INFO - Sync 1 DAGs
[2025-04-03T13:49:55.835+0000] {logging_mixin.py:190} INFO - [2025-04-03T13:49:55.835+0000] {dag.py:4180} INFO - Setting next_dagrun for example_params_trigger_ui to None, run_after=None
[2025-04-03T13:49:55.873+0000] {processor.py:208} INFO - Processing /home/hamza/Documents/project/Mlops/myenv/lib/python3.12/site-packages/airflow/example_dags/example_params_trigger_ui.py took 0.171 seconds
[2025-04-03T13:51:12.733+0000] {processor.py:186} INFO - Started process (PID=104093) to work on /home/hamza/Documents/project/Mlops/myenv/lib/python3.12/site-packages/airflow/example_dags/example_params_trigger_ui.py
[2025-04-03T13:51:12.738+0000] {processor.py:914} INFO - Processing file /home/hamza/Documents/project/Mlops/myenv/lib/python3.12/site-packages/airflow/example_dags/example_params_trigger_ui.py for tasks to queue
[2025-04-03T13:51:12.742+0000] {logging_mixin.py:190} INFO - [2025-04-03T13:51:12.741+0000] {dagbag.py:588} INFO - Filling up the DagBag from /home/hamza/Documents/project/Mlops/myenv/lib/python3.12/site-packages/airflow/example_dags/example_params_trigger_ui.py
[2025-04-03T13:51:12.763+0000] {processor.py:925} INFO - DAG(s) 'example_params_trigger_ui' retrieved from /home/hamza/Documents/project/Mlops/myenv/lib/python3.12/site-packages/airflow/example_dags/example_params_trigger_ui.py
[2025-04-03T13:51:12.823+0000] {logging_mixin.py:190} INFO - [2025-04-03T13:51:12.823+0000] {dag.py:3239} INFO - Sync 1 DAGs
[2025-04-03T13:51:12.842+0000] {logging_mixin.py:190} INFO - [2025-04-03T13:51:12.841+0000] {dag.py:4180} INFO - Setting next_dagrun for example_params_trigger_ui to None, run_after=None
[2025-04-03T13:51:12.878+0000] {processor.py:208} INFO - Processing /home/hamza/Documents/project/Mlops/myenv/lib/python3.12/site-packages/airflow/example_dags/example_params_trigger_ui.py took 0.153 seconds
[2025-04-03T13:52:54.065+0000] {processor.py:186} INFO - Started process (PID=105144) to work on /home/hamza/Documents/project/Mlops/myenv/lib/python3.12/site-packages/airflow/example_dags/example_params_trigger_ui.py
[2025-04-03T13:52:54.067+0000] {processor.py:914} INFO - Processing file /home/hamza/Documents/project/Mlops/myenv/lib/python3.12/site-packages/airflow/example_dags/example_params_trigger_ui.py for tasks to queue
[2025-04-03T13:52:54.070+0000] {logging_mixin.py:190} INFO - [2025-04-03T13:52:54.069+0000] {dagbag.py:588} INFO - Filling up the DagBag from /home/hamza/Documents/project/Mlops/myenv/lib/python3.12/site-packages/airflow/example_dags/example_params_trigger_ui.py
[2025-04-03T13:52:54.094+0000] {processor.py:925} INFO - DAG(s) 'example_params_trigger_ui' retrieved from /home/hamza/Documents/project/Mlops/myenv/lib/python3.12/site-packages/airflow/example_dags/example_params_trigger_ui.py
[2025-04-03T13:52:54.177+0000] {logging_mixin.py:190} INFO - [2025-04-03T13:52:54.177+0000] {dag.py:3239} INFO - Sync 1 DAGs
[2025-04-03T13:52:54.200+0000] {logging_mixin.py:190} INFO - [2025-04-03T13:52:54.200+0000] {dag.py:4180} INFO - Setting next_dagrun for example_params_trigger_ui to None, run_after=None
[2025-04-03T13:52:54.242+0000] {processor.py:208} INFO - Processing /home/hamza/Documents/project/Mlops/myenv/lib/python3.12/site-packages/airflow/example_dags/example_params_trigger_ui.py took 0.185 seconds
[2025-04-03T13:59:27.488+0000] {processor.py:186} INFO - Started process (PID=110071) to work on /home/hamza/Documents/project/Mlops/myenv/lib/python3.12/site-packages/airflow/example_dags/example_params_trigger_ui.py
[2025-04-03T13:59:27.490+0000] {processor.py:914} INFO - Processing file /home/hamza/Documents/project/Mlops/myenv/lib/python3.12/site-packages/airflow/example_dags/example_params_trigger_ui.py for tasks to queue
[2025-04-03T13:59:27.494+0000] {logging_mixin.py:190} INFO - [2025-04-03T13:59:27.493+0000] {dagbag.py:588} INFO - Filling up the DagBag from /home/hamza/Documents/project/Mlops/myenv/lib/python3.12/site-packages/airflow/example_dags/example_params_trigger_ui.py
[2025-04-03T13:59:27.513+0000] {processor.py:925} INFO - DAG(s) 'example_params_trigger_ui' retrieved from /home/hamza/Documents/project/Mlops/myenv/lib/python3.12/site-packages/airflow/example_dags/example_params_trigger_ui.py
[2025-04-03T13:59:27.589+0000] {logging_mixin.py:190} INFO - [2025-04-03T13:59:27.588+0000] {dag.py:3239} INFO - Sync 1 DAGs
[2025-04-03T13:59:27.609+0000] {logging_mixin.py:190} INFO - [2025-04-03T13:59:27.609+0000] {dag.py:4180} INFO - Setting next_dagrun for example_params_trigger_ui to None, run_after=None
[2025-04-03T13:59:27.643+0000] {processor.py:208} INFO - Processing /home/hamza/Documents/project/Mlops/myenv/lib/python3.12/site-packages/airflow/example_dags/example_params_trigger_ui.py took 0.164 seconds
[2025-04-03T14:10:16.867+0000] {processor.py:186} INFO - Started process (PID=118093) to work on /home/hamza/Documents/project/Mlops/myenv/lib/python3.12/site-packages/airflow/example_dags/example_params_trigger_ui.py
[2025-04-03T14:10:16.870+0000] {processor.py:914} INFO - Processing file /home/hamza/Documents/project/Mlops/myenv/lib/python3.12/site-packages/airflow/example_dags/example_params_trigger_ui.py for tasks to queue
[2025-04-03T14:10:16.872+0000] {logging_mixin.py:190} INFO - [2025-04-03T14:10:16.871+0000] {dagbag.py:588} INFO - Filling up the DagBag from /home/hamza/Documents/project/Mlops/myenv/lib/python3.12/site-packages/airflow/example_dags/example_params_trigger_ui.py
[2025-04-03T14:10:16.887+0000] {processor.py:925} INFO - DAG(s) 'example_params_trigger_ui' retrieved from /home/hamza/Documents/project/Mlops/myenv/lib/python3.12/site-packages/airflow/example_dags/example_params_trigger_ui.py
[2025-04-03T14:10:16.954+0000] {logging_mixin.py:190} INFO - [2025-04-03T14:10:16.954+0000] {dag.py:3239} INFO - Sync 1 DAGs
[2025-04-03T14:10:16.972+0000] {logging_mixin.py:190} INFO - [2025-04-03T14:10:16.972+0000] {dag.py:4180} INFO - Setting next_dagrun for example_params_trigger_ui to None, run_after=None
[2025-04-03T14:10:17.005+0000] {processor.py:208} INFO - Processing /home/hamza/Documents/project/Mlops/myenv/lib/python3.12/site-packages/airflow/example_dags/example_params_trigger_ui.py took 0.148 seconds
[2025-04-03T14:11:52.451+0000] {processor.py:186} INFO - Started process (PID=118979) to work on /home/hamza/Documents/project/Mlops/myenv/lib/python3.12/site-packages/airflow/example_dags/example_params_trigger_ui.py
[2025-04-03T14:11:52.452+0000] {processor.py:914} INFO - Processing file /home/hamza/Documents/project/Mlops/myenv/lib/python3.12/site-packages/airflow/example_dags/example_params_trigger_ui.py for tasks to queue
[2025-04-03T14:11:52.455+0000] {logging_mixin.py:190} INFO - [2025-04-03T14:11:52.454+0000] {dagbag.py:588} INFO - Filling up the DagBag from /home/hamza/Documents/project/Mlops/myenv/lib/python3.12/site-packages/airflow/example_dags/example_params_trigger_ui.py
[2025-04-03T14:11:52.472+0000] {processor.py:925} INFO - DAG(s) 'example_params_trigger_ui' retrieved from /home/hamza/Documents/project/Mlops/myenv/lib/python3.12/site-packages/airflow/example_dags/example_params_trigger_ui.py
[2025-04-03T14:11:52.539+0000] {logging_mixin.py:190} INFO - [2025-04-03T14:11:52.539+0000] {dag.py:3239} INFO - Sync 1 DAGs
[2025-04-03T14:11:52.559+0000] {logging_mixin.py:190} INFO - [2025-04-03T14:11:52.559+0000] {dag.py:4180} INFO - Setting next_dagrun for example_params_trigger_ui to None, run_after=None
[2025-04-03T14:11:52.598+0000] {processor.py:208} INFO - Processing /home/hamza/Documents/project/Mlops/myenv/lib/python3.12/site-packages/airflow/example_dags/example_params_trigger_ui.py took 0.155 seconds
[2025-04-03T14:13:13.565+0000] {processor.py:186} INFO - Started process (PID=119731) to work on /home/hamza/Documents/project/Mlops/myenv/lib/python3.12/site-packages/airflow/example_dags/example_params_trigger_ui.py
[2025-04-03T14:13:13.568+0000] {processor.py:914} INFO - Processing file /home/hamza/Documents/project/Mlops/myenv/lib/python3.12/site-packages/airflow/example_dags/example_params_trigger_ui.py for tasks to queue
[2025-04-03T14:13:13.570+0000] {logging_mixin.py:190} INFO - [2025-04-03T14:13:13.569+0000] {dagbag.py:588} INFO - Filling up the DagBag from /home/hamza/Documents/project/Mlops/myenv/lib/python3.12/site-packages/airflow/example_dags/example_params_trigger_ui.py
[2025-04-03T14:13:13.587+0000] {processor.py:925} INFO - DAG(s) 'example_params_trigger_ui' retrieved from /home/hamza/Documents/project/Mlops/myenv/lib/python3.12/site-packages/airflow/example_dags/example_params_trigger_ui.py
[2025-04-03T14:13:13.664+0000] {logging_mixin.py:190} INFO - [2025-04-03T14:13:13.663+0000] {dag.py:3239} INFO - Sync 1 DAGs
[2025-04-03T14:13:13.683+0000] {logging_mixin.py:190} INFO - [2025-04-03T14:13:13.683+0000] {dag.py:4180} INFO - Setting next_dagrun for example_params_trigger_ui to None, run_after=None
[2025-04-03T14:13:13.723+0000] {processor.py:208} INFO - Processing /home/hamza/Documents/project/Mlops/myenv/lib/python3.12/site-packages/airflow/example_dags/example_params_trigger_ui.py took 0.168 seconds
[2025-04-03T14:18:57.172+0000] {processor.py:186} INFO - Started process (PID=122494) to work on /home/hamza/Documents/project/Mlops/myenv/lib/python3.12/site-packages/airflow/example_dags/example_params_trigger_ui.py
[2025-04-03T14:18:57.175+0000] {processor.py:914} INFO - Processing file /home/hamza/Documents/project/Mlops/myenv/lib/python3.12/site-packages/airflow/example_dags/example_params_trigger_ui.py for tasks to queue
[2025-04-03T14:18:57.178+0000] {logging_mixin.py:190} INFO - [2025-04-03T14:18:57.177+0000] {dagbag.py:588} INFO - Filling up the DagBag from /home/hamza/Documents/project/Mlops/myenv/lib/python3.12/site-packages/airflow/example_dags/example_params_trigger_ui.py
[2025-04-03T14:18:57.197+0000] {processor.py:925} INFO - DAG(s) 'example_params_trigger_ui' retrieved from /home/hamza/Documents/project/Mlops/myenv/lib/python3.12/site-packages/airflow/example_dags/example_params_trigger_ui.py
[2025-04-03T14:18:57.269+0000] {logging_mixin.py:190} INFO - [2025-04-03T14:18:57.268+0000] {dag.py:3239} INFO - Sync 1 DAGs
[2025-04-03T14:18:57.291+0000] {logging_mixin.py:190} INFO - [2025-04-03T14:18:57.290+0000] {dag.py:4180} INFO - Setting next_dagrun for example_params_trigger_ui to None, run_after=None
[2025-04-03T14:18:57.323+0000] {processor.py:208} INFO - Processing /home/hamza/Documents/project/Mlops/myenv/lib/python3.12/site-packages/airflow/example_dags/example_params_trigger_ui.py took 0.159 seconds
[2025-04-03T15:08:28.431+0000] {processor.py:186} INFO - Started process (PID=36202) to work on /home/hamza/Documents/project/Mlops/myenv/lib/python3.12/site-packages/airflow/example_dags/example_params_trigger_ui.py
[2025-04-03T15:08:28.433+0000] {processor.py:914} INFO - Processing file /home/hamza/Documents/project/Mlops/myenv/lib/python3.12/site-packages/airflow/example_dags/example_params_trigger_ui.py for tasks to queue
[2025-04-03T15:08:28.436+0000] {logging_mixin.py:190} INFO - [2025-04-03T15:08:28.436+0000] {dagbag.py:588} INFO - Filling up the DagBag from /home/hamza/Documents/project/Mlops/myenv/lib/python3.12/site-packages/airflow/example_dags/example_params_trigger_ui.py
[2025-04-03T15:08:28.455+0000] {processor.py:925} INFO - DAG(s) 'example_params_trigger_ui' retrieved from /home/hamza/Documents/project/Mlops/myenv/lib/python3.12/site-packages/airflow/example_dags/example_params_trigger_ui.py
[2025-04-03T15:08:28.517+0000] {logging_mixin.py:190} INFO - [2025-04-03T15:08:28.517+0000] {dag.py:3239} INFO - Sync 1 DAGs
[2025-04-03T15:08:28.538+0000] {logging_mixin.py:190} INFO - [2025-04-03T15:08:28.538+0000] {dag.py:4180} INFO - Setting next_dagrun for example_params_trigger_ui to None, run_after=None
[2025-04-03T15:08:28.569+0000] {processor.py:208} INFO - Processing /home/hamza/Documents/project/Mlops/myenv/lib/python3.12/site-packages/airflow/example_dags/example_params_trigger_ui.py took 0.147 seconds
[2025-04-03T15:09:56.364+0000] {processor.py:186} INFO - Started process (PID=37104) to work on /home/hamza/Documents/project/Mlops/myenv/lib/python3.12/site-packages/airflow/example_dags/example_params_trigger_ui.py
[2025-04-03T15:09:56.366+0000] {processor.py:914} INFO - Processing file /home/hamza/Documents/project/Mlops/myenv/lib/python3.12/site-packages/airflow/example_dags/example_params_trigger_ui.py for tasks to queue
[2025-04-03T15:09:56.371+0000] {logging_mixin.py:190} INFO - [2025-04-03T15:09:56.370+0000] {dagbag.py:588} INFO - Filling up the DagBag from /home/hamza/Documents/project/Mlops/myenv/lib/python3.12/site-packages/airflow/example_dags/example_params_trigger_ui.py
[2025-04-03T15:09:56.395+0000] {processor.py:925} INFO - DAG(s) 'example_params_trigger_ui' retrieved from /home/hamza/Documents/project/Mlops/myenv/lib/python3.12/site-packages/airflow/example_dags/example_params_trigger_ui.py
[2025-04-03T15:09:56.468+0000] {logging_mixin.py:190} INFO - [2025-04-03T15:09:56.468+0000] {dag.py:3239} INFO - Sync 1 DAGs
[2025-04-03T15:09:56.491+0000] {logging_mixin.py:190} INFO - [2025-04-03T15:09:56.491+0000] {dag.py:4180} INFO - Setting next_dagrun for example_params_trigger_ui to None, run_after=None
[2025-04-03T15:09:56.529+0000] {processor.py:208} INFO - Processing /home/hamza/Documents/project/Mlops/myenv/lib/python3.12/site-packages/airflow/example_dags/example_params_trigger_ui.py took 0.178 seconds
[2025-04-03T15:11:10.539+0000] {processor.py:186} INFO - Started process (PID=37783) to work on /home/hamza/Documents/project/Mlops/myenv/lib/python3.12/site-packages/airflow/example_dags/example_params_trigger_ui.py
[2025-04-03T15:11:10.543+0000] {processor.py:914} INFO - Processing file /home/hamza/Documents/project/Mlops/myenv/lib/python3.12/site-packages/airflow/example_dags/example_params_trigger_ui.py for tasks to queue
[2025-04-03T15:11:10.547+0000] {logging_mixin.py:190} INFO - [2025-04-03T15:11:10.546+0000] {dagbag.py:588} INFO - Filling up the DagBag from /home/hamza/Documents/project/Mlops/myenv/lib/python3.12/site-packages/airflow/example_dags/example_params_trigger_ui.py
[2025-04-03T15:11:10.566+0000] {processor.py:925} INFO - DAG(s) 'example_params_trigger_ui' retrieved from /home/hamza/Documents/project/Mlops/myenv/lib/python3.12/site-packages/airflow/example_dags/example_params_trigger_ui.py
[2025-04-03T15:11:10.627+0000] {logging_mixin.py:190} INFO - [2025-04-03T15:11:10.627+0000] {dag.py:3239} INFO - Sync 1 DAGs
[2025-04-03T15:11:10.647+0000] {logging_mixin.py:190} INFO - [2025-04-03T15:11:10.647+0000] {dag.py:4180} INFO - Setting next_dagrun for example_params_trigger_ui to None, run_after=None
[2025-04-03T15:11:10.690+0000] {processor.py:208} INFO - Processing /home/hamza/Documents/project/Mlops/myenv/lib/python3.12/site-packages/airflow/example_dags/example_params_trigger_ui.py took 0.159 seconds
[2025-04-03T15:12:41.949+0000] {processor.py:186} INFO - Started process (PID=38611) to work on /home/hamza/Documents/project/Mlops/myenv/lib/python3.12/site-packages/airflow/example_dags/example_params_trigger_ui.py
[2025-04-03T15:12:41.951+0000] {processor.py:914} INFO - Processing file /home/hamza/Documents/project/Mlops/myenv/lib/python3.12/site-packages/airflow/example_dags/example_params_trigger_ui.py for tasks to queue
[2025-04-03T15:12:41.954+0000] {logging_mixin.py:190} INFO - [2025-04-03T15:12:41.954+0000] {dagbag.py:588} INFO - Filling up the DagBag from /home/hamza/Documents/project/Mlops/myenv/lib/python3.12/site-packages/airflow/example_dags/example_params_trigger_ui.py
[2025-04-03T15:12:41.974+0000] {processor.py:925} INFO - DAG(s) 'example_params_trigger_ui' retrieved from /home/hamza/Documents/project/Mlops/myenv/lib/python3.12/site-packages/airflow/example_dags/example_params_trigger_ui.py
[2025-04-03T15:12:42.041+0000] {logging_mixin.py:190} INFO - [2025-04-03T15:12:42.041+0000] {dag.py:3239} INFO - Sync 1 DAGs
[2025-04-03T15:12:42.062+0000] {logging_mixin.py:190} INFO - [2025-04-03T15:12:42.062+0000] {dag.py:4180} INFO - Setting next_dagrun for example_params_trigger_ui to None, run_after=None
[2025-04-03T15:12:42.102+0000] {processor.py:208} INFO - Processing /home/hamza/Documents/project/Mlops/myenv/lib/python3.12/site-packages/airflow/example_dags/example_params_trigger_ui.py took 0.164 seconds
[2025-04-03T15:14:16.710+0000] {processor.py:186} INFO - Started process (PID=39492) to work on /home/hamza/Documents/project/Mlops/myenv/lib/python3.12/site-packages/airflow/example_dags/example_params_trigger_ui.py
[2025-04-03T15:14:16.712+0000] {processor.py:914} INFO - Processing file /home/hamza/Documents/project/Mlops/myenv/lib/python3.12/site-packages/airflow/example_dags/example_params_trigger_ui.py for tasks to queue
[2025-04-03T15:14:16.716+0000] {logging_mixin.py:190} INFO - [2025-04-03T15:14:16.716+0000] {dagbag.py:588} INFO - Filling up the DagBag from /home/hamza/Documents/project/Mlops/myenv/lib/python3.12/site-packages/airflow/example_dags/example_params_trigger_ui.py
[2025-04-03T15:14:16.737+0000] {processor.py:925} INFO - DAG(s) 'example_params_trigger_ui' retrieved from /home/hamza/Documents/project/Mlops/myenv/lib/python3.12/site-packages/airflow/example_dags/example_params_trigger_ui.py
[2025-04-03T15:14:16.809+0000] {logging_mixin.py:190} INFO - [2025-04-03T15:14:16.809+0000] {dag.py:3239} INFO - Sync 1 DAGs
[2025-04-03T15:14:16.830+0000] {logging_mixin.py:190} INFO - [2025-04-03T15:14:16.829+0000] {dag.py:4180} INFO - Setting next_dagrun for example_params_trigger_ui to None, run_after=None
[2025-04-03T15:14:16.866+0000] {processor.py:208} INFO - Processing /home/hamza/Documents/project/Mlops/myenv/lib/python3.12/site-packages/airflow/example_dags/example_params_trigger_ui.py took 0.165 seconds
[2025-04-03T15:15:52.432+0000] {processor.py:186} INFO - Started process (PID=40444) to work on /home/hamza/Documents/project/Mlops/myenv/lib/python3.12/site-packages/airflow/example_dags/example_params_trigger_ui.py
[2025-04-03T15:15:52.435+0000] {processor.py:914} INFO - Processing file /home/hamza/Documents/project/Mlops/myenv/lib/python3.12/site-packages/airflow/example_dags/example_params_trigger_ui.py for tasks to queue
[2025-04-03T15:15:52.439+0000] {logging_mixin.py:190} INFO - [2025-04-03T15:15:52.438+0000] {dagbag.py:588} INFO - Filling up the DagBag from /home/hamza/Documents/project/Mlops/myenv/lib/python3.12/site-packages/airflow/example_dags/example_params_trigger_ui.py
[2025-04-03T15:15:52.459+0000] {processor.py:925} INFO - DAG(s) 'example_params_trigger_ui' retrieved from /home/hamza/Documents/project/Mlops/myenv/lib/python3.12/site-packages/airflow/example_dags/example_params_trigger_ui.py
[2025-04-03T15:15:52.519+0000] {logging_mixin.py:190} INFO - [2025-04-03T15:15:52.519+0000] {dag.py:3239} INFO - Sync 1 DAGs
[2025-04-03T15:15:52.540+0000] {logging_mixin.py:190} INFO - [2025-04-03T15:15:52.539+0000] {dag.py:4180} INFO - Setting next_dagrun for example_params_trigger_ui to None, run_after=None
[2025-04-03T15:15:52.574+0000] {processor.py:208} INFO - Processing /home/hamza/Documents/project/Mlops/myenv/lib/python3.12/site-packages/airflow/example_dags/example_params_trigger_ui.py took 0.152 seconds
[2025-04-03T15:17:32.101+0000] {processor.py:186} INFO - Started process (PID=41488) to work on /home/hamza/Documents/project/Mlops/myenv/lib/python3.12/site-packages/airflow/example_dags/example_params_trigger_ui.py
[2025-04-03T15:17:32.104+0000] {processor.py:914} INFO - Processing file /home/hamza/Documents/project/Mlops/myenv/lib/python3.12/site-packages/airflow/example_dags/example_params_trigger_ui.py for tasks to queue
[2025-04-03T15:17:32.108+0000] {logging_mixin.py:190} INFO - [2025-04-03T15:17:32.107+0000] {dagbag.py:588} INFO - Filling up the DagBag from /home/hamza/Documents/project/Mlops/myenv/lib/python3.12/site-packages/airflow/example_dags/example_params_trigger_ui.py
[2025-04-03T15:17:32.128+0000] {processor.py:925} INFO - DAG(s) 'example_params_trigger_ui' retrieved from /home/hamza/Documents/project/Mlops/myenv/lib/python3.12/site-packages/airflow/example_dags/example_params_trigger_ui.py
[2025-04-03T15:17:32.188+0000] {logging_mixin.py:190} INFO - [2025-04-03T15:17:32.188+0000] {dag.py:3239} INFO - Sync 1 DAGs
[2025-04-03T15:17:32.209+0000] {logging_mixin.py:190} INFO - [2025-04-03T15:17:32.208+0000] {dag.py:4180} INFO - Setting next_dagrun for example_params_trigger_ui to None, run_after=None
[2025-04-03T15:17:32.241+0000] {processor.py:208} INFO - Processing /home/hamza/Documents/project/Mlops/myenv/lib/python3.12/site-packages/airflow/example_dags/example_params_trigger_ui.py took 0.149 seconds
[2025-04-03T15:19:03.921+0000] {processor.py:186} INFO - Started process (PID=42401) to work on /home/hamza/Documents/project/Mlops/myenv/lib/python3.12/site-packages/airflow/example_dags/example_params_trigger_ui.py
[2025-04-03T15:19:03.924+0000] {processor.py:914} INFO - Processing file /home/hamza/Documents/project/Mlops/myenv/lib/python3.12/site-packages/airflow/example_dags/example_params_trigger_ui.py for tasks to queue
[2025-04-03T15:19:03.927+0000] {logging_mixin.py:190} INFO - [2025-04-03T15:19:03.927+0000] {dagbag.py:588} INFO - Filling up the DagBag from /home/hamza/Documents/project/Mlops/myenv/lib/python3.12/site-packages/airflow/example_dags/example_params_trigger_ui.py
[2025-04-03T15:19:03.947+0000] {processor.py:925} INFO - DAG(s) 'example_params_trigger_ui' retrieved from /home/hamza/Documents/project/Mlops/myenv/lib/python3.12/site-packages/airflow/example_dags/example_params_trigger_ui.py
[2025-04-03T15:19:04.017+0000] {logging_mixin.py:190} INFO - [2025-04-03T15:19:04.017+0000] {dag.py:3239} INFO - Sync 1 DAGs
[2025-04-03T15:19:04.038+0000] {logging_mixin.py:190} INFO - [2025-04-03T15:19:04.038+0000] {dag.py:4180} INFO - Setting next_dagrun for example_params_trigger_ui to None, run_after=None
[2025-04-03T15:19:04.076+0000] {processor.py:208} INFO - Processing /home/hamza/Documents/project/Mlops/myenv/lib/python3.12/site-packages/airflow/example_dags/example_params_trigger_ui.py took 0.165 seconds
[2025-04-03T15:20:34.062+0000] {processor.py:186} INFO - Started process (PID=43405) to work on /home/hamza/Documents/project/Mlops/myenv/lib/python3.12/site-packages/airflow/example_dags/example_params_trigger_ui.py
[2025-04-03T15:20:34.064+0000] {processor.py:914} INFO - Processing file /home/hamza/Documents/project/Mlops/myenv/lib/python3.12/site-packages/airflow/example_dags/example_params_trigger_ui.py for tasks to queue
[2025-04-03T15:20:34.069+0000] {logging_mixin.py:190} INFO - [2025-04-03T15:20:34.068+0000] {dagbag.py:588} INFO - Filling up the DagBag from /home/hamza/Documents/project/Mlops/myenv/lib/python3.12/site-packages/airflow/example_dags/example_params_trigger_ui.py
[2025-04-03T15:20:34.091+0000] {processor.py:925} INFO - DAG(s) 'example_params_trigger_ui' retrieved from /home/hamza/Documents/project/Mlops/myenv/lib/python3.12/site-packages/airflow/example_dags/example_params_trigger_ui.py
[2025-04-03T15:20:34.165+0000] {logging_mixin.py:190} INFO - [2025-04-03T15:20:34.165+0000] {dag.py:3239} INFO - Sync 1 DAGs
[2025-04-03T15:20:34.188+0000] {logging_mixin.py:190} INFO - [2025-04-03T15:20:34.188+0000] {dag.py:4180} INFO - Setting next_dagrun for example_params_trigger_ui to None, run_after=None
[2025-04-03T15:20:34.223+0000] {processor.py:208} INFO - Processing /home/hamza/Documents/project/Mlops/myenv/lib/python3.12/site-packages/airflow/example_dags/example_params_trigger_ui.py took 0.170 seconds
[2025-04-03T15:22:10.302+0000] {processor.py:186} INFO - Started process (PID=44318) to work on /home/hamza/Documents/project/Mlops/myenv/lib/python3.12/site-packages/airflow/example_dags/example_params_trigger_ui.py
[2025-04-03T15:22:10.305+0000] {processor.py:914} INFO - Processing file /home/hamza/Documents/project/Mlops/myenv/lib/python3.12/site-packages/airflow/example_dags/example_params_trigger_ui.py for tasks to queue
[2025-04-03T15:22:10.309+0000] {logging_mixin.py:190} INFO - [2025-04-03T15:22:10.308+0000] {dagbag.py:588} INFO - Filling up the DagBag from /home/hamza/Documents/project/Mlops/myenv/lib/python3.12/site-packages/airflow/example_dags/example_params_trigger_ui.py
[2025-04-03T15:22:10.328+0000] {processor.py:925} INFO - DAG(s) 'example_params_trigger_ui' retrieved from /home/hamza/Documents/project/Mlops/myenv/lib/python3.12/site-packages/airflow/example_dags/example_params_trigger_ui.py
[2025-04-03T15:22:10.396+0000] {logging_mixin.py:190} INFO - [2025-04-03T15:22:10.396+0000] {dag.py:3239} INFO - Sync 1 DAGs
[2025-04-03T15:22:10.419+0000] {logging_mixin.py:190} INFO - [2025-04-03T15:22:10.419+0000] {dag.py:4180} INFO - Setting next_dagrun for example_params_trigger_ui to None, run_after=None
[2025-04-03T15:22:10.453+0000] {processor.py:208} INFO - Processing /home/hamza/Documents/project/Mlops/myenv/lib/python3.12/site-packages/airflow/example_dags/example_params_trigger_ui.py took 0.160 seconds
[2025-04-03T15:23:46.911+0000] {processor.py:186} INFO - Started process (PID=45247) to work on /home/hamza/Documents/project/Mlops/myenv/lib/python3.12/site-packages/airflow/example_dags/example_params_trigger_ui.py
[2025-04-03T15:23:46.912+0000] {processor.py:914} INFO - Processing file /home/hamza/Documents/project/Mlops/myenv/lib/python3.12/site-packages/airflow/example_dags/example_params_trigger_ui.py for tasks to queue
[2025-04-03T15:23:46.916+0000] {logging_mixin.py:190} INFO - [2025-04-03T15:23:46.915+0000] {dagbag.py:588} INFO - Filling up the DagBag from /home/hamza/Documents/project/Mlops/myenv/lib/python3.12/site-packages/airflow/example_dags/example_params_trigger_ui.py
[2025-04-03T15:23:46.936+0000] {processor.py:925} INFO - DAG(s) 'example_params_trigger_ui' retrieved from /home/hamza/Documents/project/Mlops/myenv/lib/python3.12/site-packages/airflow/example_dags/example_params_trigger_ui.py
[2025-04-03T15:23:47.011+0000] {logging_mixin.py:190} INFO - [2025-04-03T15:23:47.010+0000] {dag.py:3239} INFO - Sync 1 DAGs
[2025-04-03T15:23:47.034+0000] {logging_mixin.py:190} INFO - [2025-04-03T15:23:47.034+0000] {dag.py:4180} INFO - Setting next_dagrun for example_params_trigger_ui to None, run_after=None
[2025-04-03T15:23:47.067+0000] {processor.py:208} INFO - Processing /home/hamza/Documents/project/Mlops/myenv/lib/python3.12/site-packages/airflow/example_dags/example_params_trigger_ui.py took 0.165 seconds
[2025-04-03T15:25:20.093+0000] {processor.py:186} INFO - Started process (PID=46175) to work on /home/hamza/Documents/project/Mlops/myenv/lib/python3.12/site-packages/airflow/example_dags/example_params_trigger_ui.py
[2025-04-03T15:25:20.095+0000] {processor.py:914} INFO - Processing file /home/hamza/Documents/project/Mlops/myenv/lib/python3.12/site-packages/airflow/example_dags/example_params_trigger_ui.py for tasks to queue
[2025-04-03T15:25:20.100+0000] {logging_mixin.py:190} INFO - [2025-04-03T15:25:20.099+0000] {dagbag.py:588} INFO - Filling up the DagBag from /home/hamza/Documents/project/Mlops/myenv/lib/python3.12/site-packages/airflow/example_dags/example_params_trigger_ui.py
[2025-04-03T15:25:20.127+0000] {processor.py:925} INFO - DAG(s) 'example_params_trigger_ui' retrieved from /home/hamza/Documents/project/Mlops/myenv/lib/python3.12/site-packages/airflow/example_dags/example_params_trigger_ui.py
[2025-04-03T15:25:20.212+0000] {logging_mixin.py:190} INFO - [2025-04-03T15:25:20.211+0000] {dag.py:3239} INFO - Sync 1 DAGs
[2025-04-03T15:25:20.230+0000] {logging_mixin.py:190} INFO - [2025-04-03T15:25:20.229+0000] {dag.py:4180} INFO - Setting next_dagrun for example_params_trigger_ui to None, run_after=None
[2025-04-03T15:25:20.262+0000] {processor.py:208} INFO - Processing /home/hamza/Documents/project/Mlops/myenv/lib/python3.12/site-packages/airflow/example_dags/example_params_trigger_ui.py took 0.178 seconds
[2025-04-03T16:31:25.563+0000] {processor.py:186} INFO - Started process (PID=82783) to work on /home/hamza/Documents/project/Mlops/myenv/lib/python3.12/site-packages/airflow/example_dags/example_params_trigger_ui.py
[2025-04-03T16:31:25.565+0000] {processor.py:914} INFO - Processing file /home/hamza/Documents/project/Mlops/myenv/lib/python3.12/site-packages/airflow/example_dags/example_params_trigger_ui.py for tasks to queue
[2025-04-03T16:31:25.569+0000] {logging_mixin.py:190} INFO - [2025-04-03T16:31:25.568+0000] {dagbag.py:588} INFO - Filling up the DagBag from /home/hamza/Documents/project/Mlops/myenv/lib/python3.12/site-packages/airflow/example_dags/example_params_trigger_ui.py
[2025-04-03T16:31:25.591+0000] {processor.py:925} INFO - DAG(s) 'example_params_trigger_ui' retrieved from /home/hamza/Documents/project/Mlops/myenv/lib/python3.12/site-packages/airflow/example_dags/example_params_trigger_ui.py
[2025-04-03T16:31:25.660+0000] {logging_mixin.py:190} INFO - [2025-04-03T16:31:25.660+0000] {dag.py:3239} INFO - Sync 1 DAGs
[2025-04-03T16:31:25.685+0000] {logging_mixin.py:190} INFO - [2025-04-03T16:31:25.685+0000] {dag.py:4180} INFO - Setting next_dagrun for example_params_trigger_ui to None, run_after=None
[2025-04-03T16:31:25.720+0000] {processor.py:208} INFO - Processing /home/hamza/Documents/project/Mlops/myenv/lib/python3.12/site-packages/airflow/example_dags/example_params_trigger_ui.py took 0.167 seconds
[2025-04-03T16:34:07.633+0000] {processor.py:186} INFO - Started process (PID=84317) to work on /home/hamza/Documents/project/Mlops/myenv/lib/python3.12/site-packages/airflow/example_dags/example_params_trigger_ui.py
[2025-04-03T16:34:07.636+0000] {processor.py:914} INFO - Processing file /home/hamza/Documents/project/Mlops/myenv/lib/python3.12/site-packages/airflow/example_dags/example_params_trigger_ui.py for tasks to queue
[2025-04-03T16:34:07.640+0000] {logging_mixin.py:190} INFO - [2025-04-03T16:34:07.639+0000] {dagbag.py:588} INFO - Filling up the DagBag from /home/hamza/Documents/project/Mlops/myenv/lib/python3.12/site-packages/airflow/example_dags/example_params_trigger_ui.py
[2025-04-03T16:34:07.669+0000] {processor.py:925} INFO - DAG(s) 'example_params_trigger_ui' retrieved from /home/hamza/Documents/project/Mlops/myenv/lib/python3.12/site-packages/airflow/example_dags/example_params_trigger_ui.py
[2025-04-03T16:34:07.764+0000] {logging_mixin.py:190} INFO - [2025-04-03T16:34:07.763+0000] {dag.py:3239} INFO - Sync 1 DAGs
[2025-04-03T16:34:07.803+0000] {logging_mixin.py:190} INFO - [2025-04-03T16:34:07.802+0000] {dag.py:4180} INFO - Setting next_dagrun for example_params_trigger_ui to None, run_after=None
[2025-04-03T16:34:07.901+0000] {processor.py:208} INFO - Processing /home/hamza/Documents/project/Mlops/myenv/lib/python3.12/site-packages/airflow/example_dags/example_params_trigger_ui.py took 0.278 seconds
[2025-04-03T16:35:37.141+0000] {processor.py:186} INFO - Started process (PID=85074) to work on /home/hamza/Documents/project/Mlops/myenv/lib/python3.12/site-packages/airflow/example_dags/example_params_trigger_ui.py
[2025-04-03T16:35:37.143+0000] {processor.py:914} INFO - Processing file /home/hamza/Documents/project/Mlops/myenv/lib/python3.12/site-packages/airflow/example_dags/example_params_trigger_ui.py for tasks to queue
[2025-04-03T16:35:37.148+0000] {logging_mixin.py:190} INFO - [2025-04-03T16:35:37.147+0000] {dagbag.py:588} INFO - Filling up the DagBag from /home/hamza/Documents/project/Mlops/myenv/lib/python3.12/site-packages/airflow/example_dags/example_params_trigger_ui.py
[2025-04-03T16:35:37.174+0000] {processor.py:925} INFO - DAG(s) 'example_params_trigger_ui' retrieved from /home/hamza/Documents/project/Mlops/myenv/lib/python3.12/site-packages/airflow/example_dags/example_params_trigger_ui.py
[2025-04-03T16:35:37.257+0000] {logging_mixin.py:190} INFO - [2025-04-03T16:35:37.257+0000] {dag.py:3239} INFO - Sync 1 DAGs
[2025-04-03T16:35:37.288+0000] {logging_mixin.py:190} INFO - [2025-04-03T16:35:37.287+0000] {dag.py:4180} INFO - Setting next_dagrun for example_params_trigger_ui to None, run_after=None
[2025-04-03T16:35:37.329+0000] {processor.py:208} INFO - Processing /home/hamza/Documents/project/Mlops/myenv/lib/python3.12/site-packages/airflow/example_dags/example_params_trigger_ui.py took 0.197 seconds
[2025-04-03T16:37:11.127+0000] {processor.py:186} INFO - Started process (PID=85848) to work on /home/hamza/Documents/project/Mlops/myenv/lib/python3.12/site-packages/airflow/example_dags/example_params_trigger_ui.py
[2025-04-03T16:37:11.130+0000] {processor.py:914} INFO - Processing file /home/hamza/Documents/project/Mlops/myenv/lib/python3.12/site-packages/airflow/example_dags/example_params_trigger_ui.py for tasks to queue
[2025-04-03T16:37:11.133+0000] {logging_mixin.py:190} INFO - [2025-04-03T16:37:11.133+0000] {dagbag.py:588} INFO - Filling up the DagBag from /home/hamza/Documents/project/Mlops/myenv/lib/python3.12/site-packages/airflow/example_dags/example_params_trigger_ui.py
[2025-04-03T16:37:11.155+0000] {processor.py:925} INFO - DAG(s) 'example_params_trigger_ui' retrieved from /home/hamza/Documents/project/Mlops/myenv/lib/python3.12/site-packages/airflow/example_dags/example_params_trigger_ui.py
[2025-04-03T16:37:11.232+0000] {logging_mixin.py:190} INFO - [2025-04-03T16:37:11.231+0000] {dag.py:3239} INFO - Sync 1 DAGs
[2025-04-03T16:37:11.261+0000] {logging_mixin.py:190} INFO - [2025-04-03T16:37:11.261+0000] {dag.py:4180} INFO - Setting next_dagrun for example_params_trigger_ui to None, run_after=None
[2025-04-03T16:37:11.303+0000] {processor.py:208} INFO - Processing /home/hamza/Documents/project/Mlops/myenv/lib/python3.12/site-packages/airflow/example_dags/example_params_trigger_ui.py took 0.187 seconds
[2025-04-03T16:38:40.012+0000] {processor.py:186} INFO - Started process (PID=86679) to work on /home/hamza/Documents/project/Mlops/myenv/lib/python3.12/site-packages/airflow/example_dags/example_params_trigger_ui.py
[2025-04-03T16:38:40.017+0000] {processor.py:914} INFO - Processing file /home/hamza/Documents/project/Mlops/myenv/lib/python3.12/site-packages/airflow/example_dags/example_params_trigger_ui.py for tasks to queue
[2025-04-03T16:38:40.021+0000] {logging_mixin.py:190} INFO - [2025-04-03T16:38:40.021+0000] {dagbag.py:588} INFO - Filling up the DagBag from /home/hamza/Documents/project/Mlops/myenv/lib/python3.12/site-packages/airflow/example_dags/example_params_trigger_ui.py
[2025-04-03T16:38:40.042+0000] {processor.py:925} INFO - DAG(s) 'example_params_trigger_ui' retrieved from /home/hamza/Documents/project/Mlops/myenv/lib/python3.12/site-packages/airflow/example_dags/example_params_trigger_ui.py
[2025-04-03T16:38:40.113+0000] {logging_mixin.py:190} INFO - [2025-04-03T16:38:40.112+0000] {dag.py:3239} INFO - Sync 1 DAGs
[2025-04-03T16:38:40.136+0000] {logging_mixin.py:190} INFO - [2025-04-03T16:38:40.136+0000] {dag.py:4180} INFO - Setting next_dagrun for example_params_trigger_ui to None, run_after=None
[2025-04-03T16:38:40.176+0000] {processor.py:208} INFO - Processing /home/hamza/Documents/project/Mlops/myenv/lib/python3.12/site-packages/airflow/example_dags/example_params_trigger_ui.py took 0.172 seconds
[2025-04-03T16:40:12.101+0000] {processor.py:186} INFO - Started process (PID=87891) to work on /home/hamza/Documents/project/Mlops/myenv/lib/python3.12/site-packages/airflow/example_dags/example_params_trigger_ui.py
[2025-04-03T16:40:12.103+0000] {processor.py:914} INFO - Processing file /home/hamza/Documents/project/Mlops/myenv/lib/python3.12/site-packages/airflow/example_dags/example_params_trigger_ui.py for tasks to queue
[2025-04-03T16:40:12.107+0000] {logging_mixin.py:190} INFO - [2025-04-03T16:40:12.106+0000] {dagbag.py:588} INFO - Filling up the DagBag from /home/hamza/Documents/project/Mlops/myenv/lib/python3.12/site-packages/airflow/example_dags/example_params_trigger_ui.py
[2025-04-03T16:40:12.133+0000] {processor.py:925} INFO - DAG(s) 'example_params_trigger_ui' retrieved from /home/hamza/Documents/project/Mlops/myenv/lib/python3.12/site-packages/airflow/example_dags/example_params_trigger_ui.py
[2025-04-03T16:40:12.219+0000] {logging_mixin.py:190} INFO - [2025-04-03T16:40:12.219+0000] {dag.py:3239} INFO - Sync 1 DAGs
[2025-04-03T16:40:12.247+0000] {logging_mixin.py:190} INFO - [2025-04-03T16:40:12.247+0000] {dag.py:4180} INFO - Setting next_dagrun for example_params_trigger_ui to None, run_after=None
[2025-04-03T16:40:12.292+0000] {processor.py:208} INFO - Processing /home/hamza/Documents/project/Mlops/myenv/lib/python3.12/site-packages/airflow/example_dags/example_params_trigger_ui.py took 0.202 seconds
[2025-04-03T16:41:52.755+0000] {processor.py:186} INFO - Started process (PID=88828) to work on /home/hamza/Documents/project/Mlops/myenv/lib/python3.12/site-packages/airflow/example_dags/example_params_trigger_ui.py
[2025-04-03T16:41:52.756+0000] {processor.py:914} INFO - Processing file /home/hamza/Documents/project/Mlops/myenv/lib/python3.12/site-packages/airflow/example_dags/example_params_trigger_ui.py for tasks to queue
[2025-04-03T16:41:52.760+0000] {logging_mixin.py:190} INFO - [2025-04-03T16:41:52.759+0000] {dagbag.py:588} INFO - Filling up the DagBag from /home/hamza/Documents/project/Mlops/myenv/lib/python3.12/site-packages/airflow/example_dags/example_params_trigger_ui.py
[2025-04-03T16:41:52.781+0000] {processor.py:925} INFO - DAG(s) 'example_params_trigger_ui' retrieved from /home/hamza/Documents/project/Mlops/myenv/lib/python3.12/site-packages/airflow/example_dags/example_params_trigger_ui.py
[2025-04-03T16:41:52.846+0000] {logging_mixin.py:190} INFO - [2025-04-03T16:41:52.846+0000] {dag.py:3239} INFO - Sync 1 DAGs
[2025-04-03T16:41:52.867+0000] {logging_mixin.py:190} INFO - [2025-04-03T16:41:52.867+0000] {dag.py:4180} INFO - Setting next_dagrun for example_params_trigger_ui to None, run_after=None
[2025-04-03T16:41:52.902+0000] {processor.py:208} INFO - Processing /home/hamza/Documents/project/Mlops/myenv/lib/python3.12/site-packages/airflow/example_dags/example_params_trigger_ui.py took 0.156 seconds
[2025-04-03T16:43:24.796+0000] {processor.py:186} INFO - Started process (PID=89554) to work on /home/hamza/Documents/project/Mlops/myenv/lib/python3.12/site-packages/airflow/example_dags/example_params_trigger_ui.py
[2025-04-03T16:43:24.798+0000] {processor.py:914} INFO - Processing file /home/hamza/Documents/project/Mlops/myenv/lib/python3.12/site-packages/airflow/example_dags/example_params_trigger_ui.py for tasks to queue
[2025-04-03T16:43:24.802+0000] {logging_mixin.py:190} INFO - [2025-04-03T16:43:24.801+0000] {dagbag.py:588} INFO - Filling up the DagBag from /home/hamza/Documents/project/Mlops/myenv/lib/python3.12/site-packages/airflow/example_dags/example_params_trigger_ui.py
[2025-04-03T16:43:24.822+0000] {processor.py:925} INFO - DAG(s) 'example_params_trigger_ui' retrieved from /home/hamza/Documents/project/Mlops/myenv/lib/python3.12/site-packages/airflow/example_dags/example_params_trigger_ui.py
[2025-04-03T16:43:24.886+0000] {logging_mixin.py:190} INFO - [2025-04-03T16:43:24.885+0000] {dag.py:3239} INFO - Sync 1 DAGs
[2025-04-03T16:43:24.907+0000] {logging_mixin.py:190} INFO - [2025-04-03T16:43:24.906+0000] {dag.py:4180} INFO - Setting next_dagrun for example_params_trigger_ui to None, run_after=None
[2025-04-03T16:43:24.941+0000] {processor.py:208} INFO - Processing /home/hamza/Documents/project/Mlops/myenv/lib/python3.12/site-packages/airflow/example_dags/example_params_trigger_ui.py took 0.154 seconds
[2025-04-03T16:45:03.337+0000] {processor.py:186} INFO - Started process (PID=90344) to work on /home/hamza/Documents/project/Mlops/myenv/lib/python3.12/site-packages/airflow/example_dags/example_params_trigger_ui.py
[2025-04-03T16:45:03.339+0000] {processor.py:914} INFO - Processing file /home/hamza/Documents/project/Mlops/myenv/lib/python3.12/site-packages/airflow/example_dags/example_params_trigger_ui.py for tasks to queue
[2025-04-03T16:45:03.344+0000] {logging_mixin.py:190} INFO - [2025-04-03T16:45:03.343+0000] {dagbag.py:588} INFO - Filling up the DagBag from /home/hamza/Documents/project/Mlops/myenv/lib/python3.12/site-packages/airflow/example_dags/example_params_trigger_ui.py
[2025-04-03T16:45:03.365+0000] {processor.py:925} INFO - DAG(s) 'example_params_trigger_ui' retrieved from /home/hamza/Documents/project/Mlops/myenv/lib/python3.12/site-packages/airflow/example_dags/example_params_trigger_ui.py
[2025-04-03T16:45:03.436+0000] {logging_mixin.py:190} INFO - [2025-04-03T16:45:03.435+0000] {dag.py:3239} INFO - Sync 1 DAGs
[2025-04-03T16:45:03.457+0000] {logging_mixin.py:190} INFO - [2025-04-03T16:45:03.457+0000] {dag.py:4180} INFO - Setting next_dagrun for example_params_trigger_ui to None, run_after=None
[2025-04-03T16:45:03.496+0000] {processor.py:208} INFO - Processing /home/hamza/Documents/project/Mlops/myenv/lib/python3.12/site-packages/airflow/example_dags/example_params_trigger_ui.py took 0.169 seconds
[2025-04-03T16:46:36.968+0000] {processor.py:186} INFO - Started process (PID=91160) to work on /home/hamza/Documents/project/Mlops/myenv/lib/python3.12/site-packages/airflow/example_dags/example_params_trigger_ui.py
[2025-04-03T16:46:36.969+0000] {processor.py:914} INFO - Processing file /home/hamza/Documents/project/Mlops/myenv/lib/python3.12/site-packages/airflow/example_dags/example_params_trigger_ui.py for tasks to queue
[2025-04-03T16:46:36.973+0000] {logging_mixin.py:190} INFO - [2025-04-03T16:46:36.973+0000] {dagbag.py:588} INFO - Filling up the DagBag from /home/hamza/Documents/project/Mlops/myenv/lib/python3.12/site-packages/airflow/example_dags/example_params_trigger_ui.py
[2025-04-03T16:46:36.994+0000] {processor.py:925} INFO - DAG(s) 'example_params_trigger_ui' retrieved from /home/hamza/Documents/project/Mlops/myenv/lib/python3.12/site-packages/airflow/example_dags/example_params_trigger_ui.py
[2025-04-03T16:46:37.059+0000] {logging_mixin.py:190} INFO - [2025-04-03T16:46:37.059+0000] {dag.py:3239} INFO - Sync 1 DAGs
[2025-04-03T16:46:37.079+0000] {logging_mixin.py:190} INFO - [2025-04-03T16:46:37.079+0000] {dag.py:4180} INFO - Setting next_dagrun for example_params_trigger_ui to None, run_after=None
[2025-04-03T16:46:37.113+0000] {processor.py:208} INFO - Processing /home/hamza/Documents/project/Mlops/myenv/lib/python3.12/site-packages/airflow/example_dags/example_params_trigger_ui.py took 0.155 seconds
[2025-04-03T16:48:13.409+0000] {processor.py:186} INFO - Started process (PID=92009) to work on /home/hamza/Documents/project/Mlops/myenv/lib/python3.12/site-packages/airflow/example_dags/example_params_trigger_ui.py
[2025-04-03T16:48:13.410+0000] {processor.py:914} INFO - Processing file /home/hamza/Documents/project/Mlops/myenv/lib/python3.12/site-packages/airflow/example_dags/example_params_trigger_ui.py for tasks to queue
[2025-04-03T16:48:13.414+0000] {logging_mixin.py:190} INFO - [2025-04-03T16:48:13.413+0000] {dagbag.py:588} INFO - Filling up the DagBag from /home/hamza/Documents/project/Mlops/myenv/lib/python3.12/site-packages/airflow/example_dags/example_params_trigger_ui.py
[2025-04-03T16:48:13.437+0000] {processor.py:925} INFO - DAG(s) 'example_params_trigger_ui' retrieved from /home/hamza/Documents/project/Mlops/myenv/lib/python3.12/site-packages/airflow/example_dags/example_params_trigger_ui.py
[2025-04-03T16:48:13.519+0000] {logging_mixin.py:190} INFO - [2025-04-03T16:48:13.518+0000] {dag.py:3239} INFO - Sync 1 DAGs
[2025-04-03T16:48:13.545+0000] {logging_mixin.py:190} INFO - [2025-04-03T16:48:13.545+0000] {dag.py:4180} INFO - Setting next_dagrun for example_params_trigger_ui to None, run_after=None
[2025-04-03T16:48:13.586+0000] {processor.py:208} INFO - Processing /home/hamza/Documents/project/Mlops/myenv/lib/python3.12/site-packages/airflow/example_dags/example_params_trigger_ui.py took 0.187 seconds
[2025-04-03T16:49:54.785+0000] {processor.py:186} INFO - Started process (PID=92884) to work on /home/hamza/Documents/project/Mlops/myenv/lib/python3.12/site-packages/airflow/example_dags/example_params_trigger_ui.py
[2025-04-03T16:49:54.787+0000] {processor.py:914} INFO - Processing file /home/hamza/Documents/project/Mlops/myenv/lib/python3.12/site-packages/airflow/example_dags/example_params_trigger_ui.py for tasks to queue
[2025-04-03T16:49:54.792+0000] {logging_mixin.py:190} INFO - [2025-04-03T16:49:54.791+0000] {dagbag.py:588} INFO - Filling up the DagBag from /home/hamza/Documents/project/Mlops/myenv/lib/python3.12/site-packages/airflow/example_dags/example_params_trigger_ui.py
[2025-04-03T16:49:54.814+0000] {processor.py:925} INFO - DAG(s) 'example_params_trigger_ui' retrieved from /home/hamza/Documents/project/Mlops/myenv/lib/python3.12/site-packages/airflow/example_dags/example_params_trigger_ui.py
[2025-04-03T16:49:54.888+0000] {logging_mixin.py:190} INFO - [2025-04-03T16:49:54.888+0000] {dag.py:3239} INFO - Sync 1 DAGs
[2025-04-03T16:49:54.911+0000] {logging_mixin.py:190} INFO - [2025-04-03T16:49:54.911+0000] {dag.py:4180} INFO - Setting next_dagrun for example_params_trigger_ui to None, run_after=None
[2025-04-03T16:49:54.949+0000] {processor.py:208} INFO - Processing /home/hamza/Documents/project/Mlops/myenv/lib/python3.12/site-packages/airflow/example_dags/example_params_trigger_ui.py took 0.173 seconds
[2025-04-03T16:51:31.302+0000] {processor.py:186} INFO - Started process (PID=93679) to work on /home/hamza/Documents/project/Mlops/myenv/lib/python3.12/site-packages/airflow/example_dags/example_params_trigger_ui.py
[2025-04-03T16:51:31.304+0000] {processor.py:914} INFO - Processing file /home/hamza/Documents/project/Mlops/myenv/lib/python3.12/site-packages/airflow/example_dags/example_params_trigger_ui.py for tasks to queue
[2025-04-03T16:51:31.309+0000] {logging_mixin.py:190} INFO - [2025-04-03T16:51:31.308+0000] {dagbag.py:588} INFO - Filling up the DagBag from /home/hamza/Documents/project/Mlops/myenv/lib/python3.12/site-packages/airflow/example_dags/example_params_trigger_ui.py
[2025-04-03T16:51:31.330+0000] {processor.py:925} INFO - DAG(s) 'example_params_trigger_ui' retrieved from /home/hamza/Documents/project/Mlops/myenv/lib/python3.12/site-packages/airflow/example_dags/example_params_trigger_ui.py
[2025-04-03T16:51:31.399+0000] {logging_mixin.py:190} INFO - [2025-04-03T16:51:31.399+0000] {dag.py:3239} INFO - Sync 1 DAGs
[2025-04-03T16:51:31.423+0000] {logging_mixin.py:190} INFO - [2025-04-03T16:51:31.423+0000] {dag.py:4180} INFO - Setting next_dagrun for example_params_trigger_ui to None, run_after=None
[2025-04-03T16:51:31.463+0000] {processor.py:208} INFO - Processing /home/hamza/Documents/project/Mlops/myenv/lib/python3.12/site-packages/airflow/example_dags/example_params_trigger_ui.py took 0.171 seconds
[2025-04-03T16:53:12.294+0000] {processor.py:186} INFO - Started process (PID=94521) to work on /home/hamza/Documents/project/Mlops/myenv/lib/python3.12/site-packages/airflow/example_dags/example_params_trigger_ui.py
[2025-04-03T16:53:12.296+0000] {processor.py:914} INFO - Processing file /home/hamza/Documents/project/Mlops/myenv/lib/python3.12/site-packages/airflow/example_dags/example_params_trigger_ui.py for tasks to queue
[2025-04-03T16:53:12.300+0000] {logging_mixin.py:190} INFO - [2025-04-03T16:53:12.299+0000] {dagbag.py:588} INFO - Filling up the DagBag from /home/hamza/Documents/project/Mlops/myenv/lib/python3.12/site-packages/airflow/example_dags/example_params_trigger_ui.py
[2025-04-03T16:53:12.323+0000] {processor.py:925} INFO - DAG(s) 'example_params_trigger_ui' retrieved from /home/hamza/Documents/project/Mlops/myenv/lib/python3.12/site-packages/airflow/example_dags/example_params_trigger_ui.py
[2025-04-03T16:53:12.398+0000] {logging_mixin.py:190} INFO - [2025-04-03T16:53:12.398+0000] {dag.py:3239} INFO - Sync 1 DAGs
[2025-04-03T16:53:12.421+0000] {logging_mixin.py:190} INFO - [2025-04-03T16:53:12.420+0000] {dag.py:4180} INFO - Setting next_dagrun for example_params_trigger_ui to None, run_after=None
[2025-04-03T16:53:12.464+0000] {processor.py:208} INFO - Processing /home/hamza/Documents/project/Mlops/myenv/lib/python3.12/site-packages/airflow/example_dags/example_params_trigger_ui.py took 0.180 seconds
[2025-04-03T16:54:52.385+0000] {processor.py:186} INFO - Started process (PID=95575) to work on /home/hamza/Documents/project/Mlops/myenv/lib/python3.12/site-packages/airflow/example_dags/example_params_trigger_ui.py
[2025-04-03T16:54:52.387+0000] {processor.py:914} INFO - Processing file /home/hamza/Documents/project/Mlops/myenv/lib/python3.12/site-packages/airflow/example_dags/example_params_trigger_ui.py for tasks to queue
[2025-04-03T16:54:52.392+0000] {logging_mixin.py:190} INFO - [2025-04-03T16:54:52.391+0000] {dagbag.py:588} INFO - Filling up the DagBag from /home/hamza/Documents/project/Mlops/myenv/lib/python3.12/site-packages/airflow/example_dags/example_params_trigger_ui.py
[2025-04-03T16:54:52.414+0000] {processor.py:925} INFO - DAG(s) 'example_params_trigger_ui' retrieved from /home/hamza/Documents/project/Mlops/myenv/lib/python3.12/site-packages/airflow/example_dags/example_params_trigger_ui.py
[2025-04-03T16:54:52.480+0000] {logging_mixin.py:190} INFO - [2025-04-03T16:54:52.479+0000] {dag.py:3239} INFO - Sync 1 DAGs
[2025-04-03T16:54:52.506+0000] {logging_mixin.py:190} INFO - [2025-04-03T16:54:52.505+0000] {dag.py:4180} INFO - Setting next_dagrun for example_params_trigger_ui to None, run_after=None
[2025-04-03T16:54:52.542+0000] {processor.py:208} INFO - Processing /home/hamza/Documents/project/Mlops/myenv/lib/python3.12/site-packages/airflow/example_dags/example_params_trigger_ui.py took 0.166 seconds
[2025-04-03T16:56:30.966+0000] {processor.py:186} INFO - Started process (PID=96378) to work on /home/hamza/Documents/project/Mlops/myenv/lib/python3.12/site-packages/airflow/example_dags/example_params_trigger_ui.py
[2025-04-03T16:56:30.968+0000] {processor.py:914} INFO - Processing file /home/hamza/Documents/project/Mlops/myenv/lib/python3.12/site-packages/airflow/example_dags/example_params_trigger_ui.py for tasks to queue
[2025-04-03T16:56:30.973+0000] {logging_mixin.py:190} INFO - [2025-04-03T16:56:30.972+0000] {dagbag.py:588} INFO - Filling up the DagBag from /home/hamza/Documents/project/Mlops/myenv/lib/python3.12/site-packages/airflow/example_dags/example_params_trigger_ui.py
[2025-04-03T16:56:31.003+0000] {processor.py:925} INFO - DAG(s) 'example_params_trigger_ui' retrieved from /home/hamza/Documents/project/Mlops/myenv/lib/python3.12/site-packages/airflow/example_dags/example_params_trigger_ui.py
[2025-04-03T16:56:31.073+0000] {logging_mixin.py:190} INFO - [2025-04-03T16:56:31.073+0000] {dag.py:3239} INFO - Sync 1 DAGs
[2025-04-03T16:56:31.098+0000] {logging_mixin.py:190} INFO - [2025-04-03T16:56:31.098+0000] {dag.py:4180} INFO - Setting next_dagrun for example_params_trigger_ui to None, run_after=None
[2025-04-03T16:56:31.141+0000] {processor.py:208} INFO - Processing /home/hamza/Documents/project/Mlops/myenv/lib/python3.12/site-packages/airflow/example_dags/example_params_trigger_ui.py took 0.185 seconds
