[2025-04-03T13:43:39.987+0000] {processor.py:186} INFO - Started process (PID=98463) to work on /home/hamza/Documents/project/Mlops/myenv/lib/python3.12/site-packages/airflow/example_dags/example_python_operator.py
[2025-04-03T13:43:39.988+0000] {processor.py:914} INFO - Processing file /home/hamza/Documents/project/Mlops/myenv/lib/python3.12/site-packages/airflow/example_dags/example_python_operator.py for tasks to queue
[2025-04-03T13:43:39.992+0000] {logging_mixin.py:190} INFO - [2025-04-03T13:43:39.991+0000] {dagbag.py:588} INFO - Filling up the DagBag from /home/hamza/Documents/project/Mlops/myenv/lib/python3.12/site-packages/airflow/example_dags/example_python_operator.py
[2025-04-03T13:43:40.024+0000] {processor.py:925} INFO - DAG(s) 'example_python_operator' retrieved from /home/hamza/Documents/project/Mlops/myenv/lib/python3.12/site-packages/airflow/example_dags/example_python_operator.py
[2025-04-03T13:43:40.273+0000] {logging_mixin.py:190} INFO - [2025-04-03T13:43:40.272+0000] {override.py:1930} INFO - Created Permission View: can delete on DAG:example_python_operator
[2025-04-03T13:43:40.303+0000] {logging_mixin.py:190} INFO - [2025-04-03T13:43:40.302+0000] {override.py:1930} INFO - Created Permission View: can read on DAG:example_python_operator
[2025-04-03T13:43:40.322+0000] {logging_mixin.py:190} INFO - [2025-04-03T13:43:40.321+0000] {override.py:1930} INFO - Created Permission View: can edit on DAG:example_python_operator
[2025-04-03T13:43:40.369+0000] {logging_mixin.py:190} INFO - [2025-04-03T13:43:40.369+0000] {override.py:1930} INFO - Created Permission View: can delete on DAG Run:example_python_operator
[2025-04-03T13:43:40.388+0000] {logging_mixin.py:190} INFO - [2025-04-03T13:43:40.387+0000] {override.py:1930} INFO - Created Permission View: can read on DAG Run:example_python_operator
[2025-04-03T13:43:40.407+0000] {logging_mixin.py:190} INFO - [2025-04-03T13:43:40.406+0000] {override.py:1930} INFO - Created Permission View: menu access on DAG Run:example_python_operator
[2025-04-03T13:43:40.425+0000] {logging_mixin.py:190} INFO - [2025-04-03T13:43:40.424+0000] {override.py:1930} INFO - Created Permission View: can create on DAG Run:example_python_operator
[2025-04-03T13:43:40.426+0000] {logging_mixin.py:190} INFO - [2025-04-03T13:43:40.425+0000] {dag.py:3239} INFO - Sync 1 DAGs
[2025-04-03T13:43:40.458+0000] {logging_mixin.py:190} INFO - [2025-04-03T13:43:40.457+0000] {dag.py:3262} INFO - Creating ORM DAG for example_python_operator
[2025-04-03T13:43:40.461+0000] {logging_mixin.py:190} INFO - [2025-04-03T13:43:40.460+0000] {dag.py:4180} INFO - Setting next_dagrun for example_python_operator to None, run_after=None
[2025-04-03T13:43:40.506+0000] {processor.py:208} INFO - Processing /home/hamza/Documents/project/Mlops/myenv/lib/python3.12/site-packages/airflow/example_dags/example_python_operator.py took 0.532 seconds
[2025-04-03T13:44:53.016+0000] {processor.py:186} INFO - Started process (PID=99515) to work on /home/hamza/Documents/project/Mlops/myenv/lib/python3.12/site-packages/airflow/example_dags/example_python_operator.py
[2025-04-03T13:44:53.018+0000] {processor.py:914} INFO - Processing file /home/hamza/Documents/project/Mlops/myenv/lib/python3.12/site-packages/airflow/example_dags/example_python_operator.py for tasks to queue
[2025-04-03T13:44:53.021+0000] {logging_mixin.py:190} INFO - [2025-04-03T13:44:53.021+0000] {dagbag.py:588} INFO - Filling up the DagBag from /home/hamza/Documents/project/Mlops/myenv/lib/python3.12/site-packages/airflow/example_dags/example_python_operator.py
[2025-04-03T13:44:53.044+0000] {processor.py:925} INFO - DAG(s) 'example_python_operator' retrieved from /home/hamza/Documents/project/Mlops/myenv/lib/python3.12/site-packages/airflow/example_dags/example_python_operator.py
[2025-04-03T13:44:53.081+0000] {logging_mixin.py:190} INFO - [2025-04-03T13:44:53.080+0000] {dag.py:3239} INFO - Sync 1 DAGs
[2025-04-03T13:44:53.107+0000] {logging_mixin.py:190} INFO - [2025-04-03T13:44:53.107+0000] {dag.py:4180} INFO - Setting next_dagrun for example_python_operator to None, run_after=None
[2025-04-03T13:44:53.167+0000] {processor.py:208} INFO - Processing /home/hamza/Documents/project/Mlops/myenv/lib/python3.12/site-packages/airflow/example_dags/example_python_operator.py took 0.159 seconds
[2025-04-03T13:45:59.634+0000] {processor.py:186} INFO - Started process (PID=100084) to work on /home/hamza/Documents/project/Mlops/myenv/lib/python3.12/site-packages/airflow/example_dags/example_python_operator.py
[2025-04-03T13:45:59.637+0000] {processor.py:914} INFO - Processing file /home/hamza/Documents/project/Mlops/myenv/lib/python3.12/site-packages/airflow/example_dags/example_python_operator.py for tasks to queue
[2025-04-03T13:45:59.641+0000] {logging_mixin.py:190} INFO - [2025-04-03T13:45:59.640+0000] {dagbag.py:588} INFO - Filling up the DagBag from /home/hamza/Documents/project/Mlops/myenv/lib/python3.12/site-packages/airflow/example_dags/example_python_operator.py
[2025-04-03T13:45:59.666+0000] {processor.py:925} INFO - DAG(s) 'example_python_operator' retrieved from /home/hamza/Documents/project/Mlops/myenv/lib/python3.12/site-packages/airflow/example_dags/example_python_operator.py
[2025-04-03T13:45:59.699+0000] {logging_mixin.py:190} INFO - [2025-04-03T13:45:59.699+0000] {dag.py:3239} INFO - Sync 1 DAGs
[2025-04-03T13:45:59.721+0000] {logging_mixin.py:190} INFO - [2025-04-03T13:45:59.721+0000] {dag.py:4180} INFO - Setting next_dagrun for example_python_operator to None, run_after=None
[2025-04-03T13:45:59.764+0000] {processor.py:208} INFO - Processing /home/hamza/Documents/project/Mlops/myenv/lib/python3.12/site-packages/airflow/example_dags/example_python_operator.py took 0.143 seconds
[2025-04-03T13:47:07.469+0000] {processor.py:186} INFO - Started process (PID=100824) to work on /home/hamza/Documents/project/Mlops/myenv/lib/python3.12/site-packages/airflow/example_dags/example_python_operator.py
[2025-04-03T13:47:07.472+0000] {processor.py:914} INFO - Processing file /home/hamza/Documents/project/Mlops/myenv/lib/python3.12/site-packages/airflow/example_dags/example_python_operator.py for tasks to queue
[2025-04-03T13:47:07.475+0000] {logging_mixin.py:190} INFO - [2025-04-03T13:47:07.475+0000] {dagbag.py:588} INFO - Filling up the DagBag from /home/hamza/Documents/project/Mlops/myenv/lib/python3.12/site-packages/airflow/example_dags/example_python_operator.py
[2025-04-03T13:47:07.496+0000] {processor.py:925} INFO - DAG(s) 'example_python_operator' retrieved from /home/hamza/Documents/project/Mlops/myenv/lib/python3.12/site-packages/airflow/example_dags/example_python_operator.py
[2025-04-03T13:47:07.529+0000] {logging_mixin.py:190} INFO - [2025-04-03T13:47:07.529+0000] {dag.py:3239} INFO - Sync 1 DAGs
[2025-04-03T13:47:07.552+0000] {logging_mixin.py:190} INFO - [2025-04-03T13:47:07.551+0000] {dag.py:4180} INFO - Setting next_dagrun for example_python_operator to None, run_after=None
[2025-04-03T13:47:07.598+0000] {processor.py:208} INFO - Processing /home/hamza/Documents/project/Mlops/myenv/lib/python3.12/site-packages/airflow/example_dags/example_python_operator.py took 0.139 seconds
[2025-04-03T13:48:15.518+0000] {processor.py:186} INFO - Started process (PID=101742) to work on /home/hamza/Documents/project/Mlops/myenv/lib/python3.12/site-packages/airflow/example_dags/example_python_operator.py
[2025-04-03T13:48:15.521+0000] {processor.py:914} INFO - Processing file /home/hamza/Documents/project/Mlops/myenv/lib/python3.12/site-packages/airflow/example_dags/example_python_operator.py for tasks to queue
[2025-04-03T13:48:15.525+0000] {logging_mixin.py:190} INFO - [2025-04-03T13:48:15.524+0000] {dagbag.py:588} INFO - Filling up the DagBag from /home/hamza/Documents/project/Mlops/myenv/lib/python3.12/site-packages/airflow/example_dags/example_python_operator.py
[2025-04-03T13:48:15.553+0000] {processor.py:925} INFO - DAG(s) 'example_python_operator' retrieved from /home/hamza/Documents/project/Mlops/myenv/lib/python3.12/site-packages/airflow/example_dags/example_python_operator.py
[2025-04-03T13:48:15.585+0000] {logging_mixin.py:190} INFO - [2025-04-03T13:48:15.585+0000] {dag.py:3239} INFO - Sync 1 DAGs
[2025-04-03T13:48:15.607+0000] {logging_mixin.py:190} INFO - [2025-04-03T13:48:15.607+0000] {dag.py:4180} INFO - Setting next_dagrun for example_python_operator to None, run_after=None
[2025-04-03T13:48:15.653+0000] {processor.py:208} INFO - Processing /home/hamza/Documents/project/Mlops/myenv/lib/python3.12/site-packages/airflow/example_dags/example_python_operator.py took 0.147 seconds
[2025-04-03T13:49:51.713+0000] {processor.py:186} INFO - Started process (PID=103039) to work on /home/hamza/Documents/project/Mlops/myenv/lib/python3.12/site-packages/airflow/example_dags/example_python_operator.py
[2025-04-03T13:49:51.718+0000] {processor.py:914} INFO - Processing file /home/hamza/Documents/project/Mlops/myenv/lib/python3.12/site-packages/airflow/example_dags/example_python_operator.py for tasks to queue
[2025-04-03T13:49:51.721+0000] {logging_mixin.py:190} INFO - [2025-04-03T13:49:51.721+0000] {dagbag.py:588} INFO - Filling up the DagBag from /home/hamza/Documents/project/Mlops/myenv/lib/python3.12/site-packages/airflow/example_dags/example_python_operator.py
[2025-04-03T13:49:51.744+0000] {processor.py:925} INFO - DAG(s) 'example_python_operator' retrieved from /home/hamza/Documents/project/Mlops/myenv/lib/python3.12/site-packages/airflow/example_dags/example_python_operator.py
[2025-04-03T13:49:51.915+0000] {logging_mixin.py:190} INFO - [2025-04-03T13:49:51.915+0000] {dag.py:3239} INFO - Sync 1 DAGs
[2025-04-03T13:49:51.932+0000] {logging_mixin.py:190} INFO - [2025-04-03T13:49:51.931+0000] {dag.py:4180} INFO - Setting next_dagrun for example_python_operator to None, run_after=None
[2025-04-03T13:49:51.966+0000] {processor.py:208} INFO - Processing /home/hamza/Documents/project/Mlops/myenv/lib/python3.12/site-packages/airflow/example_dags/example_python_operator.py took 0.264 seconds
[2025-04-03T13:51:09.452+0000] {processor.py:186} INFO - Started process (PID=104030) to work on /home/hamza/Documents/project/Mlops/myenv/lib/python3.12/site-packages/airflow/example_dags/example_python_operator.py
[2025-04-03T13:51:09.456+0000] {processor.py:914} INFO - Processing file /home/hamza/Documents/project/Mlops/myenv/lib/python3.12/site-packages/airflow/example_dags/example_python_operator.py for tasks to queue
[2025-04-03T13:51:09.460+0000] {logging_mixin.py:190} INFO - [2025-04-03T13:51:09.459+0000] {dagbag.py:588} INFO - Filling up the DagBag from /home/hamza/Documents/project/Mlops/myenv/lib/python3.12/site-packages/airflow/example_dags/example_python_operator.py
[2025-04-03T13:51:09.484+0000] {processor.py:925} INFO - DAG(s) 'example_python_operator' retrieved from /home/hamza/Documents/project/Mlops/myenv/lib/python3.12/site-packages/airflow/example_dags/example_python_operator.py
[2025-04-03T13:51:09.517+0000] {logging_mixin.py:190} INFO - [2025-04-03T13:51:09.517+0000] {dag.py:3239} INFO - Sync 1 DAGs
[2025-04-03T13:51:09.541+0000] {logging_mixin.py:190} INFO - [2025-04-03T13:51:09.541+0000] {dag.py:4180} INFO - Setting next_dagrun for example_python_operator to None, run_after=None
[2025-04-03T13:51:09.742+0000] {processor.py:208} INFO - Processing /home/hamza/Documents/project/Mlops/myenv/lib/python3.12/site-packages/airflow/example_dags/example_python_operator.py took 0.299 seconds
[2025-04-03T13:52:50.238+0000] {processor.py:186} INFO - Started process (PID=105100) to work on /home/hamza/Documents/project/Mlops/myenv/lib/python3.12/site-packages/airflow/example_dags/example_python_operator.py
[2025-04-03T13:52:50.240+0000] {processor.py:914} INFO - Processing file /home/hamza/Documents/project/Mlops/myenv/lib/python3.12/site-packages/airflow/example_dags/example_python_operator.py for tasks to queue
[2025-04-03T13:52:50.243+0000] {logging_mixin.py:190} INFO - [2025-04-03T13:52:50.243+0000] {dagbag.py:588} INFO - Filling up the DagBag from /home/hamza/Documents/project/Mlops/myenv/lib/python3.12/site-packages/airflow/example_dags/example_python_operator.py
[2025-04-03T13:52:50.267+0000] {processor.py:925} INFO - DAG(s) 'example_python_operator' retrieved from /home/hamza/Documents/project/Mlops/myenv/lib/python3.12/site-packages/airflow/example_dags/example_python_operator.py
[2025-04-03T13:52:50.299+0000] {logging_mixin.py:190} INFO - [2025-04-03T13:52:50.298+0000] {dag.py:3239} INFO - Sync 1 DAGs
[2025-04-03T13:52:50.325+0000] {logging_mixin.py:190} INFO - [2025-04-03T13:52:50.324+0000] {dag.py:4180} INFO - Setting next_dagrun for example_python_operator to None, run_after=None
[2025-04-03T13:52:50.366+0000] {processor.py:208} INFO - Processing /home/hamza/Documents/project/Mlops/myenv/lib/python3.12/site-packages/airflow/example_dags/example_python_operator.py took 0.137 seconds
[2025-04-03T13:59:23.678+0000] {processor.py:186} INFO - Started process (PID=110051) to work on /home/hamza/Documents/project/Mlops/myenv/lib/python3.12/site-packages/airflow/example_dags/example_python_operator.py
[2025-04-03T13:59:23.681+0000] {processor.py:914} INFO - Processing file /home/hamza/Documents/project/Mlops/myenv/lib/python3.12/site-packages/airflow/example_dags/example_python_operator.py for tasks to queue
[2025-04-03T13:59:23.684+0000] {logging_mixin.py:190} INFO - [2025-04-03T13:59:23.684+0000] {dagbag.py:588} INFO - Filling up the DagBag from /home/hamza/Documents/project/Mlops/myenv/lib/python3.12/site-packages/airflow/example_dags/example_python_operator.py
[2025-04-03T13:59:23.706+0000] {processor.py:925} INFO - DAG(s) 'example_python_operator' retrieved from /home/hamza/Documents/project/Mlops/myenv/lib/python3.12/site-packages/airflow/example_dags/example_python_operator.py
[2025-04-03T13:59:23.869+0000] {logging_mixin.py:190} INFO - [2025-04-03T13:59:23.868+0000] {dag.py:3239} INFO - Sync 1 DAGs
[2025-04-03T13:59:23.884+0000] {logging_mixin.py:190} INFO - [2025-04-03T13:59:23.884+0000] {dag.py:4180} INFO - Setting next_dagrun for example_python_operator to None, run_after=None
[2025-04-03T13:59:23.917+0000] {processor.py:208} INFO - Processing /home/hamza/Documents/project/Mlops/myenv/lib/python3.12/site-packages/airflow/example_dags/example_python_operator.py took 0.248 seconds
[2025-04-03T14:10:12.736+0000] {processor.py:186} INFO - Started process (PID=118048) to work on /home/hamza/Documents/project/Mlops/myenv/lib/python3.12/site-packages/airflow/example_dags/example_python_operator.py
[2025-04-03T14:10:12.739+0000] {processor.py:914} INFO - Processing file /home/hamza/Documents/project/Mlops/myenv/lib/python3.12/site-packages/airflow/example_dags/example_python_operator.py for tasks to queue
[2025-04-03T14:10:12.741+0000] {logging_mixin.py:190} INFO - [2025-04-03T14:10:12.740+0000] {dagbag.py:588} INFO - Filling up the DagBag from /home/hamza/Documents/project/Mlops/myenv/lib/python3.12/site-packages/airflow/example_dags/example_python_operator.py
[2025-04-03T14:10:12.766+0000] {processor.py:925} INFO - DAG(s) 'example_python_operator' retrieved from /home/hamza/Documents/project/Mlops/myenv/lib/python3.12/site-packages/airflow/example_dags/example_python_operator.py
[2025-04-03T14:10:12.935+0000] {logging_mixin.py:190} INFO - [2025-04-03T14:10:12.934+0000] {dag.py:3239} INFO - Sync 1 DAGs
[2025-04-03T14:10:12.956+0000] {logging_mixin.py:190} INFO - [2025-04-03T14:10:12.955+0000] {dag.py:4180} INFO - Setting next_dagrun for example_python_operator to None, run_after=None
[2025-04-03T14:10:12.991+0000] {processor.py:208} INFO - Processing /home/hamza/Documents/project/Mlops/myenv/lib/python3.12/site-packages/airflow/example_dags/example_python_operator.py took 0.264 seconds
[2025-04-03T14:11:29.546+0000] {processor.py:186} INFO - Started process (PID=118767) to work on /home/hamza/Documents/project/Mlops/myenv/lib/python3.12/site-packages/airflow/example_dags/example_python_operator.py
[2025-04-03T14:11:29.549+0000] {processor.py:914} INFO - Processing file /home/hamza/Documents/project/Mlops/myenv/lib/python3.12/site-packages/airflow/example_dags/example_python_operator.py for tasks to queue
[2025-04-03T14:11:29.551+0000] {logging_mixin.py:190} INFO - [2025-04-03T14:11:29.550+0000] {dagbag.py:588} INFO - Filling up the DagBag from /home/hamza/Documents/project/Mlops/myenv/lib/python3.12/site-packages/airflow/example_dags/example_python_operator.py
[2025-04-03T14:11:29.569+0000] {processor.py:925} INFO - DAG(s) 'example_python_operator' retrieved from /home/hamza/Documents/project/Mlops/myenv/lib/python3.12/site-packages/airflow/example_dags/example_python_operator.py
[2025-04-03T14:11:29.601+0000] {logging_mixin.py:190} INFO - [2025-04-03T14:11:29.601+0000] {dag.py:3239} INFO - Sync 1 DAGs
[2025-04-03T14:11:29.618+0000] {logging_mixin.py:190} INFO - [2025-04-03T14:11:29.618+0000] {dag.py:4180} INFO - Setting next_dagrun for example_python_operator to None, run_after=None
[2025-04-03T14:11:29.649+0000] {processor.py:208} INFO - Processing /home/hamza/Documents/project/Mlops/myenv/lib/python3.12/site-packages/airflow/example_dags/example_python_operator.py took 0.112 seconds
[2025-04-03T14:13:09.634+0000] {processor.py:186} INFO - Started process (PID=119692) to work on /home/hamza/Documents/project/Mlops/myenv/lib/python3.12/site-packages/airflow/example_dags/example_python_operator.py
[2025-04-03T14:13:09.636+0000] {processor.py:914} INFO - Processing file /home/hamza/Documents/project/Mlops/myenv/lib/python3.12/site-packages/airflow/example_dags/example_python_operator.py for tasks to queue
[2025-04-03T14:13:09.638+0000] {logging_mixin.py:190} INFO - [2025-04-03T14:13:09.638+0000] {dagbag.py:588} INFO - Filling up the DagBag from /home/hamza/Documents/project/Mlops/myenv/lib/python3.12/site-packages/airflow/example_dags/example_python_operator.py
[2025-04-03T14:13:09.657+0000] {processor.py:925} INFO - DAG(s) 'example_python_operator' retrieved from /home/hamza/Documents/project/Mlops/myenv/lib/python3.12/site-packages/airflow/example_dags/example_python_operator.py
[2025-04-03T14:13:09.691+0000] {logging_mixin.py:190} INFO - [2025-04-03T14:13:09.691+0000] {dag.py:3239} INFO - Sync 1 DAGs
[2025-04-03T14:13:09.715+0000] {logging_mixin.py:190} INFO - [2025-04-03T14:13:09.714+0000] {dag.py:4180} INFO - Setting next_dagrun for example_python_operator to None, run_after=None
[2025-04-03T14:13:09.751+0000] {processor.py:208} INFO - Processing /home/hamza/Documents/project/Mlops/myenv/lib/python3.12/site-packages/airflow/example_dags/example_python_operator.py took 0.126 seconds
[2025-04-03T14:18:54.421+0000] {processor.py:186} INFO - Started process (PID=122473) to work on /home/hamza/Documents/project/Mlops/myenv/lib/python3.12/site-packages/airflow/example_dags/example_python_operator.py
[2025-04-03T14:18:54.422+0000] {processor.py:914} INFO - Processing file /home/hamza/Documents/project/Mlops/myenv/lib/python3.12/site-packages/airflow/example_dags/example_python_operator.py for tasks to queue
[2025-04-03T14:18:54.424+0000] {logging_mixin.py:190} INFO - [2025-04-03T14:18:54.424+0000] {dagbag.py:588} INFO - Filling up the DagBag from /home/hamza/Documents/project/Mlops/myenv/lib/python3.12/site-packages/airflow/example_dags/example_python_operator.py
[2025-04-03T14:18:54.445+0000] {processor.py:925} INFO - DAG(s) 'example_python_operator' retrieved from /home/hamza/Documents/project/Mlops/myenv/lib/python3.12/site-packages/airflow/example_dags/example_python_operator.py
[2025-04-03T14:18:54.480+0000] {logging_mixin.py:190} INFO - [2025-04-03T14:18:54.480+0000] {dag.py:3239} INFO - Sync 1 DAGs
[2025-04-03T14:18:54.504+0000] {logging_mixin.py:190} INFO - [2025-04-03T14:18:54.504+0000] {dag.py:4180} INFO - Setting next_dagrun for example_python_operator to None, run_after=None
[2025-04-03T14:18:54.539+0000] {processor.py:208} INFO - Processing /home/hamza/Documents/project/Mlops/myenv/lib/python3.12/site-packages/airflow/example_dags/example_python_operator.py took 0.127 seconds
[2025-04-03T15:08:25.383+0000] {processor.py:186} INFO - Started process (PID=36179) to work on /home/hamza/Documents/project/Mlops/myenv/lib/python3.12/site-packages/airflow/example_dags/example_python_operator.py
[2025-04-03T15:08:25.386+0000] {processor.py:914} INFO - Processing file /home/hamza/Documents/project/Mlops/myenv/lib/python3.12/site-packages/airflow/example_dags/example_python_operator.py for tasks to queue
[2025-04-03T15:08:25.391+0000] {logging_mixin.py:190} INFO - [2025-04-03T15:08:25.390+0000] {dagbag.py:588} INFO - Filling up the DagBag from /home/hamza/Documents/project/Mlops/myenv/lib/python3.12/site-packages/airflow/example_dags/example_python_operator.py
[2025-04-03T15:08:25.414+0000] {processor.py:925} INFO - DAG(s) 'example_python_operator' retrieved from /home/hamza/Documents/project/Mlops/myenv/lib/python3.12/site-packages/airflow/example_dags/example_python_operator.py
[2025-04-03T15:08:25.567+0000] {logging_mixin.py:190} INFO - [2025-04-03T15:08:25.566+0000] {dag.py:3239} INFO - Sync 1 DAGs
[2025-04-03T15:08:25.584+0000] {logging_mixin.py:190} INFO - [2025-04-03T15:08:25.584+0000] {dag.py:4180} INFO - Setting next_dagrun for example_python_operator to None, run_after=None
[2025-04-03T15:08:25.615+0000] {processor.py:208} INFO - Processing /home/hamza/Documents/project/Mlops/myenv/lib/python3.12/site-packages/airflow/example_dags/example_python_operator.py took 0.241 seconds
[2025-04-03T15:09:39.217+0000] {processor.py:186} INFO - Started process (PID=36910) to work on /home/hamza/Documents/project/Mlops/myenv/lib/python3.12/site-packages/airflow/example_dags/example_python_operator.py
[2025-04-03T15:09:39.220+0000] {processor.py:914} INFO - Processing file /home/hamza/Documents/project/Mlops/myenv/lib/python3.12/site-packages/airflow/example_dags/example_python_operator.py for tasks to queue
[2025-04-03T15:09:39.224+0000] {logging_mixin.py:190} INFO - [2025-04-03T15:09:39.223+0000] {dagbag.py:588} INFO - Filling up the DagBag from /home/hamza/Documents/project/Mlops/myenv/lib/python3.12/site-packages/airflow/example_dags/example_python_operator.py
[2025-04-03T15:09:39.245+0000] {processor.py:925} INFO - DAG(s) 'example_python_operator' retrieved from /home/hamza/Documents/project/Mlops/myenv/lib/python3.12/site-packages/airflow/example_dags/example_python_operator.py
[2025-04-03T15:09:39.275+0000] {logging_mixin.py:190} INFO - [2025-04-03T15:09:39.274+0000] {dag.py:3239} INFO - Sync 1 DAGs
[2025-04-03T15:09:39.295+0000] {logging_mixin.py:190} INFO - [2025-04-03T15:09:39.295+0000] {dag.py:4180} INFO - Setting next_dagrun for example_python_operator to None, run_after=None
[2025-04-03T15:09:39.332+0000] {processor.py:208} INFO - Processing /home/hamza/Documents/project/Mlops/myenv/lib/python3.12/site-packages/airflow/example_dags/example_python_operator.py took 0.124 seconds
[2025-04-03T15:11:07.696+0000] {processor.py:186} INFO - Started process (PID=37759) to work on /home/hamza/Documents/project/Mlops/myenv/lib/python3.12/site-packages/airflow/example_dags/example_python_operator.py
[2025-04-03T15:11:07.698+0000] {processor.py:914} INFO - Processing file /home/hamza/Documents/project/Mlops/myenv/lib/python3.12/site-packages/airflow/example_dags/example_python_operator.py for tasks to queue
[2025-04-03T15:11:07.701+0000] {logging_mixin.py:190} INFO - [2025-04-03T15:11:07.700+0000] {dagbag.py:588} INFO - Filling up the DagBag from /home/hamza/Documents/project/Mlops/myenv/lib/python3.12/site-packages/airflow/example_dags/example_python_operator.py
[2025-04-03T15:11:07.721+0000] {processor.py:925} INFO - DAG(s) 'example_python_operator' retrieved from /home/hamza/Documents/project/Mlops/myenv/lib/python3.12/site-packages/airflow/example_dags/example_python_operator.py
[2025-04-03T15:11:07.749+0000] {logging_mixin.py:190} INFO - [2025-04-03T15:11:07.749+0000] {dag.py:3239} INFO - Sync 1 DAGs
[2025-04-03T15:11:07.768+0000] {logging_mixin.py:190} INFO - [2025-04-03T15:11:07.767+0000] {dag.py:4180} INFO - Setting next_dagrun for example_python_operator to None, run_after=None
[2025-04-03T15:11:07.800+0000] {processor.py:208} INFO - Processing /home/hamza/Documents/project/Mlops/myenv/lib/python3.12/site-packages/airflow/example_dags/example_python_operator.py took 0.113 seconds
[2025-04-03T15:12:38.130+0000] {processor.py:186} INFO - Started process (PID=38555) to work on /home/hamza/Documents/project/Mlops/myenv/lib/python3.12/site-packages/airflow/example_dags/example_python_operator.py
[2025-04-03T15:12:38.132+0000] {processor.py:914} INFO - Processing file /home/hamza/Documents/project/Mlops/myenv/lib/python3.12/site-packages/airflow/example_dags/example_python_operator.py for tasks to queue
[2025-04-03T15:12:38.136+0000] {logging_mixin.py:190} INFO - [2025-04-03T15:12:38.135+0000] {dagbag.py:588} INFO - Filling up the DagBag from /home/hamza/Documents/project/Mlops/myenv/lib/python3.12/site-packages/airflow/example_dags/example_python_operator.py
[2025-04-03T15:12:38.159+0000] {processor.py:925} INFO - DAG(s) 'example_python_operator' retrieved from /home/hamza/Documents/project/Mlops/myenv/lib/python3.12/site-packages/airflow/example_dags/example_python_operator.py
[2025-04-03T15:12:38.194+0000] {logging_mixin.py:190} INFO - [2025-04-03T15:12:38.194+0000] {dag.py:3239} INFO - Sync 1 DAGs
[2025-04-03T15:12:38.218+0000] {logging_mixin.py:190} INFO - [2025-04-03T15:12:38.218+0000] {dag.py:4180} INFO - Setting next_dagrun for example_python_operator to None, run_after=None
[2025-04-03T15:12:38.254+0000] {processor.py:208} INFO - Processing /home/hamza/Documents/project/Mlops/myenv/lib/python3.12/site-packages/airflow/example_dags/example_python_operator.py took 0.134 seconds
[2025-04-03T15:14:12.920+0000] {processor.py:186} INFO - Started process (PID=39442) to work on /home/hamza/Documents/project/Mlops/myenv/lib/python3.12/site-packages/airflow/example_dags/example_python_operator.py
[2025-04-03T15:14:12.921+0000] {processor.py:914} INFO - Processing file /home/hamza/Documents/project/Mlops/myenv/lib/python3.12/site-packages/airflow/example_dags/example_python_operator.py for tasks to queue
[2025-04-03T15:14:12.925+0000] {logging_mixin.py:190} INFO - [2025-04-03T15:14:12.924+0000] {dagbag.py:588} INFO - Filling up the DagBag from /home/hamza/Documents/project/Mlops/myenv/lib/python3.12/site-packages/airflow/example_dags/example_python_operator.py
[2025-04-03T15:14:12.947+0000] {processor.py:925} INFO - DAG(s) 'example_python_operator' retrieved from /home/hamza/Documents/project/Mlops/myenv/lib/python3.12/site-packages/airflow/example_dags/example_python_operator.py
[2025-04-03T15:14:12.976+0000] {logging_mixin.py:190} INFO - [2025-04-03T15:14:12.975+0000] {dag.py:3239} INFO - Sync 1 DAGs
[2025-04-03T15:14:12.994+0000] {logging_mixin.py:190} INFO - [2025-04-03T15:14:12.994+0000] {dag.py:4180} INFO - Setting next_dagrun for example_python_operator to None, run_after=None
[2025-04-03T15:14:13.024+0000] {processor.py:208} INFO - Processing /home/hamza/Documents/project/Mlops/myenv/lib/python3.12/site-packages/airflow/example_dags/example_python_operator.py took 0.113 seconds
[2025-04-03T15:15:48.621+0000] {processor.py:186} INFO - Started process (PID=40407) to work on /home/hamza/Documents/project/Mlops/myenv/lib/python3.12/site-packages/airflow/example_dags/example_python_operator.py
[2025-04-03T15:15:48.624+0000] {processor.py:914} INFO - Processing file /home/hamza/Documents/project/Mlops/myenv/lib/python3.12/site-packages/airflow/example_dags/example_python_operator.py for tasks to queue
[2025-04-03T15:15:48.627+0000] {logging_mixin.py:190} INFO - [2025-04-03T15:15:48.627+0000] {dagbag.py:588} INFO - Filling up the DagBag from /home/hamza/Documents/project/Mlops/myenv/lib/python3.12/site-packages/airflow/example_dags/example_python_operator.py
[2025-04-03T15:15:48.649+0000] {processor.py:925} INFO - DAG(s) 'example_python_operator' retrieved from /home/hamza/Documents/project/Mlops/myenv/lib/python3.12/site-packages/airflow/example_dags/example_python_operator.py
[2025-04-03T15:15:48.677+0000] {logging_mixin.py:190} INFO - [2025-04-03T15:15:48.677+0000] {dag.py:3239} INFO - Sync 1 DAGs
[2025-04-03T15:15:48.696+0000] {logging_mixin.py:190} INFO - [2025-04-03T15:15:48.695+0000] {dag.py:4180} INFO - Setting next_dagrun for example_python_operator to None, run_after=None
[2025-04-03T15:15:48.731+0000] {processor.py:208} INFO - Processing /home/hamza/Documents/project/Mlops/myenv/lib/python3.12/site-packages/airflow/example_dags/example_python_operator.py took 0.119 seconds
