[2025-04-03T13:44:13.497+0000] {processor.py:186} INFO - Started process (PID=98878) to work on /home/hamza/Documents/project/Mlops/myenv/lib/python3.12/site-packages/airflow/example_dags/example_branch_labels.py
[2025-04-03T13:44:13.498+0000] {processor.py:914} INFO - Processing file /home/hamza/Documents/project/Mlops/myenv/lib/python3.12/site-packages/airflow/example_dags/example_branch_labels.py for tasks to queue
[2025-04-03T13:44:13.501+0000] {logging_mixin.py:190} INFO - [2025-04-03T13:44:13.501+0000] {dagbag.py:588} INFO - Filling up the DagBag from /home/hamza/Documents/project/Mlops/myenv/lib/python3.12/site-packages/airflow/example_dags/example_branch_labels.py
[2025-04-03T13:44:13.521+0000] {processor.py:925} INFO - DAG(s) 'example_branch_labels' retrieved from /home/hamza/Documents/project/Mlops/myenv/lib/python3.12/site-packages/airflow/example_dags/example_branch_labels.py
[2025-04-03T13:44:13.716+0000] {logging_mixin.py:190} INFO - [2025-04-03T13:44:13.715+0000] {override.py:1930} INFO - Created Permission View: can delete on DAG:example_branch_labels
[2025-04-03T13:44:13.738+0000] {logging_mixin.py:190} INFO - [2025-04-03T13:44:13.737+0000] {override.py:1930} INFO - Created Permission View: can read on DAG:example_branch_labels
[2025-04-03T13:44:13.754+0000] {logging_mixin.py:190} INFO - [2025-04-03T13:44:13.753+0000] {override.py:1930} INFO - Created Permission View: can edit on DAG:example_branch_labels
[2025-04-03T13:44:13.785+0000] {logging_mixin.py:190} INFO - [2025-04-03T13:44:13.784+0000] {override.py:1930} INFO - Created Permission View: can delete on DAG Run:example_branch_labels
[2025-04-03T13:44:13.800+0000] {logging_mixin.py:190} INFO - [2025-04-03T13:44:13.799+0000] {override.py:1930} INFO - Created Permission View: can read on DAG Run:example_branch_labels
[2025-04-03T13:44:13.815+0000] {logging_mixin.py:190} INFO - [2025-04-03T13:44:13.814+0000] {override.py:1930} INFO - Created Permission View: menu access on DAG Run:example_branch_labels
[2025-04-03T13:44:13.829+0000] {logging_mixin.py:190} INFO - [2025-04-03T13:44:13.829+0000] {override.py:1930} INFO - Created Permission View: can create on DAG Run:example_branch_labels
[2025-04-03T13:44:13.830+0000] {logging_mixin.py:190} INFO - [2025-04-03T13:44:13.830+0000] {dag.py:3239} INFO - Sync 1 DAGs
[2025-04-03T13:44:13.858+0000] {logging_mixin.py:190} INFO - [2025-04-03T13:44:13.857+0000] {dag.py:3262} INFO - Creating ORM DAG for example_branch_labels
[2025-04-03T13:44:13.877+0000] {logging_mixin.py:190} INFO - [2025-04-03T13:44:13.877+0000] {dag.py:4180} INFO - Setting next_dagrun for example_branch_labels to 2025-04-02 00:00:00+00:00, run_after=2025-04-03 00:00:00+00:00
[2025-04-03T13:44:13.909+0000] {processor.py:208} INFO - Processing /home/hamza/Documents/project/Mlops/myenv/lib/python3.12/site-packages/airflow/example_dags/example_branch_labels.py took 0.422 seconds
[2025-04-03T13:45:28.347+0000] {processor.py:186} INFO - Started process (PID=99830) to work on /home/hamza/Documents/project/Mlops/myenv/lib/python3.12/site-packages/airflow/example_dags/example_branch_labels.py
[2025-04-03T13:45:28.350+0000] {processor.py:914} INFO - Processing file /home/hamza/Documents/project/Mlops/myenv/lib/python3.12/site-packages/airflow/example_dags/example_branch_labels.py for tasks to queue
[2025-04-03T13:45:28.354+0000] {logging_mixin.py:190} INFO - [2025-04-03T13:45:28.353+0000] {dagbag.py:588} INFO - Filling up the DagBag from /home/hamza/Documents/project/Mlops/myenv/lib/python3.12/site-packages/airflow/example_dags/example_branch_labels.py
[2025-04-03T13:45:28.372+0000] {processor.py:925} INFO - DAG(s) 'example_branch_labels' retrieved from /home/hamza/Documents/project/Mlops/myenv/lib/python3.12/site-packages/airflow/example_dags/example_branch_labels.py
[2025-04-03T13:45:28.401+0000] {logging_mixin.py:190} INFO - [2025-04-03T13:45:28.401+0000] {dag.py:3239} INFO - Sync 1 DAGs
[2025-04-03T13:45:28.442+0000] {logging_mixin.py:190} INFO - [2025-04-03T13:45:28.441+0000] {dag.py:4180} INFO - Setting next_dagrun for example_branch_labels to 2025-04-02 00:00:00+00:00, run_after=2025-04-03 00:00:00+00:00
[2025-04-03T13:45:28.475+0000] {processor.py:208} INFO - Processing /home/hamza/Documents/project/Mlops/myenv/lib/python3.12/site-packages/airflow/example_dags/example_branch_labels.py took 0.137 seconds
[2025-04-03T13:46:35.566+0000] {processor.py:186} INFO - Started process (PID=100458) to work on /home/hamza/Documents/project/Mlops/myenv/lib/python3.12/site-packages/airflow/example_dags/example_branch_labels.py
[2025-04-03T13:46:35.569+0000] {processor.py:914} INFO - Processing file /home/hamza/Documents/project/Mlops/myenv/lib/python3.12/site-packages/airflow/example_dags/example_branch_labels.py for tasks to queue
[2025-04-03T13:46:35.573+0000] {logging_mixin.py:190} INFO - [2025-04-03T13:46:35.573+0000] {dagbag.py:588} INFO - Filling up the DagBag from /home/hamza/Documents/project/Mlops/myenv/lib/python3.12/site-packages/airflow/example_dags/example_branch_labels.py
[2025-04-03T13:46:35.593+0000] {processor.py:925} INFO - DAG(s) 'example_branch_labels' retrieved from /home/hamza/Documents/project/Mlops/myenv/lib/python3.12/site-packages/airflow/example_dags/example_branch_labels.py
[2025-04-03T13:46:35.621+0000] {logging_mixin.py:190} INFO - [2025-04-03T13:46:35.620+0000] {dag.py:3239} INFO - Sync 1 DAGs
[2025-04-03T13:46:35.656+0000] {logging_mixin.py:190} INFO - [2025-04-03T13:46:35.656+0000] {dag.py:4180} INFO - Setting next_dagrun for example_branch_labels to 2025-04-02 00:00:00+00:00, run_after=2025-04-03 00:00:00+00:00
[2025-04-03T13:46:35.693+0000] {processor.py:208} INFO - Processing /home/hamza/Documents/project/Mlops/myenv/lib/python3.12/site-packages/airflow/example_dags/example_branch_labels.py took 0.139 seconds
[2025-04-03T13:47:42.829+0000] {processor.py:186} INFO - Started process (PID=101298) to work on /home/hamza/Documents/project/Mlops/myenv/lib/python3.12/site-packages/airflow/example_dags/example_branch_labels.py
[2025-04-03T13:47:42.832+0000] {processor.py:914} INFO - Processing file /home/hamza/Documents/project/Mlops/myenv/lib/python3.12/site-packages/airflow/example_dags/example_branch_labels.py for tasks to queue
[2025-04-03T13:47:42.835+0000] {logging_mixin.py:190} INFO - [2025-04-03T13:47:42.834+0000] {dagbag.py:588} INFO - Filling up the DagBag from /home/hamza/Documents/project/Mlops/myenv/lib/python3.12/site-packages/airflow/example_dags/example_branch_labels.py
[2025-04-03T13:47:42.852+0000] {processor.py:925} INFO - DAG(s) 'example_branch_labels' retrieved from /home/hamza/Documents/project/Mlops/myenv/lib/python3.12/site-packages/airflow/example_dags/example_branch_labels.py
[2025-04-03T13:47:42.886+0000] {logging_mixin.py:190} INFO - [2025-04-03T13:47:42.885+0000] {dag.py:3239} INFO - Sync 1 DAGs
[2025-04-03T13:47:42.924+0000] {logging_mixin.py:190} INFO - [2025-04-03T13:47:42.923+0000] {dag.py:4180} INFO - Setting next_dagrun for example_branch_labels to 2025-04-02 00:00:00+00:00, run_after=2025-04-03 00:00:00+00:00
[2025-04-03T13:47:42.960+0000] {processor.py:208} INFO - Processing /home/hamza/Documents/project/Mlops/myenv/lib/python3.12/site-packages/airflow/example_dags/example_branch_labels.py took 0.140 seconds
[2025-04-03T13:50:18.137+0000] {processor.py:186} INFO - Started process (PID=103386) to work on /home/hamza/Documents/project/Mlops/myenv/lib/python3.12/site-packages/airflow/example_dags/example_branch_labels.py
[2025-04-03T13:50:18.139+0000] {processor.py:914} INFO - Processing file /home/hamza/Documents/project/Mlops/myenv/lib/python3.12/site-packages/airflow/example_dags/example_branch_labels.py for tasks to queue
[2025-04-03T13:50:18.142+0000] {logging_mixin.py:190} INFO - [2025-04-03T13:50:18.142+0000] {dagbag.py:588} INFO - Filling up the DagBag from /home/hamza/Documents/project/Mlops/myenv/lib/python3.12/site-packages/airflow/example_dags/example_branch_labels.py
[2025-04-03T13:50:18.158+0000] {processor.py:925} INFO - DAG(s) 'example_branch_labels' retrieved from /home/hamza/Documents/project/Mlops/myenv/lib/python3.12/site-packages/airflow/example_dags/example_branch_labels.py
[2025-04-03T13:50:18.185+0000] {logging_mixin.py:190} INFO - [2025-04-03T13:50:18.185+0000] {dag.py:3239} INFO - Sync 1 DAGs
[2025-04-03T13:50:18.226+0000] {logging_mixin.py:190} INFO - [2025-04-03T13:50:18.226+0000] {dag.py:4180} INFO - Setting next_dagrun for example_branch_labels to 2025-04-02 00:00:00+00:00, run_after=2025-04-03 00:00:00+00:00
[2025-04-03T13:50:19.921+0000] {processor.py:208} INFO - Processing /home/hamza/Documents/project/Mlops/myenv/lib/python3.12/site-packages/airflow/example_dags/example_branch_labels.py took 1.791 seconds
[2025-04-03T13:51:52.964+0000] {processor.py:186} INFO - Started process (PID=104538) to work on /home/hamza/Documents/project/Mlops/myenv/lib/python3.12/site-packages/airflow/example_dags/example_branch_labels.py
[2025-04-03T13:51:52.966+0000] {processor.py:914} INFO - Processing file /home/hamza/Documents/project/Mlops/myenv/lib/python3.12/site-packages/airflow/example_dags/example_branch_labels.py for tasks to queue
[2025-04-03T13:51:52.970+0000] {logging_mixin.py:190} INFO - [2025-04-03T13:51:52.969+0000] {dagbag.py:588} INFO - Filling up the DagBag from /home/hamza/Documents/project/Mlops/myenv/lib/python3.12/site-packages/airflow/example_dags/example_branch_labels.py
[2025-04-03T13:51:52.995+0000] {processor.py:925} INFO - DAG(s) 'example_branch_labels' retrieved from /home/hamza/Documents/project/Mlops/myenv/lib/python3.12/site-packages/airflow/example_dags/example_branch_labels.py
[2025-04-03T13:51:53.031+0000] {logging_mixin.py:190} INFO - [2025-04-03T13:51:53.030+0000] {dag.py:3239} INFO - Sync 1 DAGs
[2025-04-03T13:51:53.081+0000] {logging_mixin.py:190} INFO - [2025-04-03T13:51:53.080+0000] {dag.py:4180} INFO - Setting next_dagrun for example_branch_labels to 2025-04-02 00:00:00+00:00, run_after=2025-04-03 00:00:00+00:00
[2025-04-03T13:51:53.120+0000] {processor.py:208} INFO - Processing /home/hamza/Documents/project/Mlops/myenv/lib/python3.12/site-packages/airflow/example_dags/example_branch_labels.py took 0.166 seconds
[2025-04-03T13:53:36.981+0000] {processor.py:186} INFO - Started process (PID=105615) to work on /home/hamza/Documents/project/Mlops/myenv/lib/python3.12/site-packages/airflow/example_dags/example_branch_labels.py
[2025-04-03T13:53:36.983+0000] {processor.py:914} INFO - Processing file /home/hamza/Documents/project/Mlops/myenv/lib/python3.12/site-packages/airflow/example_dags/example_branch_labels.py for tasks to queue
[2025-04-03T13:53:36.986+0000] {logging_mixin.py:190} INFO - [2025-04-03T13:53:36.985+0000] {dagbag.py:588} INFO - Filling up the DagBag from /home/hamza/Documents/project/Mlops/myenv/lib/python3.12/site-packages/airflow/example_dags/example_branch_labels.py
[2025-04-03T13:53:37.003+0000] {processor.py:925} INFO - DAG(s) 'example_branch_labels' retrieved from /home/hamza/Documents/project/Mlops/myenv/lib/python3.12/site-packages/airflow/example_dags/example_branch_labels.py
[2025-04-03T13:53:37.027+0000] {logging_mixin.py:190} INFO - [2025-04-03T13:53:37.027+0000] {dag.py:3239} INFO - Sync 1 DAGs
[2025-04-03T13:53:37.061+0000] {logging_mixin.py:190} INFO - [2025-04-03T13:53:37.061+0000] {dag.py:4180} INFO - Setting next_dagrun for example_branch_labels to 2025-04-02 00:00:00+00:00, run_after=2025-04-03 00:00:00+00:00
[2025-04-03T13:53:37.092+0000] {processor.py:208} INFO - Processing /home/hamza/Documents/project/Mlops/myenv/lib/python3.12/site-packages/airflow/example_dags/example_branch_labels.py took 0.121 seconds
[2025-04-03T13:59:52.378+0000] {processor.py:186} INFO - Started process (PID=110367) to work on /home/hamza/Documents/project/Mlops/myenv/lib/python3.12/site-packages/airflow/example_dags/example_branch_labels.py
[2025-04-03T13:59:52.381+0000] {processor.py:914} INFO - Processing file /home/hamza/Documents/project/Mlops/myenv/lib/python3.12/site-packages/airflow/example_dags/example_branch_labels.py for tasks to queue
[2025-04-03T13:59:52.385+0000] {logging_mixin.py:190} INFO - [2025-04-03T13:59:52.384+0000] {dagbag.py:588} INFO - Filling up the DagBag from /home/hamza/Documents/project/Mlops/myenv/lib/python3.12/site-packages/airflow/example_dags/example_branch_labels.py
[2025-04-03T13:59:52.409+0000] {processor.py:925} INFO - DAG(s) 'example_branch_labels' retrieved from /home/hamza/Documents/project/Mlops/myenv/lib/python3.12/site-packages/airflow/example_dags/example_branch_labels.py
[2025-04-03T13:59:52.448+0000] {logging_mixin.py:190} INFO - [2025-04-03T13:59:52.448+0000] {dag.py:3239} INFO - Sync 1 DAGs
[2025-04-03T13:59:52.512+0000] {logging_mixin.py:190} INFO - [2025-04-03T13:59:52.511+0000] {dag.py:4180} INFO - Setting next_dagrun for example_branch_labels to 2025-04-02 00:00:00+00:00, run_after=2025-04-03 00:00:00+00:00
[2025-04-03T13:59:52.566+0000] {processor.py:208} INFO - Processing /home/hamza/Documents/project/Mlops/myenv/lib/python3.12/site-packages/airflow/example_dags/example_branch_labels.py took 0.200 seconds
[2025-04-03T14:10:39.339+0000] {processor.py:186} INFO - Started process (PID=118343) to work on /home/hamza/Documents/project/Mlops/myenv/lib/python3.12/site-packages/airflow/example_dags/example_branch_labels.py
[2025-04-03T14:10:39.341+0000] {processor.py:914} INFO - Processing file /home/hamza/Documents/project/Mlops/myenv/lib/python3.12/site-packages/airflow/example_dags/example_branch_labels.py for tasks to queue
[2025-04-03T14:10:39.343+0000] {logging_mixin.py:190} INFO - [2025-04-03T14:10:39.342+0000] {dagbag.py:588} INFO - Filling up the DagBag from /home/hamza/Documents/project/Mlops/myenv/lib/python3.12/site-packages/airflow/example_dags/example_branch_labels.py
[2025-04-03T14:10:39.356+0000] {processor.py:925} INFO - DAG(s) 'example_branch_labels' retrieved from /home/hamza/Documents/project/Mlops/myenv/lib/python3.12/site-packages/airflow/example_dags/example_branch_labels.py
[2025-04-03T14:10:39.388+0000] {logging_mixin.py:190} INFO - [2025-04-03T14:10:39.387+0000] {dag.py:3239} INFO - Sync 1 DAGs
[2025-04-03T14:10:39.418+0000] {logging_mixin.py:190} INFO - [2025-04-03T14:10:39.418+0000] {dag.py:4180} INFO - Setting next_dagrun for example_branch_labels to 2025-04-02 00:00:00+00:00, run_after=2025-04-03 00:00:00+00:00
[2025-04-03T14:10:39.510+0000] {processor.py:208} INFO - Processing /home/hamza/Documents/project/Mlops/myenv/lib/python3.12/site-packages/airflow/example_dags/example_branch_labels.py took 0.179 seconds
[2025-04-03T14:12:16.116+0000] {processor.py:186} INFO - Started process (PID=119191) to work on /home/hamza/Documents/project/Mlops/myenv/lib/python3.12/site-packages/airflow/example_dags/example_branch_labels.py
[2025-04-03T14:12:16.118+0000] {processor.py:914} INFO - Processing file /home/hamza/Documents/project/Mlops/myenv/lib/python3.12/site-packages/airflow/example_dags/example_branch_labels.py for tasks to queue
[2025-04-03T14:12:16.121+0000] {logging_mixin.py:190} INFO - [2025-04-03T14:12:16.120+0000] {dagbag.py:588} INFO - Filling up the DagBag from /home/hamza/Documents/project/Mlops/myenv/lib/python3.12/site-packages/airflow/example_dags/example_branch_labels.py
[2025-04-03T14:12:16.135+0000] {processor.py:925} INFO - DAG(s) 'example_branch_labels' retrieved from /home/hamza/Documents/project/Mlops/myenv/lib/python3.12/site-packages/airflow/example_dags/example_branch_labels.py
[2025-04-03T14:12:16.165+0000] {logging_mixin.py:190} INFO - [2025-04-03T14:12:16.165+0000] {dag.py:3239} INFO - Sync 1 DAGs
[2025-04-03T14:12:16.202+0000] {logging_mixin.py:190} INFO - [2025-04-03T14:12:16.202+0000] {dag.py:4180} INFO - Setting next_dagrun for example_branch_labels to 2025-04-02 00:00:00+00:00, run_after=2025-04-03 00:00:00+00:00
[2025-04-03T14:12:16.243+0000] {processor.py:208} INFO - Processing /home/hamza/Documents/project/Mlops/myenv/lib/python3.12/site-packages/airflow/example_dags/example_branch_labels.py took 0.137 seconds
[2025-04-03T14:19:18.156+0000] {processor.py:186} INFO - Started process (PID=122706) to work on /home/hamza/Documents/project/Mlops/myenv/lib/python3.12/site-packages/airflow/example_dags/example_branch_labels.py
[2025-04-03T14:19:18.159+0000] {processor.py:914} INFO - Processing file /home/hamza/Documents/project/Mlops/myenv/lib/python3.12/site-packages/airflow/example_dags/example_branch_labels.py for tasks to queue
[2025-04-03T14:19:18.161+0000] {logging_mixin.py:190} INFO - [2025-04-03T14:19:18.160+0000] {dagbag.py:588} INFO - Filling up the DagBag from /home/hamza/Documents/project/Mlops/myenv/lib/python3.12/site-packages/airflow/example_dags/example_branch_labels.py
[2025-04-03T14:19:18.174+0000] {processor.py:925} INFO - DAG(s) 'example_branch_labels' retrieved from /home/hamza/Documents/project/Mlops/myenv/lib/python3.12/site-packages/airflow/example_dags/example_branch_labels.py
[2025-04-03T14:19:18.204+0000] {logging_mixin.py:190} INFO - [2025-04-03T14:19:18.204+0000] {dag.py:3239} INFO - Sync 1 DAGs
[2025-04-03T14:19:18.236+0000] {logging_mixin.py:190} INFO - [2025-04-03T14:19:18.236+0000] {dag.py:4180} INFO - Setting next_dagrun for example_branch_labels to 2025-04-02 00:00:00+00:00, run_after=2025-04-03 00:00:00+00:00
[2025-04-03T14:19:18.271+0000] {processor.py:208} INFO - Processing /home/hamza/Documents/project/Mlops/myenv/lib/python3.12/site-packages/airflow/example_dags/example_branch_labels.py took 0.126 seconds
[2025-04-03T15:08:49.540+0000] {processor.py:186} INFO - Started process (PID=36406) to work on /home/hamza/Documents/project/Mlops/myenv/lib/python3.12/site-packages/airflow/example_dags/example_branch_labels.py
[2025-04-03T15:08:49.542+0000] {processor.py:914} INFO - Processing file /home/hamza/Documents/project/Mlops/myenv/lib/python3.12/site-packages/airflow/example_dags/example_branch_labels.py for tasks to queue
[2025-04-03T15:08:49.546+0000] {logging_mixin.py:190} INFO - [2025-04-03T15:08:49.546+0000] {dagbag.py:588} INFO - Filling up the DagBag from /home/hamza/Documents/project/Mlops/myenv/lib/python3.12/site-packages/airflow/example_dags/example_branch_labels.py
[2025-04-03T15:08:49.563+0000] {processor.py:925} INFO - DAG(s) 'example_branch_labels' retrieved from /home/hamza/Documents/project/Mlops/myenv/lib/python3.12/site-packages/airflow/example_dags/example_branch_labels.py
[2025-04-03T15:08:49.590+0000] {logging_mixin.py:190} INFO - [2025-04-03T15:08:49.589+0000] {dag.py:3239} INFO - Sync 1 DAGs
[2025-04-03T15:08:49.622+0000] {logging_mixin.py:190} INFO - [2025-04-03T15:08:49.622+0000] {dag.py:4180} INFO - Setting next_dagrun for example_branch_labels to 2025-04-02 00:00:00+00:00, run_after=2025-04-03 00:00:00+00:00
[2025-04-03T15:08:49.655+0000] {processor.py:208} INFO - Processing /home/hamza/Documents/project/Mlops/myenv/lib/python3.12/site-packages/airflow/example_dags/example_branch_labels.py took 0.124 seconds
[2025-04-03T15:10:19.564+0000] {processor.py:186} INFO - Started process (PID=37310) to work on /home/hamza/Documents/project/Mlops/myenv/lib/python3.12/site-packages/airflow/example_dags/example_branch_labels.py
[2025-04-03T15:10:19.567+0000] {processor.py:914} INFO - Processing file /home/hamza/Documents/project/Mlops/myenv/lib/python3.12/site-packages/airflow/example_dags/example_branch_labels.py for tasks to queue
[2025-04-03T15:10:19.571+0000] {logging_mixin.py:190} INFO - [2025-04-03T15:10:19.570+0000] {dagbag.py:588} INFO - Filling up the DagBag from /home/hamza/Documents/project/Mlops/myenv/lib/python3.12/site-packages/airflow/example_dags/example_branch_labels.py
[2025-04-03T15:10:19.589+0000] {processor.py:925} INFO - DAG(s) 'example_branch_labels' retrieved from /home/hamza/Documents/project/Mlops/myenv/lib/python3.12/site-packages/airflow/example_dags/example_branch_labels.py
[2025-04-03T15:10:19.617+0000] {logging_mixin.py:190} INFO - [2025-04-03T15:10:19.616+0000] {dag.py:3239} INFO - Sync 1 DAGs
[2025-04-03T15:10:19.651+0000] {logging_mixin.py:190} INFO - [2025-04-03T15:10:19.650+0000] {dag.py:4180} INFO - Setting next_dagrun for example_branch_labels to 2025-04-02 00:00:00+00:00, run_after=2025-04-03 00:00:00+00:00
[2025-04-03T15:10:19.685+0000] {processor.py:208} INFO - Processing /home/hamza/Documents/project/Mlops/myenv/lib/python3.12/site-packages/airflow/example_dags/example_branch_labels.py took 0.130 seconds
[2025-04-03T15:11:47.533+0000] {processor.py:186} INFO - Started process (PID=38096) to work on /home/hamza/Documents/project/Mlops/myenv/lib/python3.12/site-packages/airflow/example_dags/example_branch_labels.py
[2025-04-03T15:11:47.535+0000] {processor.py:914} INFO - Processing file /home/hamza/Documents/project/Mlops/myenv/lib/python3.12/site-packages/airflow/example_dags/example_branch_labels.py for tasks to queue
[2025-04-03T15:11:47.540+0000] {logging_mixin.py:190} INFO - [2025-04-03T15:11:47.539+0000] {dagbag.py:588} INFO - Filling up the DagBag from /home/hamza/Documents/project/Mlops/myenv/lib/python3.12/site-packages/airflow/example_dags/example_branch_labels.py
[2025-04-03T15:11:47.557+0000] {processor.py:925} INFO - DAG(s) 'example_branch_labels' retrieved from /home/hamza/Documents/project/Mlops/myenv/lib/python3.12/site-packages/airflow/example_dags/example_branch_labels.py
[2025-04-03T15:11:47.588+0000] {logging_mixin.py:190} INFO - [2025-04-03T15:11:47.588+0000] {dag.py:3239} INFO - Sync 1 DAGs
[2025-04-03T15:11:47.628+0000] {logging_mixin.py:190} INFO - [2025-04-03T15:11:47.628+0000] {dag.py:4180} INFO - Setting next_dagrun for example_branch_labels to 2025-04-02 00:00:00+00:00, run_after=2025-04-03 00:00:00+00:00
[2025-04-03T15:11:47.673+0000] {processor.py:208} INFO - Processing /home/hamza/Documents/project/Mlops/myenv/lib/python3.12/site-packages/airflow/example_dags/example_branch_labels.py took 0.149 seconds
[2025-04-03T15:13:24.330+0000] {processor.py:186} INFO - Started process (PID=39000) to work on /home/hamza/Documents/project/Mlops/myenv/lib/python3.12/site-packages/airflow/example_dags/example_branch_labels.py
[2025-04-03T15:13:24.333+0000] {processor.py:914} INFO - Processing file /home/hamza/Documents/project/Mlops/myenv/lib/python3.12/site-packages/airflow/example_dags/example_branch_labels.py for tasks to queue
[2025-04-03T15:13:24.338+0000] {logging_mixin.py:190} INFO - [2025-04-03T15:13:24.337+0000] {dagbag.py:588} INFO - Filling up the DagBag from /home/hamza/Documents/project/Mlops/myenv/lib/python3.12/site-packages/airflow/example_dags/example_branch_labels.py
[2025-04-03T15:13:24.358+0000] {processor.py:925} INFO - DAG(s) 'example_branch_labels' retrieved from /home/hamza/Documents/project/Mlops/myenv/lib/python3.12/site-packages/airflow/example_dags/example_branch_labels.py
[2025-04-03T15:13:24.385+0000] {logging_mixin.py:190} INFO - [2025-04-03T15:13:24.385+0000] {dag.py:3239} INFO - Sync 1 DAGs
[2025-04-03T15:13:24.428+0000] {logging_mixin.py:190} INFO - [2025-04-03T15:13:24.428+0000] {dag.py:4180} INFO - Setting next_dagrun for example_branch_labels to 2025-04-02 00:00:00+00:00, run_after=2025-04-03 00:00:00+00:00
[2025-04-03T15:13:24.478+0000] {processor.py:208} INFO - Processing /home/hamza/Documents/project/Mlops/myenv/lib/python3.12/site-packages/airflow/example_dags/example_branch_labels.py took 0.157 seconds
[2025-04-03T15:14:58.642+0000] {processor.py:186} INFO - Started process (PID=39865) to work on /home/hamza/Documents/project/Mlops/myenv/lib/python3.12/site-packages/airflow/example_dags/example_branch_labels.py
[2025-04-03T15:14:58.643+0000] {processor.py:914} INFO - Processing file /home/hamza/Documents/project/Mlops/myenv/lib/python3.12/site-packages/airflow/example_dags/example_branch_labels.py for tasks to queue
[2025-04-03T15:14:58.648+0000] {logging_mixin.py:190} INFO - [2025-04-03T15:14:58.647+0000] {dagbag.py:588} INFO - Filling up the DagBag from /home/hamza/Documents/project/Mlops/myenv/lib/python3.12/site-packages/airflow/example_dags/example_branch_labels.py
[2025-04-03T15:14:58.666+0000] {processor.py:925} INFO - DAG(s) 'example_branch_labels' retrieved from /home/hamza/Documents/project/Mlops/myenv/lib/python3.12/site-packages/airflow/example_dags/example_branch_labels.py
[2025-04-03T15:14:58.698+0000] {logging_mixin.py:190} INFO - [2025-04-03T15:14:58.697+0000] {dag.py:3239} INFO - Sync 1 DAGs
[2025-04-03T15:14:58.734+0000] {logging_mixin.py:190} INFO - [2025-04-03T15:14:58.734+0000] {dag.py:4180} INFO - Setting next_dagrun for example_branch_labels to 2025-04-02 00:00:00+00:00, run_after=2025-04-03 00:00:00+00:00
[2025-04-03T15:14:58.771+0000] {processor.py:208} INFO - Processing /home/hamza/Documents/project/Mlops/myenv/lib/python3.12/site-packages/airflow/example_dags/example_branch_labels.py took 0.139 seconds
[2025-04-03T15:16:37.488+0000] {processor.py:186} INFO - Started process (PID=40877) to work on /home/hamza/Documents/project/Mlops/myenv/lib/python3.12/site-packages/airflow/example_dags/example_branch_labels.py
[2025-04-03T15:16:37.491+0000] {processor.py:914} INFO - Processing file /home/hamza/Documents/project/Mlops/myenv/lib/python3.12/site-packages/airflow/example_dags/example_branch_labels.py for tasks to queue
[2025-04-03T15:16:37.494+0000] {logging_mixin.py:190} INFO - [2025-04-03T15:16:37.494+0000] {dagbag.py:588} INFO - Filling up the DagBag from /home/hamza/Documents/project/Mlops/myenv/lib/python3.12/site-packages/airflow/example_dags/example_branch_labels.py
[2025-04-03T15:16:37.512+0000] {processor.py:925} INFO - DAG(s) 'example_branch_labels' retrieved from /home/hamza/Documents/project/Mlops/myenv/lib/python3.12/site-packages/airflow/example_dags/example_branch_labels.py
[2025-04-03T15:16:37.538+0000] {logging_mixin.py:190} INFO - [2025-04-03T15:16:37.537+0000] {dag.py:3239} INFO - Sync 1 DAGs
[2025-04-03T15:16:37.572+0000] {logging_mixin.py:190} INFO - [2025-04-03T15:16:37.571+0000] {dag.py:4180} INFO - Setting next_dagrun for example_branch_labels to 2025-04-02 00:00:00+00:00, run_after=2025-04-03 00:00:00+00:00
[2025-04-03T15:16:37.607+0000] {processor.py:208} INFO - Processing /home/hamza/Documents/project/Mlops/myenv/lib/python3.12/site-packages/airflow/example_dags/example_branch_labels.py took 0.127 seconds
[2025-04-03T15:18:15.177+0000] {processor.py:186} INFO - Started process (PID=41935) to work on /home/hamza/Documents/project/Mlops/myenv/lib/python3.12/site-packages/airflow/example_dags/example_branch_labels.py
[2025-04-03T15:18:15.180+0000] {processor.py:914} INFO - Processing file /home/hamza/Documents/project/Mlops/myenv/lib/python3.12/site-packages/airflow/example_dags/example_branch_labels.py for tasks to queue
[2025-04-03T15:18:15.184+0000] {logging_mixin.py:190} INFO - [2025-04-03T15:18:15.183+0000] {dagbag.py:588} INFO - Filling up the DagBag from /home/hamza/Documents/project/Mlops/myenv/lib/python3.12/site-packages/airflow/example_dags/example_branch_labels.py
[2025-04-03T15:18:15.201+0000] {processor.py:925} INFO - DAG(s) 'example_branch_labels' retrieved from /home/hamza/Documents/project/Mlops/myenv/lib/python3.12/site-packages/airflow/example_dags/example_branch_labels.py
[2025-04-03T15:18:15.229+0000] {logging_mixin.py:190} INFO - [2025-04-03T15:18:15.228+0000] {dag.py:3239} INFO - Sync 1 DAGs
[2025-04-03T15:18:15.262+0000] {logging_mixin.py:190} INFO - [2025-04-03T15:18:15.261+0000] {dag.py:4180} INFO - Setting next_dagrun for example_branch_labels to 2025-04-02 00:00:00+00:00, run_after=2025-04-03 00:00:00+00:00
[2025-04-03T15:18:15.296+0000] {processor.py:208} INFO - Processing /home/hamza/Documents/project/Mlops/myenv/lib/python3.12/site-packages/airflow/example_dags/example_branch_labels.py took 0.129 seconds
[2025-04-03T15:19:46.123+0000] {processor.py:186} INFO - Started process (PID=42914) to work on /home/hamza/Documents/project/Mlops/myenv/lib/python3.12/site-packages/airflow/example_dags/example_branch_labels.py
[2025-04-03T15:19:46.125+0000] {processor.py:914} INFO - Processing file /home/hamza/Documents/project/Mlops/myenv/lib/python3.12/site-packages/airflow/example_dags/example_branch_labels.py for tasks to queue
[2025-04-03T15:19:46.129+0000] {logging_mixin.py:190} INFO - [2025-04-03T15:19:46.128+0000] {dagbag.py:588} INFO - Filling up the DagBag from /home/hamza/Documents/project/Mlops/myenv/lib/python3.12/site-packages/airflow/example_dags/example_branch_labels.py
[2025-04-03T15:19:46.147+0000] {processor.py:925} INFO - DAG(s) 'example_branch_labels' retrieved from /home/hamza/Documents/project/Mlops/myenv/lib/python3.12/site-packages/airflow/example_dags/example_branch_labels.py
[2025-04-03T15:19:46.176+0000] {logging_mixin.py:190} INFO - [2025-04-03T15:19:46.175+0000] {dag.py:3239} INFO - Sync 1 DAGs
[2025-04-03T15:19:46.211+0000] {logging_mixin.py:190} INFO - [2025-04-03T15:19:46.211+0000] {dag.py:4180} INFO - Setting next_dagrun for example_branch_labels to 2025-04-02 00:00:00+00:00, run_after=2025-04-03 00:00:00+00:00
[2025-04-03T15:19:46.247+0000] {processor.py:208} INFO - Processing /home/hamza/Documents/project/Mlops/myenv/lib/python3.12/site-packages/airflow/example_dags/example_branch_labels.py took 0.132 seconds
[2025-04-03T15:21:17.230+0000] {processor.py:186} INFO - Started process (PID=43816) to work on /home/hamza/Documents/project/Mlops/myenv/lib/python3.12/site-packages/airflow/example_dags/example_branch_labels.py
[2025-04-03T15:21:17.233+0000] {processor.py:914} INFO - Processing file /home/hamza/Documents/project/Mlops/myenv/lib/python3.12/site-packages/airflow/example_dags/example_branch_labels.py for tasks to queue
[2025-04-03T15:21:17.236+0000] {logging_mixin.py:190} INFO - [2025-04-03T15:21:17.236+0000] {dagbag.py:588} INFO - Filling up the DagBag from /home/hamza/Documents/project/Mlops/myenv/lib/python3.12/site-packages/airflow/example_dags/example_branch_labels.py
[2025-04-03T15:21:17.255+0000] {processor.py:925} INFO - DAG(s) 'example_branch_labels' retrieved from /home/hamza/Documents/project/Mlops/myenv/lib/python3.12/site-packages/airflow/example_dags/example_branch_labels.py
[2025-04-03T15:21:17.282+0000] {logging_mixin.py:190} INFO - [2025-04-03T15:21:17.281+0000] {dag.py:3239} INFO - Sync 1 DAGs
[2025-04-03T15:21:17.316+0000] {logging_mixin.py:190} INFO - [2025-04-03T15:21:17.316+0000] {dag.py:4180} INFO - Setting next_dagrun for example_branch_labels to 2025-04-02 00:00:00+00:00, run_after=2025-04-03 00:00:00+00:00
[2025-04-03T15:21:17.352+0000] {processor.py:208} INFO - Processing /home/hamza/Documents/project/Mlops/myenv/lib/python3.12/site-packages/airflow/example_dags/example_branch_labels.py took 0.131 seconds
[2025-04-03T15:22:53.463+0000] {processor.py:186} INFO - Started process (PID=44725) to work on /home/hamza/Documents/project/Mlops/myenv/lib/python3.12/site-packages/airflow/example_dags/example_branch_labels.py
[2025-04-03T15:22:53.466+0000] {processor.py:914} INFO - Processing file /home/hamza/Documents/project/Mlops/myenv/lib/python3.12/site-packages/airflow/example_dags/example_branch_labels.py for tasks to queue
[2025-04-03T15:22:53.471+0000] {logging_mixin.py:190} INFO - [2025-04-03T15:22:53.470+0000] {dagbag.py:588} INFO - Filling up the DagBag from /home/hamza/Documents/project/Mlops/myenv/lib/python3.12/site-packages/airflow/example_dags/example_branch_labels.py
[2025-04-03T15:22:53.488+0000] {processor.py:925} INFO - DAG(s) 'example_branch_labels' retrieved from /home/hamza/Documents/project/Mlops/myenv/lib/python3.12/site-packages/airflow/example_dags/example_branch_labels.py
[2025-04-03T15:22:53.514+0000] {logging_mixin.py:190} INFO - [2025-04-03T15:22:53.514+0000] {dag.py:3239} INFO - Sync 1 DAGs
[2025-04-03T15:22:53.549+0000] {logging_mixin.py:190} INFO - [2025-04-03T15:22:53.548+0000] {dag.py:4180} INFO - Setting next_dagrun for example_branch_labels to 2025-04-02 00:00:00+00:00, run_after=2025-04-03 00:00:00+00:00
[2025-04-03T15:22:53.587+0000] {processor.py:208} INFO - Processing /home/hamza/Documents/project/Mlops/myenv/lib/python3.12/site-packages/airflow/example_dags/example_branch_labels.py took 0.132 seconds
[2025-04-03T15:24:29.787+0000] {processor.py:186} INFO - Started process (PID=45697) to work on /home/hamza/Documents/project/Mlops/myenv/lib/python3.12/site-packages/airflow/example_dags/example_branch_labels.py
[2025-04-03T15:24:29.789+0000] {processor.py:914} INFO - Processing file /home/hamza/Documents/project/Mlops/myenv/lib/python3.12/site-packages/airflow/example_dags/example_branch_labels.py for tasks to queue
[2025-04-03T15:24:29.792+0000] {logging_mixin.py:190} INFO - [2025-04-03T15:24:29.791+0000] {dagbag.py:588} INFO - Filling up the DagBag from /home/hamza/Documents/project/Mlops/myenv/lib/python3.12/site-packages/airflow/example_dags/example_branch_labels.py
[2025-04-03T15:24:29.808+0000] {processor.py:925} INFO - DAG(s) 'example_branch_labels' retrieved from /home/hamza/Documents/project/Mlops/myenv/lib/python3.12/site-packages/airflow/example_dags/example_branch_labels.py
[2025-04-03T15:24:29.832+0000] {logging_mixin.py:190} INFO - [2025-04-03T15:24:29.832+0000] {dag.py:3239} INFO - Sync 1 DAGs
[2025-04-03T15:24:29.868+0000] {logging_mixin.py:190} INFO - [2025-04-03T15:24:29.867+0000] {dag.py:4180} INFO - Setting next_dagrun for example_branch_labels to 2025-04-02 00:00:00+00:00, run_after=2025-04-03 00:00:00+00:00
[2025-04-03T15:24:29.906+0000] {processor.py:208} INFO - Processing /home/hamza/Documents/project/Mlops/myenv/lib/python3.12/site-packages/airflow/example_dags/example_branch_labels.py took 0.127 seconds
[2025-04-03T15:26:00.745+0000] {processor.py:186} INFO - Started process (PID=46569) to work on /home/hamza/Documents/project/Mlops/myenv/lib/python3.12/site-packages/airflow/example_dags/example_branch_labels.py
[2025-04-03T15:26:00.748+0000] {processor.py:914} INFO - Processing file /home/hamza/Documents/project/Mlops/myenv/lib/python3.12/site-packages/airflow/example_dags/example_branch_labels.py for tasks to queue
[2025-04-03T15:26:00.752+0000] {logging_mixin.py:190} INFO - [2025-04-03T15:26:00.751+0000] {dagbag.py:588} INFO - Filling up the DagBag from /home/hamza/Documents/project/Mlops/myenv/lib/python3.12/site-packages/airflow/example_dags/example_branch_labels.py
[2025-04-03T15:26:00.770+0000] {processor.py:925} INFO - DAG(s) 'example_branch_labels' retrieved from /home/hamza/Documents/project/Mlops/myenv/lib/python3.12/site-packages/airflow/example_dags/example_branch_labels.py
[2025-04-03T15:26:00.796+0000] {logging_mixin.py:190} INFO - [2025-04-03T15:26:00.796+0000] {dag.py:3239} INFO - Sync 1 DAGs
[2025-04-03T15:26:00.836+0000] {logging_mixin.py:190} INFO - [2025-04-03T15:26:00.835+0000] {dag.py:4180} INFO - Setting next_dagrun for example_branch_labels to 2025-04-02 00:00:00+00:00, run_after=2025-04-03 00:00:00+00:00
[2025-04-03T15:26:00.875+0000] {processor.py:208} INFO - Processing /home/hamza/Documents/project/Mlops/myenv/lib/python3.12/site-packages/airflow/example_dags/example_branch_labels.py took 0.140 seconds
[2025-04-03T16:32:27.860+0000] {processor.py:186} INFO - Started process (PID=83276) to work on /home/hamza/Documents/project/Mlops/myenv/lib/python3.12/site-packages/airflow/example_dags/example_branch_labels.py
[2025-04-03T16:32:27.866+0000] {processor.py:914} INFO - Processing file /home/hamza/Documents/project/Mlops/myenv/lib/python3.12/site-packages/airflow/example_dags/example_branch_labels.py for tasks to queue
[2025-04-03T16:32:27.949+0000] {logging_mixin.py:190} INFO - [2025-04-03T16:32:27.944+0000] {dagbag.py:588} INFO - Filling up the DagBag from /home/hamza/Documents/project/Mlops/myenv/lib/python3.12/site-packages/airflow/example_dags/example_branch_labels.py
[2025-04-03T16:32:28.141+0000] {processor.py:925} INFO - DAG(s) 'example_branch_labels' retrieved from /home/hamza/Documents/project/Mlops/myenv/lib/python3.12/site-packages/airflow/example_dags/example_branch_labels.py
[2025-04-03T16:32:28.333+0000] {logging_mixin.py:190} INFO - [2025-04-03T16:32:28.333+0000] {dag.py:3239} INFO - Sync 1 DAGs
[2025-04-03T16:32:28.478+0000] {logging_mixin.py:190} INFO - [2025-04-03T16:32:28.478+0000] {dag.py:4180} INFO - Setting next_dagrun for example_branch_labels to 2025-04-02 00:00:00+00:00, run_after=2025-04-03 00:00:00+00:00
[2025-04-03T16:32:28.647+0000] {processor.py:208} INFO - Processing /home/hamza/Documents/project/Mlops/myenv/lib/python3.12/site-packages/airflow/example_dags/example_branch_labels.py took 0.836 seconds
[2025-04-03T16:34:40.662+0000] {processor.py:186} INFO - Started process (PID=84572) to work on /home/hamza/Documents/project/Mlops/myenv/lib/python3.12/site-packages/airflow/example_dags/example_branch_labels.py
[2025-04-03T16:34:40.665+0000] {processor.py:914} INFO - Processing file /home/hamza/Documents/project/Mlops/myenv/lib/python3.12/site-packages/airflow/example_dags/example_branch_labels.py for tasks to queue
[2025-04-03T16:34:40.669+0000] {logging_mixin.py:190} INFO - [2025-04-03T16:34:40.668+0000] {dagbag.py:588} INFO - Filling up the DagBag from /home/hamza/Documents/project/Mlops/myenv/lib/python3.12/site-packages/airflow/example_dags/example_branch_labels.py
[2025-04-03T16:34:40.687+0000] {processor.py:925} INFO - DAG(s) 'example_branch_labels' retrieved from /home/hamza/Documents/project/Mlops/myenv/lib/python3.12/site-packages/airflow/example_dags/example_branch_labels.py
[2025-04-03T16:34:40.717+0000] {logging_mixin.py:190} INFO - [2025-04-03T16:34:40.716+0000] {dag.py:3239} INFO - Sync 1 DAGs
[2025-04-03T16:34:40.756+0000] {logging_mixin.py:190} INFO - [2025-04-03T16:34:40.755+0000] {dag.py:4180} INFO - Setting next_dagrun for example_branch_labels to 2025-04-02 00:00:00+00:00, run_after=2025-04-03 00:00:00+00:00
[2025-04-03T16:34:40.796+0000] {processor.py:208} INFO - Processing /home/hamza/Documents/project/Mlops/myenv/lib/python3.12/site-packages/airflow/example_dags/example_branch_labels.py took 0.143 seconds
[2025-04-03T16:36:30.134+0000] {processor.py:186} INFO - Started process (PID=85496) to work on /home/hamza/Documents/project/Mlops/myenv/lib/python3.12/site-packages/airflow/example_dags/example_branch_labels.py
[2025-04-03T16:36:30.135+0000] {processor.py:914} INFO - Processing file /home/hamza/Documents/project/Mlops/myenv/lib/python3.12/site-packages/airflow/example_dags/example_branch_labels.py for tasks to queue
[2025-04-03T16:36:30.140+0000] {logging_mixin.py:190} INFO - [2025-04-03T16:36:30.139+0000] {dagbag.py:588} INFO - Filling up the DagBag from /home/hamza/Documents/project/Mlops/myenv/lib/python3.12/site-packages/airflow/example_dags/example_branch_labels.py
[2025-04-03T16:36:30.159+0000] {processor.py:925} INFO - DAG(s) 'example_branch_labels' retrieved from /home/hamza/Documents/project/Mlops/myenv/lib/python3.12/site-packages/airflow/example_dags/example_branch_labels.py
[2025-04-03T16:36:30.188+0000] {logging_mixin.py:190} INFO - [2025-04-03T16:36:30.187+0000] {dag.py:3239} INFO - Sync 1 DAGs
[2025-04-03T16:36:30.227+0000] {logging_mixin.py:190} INFO - [2025-04-03T16:36:30.226+0000] {dag.py:4180} INFO - Setting next_dagrun for example_branch_labels to 2025-04-02 00:00:00+00:00, run_after=2025-04-03 00:00:00+00:00
[2025-04-03T16:36:30.269+0000] {processor.py:208} INFO - Processing /home/hamza/Documents/project/Mlops/myenv/lib/python3.12/site-packages/airflow/example_dags/example_branch_labels.py took 0.145 seconds
[2025-04-03T16:37:57.523+0000] {processor.py:186} INFO - Started process (PID=86280) to work on /home/hamza/Documents/project/Mlops/myenv/lib/python3.12/site-packages/airflow/example_dags/example_branch_labels.py
[2025-04-03T16:37:57.524+0000] {processor.py:914} INFO - Processing file /home/hamza/Documents/project/Mlops/myenv/lib/python3.12/site-packages/airflow/example_dags/example_branch_labels.py for tasks to queue
[2025-04-03T16:37:57.529+0000] {logging_mixin.py:190} INFO - [2025-04-03T16:37:57.528+0000] {dagbag.py:588} INFO - Filling up the DagBag from /home/hamza/Documents/project/Mlops/myenv/lib/python3.12/site-packages/airflow/example_dags/example_branch_labels.py
[2025-04-03T16:37:57.548+0000] {processor.py:925} INFO - DAG(s) 'example_branch_labels' retrieved from /home/hamza/Documents/project/Mlops/myenv/lib/python3.12/site-packages/airflow/example_dags/example_branch_labels.py
[2025-04-03T16:37:57.578+0000] {logging_mixin.py:190} INFO - [2025-04-03T16:37:57.577+0000] {dag.py:3239} INFO - Sync 1 DAGs
[2025-04-03T16:37:57.617+0000] {logging_mixin.py:190} INFO - [2025-04-03T16:37:57.617+0000] {dag.py:4180} INFO - Setting next_dagrun for example_branch_labels to 2025-04-02 00:00:00+00:00, run_after=2025-04-03 00:00:00+00:00
[2025-04-03T16:37:57.657+0000] {processor.py:208} INFO - Processing /home/hamza/Documents/project/Mlops/myenv/lib/python3.12/site-packages/airflow/example_dags/example_branch_labels.py took 0.144 seconds
[2025-04-03T16:39:30.224+0000] {processor.py:186} INFO - Started process (PID=87502) to work on /home/hamza/Documents/project/Mlops/myenv/lib/python3.12/site-packages/airflow/example_dags/example_branch_labels.py
[2025-04-03T16:39:30.226+0000] {processor.py:914} INFO - Processing file /home/hamza/Documents/project/Mlops/myenv/lib/python3.12/site-packages/airflow/example_dags/example_branch_labels.py for tasks to queue
[2025-04-03T16:39:30.230+0000] {logging_mixin.py:190} INFO - [2025-04-03T16:39:30.229+0000] {dagbag.py:588} INFO - Filling up the DagBag from /home/hamza/Documents/project/Mlops/myenv/lib/python3.12/site-packages/airflow/example_dags/example_branch_labels.py
[2025-04-03T16:39:30.249+0000] {processor.py:925} INFO - DAG(s) 'example_branch_labels' retrieved from /home/hamza/Documents/project/Mlops/myenv/lib/python3.12/site-packages/airflow/example_dags/example_branch_labels.py
[2025-04-03T16:39:30.278+0000] {logging_mixin.py:190} INFO - [2025-04-03T16:39:30.278+0000] {dag.py:3239} INFO - Sync 1 DAGs
[2025-04-03T16:39:30.315+0000] {logging_mixin.py:190} INFO - [2025-04-03T16:39:30.315+0000] {dag.py:4180} INFO - Setting next_dagrun for example_branch_labels to 2025-04-02 00:00:00+00:00, run_after=2025-04-03 00:00:00+00:00
[2025-04-03T16:39:30.358+0000] {processor.py:208} INFO - Processing /home/hamza/Documents/project/Mlops/myenv/lib/python3.12/site-packages/airflow/example_dags/example_branch_labels.py took 0.144 seconds
[2025-04-03T16:41:04.715+0000] {processor.py:186} INFO - Started process (PID=88372) to work on /home/hamza/Documents/project/Mlops/myenv/lib/python3.12/site-packages/airflow/example_dags/example_branch_labels.py
[2025-04-03T16:41:04.716+0000] {processor.py:914} INFO - Processing file /home/hamza/Documents/project/Mlops/myenv/lib/python3.12/site-packages/airflow/example_dags/example_branch_labels.py for tasks to queue
[2025-04-03T16:41:04.721+0000] {logging_mixin.py:190} INFO - [2025-04-03T16:41:04.720+0000] {dagbag.py:588} INFO - Filling up the DagBag from /home/hamza/Documents/project/Mlops/myenv/lib/python3.12/site-packages/airflow/example_dags/example_branch_labels.py
[2025-04-03T16:41:04.739+0000] {processor.py:925} INFO - DAG(s) 'example_branch_labels' retrieved from /home/hamza/Documents/project/Mlops/myenv/lib/python3.12/site-packages/airflow/example_dags/example_branch_labels.py
[2025-04-03T16:41:04.772+0000] {logging_mixin.py:190} INFO - [2025-04-03T16:41:04.772+0000] {dag.py:3239} INFO - Sync 1 DAGs
[2025-04-03T16:41:04.806+0000] {logging_mixin.py:190} INFO - [2025-04-03T16:41:04.806+0000] {dag.py:4180} INFO - Setting next_dagrun for example_branch_labels to 2025-04-02 00:00:00+00:00, run_after=2025-04-03 00:00:00+00:00
[2025-04-03T16:41:04.841+0000] {processor.py:208} INFO - Processing /home/hamza/Documents/project/Mlops/myenv/lib/python3.12/site-packages/airflow/example_dags/example_branch_labels.py took 0.136 seconds
[2025-04-03T16:42:41.857+0000] {processor.py:186} INFO - Started process (PID=89236) to work on /home/hamza/Documents/project/Mlops/myenv/lib/python3.12/site-packages/airflow/example_dags/example_branch_labels.py
[2025-04-03T16:42:41.859+0000] {processor.py:914} INFO - Processing file /home/hamza/Documents/project/Mlops/myenv/lib/python3.12/site-packages/airflow/example_dags/example_branch_labels.py for tasks to queue
[2025-04-03T16:42:41.864+0000] {logging_mixin.py:190} INFO - [2025-04-03T16:42:41.863+0000] {dagbag.py:588} INFO - Filling up the DagBag from /home/hamza/Documents/project/Mlops/myenv/lib/python3.12/site-packages/airflow/example_dags/example_branch_labels.py
[2025-04-03T16:42:41.882+0000] {processor.py:925} INFO - DAG(s) 'example_branch_labels' retrieved from /home/hamza/Documents/project/Mlops/myenv/lib/python3.12/site-packages/airflow/example_dags/example_branch_labels.py
[2025-04-03T16:42:41.909+0000] {logging_mixin.py:190} INFO - [2025-04-03T16:42:41.909+0000] {dag.py:3239} INFO - Sync 1 DAGs
[2025-04-03T16:42:41.947+0000] {logging_mixin.py:190} INFO - [2025-04-03T16:42:41.946+0000] {dag.py:4180} INFO - Setting next_dagrun for example_branch_labels to 2025-04-02 00:00:00+00:00, run_after=2025-04-03 00:00:00+00:00
[2025-04-03T16:42:41.981+0000] {processor.py:208} INFO - Processing /home/hamza/Documents/project/Mlops/myenv/lib/python3.12/site-packages/airflow/example_dags/example_branch_labels.py took 0.133 seconds
[2025-04-03T16:44:16.073+0000] {processor.py:186} INFO - Started process (PID=89939) to work on /home/hamza/Documents/project/Mlops/myenv/lib/python3.12/site-packages/airflow/example_dags/example_branch_labels.py
[2025-04-03T16:44:16.075+0000] {processor.py:914} INFO - Processing file /home/hamza/Documents/project/Mlops/myenv/lib/python3.12/site-packages/airflow/example_dags/example_branch_labels.py for tasks to queue
[2025-04-03T16:44:16.079+0000] {logging_mixin.py:190} INFO - [2025-04-03T16:44:16.078+0000] {dagbag.py:588} INFO - Filling up the DagBag from /home/hamza/Documents/project/Mlops/myenv/lib/python3.12/site-packages/airflow/example_dags/example_branch_labels.py
[2025-04-03T16:44:16.097+0000] {processor.py:925} INFO - DAG(s) 'example_branch_labels' retrieved from /home/hamza/Documents/project/Mlops/myenv/lib/python3.12/site-packages/airflow/example_dags/example_branch_labels.py
[2025-04-03T16:44:16.125+0000] {logging_mixin.py:190} INFO - [2025-04-03T16:44:16.124+0000] {dag.py:3239} INFO - Sync 1 DAGs
[2025-04-03T16:44:16.160+0000] {logging_mixin.py:190} INFO - [2025-04-03T16:44:16.159+0000] {dag.py:4180} INFO - Setting next_dagrun for example_branch_labels to 2025-04-02 00:00:00+00:00, run_after=2025-04-03 00:00:00+00:00
[2025-04-03T16:44:16.193+0000] {processor.py:208} INFO - Processing /home/hamza/Documents/project/Mlops/myenv/lib/python3.12/site-packages/airflow/example_dags/example_branch_labels.py took 0.128 seconds
[2025-04-03T16:45:52.491+0000] {processor.py:186} INFO - Started process (PID=90761) to work on /home/hamza/Documents/project/Mlops/myenv/lib/python3.12/site-packages/airflow/example_dags/example_branch_labels.py
[2025-04-03T16:45:52.493+0000] {processor.py:914} INFO - Processing file /home/hamza/Documents/project/Mlops/myenv/lib/python3.12/site-packages/airflow/example_dags/example_branch_labels.py for tasks to queue
[2025-04-03T16:45:52.497+0000] {logging_mixin.py:190} INFO - [2025-04-03T16:45:52.496+0000] {dagbag.py:588} INFO - Filling up the DagBag from /home/hamza/Documents/project/Mlops/myenv/lib/python3.12/site-packages/airflow/example_dags/example_branch_labels.py
[2025-04-03T16:45:52.516+0000] {processor.py:925} INFO - DAG(s) 'example_branch_labels' retrieved from /home/hamza/Documents/project/Mlops/myenv/lib/python3.12/site-packages/airflow/example_dags/example_branch_labels.py
[2025-04-03T16:45:52.546+0000] {logging_mixin.py:190} INFO - [2025-04-03T16:45:52.545+0000] {dag.py:3239} INFO - Sync 1 DAGs
[2025-04-03T16:45:52.585+0000] {logging_mixin.py:190} INFO - [2025-04-03T16:45:52.584+0000] {dag.py:4180} INFO - Setting next_dagrun for example_branch_labels to 2025-04-02 00:00:00+00:00, run_after=2025-04-03 00:00:00+00:00
[2025-04-03T16:45:52.621+0000] {processor.py:208} INFO - Processing /home/hamza/Documents/project/Mlops/myenv/lib/python3.12/site-packages/airflow/example_dags/example_branch_labels.py took 0.140 seconds
[2025-04-03T16:47:27.493+0000] {processor.py:186} INFO - Started process (PID=91620) to work on /home/hamza/Documents/project/Mlops/myenv/lib/python3.12/site-packages/airflow/example_dags/example_branch_labels.py
[2025-04-03T16:47:27.498+0000] {processor.py:914} INFO - Processing file /home/hamza/Documents/project/Mlops/myenv/lib/python3.12/site-packages/airflow/example_dags/example_branch_labels.py for tasks to queue
[2025-04-03T16:47:27.502+0000] {logging_mixin.py:190} INFO - [2025-04-03T16:47:27.501+0000] {dagbag.py:588} INFO - Filling up the DagBag from /home/hamza/Documents/project/Mlops/myenv/lib/python3.12/site-packages/airflow/example_dags/example_branch_labels.py
[2025-04-03T16:47:27.519+0000] {processor.py:925} INFO - DAG(s) 'example_branch_labels' retrieved from /home/hamza/Documents/project/Mlops/myenv/lib/python3.12/site-packages/airflow/example_dags/example_branch_labels.py
[2025-04-03T16:47:27.548+0000] {logging_mixin.py:190} INFO - [2025-04-03T16:47:27.548+0000] {dag.py:3239} INFO - Sync 1 DAGs
[2025-04-03T16:47:27.590+0000] {logging_mixin.py:190} INFO - [2025-04-03T16:47:27.589+0000] {dag.py:4180} INFO - Setting next_dagrun for example_branch_labels to 2025-04-02 00:00:00+00:00, run_after=2025-04-03 00:00:00+00:00
[2025-04-03T16:47:27.626+0000] {processor.py:208} INFO - Processing /home/hamza/Documents/project/Mlops/myenv/lib/python3.12/site-packages/airflow/example_dags/example_branch_labels.py took 0.141 seconds
[2025-04-03T16:49:07.284+0000] {processor.py:186} INFO - Started process (PID=92470) to work on /home/hamza/Documents/project/Mlops/myenv/lib/python3.12/site-packages/airflow/example_dags/example_branch_labels.py
[2025-04-03T16:49:07.286+0000] {processor.py:914} INFO - Processing file /home/hamza/Documents/project/Mlops/myenv/lib/python3.12/site-packages/airflow/example_dags/example_branch_labels.py for tasks to queue
[2025-04-03T16:49:07.290+0000] {logging_mixin.py:190} INFO - [2025-04-03T16:49:07.289+0000] {dagbag.py:588} INFO - Filling up the DagBag from /home/hamza/Documents/project/Mlops/myenv/lib/python3.12/site-packages/airflow/example_dags/example_branch_labels.py
[2025-04-03T16:49:07.309+0000] {processor.py:925} INFO - DAG(s) 'example_branch_labels' retrieved from /home/hamza/Documents/project/Mlops/myenv/lib/python3.12/site-packages/airflow/example_dags/example_branch_labels.py
[2025-04-03T16:49:07.340+0000] {logging_mixin.py:190} INFO - [2025-04-03T16:49:07.339+0000] {dag.py:3239} INFO - Sync 1 DAGs
[2025-04-03T16:49:07.379+0000] {logging_mixin.py:190} INFO - [2025-04-03T16:49:07.379+0000] {dag.py:4180} INFO - Setting next_dagrun for example_branch_labels to 2025-04-02 00:00:00+00:00, run_after=2025-04-03 00:00:00+00:00
[2025-04-03T16:49:07.415+0000] {processor.py:208} INFO - Processing /home/hamza/Documents/project/Mlops/myenv/lib/python3.12/site-packages/airflow/example_dags/example_branch_labels.py took 0.141 seconds
[2025-04-03T16:50:45.942+0000] {processor.py:186} INFO - Started process (PID=93309) to work on /home/hamza/Documents/project/Mlops/myenv/lib/python3.12/site-packages/airflow/example_dags/example_branch_labels.py
[2025-04-03T16:50:45.944+0000] {processor.py:914} INFO - Processing file /home/hamza/Documents/project/Mlops/myenv/lib/python3.12/site-packages/airflow/example_dags/example_branch_labels.py for tasks to queue
[2025-04-03T16:50:45.950+0000] {logging_mixin.py:190} INFO - [2025-04-03T16:50:45.949+0000] {dagbag.py:588} INFO - Filling up the DagBag from /home/hamza/Documents/project/Mlops/myenv/lib/python3.12/site-packages/airflow/example_dags/example_branch_labels.py
[2025-04-03T16:50:45.973+0000] {processor.py:925} INFO - DAG(s) 'example_branch_labels' retrieved from /home/hamza/Documents/project/Mlops/myenv/lib/python3.12/site-packages/airflow/example_dags/example_branch_labels.py
[2025-04-03T16:50:46.004+0000] {logging_mixin.py:190} INFO - [2025-04-03T16:50:46.003+0000] {dag.py:3239} INFO - Sync 1 DAGs
[2025-04-03T16:50:46.044+0000] {logging_mixin.py:190} INFO - [2025-04-03T16:50:46.043+0000] {dag.py:4180} INFO - Setting next_dagrun for example_branch_labels to 2025-04-02 00:00:00+00:00, run_after=2025-04-03 00:00:00+00:00
[2025-04-03T16:50:46.084+0000] {processor.py:208} INFO - Processing /home/hamza/Documents/project/Mlops/myenv/lib/python3.12/site-packages/airflow/example_dags/example_branch_labels.py took 0.153 seconds
[2025-04-03T16:52:25.409+0000] {processor.py:186} INFO - Started process (PID=94125) to work on /home/hamza/Documents/project/Mlops/myenv/lib/python3.12/site-packages/airflow/example_dags/example_branch_labels.py
[2025-04-03T16:52:25.411+0000] {processor.py:914} INFO - Processing file /home/hamza/Documents/project/Mlops/myenv/lib/python3.12/site-packages/airflow/example_dags/example_branch_labels.py for tasks to queue
[2025-04-03T16:52:25.415+0000] {logging_mixin.py:190} INFO - [2025-04-03T16:52:25.414+0000] {dagbag.py:588} INFO - Filling up the DagBag from /home/hamza/Documents/project/Mlops/myenv/lib/python3.12/site-packages/airflow/example_dags/example_branch_labels.py
[2025-04-03T16:52:25.434+0000] {processor.py:925} INFO - DAG(s) 'example_branch_labels' retrieved from /home/hamza/Documents/project/Mlops/myenv/lib/python3.12/site-packages/airflow/example_dags/example_branch_labels.py
[2025-04-03T16:52:25.463+0000] {logging_mixin.py:190} INFO - [2025-04-03T16:52:25.463+0000] {dag.py:3239} INFO - Sync 1 DAGs
[2025-04-03T16:52:25.510+0000] {logging_mixin.py:190} INFO - [2025-04-03T16:52:25.509+0000] {dag.py:4180} INFO - Setting next_dagrun for example_branch_labels to 2025-04-02 00:00:00+00:00, run_after=2025-04-03 00:00:00+00:00
[2025-04-03T16:52:25.546+0000] {processor.py:208} INFO - Processing /home/hamza/Documents/project/Mlops/myenv/lib/python3.12/site-packages/airflow/example_dags/example_branch_labels.py took 0.147 seconds
[2025-04-03T16:54:02.730+0000] {processor.py:186} INFO - Started process (PID=94962) to work on /home/hamza/Documents/project/Mlops/myenv/lib/python3.12/site-packages/airflow/example_dags/example_branch_labels.py
[2025-04-03T16:54:02.732+0000] {processor.py:914} INFO - Processing file /home/hamza/Documents/project/Mlops/myenv/lib/python3.12/site-packages/airflow/example_dags/example_branch_labels.py for tasks to queue
[2025-04-03T16:54:02.737+0000] {logging_mixin.py:190} INFO - [2025-04-03T16:54:02.736+0000] {dagbag.py:588} INFO - Filling up the DagBag from /home/hamza/Documents/project/Mlops/myenv/lib/python3.12/site-packages/airflow/example_dags/example_branch_labels.py
[2025-04-03T16:54:02.763+0000] {processor.py:925} INFO - DAG(s) 'example_branch_labels' retrieved from /home/hamza/Documents/project/Mlops/myenv/lib/python3.12/site-packages/airflow/example_dags/example_branch_labels.py
[2025-04-03T16:54:02.799+0000] {logging_mixin.py:190} INFO - [2025-04-03T16:54:02.798+0000] {dag.py:3239} INFO - Sync 1 DAGs
[2025-04-03T16:54:02.856+0000] {logging_mixin.py:190} INFO - [2025-04-03T16:54:02.856+0000] {dag.py:4180} INFO - Setting next_dagrun for example_branch_labels to 2025-04-02 00:00:00+00:00, run_after=2025-04-03 00:00:00+00:00
[2025-04-03T16:54:02.907+0000] {processor.py:208} INFO - Processing /home/hamza/Documents/project/Mlops/myenv/lib/python3.12/site-packages/airflow/example_dags/example_branch_labels.py took 0.190 seconds
[2025-04-03T16:55:47.020+0000] {processor.py:186} INFO - Started process (PID=96046) to work on /home/hamza/Documents/project/Mlops/myenv/lib/python3.12/site-packages/airflow/example_dags/example_branch_labels.py
[2025-04-03T16:55:47.021+0000] {processor.py:914} INFO - Processing file /home/hamza/Documents/project/Mlops/myenv/lib/python3.12/site-packages/airflow/example_dags/example_branch_labels.py for tasks to queue
[2025-04-03T16:55:47.025+0000] {logging_mixin.py:190} INFO - [2025-04-03T16:55:47.024+0000] {dagbag.py:588} INFO - Filling up the DagBag from /home/hamza/Documents/project/Mlops/myenv/lib/python3.12/site-packages/airflow/example_dags/example_branch_labels.py
[2025-04-03T16:55:47.044+0000] {processor.py:925} INFO - DAG(s) 'example_branch_labels' retrieved from /home/hamza/Documents/project/Mlops/myenv/lib/python3.12/site-packages/airflow/example_dags/example_branch_labels.py
[2025-04-03T16:55:47.073+0000] {logging_mixin.py:190} INFO - [2025-04-03T16:55:47.072+0000] {dag.py:3239} INFO - Sync 1 DAGs
[2025-04-03T16:55:47.113+0000] {logging_mixin.py:190} INFO - [2025-04-03T16:55:47.113+0000] {dag.py:4180} INFO - Setting next_dagrun for example_branch_labels to 2025-04-02 00:00:00+00:00, run_after=2025-04-03 00:00:00+00:00
[2025-04-03T16:55:47.149+0000] {processor.py:208} INFO - Processing /home/hamza/Documents/project/Mlops/myenv/lib/python3.12/site-packages/airflow/example_dags/example_branch_labels.py took 0.139 seconds
