[2025-04-03T13:43:52.503+0000] {processor.py:186} INFO - Started process (PID=98577) to work on /home/hamza/Documents/project/Mlops/myenv/lib/python3.12/site-packages/airflow/example_dags/example_latest_only.py
[2025-04-03T13:43:52.505+0000] {processor.py:914} INFO - Processing file /home/hamza/Documents/project/Mlops/myenv/lib/python3.12/site-packages/airflow/example_dags/example_latest_only.py for tasks to queue
[2025-04-03T13:43:52.508+0000] {logging_mixin.py:190} INFO - [2025-04-03T13:43:52.508+0000] {dagbag.py:588} INFO - Filling up the DagBag from /home/hamza/Documents/project/Mlops/myenv/lib/python3.12/site-packages/airflow/example_dags/example_latest_only.py
[2025-04-03T13:43:52.521+0000] {processor.py:925} INFO - DAG(s) 'latest_only' retrieved from /home/hamza/Documents/project/Mlops/myenv/lib/python3.12/site-packages/airflow/example_dags/example_latest_only.py
[2025-04-03T13:43:52.712+0000] {logging_mixin.py:190} INFO - [2025-04-03T13:43:52.711+0000] {override.py:1930} INFO - Created Permission View: can delete on DAG:latest_only
[2025-04-03T13:43:52.733+0000] {logging_mixin.py:190} INFO - [2025-04-03T13:43:52.732+0000] {override.py:1930} INFO - Created Permission View: can read on DAG:latest_only
[2025-04-03T13:43:52.751+0000] {logging_mixin.py:190} INFO - [2025-04-03T13:43:52.751+0000] {override.py:1930} INFO - Created Permission View: can edit on DAG:latest_only
[2025-04-03T13:43:52.778+0000] {logging_mixin.py:190} INFO - [2025-04-03T13:43:52.778+0000] {override.py:1930} INFO - Created Permission View: can delete on DAG Run:latest_only
[2025-04-03T13:43:52.794+0000] {logging_mixin.py:190} INFO - [2025-04-03T13:43:52.793+0000] {override.py:1930} INFO - Created Permission View: can read on DAG Run:latest_only
[2025-04-03T13:43:52.808+0000] {logging_mixin.py:190} INFO - [2025-04-03T13:43:52.807+0000] {override.py:1930} INFO - Created Permission View: menu access on DAG Run:latest_only
[2025-04-03T13:43:52.827+0000] {logging_mixin.py:190} INFO - [2025-04-03T13:43:52.826+0000] {override.py:1930} INFO - Created Permission View: can create on DAG Run:latest_only
[2025-04-03T13:43:52.827+0000] {logging_mixin.py:190} INFO - [2025-04-03T13:43:52.827+0000] {dag.py:3239} INFO - Sync 1 DAGs
[2025-04-03T13:43:52.851+0000] {logging_mixin.py:190} INFO - [2025-04-03T13:43:52.850+0000] {dag.py:3262} INFO - Creating ORM DAG for latest_only
[2025-04-03T13:43:52.865+0000] {logging_mixin.py:190} INFO - [2025-04-03T13:43:52.865+0000] {dag.py:4180} INFO - Setting next_dagrun for latest_only to 2025-04-03 08:00:00+00:00, run_after=2025-04-03 12:00:00+00:00
[2025-04-03T13:43:52.899+0000] {processor.py:208} INFO - Processing /home/hamza/Documents/project/Mlops/myenv/lib/python3.12/site-packages/airflow/example_dags/example_latest_only.py took 0.406 seconds
[2025-04-03T13:45:13.793+0000] {processor.py:186} INFO - Started process (PID=99703) to work on /home/hamza/Documents/project/Mlops/myenv/lib/python3.12/site-packages/airflow/example_dags/example_latest_only.py
[2025-04-03T13:45:13.796+0000] {processor.py:914} INFO - Processing file /home/hamza/Documents/project/Mlops/myenv/lib/python3.12/site-packages/airflow/example_dags/example_latest_only.py for tasks to queue
[2025-04-03T13:45:13.800+0000] {logging_mixin.py:190} INFO - [2025-04-03T13:45:13.799+0000] {dagbag.py:588} INFO - Filling up the DagBag from /home/hamza/Documents/project/Mlops/myenv/lib/python3.12/site-packages/airflow/example_dags/example_latest_only.py
[2025-04-03T13:45:13.814+0000] {processor.py:925} INFO - DAG(s) 'latest_only' retrieved from /home/hamza/Documents/project/Mlops/myenv/lib/python3.12/site-packages/airflow/example_dags/example_latest_only.py
[2025-04-03T13:45:13.839+0000] {logging_mixin.py:190} INFO - [2025-04-03T13:45:13.839+0000] {dag.py:3239} INFO - Sync 1 DAGs
[2025-04-03T13:45:13.874+0000] {logging_mixin.py:190} INFO - [2025-04-03T13:45:13.874+0000] {dag.py:4180} INFO - Setting next_dagrun for latest_only to 2025-04-03 08:00:00+00:00, run_after=2025-04-03 12:00:00+00:00
[2025-04-03T13:45:13.910+0000] {processor.py:208} INFO - Processing /home/hamza/Documents/project/Mlops/myenv/lib/python3.12/site-packages/airflow/example_dags/example_latest_only.py took 0.126 seconds
[2025-04-03T13:46:21.091+0000] {processor.py:186} INFO - Started process (PID=100305) to work on /home/hamza/Documents/project/Mlops/myenv/lib/python3.12/site-packages/airflow/example_dags/example_latest_only.py
[2025-04-03T13:46:21.094+0000] {processor.py:914} INFO - Processing file /home/hamza/Documents/project/Mlops/myenv/lib/python3.12/site-packages/airflow/example_dags/example_latest_only.py for tasks to queue
[2025-04-03T13:46:21.098+0000] {logging_mixin.py:190} INFO - [2025-04-03T13:46:21.097+0000] {dagbag.py:588} INFO - Filling up the DagBag from /home/hamza/Documents/project/Mlops/myenv/lib/python3.12/site-packages/airflow/example_dags/example_latest_only.py
[2025-04-03T13:46:21.112+0000] {processor.py:925} INFO - DAG(s) 'latest_only' retrieved from /home/hamza/Documents/project/Mlops/myenv/lib/python3.12/site-packages/airflow/example_dags/example_latest_only.py
[2025-04-03T13:46:21.138+0000] {logging_mixin.py:190} INFO - [2025-04-03T13:46:21.137+0000] {dag.py:3239} INFO - Sync 1 DAGs
[2025-04-03T13:46:21.175+0000] {logging_mixin.py:190} INFO - [2025-04-03T13:46:21.174+0000] {dag.py:4180} INFO - Setting next_dagrun for latest_only to 2025-04-03 08:00:00+00:00, run_after=2025-04-03 12:00:00+00:00
[2025-04-03T13:46:21.213+0000] {processor.py:208} INFO - Processing /home/hamza/Documents/project/Mlops/myenv/lib/python3.12/site-packages/airflow/example_dags/example_latest_only.py took 0.133 seconds
[2025-04-03T13:47:27.903+0000] {processor.py:186} INFO - Started process (PID=101065) to work on /home/hamza/Documents/project/Mlops/myenv/lib/python3.12/site-packages/airflow/example_dags/example_latest_only.py
[2025-04-03T13:47:27.906+0000] {processor.py:914} INFO - Processing file /home/hamza/Documents/project/Mlops/myenv/lib/python3.12/site-packages/airflow/example_dags/example_latest_only.py for tasks to queue
[2025-04-03T13:47:27.910+0000] {logging_mixin.py:190} INFO - [2025-04-03T13:47:27.909+0000] {dagbag.py:588} INFO - Filling up the DagBag from /home/hamza/Documents/project/Mlops/myenv/lib/python3.12/site-packages/airflow/example_dags/example_latest_only.py
[2025-04-03T13:47:27.921+0000] {processor.py:925} INFO - DAG(s) 'latest_only' retrieved from /home/hamza/Documents/project/Mlops/myenv/lib/python3.12/site-packages/airflow/example_dags/example_latest_only.py
[2025-04-03T13:47:27.947+0000] {logging_mixin.py:190} INFO - [2025-04-03T13:47:27.947+0000] {dag.py:3239} INFO - Sync 1 DAGs
[2025-04-03T13:47:27.980+0000] {logging_mixin.py:190} INFO - [2025-04-03T13:47:27.980+0000] {dag.py:4180} INFO - Setting next_dagrun for latest_only to 2025-04-03 08:00:00+00:00, run_after=2025-04-03 12:00:00+00:00
[2025-04-03T13:47:28.014+0000] {processor.py:208} INFO - Processing /home/hamza/Documents/project/Mlops/myenv/lib/python3.12/site-packages/airflow/example_dags/example_latest_only.py took 0.120 seconds
[2025-04-03T13:50:02.116+0000] {processor.py:186} INFO - Started process (PID=103134) to work on /home/hamza/Documents/project/Mlops/myenv/lib/python3.12/site-packages/airflow/example_dags/example_latest_only.py
[2025-04-03T13:50:02.124+0000] {processor.py:914} INFO - Processing file /home/hamza/Documents/project/Mlops/myenv/lib/python3.12/site-packages/airflow/example_dags/example_latest_only.py for tasks to queue
[2025-04-03T13:50:02.129+0000] {logging_mixin.py:190} INFO - [2025-04-03T13:50:02.128+0000] {dagbag.py:588} INFO - Filling up the DagBag from /home/hamza/Documents/project/Mlops/myenv/lib/python3.12/site-packages/airflow/example_dags/example_latest_only.py
[2025-04-03T13:50:02.142+0000] {processor.py:925} INFO - DAG(s) 'latest_only' retrieved from /home/hamza/Documents/project/Mlops/myenv/lib/python3.12/site-packages/airflow/example_dags/example_latest_only.py
[2025-04-03T13:50:02.171+0000] {logging_mixin.py:190} INFO - [2025-04-03T13:50:02.170+0000] {dag.py:3239} INFO - Sync 1 DAGs
[2025-04-03T13:50:02.202+0000] {logging_mixin.py:190} INFO - [2025-04-03T13:50:02.202+0000] {dag.py:4180} INFO - Setting next_dagrun for latest_only to 2025-04-03 08:00:00+00:00, run_after=2025-04-03 12:00:00+00:00
[2025-04-03T13:50:02.239+0000] {processor.py:208} INFO - Processing /home/hamza/Documents/project/Mlops/myenv/lib/python3.12/site-packages/airflow/example_dags/example_latest_only.py took 0.132 seconds
[2025-04-03T13:51:38.166+0000] {processor.py:186} INFO - Started process (PID=104379) to work on /home/hamza/Documents/project/Mlops/myenv/lib/python3.12/site-packages/airflow/example_dags/example_latest_only.py
[2025-04-03T13:51:38.169+0000] {processor.py:914} INFO - Processing file /home/hamza/Documents/project/Mlops/myenv/lib/python3.12/site-packages/airflow/example_dags/example_latest_only.py for tasks to queue
[2025-04-03T13:51:38.173+0000] {logging_mixin.py:190} INFO - [2025-04-03T13:51:38.172+0000] {dagbag.py:588} INFO - Filling up the DagBag from /home/hamza/Documents/project/Mlops/myenv/lib/python3.12/site-packages/airflow/example_dags/example_latest_only.py
[2025-04-03T13:51:38.187+0000] {processor.py:925} INFO - DAG(s) 'latest_only' retrieved from /home/hamza/Documents/project/Mlops/myenv/lib/python3.12/site-packages/airflow/example_dags/example_latest_only.py
[2025-04-03T13:51:38.219+0000] {logging_mixin.py:190} INFO - [2025-04-03T13:51:38.218+0000] {dag.py:3239} INFO - Sync 1 DAGs
[2025-04-03T13:51:38.257+0000] {logging_mixin.py:190} INFO - [2025-04-03T13:51:38.256+0000] {dag.py:4180} INFO - Setting next_dagrun for latest_only to 2025-04-03 08:00:00+00:00, run_after=2025-04-03 12:00:00+00:00
[2025-04-03T13:51:38.297+0000] {processor.py:208} INFO - Processing /home/hamza/Documents/project/Mlops/myenv/lib/python3.12/site-packages/airflow/example_dags/example_latest_only.py took 0.140 seconds
[2025-04-03T13:53:21.698+0000] {processor.py:186} INFO - Started process (PID=105387) to work on /home/hamza/Documents/project/Mlops/myenv/lib/python3.12/site-packages/airflow/example_dags/example_latest_only.py
[2025-04-03T13:53:21.700+0000] {processor.py:914} INFO - Processing file /home/hamza/Documents/project/Mlops/myenv/lib/python3.12/site-packages/airflow/example_dags/example_latest_only.py for tasks to queue
[2025-04-03T13:53:21.703+0000] {logging_mixin.py:190} INFO - [2025-04-03T13:53:21.702+0000] {dagbag.py:588} INFO - Filling up the DagBag from /home/hamza/Documents/project/Mlops/myenv/lib/python3.12/site-packages/airflow/example_dags/example_latest_only.py
[2025-04-03T13:53:21.718+0000] {processor.py:925} INFO - DAG(s) 'latest_only' retrieved from /home/hamza/Documents/project/Mlops/myenv/lib/python3.12/site-packages/airflow/example_dags/example_latest_only.py
[2025-04-03T13:53:21.750+0000] {logging_mixin.py:190} INFO - [2025-04-03T13:53:21.750+0000] {dag.py:3239} INFO - Sync 1 DAGs
[2025-04-03T13:53:21.789+0000] {logging_mixin.py:190} INFO - [2025-04-03T13:53:21.789+0000] {dag.py:4180} INFO - Setting next_dagrun for latest_only to 2025-04-03 08:00:00+00:00, run_after=2025-04-03 12:00:00+00:00
[2025-04-03T13:53:21.825+0000] {processor.py:208} INFO - Processing /home/hamza/Documents/project/Mlops/myenv/lib/python3.12/site-packages/airflow/example_dags/example_latest_only.py took 0.136 seconds
[2025-04-03T13:59:35.148+0000] {processor.py:186} INFO - Started process (PID=110150) to work on /home/hamza/Documents/project/Mlops/myenv/lib/python3.12/site-packages/airflow/example_dags/example_latest_only.py
[2025-04-03T13:59:35.150+0000] {processor.py:914} INFO - Processing file /home/hamza/Documents/project/Mlops/myenv/lib/python3.12/site-packages/airflow/example_dags/example_latest_only.py for tasks to queue
[2025-04-03T13:59:35.154+0000] {logging_mixin.py:190} INFO - [2025-04-03T13:59:35.153+0000] {dagbag.py:588} INFO - Filling up the DagBag from /home/hamza/Documents/project/Mlops/myenv/lib/python3.12/site-packages/airflow/example_dags/example_latest_only.py
[2025-04-03T13:59:35.169+0000] {processor.py:925} INFO - DAG(s) 'latest_only' retrieved from /home/hamza/Documents/project/Mlops/myenv/lib/python3.12/site-packages/airflow/example_dags/example_latest_only.py
[2025-04-03T13:59:35.200+0000] {logging_mixin.py:190} INFO - [2025-04-03T13:59:35.199+0000] {dag.py:3239} INFO - Sync 1 DAGs
[2025-04-03T13:59:35.236+0000] {logging_mixin.py:190} INFO - [2025-04-03T13:59:35.235+0000] {dag.py:4180} INFO - Setting next_dagrun for latest_only to 2025-04-03 08:00:00+00:00, run_after=2025-04-03 12:00:00+00:00
[2025-04-03T13:59:35.274+0000] {processor.py:208} INFO - Processing /home/hamza/Documents/project/Mlops/myenv/lib/python3.12/site-packages/airflow/example_dags/example_latest_only.py took 0.136 seconds
[2025-04-03T14:10:23.452+0000] {processor.py:186} INFO - Started process (PID=118161) to work on /home/hamza/Documents/project/Mlops/myenv/lib/python3.12/site-packages/airflow/example_dags/example_latest_only.py
[2025-04-03T14:10:23.453+0000] {processor.py:914} INFO - Processing file /home/hamza/Documents/project/Mlops/myenv/lib/python3.12/site-packages/airflow/example_dags/example_latest_only.py for tasks to queue
[2025-04-03T14:10:23.455+0000] {logging_mixin.py:190} INFO - [2025-04-03T14:10:23.454+0000] {dagbag.py:588} INFO - Filling up the DagBag from /home/hamza/Documents/project/Mlops/myenv/lib/python3.12/site-packages/airflow/example_dags/example_latest_only.py
[2025-04-03T14:10:23.465+0000] {processor.py:925} INFO - DAG(s) 'latest_only' retrieved from /home/hamza/Documents/project/Mlops/myenv/lib/python3.12/site-packages/airflow/example_dags/example_latest_only.py
[2025-04-03T14:10:23.491+0000] {logging_mixin.py:190} INFO - [2025-04-03T14:10:23.490+0000] {dag.py:3239} INFO - Sync 1 DAGs
[2025-04-03T14:10:23.520+0000] {logging_mixin.py:190} INFO - [2025-04-03T14:10:23.520+0000] {dag.py:4180} INFO - Setting next_dagrun for latest_only to 2025-04-03 08:00:00+00:00, run_after=2025-04-03 12:00:00+00:00
[2025-04-03T14:10:23.550+0000] {processor.py:208} INFO - Processing /home/hamza/Documents/project/Mlops/myenv/lib/python3.12/site-packages/airflow/example_dags/example_latest_only.py took 0.107 seconds
[2025-04-03T14:11:59.918+0000] {processor.py:186} INFO - Started process (PID=119058) to work on /home/hamza/Documents/project/Mlops/myenv/lib/python3.12/site-packages/airflow/example_dags/example_latest_only.py
[2025-04-03T14:11:59.920+0000] {processor.py:914} INFO - Processing file /home/hamza/Documents/project/Mlops/myenv/lib/python3.12/site-packages/airflow/example_dags/example_latest_only.py for tasks to queue
[2025-04-03T14:11:59.922+0000] {logging_mixin.py:190} INFO - [2025-04-03T14:11:59.921+0000] {dagbag.py:588} INFO - Filling up the DagBag from /home/hamza/Documents/project/Mlops/myenv/lib/python3.12/site-packages/airflow/example_dags/example_latest_only.py
[2025-04-03T14:11:59.934+0000] {processor.py:925} INFO - DAG(s) 'latest_only' retrieved from /home/hamza/Documents/project/Mlops/myenv/lib/python3.12/site-packages/airflow/example_dags/example_latest_only.py
[2025-04-03T14:11:59.960+0000] {logging_mixin.py:190} INFO - [2025-04-03T14:11:59.960+0000] {dag.py:3239} INFO - Sync 1 DAGs
[2025-04-03T14:11:59.991+0000] {logging_mixin.py:190} INFO - [2025-04-03T14:11:59.991+0000] {dag.py:4180} INFO - Setting next_dagrun for latest_only to 2025-04-03 08:00:00+00:00, run_after=2025-04-03 12:00:00+00:00
[2025-04-03T14:12:00.027+0000] {processor.py:208} INFO - Processing /home/hamza/Documents/project/Mlops/myenv/lib/python3.12/site-packages/airflow/example_dags/example_latest_only.py took 0.119 seconds
[2025-04-03T14:19:03.746+0000] {processor.py:186} INFO - Started process (PID=122573) to work on /home/hamza/Documents/project/Mlops/myenv/lib/python3.12/site-packages/airflow/example_dags/example_latest_only.py
[2025-04-03T14:19:03.748+0000] {processor.py:914} INFO - Processing file /home/hamza/Documents/project/Mlops/myenv/lib/python3.12/site-packages/airflow/example_dags/example_latest_only.py for tasks to queue
[2025-04-03T14:19:03.751+0000] {logging_mixin.py:190} INFO - [2025-04-03T14:19:03.750+0000] {dagbag.py:588} INFO - Filling up the DagBag from /home/hamza/Documents/project/Mlops/myenv/lib/python3.12/site-packages/airflow/example_dags/example_latest_only.py
[2025-04-03T14:19:03.761+0000] {processor.py:925} INFO - DAG(s) 'latest_only' retrieved from /home/hamza/Documents/project/Mlops/myenv/lib/python3.12/site-packages/airflow/example_dags/example_latest_only.py
[2025-04-03T14:19:03.790+0000] {logging_mixin.py:190} INFO - [2025-04-03T14:19:03.789+0000] {dag.py:3239} INFO - Sync 1 DAGs
[2025-04-03T14:19:03.828+0000] {logging_mixin.py:190} INFO - [2025-04-03T14:19:03.828+0000] {dag.py:4180} INFO - Setting next_dagrun for latest_only to 2025-04-03 08:00:00+00:00, run_after=2025-04-03 12:00:00+00:00
[2025-04-03T14:19:03.861+0000] {processor.py:208} INFO - Processing /home/hamza/Documents/project/Mlops/myenv/lib/python3.12/site-packages/airflow/example_dags/example_latest_only.py took 0.124 seconds
[2025-04-03T15:08:34.966+0000] {processor.py:186} INFO - Started process (PID=36265) to work on /home/hamza/Documents/project/Mlops/myenv/lib/python3.12/site-packages/airflow/example_dags/example_latest_only.py
[2025-04-03T15:08:34.968+0000] {processor.py:914} INFO - Processing file /home/hamza/Documents/project/Mlops/myenv/lib/python3.12/site-packages/airflow/example_dags/example_latest_only.py for tasks to queue
[2025-04-03T15:08:34.972+0000] {logging_mixin.py:190} INFO - [2025-04-03T15:08:34.971+0000] {dagbag.py:588} INFO - Filling up the DagBag from /home/hamza/Documents/project/Mlops/myenv/lib/python3.12/site-packages/airflow/example_dags/example_latest_only.py
[2025-04-03T15:08:34.985+0000] {processor.py:925} INFO - DAG(s) 'latest_only' retrieved from /home/hamza/Documents/project/Mlops/myenv/lib/python3.12/site-packages/airflow/example_dags/example_latest_only.py
[2025-04-03T15:08:35.013+0000] {logging_mixin.py:190} INFO - [2025-04-03T15:08:35.013+0000] {dag.py:3239} INFO - Sync 1 DAGs
[2025-04-03T15:08:35.049+0000] {logging_mixin.py:190} INFO - [2025-04-03T15:08:35.048+0000] {dag.py:4180} INFO - Setting next_dagrun for latest_only to 2025-04-03 08:00:00+00:00, run_after=2025-04-03 12:00:00+00:00
[2025-04-03T15:08:35.083+0000] {processor.py:208} INFO - Processing /home/hamza/Documents/project/Mlops/myenv/lib/python3.12/site-packages/airflow/example_dags/example_latest_only.py took 0.126 seconds
[2025-04-03T15:10:03.907+0000] {processor.py:186} INFO - Started process (PID=37172) to work on /home/hamza/Documents/project/Mlops/myenv/lib/python3.12/site-packages/airflow/example_dags/example_latest_only.py
[2025-04-03T15:10:03.911+0000] {processor.py:914} INFO - Processing file /home/hamza/Documents/project/Mlops/myenv/lib/python3.12/site-packages/airflow/example_dags/example_latest_only.py for tasks to queue
[2025-04-03T15:10:03.915+0000] {logging_mixin.py:190} INFO - [2025-04-03T15:10:03.915+0000] {dagbag.py:588} INFO - Filling up the DagBag from /home/hamza/Documents/project/Mlops/myenv/lib/python3.12/site-packages/airflow/example_dags/example_latest_only.py
[2025-04-03T15:10:03.929+0000] {processor.py:925} INFO - DAG(s) 'latest_only' retrieved from /home/hamza/Documents/project/Mlops/myenv/lib/python3.12/site-packages/airflow/example_dags/example_latest_only.py
[2025-04-03T15:10:03.955+0000] {logging_mixin.py:190} INFO - [2025-04-03T15:10:03.954+0000] {dag.py:3239} INFO - Sync 1 DAGs
[2025-04-03T15:10:03.989+0000] {logging_mixin.py:190} INFO - [2025-04-03T15:10:03.989+0000] {dag.py:4180} INFO - Setting next_dagrun for latest_only to 2025-04-03 08:00:00+00:00, run_after=2025-04-03 12:00:00+00:00
[2025-04-03T15:10:04.028+0000] {processor.py:208} INFO - Processing /home/hamza/Documents/project/Mlops/myenv/lib/python3.12/site-packages/airflow/example_dags/example_latest_only.py took 0.130 seconds
[2025-04-03T15:11:31.972+0000] {processor.py:186} INFO - Started process (PID=37963) to work on /home/hamza/Documents/project/Mlops/myenv/lib/python3.12/site-packages/airflow/example_dags/example_latest_only.py
[2025-04-03T15:11:31.974+0000] {processor.py:914} INFO - Processing file /home/hamza/Documents/project/Mlops/myenv/lib/python3.12/site-packages/airflow/example_dags/example_latest_only.py for tasks to queue
[2025-04-03T15:11:31.978+0000] {logging_mixin.py:190} INFO - [2025-04-03T15:11:31.977+0000] {dagbag.py:588} INFO - Filling up the DagBag from /home/hamza/Documents/project/Mlops/myenv/lib/python3.12/site-packages/airflow/example_dags/example_latest_only.py
[2025-04-03T15:11:31.991+0000] {processor.py:925} INFO - DAG(s) 'latest_only' retrieved from /home/hamza/Documents/project/Mlops/myenv/lib/python3.12/site-packages/airflow/example_dags/example_latest_only.py
[2025-04-03T15:11:32.017+0000] {logging_mixin.py:190} INFO - [2025-04-03T15:11:32.017+0000] {dag.py:3239} INFO - Sync 1 DAGs
[2025-04-03T15:11:32.056+0000] {logging_mixin.py:190} INFO - [2025-04-03T15:11:32.055+0000] {dag.py:4180} INFO - Setting next_dagrun for latest_only to 2025-04-03 08:00:00+00:00, run_after=2025-04-03 12:00:00+00:00
[2025-04-03T15:11:32.101+0000] {processor.py:208} INFO - Processing /home/hamza/Documents/project/Mlops/myenv/lib/python3.12/site-packages/airflow/example_dags/example_latest_only.py took 0.138 seconds
[2025-04-03T15:13:07.782+0000] {processor.py:186} INFO - Started process (PID=38831) to work on /home/hamza/Documents/project/Mlops/myenv/lib/python3.12/site-packages/airflow/example_dags/example_latest_only.py
[2025-04-03T15:13:07.784+0000] {processor.py:914} INFO - Processing file /home/hamza/Documents/project/Mlops/myenv/lib/python3.12/site-packages/airflow/example_dags/example_latest_only.py for tasks to queue
[2025-04-03T15:13:07.789+0000] {logging_mixin.py:190} INFO - [2025-04-03T15:13:07.788+0000] {dagbag.py:588} INFO - Filling up the DagBag from /home/hamza/Documents/project/Mlops/myenv/lib/python3.12/site-packages/airflow/example_dags/example_latest_only.py
[2025-04-03T15:13:07.803+0000] {processor.py:925} INFO - DAG(s) 'latest_only' retrieved from /home/hamza/Documents/project/Mlops/myenv/lib/python3.12/site-packages/airflow/example_dags/example_latest_only.py
[2025-04-03T15:13:07.830+0000] {logging_mixin.py:190} INFO - [2025-04-03T15:13:07.830+0000] {dag.py:3239} INFO - Sync 1 DAGs
[2025-04-03T15:13:07.866+0000] {logging_mixin.py:190} INFO - [2025-04-03T15:13:07.866+0000] {dag.py:4180} INFO - Setting next_dagrun for latest_only to 2025-04-03 08:00:00+00:00, run_after=2025-04-03 12:00:00+00:00
[2025-04-03T15:13:07.904+0000] {processor.py:208} INFO - Processing /home/hamza/Documents/project/Mlops/myenv/lib/python3.12/site-packages/airflow/example_dags/example_latest_only.py took 0.132 seconds
[2025-04-03T15:14:41.767+0000] {processor.py:186} INFO - Started process (PID=39717) to work on /home/hamza/Documents/project/Mlops/myenv/lib/python3.12/site-packages/airflow/example_dags/example_latest_only.py
[2025-04-03T15:14:41.770+0000] {processor.py:914} INFO - Processing file /home/hamza/Documents/project/Mlops/myenv/lib/python3.12/site-packages/airflow/example_dags/example_latest_only.py for tasks to queue
[2025-04-03T15:14:41.774+0000] {logging_mixin.py:190} INFO - [2025-04-03T15:14:41.773+0000] {dagbag.py:588} INFO - Filling up the DagBag from /home/hamza/Documents/project/Mlops/myenv/lib/python3.12/site-packages/airflow/example_dags/example_latest_only.py
[2025-04-03T15:14:41.786+0000] {processor.py:925} INFO - DAG(s) 'latest_only' retrieved from /home/hamza/Documents/project/Mlops/myenv/lib/python3.12/site-packages/airflow/example_dags/example_latest_only.py
[2025-04-03T15:14:41.812+0000] {logging_mixin.py:190} INFO - [2025-04-03T15:14:41.812+0000] {dag.py:3239} INFO - Sync 1 DAGs
[2025-04-03T15:14:41.851+0000] {logging_mixin.py:190} INFO - [2025-04-03T15:14:41.851+0000] {dag.py:4180} INFO - Setting next_dagrun for latest_only to 2025-04-03 08:00:00+00:00, run_after=2025-04-03 12:00:00+00:00
[2025-04-03T15:14:41.885+0000] {processor.py:208} INFO - Processing /home/hamza/Documents/project/Mlops/myenv/lib/python3.12/site-packages/airflow/example_dags/example_latest_only.py took 0.126 seconds
[2025-04-03T15:16:20.917+0000] {processor.py:186} INFO - Started process (PID=40728) to work on /home/hamza/Documents/project/Mlops/myenv/lib/python3.12/site-packages/airflow/example_dags/example_latest_only.py
[2025-04-03T15:16:20.920+0000] {processor.py:914} INFO - Processing file /home/hamza/Documents/project/Mlops/myenv/lib/python3.12/site-packages/airflow/example_dags/example_latest_only.py for tasks to queue
[2025-04-03T15:16:20.924+0000] {logging_mixin.py:190} INFO - [2025-04-03T15:16:20.923+0000] {dagbag.py:588} INFO - Filling up the DagBag from /home/hamza/Documents/project/Mlops/myenv/lib/python3.12/site-packages/airflow/example_dags/example_latest_only.py
[2025-04-03T15:16:20.936+0000] {processor.py:925} INFO - DAG(s) 'latest_only' retrieved from /home/hamza/Documents/project/Mlops/myenv/lib/python3.12/site-packages/airflow/example_dags/example_latest_only.py
[2025-04-03T15:16:20.961+0000] {logging_mixin.py:190} INFO - [2025-04-03T15:16:20.960+0000] {dag.py:3239} INFO - Sync 1 DAGs
[2025-04-03T15:16:20.992+0000] {logging_mixin.py:190} INFO - [2025-04-03T15:16:20.991+0000] {dag.py:4180} INFO - Setting next_dagrun for latest_only to 2025-04-03 08:00:00+00:00, run_after=2025-04-03 12:00:00+00:00
[2025-04-03T15:16:21.022+0000] {processor.py:208} INFO - Processing /home/hamza/Documents/project/Mlops/myenv/lib/python3.12/site-packages/airflow/example_dags/example_latest_only.py took 0.113 seconds
[2025-04-03T15:18:00.840+0000] {processor.py:186} INFO - Started process (PID=41757) to work on /home/hamza/Documents/project/Mlops/myenv/lib/python3.12/site-packages/airflow/example_dags/example_latest_only.py
[2025-04-03T15:18:00.843+0000] {processor.py:914} INFO - Processing file /home/hamza/Documents/project/Mlops/myenv/lib/python3.12/site-packages/airflow/example_dags/example_latest_only.py for tasks to queue
[2025-04-03T15:18:00.847+0000] {logging_mixin.py:190} INFO - [2025-04-03T15:18:00.846+0000] {dagbag.py:588} INFO - Filling up the DagBag from /home/hamza/Documents/project/Mlops/myenv/lib/python3.12/site-packages/airflow/example_dags/example_latest_only.py
[2025-04-03T15:18:00.859+0000] {processor.py:925} INFO - DAG(s) 'latest_only' retrieved from /home/hamza/Documents/project/Mlops/myenv/lib/python3.12/site-packages/airflow/example_dags/example_latest_only.py
[2025-04-03T15:18:00.884+0000] {logging_mixin.py:190} INFO - [2025-04-03T15:18:00.883+0000] {dag.py:3239} INFO - Sync 1 DAGs
[2025-04-03T15:18:00.915+0000] {logging_mixin.py:190} INFO - [2025-04-03T15:18:00.915+0000] {dag.py:4180} INFO - Setting next_dagrun for latest_only to 2025-04-03 08:00:00+00:00, run_after=2025-04-03 12:00:00+00:00
[2025-04-03T15:18:00.948+0000] {processor.py:208} INFO - Processing /home/hamza/Documents/project/Mlops/myenv/lib/python3.12/site-packages/airflow/example_dags/example_latest_only.py took 0.117 seconds
[2025-04-03T15:19:31.810+0000] {processor.py:186} INFO - Started process (PID=42795) to work on /home/hamza/Documents/project/Mlops/myenv/lib/python3.12/site-packages/airflow/example_dags/example_latest_only.py
[2025-04-03T15:19:31.813+0000] {processor.py:914} INFO - Processing file /home/hamza/Documents/project/Mlops/myenv/lib/python3.12/site-packages/airflow/example_dags/example_latest_only.py for tasks to queue
[2025-04-03T15:19:31.816+0000] {logging_mixin.py:190} INFO - [2025-04-03T15:19:31.816+0000] {dagbag.py:588} INFO - Filling up the DagBag from /home/hamza/Documents/project/Mlops/myenv/lib/python3.12/site-packages/airflow/example_dags/example_latest_only.py
[2025-04-03T15:19:31.829+0000] {processor.py:925} INFO - DAG(s) 'latest_only' retrieved from /home/hamza/Documents/project/Mlops/myenv/lib/python3.12/site-packages/airflow/example_dags/example_latest_only.py
[2025-04-03T15:19:31.854+0000] {logging_mixin.py:190} INFO - [2025-04-03T15:19:31.853+0000] {dag.py:3239} INFO - Sync 1 DAGs
[2025-04-03T15:19:31.885+0000] {logging_mixin.py:190} INFO - [2025-04-03T15:19:31.885+0000] {dag.py:4180} INFO - Setting next_dagrun for latest_only to 2025-04-03 08:00:00+00:00, run_after=2025-04-03 12:00:00+00:00
[2025-04-03T15:19:31.917+0000] {processor.py:208} INFO - Processing /home/hamza/Documents/project/Mlops/myenv/lib/python3.12/site-packages/airflow/example_dags/example_latest_only.py took 0.115 seconds
[2025-04-03T15:21:00.609+0000] {processor.py:186} INFO - Started process (PID=43662) to work on /home/hamza/Documents/project/Mlops/myenv/lib/python3.12/site-packages/airflow/example_dags/example_latest_only.py
[2025-04-03T15:21:00.612+0000] {processor.py:914} INFO - Processing file /home/hamza/Documents/project/Mlops/myenv/lib/python3.12/site-packages/airflow/example_dags/example_latest_only.py for tasks to queue
[2025-04-03T15:21:00.616+0000] {logging_mixin.py:190} INFO - [2025-04-03T15:21:00.615+0000] {dagbag.py:588} INFO - Filling up the DagBag from /home/hamza/Documents/project/Mlops/myenv/lib/python3.12/site-packages/airflow/example_dags/example_latest_only.py
[2025-04-03T15:21:00.628+0000] {processor.py:925} INFO - DAG(s) 'latest_only' retrieved from /home/hamza/Documents/project/Mlops/myenv/lib/python3.12/site-packages/airflow/example_dags/example_latest_only.py
[2025-04-03T15:21:00.654+0000] {logging_mixin.py:190} INFO - [2025-04-03T15:21:00.654+0000] {dag.py:3239} INFO - Sync 1 DAGs
[2025-04-03T15:21:00.686+0000] {logging_mixin.py:190} INFO - [2025-04-03T15:21:00.686+0000] {dag.py:4180} INFO - Setting next_dagrun for latest_only to 2025-04-03 08:00:00+00:00, run_after=2025-04-03 12:00:00+00:00
[2025-04-03T15:21:00.720+0000] {processor.py:208} INFO - Processing /home/hamza/Documents/project/Mlops/myenv/lib/python3.12/site-packages/airflow/example_dags/example_latest_only.py took 0.119 seconds
[2025-04-03T15:22:39.130+0000] {processor.py:186} INFO - Started process (PID=44588) to work on /home/hamza/Documents/project/Mlops/myenv/lib/python3.12/site-packages/airflow/example_dags/example_latest_only.py
[2025-04-03T15:22:39.132+0000] {processor.py:914} INFO - Processing file /home/hamza/Documents/project/Mlops/myenv/lib/python3.12/site-packages/airflow/example_dags/example_latest_only.py for tasks to queue
[2025-04-03T15:22:39.135+0000] {logging_mixin.py:190} INFO - [2025-04-03T15:22:39.135+0000] {dagbag.py:588} INFO - Filling up the DagBag from /home/hamza/Documents/project/Mlops/myenv/lib/python3.12/site-packages/airflow/example_dags/example_latest_only.py
[2025-04-03T15:22:39.148+0000] {processor.py:925} INFO - DAG(s) 'latest_only' retrieved from /home/hamza/Documents/project/Mlops/myenv/lib/python3.12/site-packages/airflow/example_dags/example_latest_only.py
[2025-04-03T15:22:39.173+0000] {logging_mixin.py:190} INFO - [2025-04-03T15:22:39.172+0000] {dag.py:3239} INFO - Sync 1 DAGs
[2025-04-03T15:22:39.205+0000] {logging_mixin.py:190} INFO - [2025-04-03T15:22:39.204+0000] {dag.py:4180} INFO - Setting next_dagrun for latest_only to 2025-04-03 08:00:00+00:00, run_after=2025-04-03 12:00:00+00:00
[2025-04-03T15:22:39.321+0000] {processor.py:208} INFO - Processing /home/hamza/Documents/project/Mlops/myenv/lib/python3.12/site-packages/airflow/example_dags/example_latest_only.py took 0.200 seconds
[2025-04-03T15:24:14.227+0000] {processor.py:186} INFO - Started process (PID=45527) to work on /home/hamza/Documents/project/Mlops/myenv/lib/python3.12/site-packages/airflow/example_dags/example_latest_only.py
[2025-04-03T15:24:14.229+0000] {processor.py:914} INFO - Processing file /home/hamza/Documents/project/Mlops/myenv/lib/python3.12/site-packages/airflow/example_dags/example_latest_only.py for tasks to queue
[2025-04-03T15:24:14.233+0000] {logging_mixin.py:190} INFO - [2025-04-03T15:24:14.233+0000] {dagbag.py:588} INFO - Filling up the DagBag from /home/hamza/Documents/project/Mlops/myenv/lib/python3.12/site-packages/airflow/example_dags/example_latest_only.py
[2025-04-03T15:24:14.246+0000] {processor.py:925} INFO - DAG(s) 'latest_only' retrieved from /home/hamza/Documents/project/Mlops/myenv/lib/python3.12/site-packages/airflow/example_dags/example_latest_only.py
[2025-04-03T15:24:14.271+0000] {logging_mixin.py:190} INFO - [2025-04-03T15:24:14.271+0000] {dag.py:3239} INFO - Sync 1 DAGs
[2025-04-03T15:24:14.304+0000] {logging_mixin.py:190} INFO - [2025-04-03T15:24:14.303+0000] {dag.py:4180} INFO - Setting next_dagrun for latest_only to 2025-04-03 08:00:00+00:00, run_after=2025-04-03 12:00:00+00:00
[2025-04-03T15:24:14.336+0000] {processor.py:208} INFO - Processing /home/hamza/Documents/project/Mlops/myenv/lib/python3.12/site-packages/airflow/example_dags/example_latest_only.py took 0.118 seconds
[2025-04-03T15:25:45.283+0000] {processor.py:186} INFO - Started process (PID=46429) to work on /home/hamza/Documents/project/Mlops/myenv/lib/python3.12/site-packages/airflow/example_dags/example_latest_only.py
[2025-04-03T15:25:45.286+0000] {processor.py:914} INFO - Processing file /home/hamza/Documents/project/Mlops/myenv/lib/python3.12/site-packages/airflow/example_dags/example_latest_only.py for tasks to queue
[2025-04-03T15:25:45.290+0000] {logging_mixin.py:190} INFO - [2025-04-03T15:25:45.289+0000] {dagbag.py:588} INFO - Filling up the DagBag from /home/hamza/Documents/project/Mlops/myenv/lib/python3.12/site-packages/airflow/example_dags/example_latest_only.py
[2025-04-03T15:25:45.302+0000] {processor.py:925} INFO - DAG(s) 'latest_only' retrieved from /home/hamza/Documents/project/Mlops/myenv/lib/python3.12/site-packages/airflow/example_dags/example_latest_only.py
[2025-04-03T15:25:45.328+0000] {logging_mixin.py:190} INFO - [2025-04-03T15:25:45.327+0000] {dag.py:3239} INFO - Sync 1 DAGs
[2025-04-03T15:25:45.359+0000] {logging_mixin.py:190} INFO - [2025-04-03T15:25:45.359+0000] {dag.py:4180} INFO - Setting next_dagrun for latest_only to 2025-04-03 08:00:00+00:00, run_after=2025-04-03 12:00:00+00:00
[2025-04-03T15:25:45.390+0000] {processor.py:208} INFO - Processing /home/hamza/Documents/project/Mlops/myenv/lib/python3.12/site-packages/airflow/example_dags/example_latest_only.py took 0.117 seconds
[2025-04-03T16:31:32.112+0000] {processor.py:186} INFO - Started process (PID=82844) to work on /home/hamza/Documents/project/Mlops/myenv/lib/python3.12/site-packages/airflow/example_dags/example_latest_only.py
[2025-04-03T16:31:32.114+0000] {processor.py:914} INFO - Processing file /home/hamza/Documents/project/Mlops/myenv/lib/python3.12/site-packages/airflow/example_dags/example_latest_only.py for tasks to queue
[2025-04-03T16:31:32.118+0000] {logging_mixin.py:190} INFO - [2025-04-03T16:31:32.117+0000] {dagbag.py:588} INFO - Filling up the DagBag from /home/hamza/Documents/project/Mlops/myenv/lib/python3.12/site-packages/airflow/example_dags/example_latest_only.py
[2025-04-03T16:31:32.136+0000] {processor.py:925} INFO - DAG(s) 'latest_only' retrieved from /home/hamza/Documents/project/Mlops/myenv/lib/python3.12/site-packages/airflow/example_dags/example_latest_only.py
[2025-04-03T16:31:32.171+0000] {logging_mixin.py:190} INFO - [2025-04-03T16:31:32.170+0000] {dag.py:3239} INFO - Sync 1 DAGs
[2025-04-03T16:31:32.210+0000] {logging_mixin.py:190} INFO - [2025-04-03T16:31:32.210+0000] {dag.py:4180} INFO - Setting next_dagrun for latest_only to 2025-04-03 12:00:00+00:00, run_after=2025-04-03 16:00:00+00:00
[2025-04-03T16:31:32.249+0000] {processor.py:208} INFO - Processing /home/hamza/Documents/project/Mlops/myenv/lib/python3.12/site-packages/airflow/example_dags/example_latest_only.py took 0.147 seconds
[2025-04-03T16:34:14.255+0000] {processor.py:186} INFO - Started process (PID=84367) to work on /home/hamza/Documents/project/Mlops/myenv/lib/python3.12/site-packages/airflow/example_dags/example_latest_only.py
[2025-04-03T16:34:14.257+0000] {processor.py:914} INFO - Processing file /home/hamza/Documents/project/Mlops/myenv/lib/python3.12/site-packages/airflow/example_dags/example_latest_only.py for tasks to queue
[2025-04-03T16:34:14.268+0000] {logging_mixin.py:190} INFO - [2025-04-03T16:34:14.267+0000] {dagbag.py:588} INFO - Filling up the DagBag from /home/hamza/Documents/project/Mlops/myenv/lib/python3.12/site-packages/airflow/example_dags/example_latest_only.py
[2025-04-03T16:34:14.317+0000] {processor.py:925} INFO - DAG(s) 'latest_only' retrieved from /home/hamza/Documents/project/Mlops/myenv/lib/python3.12/site-packages/airflow/example_dags/example_latest_only.py
[2025-04-03T16:34:14.358+0000] {logging_mixin.py:190} INFO - [2025-04-03T16:34:14.358+0000] {dag.py:3239} INFO - Sync 1 DAGs
[2025-04-03T16:34:14.405+0000] {logging_mixin.py:190} INFO - [2025-04-03T16:34:14.405+0000] {dag.py:4180} INFO - Setting next_dagrun for latest_only to 2025-04-03 12:00:00+00:00, run_after=2025-04-03 16:00:00+00:00
[2025-04-03T16:34:14.452+0000] {processor.py:208} INFO - Processing /home/hamza/Documents/project/Mlops/myenv/lib/python3.12/site-packages/airflow/example_dags/example_latest_only.py took 0.212 seconds
[2025-04-03T16:35:43.818+0000] {processor.py:186} INFO - Started process (PID=85118) to work on /home/hamza/Documents/project/Mlops/myenv/lib/python3.12/site-packages/airflow/example_dags/example_latest_only.py
[2025-04-03T16:35:43.820+0000] {processor.py:914} INFO - Processing file /home/hamza/Documents/project/Mlops/myenv/lib/python3.12/site-packages/airflow/example_dags/example_latest_only.py for tasks to queue
[2025-04-03T16:35:43.825+0000] {logging_mixin.py:190} INFO - [2025-04-03T16:35:43.824+0000] {dagbag.py:588} INFO - Filling up the DagBag from /home/hamza/Documents/project/Mlops/myenv/lib/python3.12/site-packages/airflow/example_dags/example_latest_only.py
[2025-04-03T16:35:43.841+0000] {processor.py:925} INFO - DAG(s) 'latest_only' retrieved from /home/hamza/Documents/project/Mlops/myenv/lib/python3.12/site-packages/airflow/example_dags/example_latest_only.py
[2025-04-03T16:35:43.869+0000] {logging_mixin.py:190} INFO - [2025-04-03T16:35:43.868+0000] {dag.py:3239} INFO - Sync 1 DAGs
[2025-04-03T16:35:43.910+0000] {logging_mixin.py:190} INFO - [2025-04-03T16:35:43.909+0000] {dag.py:4180} INFO - Setting next_dagrun for latest_only to 2025-04-03 12:00:00+00:00, run_after=2025-04-03 16:00:00+00:00
[2025-04-03T16:35:43.957+0000] {processor.py:208} INFO - Processing /home/hamza/Documents/project/Mlops/myenv/lib/python3.12/site-packages/airflow/example_dags/example_latest_only.py took 0.149 seconds
[2025-04-03T16:37:17.699+0000] {processor.py:186} INFO - Started process (PID=85908) to work on /home/hamza/Documents/project/Mlops/myenv/lib/python3.12/site-packages/airflow/example_dags/example_latest_only.py
[2025-04-03T16:37:17.700+0000] {processor.py:914} INFO - Processing file /home/hamza/Documents/project/Mlops/myenv/lib/python3.12/site-packages/airflow/example_dags/example_latest_only.py for tasks to queue
[2025-04-03T16:37:17.705+0000] {logging_mixin.py:190} INFO - [2025-04-03T16:37:17.704+0000] {dagbag.py:588} INFO - Filling up the DagBag from /home/hamza/Documents/project/Mlops/myenv/lib/python3.12/site-packages/airflow/example_dags/example_latest_only.py
[2025-04-03T16:37:17.718+0000] {processor.py:925} INFO - DAG(s) 'latest_only' retrieved from /home/hamza/Documents/project/Mlops/myenv/lib/python3.12/site-packages/airflow/example_dags/example_latest_only.py
[2025-04-03T16:37:17.746+0000] {logging_mixin.py:190} INFO - [2025-04-03T16:37:17.746+0000] {dag.py:3239} INFO - Sync 1 DAGs
[2025-04-03T16:37:17.784+0000] {logging_mixin.py:190} INFO - [2025-04-03T16:37:17.783+0000] {dag.py:4180} INFO - Setting next_dagrun for latest_only to 2025-04-03 12:00:00+00:00, run_after=2025-04-03 16:00:00+00:00
[2025-04-03T16:37:17.826+0000] {processor.py:208} INFO - Processing /home/hamza/Documents/project/Mlops/myenv/lib/python3.12/site-packages/airflow/example_dags/example_latest_only.py took 0.137 seconds
[2025-04-03T16:38:47.765+0000] {processor.py:186} INFO - Started process (PID=86743) to work on /home/hamza/Documents/project/Mlops/myenv/lib/python3.12/site-packages/airflow/example_dags/example_latest_only.py
[2025-04-03T16:38:47.766+0000] {processor.py:914} INFO - Processing file /home/hamza/Documents/project/Mlops/myenv/lib/python3.12/site-packages/airflow/example_dags/example_latest_only.py for tasks to queue
[2025-04-03T16:38:47.771+0000] {logging_mixin.py:190} INFO - [2025-04-03T16:38:47.770+0000] {dagbag.py:588} INFO - Filling up the DagBag from /home/hamza/Documents/project/Mlops/myenv/lib/python3.12/site-packages/airflow/example_dags/example_latest_only.py
[2025-04-03T16:38:47.786+0000] {processor.py:925} INFO - DAG(s) 'latest_only' retrieved from /home/hamza/Documents/project/Mlops/myenv/lib/python3.12/site-packages/airflow/example_dags/example_latest_only.py
[2025-04-03T16:38:47.819+0000] {logging_mixin.py:190} INFO - [2025-04-03T16:38:47.818+0000] {dag.py:3239} INFO - Sync 1 DAGs
[2025-04-03T16:38:47.856+0000] {logging_mixin.py:190} INFO - [2025-04-03T16:38:47.856+0000] {dag.py:4180} INFO - Setting next_dagrun for latest_only to 2025-04-03 12:00:00+00:00, run_after=2025-04-03 16:00:00+00:00
[2025-04-03T16:38:47.894+0000] {processor.py:208} INFO - Processing /home/hamza/Documents/project/Mlops/myenv/lib/python3.12/site-packages/airflow/example_dags/example_latest_only.py took 0.140 seconds
[2025-04-03T16:40:19.354+0000] {processor.py:186} INFO - Started process (PID=87959) to work on /home/hamza/Documents/project/Mlops/myenv/lib/python3.12/site-packages/airflow/example_dags/example_latest_only.py
[2025-04-03T16:40:19.356+0000] {processor.py:914} INFO - Processing file /home/hamza/Documents/project/Mlops/myenv/lib/python3.12/site-packages/airflow/example_dags/example_latest_only.py for tasks to queue
[2025-04-03T16:40:19.360+0000] {logging_mixin.py:190} INFO - [2025-04-03T16:40:19.359+0000] {dagbag.py:588} INFO - Filling up the DagBag from /home/hamza/Documents/project/Mlops/myenv/lib/python3.12/site-packages/airflow/example_dags/example_latest_only.py
[2025-04-03T16:40:19.373+0000] {processor.py:925} INFO - DAG(s) 'latest_only' retrieved from /home/hamza/Documents/project/Mlops/myenv/lib/python3.12/site-packages/airflow/example_dags/example_latest_only.py
[2025-04-03T16:40:19.400+0000] {logging_mixin.py:190} INFO - [2025-04-03T16:40:19.400+0000] {dag.py:3239} INFO - Sync 1 DAGs
[2025-04-03T16:40:19.435+0000] {logging_mixin.py:190} INFO - [2025-04-03T16:40:19.435+0000] {dag.py:4180} INFO - Setting next_dagrun for latest_only to 2025-04-03 12:00:00+00:00, run_after=2025-04-03 16:00:00+00:00
[2025-04-03T16:40:19.472+0000] {processor.py:208} INFO - Processing /home/hamza/Documents/project/Mlops/myenv/lib/python3.12/site-packages/airflow/example_dags/example_latest_only.py took 0.128 seconds
[2025-04-03T16:41:58.030+0000] {processor.py:186} INFO - Started process (PID=88879) to work on /home/hamza/Documents/project/Mlops/myenv/lib/python3.12/site-packages/airflow/example_dags/example_latest_only.py
[2025-04-03T16:41:58.031+0000] {processor.py:914} INFO - Processing file /home/hamza/Documents/project/Mlops/myenv/lib/python3.12/site-packages/airflow/example_dags/example_latest_only.py for tasks to queue
[2025-04-03T16:41:58.035+0000] {logging_mixin.py:190} INFO - [2025-04-03T16:41:58.034+0000] {dagbag.py:588} INFO - Filling up the DagBag from /home/hamza/Documents/project/Mlops/myenv/lib/python3.12/site-packages/airflow/example_dags/example_latest_only.py
[2025-04-03T16:41:58.048+0000] {processor.py:925} INFO - DAG(s) 'latest_only' retrieved from /home/hamza/Documents/project/Mlops/myenv/lib/python3.12/site-packages/airflow/example_dags/example_latest_only.py
[2025-04-03T16:41:58.075+0000] {logging_mixin.py:190} INFO - [2025-04-03T16:41:58.074+0000] {dag.py:3239} INFO - Sync 1 DAGs
[2025-04-03T16:41:58.109+0000] {logging_mixin.py:190} INFO - [2025-04-03T16:41:58.109+0000] {dag.py:4180} INFO - Setting next_dagrun for latest_only to 2025-04-03 12:00:00+00:00, run_after=2025-04-03 16:00:00+00:00
[2025-04-03T16:41:58.150+0000] {processor.py:208} INFO - Processing /home/hamza/Documents/project/Mlops/myenv/lib/python3.12/site-packages/airflow/example_dags/example_latest_only.py took 0.130 seconds
[2025-04-03T16:43:31.368+0000] {processor.py:186} INFO - Started process (PID=89601) to work on /home/hamza/Documents/project/Mlops/myenv/lib/python3.12/site-packages/airflow/example_dags/example_latest_only.py
[2025-04-03T16:43:31.370+0000] {processor.py:914} INFO - Processing file /home/hamza/Documents/project/Mlops/myenv/lib/python3.12/site-packages/airflow/example_dags/example_latest_only.py for tasks to queue
[2025-04-03T16:43:31.375+0000] {logging_mixin.py:190} INFO - [2025-04-03T16:43:31.374+0000] {dagbag.py:588} INFO - Filling up the DagBag from /home/hamza/Documents/project/Mlops/myenv/lib/python3.12/site-packages/airflow/example_dags/example_latest_only.py
[2025-04-03T16:43:31.389+0000] {processor.py:925} INFO - DAG(s) 'latest_only' retrieved from /home/hamza/Documents/project/Mlops/myenv/lib/python3.12/site-packages/airflow/example_dags/example_latest_only.py
[2025-04-03T16:43:31.415+0000] {logging_mixin.py:190} INFO - [2025-04-03T16:43:31.415+0000] {dag.py:3239} INFO - Sync 1 DAGs
[2025-04-03T16:43:31.452+0000] {logging_mixin.py:190} INFO - [2025-04-03T16:43:31.452+0000] {dag.py:4180} INFO - Setting next_dagrun for latest_only to 2025-04-03 12:00:00+00:00, run_after=2025-04-03 16:00:00+00:00
[2025-04-03T16:43:31.493+0000] {processor.py:208} INFO - Processing /home/hamza/Documents/project/Mlops/myenv/lib/python3.12/site-packages/airflow/example_dags/example_latest_only.py took 0.135 seconds
[2025-04-03T16:45:08.620+0000] {processor.py:186} INFO - Started process (PID=90385) to work on /home/hamza/Documents/project/Mlops/myenv/lib/python3.12/site-packages/airflow/example_dags/example_latest_only.py
[2025-04-03T16:45:08.622+0000] {processor.py:914} INFO - Processing file /home/hamza/Documents/project/Mlops/myenv/lib/python3.12/site-packages/airflow/example_dags/example_latest_only.py for tasks to queue
[2025-04-03T16:45:08.626+0000] {logging_mixin.py:190} INFO - [2025-04-03T16:45:08.625+0000] {dagbag.py:588} INFO - Filling up the DagBag from /home/hamza/Documents/project/Mlops/myenv/lib/python3.12/site-packages/airflow/example_dags/example_latest_only.py
[2025-04-03T16:45:08.639+0000] {processor.py:925} INFO - DAG(s) 'latest_only' retrieved from /home/hamza/Documents/project/Mlops/myenv/lib/python3.12/site-packages/airflow/example_dags/example_latest_only.py
[2025-04-03T16:45:08.666+0000] {logging_mixin.py:190} INFO - [2025-04-03T16:45:08.665+0000] {dag.py:3239} INFO - Sync 1 DAGs
[2025-04-03T16:45:08.701+0000] {logging_mixin.py:190} INFO - [2025-04-03T16:45:08.701+0000] {dag.py:4180} INFO - Setting next_dagrun for latest_only to 2025-04-03 12:00:00+00:00, run_after=2025-04-03 16:00:00+00:00
[2025-04-03T16:45:08.742+0000] {processor.py:208} INFO - Processing /home/hamza/Documents/project/Mlops/myenv/lib/python3.12/site-packages/airflow/example_dags/example_latest_only.py took 0.131 seconds
[2025-04-03T16:46:42.255+0000] {processor.py:186} INFO - Started process (PID=91211) to work on /home/hamza/Documents/project/Mlops/myenv/lib/python3.12/site-packages/airflow/example_dags/example_latest_only.py
[2025-04-03T16:46:42.256+0000] {processor.py:914} INFO - Processing file /home/hamza/Documents/project/Mlops/myenv/lib/python3.12/site-packages/airflow/example_dags/example_latest_only.py for tasks to queue
[2025-04-03T16:46:42.260+0000] {logging_mixin.py:190} INFO - [2025-04-03T16:46:42.259+0000] {dagbag.py:588} INFO - Filling up the DagBag from /home/hamza/Documents/project/Mlops/myenv/lib/python3.12/site-packages/airflow/example_dags/example_latest_only.py
[2025-04-03T16:46:42.273+0000] {processor.py:925} INFO - DAG(s) 'latest_only' retrieved from /home/hamza/Documents/project/Mlops/myenv/lib/python3.12/site-packages/airflow/example_dags/example_latest_only.py
[2025-04-03T16:46:42.300+0000] {logging_mixin.py:190} INFO - [2025-04-03T16:46:42.299+0000] {dag.py:3239} INFO - Sync 1 DAGs
[2025-04-03T16:46:42.335+0000] {logging_mixin.py:190} INFO - [2025-04-03T16:46:42.335+0000] {dag.py:4180} INFO - Setting next_dagrun for latest_only to 2025-04-03 12:00:00+00:00, run_after=2025-04-03 16:00:00+00:00
[2025-04-03T16:46:42.374+0000] {processor.py:208} INFO - Processing /home/hamza/Documents/project/Mlops/myenv/lib/python3.12/site-packages/airflow/example_dags/example_latest_only.py took 0.127 seconds
[2025-04-03T16:48:20.658+0000] {processor.py:186} INFO - Started process (PID=92069) to work on /home/hamza/Documents/project/Mlops/myenv/lib/python3.12/site-packages/airflow/example_dags/example_latest_only.py
[2025-04-03T16:48:20.661+0000] {processor.py:914} INFO - Processing file /home/hamza/Documents/project/Mlops/myenv/lib/python3.12/site-packages/airflow/example_dags/example_latest_only.py for tasks to queue
[2025-04-03T16:48:20.665+0000] {logging_mixin.py:190} INFO - [2025-04-03T16:48:20.664+0000] {dagbag.py:588} INFO - Filling up the DagBag from /home/hamza/Documents/project/Mlops/myenv/lib/python3.12/site-packages/airflow/example_dags/example_latest_only.py
[2025-04-03T16:48:20.678+0000] {processor.py:925} INFO - DAG(s) 'latest_only' retrieved from /home/hamza/Documents/project/Mlops/myenv/lib/python3.12/site-packages/airflow/example_dags/example_latest_only.py
[2025-04-03T16:48:20.704+0000] {logging_mixin.py:190} INFO - [2025-04-03T16:48:20.703+0000] {dag.py:3239} INFO - Sync 1 DAGs
[2025-04-03T16:48:20.737+0000] {logging_mixin.py:190} INFO - [2025-04-03T16:48:20.736+0000] {dag.py:4180} INFO - Setting next_dagrun for latest_only to 2025-04-03 12:00:00+00:00, run_after=2025-04-03 16:00:00+00:00
[2025-04-03T16:48:20.773+0000] {processor.py:208} INFO - Processing /home/hamza/Documents/project/Mlops/myenv/lib/python3.12/site-packages/airflow/example_dags/example_latest_only.py took 0.124 seconds
[2025-04-03T16:50:00.063+0000] {processor.py:186} INFO - Started process (PID=92923) to work on /home/hamza/Documents/project/Mlops/myenv/lib/python3.12/site-packages/airflow/example_dags/example_latest_only.py
[2025-04-03T16:50:00.064+0000] {processor.py:914} INFO - Processing file /home/hamza/Documents/project/Mlops/myenv/lib/python3.12/site-packages/airflow/example_dags/example_latest_only.py for tasks to queue
[2025-04-03T16:50:00.069+0000] {logging_mixin.py:190} INFO - [2025-04-03T16:50:00.068+0000] {dagbag.py:588} INFO - Filling up the DagBag from /home/hamza/Documents/project/Mlops/myenv/lib/python3.12/site-packages/airflow/example_dags/example_latest_only.py
[2025-04-03T16:50:00.081+0000] {processor.py:925} INFO - DAG(s) 'latest_only' retrieved from /home/hamza/Documents/project/Mlops/myenv/lib/python3.12/site-packages/airflow/example_dags/example_latest_only.py
[2025-04-03T16:50:00.107+0000] {logging_mixin.py:190} INFO - [2025-04-03T16:50:00.107+0000] {dag.py:3239} INFO - Sync 1 DAGs
[2025-04-03T16:50:00.142+0000] {logging_mixin.py:190} INFO - [2025-04-03T16:50:00.141+0000] {dag.py:4180} INFO - Setting next_dagrun for latest_only to 2025-04-03 12:00:00+00:00, run_after=2025-04-03 16:00:00+00:00
[2025-04-03T16:50:00.178+0000] {processor.py:208} INFO - Processing /home/hamza/Documents/project/Mlops/myenv/lib/python3.12/site-packages/airflow/example_dags/example_latest_only.py took 0.125 seconds
[2025-04-03T16:51:37.847+0000] {processor.py:186} INFO - Started process (PID=93737) to work on /home/hamza/Documents/project/Mlops/myenv/lib/python3.12/site-packages/airflow/example_dags/example_latest_only.py
[2025-04-03T16:51:37.849+0000] {processor.py:914} INFO - Processing file /home/hamza/Documents/project/Mlops/myenv/lib/python3.12/site-packages/airflow/example_dags/example_latest_only.py for tasks to queue
[2025-04-03T16:51:37.853+0000] {logging_mixin.py:190} INFO - [2025-04-03T16:51:37.852+0000] {dagbag.py:588} INFO - Filling up the DagBag from /home/hamza/Documents/project/Mlops/myenv/lib/python3.12/site-packages/airflow/example_dags/example_latest_only.py
[2025-04-03T16:51:37.866+0000] {processor.py:925} INFO - DAG(s) 'latest_only' retrieved from /home/hamza/Documents/project/Mlops/myenv/lib/python3.12/site-packages/airflow/example_dags/example_latest_only.py
[2025-04-03T16:51:37.895+0000] {logging_mixin.py:190} INFO - [2025-04-03T16:51:37.894+0000] {dag.py:3239} INFO - Sync 1 DAGs
[2025-04-03T16:51:37.931+0000] {logging_mixin.py:190} INFO - [2025-04-03T16:51:37.931+0000] {dag.py:4180} INFO - Setting next_dagrun for latest_only to 2025-04-03 12:00:00+00:00, run_after=2025-04-03 16:00:00+00:00
[2025-04-03T16:51:37.973+0000] {processor.py:208} INFO - Processing /home/hamza/Documents/project/Mlops/myenv/lib/python3.12/site-packages/airflow/example_dags/example_latest_only.py took 0.136 seconds
[2025-04-03T16:53:17.584+0000] {processor.py:186} INFO - Started process (PID=94561) to work on /home/hamza/Documents/project/Mlops/myenv/lib/python3.12/site-packages/airflow/example_dags/example_latest_only.py
[2025-04-03T16:53:17.585+0000] {processor.py:914} INFO - Processing file /home/hamza/Documents/project/Mlops/myenv/lib/python3.12/site-packages/airflow/example_dags/example_latest_only.py for tasks to queue
[2025-04-03T16:53:17.589+0000] {logging_mixin.py:190} INFO - [2025-04-03T16:53:17.588+0000] {dagbag.py:588} INFO - Filling up the DagBag from /home/hamza/Documents/project/Mlops/myenv/lib/python3.12/site-packages/airflow/example_dags/example_latest_only.py
[2025-04-03T16:53:17.603+0000] {processor.py:925} INFO - DAG(s) 'latest_only' retrieved from /home/hamza/Documents/project/Mlops/myenv/lib/python3.12/site-packages/airflow/example_dags/example_latest_only.py
[2025-04-03T16:53:17.636+0000] {logging_mixin.py:190} INFO - [2025-04-03T16:53:17.636+0000] {dag.py:3239} INFO - Sync 1 DAGs
[2025-04-03T16:53:17.675+0000] {logging_mixin.py:190} INFO - [2025-04-03T16:53:17.675+0000] {dag.py:4180} INFO - Setting next_dagrun for latest_only to 2025-04-03 12:00:00+00:00, run_after=2025-04-03 16:00:00+00:00
[2025-04-03T16:53:17.724+0000] {processor.py:208} INFO - Processing /home/hamza/Documents/project/Mlops/myenv/lib/python3.12/site-packages/airflow/example_dags/example_latest_only.py took 0.151 seconds
[2025-04-03T16:54:57.667+0000] {processor.py:186} INFO - Started process (PID=95646) to work on /home/hamza/Documents/project/Mlops/myenv/lib/python3.12/site-packages/airflow/example_dags/example_latest_only.py
[2025-04-03T16:54:57.669+0000] {processor.py:914} INFO - Processing file /home/hamza/Documents/project/Mlops/myenv/lib/python3.12/site-packages/airflow/example_dags/example_latest_only.py for tasks to queue
[2025-04-03T16:54:57.673+0000] {logging_mixin.py:190} INFO - [2025-04-03T16:54:57.672+0000] {dagbag.py:588} INFO - Filling up the DagBag from /home/hamza/Documents/project/Mlops/myenv/lib/python3.12/site-packages/airflow/example_dags/example_latest_only.py
[2025-04-03T16:54:57.687+0000] {processor.py:925} INFO - DAG(s) 'latest_only' retrieved from /home/hamza/Documents/project/Mlops/myenv/lib/python3.12/site-packages/airflow/example_dags/example_latest_only.py
[2025-04-03T16:54:57.713+0000] {logging_mixin.py:190} INFO - [2025-04-03T16:54:57.713+0000] {dag.py:3239} INFO - Sync 1 DAGs
[2025-04-03T16:54:57.749+0000] {logging_mixin.py:190} INFO - [2025-04-03T16:54:57.749+0000] {dag.py:4180} INFO - Setting next_dagrun for latest_only to 2025-04-03 12:00:00+00:00, run_after=2025-04-03 16:00:00+00:00
[2025-04-03T16:54:57.785+0000] {processor.py:208} INFO - Processing /home/hamza/Documents/project/Mlops/myenv/lib/python3.12/site-packages/airflow/example_dags/example_latest_only.py took 0.128 seconds
