[2025-04-03T13:43:40.761+0000] {processor.py:186} INFO - Started process (PID=98473) to work on /home/hamza/Documents/project/Mlops/myenv/lib/python3.12/site-packages/airflow/example_dags/example_python_decorator.py
[2025-04-03T13:43:40.762+0000] {processor.py:914} INFO - Processing file /home/hamza/Documents/project/Mlops/myenv/lib/python3.12/site-packages/airflow/example_dags/example_python_decorator.py for tasks to queue
[2025-04-03T13:43:40.767+0000] {logging_mixin.py:190} INFO - [2025-04-03T13:43:40.766+0000] {dagbag.py:588} INFO - Filling up the DagBag from /home/hamza/Documents/project/Mlops/myenv/lib/python3.12/site-packages/airflow/example_dags/example_python_decorator.py
[2025-04-03T13:43:40.801+0000] {processor.py:925} INFO - DAG(s) 'example_python_decorator' retrieved from /home/hamza/Documents/project/Mlops/myenv/lib/python3.12/site-packages/airflow/example_dags/example_python_decorator.py
[2025-04-03T13:43:41.009+0000] {logging_mixin.py:190} INFO - [2025-04-03T13:43:41.008+0000] {override.py:1930} INFO - Created Permission View: can delete on DAG:example_python_decorator
[2025-04-03T13:43:41.033+0000] {logging_mixin.py:190} INFO - [2025-04-03T13:43:41.032+0000] {override.py:1930} INFO - Created Permission View: can read on DAG:example_python_decorator
[2025-04-03T13:43:41.046+0000] {logging_mixin.py:190} INFO - [2025-04-03T13:43:41.046+0000] {override.py:1930} INFO - Created Permission View: can edit on DAG:example_python_decorator
[2025-04-03T13:43:41.069+0000] {logging_mixin.py:190} INFO - [2025-04-03T13:43:41.068+0000] {override.py:1930} INFO - Created Permission View: can delete on DAG Run:example_python_decorator
[2025-04-03T13:43:41.084+0000] {logging_mixin.py:190} INFO - [2025-04-03T13:43:41.084+0000] {override.py:1930} INFO - Created Permission View: can read on DAG Run:example_python_decorator
[2025-04-03T13:43:41.100+0000] {logging_mixin.py:190} INFO - [2025-04-03T13:43:41.099+0000] {override.py:1930} INFO - Created Permission View: menu access on DAG Run:example_python_decorator
[2025-04-03T13:43:41.119+0000] {logging_mixin.py:190} INFO - [2025-04-03T13:43:41.118+0000] {override.py:1930} INFO - Created Permission View: can create on DAG Run:example_python_decorator
[2025-04-03T13:43:41.120+0000] {logging_mixin.py:190} INFO - [2025-04-03T13:43:41.119+0000] {dag.py:3239} INFO - Sync 1 DAGs
[2025-04-03T13:43:41.141+0000] {logging_mixin.py:190} INFO - [2025-04-03T13:43:41.141+0000] {dag.py:3262} INFO - Creating ORM DAG for example_python_decorator
[2025-04-03T13:43:41.143+0000] {logging_mixin.py:190} INFO - [2025-04-03T13:43:41.142+0000] {dag.py:4180} INFO - Setting next_dagrun for example_python_decorator to None, run_after=None
[2025-04-03T13:43:41.182+0000] {processor.py:208} INFO - Processing /home/hamza/Documents/project/Mlops/myenv/lib/python3.12/site-packages/airflow/example_dags/example_python_decorator.py took 0.432 seconds
[2025-04-03T13:44:54.341+0000] {processor.py:186} INFO - Started process (PID=99531) to work on /home/hamza/Documents/project/Mlops/myenv/lib/python3.12/site-packages/airflow/example_dags/example_python_decorator.py
[2025-04-03T13:44:54.347+0000] {processor.py:914} INFO - Processing file /home/hamza/Documents/project/Mlops/myenv/lib/python3.12/site-packages/airflow/example_dags/example_python_decorator.py for tasks to queue
[2025-04-03T13:44:54.351+0000] {logging_mixin.py:190} INFO - [2025-04-03T13:44:54.350+0000] {dagbag.py:588} INFO - Filling up the DagBag from /home/hamza/Documents/project/Mlops/myenv/lib/python3.12/site-packages/airflow/example_dags/example_python_decorator.py
[2025-04-03T13:44:54.382+0000] {processor.py:925} INFO - DAG(s) 'example_python_decorator' retrieved from /home/hamza/Documents/project/Mlops/myenv/lib/python3.12/site-packages/airflow/example_dags/example_python_decorator.py
[2025-04-03T13:44:54.414+0000] {logging_mixin.py:190} INFO - [2025-04-03T13:44:54.413+0000] {dag.py:3239} INFO - Sync 1 DAGs
[2025-04-03T13:44:54.437+0000] {logging_mixin.py:190} INFO - [2025-04-03T13:44:54.436+0000] {dag.py:4180} INFO - Setting next_dagrun for example_python_decorator to None, run_after=None
[2025-04-03T13:44:54.478+0000] {processor.py:208} INFO - Processing /home/hamza/Documents/project/Mlops/myenv/lib/python3.12/site-packages/airflow/example_dags/example_python_decorator.py took 0.149 seconds
[2025-04-03T13:46:00.894+0000] {processor.py:186} INFO - Started process (PID=100098) to work on /home/hamza/Documents/project/Mlops/myenv/lib/python3.12/site-packages/airflow/example_dags/example_python_decorator.py
[2025-04-03T13:46:00.897+0000] {processor.py:914} INFO - Processing file /home/hamza/Documents/project/Mlops/myenv/lib/python3.12/site-packages/airflow/example_dags/example_python_decorator.py for tasks to queue
[2025-04-03T13:46:00.901+0000] {logging_mixin.py:190} INFO - [2025-04-03T13:46:00.900+0000] {dagbag.py:588} INFO - Filling up the DagBag from /home/hamza/Documents/project/Mlops/myenv/lib/python3.12/site-packages/airflow/example_dags/example_python_decorator.py
[2025-04-03T13:46:00.939+0000] {processor.py:925} INFO - DAG(s) 'example_python_decorator' retrieved from /home/hamza/Documents/project/Mlops/myenv/lib/python3.12/site-packages/airflow/example_dags/example_python_decorator.py
[2025-04-03T13:46:00.973+0000] {logging_mixin.py:190} INFO - [2025-04-03T13:46:00.972+0000] {dag.py:3239} INFO - Sync 1 DAGs
[2025-04-03T13:46:00.997+0000] {logging_mixin.py:190} INFO - [2025-04-03T13:46:00.996+0000] {dag.py:4180} INFO - Setting next_dagrun for example_python_decorator to None, run_after=None
[2025-04-03T13:46:01.039+0000] {processor.py:208} INFO - Processing /home/hamza/Documents/project/Mlops/myenv/lib/python3.12/site-packages/airflow/example_dags/example_python_decorator.py took 0.155 seconds
[2025-04-03T13:47:08.733+0000] {processor.py:186} INFO - Started process (PID=100850) to work on /home/hamza/Documents/project/Mlops/myenv/lib/python3.12/site-packages/airflow/example_dags/example_python_decorator.py
[2025-04-03T13:47:08.736+0000] {processor.py:914} INFO - Processing file /home/hamza/Documents/project/Mlops/myenv/lib/python3.12/site-packages/airflow/example_dags/example_python_decorator.py for tasks to queue
[2025-04-03T13:47:08.740+0000] {logging_mixin.py:190} INFO - [2025-04-03T13:47:08.740+0000] {dagbag.py:588} INFO - Filling up the DagBag from /home/hamza/Documents/project/Mlops/myenv/lib/python3.12/site-packages/airflow/example_dags/example_python_decorator.py
[2025-04-03T13:47:08.767+0000] {processor.py:925} INFO - DAG(s) 'example_python_decorator' retrieved from /home/hamza/Documents/project/Mlops/myenv/lib/python3.12/site-packages/airflow/example_dags/example_python_decorator.py
[2025-04-03T13:47:08.797+0000] {logging_mixin.py:190} INFO - [2025-04-03T13:47:08.797+0000] {dag.py:3239} INFO - Sync 1 DAGs
[2025-04-03T13:47:08.818+0000] {logging_mixin.py:190} INFO - [2025-04-03T13:47:08.817+0000] {dag.py:4180} INFO - Setting next_dagrun for example_python_decorator to None, run_after=None
[2025-04-03T13:47:08.856+0000] {processor.py:208} INFO - Processing /home/hamza/Documents/project/Mlops/myenv/lib/python3.12/site-packages/airflow/example_dags/example_python_decorator.py took 0.132 seconds
[2025-04-03T13:48:16.780+0000] {processor.py:186} INFO - Started process (PID=101746) to work on /home/hamza/Documents/project/Mlops/myenv/lib/python3.12/site-packages/airflow/example_dags/example_python_decorator.py
[2025-04-03T13:48:16.783+0000] {processor.py:914} INFO - Processing file /home/hamza/Documents/project/Mlops/myenv/lib/python3.12/site-packages/airflow/example_dags/example_python_decorator.py for tasks to queue
[2025-04-03T13:48:16.786+0000] {logging_mixin.py:190} INFO - [2025-04-03T13:48:16.786+0000] {dagbag.py:588} INFO - Filling up the DagBag from /home/hamza/Documents/project/Mlops/myenv/lib/python3.12/site-packages/airflow/example_dags/example_python_decorator.py
[2025-04-03T13:48:16.814+0000] {processor.py:925} INFO - DAG(s) 'example_python_decorator' retrieved from /home/hamza/Documents/project/Mlops/myenv/lib/python3.12/site-packages/airflow/example_dags/example_python_decorator.py
[2025-04-03T13:48:16.846+0000] {logging_mixin.py:190} INFO - [2025-04-03T13:48:16.846+0000] {dag.py:3239} INFO - Sync 1 DAGs
[2025-04-03T13:48:16.873+0000] {logging_mixin.py:190} INFO - [2025-04-03T13:48:16.872+0000] {dag.py:4180} INFO - Setting next_dagrun for example_python_decorator to None, run_after=None
[2025-04-03T13:48:16.921+0000] {processor.py:208} INFO - Processing /home/hamza/Documents/project/Mlops/myenv/lib/python3.12/site-packages/airflow/example_dags/example_python_decorator.py took 0.151 seconds
[2025-04-03T13:49:53.082+0000] {processor.py:186} INFO - Started process (PID=103060) to work on /home/hamza/Documents/project/Mlops/myenv/lib/python3.12/site-packages/airflow/example_dags/example_python_decorator.py
[2025-04-03T13:49:53.086+0000] {processor.py:914} INFO - Processing file /home/hamza/Documents/project/Mlops/myenv/lib/python3.12/site-packages/airflow/example_dags/example_python_decorator.py for tasks to queue
[2025-04-03T13:49:53.090+0000] {logging_mixin.py:190} INFO - [2025-04-03T13:49:53.089+0000] {dagbag.py:588} INFO - Filling up the DagBag from /home/hamza/Documents/project/Mlops/myenv/lib/python3.12/site-packages/airflow/example_dags/example_python_decorator.py
[2025-04-03T13:49:53.116+0000] {processor.py:925} INFO - DAG(s) 'example_python_decorator' retrieved from /home/hamza/Documents/project/Mlops/myenv/lib/python3.12/site-packages/airflow/example_dags/example_python_decorator.py
[2025-04-03T13:49:53.280+0000] {logging_mixin.py:190} INFO - [2025-04-03T13:49:53.280+0000] {dag.py:3239} INFO - Sync 1 DAGs
[2025-04-03T13:49:53.297+0000] {logging_mixin.py:190} INFO - [2025-04-03T13:49:53.296+0000] {dag.py:4180} INFO - Setting next_dagrun for example_python_decorator to None, run_after=None
[2025-04-03T13:49:53.334+0000] {processor.py:208} INFO - Processing /home/hamza/Documents/project/Mlops/myenv/lib/python3.12/site-packages/airflow/example_dags/example_python_decorator.py took 0.261 seconds
[2025-04-03T13:51:10.032+0000] {processor.py:186} INFO - Started process (PID=104033) to work on /home/hamza/Documents/project/Mlops/myenv/lib/python3.12/site-packages/airflow/example_dags/example_python_decorator.py
[2025-04-03T13:51:10.033+0000] {processor.py:914} INFO - Processing file /home/hamza/Documents/project/Mlops/myenv/lib/python3.12/site-packages/airflow/example_dags/example_python_decorator.py for tasks to queue
[2025-04-03T13:51:10.036+0000] {logging_mixin.py:190} INFO - [2025-04-03T13:51:10.036+0000] {dagbag.py:588} INFO - Filling up the DagBag from /home/hamza/Documents/project/Mlops/myenv/lib/python3.12/site-packages/airflow/example_dags/example_python_decorator.py
[2025-04-03T13:51:10.060+0000] {processor.py:925} INFO - DAG(s) 'example_python_decorator' retrieved from /home/hamza/Documents/project/Mlops/myenv/lib/python3.12/site-packages/airflow/example_dags/example_python_decorator.py
[2025-04-03T13:51:10.089+0000] {logging_mixin.py:190} INFO - [2025-04-03T13:51:10.089+0000] {dag.py:3239} INFO - Sync 1 DAGs
[2025-04-03T13:51:10.109+0000] {logging_mixin.py:190} INFO - [2025-04-03T13:51:10.109+0000] {dag.py:4180} INFO - Setting next_dagrun for example_python_decorator to None, run_after=None
[2025-04-03T13:51:10.218+0000] {processor.py:208} INFO - Processing /home/hamza/Documents/project/Mlops/myenv/lib/python3.12/site-packages/airflow/example_dags/example_python_decorator.py took 0.195 seconds
[2025-04-03T13:52:51.507+0000] {processor.py:186} INFO - Started process (PID=105113) to work on /home/hamza/Documents/project/Mlops/myenv/lib/python3.12/site-packages/airflow/example_dags/example_python_decorator.py
[2025-04-03T13:52:51.509+0000] {processor.py:914} INFO - Processing file /home/hamza/Documents/project/Mlops/myenv/lib/python3.12/site-packages/airflow/example_dags/example_python_decorator.py for tasks to queue
[2025-04-03T13:52:51.513+0000] {logging_mixin.py:190} INFO - [2025-04-03T13:52:51.512+0000] {dagbag.py:588} INFO - Filling up the DagBag from /home/hamza/Documents/project/Mlops/myenv/lib/python3.12/site-packages/airflow/example_dags/example_python_decorator.py
[2025-04-03T13:52:51.541+0000] {processor.py:925} INFO - DAG(s) 'example_python_decorator' retrieved from /home/hamza/Documents/project/Mlops/myenv/lib/python3.12/site-packages/airflow/example_dags/example_python_decorator.py
[2025-04-03T13:52:51.570+0000] {logging_mixin.py:190} INFO - [2025-04-03T13:52:51.569+0000] {dag.py:3239} INFO - Sync 1 DAGs
[2025-04-03T13:52:51.591+0000] {logging_mixin.py:190} INFO - [2025-04-03T13:52:51.590+0000] {dag.py:4180} INFO - Setting next_dagrun for example_python_decorator to None, run_after=None
[2025-04-03T13:52:51.635+0000] {processor.py:208} INFO - Processing /home/hamza/Documents/project/Mlops/myenv/lib/python3.12/site-packages/airflow/example_dags/example_python_decorator.py took 0.137 seconds
[2025-04-03T13:59:24.784+0000] {processor.py:186} INFO - Started process (PID=110053) to work on /home/hamza/Documents/project/Mlops/myenv/lib/python3.12/site-packages/airflow/example_dags/example_python_decorator.py
[2025-04-03T13:59:24.787+0000] {processor.py:914} INFO - Processing file /home/hamza/Documents/project/Mlops/myenv/lib/python3.12/site-packages/airflow/example_dags/example_python_decorator.py for tasks to queue
[2025-04-03T13:59:24.790+0000] {logging_mixin.py:190} INFO - [2025-04-03T13:59:24.789+0000] {dagbag.py:588} INFO - Filling up the DagBag from /home/hamza/Documents/project/Mlops/myenv/lib/python3.12/site-packages/airflow/example_dags/example_python_decorator.py
[2025-04-03T13:59:24.814+0000] {processor.py:925} INFO - DAG(s) 'example_python_decorator' retrieved from /home/hamza/Documents/project/Mlops/myenv/lib/python3.12/site-packages/airflow/example_dags/example_python_decorator.py
[2025-04-03T13:59:24.982+0000] {logging_mixin.py:190} INFO - [2025-04-03T13:59:24.982+0000] {dag.py:3239} INFO - Sync 1 DAGs
[2025-04-03T13:59:24.998+0000] {logging_mixin.py:190} INFO - [2025-04-03T13:59:24.997+0000] {dag.py:4180} INFO - Setting next_dagrun for example_python_decorator to None, run_after=None
[2025-04-03T13:59:25.028+0000] {processor.py:208} INFO - Processing /home/hamza/Documents/project/Mlops/myenv/lib/python3.12/site-packages/airflow/example_dags/example_python_decorator.py took 0.253 seconds
[2025-04-03T14:10:14.141+0000] {processor.py:186} INFO - Started process (PID=118069) to work on /home/hamza/Documents/project/Mlops/myenv/lib/python3.12/site-packages/airflow/example_dags/example_python_decorator.py
[2025-04-03T14:10:14.142+0000] {processor.py:914} INFO - Processing file /home/hamza/Documents/project/Mlops/myenv/lib/python3.12/site-packages/airflow/example_dags/example_python_decorator.py for tasks to queue
[2025-04-03T14:10:14.145+0000] {logging_mixin.py:190} INFO - [2025-04-03T14:10:14.144+0000] {dagbag.py:588} INFO - Filling up the DagBag from /home/hamza/Documents/project/Mlops/myenv/lib/python3.12/site-packages/airflow/example_dags/example_python_decorator.py
[2025-04-03T14:10:14.175+0000] {processor.py:925} INFO - DAG(s) 'example_python_decorator' retrieved from /home/hamza/Documents/project/Mlops/myenv/lib/python3.12/site-packages/airflow/example_dags/example_python_decorator.py
[2025-04-03T14:10:14.359+0000] {logging_mixin.py:190} INFO - [2025-04-03T14:10:14.358+0000] {dag.py:3239} INFO - Sync 1 DAGs
[2025-04-03T14:10:14.375+0000] {logging_mixin.py:190} INFO - [2025-04-03T14:10:14.374+0000] {dag.py:4180} INFO - Setting next_dagrun for example_python_decorator to None, run_after=None
[2025-04-03T14:10:14.409+0000] {processor.py:208} INFO - Processing /home/hamza/Documents/project/Mlops/myenv/lib/python3.12/site-packages/airflow/example_dags/example_python_decorator.py took 0.277 seconds
[2025-04-03T14:11:30.840+0000] {processor.py:186} INFO - Started process (PID=118788) to work on /home/hamza/Documents/project/Mlops/myenv/lib/python3.12/site-packages/airflow/example_dags/example_python_decorator.py
[2025-04-03T14:11:30.843+0000] {processor.py:914} INFO - Processing file /home/hamza/Documents/project/Mlops/myenv/lib/python3.12/site-packages/airflow/example_dags/example_python_decorator.py for tasks to queue
[2025-04-03T14:11:30.845+0000] {logging_mixin.py:190} INFO - [2025-04-03T14:11:30.844+0000] {dagbag.py:588} INFO - Filling up the DagBag from /home/hamza/Documents/project/Mlops/myenv/lib/python3.12/site-packages/airflow/example_dags/example_python_decorator.py
[2025-04-03T14:11:30.870+0000] {processor.py:925} INFO - DAG(s) 'example_python_decorator' retrieved from /home/hamza/Documents/project/Mlops/myenv/lib/python3.12/site-packages/airflow/example_dags/example_python_decorator.py
[2025-04-03T14:11:30.899+0000] {logging_mixin.py:190} INFO - [2025-04-03T14:11:30.899+0000] {dag.py:3239} INFO - Sync 1 DAGs
[2025-04-03T14:11:30.918+0000] {logging_mixin.py:190} INFO - [2025-04-03T14:11:30.917+0000] {dag.py:4180} INFO - Setting next_dagrun for example_python_decorator to None, run_after=None
[2025-04-03T14:11:30.952+0000] {processor.py:208} INFO - Processing /home/hamza/Documents/project/Mlops/myenv/lib/python3.12/site-packages/airflow/example_dags/example_python_decorator.py took 0.121 seconds
[2025-04-03T14:13:10.931+0000] {processor.py:186} INFO - Started process (PID=119707) to work on /home/hamza/Documents/project/Mlops/myenv/lib/python3.12/site-packages/airflow/example_dags/example_python_decorator.py
[2025-04-03T14:13:10.932+0000] {processor.py:914} INFO - Processing file /home/hamza/Documents/project/Mlops/myenv/lib/python3.12/site-packages/airflow/example_dags/example_python_decorator.py for tasks to queue
[2025-04-03T14:13:10.934+0000] {logging_mixin.py:190} INFO - [2025-04-03T14:13:10.934+0000] {dagbag.py:588} INFO - Filling up the DagBag from /home/hamza/Documents/project/Mlops/myenv/lib/python3.12/site-packages/airflow/example_dags/example_python_decorator.py
[2025-04-03T14:13:10.958+0000] {processor.py:925} INFO - DAG(s) 'example_python_decorator' retrieved from /home/hamza/Documents/project/Mlops/myenv/lib/python3.12/site-packages/airflow/example_dags/example_python_decorator.py
[2025-04-03T14:13:10.990+0000] {logging_mixin.py:190} INFO - [2025-04-03T14:13:10.990+0000] {dag.py:3239} INFO - Sync 1 DAGs
[2025-04-03T14:13:11.012+0000] {logging_mixin.py:190} INFO - [2025-04-03T14:13:11.012+0000] {dag.py:4180} INFO - Setting next_dagrun for example_python_decorator to None, run_after=None
[2025-04-03T14:13:11.047+0000] {processor.py:208} INFO - Processing /home/hamza/Documents/project/Mlops/myenv/lib/python3.12/site-packages/airflow/example_dags/example_python_decorator.py took 0.126 seconds
[2025-04-03T14:18:54.879+0000] {processor.py:186} INFO - Started process (PID=122475) to work on /home/hamza/Documents/project/Mlops/myenv/lib/python3.12/site-packages/airflow/example_dags/example_python_decorator.py
[2025-04-03T14:18:54.881+0000] {processor.py:914} INFO - Processing file /home/hamza/Documents/project/Mlops/myenv/lib/python3.12/site-packages/airflow/example_dags/example_python_decorator.py for tasks to queue
[2025-04-03T14:18:54.883+0000] {logging_mixin.py:190} INFO - [2025-04-03T14:18:54.882+0000] {dagbag.py:588} INFO - Filling up the DagBag from /home/hamza/Documents/project/Mlops/myenv/lib/python3.12/site-packages/airflow/example_dags/example_python_decorator.py
[2025-04-03T14:18:54.912+0000] {processor.py:925} INFO - DAG(s) 'example_python_decorator' retrieved from /home/hamza/Documents/project/Mlops/myenv/lib/python3.12/site-packages/airflow/example_dags/example_python_decorator.py
[2025-04-03T14:18:54.950+0000] {logging_mixin.py:190} INFO - [2025-04-03T14:18:54.949+0000] {dag.py:3239} INFO - Sync 1 DAGs
[2025-04-03T14:18:54.975+0000] {logging_mixin.py:190} INFO - [2025-04-03T14:18:54.975+0000] {dag.py:4180} INFO - Setting next_dagrun for example_python_decorator to None, run_after=None
[2025-04-03T14:18:55.012+0000] {processor.py:208} INFO - Processing /home/hamza/Documents/project/Mlops/myenv/lib/python3.12/site-packages/airflow/example_dags/example_python_decorator.py took 0.144 seconds
[2025-04-03T15:08:26.747+0000] {processor.py:186} INFO - Started process (PID=36184) to work on /home/hamza/Documents/project/Mlops/myenv/lib/python3.12/site-packages/airflow/example_dags/example_python_decorator.py
[2025-04-03T15:08:26.749+0000] {processor.py:914} INFO - Processing file /home/hamza/Documents/project/Mlops/myenv/lib/python3.12/site-packages/airflow/example_dags/example_python_decorator.py for tasks to queue
[2025-04-03T15:08:26.753+0000] {logging_mixin.py:190} INFO - [2025-04-03T15:08:26.752+0000] {dagbag.py:588} INFO - Filling up the DagBag from /home/hamza/Documents/project/Mlops/myenv/lib/python3.12/site-packages/airflow/example_dags/example_python_decorator.py
[2025-04-03T15:08:26.778+0000] {processor.py:925} INFO - DAG(s) 'example_python_decorator' retrieved from /home/hamza/Documents/project/Mlops/myenv/lib/python3.12/site-packages/airflow/example_dags/example_python_decorator.py
[2025-04-03T15:08:26.930+0000] {logging_mixin.py:190} INFO - [2025-04-03T15:08:26.929+0000] {dag.py:3239} INFO - Sync 1 DAGs
[2025-04-03T15:08:26.956+0000] {logging_mixin.py:190} INFO - [2025-04-03T15:08:26.956+0000] {dag.py:4180} INFO - Setting next_dagrun for example_python_decorator to None, run_after=None
[2025-04-03T15:08:26.993+0000] {processor.py:208} INFO - Processing /home/hamza/Documents/project/Mlops/myenv/lib/python3.12/site-packages/airflow/example_dags/example_python_decorator.py took 0.255 seconds
[2025-04-03T15:09:40.490+0000] {processor.py:186} INFO - Started process (PID=36923) to work on /home/hamza/Documents/project/Mlops/myenv/lib/python3.12/site-packages/airflow/example_dags/example_python_decorator.py
[2025-04-03T15:09:40.492+0000] {processor.py:914} INFO - Processing file /home/hamza/Documents/project/Mlops/myenv/lib/python3.12/site-packages/airflow/example_dags/example_python_decorator.py for tasks to queue
[2025-04-03T15:09:40.495+0000] {logging_mixin.py:190} INFO - [2025-04-03T15:09:40.495+0000] {dagbag.py:588} INFO - Filling up the DagBag from /home/hamza/Documents/project/Mlops/myenv/lib/python3.12/site-packages/airflow/example_dags/example_python_decorator.py
[2025-04-03T15:09:40.520+0000] {processor.py:925} INFO - DAG(s) 'example_python_decorator' retrieved from /home/hamza/Documents/project/Mlops/myenv/lib/python3.12/site-packages/airflow/example_dags/example_python_decorator.py
[2025-04-03T15:09:40.549+0000] {logging_mixin.py:190} INFO - [2025-04-03T15:09:40.548+0000] {dag.py:3239} INFO - Sync 1 DAGs
[2025-04-03T15:09:40.569+0000] {logging_mixin.py:190} INFO - [2025-04-03T15:09:40.569+0000] {dag.py:4180} INFO - Setting next_dagrun for example_python_decorator to None, run_after=None
[2025-04-03T15:09:40.607+0000] {processor.py:208} INFO - Processing /home/hamza/Documents/project/Mlops/myenv/lib/python3.12/site-packages/airflow/example_dags/example_python_decorator.py took 0.125 seconds
[2025-04-03T15:11:08.987+0000] {processor.py:186} INFO - Started process (PID=37773) to work on /home/hamza/Documents/project/Mlops/myenv/lib/python3.12/site-packages/airflow/example_dags/example_python_decorator.py
[2025-04-03T15:11:08.990+0000] {processor.py:914} INFO - Processing file /home/hamza/Documents/project/Mlops/myenv/lib/python3.12/site-packages/airflow/example_dags/example_python_decorator.py for tasks to queue
[2025-04-03T15:11:08.995+0000] {logging_mixin.py:190} INFO - [2025-04-03T15:11:08.994+0000] {dagbag.py:588} INFO - Filling up the DagBag from /home/hamza/Documents/project/Mlops/myenv/lib/python3.12/site-packages/airflow/example_dags/example_python_decorator.py
[2025-04-03T15:11:09.023+0000] {processor.py:925} INFO - DAG(s) 'example_python_decorator' retrieved from /home/hamza/Documents/project/Mlops/myenv/lib/python3.12/site-packages/airflow/example_dags/example_python_decorator.py
[2025-04-03T15:11:09.051+0000] {logging_mixin.py:190} INFO - [2025-04-03T15:11:09.050+0000] {dag.py:3239} INFO - Sync 1 DAGs
[2025-04-03T15:11:09.070+0000] {logging_mixin.py:190} INFO - [2025-04-03T15:11:09.069+0000] {dag.py:4180} INFO - Setting next_dagrun for example_python_decorator to None, run_after=None
[2025-04-03T15:11:09.105+0000] {processor.py:208} INFO - Processing /home/hamza/Documents/project/Mlops/myenv/lib/python3.12/site-packages/airflow/example_dags/example_python_decorator.py took 0.127 seconds
[2025-04-03T15:12:39.411+0000] {processor.py:186} INFO - Started process (PID=38593) to work on /home/hamza/Documents/project/Mlops/myenv/lib/python3.12/site-packages/airflow/example_dags/example_python_decorator.py
[2025-04-03T15:12:39.415+0000] {processor.py:914} INFO - Processing file /home/hamza/Documents/project/Mlops/myenv/lib/python3.12/site-packages/airflow/example_dags/example_python_decorator.py for tasks to queue
[2025-04-03T15:12:39.418+0000] {logging_mixin.py:190} INFO - [2025-04-03T15:12:39.418+0000] {dagbag.py:588} INFO - Filling up the DagBag from /home/hamza/Documents/project/Mlops/myenv/lib/python3.12/site-packages/airflow/example_dags/example_python_decorator.py
[2025-04-03T15:12:39.443+0000] {processor.py:925} INFO - DAG(s) 'example_python_decorator' retrieved from /home/hamza/Documents/project/Mlops/myenv/lib/python3.12/site-packages/airflow/example_dags/example_python_decorator.py
[2025-04-03T15:12:39.470+0000] {logging_mixin.py:190} INFO - [2025-04-03T15:12:39.470+0000] {dag.py:3239} INFO - Sync 1 DAGs
[2025-04-03T15:12:39.489+0000] {logging_mixin.py:190} INFO - [2025-04-03T15:12:39.489+0000] {dag.py:4180} INFO - Setting next_dagrun for example_python_decorator to None, run_after=None
[2025-04-03T15:12:39.525+0000] {processor.py:208} INFO - Processing /home/hamza/Documents/project/Mlops/myenv/lib/python3.12/site-packages/airflow/example_dags/example_python_decorator.py took 0.122 seconds
[2025-04-03T15:14:14.183+0000] {processor.py:186} INFO - Started process (PID=39445) to work on /home/hamza/Documents/project/Mlops/myenv/lib/python3.12/site-packages/airflow/example_dags/example_python_decorator.py
[2025-04-03T15:14:14.186+0000] {processor.py:914} INFO - Processing file /home/hamza/Documents/project/Mlops/myenv/lib/python3.12/site-packages/airflow/example_dags/example_python_decorator.py for tasks to queue
[2025-04-03T15:14:14.189+0000] {logging_mixin.py:190} INFO - [2025-04-03T15:14:14.189+0000] {dagbag.py:588} INFO - Filling up the DagBag from /home/hamza/Documents/project/Mlops/myenv/lib/python3.12/site-packages/airflow/example_dags/example_python_decorator.py
[2025-04-03T15:14:14.214+0000] {processor.py:925} INFO - DAG(s) 'example_python_decorator' retrieved from /home/hamza/Documents/project/Mlops/myenv/lib/python3.12/site-packages/airflow/example_dags/example_python_decorator.py
[2025-04-03T15:14:14.244+0000] {logging_mixin.py:190} INFO - [2025-04-03T15:14:14.243+0000] {dag.py:3239} INFO - Sync 1 DAGs
[2025-04-03T15:14:14.264+0000] {logging_mixin.py:190} INFO - [2025-04-03T15:14:14.264+0000] {dag.py:4180} INFO - Setting next_dagrun for example_python_decorator to None, run_after=None
[2025-04-03T15:14:14.298+0000] {processor.py:208} INFO - Processing /home/hamza/Documents/project/Mlops/myenv/lib/python3.12/site-packages/airflow/example_dags/example_python_decorator.py took 0.123 seconds
[2025-04-03T15:15:49.891+0000] {processor.py:186} INFO - Started process (PID=40412) to work on /home/hamza/Documents/project/Mlops/myenv/lib/python3.12/site-packages/airflow/example_dags/example_python_decorator.py
[2025-04-03T15:15:49.894+0000] {processor.py:914} INFO - Processing file /home/hamza/Documents/project/Mlops/myenv/lib/python3.12/site-packages/airflow/example_dags/example_python_decorator.py for tasks to queue
[2025-04-03T15:15:49.897+0000] {logging_mixin.py:190} INFO - [2025-04-03T15:15:49.896+0000] {dagbag.py:588} INFO - Filling up the DagBag from /home/hamza/Documents/project/Mlops/myenv/lib/python3.12/site-packages/airflow/example_dags/example_python_decorator.py
[2025-04-03T15:15:49.922+0000] {processor.py:925} INFO - DAG(s) 'example_python_decorator' retrieved from /home/hamza/Documents/project/Mlops/myenv/lib/python3.12/site-packages/airflow/example_dags/example_python_decorator.py
[2025-04-03T15:15:49.951+0000] {logging_mixin.py:190} INFO - [2025-04-03T15:15:49.951+0000] {dag.py:3239} INFO - Sync 1 DAGs
[2025-04-03T15:15:49.972+0000] {logging_mixin.py:190} INFO - [2025-04-03T15:15:49.971+0000] {dag.py:4180} INFO - Setting next_dagrun for example_python_decorator to None, run_after=None
[2025-04-03T15:15:50.010+0000] {processor.py:208} INFO - Processing /home/hamza/Documents/project/Mlops/myenv/lib/python3.12/site-packages/airflow/example_dags/example_python_decorator.py took 0.127 seconds
[2025-04-03T15:17:29.561+0000] {processor.py:186} INFO - Started process (PID=41462) to work on /home/hamza/Documents/project/Mlops/myenv/lib/python3.12/site-packages/airflow/example_dags/example_python_decorator.py
[2025-04-03T15:17:29.564+0000] {processor.py:914} INFO - Processing file /home/hamza/Documents/project/Mlops/myenv/lib/python3.12/site-packages/airflow/example_dags/example_python_decorator.py for tasks to queue
[2025-04-03T15:17:29.569+0000] {logging_mixin.py:190} INFO - [2025-04-03T15:17:29.568+0000] {dagbag.py:588} INFO - Filling up the DagBag from /home/hamza/Documents/project/Mlops/myenv/lib/python3.12/site-packages/airflow/example_dags/example_python_decorator.py
[2025-04-03T15:17:29.599+0000] {processor.py:925} INFO - DAG(s) 'example_python_decorator' retrieved from /home/hamza/Documents/project/Mlops/myenv/lib/python3.12/site-packages/airflow/example_dags/example_python_decorator.py
[2025-04-03T15:17:29.629+0000] {logging_mixin.py:190} INFO - [2025-04-03T15:17:29.628+0000] {dag.py:3239} INFO - Sync 1 DAGs
[2025-04-03T15:17:29.656+0000] {logging_mixin.py:190} INFO - [2025-04-03T15:17:29.655+0000] {dag.py:4180} INFO - Setting next_dagrun for example_python_decorator to None, run_after=None
[2025-04-03T15:17:29.696+0000] {processor.py:208} INFO - Processing /home/hamza/Documents/project/Mlops/myenv/lib/python3.12/site-packages/airflow/example_dags/example_python_decorator.py took 0.149 seconds
[2025-04-03T15:19:01.368+0000] {processor.py:186} INFO - Started process (PID=42380) to work on /home/hamza/Documents/project/Mlops/myenv/lib/python3.12/site-packages/airflow/example_dags/example_python_decorator.py
[2025-04-03T15:19:01.370+0000] {processor.py:914} INFO - Processing file /home/hamza/Documents/project/Mlops/myenv/lib/python3.12/site-packages/airflow/example_dags/example_python_decorator.py for tasks to queue
[2025-04-03T15:19:01.374+0000] {logging_mixin.py:190} INFO - [2025-04-03T15:19:01.374+0000] {dagbag.py:588} INFO - Filling up the DagBag from /home/hamza/Documents/project/Mlops/myenv/lib/python3.12/site-packages/airflow/example_dags/example_python_decorator.py
[2025-04-03T15:19:01.402+0000] {processor.py:925} INFO - DAG(s) 'example_python_decorator' retrieved from /home/hamza/Documents/project/Mlops/myenv/lib/python3.12/site-packages/airflow/example_dags/example_python_decorator.py
[2025-04-03T15:19:01.429+0000] {logging_mixin.py:190} INFO - [2025-04-03T15:19:01.429+0000] {dag.py:3239} INFO - Sync 1 DAGs
[2025-04-03T15:19:01.450+0000] {logging_mixin.py:190} INFO - [2025-04-03T15:19:01.450+0000] {dag.py:4180} INFO - Setting next_dagrun for example_python_decorator to None, run_after=None
[2025-04-03T15:19:01.486+0000] {processor.py:208} INFO - Processing /home/hamza/Documents/project/Mlops/myenv/lib/python3.12/site-packages/airflow/example_dags/example_python_decorator.py took 0.128 seconds
