[2025-04-03T13:43:31.299+0000] {processor.py:186} INFO - Started process (PID=98363) to work on /home/hamza/Documents/project/Mlops/myenv/lib/python3.12/site-packages/airflow/example_dags/example_short_circuit_decorator.py
[2025-04-03T13:43:31.301+0000] {processor.py:914} INFO - Processing file /home/hamza/Documents/project/Mlops/myenv/lib/python3.12/site-packages/airflow/example_dags/example_short_circuit_decorator.py for tasks to queue
[2025-04-03T13:43:31.305+0000] {logging_mixin.py:190} INFO - [2025-04-03T13:43:31.304+0000] {dagbag.py:588} INFO - Filling up the DagBag from /home/hamza/Documents/project/Mlops/myenv/lib/python3.12/site-packages/airflow/example_dags/example_short_circuit_decorator.py
[2025-04-03T13:43:31.335+0000] {processor.py:925} INFO - DAG(s) 'example_short_circuit_decorator' retrieved from /home/hamza/Documents/project/Mlops/myenv/lib/python3.12/site-packages/airflow/example_dags/example_short_circuit_decorator.py
[2025-04-03T13:43:31.530+0000] {logging_mixin.py:190} INFO - [2025-04-03T13:43:31.529+0000] {override.py:1930} INFO - Created Permission View: can delete on DAG:example_short_circuit_decorator
[2025-04-03T13:43:31.552+0000] {logging_mixin.py:190} INFO - [2025-04-03T13:43:31.552+0000] {override.py:1930} INFO - Created Permission View: can read on DAG:example_short_circuit_decorator
[2025-04-03T13:43:31.568+0000] {logging_mixin.py:190} INFO - [2025-04-03T13:43:31.568+0000] {override.py:1930} INFO - Created Permission View: can edit on DAG:example_short_circuit_decorator
[2025-04-03T13:43:31.590+0000] {logging_mixin.py:190} INFO - [2025-04-03T13:43:31.590+0000] {override.py:1930} INFO - Created Permission View: can delete on DAG Run:example_short_circuit_decorator
[2025-04-03T13:43:31.606+0000] {logging_mixin.py:190} INFO - [2025-04-03T13:43:31.605+0000] {override.py:1930} INFO - Created Permission View: can read on DAG Run:example_short_circuit_decorator
[2025-04-03T13:43:31.619+0000] {logging_mixin.py:190} INFO - [2025-04-03T13:43:31.618+0000] {override.py:1930} INFO - Created Permission View: menu access on DAG Run:example_short_circuit_decorator
[2025-04-03T13:43:31.634+0000] {logging_mixin.py:190} INFO - [2025-04-03T13:43:31.633+0000] {override.py:1930} INFO - Created Permission View: can create on DAG Run:example_short_circuit_decorator
[2025-04-03T13:43:31.634+0000] {logging_mixin.py:190} INFO - [2025-04-03T13:43:31.634+0000] {dag.py:3239} INFO - Sync 1 DAGs
[2025-04-03T13:43:31.654+0000] {logging_mixin.py:190} INFO - [2025-04-03T13:43:31.653+0000] {dag.py:3262} INFO - Creating ORM DAG for example_short_circuit_decorator
[2025-04-03T13:43:31.655+0000] {logging_mixin.py:190} INFO - [2025-04-03T13:43:31.654+0000] {dag.py:4180} INFO - Setting next_dagrun for example_short_circuit_decorator to None, run_after=None
[2025-04-03T13:43:31.685+0000] {processor.py:208} INFO - Processing /home/hamza/Documents/project/Mlops/myenv/lib/python3.12/site-packages/airflow/example_dags/example_short_circuit_decorator.py took 0.395 seconds
[2025-04-03T13:44:46.744+0000] {processor.py:186} INFO - Started process (PID=99463) to work on /home/hamza/Documents/project/Mlops/myenv/lib/python3.12/site-packages/airflow/example_dags/example_short_circuit_decorator.py
[2025-04-03T13:44:46.746+0000] {processor.py:914} INFO - Processing file /home/hamza/Documents/project/Mlops/myenv/lib/python3.12/site-packages/airflow/example_dags/example_short_circuit_decorator.py for tasks to queue
[2025-04-03T13:44:46.749+0000] {logging_mixin.py:190} INFO - [2025-04-03T13:44:46.748+0000] {dagbag.py:588} INFO - Filling up the DagBag from /home/hamza/Documents/project/Mlops/myenv/lib/python3.12/site-packages/airflow/example_dags/example_short_circuit_decorator.py
[2025-04-03T13:44:46.768+0000] {processor.py:925} INFO - DAG(s) 'example_short_circuit_decorator' retrieved from /home/hamza/Documents/project/Mlops/myenv/lib/python3.12/site-packages/airflow/example_dags/example_short_circuit_decorator.py
[2025-04-03T13:44:46.802+0000] {logging_mixin.py:190} INFO - [2025-04-03T13:44:46.801+0000] {dag.py:3239} INFO - Sync 1 DAGs
[2025-04-03T13:44:46.824+0000] {logging_mixin.py:190} INFO - [2025-04-03T13:44:46.824+0000] {dag.py:4180} INFO - Setting next_dagrun for example_short_circuit_decorator to None, run_after=None
[2025-04-03T13:44:46.864+0000] {processor.py:208} INFO - Processing /home/hamza/Documents/project/Mlops/myenv/lib/python3.12/site-packages/airflow/example_dags/example_short_circuit_decorator.py took 0.130 seconds
[2025-04-03T13:45:53.080+0000] {processor.py:186} INFO - Started process (PID=100034) to work on /home/hamza/Documents/project/Mlops/myenv/lib/python3.12/site-packages/airflow/example_dags/example_short_circuit_decorator.py
[2025-04-03T13:45:53.081+0000] {processor.py:914} INFO - Processing file /home/hamza/Documents/project/Mlops/myenv/lib/python3.12/site-packages/airflow/example_dags/example_short_circuit_decorator.py for tasks to queue
[2025-04-03T13:45:53.084+0000] {logging_mixin.py:190} INFO - [2025-04-03T13:45:53.084+0000] {dagbag.py:588} INFO - Filling up the DagBag from /home/hamza/Documents/project/Mlops/myenv/lib/python3.12/site-packages/airflow/example_dags/example_short_circuit_decorator.py
[2025-04-03T13:45:53.101+0000] {processor.py:925} INFO - DAG(s) 'example_short_circuit_decorator' retrieved from /home/hamza/Documents/project/Mlops/myenv/lib/python3.12/site-packages/airflow/example_dags/example_short_circuit_decorator.py
[2025-04-03T13:45:53.134+0000] {logging_mixin.py:190} INFO - [2025-04-03T13:45:53.133+0000] {dag.py:3239} INFO - Sync 1 DAGs
[2025-04-03T13:45:53.154+0000] {logging_mixin.py:190} INFO - [2025-04-03T13:45:53.154+0000] {dag.py:4180} INFO - Setting next_dagrun for example_short_circuit_decorator to None, run_after=None
[2025-04-03T13:45:53.189+0000] {processor.py:208} INFO - Processing /home/hamza/Documents/project/Mlops/myenv/lib/python3.12/site-packages/airflow/example_dags/example_short_circuit_decorator.py took 0.119 seconds
[2025-04-03T13:47:01.501+0000] {processor.py:186} INFO - Started process (PID=100783) to work on /home/hamza/Documents/project/Mlops/myenv/lib/python3.12/site-packages/airflow/example_dags/example_short_circuit_decorator.py
[2025-04-03T13:47:01.503+0000] {processor.py:914} INFO - Processing file /home/hamza/Documents/project/Mlops/myenv/lib/python3.12/site-packages/airflow/example_dags/example_short_circuit_decorator.py for tasks to queue
[2025-04-03T13:47:01.508+0000] {logging_mixin.py:190} INFO - [2025-04-03T13:47:01.507+0000] {dagbag.py:588} INFO - Filling up the DagBag from /home/hamza/Documents/project/Mlops/myenv/lib/python3.12/site-packages/airflow/example_dags/example_short_circuit_decorator.py
[2025-04-03T13:47:01.525+0000] {processor.py:925} INFO - DAG(s) 'example_short_circuit_decorator' retrieved from /home/hamza/Documents/project/Mlops/myenv/lib/python3.12/site-packages/airflow/example_dags/example_short_circuit_decorator.py
[2025-04-03T13:47:01.559+0000] {logging_mixin.py:190} INFO - [2025-04-03T13:47:01.559+0000] {dag.py:3239} INFO - Sync 1 DAGs
[2025-04-03T13:47:01.582+0000] {logging_mixin.py:190} INFO - [2025-04-03T13:47:01.582+0000] {dag.py:4180} INFO - Setting next_dagrun for example_short_circuit_decorator to None, run_after=None
[2025-04-03T13:47:01.616+0000] {processor.py:208} INFO - Processing /home/hamza/Documents/project/Mlops/myenv/lib/python3.12/site-packages/airflow/example_dags/example_short_circuit_decorator.py took 0.124 seconds
[2025-04-03T13:48:08.745+0000] {processor.py:186} INFO - Started process (PID=101623) to work on /home/hamza/Documents/project/Mlops/myenv/lib/python3.12/site-packages/airflow/example_dags/example_short_circuit_decorator.py
[2025-04-03T13:48:08.746+0000] {processor.py:914} INFO - Processing file /home/hamza/Documents/project/Mlops/myenv/lib/python3.12/site-packages/airflow/example_dags/example_short_circuit_decorator.py for tasks to queue
[2025-04-03T13:48:08.750+0000] {logging_mixin.py:190} INFO - [2025-04-03T13:48:08.749+0000] {dagbag.py:588} INFO - Filling up the DagBag from /home/hamza/Documents/project/Mlops/myenv/lib/python3.12/site-packages/airflow/example_dags/example_short_circuit_decorator.py
[2025-04-03T13:48:08.769+0000] {processor.py:925} INFO - DAG(s) 'example_short_circuit_decorator' retrieved from /home/hamza/Documents/project/Mlops/myenv/lib/python3.12/site-packages/airflow/example_dags/example_short_circuit_decorator.py
[2025-04-03T13:48:08.809+0000] {logging_mixin.py:190} INFO - [2025-04-03T13:48:08.809+0000] {dag.py:3239} INFO - Sync 1 DAGs
[2025-04-03T13:48:08.834+0000] {logging_mixin.py:190} INFO - [2025-04-03T13:48:08.834+0000] {dag.py:4180} INFO - Setting next_dagrun for example_short_circuit_decorator to None, run_after=None
[2025-04-03T13:48:08.877+0000] {processor.py:208} INFO - Processing /home/hamza/Documents/project/Mlops/myenv/lib/python3.12/site-packages/airflow/example_dags/example_short_circuit_decorator.py took 0.142 seconds
[2025-04-03T13:49:45.132+0000] {processor.py:186} INFO - Started process (PID=102984) to work on /home/hamza/Documents/project/Mlops/myenv/lib/python3.12/site-packages/airflow/example_dags/example_short_circuit_decorator.py
[2025-04-03T13:49:45.137+0000] {processor.py:914} INFO - Processing file /home/hamza/Documents/project/Mlops/myenv/lib/python3.12/site-packages/airflow/example_dags/example_short_circuit_decorator.py for tasks to queue
[2025-04-03T13:49:45.142+0000] {logging_mixin.py:190} INFO - [2025-04-03T13:49:45.141+0000] {dagbag.py:588} INFO - Filling up the DagBag from /home/hamza/Documents/project/Mlops/myenv/lib/python3.12/site-packages/airflow/example_dags/example_short_circuit_decorator.py
[2025-04-03T13:49:45.163+0000] {processor.py:925} INFO - DAG(s) 'example_short_circuit_decorator' retrieved from /home/hamza/Documents/project/Mlops/myenv/lib/python3.12/site-packages/airflow/example_dags/example_short_circuit_decorator.py
[2025-04-03T13:49:45.206+0000] {logging_mixin.py:190} INFO - [2025-04-03T13:49:45.205+0000] {dag.py:3239} INFO - Sync 1 DAGs
[2025-04-03T13:49:45.228+0000] {logging_mixin.py:190} INFO - [2025-04-03T13:49:45.228+0000] {dag.py:4180} INFO - Setting next_dagrun for example_short_circuit_decorator to None, run_after=None
[2025-04-03T13:49:45.264+0000] {processor.py:208} INFO - Processing /home/hamza/Documents/project/Mlops/myenv/lib/python3.12/site-packages/airflow/example_dags/example_short_circuit_decorator.py took 0.141 seconds
[2025-04-03T13:51:03.678+0000] {processor.py:186} INFO - Started process (PID=103945) to work on /home/hamza/Documents/project/Mlops/myenv/lib/python3.12/site-packages/airflow/example_dags/example_short_circuit_decorator.py
[2025-04-03T13:51:03.681+0000] {processor.py:914} INFO - Processing file /home/hamza/Documents/project/Mlops/myenv/lib/python3.12/site-packages/airflow/example_dags/example_short_circuit_decorator.py for tasks to queue
[2025-04-03T13:51:03.685+0000] {logging_mixin.py:190} INFO - [2025-04-03T13:51:03.684+0000] {dagbag.py:588} INFO - Filling up the DagBag from /home/hamza/Documents/project/Mlops/myenv/lib/python3.12/site-packages/airflow/example_dags/example_short_circuit_decorator.py
[2025-04-03T13:51:03.709+0000] {processor.py:925} INFO - DAG(s) 'example_short_circuit_decorator' retrieved from /home/hamza/Documents/project/Mlops/myenv/lib/python3.12/site-packages/airflow/example_dags/example_short_circuit_decorator.py
[2025-04-03T13:51:03.744+0000] {logging_mixin.py:190} INFO - [2025-04-03T13:51:03.744+0000] {dag.py:3239} INFO - Sync 1 DAGs
[2025-04-03T13:51:03.767+0000] {logging_mixin.py:190} INFO - [2025-04-03T13:51:03.766+0000] {dag.py:4180} INFO - Setting next_dagrun for example_short_circuit_decorator to None, run_after=None
[2025-04-03T13:51:03.815+0000] {processor.py:208} INFO - Processing /home/hamza/Documents/project/Mlops/myenv/lib/python3.12/site-packages/airflow/example_dags/example_short_circuit_decorator.py took 0.146 seconds
[2025-04-03T13:52:43.672+0000] {processor.py:186} INFO - Started process (PID=105015) to work on /home/hamza/Documents/project/Mlops/myenv/lib/python3.12/site-packages/airflow/example_dags/example_short_circuit_decorator.py
[2025-04-03T13:52:43.674+0000] {processor.py:914} INFO - Processing file /home/hamza/Documents/project/Mlops/myenv/lib/python3.12/site-packages/airflow/example_dags/example_short_circuit_decorator.py for tasks to queue
[2025-04-03T13:52:43.677+0000] {logging_mixin.py:190} INFO - [2025-04-03T13:52:43.676+0000] {dagbag.py:588} INFO - Filling up the DagBag from /home/hamza/Documents/project/Mlops/myenv/lib/python3.12/site-packages/airflow/example_dags/example_short_circuit_decorator.py
[2025-04-03T13:52:43.695+0000] {processor.py:925} INFO - DAG(s) 'example_short_circuit_decorator' retrieved from /home/hamza/Documents/project/Mlops/myenv/lib/python3.12/site-packages/airflow/example_dags/example_short_circuit_decorator.py
[2025-04-03T13:52:43.727+0000] {logging_mixin.py:190} INFO - [2025-04-03T13:52:43.726+0000] {dag.py:3239} INFO - Sync 1 DAGs
[2025-04-03T13:52:43.747+0000] {logging_mixin.py:190} INFO - [2025-04-03T13:52:43.747+0000] {dag.py:4180} INFO - Setting next_dagrun for example_short_circuit_decorator to None, run_after=None
[2025-04-03T13:52:43.779+0000] {processor.py:208} INFO - Processing /home/hamza/Documents/project/Mlops/myenv/lib/python3.12/site-packages/airflow/example_dags/example_short_circuit_decorator.py took 0.116 seconds
[2025-04-03T13:54:19.455+0000] {processor.py:186} INFO - Started process (PID=106088) to work on /home/hamza/Documents/project/Mlops/myenv/lib/python3.12/site-packages/airflow/example_dags/example_short_circuit_decorator.py
[2025-04-03T13:54:19.458+0000] {processor.py:914} INFO - Processing file /home/hamza/Documents/project/Mlops/myenv/lib/python3.12/site-packages/airflow/example_dags/example_short_circuit_decorator.py for tasks to queue
[2025-04-03T13:54:19.464+0000] {logging_mixin.py:190} INFO - [2025-04-03T13:54:19.463+0000] {dagbag.py:588} INFO - Filling up the DagBag from /home/hamza/Documents/project/Mlops/myenv/lib/python3.12/site-packages/airflow/example_dags/example_short_circuit_decorator.py
[2025-04-03T13:54:19.485+0000] {processor.py:925} INFO - DAG(s) 'example_short_circuit_decorator' retrieved from /home/hamza/Documents/project/Mlops/myenv/lib/python3.12/site-packages/airflow/example_dags/example_short_circuit_decorator.py
[2025-04-03T13:54:19.521+0000] {logging_mixin.py:190} INFO - [2025-04-03T13:54:19.520+0000] {dag.py:3239} INFO - Sync 1 DAGs
[2025-04-03T13:54:19.543+0000] {logging_mixin.py:190} INFO - [2025-04-03T13:54:19.542+0000] {dag.py:4180} INFO - Setting next_dagrun for example_short_circuit_decorator to None, run_after=None
[2025-04-03T13:54:19.589+0000] {processor.py:208} INFO - Processing /home/hamza/Documents/project/Mlops/myenv/lib/python3.12/site-packages/airflow/example_dags/example_short_circuit_decorator.py took 0.143 seconds
[2025-04-03T13:59:15.948+0000] {processor.py:186} INFO - Started process (PID=109973) to work on /home/hamza/Documents/project/Mlops/myenv/lib/python3.12/site-packages/airflow/example_dags/example_short_circuit_decorator.py
[2025-04-03T13:59:15.950+0000] {processor.py:914} INFO - Processing file /home/hamza/Documents/project/Mlops/myenv/lib/python3.12/site-packages/airflow/example_dags/example_short_circuit_decorator.py for tasks to queue
[2025-04-03T13:59:15.954+0000] {logging_mixin.py:190} INFO - [2025-04-03T13:59:15.953+0000] {dagbag.py:588} INFO - Filling up the DagBag from /home/hamza/Documents/project/Mlops/myenv/lib/python3.12/site-packages/airflow/example_dags/example_short_circuit_decorator.py
[2025-04-03T13:59:15.974+0000] {processor.py:925} INFO - DAG(s) 'example_short_circuit_decorator' retrieved from /home/hamza/Documents/project/Mlops/myenv/lib/python3.12/site-packages/airflow/example_dags/example_short_circuit_decorator.py
[2025-04-03T13:59:16.006+0000] {logging_mixin.py:190} INFO - [2025-04-03T13:59:16.006+0000] {dag.py:3239} INFO - Sync 1 DAGs
[2025-04-03T13:59:16.025+0000] {logging_mixin.py:190} INFO - [2025-04-03T13:59:16.025+0000] {dag.py:4180} INFO - Setting next_dagrun for example_short_circuit_decorator to None, run_after=None
[2025-04-03T13:59:16.060+0000] {processor.py:208} INFO - Processing /home/hamza/Documents/project/Mlops/myenv/lib/python3.12/site-packages/airflow/example_dags/example_short_circuit_decorator.py took 0.120 seconds
[2025-04-03T14:10:07.401+0000] {processor.py:186} INFO - Started process (PID=118010) to work on /home/hamza/Documents/project/Mlops/myenv/lib/python3.12/site-packages/airflow/example_dags/example_short_circuit_decorator.py
[2025-04-03T14:10:07.404+0000] {processor.py:914} INFO - Processing file /home/hamza/Documents/project/Mlops/myenv/lib/python3.12/site-packages/airflow/example_dags/example_short_circuit_decorator.py for tasks to queue
[2025-04-03T14:10:07.406+0000] {logging_mixin.py:190} INFO - [2025-04-03T14:10:07.406+0000] {dagbag.py:588} INFO - Filling up the DagBag from /home/hamza/Documents/project/Mlops/myenv/lib/python3.12/site-packages/airflow/example_dags/example_short_circuit_decorator.py
[2025-04-03T14:10:07.423+0000] {processor.py:925} INFO - DAG(s) 'example_short_circuit_decorator' retrieved from /home/hamza/Documents/project/Mlops/myenv/lib/python3.12/site-packages/airflow/example_dags/example_short_circuit_decorator.py
[2025-04-03T14:10:07.468+0000] {logging_mixin.py:190} INFO - [2025-04-03T14:10:07.468+0000] {dag.py:3239} INFO - Sync 1 DAGs
[2025-04-03T14:10:07.492+0000] {logging_mixin.py:190} INFO - [2025-04-03T14:10:07.492+0000] {dag.py:4180} INFO - Setting next_dagrun for example_short_circuit_decorator to None, run_after=None
[2025-04-03T14:10:07.530+0000] {processor.py:208} INFO - Processing /home/hamza/Documents/project/Mlops/myenv/lib/python3.12/site-packages/airflow/example_dags/example_short_circuit_decorator.py took 0.138 seconds
[2025-04-03T14:11:22.819+0000] {processor.py:186} INFO - Started process (PID=118707) to work on /home/hamza/Documents/project/Mlops/myenv/lib/python3.12/site-packages/airflow/example_dags/example_short_circuit_decorator.py
[2025-04-03T14:11:22.820+0000] {processor.py:914} INFO - Processing file /home/hamza/Documents/project/Mlops/myenv/lib/python3.12/site-packages/airflow/example_dags/example_short_circuit_decorator.py for tasks to queue
[2025-04-03T14:11:22.822+0000] {logging_mixin.py:190} INFO - [2025-04-03T14:11:22.822+0000] {dagbag.py:588} INFO - Filling up the DagBag from /home/hamza/Documents/project/Mlops/myenv/lib/python3.12/site-packages/airflow/example_dags/example_short_circuit_decorator.py
[2025-04-03T14:11:22.836+0000] {processor.py:925} INFO - DAG(s) 'example_short_circuit_decorator' retrieved from /home/hamza/Documents/project/Mlops/myenv/lib/python3.12/site-packages/airflow/example_dags/example_short_circuit_decorator.py
[2025-04-03T14:11:22.867+0000] {logging_mixin.py:190} INFO - [2025-04-03T14:11:22.866+0000] {dag.py:3239} INFO - Sync 1 DAGs
[2025-04-03T14:11:22.885+0000] {logging_mixin.py:190} INFO - [2025-04-03T14:11:22.885+0000] {dag.py:4180} INFO - Setting next_dagrun for example_short_circuit_decorator to None, run_after=None
[2025-04-03T14:11:22.922+0000] {processor.py:208} INFO - Processing /home/hamza/Documents/project/Mlops/myenv/lib/python3.12/site-packages/airflow/example_dags/example_short_circuit_decorator.py took 0.112 seconds
[2025-04-03T14:13:03.249+0000] {processor.py:186} INFO - Started process (PID=119634) to work on /home/hamza/Documents/project/Mlops/myenv/lib/python3.12/site-packages/airflow/example_dags/example_short_circuit_decorator.py
[2025-04-03T14:13:03.250+0000] {processor.py:914} INFO - Processing file /home/hamza/Documents/project/Mlops/myenv/lib/python3.12/site-packages/airflow/example_dags/example_short_circuit_decorator.py for tasks to queue
[2025-04-03T14:13:03.252+0000] {logging_mixin.py:190} INFO - [2025-04-03T14:13:03.252+0000] {dagbag.py:588} INFO - Filling up the DagBag from /home/hamza/Documents/project/Mlops/myenv/lib/python3.12/site-packages/airflow/example_dags/example_short_circuit_decorator.py
[2025-04-03T14:13:03.267+0000] {processor.py:925} INFO - DAG(s) 'example_short_circuit_decorator' retrieved from /home/hamza/Documents/project/Mlops/myenv/lib/python3.12/site-packages/airflow/example_dags/example_short_circuit_decorator.py
[2025-04-03T14:13:03.298+0000] {logging_mixin.py:190} INFO - [2025-04-03T14:13:03.297+0000] {dag.py:3239} INFO - Sync 1 DAGs
[2025-04-03T14:13:03.328+0000] {logging_mixin.py:190} INFO - [2025-04-03T14:13:03.327+0000] {dag.py:4180} INFO - Setting next_dagrun for example_short_circuit_decorator to None, run_after=None
[2025-04-03T14:13:03.365+0000] {processor.py:208} INFO - Processing /home/hamza/Documents/project/Mlops/myenv/lib/python3.12/site-packages/airflow/example_dags/example_short_circuit_decorator.py took 0.125 seconds
[2025-04-03T14:18:46.780+0000] {processor.py:186} INFO - Started process (PID=122408) to work on /home/hamza/Documents/project/Mlops/myenv/lib/python3.12/site-packages/airflow/example_dags/example_short_circuit_decorator.py
[2025-04-03T14:18:46.783+0000] {processor.py:914} INFO - Processing file /home/hamza/Documents/project/Mlops/myenv/lib/python3.12/site-packages/airflow/example_dags/example_short_circuit_decorator.py for tasks to queue
[2025-04-03T14:18:46.785+0000] {logging_mixin.py:190} INFO - [2025-04-03T14:18:46.784+0000] {dagbag.py:588} INFO - Filling up the DagBag from /home/hamza/Documents/project/Mlops/myenv/lib/python3.12/site-packages/airflow/example_dags/example_short_circuit_decorator.py
[2025-04-03T14:18:46.799+0000] {processor.py:925} INFO - DAG(s) 'example_short_circuit_decorator' retrieved from /home/hamza/Documents/project/Mlops/myenv/lib/python3.12/site-packages/airflow/example_dags/example_short_circuit_decorator.py
[2025-04-03T14:18:46.840+0000] {logging_mixin.py:190} INFO - [2025-04-03T14:18:46.839+0000] {dag.py:3239} INFO - Sync 1 DAGs
[2025-04-03T14:18:46.861+0000] {logging_mixin.py:190} INFO - [2025-04-03T14:18:46.860+0000] {dag.py:4180} INFO - Setting next_dagrun for example_short_circuit_decorator to None, run_after=None
[2025-04-03T14:18:46.902+0000] {processor.py:208} INFO - Processing /home/hamza/Documents/project/Mlops/myenv/lib/python3.12/site-packages/airflow/example_dags/example_short_circuit_decorator.py took 0.131 seconds
[2025-04-03T14:20:22.257+0000] {processor.py:186} INFO - Started process (PID=123055) to work on /home/hamza/Documents/project/Mlops/myenv/lib/python3.12/site-packages/airflow/example_dags/example_short_circuit_decorator.py
[2025-04-03T14:20:22.283+0000] {processor.py:914} INFO - Processing file /home/hamza/Documents/project/Mlops/myenv/lib/python3.12/site-packages/airflow/example_dags/example_short_circuit_decorator.py for tasks to queue
[2025-04-03T14:20:22.297+0000] {logging_mixin.py:190} INFO - [2025-04-03T14:20:22.285+0000] {dagbag.py:588} INFO - Filling up the DagBag from /home/hamza/Documents/project/Mlops/myenv/lib/python3.12/site-packages/airflow/example_dags/example_short_circuit_decorator.py
[2025-04-03T14:20:22.459+0000] {processor.py:925} INFO - DAG(s) 'example_short_circuit_decorator' retrieved from /home/hamza/Documents/project/Mlops/myenv/lib/python3.12/site-packages/airflow/example_dags/example_short_circuit_decorator.py
[2025-04-03T14:20:23.006+0000] {logging_mixin.py:190} INFO - [2025-04-03T14:20:22.926+0000] {dag.py:3239} INFO - Sync 1 DAGs
[2025-04-03T14:20:23.437+0000] {logging_mixin.py:190} INFO - [2025-04-03T14:20:23.204+0000] {dag.py:4180} INFO - Setting next_dagrun for example_short_circuit_decorator to None, run_after=None
[2025-04-03T14:20:26.235+0000] {processor.py:208} INFO - Processing /home/hamza/Documents/project/Mlops/myenv/lib/python3.12/site-packages/airflow/example_dags/example_short_circuit_decorator.py took 4.075 seconds
[2025-04-03T15:08:18.041+0000] {processor.py:186} INFO - Started process (PID=36102) to work on /home/hamza/Documents/project/Mlops/myenv/lib/python3.12/site-packages/airflow/example_dags/example_short_circuit_decorator.py
[2025-04-03T15:08:18.043+0000] {processor.py:914} INFO - Processing file /home/hamza/Documents/project/Mlops/myenv/lib/python3.12/site-packages/airflow/example_dags/example_short_circuit_decorator.py for tasks to queue
[2025-04-03T15:08:18.047+0000] {logging_mixin.py:190} INFO - [2025-04-03T15:08:18.046+0000] {dagbag.py:588} INFO - Filling up the DagBag from /home/hamza/Documents/project/Mlops/myenv/lib/python3.12/site-packages/airflow/example_dags/example_short_circuit_decorator.py
[2025-04-03T15:08:18.066+0000] {processor.py:925} INFO - DAG(s) 'example_short_circuit_decorator' retrieved from /home/hamza/Documents/project/Mlops/myenv/lib/python3.12/site-packages/airflow/example_dags/example_short_circuit_decorator.py
[2025-04-03T15:08:18.099+0000] {logging_mixin.py:190} INFO - [2025-04-03T15:08:18.098+0000] {dag.py:3239} INFO - Sync 1 DAGs
[2025-04-03T15:08:18.123+0000] {logging_mixin.py:190} INFO - [2025-04-03T15:08:18.122+0000] {dag.py:4180} INFO - Setting next_dagrun for example_short_circuit_decorator to None, run_after=None
[2025-04-03T15:08:18.161+0000] {processor.py:208} INFO - Processing /home/hamza/Documents/project/Mlops/myenv/lib/python3.12/site-packages/airflow/example_dags/example_short_circuit_decorator.py took 0.128 seconds
[2025-04-03T15:09:33.329+0000] {processor.py:186} INFO - Started process (PID=36859) to work on /home/hamza/Documents/project/Mlops/myenv/lib/python3.12/site-packages/airflow/example_dags/example_short_circuit_decorator.py
[2025-04-03T15:09:33.332+0000] {processor.py:914} INFO - Processing file /home/hamza/Documents/project/Mlops/myenv/lib/python3.12/site-packages/airflow/example_dags/example_short_circuit_decorator.py for tasks to queue
[2025-04-03T15:09:33.337+0000] {logging_mixin.py:190} INFO - [2025-04-03T15:09:33.336+0000] {dagbag.py:588} INFO - Filling up the DagBag from /home/hamza/Documents/project/Mlops/myenv/lib/python3.12/site-packages/airflow/example_dags/example_short_circuit_decorator.py
[2025-04-03T15:09:33.355+0000] {processor.py:925} INFO - DAG(s) 'example_short_circuit_decorator' retrieved from /home/hamza/Documents/project/Mlops/myenv/lib/python3.12/site-packages/airflow/example_dags/example_short_circuit_decorator.py
[2025-04-03T15:09:33.385+0000] {logging_mixin.py:190} INFO - [2025-04-03T15:09:33.385+0000] {dag.py:3239} INFO - Sync 1 DAGs
[2025-04-03T15:09:33.405+0000] {logging_mixin.py:190} INFO - [2025-04-03T15:09:33.405+0000] {dag.py:4180} INFO - Setting next_dagrun for example_short_circuit_decorator to None, run_after=None
[2025-04-03T15:09:33.441+0000] {processor.py:208} INFO - Processing /home/hamza/Documents/project/Mlops/myenv/lib/python3.12/site-packages/airflow/example_dags/example_short_circuit_decorator.py took 0.121 seconds
[2025-04-03T15:11:01.145+0000] {processor.py:186} INFO - Started process (PID=37676) to work on /home/hamza/Documents/project/Mlops/myenv/lib/python3.12/site-packages/airflow/example_dags/example_short_circuit_decorator.py
[2025-04-03T15:11:01.149+0000] {processor.py:914} INFO - Processing file /home/hamza/Documents/project/Mlops/myenv/lib/python3.12/site-packages/airflow/example_dags/example_short_circuit_decorator.py for tasks to queue
[2025-04-03T15:11:01.153+0000] {logging_mixin.py:190} INFO - [2025-04-03T15:11:01.152+0000] {dagbag.py:588} INFO - Filling up the DagBag from /home/hamza/Documents/project/Mlops/myenv/lib/python3.12/site-packages/airflow/example_dags/example_short_circuit_decorator.py
[2025-04-03T15:11:01.171+0000] {processor.py:925} INFO - DAG(s) 'example_short_circuit_decorator' retrieved from /home/hamza/Documents/project/Mlops/myenv/lib/python3.12/site-packages/airflow/example_dags/example_short_circuit_decorator.py
[2025-04-03T15:11:01.206+0000] {logging_mixin.py:190} INFO - [2025-04-03T15:11:01.205+0000] {dag.py:3239} INFO - Sync 1 DAGs
[2025-04-03T15:11:01.239+0000] {logging_mixin.py:190} INFO - [2025-04-03T15:11:01.238+0000] {dag.py:4180} INFO - Setting next_dagrun for example_short_circuit_decorator to None, run_after=None
[2025-04-03T15:11:01.277+0000] {processor.py:208} INFO - Processing /home/hamza/Documents/project/Mlops/myenv/lib/python3.12/site-packages/airflow/example_dags/example_short_circuit_decorator.py took 0.141 seconds
[2025-04-03T15:12:31.612+0000] {processor.py:186} INFO - Started process (PID=38481) to work on /home/hamza/Documents/project/Mlops/myenv/lib/python3.12/site-packages/airflow/example_dags/example_short_circuit_decorator.py
[2025-04-03T15:12:31.615+0000] {processor.py:914} INFO - Processing file /home/hamza/Documents/project/Mlops/myenv/lib/python3.12/site-packages/airflow/example_dags/example_short_circuit_decorator.py for tasks to queue
[2025-04-03T15:12:31.619+0000] {logging_mixin.py:190} INFO - [2025-04-03T15:12:31.618+0000] {dagbag.py:588} INFO - Filling up the DagBag from /home/hamza/Documents/project/Mlops/myenv/lib/python3.12/site-packages/airflow/example_dags/example_short_circuit_decorator.py
[2025-04-03T15:12:31.637+0000] {processor.py:925} INFO - DAG(s) 'example_short_circuit_decorator' retrieved from /home/hamza/Documents/project/Mlops/myenv/lib/python3.12/site-packages/airflow/example_dags/example_short_circuit_decorator.py
[2025-04-03T15:12:31.667+0000] {logging_mixin.py:190} INFO - [2025-04-03T15:12:31.666+0000] {dag.py:3239} INFO - Sync 1 DAGs
[2025-04-03T15:12:31.687+0000] {logging_mixin.py:190} INFO - [2025-04-03T15:12:31.686+0000] {dag.py:4180} INFO - Setting next_dagrun for example_short_circuit_decorator to None, run_after=None
[2025-04-03T15:12:31.723+0000] {processor.py:208} INFO - Processing /home/hamza/Documents/project/Mlops/myenv/lib/python3.12/site-packages/airflow/example_dags/example_short_circuit_decorator.py took 0.119 seconds
[2025-04-03T15:14:07.330+0000] {processor.py:186} INFO - Started process (PID=39382) to work on /home/hamza/Documents/project/Mlops/myenv/lib/python3.12/site-packages/airflow/example_dags/example_short_circuit_decorator.py
[2025-04-03T15:14:07.332+0000] {processor.py:914} INFO - Processing file /home/hamza/Documents/project/Mlops/myenv/lib/python3.12/site-packages/airflow/example_dags/example_short_circuit_decorator.py for tasks to queue
[2025-04-03T15:14:07.335+0000] {logging_mixin.py:190} INFO - [2025-04-03T15:14:07.335+0000] {dagbag.py:588} INFO - Filling up the DagBag from /home/hamza/Documents/project/Mlops/myenv/lib/python3.12/site-packages/airflow/example_dags/example_short_circuit_decorator.py
[2025-04-03T15:14:07.352+0000] {processor.py:925} INFO - DAG(s) 'example_short_circuit_decorator' retrieved from /home/hamza/Documents/project/Mlops/myenv/lib/python3.12/site-packages/airflow/example_dags/example_short_circuit_decorator.py
[2025-04-03T15:14:07.382+0000] {logging_mixin.py:190} INFO - [2025-04-03T15:14:07.381+0000] {dag.py:3239} INFO - Sync 1 DAGs
[2025-04-03T15:14:07.401+0000] {logging_mixin.py:190} INFO - [2025-04-03T15:14:07.401+0000] {dag.py:4180} INFO - Setting next_dagrun for example_short_circuit_decorator to None, run_after=None
[2025-04-03T15:14:07.439+0000] {processor.py:208} INFO - Processing /home/hamza/Documents/project/Mlops/myenv/lib/python3.12/site-packages/airflow/example_dags/example_short_circuit_decorator.py took 0.118 seconds
[2025-04-03T15:15:41.983+0000] {processor.py:186} INFO - Started process (PID=40338) to work on /home/hamza/Documents/project/Mlops/myenv/lib/python3.12/site-packages/airflow/example_dags/example_short_circuit_decorator.py
[2025-04-03T15:15:41.986+0000] {processor.py:914} INFO - Processing file /home/hamza/Documents/project/Mlops/myenv/lib/python3.12/site-packages/airflow/example_dags/example_short_circuit_decorator.py for tasks to queue
[2025-04-03T15:15:41.989+0000] {logging_mixin.py:190} INFO - [2025-04-03T15:15:41.989+0000] {dagbag.py:588} INFO - Filling up the DagBag from /home/hamza/Documents/project/Mlops/myenv/lib/python3.12/site-packages/airflow/example_dags/example_short_circuit_decorator.py
[2025-04-03T15:15:42.007+0000] {processor.py:925} INFO - DAG(s) 'example_short_circuit_decorator' retrieved from /home/hamza/Documents/project/Mlops/myenv/lib/python3.12/site-packages/airflow/example_dags/example_short_circuit_decorator.py
[2025-04-03T15:15:42.036+0000] {logging_mixin.py:190} INFO - [2025-04-03T15:15:42.036+0000] {dag.py:3239} INFO - Sync 1 DAGs
[2025-04-03T15:15:42.056+0000] {logging_mixin.py:190} INFO - [2025-04-03T15:15:42.056+0000] {dag.py:4180} INFO - Setting next_dagrun for example_short_circuit_decorator to None, run_after=None
[2025-04-03T15:15:42.097+0000] {processor.py:208} INFO - Processing /home/hamza/Documents/project/Mlops/myenv/lib/python3.12/site-packages/airflow/example_dags/example_short_circuit_decorator.py took 0.122 seconds
[2025-04-03T15:17:20.640+0000] {processor.py:186} INFO - Started process (PID=41352) to work on /home/hamza/Documents/project/Mlops/myenv/lib/python3.12/site-packages/airflow/example_dags/example_short_circuit_decorator.py
[2025-04-03T15:17:20.643+0000] {processor.py:914} INFO - Processing file /home/hamza/Documents/project/Mlops/myenv/lib/python3.12/site-packages/airflow/example_dags/example_short_circuit_decorator.py for tasks to queue
[2025-04-03T15:17:20.647+0000] {logging_mixin.py:190} INFO - [2025-04-03T15:17:20.646+0000] {dagbag.py:588} INFO - Filling up the DagBag from /home/hamza/Documents/project/Mlops/myenv/lib/python3.12/site-packages/airflow/example_dags/example_short_circuit_decorator.py
[2025-04-03T15:17:20.666+0000] {processor.py:925} INFO - DAG(s) 'example_short_circuit_decorator' retrieved from /home/hamza/Documents/project/Mlops/myenv/lib/python3.12/site-packages/airflow/example_dags/example_short_circuit_decorator.py
[2025-04-03T15:17:20.702+0000] {logging_mixin.py:190} INFO - [2025-04-03T15:17:20.702+0000] {dag.py:3239} INFO - Sync 1 DAGs
[2025-04-03T15:17:20.726+0000] {logging_mixin.py:190} INFO - [2025-04-03T15:17:20.725+0000] {dag.py:4180} INFO - Setting next_dagrun for example_short_circuit_decorator to None, run_after=None
[2025-04-03T15:17:20.766+0000] {processor.py:208} INFO - Processing /home/hamza/Documents/project/Mlops/myenv/lib/python3.12/site-packages/airflow/example_dags/example_short_circuit_decorator.py took 0.134 seconds
[2025-04-03T15:18:52.514+0000] {processor.py:186} INFO - Started process (PID=42299) to work on /home/hamza/Documents/project/Mlops/myenv/lib/python3.12/site-packages/airflow/example_dags/example_short_circuit_decorator.py
[2025-04-03T15:18:52.516+0000] {processor.py:914} INFO - Processing file /home/hamza/Documents/project/Mlops/myenv/lib/python3.12/site-packages/airflow/example_dags/example_short_circuit_decorator.py for tasks to queue
[2025-04-03T15:18:52.522+0000] {logging_mixin.py:190} INFO - [2025-04-03T15:18:52.521+0000] {dagbag.py:588} INFO - Filling up the DagBag from /home/hamza/Documents/project/Mlops/myenv/lib/python3.12/site-packages/airflow/example_dags/example_short_circuit_decorator.py
[2025-04-03T15:18:52.544+0000] {processor.py:925} INFO - DAG(s) 'example_short_circuit_decorator' retrieved from /home/hamza/Documents/project/Mlops/myenv/lib/python3.12/site-packages/airflow/example_dags/example_short_circuit_decorator.py
[2025-04-03T15:18:52.573+0000] {logging_mixin.py:190} INFO - [2025-04-03T15:18:52.572+0000] {dag.py:3239} INFO - Sync 1 DAGs
[2025-04-03T15:18:52.593+0000] {logging_mixin.py:190} INFO - [2025-04-03T15:18:52.593+0000] {dag.py:4180} INFO - Setting next_dagrun for example_short_circuit_decorator to None, run_after=None
[2025-04-03T15:18:52.625+0000] {processor.py:208} INFO - Processing /home/hamza/Documents/project/Mlops/myenv/lib/python3.12/site-packages/airflow/example_dags/example_short_circuit_decorator.py took 0.122 seconds
[2025-04-03T15:20:23.448+0000] {processor.py:186} INFO - Started process (PID=43303) to work on /home/hamza/Documents/project/Mlops/myenv/lib/python3.12/site-packages/airflow/example_dags/example_short_circuit_decorator.py
[2025-04-03T15:20:23.451+0000] {processor.py:914} INFO - Processing file /home/hamza/Documents/project/Mlops/myenv/lib/python3.12/site-packages/airflow/example_dags/example_short_circuit_decorator.py for tasks to queue
[2025-04-03T15:20:23.455+0000] {logging_mixin.py:190} INFO - [2025-04-03T15:20:23.454+0000] {dagbag.py:588} INFO - Filling up the DagBag from /home/hamza/Documents/project/Mlops/myenv/lib/python3.12/site-packages/airflow/example_dags/example_short_circuit_decorator.py
[2025-04-03T15:20:23.470+0000] {processor.py:925} INFO - DAG(s) 'example_short_circuit_decorator' retrieved from /home/hamza/Documents/project/Mlops/myenv/lib/python3.12/site-packages/airflow/example_dags/example_short_circuit_decorator.py
[2025-04-03T15:20:23.495+0000] {logging_mixin.py:190} INFO - [2025-04-03T15:20:23.495+0000] {dag.py:3239} INFO - Sync 1 DAGs
[2025-04-03T15:20:23.513+0000] {logging_mixin.py:190} INFO - [2025-04-03T15:20:23.513+0000] {dag.py:4180} INFO - Setting next_dagrun for example_short_circuit_decorator to None, run_after=None
[2025-04-03T15:20:23.542+0000] {processor.py:208} INFO - Processing /home/hamza/Documents/project/Mlops/myenv/lib/python3.12/site-packages/airflow/example_dags/example_short_circuit_decorator.py took 0.102 seconds
[2025-04-03T15:21:58.886+0000] {processor.py:186} INFO - Started process (PID=44205) to work on /home/hamza/Documents/project/Mlops/myenv/lib/python3.12/site-packages/airflow/example_dags/example_short_circuit_decorator.py
[2025-04-03T15:21:58.890+0000] {processor.py:914} INFO - Processing file /home/hamza/Documents/project/Mlops/myenv/lib/python3.12/site-packages/airflow/example_dags/example_short_circuit_decorator.py for tasks to queue
[2025-04-03T15:21:58.895+0000] {logging_mixin.py:190} INFO - [2025-04-03T15:21:58.894+0000] {dagbag.py:588} INFO - Filling up the DagBag from /home/hamza/Documents/project/Mlops/myenv/lib/python3.12/site-packages/airflow/example_dags/example_short_circuit_decorator.py
[2025-04-03T15:21:58.913+0000] {processor.py:925} INFO - DAG(s) 'example_short_circuit_decorator' retrieved from /home/hamza/Documents/project/Mlops/myenv/lib/python3.12/site-packages/airflow/example_dags/example_short_circuit_decorator.py
[2025-04-03T15:21:58.944+0000] {logging_mixin.py:190} INFO - [2025-04-03T15:21:58.943+0000] {dag.py:3239} INFO - Sync 1 DAGs
[2025-04-03T15:21:58.964+0000] {logging_mixin.py:190} INFO - [2025-04-03T15:21:58.963+0000] {dag.py:4180} INFO - Setting next_dagrun for example_short_circuit_decorator to None, run_after=None
[2025-04-03T15:21:58.997+0000] {processor.py:208} INFO - Processing /home/hamza/Documents/project/Mlops/myenv/lib/python3.12/site-packages/airflow/example_dags/example_short_circuit_decorator.py took 0.119 seconds
[2025-04-03T15:23:36.573+0000] {processor.py:186} INFO - Started process (PID=45147) to work on /home/hamza/Documents/project/Mlops/myenv/lib/python3.12/site-packages/airflow/example_dags/example_short_circuit_decorator.py
[2025-04-03T15:23:36.576+0000] {processor.py:914} INFO - Processing file /home/hamza/Documents/project/Mlops/myenv/lib/python3.12/site-packages/airflow/example_dags/example_short_circuit_decorator.py for tasks to queue
[2025-04-03T15:23:36.580+0000] {logging_mixin.py:190} INFO - [2025-04-03T15:23:36.579+0000] {dagbag.py:588} INFO - Filling up the DagBag from /home/hamza/Documents/project/Mlops/myenv/lib/python3.12/site-packages/airflow/example_dags/example_short_circuit_decorator.py
[2025-04-03T15:23:36.597+0000] {processor.py:925} INFO - DAG(s) 'example_short_circuit_decorator' retrieved from /home/hamza/Documents/project/Mlops/myenv/lib/python3.12/site-packages/airflow/example_dags/example_short_circuit_decorator.py
[2025-04-03T15:23:36.630+0000] {logging_mixin.py:190} INFO - [2025-04-03T15:23:36.630+0000] {dag.py:3239} INFO - Sync 1 DAGs
[2025-04-03T15:23:36.650+0000] {logging_mixin.py:190} INFO - [2025-04-03T15:23:36.649+0000] {dag.py:4180} INFO - Setting next_dagrun for example_short_circuit_decorator to None, run_after=None
[2025-04-03T15:23:36.682+0000] {processor.py:208} INFO - Processing /home/hamza/Documents/project/Mlops/myenv/lib/python3.12/site-packages/airflow/example_dags/example_short_circuit_decorator.py took 0.118 seconds
[2025-04-03T15:25:09.713+0000] {processor.py:186} INFO - Started process (PID=46081) to work on /home/hamza/Documents/project/Mlops/myenv/lib/python3.12/site-packages/airflow/example_dags/example_short_circuit_decorator.py
[2025-04-03T15:25:09.716+0000] {processor.py:914} INFO - Processing file /home/hamza/Documents/project/Mlops/myenv/lib/python3.12/site-packages/airflow/example_dags/example_short_circuit_decorator.py for tasks to queue
[2025-04-03T15:25:09.721+0000] {logging_mixin.py:190} INFO - [2025-04-03T15:25:09.720+0000] {dagbag.py:588} INFO - Filling up the DagBag from /home/hamza/Documents/project/Mlops/myenv/lib/python3.12/site-packages/airflow/example_dags/example_short_circuit_decorator.py
[2025-04-03T15:25:09.745+0000] {processor.py:925} INFO - DAG(s) 'example_short_circuit_decorator' retrieved from /home/hamza/Documents/project/Mlops/myenv/lib/python3.12/site-packages/airflow/example_dags/example_short_circuit_decorator.py
[2025-04-03T15:25:09.787+0000] {logging_mixin.py:190} INFO - [2025-04-03T15:25:09.786+0000] {dag.py:3239} INFO - Sync 1 DAGs
[2025-04-03T15:25:09.816+0000] {logging_mixin.py:190} INFO - [2025-04-03T15:25:09.815+0000] {dag.py:4180} INFO - Setting next_dagrun for example_short_circuit_decorator to None, run_after=None
[2025-04-03T15:25:09.863+0000] {processor.py:208} INFO - Processing /home/hamza/Documents/project/Mlops/myenv/lib/python3.12/site-packages/airflow/example_dags/example_short_circuit_decorator.py took 0.158 seconds
[2025-04-03T16:31:16.048+0000] {processor.py:186} INFO - Started process (PID=82705) to work on /home/hamza/Documents/project/Mlops/myenv/lib/python3.12/site-packages/airflow/example_dags/example_short_circuit_decorator.py
[2025-04-03T16:31:16.049+0000] {processor.py:914} INFO - Processing file /home/hamza/Documents/project/Mlops/myenv/lib/python3.12/site-packages/airflow/example_dags/example_short_circuit_decorator.py for tasks to queue
[2025-04-03T16:31:16.053+0000] {logging_mixin.py:190} INFO - [2025-04-03T16:31:16.053+0000] {dagbag.py:588} INFO - Filling up the DagBag from /home/hamza/Documents/project/Mlops/myenv/lib/python3.12/site-packages/airflow/example_dags/example_short_circuit_decorator.py
[2025-04-03T16:31:16.074+0000] {processor.py:925} INFO - DAG(s) 'example_short_circuit_decorator' retrieved from /home/hamza/Documents/project/Mlops/myenv/lib/python3.12/site-packages/airflow/example_dags/example_short_circuit_decorator.py
[2025-04-03T16:31:16.112+0000] {logging_mixin.py:190} INFO - [2025-04-03T16:31:16.111+0000] {dag.py:3239} INFO - Sync 1 DAGs
[2025-04-03T16:31:16.136+0000] {logging_mixin.py:190} INFO - [2025-04-03T16:31:16.135+0000] {dag.py:4180} INFO - Setting next_dagrun for example_short_circuit_decorator to None, run_after=None
[2025-04-03T16:31:16.182+0000] {processor.py:208} INFO - Processing /home/hamza/Documents/project/Mlops/myenv/lib/python3.12/site-packages/airflow/example_dags/example_short_circuit_decorator.py took 0.145 seconds
[2025-04-03T16:33:55.716+0000] {processor.py:186} INFO - Started process (PID=84202) to work on /home/hamza/Documents/project/Mlops/myenv/lib/python3.12/site-packages/airflow/example_dags/example_short_circuit_decorator.py
[2025-04-03T16:33:55.717+0000] {processor.py:914} INFO - Processing file /home/hamza/Documents/project/Mlops/myenv/lib/python3.12/site-packages/airflow/example_dags/example_short_circuit_decorator.py for tasks to queue
[2025-04-03T16:33:55.721+0000] {logging_mixin.py:190} INFO - [2025-04-03T16:33:55.720+0000] {dagbag.py:588} INFO - Filling up the DagBag from /home/hamza/Documents/project/Mlops/myenv/lib/python3.12/site-packages/airflow/example_dags/example_short_circuit_decorator.py
[2025-04-03T16:33:55.739+0000] {processor.py:925} INFO - DAG(s) 'example_short_circuit_decorator' retrieved from /home/hamza/Documents/project/Mlops/myenv/lib/python3.12/site-packages/airflow/example_dags/example_short_circuit_decorator.py
[2025-04-03T16:33:55.776+0000] {logging_mixin.py:190} INFO - [2025-04-03T16:33:55.776+0000] {dag.py:3239} INFO - Sync 1 DAGs
[2025-04-03T16:33:55.799+0000] {logging_mixin.py:190} INFO - [2025-04-03T16:33:55.799+0000] {dag.py:4180} INFO - Setting next_dagrun for example_short_circuit_decorator to None, run_after=None
[2025-04-03T16:33:55.839+0000] {processor.py:208} INFO - Processing /home/hamza/Documents/project/Mlops/myenv/lib/python3.12/site-packages/airflow/example_dags/example_short_circuit_decorator.py took 0.132 seconds
[2025-04-03T16:35:26.689+0000] {processor.py:186} INFO - Started process (PID=84920) to work on /home/hamza/Documents/project/Mlops/myenv/lib/python3.12/site-packages/airflow/example_dags/example_short_circuit_decorator.py
[2025-04-03T16:35:26.691+0000] {processor.py:914} INFO - Processing file /home/hamza/Documents/project/Mlops/myenv/lib/python3.12/site-packages/airflow/example_dags/example_short_circuit_decorator.py for tasks to queue
[2025-04-03T16:35:26.695+0000] {logging_mixin.py:190} INFO - [2025-04-03T16:35:26.694+0000] {dagbag.py:588} INFO - Filling up the DagBag from /home/hamza/Documents/project/Mlops/myenv/lib/python3.12/site-packages/airflow/example_dags/example_short_circuit_decorator.py
[2025-04-03T16:35:26.719+0000] {processor.py:925} INFO - DAG(s) 'example_short_circuit_decorator' retrieved from /home/hamza/Documents/project/Mlops/myenv/lib/python3.12/site-packages/airflow/example_dags/example_short_circuit_decorator.py
[2025-04-03T16:35:26.755+0000] {logging_mixin.py:190} INFO - [2025-04-03T16:35:26.755+0000] {dag.py:3239} INFO - Sync 1 DAGs
[2025-04-03T16:35:26.781+0000] {logging_mixin.py:190} INFO - [2025-04-03T16:35:26.781+0000] {dag.py:4180} INFO - Setting next_dagrun for example_short_circuit_decorator to None, run_after=None
[2025-04-03T16:35:26.823+0000] {processor.py:208} INFO - Processing /home/hamza/Documents/project/Mlops/myenv/lib/python3.12/site-packages/airflow/example_dags/example_short_circuit_decorator.py took 0.145 seconds
[2025-04-03T16:37:01.821+0000] {processor.py:186} INFO - Started process (PID=85767) to work on /home/hamza/Documents/project/Mlops/myenv/lib/python3.12/site-packages/airflow/example_dags/example_short_circuit_decorator.py
[2025-04-03T16:37:01.823+0000] {processor.py:914} INFO - Processing file /home/hamza/Documents/project/Mlops/myenv/lib/python3.12/site-packages/airflow/example_dags/example_short_circuit_decorator.py for tasks to queue
[2025-04-03T16:37:01.827+0000] {logging_mixin.py:190} INFO - [2025-04-03T16:37:01.826+0000] {dagbag.py:588} INFO - Filling up the DagBag from /home/hamza/Documents/project/Mlops/myenv/lib/python3.12/site-packages/airflow/example_dags/example_short_circuit_decorator.py
[2025-04-03T16:37:01.850+0000] {processor.py:925} INFO - DAG(s) 'example_short_circuit_decorator' retrieved from /home/hamza/Documents/project/Mlops/myenv/lib/python3.12/site-packages/airflow/example_dags/example_short_circuit_decorator.py
[2025-04-03T16:37:01.886+0000] {logging_mixin.py:190} INFO - [2025-04-03T16:37:01.886+0000] {dag.py:3239} INFO - Sync 1 DAGs
[2025-04-03T16:37:01.911+0000] {logging_mixin.py:190} INFO - [2025-04-03T16:37:01.910+0000] {dag.py:4180} INFO - Setting next_dagrun for example_short_circuit_decorator to None, run_after=None
[2025-04-03T16:37:01.953+0000] {processor.py:208} INFO - Processing /home/hamza/Documents/project/Mlops/myenv/lib/python3.12/site-packages/airflow/example_dags/example_short_circuit_decorator.py took 0.141 seconds
[2025-04-03T16:38:30.713+0000] {processor.py:186} INFO - Started process (PID=86574) to work on /home/hamza/Documents/project/Mlops/myenv/lib/python3.12/site-packages/airflow/example_dags/example_short_circuit_decorator.py
[2025-04-03T16:38:30.714+0000] {processor.py:914} INFO - Processing file /home/hamza/Documents/project/Mlops/myenv/lib/python3.12/site-packages/airflow/example_dags/example_short_circuit_decorator.py for tasks to queue
[2025-04-03T16:38:30.719+0000] {logging_mixin.py:190} INFO - [2025-04-03T16:38:30.718+0000] {dagbag.py:588} INFO - Filling up the DagBag from /home/hamza/Documents/project/Mlops/myenv/lib/python3.12/site-packages/airflow/example_dags/example_short_circuit_decorator.py
[2025-04-03T16:38:30.739+0000] {processor.py:925} INFO - DAG(s) 'example_short_circuit_decorator' retrieved from /home/hamza/Documents/project/Mlops/myenv/lib/python3.12/site-packages/airflow/example_dags/example_short_circuit_decorator.py
[2025-04-03T16:38:30.774+0000] {logging_mixin.py:190} INFO - [2025-04-03T16:38:30.773+0000] {dag.py:3239} INFO - Sync 1 DAGs
[2025-04-03T16:38:30.797+0000] {logging_mixin.py:190} INFO - [2025-04-03T16:38:30.796+0000] {dag.py:4180} INFO - Setting next_dagrun for example_short_circuit_decorator to None, run_after=None
[2025-04-03T16:38:30.838+0000] {processor.py:208} INFO - Processing /home/hamza/Documents/project/Mlops/myenv/lib/python3.12/site-packages/airflow/example_dags/example_short_circuit_decorator.py took 0.136 seconds
[2025-04-03T16:40:01.817+0000] {processor.py:186} INFO - Started process (PID=87789) to work on /home/hamza/Documents/project/Mlops/myenv/lib/python3.12/site-packages/airflow/example_dags/example_short_circuit_decorator.py
[2025-04-03T16:40:01.818+0000] {processor.py:914} INFO - Processing file /home/hamza/Documents/project/Mlops/myenv/lib/python3.12/site-packages/airflow/example_dags/example_short_circuit_decorator.py for tasks to queue
[2025-04-03T16:40:01.825+0000] {logging_mixin.py:190} INFO - [2025-04-03T16:40:01.824+0000] {dagbag.py:588} INFO - Filling up the DagBag from /home/hamza/Documents/project/Mlops/myenv/lib/python3.12/site-packages/airflow/example_dags/example_short_circuit_decorator.py
[2025-04-03T16:40:01.855+0000] {processor.py:925} INFO - DAG(s) 'example_short_circuit_decorator' retrieved from /home/hamza/Documents/project/Mlops/myenv/lib/python3.12/site-packages/airflow/example_dags/example_short_circuit_decorator.py
[2025-04-03T16:40:01.898+0000] {logging_mixin.py:190} INFO - [2025-04-03T16:40:01.897+0000] {dag.py:3239} INFO - Sync 1 DAGs
[2025-04-03T16:40:01.932+0000] {logging_mixin.py:190} INFO - [2025-04-03T16:40:01.932+0000] {dag.py:4180} INFO - Setting next_dagrun for example_short_circuit_decorator to None, run_after=None
[2025-04-03T16:40:01.977+0000] {processor.py:208} INFO - Processing /home/hamza/Documents/project/Mlops/myenv/lib/python3.12/site-packages/airflow/example_dags/example_short_circuit_decorator.py took 0.171 seconds
[2025-04-03T16:41:42.408+0000] {processor.py:186} INFO - Started process (PID=88755) to work on /home/hamza/Documents/project/Mlops/myenv/lib/python3.12/site-packages/airflow/example_dags/example_short_circuit_decorator.py
[2025-04-03T16:41:42.409+0000] {processor.py:914} INFO - Processing file /home/hamza/Documents/project/Mlops/myenv/lib/python3.12/site-packages/airflow/example_dags/example_short_circuit_decorator.py for tasks to queue
[2025-04-03T16:41:42.414+0000] {logging_mixin.py:190} INFO - [2025-04-03T16:41:42.413+0000] {dagbag.py:588} INFO - Filling up the DagBag from /home/hamza/Documents/project/Mlops/myenv/lib/python3.12/site-packages/airflow/example_dags/example_short_circuit_decorator.py
[2025-04-03T16:41:42.432+0000] {processor.py:925} INFO - DAG(s) 'example_short_circuit_decorator' retrieved from /home/hamza/Documents/project/Mlops/myenv/lib/python3.12/site-packages/airflow/example_dags/example_short_circuit_decorator.py
[2025-04-03T16:41:42.465+0000] {logging_mixin.py:190} INFO - [2025-04-03T16:41:42.464+0000] {dag.py:3239} INFO - Sync 1 DAGs
[2025-04-03T16:41:42.486+0000] {logging_mixin.py:190} INFO - [2025-04-03T16:41:42.485+0000] {dag.py:4180} INFO - Setting next_dagrun for example_short_circuit_decorator to None, run_after=None
[2025-04-03T16:41:42.522+0000] {processor.py:208} INFO - Processing /home/hamza/Documents/project/Mlops/myenv/lib/python3.12/site-packages/airflow/example_dags/example_short_circuit_decorator.py took 0.123 seconds
[2025-04-03T16:43:15.610+0000] {processor.py:186} INFO - Started process (PID=89485) to work on /home/hamza/Documents/project/Mlops/myenv/lib/python3.12/site-packages/airflow/example_dags/example_short_circuit_decorator.py
[2025-04-03T16:43:15.611+0000] {processor.py:914} INFO - Processing file /home/hamza/Documents/project/Mlops/myenv/lib/python3.12/site-packages/airflow/example_dags/example_short_circuit_decorator.py for tasks to queue
[2025-04-03T16:43:15.616+0000] {logging_mixin.py:190} INFO - [2025-04-03T16:43:15.614+0000] {dagbag.py:588} INFO - Filling up the DagBag from /home/hamza/Documents/project/Mlops/myenv/lib/python3.12/site-packages/airflow/example_dags/example_short_circuit_decorator.py
[2025-04-03T16:43:15.634+0000] {processor.py:925} INFO - DAG(s) 'example_short_circuit_decorator' retrieved from /home/hamza/Documents/project/Mlops/myenv/lib/python3.12/site-packages/airflow/example_dags/example_short_circuit_decorator.py
[2025-04-03T16:43:15.668+0000] {logging_mixin.py:190} INFO - [2025-04-03T16:43:15.668+0000] {dag.py:3239} INFO - Sync 1 DAGs
[2025-04-03T16:43:15.689+0000] {logging_mixin.py:190} INFO - [2025-04-03T16:43:15.688+0000] {dag.py:4180} INFO - Setting next_dagrun for example_short_circuit_decorator to None, run_after=None
[2025-04-03T16:43:15.724+0000] {processor.py:208} INFO - Processing /home/hamza/Documents/project/Mlops/myenv/lib/python3.12/site-packages/airflow/example_dags/example_short_circuit_decorator.py took 0.123 seconds
[2025-04-03T16:44:53.006+0000] {processor.py:186} INFO - Started process (PID=90248) to work on /home/hamza/Documents/project/Mlops/myenv/lib/python3.12/site-packages/airflow/example_dags/example_short_circuit_decorator.py
[2025-04-03T16:44:53.009+0000] {processor.py:914} INFO - Processing file /home/hamza/Documents/project/Mlops/myenv/lib/python3.12/site-packages/airflow/example_dags/example_short_circuit_decorator.py for tasks to queue
[2025-04-03T16:44:53.013+0000] {logging_mixin.py:190} INFO - [2025-04-03T16:44:53.013+0000] {dagbag.py:588} INFO - Filling up the DagBag from /home/hamza/Documents/project/Mlops/myenv/lib/python3.12/site-packages/airflow/example_dags/example_short_circuit_decorator.py
[2025-04-03T16:44:53.034+0000] {processor.py:925} INFO - DAG(s) 'example_short_circuit_decorator' retrieved from /home/hamza/Documents/project/Mlops/myenv/lib/python3.12/site-packages/airflow/example_dags/example_short_circuit_decorator.py
[2025-04-03T16:44:53.072+0000] {logging_mixin.py:190} INFO - [2025-04-03T16:44:53.071+0000] {dag.py:3239} INFO - Sync 1 DAGs
[2025-04-03T16:44:53.096+0000] {logging_mixin.py:190} INFO - [2025-04-03T16:44:53.095+0000] {dag.py:4180} INFO - Setting next_dagrun for example_short_circuit_decorator to None, run_after=None
[2025-04-03T16:44:53.135+0000] {processor.py:208} INFO - Processing /home/hamza/Documents/project/Mlops/myenv/lib/python3.12/site-packages/airflow/example_dags/example_short_circuit_decorator.py took 0.139 seconds
[2025-04-03T16:46:26.683+0000] {processor.py:186} INFO - Started process (PID=91077) to work on /home/hamza/Documents/project/Mlops/myenv/lib/python3.12/site-packages/airflow/example_dags/example_short_circuit_decorator.py
[2025-04-03T16:46:26.684+0000] {processor.py:914} INFO - Processing file /home/hamza/Documents/project/Mlops/myenv/lib/python3.12/site-packages/airflow/example_dags/example_short_circuit_decorator.py for tasks to queue
[2025-04-03T16:46:26.688+0000] {logging_mixin.py:190} INFO - [2025-04-03T16:46:26.687+0000] {dagbag.py:588} INFO - Filling up the DagBag from /home/hamza/Documents/project/Mlops/myenv/lib/python3.12/site-packages/airflow/example_dags/example_short_circuit_decorator.py
[2025-04-03T16:46:26.709+0000] {processor.py:925} INFO - DAG(s) 'example_short_circuit_decorator' retrieved from /home/hamza/Documents/project/Mlops/myenv/lib/python3.12/site-packages/airflow/example_dags/example_short_circuit_decorator.py
[2025-04-03T16:46:26.744+0000] {logging_mixin.py:190} INFO - [2025-04-03T16:46:26.743+0000] {dag.py:3239} INFO - Sync 1 DAGs
[2025-04-03T16:46:26.767+0000] {logging_mixin.py:190} INFO - [2025-04-03T16:46:26.767+0000] {dag.py:4180} INFO - Setting next_dagrun for example_short_circuit_decorator to None, run_after=None
[2025-04-03T16:46:26.803+0000] {processor.py:208} INFO - Processing /home/hamza/Documents/project/Mlops/myenv/lib/python3.12/site-packages/airflow/example_dags/example_short_circuit_decorator.py took 0.130 seconds
[2025-04-03T16:48:01.958+0000] {processor.py:186} INFO - Started process (PID=91917) to work on /home/hamza/Documents/project/Mlops/myenv/lib/python3.12/site-packages/airflow/example_dags/example_short_circuit_decorator.py
[2025-04-03T16:48:01.960+0000] {processor.py:914} INFO - Processing file /home/hamza/Documents/project/Mlops/myenv/lib/python3.12/site-packages/airflow/example_dags/example_short_circuit_decorator.py for tasks to queue
[2025-04-03T16:48:01.963+0000] {logging_mixin.py:190} INFO - [2025-04-03T16:48:01.962+0000] {dagbag.py:588} INFO - Filling up the DagBag from /home/hamza/Documents/project/Mlops/myenv/lib/python3.12/site-packages/airflow/example_dags/example_short_circuit_decorator.py
[2025-04-03T16:48:01.983+0000] {processor.py:925} INFO - DAG(s) 'example_short_circuit_decorator' retrieved from /home/hamza/Documents/project/Mlops/myenv/lib/python3.12/site-packages/airflow/example_dags/example_short_circuit_decorator.py
[2025-04-03T16:48:02.015+0000] {logging_mixin.py:190} INFO - [2025-04-03T16:48:02.014+0000] {dag.py:3239} INFO - Sync 1 DAGs
[2025-04-03T16:48:02.042+0000] {logging_mixin.py:190} INFO - [2025-04-03T16:48:02.041+0000] {dag.py:4180} INFO - Setting next_dagrun for example_short_circuit_decorator to None, run_after=None
[2025-04-03T16:48:02.080+0000] {processor.py:208} INFO - Processing /home/hamza/Documents/project/Mlops/myenv/lib/python3.12/site-packages/airflow/example_dags/example_short_circuit_decorator.py took 0.132 seconds
[2025-04-03T16:49:44.412+0000] {processor.py:186} INFO - Started process (PID=92781) to work on /home/hamza/Documents/project/Mlops/myenv/lib/python3.12/site-packages/airflow/example_dags/example_short_circuit_decorator.py
[2025-04-03T16:49:44.414+0000] {processor.py:914} INFO - Processing file /home/hamza/Documents/project/Mlops/myenv/lib/python3.12/site-packages/airflow/example_dags/example_short_circuit_decorator.py for tasks to queue
[2025-04-03T16:49:44.418+0000] {logging_mixin.py:190} INFO - [2025-04-03T16:49:44.417+0000] {dagbag.py:588} INFO - Filling up the DagBag from /home/hamza/Documents/project/Mlops/myenv/lib/python3.12/site-packages/airflow/example_dags/example_short_circuit_decorator.py
[2025-04-03T16:49:44.436+0000] {processor.py:925} INFO - DAG(s) 'example_short_circuit_decorator' retrieved from /home/hamza/Documents/project/Mlops/myenv/lib/python3.12/site-packages/airflow/example_dags/example_short_circuit_decorator.py
[2025-04-03T16:49:44.468+0000] {logging_mixin.py:190} INFO - [2025-04-03T16:49:44.468+0000] {dag.py:3239} INFO - Sync 1 DAGs
[2025-04-03T16:49:44.489+0000] {logging_mixin.py:190} INFO - [2025-04-03T16:49:44.488+0000] {dag.py:4180} INFO - Setting next_dagrun for example_short_circuit_decorator to None, run_after=None
[2025-04-03T16:49:44.523+0000] {processor.py:208} INFO - Processing /home/hamza/Documents/project/Mlops/myenv/lib/python3.12/site-packages/airflow/example_dags/example_short_circuit_decorator.py took 0.120 seconds
[2025-04-03T16:51:20.905+0000] {processor.py:186} INFO - Started process (PID=93588) to work on /home/hamza/Documents/project/Mlops/myenv/lib/python3.12/site-packages/airflow/example_dags/example_short_circuit_decorator.py
[2025-04-03T16:51:20.907+0000] {processor.py:914} INFO - Processing file /home/hamza/Documents/project/Mlops/myenv/lib/python3.12/site-packages/airflow/example_dags/example_short_circuit_decorator.py for tasks to queue
[2025-04-03T16:51:20.911+0000] {logging_mixin.py:190} INFO - [2025-04-03T16:51:20.910+0000] {dagbag.py:588} INFO - Filling up the DagBag from /home/hamza/Documents/project/Mlops/myenv/lib/python3.12/site-packages/airflow/example_dags/example_short_circuit_decorator.py
[2025-04-03T16:51:20.931+0000] {processor.py:925} INFO - DAG(s) 'example_short_circuit_decorator' retrieved from /home/hamza/Documents/project/Mlops/myenv/lib/python3.12/site-packages/airflow/example_dags/example_short_circuit_decorator.py
[2025-04-03T16:51:20.965+0000] {logging_mixin.py:190} INFO - [2025-04-03T16:51:20.965+0000] {dag.py:3239} INFO - Sync 1 DAGs
[2025-04-03T16:51:20.987+0000] {logging_mixin.py:190} INFO - [2025-04-03T16:51:20.987+0000] {dag.py:4180} INFO - Setting next_dagrun for example_short_circuit_decorator to None, run_after=None
[2025-04-03T16:51:21.031+0000] {processor.py:208} INFO - Processing /home/hamza/Documents/project/Mlops/myenv/lib/python3.12/site-packages/airflow/example_dags/example_short_circuit_decorator.py took 0.135 seconds
[2025-04-03T16:53:01.869+0000] {processor.py:186} INFO - Started process (PID=94434) to work on /home/hamza/Documents/project/Mlops/myenv/lib/python3.12/site-packages/airflow/example_dags/example_short_circuit_decorator.py
[2025-04-03T16:53:01.871+0000] {processor.py:914} INFO - Processing file /home/hamza/Documents/project/Mlops/myenv/lib/python3.12/site-packages/airflow/example_dags/example_short_circuit_decorator.py for tasks to queue
[2025-04-03T16:53:01.874+0000] {logging_mixin.py:190} INFO - [2025-04-03T16:53:01.874+0000] {dagbag.py:588} INFO - Filling up the DagBag from /home/hamza/Documents/project/Mlops/myenv/lib/python3.12/site-packages/airflow/example_dags/example_short_circuit_decorator.py
[2025-04-03T16:53:01.895+0000] {processor.py:925} INFO - DAG(s) 'example_short_circuit_decorator' retrieved from /home/hamza/Documents/project/Mlops/myenv/lib/python3.12/site-packages/airflow/example_dags/example_short_circuit_decorator.py
[2025-04-03T16:53:01.929+0000] {logging_mixin.py:190} INFO - [2025-04-03T16:53:01.928+0000] {dag.py:3239} INFO - Sync 1 DAGs
[2025-04-03T16:53:01.952+0000] {logging_mixin.py:190} INFO - [2025-04-03T16:53:01.952+0000] {dag.py:4180} INFO - Setting next_dagrun for example_short_circuit_decorator to None, run_after=None
[2025-04-03T16:53:01.990+0000] {processor.py:208} INFO - Processing /home/hamza/Documents/project/Mlops/myenv/lib/python3.12/site-packages/airflow/example_dags/example_short_circuit_decorator.py took 0.129 seconds
[2025-04-03T16:54:42.026+0000] {processor.py:186} INFO - Started process (PID=95475) to work on /home/hamza/Documents/project/Mlops/myenv/lib/python3.12/site-packages/airflow/example_dags/example_short_circuit_decorator.py
[2025-04-03T16:54:42.028+0000] {processor.py:914} INFO - Processing file /home/hamza/Documents/project/Mlops/myenv/lib/python3.12/site-packages/airflow/example_dags/example_short_circuit_decorator.py for tasks to queue
[2025-04-03T16:54:42.033+0000] {logging_mixin.py:190} INFO - [2025-04-03T16:54:42.032+0000] {dagbag.py:588} INFO - Filling up the DagBag from /home/hamza/Documents/project/Mlops/myenv/lib/python3.12/site-packages/airflow/example_dags/example_short_circuit_decorator.py
[2025-04-03T16:54:42.060+0000] {processor.py:925} INFO - DAG(s) 'example_short_circuit_decorator' retrieved from /home/hamza/Documents/project/Mlops/myenv/lib/python3.12/site-packages/airflow/example_dags/example_short_circuit_decorator.py
[2025-04-03T16:54:42.108+0000] {logging_mixin.py:190} INFO - [2025-04-03T16:54:42.108+0000] {dag.py:3239} INFO - Sync 1 DAGs
[2025-04-03T16:54:42.139+0000] {logging_mixin.py:190} INFO - [2025-04-03T16:54:42.138+0000] {dag.py:4180} INFO - Setting next_dagrun for example_short_circuit_decorator to None, run_after=None
[2025-04-03T16:54:42.183+0000] {processor.py:208} INFO - Processing /home/hamza/Documents/project/Mlops/myenv/lib/python3.12/site-packages/airflow/example_dags/example_short_circuit_decorator.py took 0.172 seconds
[2025-04-03T16:56:21.705+0000] {processor.py:186} INFO - Started process (PID=96299) to work on /home/hamza/Documents/project/Mlops/myenv/lib/python3.12/site-packages/airflow/example_dags/example_short_circuit_decorator.py
[2025-04-03T16:56:21.706+0000] {processor.py:914} INFO - Processing file /home/hamza/Documents/project/Mlops/myenv/lib/python3.12/site-packages/airflow/example_dags/example_short_circuit_decorator.py for tasks to queue
[2025-04-03T16:56:21.710+0000] {logging_mixin.py:190} INFO - [2025-04-03T16:56:21.710+0000] {dagbag.py:588} INFO - Filling up the DagBag from /home/hamza/Documents/project/Mlops/myenv/lib/python3.12/site-packages/airflow/example_dags/example_short_circuit_decorator.py
[2025-04-03T16:56:21.729+0000] {processor.py:925} INFO - DAG(s) 'example_short_circuit_decorator' retrieved from /home/hamza/Documents/project/Mlops/myenv/lib/python3.12/site-packages/airflow/example_dags/example_short_circuit_decorator.py
[2025-04-03T16:56:21.767+0000] {logging_mixin.py:190} INFO - [2025-04-03T16:56:21.767+0000] {dag.py:3239} INFO - Sync 1 DAGs
[2025-04-03T16:56:21.792+0000] {logging_mixin.py:190} INFO - [2025-04-03T16:56:21.792+0000] {dag.py:4180} INFO - Setting next_dagrun for example_short_circuit_decorator to None, run_after=None
[2025-04-03T16:56:21.831+0000] {processor.py:208} INFO - Processing /home/hamza/Documents/project/Mlops/myenv/lib/python3.12/site-packages/airflow/example_dags/example_short_circuit_decorator.py took 0.136 seconds
