[2025-04-03T13:43:57.446+0000] {processor.py:186} INFO - Started process (PID=98625) to work on /home/hamza/Documents/project/Mlops/myenv/lib/python3.12/site-packages/airflow/example_dags/example_external_task_marker_dag.py
[2025-04-03T13:43:57.448+0000] {processor.py:914} INFO - Processing file /home/hamza/Documents/project/Mlops/myenv/lib/python3.12/site-packages/airflow/example_dags/example_external_task_marker_dag.py for tasks to queue
[2025-04-03T13:43:57.452+0000] {logging_mixin.py:190} INFO - [2025-04-03T13:43:57.452+0000] {dagbag.py:588} INFO - Filling up the DagBag from /home/hamza/Documents/project/Mlops/myenv/lib/python3.12/site-packages/airflow/example_dags/example_external_task_marker_dag.py
[2025-04-03T13:43:57.470+0000] {processor.py:925} INFO - DAG(s) 'example_external_task_marker_parent', 'example_external_task_marker_child' retrieved from /home/hamza/Documents/project/Mlops/myenv/lib/python3.12/site-packages/airflow/example_dags/example_external_task_marker_dag.py
[2025-04-03T13:43:57.647+0000] {logging_mixin.py:190} INFO - [2025-04-03T13:43:57.646+0000] {override.py:1930} INFO - Created Permission View: can delete on DAG:example_external_task_marker_parent
[2025-04-03T13:43:57.669+0000] {logging_mixin.py:190} INFO - [2025-04-03T13:43:57.668+0000] {override.py:1930} INFO - Created Permission View: can read on DAG:example_external_task_marker_parent
[2025-04-03T13:43:57.684+0000] {logging_mixin.py:190} INFO - [2025-04-03T13:43:57.683+0000] {override.py:1930} INFO - Created Permission View: can edit on DAG:example_external_task_marker_parent
[2025-04-03T13:43:57.711+0000] {logging_mixin.py:190} INFO - [2025-04-03T13:43:57.711+0000] {override.py:1930} INFO - Created Permission View: can delete on DAG Run:example_external_task_marker_parent
[2025-04-03T13:43:57.725+0000] {logging_mixin.py:190} INFO - [2025-04-03T13:43:57.725+0000] {override.py:1930} INFO - Created Permission View: can read on DAG Run:example_external_task_marker_parent
[2025-04-03T13:43:57.747+0000] {logging_mixin.py:190} INFO - [2025-04-03T13:43:57.747+0000] {override.py:1930} INFO - Created Permission View: menu access on DAG Run:example_external_task_marker_parent
[2025-04-03T13:43:57.760+0000] {logging_mixin.py:190} INFO - [2025-04-03T13:43:57.759+0000] {override.py:1930} INFO - Created Permission View: can create on DAG Run:example_external_task_marker_parent
[2025-04-03T13:43:57.790+0000] {logging_mixin.py:190} INFO - [2025-04-03T13:43:57.789+0000] {override.py:1930} INFO - Created Permission View: can delete on DAG:example_external_task_marker_child
[2025-04-03T13:43:57.804+0000] {logging_mixin.py:190} INFO - [2025-04-03T13:43:57.803+0000] {override.py:1930} INFO - Created Permission View: can read on DAG:example_external_task_marker_child
[2025-04-03T13:43:57.818+0000] {logging_mixin.py:190} INFO - [2025-04-03T13:43:57.817+0000] {override.py:1930} INFO - Created Permission View: can edit on DAG:example_external_task_marker_child
[2025-04-03T13:43:57.839+0000] {logging_mixin.py:190} INFO - [2025-04-03T13:43:57.838+0000] {override.py:1930} INFO - Created Permission View: can delete on DAG Run:example_external_task_marker_child
[2025-04-03T13:43:57.855+0000] {logging_mixin.py:190} INFO - [2025-04-03T13:43:57.854+0000] {override.py:1930} INFO - Created Permission View: can read on DAG Run:example_external_task_marker_child
[2025-04-03T13:43:57.867+0000] {logging_mixin.py:190} INFO - [2025-04-03T13:43:57.867+0000] {override.py:1930} INFO - Created Permission View: menu access on DAG Run:example_external_task_marker_child
[2025-04-03T13:43:57.879+0000] {logging_mixin.py:190} INFO - [2025-04-03T13:43:57.879+0000] {override.py:1930} INFO - Created Permission View: can create on DAG Run:example_external_task_marker_child
[2025-04-03T13:43:57.880+0000] {logging_mixin.py:190} INFO - [2025-04-03T13:43:57.880+0000] {dag.py:3239} INFO - Sync 2 DAGs
[2025-04-03T13:43:57.901+0000] {logging_mixin.py:190} INFO - [2025-04-03T13:43:57.900+0000] {dag.py:3262} INFO - Creating ORM DAG for example_external_task_marker_parent
[2025-04-03T13:43:57.902+0000] {logging_mixin.py:190} INFO - [2025-04-03T13:43:57.902+0000] {dag.py:3262} INFO - Creating ORM DAG for example_external_task_marker_child
[2025-04-03T13:43:57.903+0000] {logging_mixin.py:190} INFO - [2025-04-03T13:43:57.903+0000] {dag.py:4180} INFO - Setting next_dagrun for example_external_task_marker_child to None, run_after=None
[2025-04-03T13:43:57.904+0000] {logging_mixin.py:190} INFO - [2025-04-03T13:43:57.904+0000] {dag.py:4180} INFO - Setting next_dagrun for example_external_task_marker_parent to None, run_after=None
[2025-04-03T13:43:57.941+0000] {processor.py:208} INFO - Processing /home/hamza/Documents/project/Mlops/myenv/lib/python3.12/site-packages/airflow/example_dags/example_external_task_marker_dag.py took 0.505 seconds
[2025-04-03T13:45:18.723+0000] {processor.py:186} INFO - Started process (PID=99744) to work on /home/hamza/Documents/project/Mlops/myenv/lib/python3.12/site-packages/airflow/example_dags/example_external_task_marker_dag.py
[2025-04-03T13:45:18.724+0000] {processor.py:914} INFO - Processing file /home/hamza/Documents/project/Mlops/myenv/lib/python3.12/site-packages/airflow/example_dags/example_external_task_marker_dag.py for tasks to queue
[2025-04-03T13:45:18.728+0000] {logging_mixin.py:190} INFO - [2025-04-03T13:45:18.727+0000] {dagbag.py:588} INFO - Filling up the DagBag from /home/hamza/Documents/project/Mlops/myenv/lib/python3.12/site-packages/airflow/example_dags/example_external_task_marker_dag.py
[2025-04-03T13:45:18.742+0000] {processor.py:925} INFO - DAG(s) 'example_external_task_marker_parent', 'example_external_task_marker_child' retrieved from /home/hamza/Documents/project/Mlops/myenv/lib/python3.12/site-packages/airflow/example_dags/example_external_task_marker_dag.py
[2025-04-03T13:45:18.774+0000] {logging_mixin.py:190} INFO - [2025-04-03T13:45:18.774+0000] {dag.py:3239} INFO - Sync 2 DAGs
[2025-04-03T13:45:18.797+0000] {logging_mixin.py:190} INFO - [2025-04-03T13:45:18.797+0000] {dag.py:4180} INFO - Setting next_dagrun for example_external_task_marker_child to None, run_after=None
[2025-04-03T13:45:18.804+0000] {logging_mixin.py:190} INFO - [2025-04-03T13:45:18.803+0000] {dag.py:4180} INFO - Setting next_dagrun for example_external_task_marker_parent to None, run_after=None
[2025-04-03T13:45:18.834+0000] {processor.py:208} INFO - Processing /home/hamza/Documents/project/Mlops/myenv/lib/python3.12/site-packages/airflow/example_dags/example_external_task_marker_dag.py took 0.121 seconds
[2025-04-03T13:46:25.295+0000] {processor.py:186} INFO - Started process (PID=100352) to work on /home/hamza/Documents/project/Mlops/myenv/lib/python3.12/site-packages/airflow/example_dags/example_external_task_marker_dag.py
[2025-04-03T13:46:25.297+0000] {processor.py:914} INFO - Processing file /home/hamza/Documents/project/Mlops/myenv/lib/python3.12/site-packages/airflow/example_dags/example_external_task_marker_dag.py for tasks to queue
[2025-04-03T13:46:25.301+0000] {logging_mixin.py:190} INFO - [2025-04-03T13:46:25.300+0000] {dagbag.py:588} INFO - Filling up the DagBag from /home/hamza/Documents/project/Mlops/myenv/lib/python3.12/site-packages/airflow/example_dags/example_external_task_marker_dag.py
[2025-04-03T13:46:25.315+0000] {processor.py:925} INFO - DAG(s) 'example_external_task_marker_child', 'example_external_task_marker_parent' retrieved from /home/hamza/Documents/project/Mlops/myenv/lib/python3.12/site-packages/airflow/example_dags/example_external_task_marker_dag.py
[2025-04-03T13:46:25.346+0000] {logging_mixin.py:190} INFO - [2025-04-03T13:46:25.345+0000] {dag.py:3239} INFO - Sync 2 DAGs
[2025-04-03T13:46:25.368+0000] {logging_mixin.py:190} INFO - [2025-04-03T13:46:25.368+0000] {dag.py:4180} INFO - Setting next_dagrun for example_external_task_marker_child to None, run_after=None
[2025-04-03T13:46:25.374+0000] {logging_mixin.py:190} INFO - [2025-04-03T13:46:25.374+0000] {dag.py:4180} INFO - Setting next_dagrun for example_external_task_marker_parent to None, run_after=None
[2025-04-03T13:46:25.413+0000] {processor.py:208} INFO - Processing /home/hamza/Documents/project/Mlops/myenv/lib/python3.12/site-packages/airflow/example_dags/example_external_task_marker_dag.py took 0.127 seconds
[2025-04-03T13:47:32.318+0000] {processor.py:186} INFO - Started process (PID=101142) to work on /home/hamza/Documents/project/Mlops/myenv/lib/python3.12/site-packages/airflow/example_dags/example_external_task_marker_dag.py
[2025-04-03T13:47:32.321+0000] {processor.py:914} INFO - Processing file /home/hamza/Documents/project/Mlops/myenv/lib/python3.12/site-packages/airflow/example_dags/example_external_task_marker_dag.py for tasks to queue
[2025-04-03T13:47:32.324+0000] {logging_mixin.py:190} INFO - [2025-04-03T13:47:32.323+0000] {dagbag.py:588} INFO - Filling up the DagBag from /home/hamza/Documents/project/Mlops/myenv/lib/python3.12/site-packages/airflow/example_dags/example_external_task_marker_dag.py
[2025-04-03T13:47:32.338+0000] {processor.py:925} INFO - DAG(s) 'example_external_task_marker_parent', 'example_external_task_marker_child' retrieved from /home/hamza/Documents/project/Mlops/myenv/lib/python3.12/site-packages/airflow/example_dags/example_external_task_marker_dag.py
[2025-04-03T13:47:32.369+0000] {logging_mixin.py:190} INFO - [2025-04-03T13:47:32.368+0000] {dag.py:3239} INFO - Sync 2 DAGs
[2025-04-03T13:47:32.390+0000] {logging_mixin.py:190} INFO - [2025-04-03T13:47:32.390+0000] {dag.py:4180} INFO - Setting next_dagrun for example_external_task_marker_child to None, run_after=None
[2025-04-03T13:47:32.395+0000] {logging_mixin.py:190} INFO - [2025-04-03T13:47:32.395+0000] {dag.py:4180} INFO - Setting next_dagrun for example_external_task_marker_parent to None, run_after=None
[2025-04-03T13:47:32.437+0000] {processor.py:208} INFO - Processing /home/hamza/Documents/project/Mlops/myenv/lib/python3.12/site-packages/airflow/example_dags/example_external_task_marker_dag.py took 0.128 seconds
[2025-04-03T13:50:06.175+0000] {processor.py:186} INFO - Started process (PID=103176) to work on /home/hamza/Documents/project/Mlops/myenv/lib/python3.12/site-packages/airflow/example_dags/example_external_task_marker_dag.py
[2025-04-03T13:50:06.178+0000] {processor.py:914} INFO - Processing file /home/hamza/Documents/project/Mlops/myenv/lib/python3.12/site-packages/airflow/example_dags/example_external_task_marker_dag.py for tasks to queue
[2025-04-03T13:50:06.183+0000] {logging_mixin.py:190} INFO - [2025-04-03T13:50:06.182+0000] {dagbag.py:588} INFO - Filling up the DagBag from /home/hamza/Documents/project/Mlops/myenv/lib/python3.12/site-packages/airflow/example_dags/example_external_task_marker_dag.py
[2025-04-03T13:50:06.197+0000] {processor.py:925} INFO - DAG(s) 'example_external_task_marker_child', 'example_external_task_marker_parent' retrieved from /home/hamza/Documents/project/Mlops/myenv/lib/python3.12/site-packages/airflow/example_dags/example_external_task_marker_dag.py
[2025-04-03T13:50:06.229+0000] {logging_mixin.py:190} INFO - [2025-04-03T13:50:06.228+0000] {dag.py:3239} INFO - Sync 2 DAGs
[2025-04-03T13:50:06.253+0000] {logging_mixin.py:190} INFO - [2025-04-03T13:50:06.253+0000] {dag.py:4180} INFO - Setting next_dagrun for example_external_task_marker_child to None, run_after=None
[2025-04-03T13:50:06.259+0000] {logging_mixin.py:190} INFO - [2025-04-03T13:50:06.259+0000] {dag.py:4180} INFO - Setting next_dagrun for example_external_task_marker_parent to None, run_after=None
[2025-04-03T13:50:06.293+0000] {processor.py:208} INFO - Processing /home/hamza/Documents/project/Mlops/myenv/lib/python3.12/site-packages/airflow/example_dags/example_external_task_marker_dag.py took 0.129 seconds
[2025-04-03T13:51:42.272+0000] {processor.py:186} INFO - Started process (PID=104411) to work on /home/hamza/Documents/project/Mlops/myenv/lib/python3.12/site-packages/airflow/example_dags/example_external_task_marker_dag.py
[2025-04-03T13:51:42.274+0000] {processor.py:914} INFO - Processing file /home/hamza/Documents/project/Mlops/myenv/lib/python3.12/site-packages/airflow/example_dags/example_external_task_marker_dag.py for tasks to queue
[2025-04-03T13:51:42.279+0000] {logging_mixin.py:190} INFO - [2025-04-03T13:51:42.278+0000] {dagbag.py:588} INFO - Filling up the DagBag from /home/hamza/Documents/project/Mlops/myenv/lib/python3.12/site-packages/airflow/example_dags/example_external_task_marker_dag.py
[2025-04-03T13:51:42.293+0000] {processor.py:925} INFO - DAG(s) 'example_external_task_marker_parent', 'example_external_task_marker_child' retrieved from /home/hamza/Documents/project/Mlops/myenv/lib/python3.12/site-packages/airflow/example_dags/example_external_task_marker_dag.py
[2025-04-03T13:51:42.325+0000] {logging_mixin.py:190} INFO - [2025-04-03T13:51:42.325+0000] {dag.py:3239} INFO - Sync 2 DAGs
[2025-04-03T13:51:42.346+0000] {logging_mixin.py:190} INFO - [2025-04-03T13:51:42.346+0000] {dag.py:4180} INFO - Setting next_dagrun for example_external_task_marker_child to None, run_after=None
[2025-04-03T13:51:42.352+0000] {logging_mixin.py:190} INFO - [2025-04-03T13:51:42.352+0000] {dag.py:4180} INFO - Setting next_dagrun for example_external_task_marker_parent to None, run_after=None
[2025-04-03T13:51:42.385+0000] {processor.py:208} INFO - Processing /home/hamza/Documents/project/Mlops/myenv/lib/python3.12/site-packages/airflow/example_dags/example_external_task_marker_dag.py took 0.123 seconds
[2025-04-03T13:53:26.693+0000] {processor.py:186} INFO - Started process (PID=105471) to work on /home/hamza/Documents/project/Mlops/myenv/lib/python3.12/site-packages/airflow/example_dags/example_external_task_marker_dag.py
[2025-04-03T13:53:26.694+0000] {processor.py:914} INFO - Processing file /home/hamza/Documents/project/Mlops/myenv/lib/python3.12/site-packages/airflow/example_dags/example_external_task_marker_dag.py for tasks to queue
[2025-04-03T13:53:26.698+0000] {logging_mixin.py:190} INFO - [2025-04-03T13:53:26.697+0000] {dagbag.py:588} INFO - Filling up the DagBag from /home/hamza/Documents/project/Mlops/myenv/lib/python3.12/site-packages/airflow/example_dags/example_external_task_marker_dag.py
[2025-04-03T13:53:26.713+0000] {processor.py:925} INFO - DAG(s) 'example_external_task_marker_child', 'example_external_task_marker_parent' retrieved from /home/hamza/Documents/project/Mlops/myenv/lib/python3.12/site-packages/airflow/example_dags/example_external_task_marker_dag.py
[2025-04-03T13:53:26.746+0000] {logging_mixin.py:190} INFO - [2025-04-03T13:53:26.745+0000] {dag.py:3239} INFO - Sync 2 DAGs
[2025-04-03T13:53:26.773+0000] {logging_mixin.py:190} INFO - [2025-04-03T13:53:26.773+0000] {dag.py:4180} INFO - Setting next_dagrun for example_external_task_marker_child to None, run_after=None
[2025-04-03T13:53:26.780+0000] {logging_mixin.py:190} INFO - [2025-04-03T13:53:26.779+0000] {dag.py:4180} INFO - Setting next_dagrun for example_external_task_marker_parent to None, run_after=None
[2025-04-03T13:53:26.815+0000] {processor.py:208} INFO - Processing /home/hamza/Documents/project/Mlops/myenv/lib/python3.12/site-packages/airflow/example_dags/example_external_task_marker_dag.py took 0.133 seconds
[2025-04-03T13:59:40.225+0000] {processor.py:186} INFO - Started process (PID=110199) to work on /home/hamza/Documents/project/Mlops/myenv/lib/python3.12/site-packages/airflow/example_dags/example_external_task_marker_dag.py
[2025-04-03T13:59:40.227+0000] {processor.py:914} INFO - Processing file /home/hamza/Documents/project/Mlops/myenv/lib/python3.12/site-packages/airflow/example_dags/example_external_task_marker_dag.py for tasks to queue
[2025-04-03T13:59:40.233+0000] {logging_mixin.py:190} INFO - [2025-04-03T13:59:40.233+0000] {dagbag.py:588} INFO - Filling up the DagBag from /home/hamza/Documents/project/Mlops/myenv/lib/python3.12/site-packages/airflow/example_dags/example_external_task_marker_dag.py
[2025-04-03T13:59:40.253+0000] {processor.py:925} INFO - DAG(s) 'example_external_task_marker_child', 'example_external_task_marker_parent' retrieved from /home/hamza/Documents/project/Mlops/myenv/lib/python3.12/site-packages/airflow/example_dags/example_external_task_marker_dag.py
[2025-04-03T13:59:40.298+0000] {logging_mixin.py:190} INFO - [2025-04-03T13:59:40.297+0000] {dag.py:3239} INFO - Sync 2 DAGs
[2025-04-03T13:59:40.330+0000] {logging_mixin.py:190} INFO - [2025-04-03T13:59:40.330+0000] {dag.py:4180} INFO - Setting next_dagrun for example_external_task_marker_child to None, run_after=None
[2025-04-03T13:59:40.339+0000] {logging_mixin.py:190} INFO - [2025-04-03T13:59:40.338+0000] {dag.py:4180} INFO - Setting next_dagrun for example_external_task_marker_parent to None, run_after=None
[2025-04-03T13:59:40.382+0000] {processor.py:208} INFO - Processing /home/hamza/Documents/project/Mlops/myenv/lib/python3.12/site-packages/airflow/example_dags/example_external_task_marker_dag.py took 0.170 seconds
[2025-04-03T14:10:28.460+0000] {processor.py:186} INFO - Started process (PID=118250) to work on /home/hamza/Documents/project/Mlops/myenv/lib/python3.12/site-packages/airflow/example_dags/example_external_task_marker_dag.py
[2025-04-03T14:10:28.461+0000] {processor.py:914} INFO - Processing file /home/hamza/Documents/project/Mlops/myenv/lib/python3.12/site-packages/airflow/example_dags/example_external_task_marker_dag.py for tasks to queue
[2025-04-03T14:10:28.464+0000] {logging_mixin.py:190} INFO - [2025-04-03T14:10:28.463+0000] {dagbag.py:588} INFO - Filling up the DagBag from /home/hamza/Documents/project/Mlops/myenv/lib/python3.12/site-packages/airflow/example_dags/example_external_task_marker_dag.py
[2025-04-03T14:10:28.475+0000] {processor.py:925} INFO - DAG(s) 'example_external_task_marker_child', 'example_external_task_marker_parent' retrieved from /home/hamza/Documents/project/Mlops/myenv/lib/python3.12/site-packages/airflow/example_dags/example_external_task_marker_dag.py
[2025-04-03T14:10:28.508+0000] {logging_mixin.py:190} INFO - [2025-04-03T14:10:28.507+0000] {dag.py:3239} INFO - Sync 2 DAGs
[2025-04-03T14:10:28.531+0000] {logging_mixin.py:190} INFO - [2025-04-03T14:10:28.530+0000] {dag.py:4180} INFO - Setting next_dagrun for example_external_task_marker_child to None, run_after=None
[2025-04-03T14:10:28.536+0000] {logging_mixin.py:190} INFO - [2025-04-03T14:10:28.536+0000] {dag.py:4180} INFO - Setting next_dagrun for example_external_task_marker_parent to None, run_after=None
[2025-04-03T14:10:28.568+0000] {processor.py:208} INFO - Processing /home/hamza/Documents/project/Mlops/myenv/lib/python3.12/site-packages/airflow/example_dags/example_external_task_marker_dag.py took 0.117 seconds
[2025-04-03T14:12:05.167+0000] {processor.py:186} INFO - Started process (PID=119105) to work on /home/hamza/Documents/project/Mlops/myenv/lib/python3.12/site-packages/airflow/example_dags/example_external_task_marker_dag.py
[2025-04-03T14:12:05.169+0000] {processor.py:914} INFO - Processing file /home/hamza/Documents/project/Mlops/myenv/lib/python3.12/site-packages/airflow/example_dags/example_external_task_marker_dag.py for tasks to queue
[2025-04-03T14:12:05.173+0000] {logging_mixin.py:190} INFO - [2025-04-03T14:12:05.172+0000] {dagbag.py:588} INFO - Filling up the DagBag from /home/hamza/Documents/project/Mlops/myenv/lib/python3.12/site-packages/airflow/example_dags/example_external_task_marker_dag.py
[2025-04-03T14:12:05.187+0000] {processor.py:925} INFO - DAG(s) 'example_external_task_marker_child', 'example_external_task_marker_parent' retrieved from /home/hamza/Documents/project/Mlops/myenv/lib/python3.12/site-packages/airflow/example_dags/example_external_task_marker_dag.py
[2025-04-03T14:12:05.235+0000] {logging_mixin.py:190} INFO - [2025-04-03T14:12:05.234+0000] {dag.py:3239} INFO - Sync 2 DAGs
[2025-04-03T14:12:05.257+0000] {logging_mixin.py:190} INFO - [2025-04-03T14:12:05.256+0000] {dag.py:4180} INFO - Setting next_dagrun for example_external_task_marker_child to None, run_after=None
[2025-04-03T14:12:05.263+0000] {logging_mixin.py:190} INFO - [2025-04-03T14:12:05.263+0000] {dag.py:4180} INFO - Setting next_dagrun for example_external_task_marker_parent to None, run_after=None
[2025-04-03T14:12:05.297+0000] {processor.py:208} INFO - Processing /home/hamza/Documents/project/Mlops/myenv/lib/python3.12/site-packages/airflow/example_dags/example_external_task_marker_dag.py took 0.144 seconds
[2025-04-03T14:19:08.852+0000] {processor.py:186} INFO - Started process (PID=122625) to work on /home/hamza/Documents/project/Mlops/myenv/lib/python3.12/site-packages/airflow/example_dags/example_external_task_marker_dag.py
[2025-04-03T14:19:08.855+0000] {processor.py:914} INFO - Processing file /home/hamza/Documents/project/Mlops/myenv/lib/python3.12/site-packages/airflow/example_dags/example_external_task_marker_dag.py for tasks to queue
[2025-04-03T14:19:08.858+0000] {logging_mixin.py:190} INFO - [2025-04-03T14:19:08.857+0000] {dagbag.py:588} INFO - Filling up the DagBag from /home/hamza/Documents/project/Mlops/myenv/lib/python3.12/site-packages/airflow/example_dags/example_external_task_marker_dag.py
[2025-04-03T14:19:08.870+0000] {processor.py:925} INFO - DAG(s) 'example_external_task_marker_parent', 'example_external_task_marker_child' retrieved from /home/hamza/Documents/project/Mlops/myenv/lib/python3.12/site-packages/airflow/example_dags/example_external_task_marker_dag.py
[2025-04-03T14:19:08.909+0000] {logging_mixin.py:190} INFO - [2025-04-03T14:19:08.909+0000] {dag.py:3239} INFO - Sync 2 DAGs
[2025-04-03T14:19:08.928+0000] {logging_mixin.py:190} INFO - [2025-04-03T14:19:08.928+0000] {dag.py:4180} INFO - Setting next_dagrun for example_external_task_marker_child to None, run_after=None
[2025-04-03T14:19:08.933+0000] {logging_mixin.py:190} INFO - [2025-04-03T14:19:08.932+0000] {dag.py:4180} INFO - Setting next_dagrun for example_external_task_marker_parent to None, run_after=None
[2025-04-03T14:19:08.965+0000] {processor.py:208} INFO - Processing /home/hamza/Documents/project/Mlops/myenv/lib/python3.12/site-packages/airflow/example_dags/example_external_task_marker_dag.py took 0.122 seconds
[2025-04-03T15:08:39.397+0000] {processor.py:186} INFO - Started process (PID=36306) to work on /home/hamza/Documents/project/Mlops/myenv/lib/python3.12/site-packages/airflow/example_dags/example_external_task_marker_dag.py
[2025-04-03T15:08:39.399+0000] {processor.py:914} INFO - Processing file /home/hamza/Documents/project/Mlops/myenv/lib/python3.12/site-packages/airflow/example_dags/example_external_task_marker_dag.py for tasks to queue
[2025-04-03T15:08:39.404+0000] {logging_mixin.py:190} INFO - [2025-04-03T15:08:39.403+0000] {dagbag.py:588} INFO - Filling up the DagBag from /home/hamza/Documents/project/Mlops/myenv/lib/python3.12/site-packages/airflow/example_dags/example_external_task_marker_dag.py
[2025-04-03T15:08:39.418+0000] {processor.py:925} INFO - DAG(s) 'example_external_task_marker_child', 'example_external_task_marker_parent' retrieved from /home/hamza/Documents/project/Mlops/myenv/lib/python3.12/site-packages/airflow/example_dags/example_external_task_marker_dag.py
[2025-04-03T15:08:39.453+0000] {logging_mixin.py:190} INFO - [2025-04-03T15:08:39.452+0000] {dag.py:3239} INFO - Sync 2 DAGs
[2025-04-03T15:08:39.477+0000] {logging_mixin.py:190} INFO - [2025-04-03T15:08:39.476+0000] {dag.py:4180} INFO - Setting next_dagrun for example_external_task_marker_child to None, run_after=None
[2025-04-03T15:08:39.482+0000] {logging_mixin.py:190} INFO - [2025-04-03T15:08:39.482+0000] {dag.py:4180} INFO - Setting next_dagrun for example_external_task_marker_parent to None, run_after=None
[2025-04-03T15:08:39.518+0000] {processor.py:208} INFO - Processing /home/hamza/Documents/project/Mlops/myenv/lib/python3.12/site-packages/airflow/example_dags/example_external_task_marker_dag.py took 0.130 seconds
[2025-04-03T15:10:08.970+0000] {processor.py:186} INFO - Started process (PID=37212) to work on /home/hamza/Documents/project/Mlops/myenv/lib/python3.12/site-packages/airflow/example_dags/example_external_task_marker_dag.py
[2025-04-03T15:10:08.973+0000] {processor.py:914} INFO - Processing file /home/hamza/Documents/project/Mlops/myenv/lib/python3.12/site-packages/airflow/example_dags/example_external_task_marker_dag.py for tasks to queue
[2025-04-03T15:10:08.977+0000] {logging_mixin.py:190} INFO - [2025-04-03T15:10:08.976+0000] {dagbag.py:588} INFO - Filling up the DagBag from /home/hamza/Documents/project/Mlops/myenv/lib/python3.12/site-packages/airflow/example_dags/example_external_task_marker_dag.py
[2025-04-03T15:10:08.992+0000] {processor.py:925} INFO - DAG(s) 'example_external_task_marker_parent', 'example_external_task_marker_child' retrieved from /home/hamza/Documents/project/Mlops/myenv/lib/python3.12/site-packages/airflow/example_dags/example_external_task_marker_dag.py
[2025-04-03T15:10:09.023+0000] {logging_mixin.py:190} INFO - [2025-04-03T15:10:09.023+0000] {dag.py:3239} INFO - Sync 2 DAGs
[2025-04-03T15:10:09.046+0000] {logging_mixin.py:190} INFO - [2025-04-03T15:10:09.046+0000] {dag.py:4180} INFO - Setting next_dagrun for example_external_task_marker_child to None, run_after=None
[2025-04-03T15:10:09.051+0000] {logging_mixin.py:190} INFO - [2025-04-03T15:10:09.051+0000] {dag.py:4180} INFO - Setting next_dagrun for example_external_task_marker_parent to None, run_after=None
[2025-04-03T15:10:09.081+0000] {processor.py:208} INFO - Processing /home/hamza/Documents/project/Mlops/myenv/lib/python3.12/site-packages/airflow/example_dags/example_external_task_marker_dag.py took 0.120 seconds
[2025-04-03T15:11:37.062+0000] {processor.py:186} INFO - Started process (PID=38002) to work on /home/hamza/Documents/project/Mlops/myenv/lib/python3.12/site-packages/airflow/example_dags/example_external_task_marker_dag.py
[2025-04-03T15:11:37.065+0000] {processor.py:914} INFO - Processing file /home/hamza/Documents/project/Mlops/myenv/lib/python3.12/site-packages/airflow/example_dags/example_external_task_marker_dag.py for tasks to queue
[2025-04-03T15:11:37.068+0000] {logging_mixin.py:190} INFO - [2025-04-03T15:11:37.067+0000] {dagbag.py:588} INFO - Filling up the DagBag from /home/hamza/Documents/project/Mlops/myenv/lib/python3.12/site-packages/airflow/example_dags/example_external_task_marker_dag.py
[2025-04-03T15:11:37.082+0000] {processor.py:925} INFO - DAG(s) 'example_external_task_marker_child', 'example_external_task_marker_parent' retrieved from /home/hamza/Documents/project/Mlops/myenv/lib/python3.12/site-packages/airflow/example_dags/example_external_task_marker_dag.py
[2025-04-03T15:11:37.111+0000] {logging_mixin.py:190} INFO - [2025-04-03T15:11:37.111+0000] {dag.py:3239} INFO - Sync 2 DAGs
[2025-04-03T15:11:37.135+0000] {logging_mixin.py:190} INFO - [2025-04-03T15:11:37.134+0000] {dag.py:4180} INFO - Setting next_dagrun for example_external_task_marker_child to None, run_after=None
[2025-04-03T15:11:37.144+0000] {logging_mixin.py:190} INFO - [2025-04-03T15:11:37.143+0000] {dag.py:4180} INFO - Setting next_dagrun for example_external_task_marker_parent to None, run_after=None
[2025-04-03T15:11:37.188+0000] {processor.py:208} INFO - Processing /home/hamza/Documents/project/Mlops/myenv/lib/python3.12/site-packages/airflow/example_dags/example_external_task_marker_dag.py took 0.135 seconds
[2025-04-03T15:13:12.843+0000] {processor.py:186} INFO - Started process (PID=38894) to work on /home/hamza/Documents/project/Mlops/myenv/lib/python3.12/site-packages/airflow/example_dags/example_external_task_marker_dag.py
[2025-04-03T15:13:12.844+0000] {processor.py:914} INFO - Processing file /home/hamza/Documents/project/Mlops/myenv/lib/python3.12/site-packages/airflow/example_dags/example_external_task_marker_dag.py for tasks to queue
[2025-04-03T15:13:12.848+0000] {logging_mixin.py:190} INFO - [2025-04-03T15:13:12.847+0000] {dagbag.py:588} INFO - Filling up the DagBag from /home/hamza/Documents/project/Mlops/myenv/lib/python3.12/site-packages/airflow/example_dags/example_external_task_marker_dag.py
[2025-04-03T15:13:12.864+0000] {processor.py:925} INFO - DAG(s) 'example_external_task_marker_parent', 'example_external_task_marker_child' retrieved from /home/hamza/Documents/project/Mlops/myenv/lib/python3.12/site-packages/airflow/example_dags/example_external_task_marker_dag.py
[2025-04-03T15:13:12.900+0000] {logging_mixin.py:190} INFO - [2025-04-03T15:13:12.899+0000] {dag.py:3239} INFO - Sync 2 DAGs
[2025-04-03T15:13:12.926+0000] {logging_mixin.py:190} INFO - [2025-04-03T15:13:12.925+0000] {dag.py:4180} INFO - Setting next_dagrun for example_external_task_marker_child to None, run_after=None
[2025-04-03T15:13:12.933+0000] {logging_mixin.py:190} INFO - [2025-04-03T15:13:12.933+0000] {dag.py:4180} INFO - Setting next_dagrun for example_external_task_marker_parent to None, run_after=None
[2025-04-03T15:13:12.969+0000] {processor.py:208} INFO - Processing /home/hamza/Documents/project/Mlops/myenv/lib/python3.12/site-packages/airflow/example_dags/example_external_task_marker_dag.py took 0.135 seconds
[2025-04-03T15:14:46.828+0000] {processor.py:186} INFO - Started process (PID=39761) to work on /home/hamza/Documents/project/Mlops/myenv/lib/python3.12/site-packages/airflow/example_dags/example_external_task_marker_dag.py
[2025-04-03T15:14:46.831+0000] {processor.py:914} INFO - Processing file /home/hamza/Documents/project/Mlops/myenv/lib/python3.12/site-packages/airflow/example_dags/example_external_task_marker_dag.py for tasks to queue
[2025-04-03T15:14:46.834+0000] {logging_mixin.py:190} INFO - [2025-04-03T15:14:46.834+0000] {dagbag.py:588} INFO - Filling up the DagBag from /home/hamza/Documents/project/Mlops/myenv/lib/python3.12/site-packages/airflow/example_dags/example_external_task_marker_dag.py
[2025-04-03T15:14:46.852+0000] {processor.py:925} INFO - DAG(s) 'example_external_task_marker_child', 'example_external_task_marker_parent' retrieved from /home/hamza/Documents/project/Mlops/myenv/lib/python3.12/site-packages/airflow/example_dags/example_external_task_marker_dag.py
[2025-04-03T15:14:46.890+0000] {logging_mixin.py:190} INFO - [2025-04-03T15:14:46.889+0000] {dag.py:3239} INFO - Sync 2 DAGs
[2025-04-03T15:14:46.910+0000] {logging_mixin.py:190} INFO - [2025-04-03T15:14:46.910+0000] {dag.py:4180} INFO - Setting next_dagrun for example_external_task_marker_child to None, run_after=None
[2025-04-03T15:14:46.917+0000] {logging_mixin.py:190} INFO - [2025-04-03T15:14:46.916+0000] {dag.py:4180} INFO - Setting next_dagrun for example_external_task_marker_parent to None, run_after=None
[2025-04-03T15:14:46.948+0000] {processor.py:208} INFO - Processing /home/hamza/Documents/project/Mlops/myenv/lib/python3.12/site-packages/airflow/example_dags/example_external_task_marker_dag.py took 0.129 seconds
[2025-04-03T15:16:25.980+0000] {processor.py:186} INFO - Started process (PID=40777) to work on /home/hamza/Documents/project/Mlops/myenv/lib/python3.12/site-packages/airflow/example_dags/example_external_task_marker_dag.py
[2025-04-03T15:16:25.982+0000] {processor.py:914} INFO - Processing file /home/hamza/Documents/project/Mlops/myenv/lib/python3.12/site-packages/airflow/example_dags/example_external_task_marker_dag.py for tasks to queue
[2025-04-03T15:16:25.986+0000] {logging_mixin.py:190} INFO - [2025-04-03T15:16:25.986+0000] {dagbag.py:588} INFO - Filling up the DagBag from /home/hamza/Documents/project/Mlops/myenv/lib/python3.12/site-packages/airflow/example_dags/example_external_task_marker_dag.py
[2025-04-03T15:16:26.002+0000] {processor.py:925} INFO - DAG(s) 'example_external_task_marker_parent', 'example_external_task_marker_child' retrieved from /home/hamza/Documents/project/Mlops/myenv/lib/python3.12/site-packages/airflow/example_dags/example_external_task_marker_dag.py
[2025-04-03T15:16:26.033+0000] {logging_mixin.py:190} INFO - [2025-04-03T15:16:26.032+0000] {dag.py:3239} INFO - Sync 2 DAGs
[2025-04-03T15:16:26.056+0000] {logging_mixin.py:190} INFO - [2025-04-03T15:16:26.056+0000] {dag.py:4180} INFO - Setting next_dagrun for example_external_task_marker_child to None, run_after=None
[2025-04-03T15:16:26.063+0000] {logging_mixin.py:190} INFO - [2025-04-03T15:16:26.062+0000] {dag.py:4180} INFO - Setting next_dagrun for example_external_task_marker_parent to None, run_after=None
[2025-04-03T15:16:26.094+0000] {processor.py:208} INFO - Processing /home/hamza/Documents/project/Mlops/myenv/lib/python3.12/site-packages/airflow/example_dags/example_external_task_marker_dag.py took 0.124 seconds
[2025-04-03T15:18:05.391+0000] {processor.py:186} INFO - Started process (PID=41827) to work on /home/hamza/Documents/project/Mlops/myenv/lib/python3.12/site-packages/airflow/example_dags/example_external_task_marker_dag.py
[2025-04-03T15:18:05.394+0000] {processor.py:914} INFO - Processing file /home/hamza/Documents/project/Mlops/myenv/lib/python3.12/site-packages/airflow/example_dags/example_external_task_marker_dag.py for tasks to queue
[2025-04-03T15:18:05.398+0000] {logging_mixin.py:190} INFO - [2025-04-03T15:18:05.397+0000] {dagbag.py:588} INFO - Filling up the DagBag from /home/hamza/Documents/project/Mlops/myenv/lib/python3.12/site-packages/airflow/example_dags/example_external_task_marker_dag.py
[2025-04-03T15:18:05.412+0000] {processor.py:925} INFO - DAG(s) 'example_external_task_marker_child', 'example_external_task_marker_parent' retrieved from /home/hamza/Documents/project/Mlops/myenv/lib/python3.12/site-packages/airflow/example_dags/example_external_task_marker_dag.py
[2025-04-03T15:18:05.442+0000] {logging_mixin.py:190} INFO - [2025-04-03T15:18:05.442+0000] {dag.py:3239} INFO - Sync 2 DAGs
[2025-04-03T15:18:05.462+0000] {logging_mixin.py:190} INFO - [2025-04-03T15:18:05.462+0000] {dag.py:4180} INFO - Setting next_dagrun for example_external_task_marker_child to None, run_after=None
[2025-04-03T15:18:05.468+0000] {logging_mixin.py:190} INFO - [2025-04-03T15:18:05.468+0000] {dag.py:4180} INFO - Setting next_dagrun for example_external_task_marker_parent to None, run_after=None
[2025-04-03T15:18:05.499+0000] {processor.py:208} INFO - Processing /home/hamza/Documents/project/Mlops/myenv/lib/python3.12/site-packages/airflow/example_dags/example_external_task_marker_dag.py took 0.117 seconds
[2025-04-03T15:19:36.506+0000] {processor.py:186} INFO - Started process (PID=42832) to work on /home/hamza/Documents/project/Mlops/myenv/lib/python3.12/site-packages/airflow/example_dags/example_external_task_marker_dag.py
[2025-04-03T15:19:36.508+0000] {processor.py:914} INFO - Processing file /home/hamza/Documents/project/Mlops/myenv/lib/python3.12/site-packages/airflow/example_dags/example_external_task_marker_dag.py for tasks to queue
[2025-04-03T15:19:36.512+0000] {logging_mixin.py:190} INFO - [2025-04-03T15:19:36.511+0000] {dagbag.py:588} INFO - Filling up the DagBag from /home/hamza/Documents/project/Mlops/myenv/lib/python3.12/site-packages/airflow/example_dags/example_external_task_marker_dag.py
[2025-04-03T15:19:36.526+0000] {processor.py:925} INFO - DAG(s) 'example_external_task_marker_child', 'example_external_task_marker_parent' retrieved from /home/hamza/Documents/project/Mlops/myenv/lib/python3.12/site-packages/airflow/example_dags/example_external_task_marker_dag.py
[2025-04-03T15:19:36.557+0000] {logging_mixin.py:190} INFO - [2025-04-03T15:19:36.556+0000] {dag.py:3239} INFO - Sync 2 DAGs
[2025-04-03T15:19:36.577+0000] {logging_mixin.py:190} INFO - [2025-04-03T15:19:36.576+0000] {dag.py:4180} INFO - Setting next_dagrun for example_external_task_marker_child to None, run_after=None
[2025-04-03T15:19:36.582+0000] {logging_mixin.py:190} INFO - [2025-04-03T15:19:36.582+0000] {dag.py:4180} INFO - Setting next_dagrun for example_external_task_marker_parent to None, run_after=None
[2025-04-03T15:19:36.613+0000] {processor.py:208} INFO - Processing /home/hamza/Documents/project/Mlops/myenv/lib/python3.12/site-packages/airflow/example_dags/example_external_task_marker_dag.py took 0.116 seconds
[2025-04-03T15:21:05.694+0000] {processor.py:186} INFO - Started process (PID=43713) to work on /home/hamza/Documents/project/Mlops/myenv/lib/python3.12/site-packages/airflow/example_dags/example_external_task_marker_dag.py
[2025-04-03T15:21:05.696+0000] {processor.py:914} INFO - Processing file /home/hamza/Documents/project/Mlops/myenv/lib/python3.12/site-packages/airflow/example_dags/example_external_task_marker_dag.py for tasks to queue
[2025-04-03T15:21:05.700+0000] {logging_mixin.py:190} INFO - [2025-04-03T15:21:05.699+0000] {dagbag.py:588} INFO - Filling up the DagBag from /home/hamza/Documents/project/Mlops/myenv/lib/python3.12/site-packages/airflow/example_dags/example_external_task_marker_dag.py
[2025-04-03T15:21:05.719+0000] {processor.py:925} INFO - DAG(s) 'example_external_task_marker_parent', 'example_external_task_marker_child' retrieved from /home/hamza/Documents/project/Mlops/myenv/lib/python3.12/site-packages/airflow/example_dags/example_external_task_marker_dag.py
[2025-04-03T15:21:05.755+0000] {logging_mixin.py:190} INFO - [2025-04-03T15:21:05.755+0000] {dag.py:3239} INFO - Sync 2 DAGs
[2025-04-03T15:21:05.777+0000] {logging_mixin.py:190} INFO - [2025-04-03T15:21:05.776+0000] {dag.py:4180} INFO - Setting next_dagrun for example_external_task_marker_child to None, run_after=None
[2025-04-03T15:21:05.783+0000] {logging_mixin.py:190} INFO - [2025-04-03T15:21:05.782+0000] {dag.py:4180} INFO - Setting next_dagrun for example_external_task_marker_parent to None, run_after=None
[2025-04-03T15:21:05.812+0000] {processor.py:208} INFO - Processing /home/hamza/Documents/project/Mlops/myenv/lib/python3.12/site-packages/airflow/example_dags/example_external_task_marker_dag.py took 0.127 seconds
[2025-04-03T15:22:44.185+0000] {processor.py:186} INFO - Started process (PID=44635) to work on /home/hamza/Documents/project/Mlops/myenv/lib/python3.12/site-packages/airflow/example_dags/example_external_task_marker_dag.py
[2025-04-03T15:22:44.187+0000] {processor.py:914} INFO - Processing file /home/hamza/Documents/project/Mlops/myenv/lib/python3.12/site-packages/airflow/example_dags/example_external_task_marker_dag.py for tasks to queue
[2025-04-03T15:22:44.192+0000] {logging_mixin.py:190} INFO - [2025-04-03T15:22:44.191+0000] {dagbag.py:588} INFO - Filling up the DagBag from /home/hamza/Documents/project/Mlops/myenv/lib/python3.12/site-packages/airflow/example_dags/example_external_task_marker_dag.py
[2025-04-03T15:22:44.206+0000] {processor.py:925} INFO - DAG(s) 'example_external_task_marker_child', 'example_external_task_marker_parent' retrieved from /home/hamza/Documents/project/Mlops/myenv/lib/python3.12/site-packages/airflow/example_dags/example_external_task_marker_dag.py
[2025-04-03T15:22:44.237+0000] {logging_mixin.py:190} INFO - [2025-04-03T15:22:44.237+0000] {dag.py:3239} INFO - Sync 2 DAGs
[2025-04-03T15:22:44.257+0000] {logging_mixin.py:190} INFO - [2025-04-03T15:22:44.257+0000] {dag.py:4180} INFO - Setting next_dagrun for example_external_task_marker_child to None, run_after=None
[2025-04-03T15:22:44.263+0000] {logging_mixin.py:190} INFO - [2025-04-03T15:22:44.263+0000] {dag.py:4180} INFO - Setting next_dagrun for example_external_task_marker_parent to None, run_after=None
[2025-04-03T15:22:44.292+0000] {processor.py:208} INFO - Processing /home/hamza/Documents/project/Mlops/myenv/lib/python3.12/site-packages/airflow/example_dags/example_external_task_marker_dag.py took 0.117 seconds
[2025-04-03T15:24:19.300+0000] {processor.py:186} INFO - Started process (PID=45571) to work on /home/hamza/Documents/project/Mlops/myenv/lib/python3.12/site-packages/airflow/example_dags/example_external_task_marker_dag.py
[2025-04-03T15:24:19.302+0000] {processor.py:914} INFO - Processing file /home/hamza/Documents/project/Mlops/myenv/lib/python3.12/site-packages/airflow/example_dags/example_external_task_marker_dag.py for tasks to queue
[2025-04-03T15:24:19.306+0000] {logging_mixin.py:190} INFO - [2025-04-03T15:24:19.305+0000] {dagbag.py:588} INFO - Filling up the DagBag from /home/hamza/Documents/project/Mlops/myenv/lib/python3.12/site-packages/airflow/example_dags/example_external_task_marker_dag.py
[2025-04-03T15:24:19.321+0000] {processor.py:925} INFO - DAG(s) 'example_external_task_marker_parent', 'example_external_task_marker_child' retrieved from /home/hamza/Documents/project/Mlops/myenv/lib/python3.12/site-packages/airflow/example_dags/example_external_task_marker_dag.py
[2025-04-03T15:24:19.350+0000] {logging_mixin.py:190} INFO - [2025-04-03T15:24:19.350+0000] {dag.py:3239} INFO - Sync 2 DAGs
[2025-04-03T15:24:19.370+0000] {logging_mixin.py:190} INFO - [2025-04-03T15:24:19.370+0000] {dag.py:4180} INFO - Setting next_dagrun for example_external_task_marker_child to None, run_after=None
[2025-04-03T15:24:19.376+0000] {logging_mixin.py:190} INFO - [2025-04-03T15:24:19.376+0000] {dag.py:4180} INFO - Setting next_dagrun for example_external_task_marker_parent to None, run_after=None
[2025-04-03T15:24:19.408+0000] {processor.py:208} INFO - Processing /home/hamza/Documents/project/Mlops/myenv/lib/python3.12/site-packages/airflow/example_dags/example_external_task_marker_dag.py took 0.117 seconds
[2025-04-03T15:25:49.577+0000] {processor.py:186} INFO - Started process (PID=46468) to work on /home/hamza/Documents/project/Mlops/myenv/lib/python3.12/site-packages/airflow/example_dags/example_external_task_marker_dag.py
[2025-04-03T15:25:49.581+0000] {processor.py:914} INFO - Processing file /home/hamza/Documents/project/Mlops/myenv/lib/python3.12/site-packages/airflow/example_dags/example_external_task_marker_dag.py for tasks to queue
[2025-04-03T15:25:49.585+0000] {logging_mixin.py:190} INFO - [2025-04-03T15:25:49.585+0000] {dagbag.py:588} INFO - Filling up the DagBag from /home/hamza/Documents/project/Mlops/myenv/lib/python3.12/site-packages/airflow/example_dags/example_external_task_marker_dag.py
[2025-04-03T15:25:49.600+0000] {processor.py:925} INFO - DAG(s) 'example_external_task_marker_child', 'example_external_task_marker_parent' retrieved from /home/hamza/Documents/project/Mlops/myenv/lib/python3.12/site-packages/airflow/example_dags/example_external_task_marker_dag.py
[2025-04-03T15:25:49.631+0000] {logging_mixin.py:190} INFO - [2025-04-03T15:25:49.630+0000] {dag.py:3239} INFO - Sync 2 DAGs
[2025-04-03T15:25:49.652+0000] {logging_mixin.py:190} INFO - [2025-04-03T15:25:49.652+0000] {dag.py:4180} INFO - Setting next_dagrun for example_external_task_marker_child to None, run_after=None
[2025-04-03T15:25:49.658+0000] {logging_mixin.py:190} INFO - [2025-04-03T15:25:49.658+0000] {dag.py:4180} INFO - Setting next_dagrun for example_external_task_marker_parent to None, run_after=None
[2025-04-03T15:25:49.691+0000] {processor.py:208} INFO - Processing /home/hamza/Documents/project/Mlops/myenv/lib/python3.12/site-packages/airflow/example_dags/example_external_task_marker_dag.py took 0.123 seconds
[2025-04-03T16:31:36.026+0000] {processor.py:186} INFO - Started process (PID=82888) to work on /home/hamza/Documents/project/Mlops/myenv/lib/python3.12/site-packages/airflow/example_dags/example_external_task_marker_dag.py
[2025-04-03T16:31:36.028+0000] {processor.py:914} INFO - Processing file /home/hamza/Documents/project/Mlops/myenv/lib/python3.12/site-packages/airflow/example_dags/example_external_task_marker_dag.py for tasks to queue
[2025-04-03T16:31:36.032+0000] {logging_mixin.py:190} INFO - [2025-04-03T16:31:36.031+0000] {dagbag.py:588} INFO - Filling up the DagBag from /home/hamza/Documents/project/Mlops/myenv/lib/python3.12/site-packages/airflow/example_dags/example_external_task_marker_dag.py
[2025-04-03T16:31:36.050+0000] {processor.py:925} INFO - DAG(s) 'example_external_task_marker_child', 'example_external_task_marker_parent' retrieved from /home/hamza/Documents/project/Mlops/myenv/lib/python3.12/site-packages/airflow/example_dags/example_external_task_marker_dag.py
[2025-04-03T16:31:36.197+0000] {logging_mixin.py:190} INFO - [2025-04-03T16:31:36.196+0000] {dag.py:3239} INFO - Sync 2 DAGs
[2025-04-03T16:31:36.233+0000] {logging_mixin.py:190} INFO - [2025-04-03T16:31:36.232+0000] {dag.py:4180} INFO - Setting next_dagrun for example_external_task_marker_child to None, run_after=None
[2025-04-03T16:31:36.240+0000] {logging_mixin.py:190} INFO - [2025-04-03T16:31:36.239+0000] {dag.py:4180} INFO - Setting next_dagrun for example_external_task_marker_parent to None, run_after=None
[2025-04-03T16:31:36.294+0000] {processor.py:208} INFO - Processing /home/hamza/Documents/project/Mlops/myenv/lib/python3.12/site-packages/airflow/example_dags/example_external_task_marker_dag.py took 0.280 seconds
[2025-04-03T16:34:19.927+0000] {processor.py:186} INFO - Started process (PID=84391) to work on /home/hamza/Documents/project/Mlops/myenv/lib/python3.12/site-packages/airflow/example_dags/example_external_task_marker_dag.py
[2025-04-03T16:34:19.939+0000] {processor.py:914} INFO - Processing file /home/hamza/Documents/project/Mlops/myenv/lib/python3.12/site-packages/airflow/example_dags/example_external_task_marker_dag.py for tasks to queue
[2025-04-03T16:34:19.950+0000] {logging_mixin.py:190} INFO - [2025-04-03T16:34:19.944+0000] {dagbag.py:588} INFO - Filling up the DagBag from /home/hamza/Documents/project/Mlops/myenv/lib/python3.12/site-packages/airflow/example_dags/example_external_task_marker_dag.py
[2025-04-03T16:34:20.058+0000] {processor.py:925} INFO - DAG(s) 'example_external_task_marker_child', 'example_external_task_marker_parent' retrieved from /home/hamza/Documents/project/Mlops/myenv/lib/python3.12/site-packages/airflow/example_dags/example_external_task_marker_dag.py
[2025-04-03T16:34:20.426+0000] {logging_mixin.py:190} INFO - [2025-04-03T16:34:20.395+0000] {dag.py:3239} INFO - Sync 2 DAGs
[2025-04-03T16:34:20.684+0000] {logging_mixin.py:190} INFO - [2025-04-03T16:34:20.631+0000] {dag.py:4180} INFO - Setting next_dagrun for example_external_task_marker_child to None, run_after=None
[2025-04-03T16:34:20.902+0000] {logging_mixin.py:190} INFO - [2025-04-03T16:34:20.864+0000] {dag.py:4180} INFO - Setting next_dagrun for example_external_task_marker_parent to None, run_after=None
[2025-04-03T16:34:22.259+0000] {processor.py:208} INFO - Processing /home/hamza/Documents/project/Mlops/myenv/lib/python3.12/site-packages/airflow/example_dags/example_external_task_marker_dag.py took 2.380 seconds
[2025-04-03T16:36:19.551+0000] {processor.py:186} INFO - Started process (PID=85409) to work on /home/hamza/Documents/project/Mlops/myenv/lib/python3.12/site-packages/airflow/example_dags/example_external_task_marker_dag.py
[2025-04-03T16:36:19.553+0000] {processor.py:914} INFO - Processing file /home/hamza/Documents/project/Mlops/myenv/lib/python3.12/site-packages/airflow/example_dags/example_external_task_marker_dag.py for tasks to queue
[2025-04-03T16:36:19.558+0000] {logging_mixin.py:190} INFO - [2025-04-03T16:36:19.557+0000] {dagbag.py:588} INFO - Filling up the DagBag from /home/hamza/Documents/project/Mlops/myenv/lib/python3.12/site-packages/airflow/example_dags/example_external_task_marker_dag.py
[2025-04-03T16:36:19.573+0000] {processor.py:925} INFO - DAG(s) 'example_external_task_marker_parent', 'example_external_task_marker_child' retrieved from /home/hamza/Documents/project/Mlops/myenv/lib/python3.12/site-packages/airflow/example_dags/example_external_task_marker_dag.py
[2025-04-03T16:36:19.606+0000] {logging_mixin.py:190} INFO - [2025-04-03T16:36:19.606+0000] {dag.py:3239} INFO - Sync 2 DAGs
[2025-04-03T16:36:19.628+0000] {logging_mixin.py:190} INFO - [2025-04-03T16:36:19.628+0000] {dag.py:4180} INFO - Setting next_dagrun for example_external_task_marker_child to None, run_after=None
[2025-04-03T16:36:19.635+0000] {logging_mixin.py:190} INFO - [2025-04-03T16:36:19.635+0000] {dag.py:4180} INFO - Setting next_dagrun for example_external_task_marker_parent to None, run_after=None
[2025-04-03T16:36:19.668+0000] {processor.py:208} INFO - Processing /home/hamza/Documents/project/Mlops/myenv/lib/python3.12/site-packages/airflow/example_dags/example_external_task_marker_dag.py took 0.127 seconds
[2025-04-03T16:37:48.229+0000] {processor.py:186} INFO - Started process (PID=86159) to work on /home/hamza/Documents/project/Mlops/myenv/lib/python3.12/site-packages/airflow/example_dags/example_external_task_marker_dag.py
[2025-04-03T16:37:48.231+0000] {processor.py:914} INFO - Processing file /home/hamza/Documents/project/Mlops/myenv/lib/python3.12/site-packages/airflow/example_dags/example_external_task_marker_dag.py for tasks to queue
[2025-04-03T16:37:48.237+0000] {logging_mixin.py:190} INFO - [2025-04-03T16:37:48.236+0000] {dagbag.py:588} INFO - Filling up the DagBag from /home/hamza/Documents/project/Mlops/myenv/lib/python3.12/site-packages/airflow/example_dags/example_external_task_marker_dag.py
[2025-04-03T16:37:48.254+0000] {processor.py:925} INFO - DAG(s) 'example_external_task_marker_parent', 'example_external_task_marker_child' retrieved from /home/hamza/Documents/project/Mlops/myenv/lib/python3.12/site-packages/airflow/example_dags/example_external_task_marker_dag.py
[2025-04-03T16:37:48.293+0000] {logging_mixin.py:190} INFO - [2025-04-03T16:37:48.292+0000] {dag.py:3239} INFO - Sync 2 DAGs
[2025-04-03T16:37:48.322+0000] {logging_mixin.py:190} INFO - [2025-04-03T16:37:48.322+0000] {dag.py:4180} INFO - Setting next_dagrun for example_external_task_marker_child to None, run_after=None
[2025-04-03T16:37:48.329+0000] {logging_mixin.py:190} INFO - [2025-04-03T16:37:48.329+0000] {dag.py:4180} INFO - Setting next_dagrun for example_external_task_marker_parent to None, run_after=None
[2025-04-03T16:37:48.364+0000] {processor.py:208} INFO - Processing /home/hamza/Documents/project/Mlops/myenv/lib/python3.12/site-packages/airflow/example_dags/example_external_task_marker_dag.py took 0.145 seconds
[2025-04-03T16:39:20.375+0000] {processor.py:186} INFO - Started process (PID=87388) to work on /home/hamza/Documents/project/Mlops/myenv/lib/python3.12/site-packages/airflow/example_dags/example_external_task_marker_dag.py
[2025-04-03T16:39:20.377+0000] {processor.py:914} INFO - Processing file /home/hamza/Documents/project/Mlops/myenv/lib/python3.12/site-packages/airflow/example_dags/example_external_task_marker_dag.py for tasks to queue
[2025-04-03T16:39:20.382+0000] {logging_mixin.py:190} INFO - [2025-04-03T16:39:20.381+0000] {dagbag.py:588} INFO - Filling up the DagBag from /home/hamza/Documents/project/Mlops/myenv/lib/python3.12/site-packages/airflow/example_dags/example_external_task_marker_dag.py
[2025-04-03T16:39:20.397+0000] {processor.py:925} INFO - DAG(s) 'example_external_task_marker_parent', 'example_external_task_marker_child' retrieved from /home/hamza/Documents/project/Mlops/myenv/lib/python3.12/site-packages/airflow/example_dags/example_external_task_marker_dag.py
[2025-04-03T16:39:20.431+0000] {logging_mixin.py:190} INFO - [2025-04-03T16:39:20.430+0000] {dag.py:3239} INFO - Sync 2 DAGs
[2025-04-03T16:39:20.452+0000] {logging_mixin.py:190} INFO - [2025-04-03T16:39:20.452+0000] {dag.py:4180} INFO - Setting next_dagrun for example_external_task_marker_child to None, run_after=None
[2025-04-03T16:39:20.459+0000] {logging_mixin.py:190} INFO - [2025-04-03T16:39:20.459+0000] {dag.py:4180} INFO - Setting next_dagrun for example_external_task_marker_parent to None, run_after=None
[2025-04-03T16:39:20.494+0000] {processor.py:208} INFO - Processing /home/hamza/Documents/project/Mlops/myenv/lib/python3.12/site-packages/airflow/example_dags/example_external_task_marker_dag.py took 0.128 seconds
[2025-04-03T16:40:53.238+0000] {processor.py:186} INFO - Started process (PID=88257) to work on /home/hamza/Documents/project/Mlops/myenv/lib/python3.12/site-packages/airflow/example_dags/example_external_task_marker_dag.py
[2025-04-03T16:40:53.239+0000] {processor.py:914} INFO - Processing file /home/hamza/Documents/project/Mlops/myenv/lib/python3.12/site-packages/airflow/example_dags/example_external_task_marker_dag.py for tasks to queue
[2025-04-03T16:40:53.244+0000] {logging_mixin.py:190} INFO - [2025-04-03T16:40:53.244+0000] {dagbag.py:588} INFO - Filling up the DagBag from /home/hamza/Documents/project/Mlops/myenv/lib/python3.12/site-packages/airflow/example_dags/example_external_task_marker_dag.py
[2025-04-03T16:40:53.259+0000] {processor.py:925} INFO - DAG(s) 'example_external_task_marker_parent', 'example_external_task_marker_child' retrieved from /home/hamza/Documents/project/Mlops/myenv/lib/python3.12/site-packages/airflow/example_dags/example_external_task_marker_dag.py
[2025-04-03T16:40:53.291+0000] {logging_mixin.py:190} INFO - [2025-04-03T16:40:53.290+0000] {dag.py:3239} INFO - Sync 2 DAGs
[2025-04-03T16:40:53.314+0000] {logging_mixin.py:190} INFO - [2025-04-03T16:40:53.313+0000] {dag.py:4180} INFO - Setting next_dagrun for example_external_task_marker_child to None, run_after=None
[2025-04-03T16:40:53.320+0000] {logging_mixin.py:190} INFO - [2025-04-03T16:40:53.320+0000] {dag.py:4180} INFO - Setting next_dagrun for example_external_task_marker_parent to None, run_after=None
[2025-04-03T16:40:53.350+0000] {processor.py:208} INFO - Processing /home/hamza/Documents/project/Mlops/myenv/lib/python3.12/site-packages/airflow/example_dags/example_external_task_marker_dag.py took 0.122 seconds
[2025-04-03T16:42:30.004+0000] {processor.py:186} INFO - Started process (PID=89106) to work on /home/hamza/Documents/project/Mlops/myenv/lib/python3.12/site-packages/airflow/example_dags/example_external_task_marker_dag.py
[2025-04-03T16:42:30.006+0000] {processor.py:914} INFO - Processing file /home/hamza/Documents/project/Mlops/myenv/lib/python3.12/site-packages/airflow/example_dags/example_external_task_marker_dag.py for tasks to queue
[2025-04-03T16:42:30.012+0000] {logging_mixin.py:190} INFO - [2025-04-03T16:42:30.011+0000] {dagbag.py:588} INFO - Filling up the DagBag from /home/hamza/Documents/project/Mlops/myenv/lib/python3.12/site-packages/airflow/example_dags/example_external_task_marker_dag.py
[2025-04-03T16:42:30.027+0000] {processor.py:925} INFO - DAG(s) 'example_external_task_marker_child', 'example_external_task_marker_parent' retrieved from /home/hamza/Documents/project/Mlops/myenv/lib/python3.12/site-packages/airflow/example_dags/example_external_task_marker_dag.py
[2025-04-03T16:42:30.059+0000] {logging_mixin.py:190} INFO - [2025-04-03T16:42:30.059+0000] {dag.py:3239} INFO - Sync 2 DAGs
[2025-04-03T16:42:30.082+0000] {logging_mixin.py:190} INFO - [2025-04-03T16:42:30.081+0000] {dag.py:4180} INFO - Setting next_dagrun for example_external_task_marker_child to None, run_after=None
[2025-04-03T16:42:30.088+0000] {logging_mixin.py:190} INFO - [2025-04-03T16:42:30.088+0000] {dag.py:4180} INFO - Setting next_dagrun for example_external_task_marker_parent to None, run_after=None
[2025-04-03T16:42:30.122+0000] {processor.py:208} INFO - Processing /home/hamza/Documents/project/Mlops/myenv/lib/python3.12/site-packages/airflow/example_dags/example_external_task_marker_dag.py took 0.127 seconds
[2025-04-03T16:44:04.609+0000] {processor.py:186} INFO - Started process (PID=89848) to work on /home/hamza/Documents/project/Mlops/myenv/lib/python3.12/site-packages/airflow/example_dags/example_external_task_marker_dag.py
[2025-04-03T16:44:04.612+0000] {processor.py:914} INFO - Processing file /home/hamza/Documents/project/Mlops/myenv/lib/python3.12/site-packages/airflow/example_dags/example_external_task_marker_dag.py for tasks to queue
[2025-04-03T16:44:04.616+0000] {logging_mixin.py:190} INFO - [2025-04-03T16:44:04.615+0000] {dagbag.py:588} INFO - Filling up the DagBag from /home/hamza/Documents/project/Mlops/myenv/lib/python3.12/site-packages/airflow/example_dags/example_external_task_marker_dag.py
[2025-04-03T16:44:04.630+0000] {processor.py:925} INFO - DAG(s) 'example_external_task_marker_parent', 'example_external_task_marker_child' retrieved from /home/hamza/Documents/project/Mlops/myenv/lib/python3.12/site-packages/airflow/example_dags/example_external_task_marker_dag.py
[2025-04-03T16:44:04.662+0000] {logging_mixin.py:190} INFO - [2025-04-03T16:44:04.661+0000] {dag.py:3239} INFO - Sync 2 DAGs
[2025-04-03T16:44:04.685+0000] {logging_mixin.py:190} INFO - [2025-04-03T16:44:04.685+0000] {dag.py:4180} INFO - Setting next_dagrun for example_external_task_marker_child to None, run_after=None
[2025-04-03T16:44:04.691+0000] {logging_mixin.py:190} INFO - [2025-04-03T16:44:04.690+0000] {dag.py:4180} INFO - Setting next_dagrun for example_external_task_marker_parent to None, run_after=None
[2025-04-03T16:44:04.723+0000] {processor.py:208} INFO - Processing /home/hamza/Documents/project/Mlops/myenv/lib/python3.12/site-packages/airflow/example_dags/example_external_task_marker_dag.py took 0.123 seconds
[2025-04-03T16:45:40.771+0000] {processor.py:186} INFO - Started process (PID=90669) to work on /home/hamza/Documents/project/Mlops/myenv/lib/python3.12/site-packages/airflow/example_dags/example_external_task_marker_dag.py
[2025-04-03T16:45:40.773+0000] {processor.py:914} INFO - Processing file /home/hamza/Documents/project/Mlops/myenv/lib/python3.12/site-packages/airflow/example_dags/example_external_task_marker_dag.py for tasks to queue
[2025-04-03T16:45:40.777+0000] {logging_mixin.py:190} INFO - [2025-04-03T16:45:40.776+0000] {dagbag.py:588} INFO - Filling up the DagBag from /home/hamza/Documents/project/Mlops/myenv/lib/python3.12/site-packages/airflow/example_dags/example_external_task_marker_dag.py
[2025-04-03T16:45:40.794+0000] {processor.py:925} INFO - DAG(s) 'example_external_task_marker_parent', 'example_external_task_marker_child' retrieved from /home/hamza/Documents/project/Mlops/myenv/lib/python3.12/site-packages/airflow/example_dags/example_external_task_marker_dag.py
[2025-04-03T16:45:40.825+0000] {logging_mixin.py:190} INFO - [2025-04-03T16:45:40.825+0000] {dag.py:3239} INFO - Sync 2 DAGs
[2025-04-03T16:45:40.848+0000] {logging_mixin.py:190} INFO - [2025-04-03T16:45:40.848+0000] {dag.py:4180} INFO - Setting next_dagrun for example_external_task_marker_child to None, run_after=None
[2025-04-03T16:45:40.854+0000] {logging_mixin.py:190} INFO - [2025-04-03T16:45:40.854+0000] {dag.py:4180} INFO - Setting next_dagrun for example_external_task_marker_parent to None, run_after=None
[2025-04-03T16:45:40.886+0000] {processor.py:208} INFO - Processing /home/hamza/Documents/project/Mlops/myenv/lib/python3.12/site-packages/airflow/example_dags/example_external_task_marker_dag.py took 0.125 seconds
[2025-04-03T16:47:16.439+0000] {processor.py:186} INFO - Started process (PID=91526) to work on /home/hamza/Documents/project/Mlops/myenv/lib/python3.12/site-packages/airflow/example_dags/example_external_task_marker_dag.py
[2025-04-03T16:47:16.445+0000] {processor.py:914} INFO - Processing file /home/hamza/Documents/project/Mlops/myenv/lib/python3.12/site-packages/airflow/example_dags/example_external_task_marker_dag.py for tasks to queue
[2025-04-03T16:47:16.456+0000] {logging_mixin.py:190} INFO - [2025-04-03T16:47:16.455+0000] {dagbag.py:588} INFO - Filling up the DagBag from /home/hamza/Documents/project/Mlops/myenv/lib/python3.12/site-packages/airflow/example_dags/example_external_task_marker_dag.py
[2025-04-03T16:47:16.473+0000] {processor.py:925} INFO - DAG(s) 'example_external_task_marker_child', 'example_external_task_marker_parent' retrieved from /home/hamza/Documents/project/Mlops/myenv/lib/python3.12/site-packages/airflow/example_dags/example_external_task_marker_dag.py
[2025-04-03T16:47:16.506+0000] {logging_mixin.py:190} INFO - [2025-04-03T16:47:16.505+0000] {dag.py:3239} INFO - Sync 2 DAGs
[2025-04-03T16:47:16.529+0000] {logging_mixin.py:190} INFO - [2025-04-03T16:47:16.528+0000] {dag.py:4180} INFO - Setting next_dagrun for example_external_task_marker_child to None, run_after=None
[2025-04-03T16:47:16.535+0000] {logging_mixin.py:190} INFO - [2025-04-03T16:47:16.535+0000] {dag.py:4180} INFO - Setting next_dagrun for example_external_task_marker_parent to None, run_after=None
[2025-04-03T16:47:16.568+0000] {processor.py:208} INFO - Processing /home/hamza/Documents/project/Mlops/myenv/lib/python3.12/site-packages/airflow/example_dags/example_external_task_marker_dag.py took 0.142 seconds
[2025-04-03T16:48:56.803+0000] {processor.py:186} INFO - Started process (PID=92373) to work on /home/hamza/Documents/project/Mlops/myenv/lib/python3.12/site-packages/airflow/example_dags/example_external_task_marker_dag.py
[2025-04-03T16:48:56.805+0000] {processor.py:914} INFO - Processing file /home/hamza/Documents/project/Mlops/myenv/lib/python3.12/site-packages/airflow/example_dags/example_external_task_marker_dag.py for tasks to queue
[2025-04-03T16:48:56.811+0000] {logging_mixin.py:190} INFO - [2025-04-03T16:48:56.810+0000] {dagbag.py:588} INFO - Filling up the DagBag from /home/hamza/Documents/project/Mlops/myenv/lib/python3.12/site-packages/airflow/example_dags/example_external_task_marker_dag.py
[2025-04-03T16:48:56.827+0000] {processor.py:925} INFO - DAG(s) 'example_external_task_marker_parent', 'example_external_task_marker_child' retrieved from /home/hamza/Documents/project/Mlops/myenv/lib/python3.12/site-packages/airflow/example_dags/example_external_task_marker_dag.py
[2025-04-03T16:48:56.863+0000] {logging_mixin.py:190} INFO - [2025-04-03T16:48:56.863+0000] {dag.py:3239} INFO - Sync 2 DAGs
[2025-04-03T16:48:56.894+0000] {logging_mixin.py:190} INFO - [2025-04-03T16:48:56.893+0000] {dag.py:4180} INFO - Setting next_dagrun for example_external_task_marker_child to None, run_after=None
[2025-04-03T16:48:56.900+0000] {logging_mixin.py:190} INFO - [2025-04-03T16:48:56.900+0000] {dag.py:4180} INFO - Setting next_dagrun for example_external_task_marker_parent to None, run_after=None
[2025-04-03T16:48:56.939+0000] {processor.py:208} INFO - Processing /home/hamza/Documents/project/Mlops/myenv/lib/python3.12/site-packages/airflow/example_dags/example_external_task_marker_dag.py took 0.145 seconds
[2025-04-03T16:50:34.613+0000] {processor.py:186} INFO - Started process (PID=93211) to work on /home/hamza/Documents/project/Mlops/myenv/lib/python3.12/site-packages/airflow/example_dags/example_external_task_marker_dag.py
[2025-04-03T16:50:34.615+0000] {processor.py:914} INFO - Processing file /home/hamza/Documents/project/Mlops/myenv/lib/python3.12/site-packages/airflow/example_dags/example_external_task_marker_dag.py for tasks to queue
[2025-04-03T16:50:34.619+0000] {logging_mixin.py:190} INFO - [2025-04-03T16:50:34.618+0000] {dagbag.py:588} INFO - Filling up the DagBag from /home/hamza/Documents/project/Mlops/myenv/lib/python3.12/site-packages/airflow/example_dags/example_external_task_marker_dag.py
[2025-04-03T16:50:34.637+0000] {processor.py:925} INFO - DAG(s) 'example_external_task_marker_parent', 'example_external_task_marker_child' retrieved from /home/hamza/Documents/project/Mlops/myenv/lib/python3.12/site-packages/airflow/example_dags/example_external_task_marker_dag.py
[2025-04-03T16:50:34.669+0000] {logging_mixin.py:190} INFO - [2025-04-03T16:50:34.669+0000] {dag.py:3239} INFO - Sync 2 DAGs
[2025-04-03T16:50:34.690+0000] {logging_mixin.py:190} INFO - [2025-04-03T16:50:34.690+0000] {dag.py:4180} INFO - Setting next_dagrun for example_external_task_marker_child to None, run_after=None
[2025-04-03T16:50:34.696+0000] {logging_mixin.py:190} INFO - [2025-04-03T16:50:34.696+0000] {dag.py:4180} INFO - Setting next_dagrun for example_external_task_marker_parent to None, run_after=None
[2025-04-03T16:50:34.729+0000] {processor.py:208} INFO - Processing /home/hamza/Documents/project/Mlops/myenv/lib/python3.12/site-packages/airflow/example_dags/example_external_task_marker_dag.py took 0.125 seconds
[2025-04-03T16:52:14.939+0000] {processor.py:186} INFO - Started process (PID=94045) to work on /home/hamza/Documents/project/Mlops/myenv/lib/python3.12/site-packages/airflow/example_dags/example_external_task_marker_dag.py
[2025-04-03T16:52:14.941+0000] {processor.py:914} INFO - Processing file /home/hamza/Documents/project/Mlops/myenv/lib/python3.12/site-packages/airflow/example_dags/example_external_task_marker_dag.py for tasks to queue
[2025-04-03T16:52:14.946+0000] {logging_mixin.py:190} INFO - [2025-04-03T16:52:14.945+0000] {dagbag.py:588} INFO - Filling up the DagBag from /home/hamza/Documents/project/Mlops/myenv/lib/python3.12/site-packages/airflow/example_dags/example_external_task_marker_dag.py
[2025-04-03T16:52:14.962+0000] {processor.py:925} INFO - DAG(s) 'example_external_task_marker_parent', 'example_external_task_marker_child' retrieved from /home/hamza/Documents/project/Mlops/myenv/lib/python3.12/site-packages/airflow/example_dags/example_external_task_marker_dag.py
[2025-04-03T16:52:14.996+0000] {logging_mixin.py:190} INFO - [2025-04-03T16:52:14.996+0000] {dag.py:3239} INFO - Sync 2 DAGs
[2025-04-03T16:52:15.023+0000] {logging_mixin.py:190} INFO - [2025-04-03T16:52:15.023+0000] {dag.py:4180} INFO - Setting next_dagrun for example_external_task_marker_child to None, run_after=None
[2025-04-03T16:52:15.029+0000] {logging_mixin.py:190} INFO - [2025-04-03T16:52:15.029+0000] {dag.py:4180} INFO - Setting next_dagrun for example_external_task_marker_parent to None, run_after=None
[2025-04-03T16:52:15.069+0000] {processor.py:208} INFO - Processing /home/hamza/Documents/project/Mlops/myenv/lib/python3.12/site-packages/airflow/example_dags/example_external_task_marker_dag.py took 0.139 seconds
[2025-04-03T16:53:50.850+0000] {processor.py:186} INFO - Started process (PID=94828) to work on /home/hamza/Documents/project/Mlops/myenv/lib/python3.12/site-packages/airflow/example_dags/example_external_task_marker_dag.py
[2025-04-03T16:53:50.853+0000] {processor.py:914} INFO - Processing file /home/hamza/Documents/project/Mlops/myenv/lib/python3.12/site-packages/airflow/example_dags/example_external_task_marker_dag.py for tasks to queue
[2025-04-03T16:53:50.857+0000] {logging_mixin.py:190} INFO - [2025-04-03T16:53:50.857+0000] {dagbag.py:588} INFO - Filling up the DagBag from /home/hamza/Documents/project/Mlops/myenv/lib/python3.12/site-packages/airflow/example_dags/example_external_task_marker_dag.py
[2025-04-03T16:53:50.877+0000] {processor.py:925} INFO - DAG(s) 'example_external_task_marker_child', 'example_external_task_marker_parent' retrieved from /home/hamza/Documents/project/Mlops/myenv/lib/python3.12/site-packages/airflow/example_dags/example_external_task_marker_dag.py
[2025-04-03T16:53:50.914+0000] {logging_mixin.py:190} INFO - [2025-04-03T16:53:50.913+0000] {dag.py:3239} INFO - Sync 2 DAGs
[2025-04-03T16:53:50.938+0000] {logging_mixin.py:190} INFO - [2025-04-03T16:53:50.937+0000] {dag.py:4180} INFO - Setting next_dagrun for example_external_task_marker_child to None, run_after=None
[2025-04-03T16:53:50.944+0000] {logging_mixin.py:190} INFO - [2025-04-03T16:53:50.944+0000] {dag.py:4180} INFO - Setting next_dagrun for example_external_task_marker_parent to None, run_after=None
[2025-04-03T16:53:50.982+0000] {processor.py:208} INFO - Processing /home/hamza/Documents/project/Mlops/myenv/lib/python3.12/site-packages/airflow/example_dags/example_external_task_marker_dag.py took 0.143 seconds
[2025-04-03T16:55:35.358+0000] {processor.py:186} INFO - Started process (PID=95950) to work on /home/hamza/Documents/project/Mlops/myenv/lib/python3.12/site-packages/airflow/example_dags/example_external_task_marker_dag.py
[2025-04-03T16:55:35.360+0000] {processor.py:914} INFO - Processing file /home/hamza/Documents/project/Mlops/myenv/lib/python3.12/site-packages/airflow/example_dags/example_external_task_marker_dag.py for tasks to queue
[2025-04-03T16:55:35.364+0000] {logging_mixin.py:190} INFO - [2025-04-03T16:55:35.363+0000] {dagbag.py:588} INFO - Filling up the DagBag from /home/hamza/Documents/project/Mlops/myenv/lib/python3.12/site-packages/airflow/example_dags/example_external_task_marker_dag.py
[2025-04-03T16:55:35.379+0000] {processor.py:925} INFO - DAG(s) 'example_external_task_marker_child', 'example_external_task_marker_parent' retrieved from /home/hamza/Documents/project/Mlops/myenv/lib/python3.12/site-packages/airflow/example_dags/example_external_task_marker_dag.py
[2025-04-03T16:55:35.411+0000] {logging_mixin.py:190} INFO - [2025-04-03T16:55:35.411+0000] {dag.py:3239} INFO - Sync 2 DAGs
[2025-04-03T16:55:35.435+0000] {logging_mixin.py:190} INFO - [2025-04-03T16:55:35.434+0000] {dag.py:4180} INFO - Setting next_dagrun for example_external_task_marker_child to None, run_after=None
[2025-04-03T16:55:35.443+0000] {logging_mixin.py:190} INFO - [2025-04-03T16:55:35.442+0000] {dag.py:4180} INFO - Setting next_dagrun for example_external_task_marker_parent to None, run_after=None
[2025-04-03T16:55:35.473+0000] {processor.py:208} INFO - Processing /home/hamza/Documents/project/Mlops/myenv/lib/python3.12/site-packages/airflow/example_dags/example_external_task_marker_dag.py took 0.124 seconds
