[2025-04-03T13:44:20.486+0000] {processor.py:186} INFO - Started process (PID=98964) to work on /home/hamza/Documents/project/Mlops/myenv/lib/python3.12/site-packages/airflow/example_dags/example_branch_day_of_week_operator.py
[2025-04-03T13:44:20.488+0000] {processor.py:914} INFO - Processing file /home/hamza/Documents/project/Mlops/myenv/lib/python3.12/site-packages/airflow/example_dags/example_branch_day_of_week_operator.py for tasks to queue
[2025-04-03T13:44:20.491+0000] {logging_mixin.py:190} INFO - [2025-04-03T13:44:20.491+0000] {dagbag.py:588} INFO - Filling up the DagBag from /home/hamza/Documents/project/Mlops/myenv/lib/python3.12/site-packages/airflow/example_dags/example_branch_day_of_week_operator.py
[2025-04-03T13:44:20.509+0000] {processor.py:925} INFO - DAG(s) 'example_weekday_branch_operator' retrieved from /home/hamza/Documents/project/Mlops/myenv/lib/python3.12/site-packages/airflow/example_dags/example_branch_day_of_week_operator.py
[2025-04-03T13:44:20.675+0000] {logging_mixin.py:190} INFO - [2025-04-03T13:44:20.674+0000] {override.py:1930} INFO - Created Permission View: can delete on DAG:example_weekday_branch_operator
[2025-04-03T13:44:20.693+0000] {logging_mixin.py:190} INFO - [2025-04-03T13:44:20.693+0000] {override.py:1930} INFO - Created Permission View: can read on DAG:example_weekday_branch_operator
[2025-04-03T13:44:20.708+0000] {logging_mixin.py:190} INFO - [2025-04-03T13:44:20.707+0000] {override.py:1930} INFO - Created Permission View: can edit on DAG:example_weekday_branch_operator
[2025-04-03T13:44:20.728+0000] {logging_mixin.py:190} INFO - [2025-04-03T13:44:20.727+0000] {override.py:1930} INFO - Created Permission View: can delete on DAG Run:example_weekday_branch_operator
[2025-04-03T13:44:20.743+0000] {logging_mixin.py:190} INFO - [2025-04-03T13:44:20.742+0000] {override.py:1930} INFO - Created Permission View: can read on DAG Run:example_weekday_branch_operator
[2025-04-03T13:44:20.759+0000] {logging_mixin.py:190} INFO - [2025-04-03T13:44:20.758+0000] {override.py:1930} INFO - Created Permission View: menu access on DAG Run:example_weekday_branch_operator
[2025-04-03T13:44:20.772+0000] {logging_mixin.py:190} INFO - [2025-04-03T13:44:20.772+0000] {override.py:1930} INFO - Created Permission View: can create on DAG Run:example_weekday_branch_operator
[2025-04-03T13:44:20.773+0000] {logging_mixin.py:190} INFO - [2025-04-03T13:44:20.773+0000] {dag.py:3239} INFO - Sync 1 DAGs
[2025-04-03T13:44:20.793+0000] {logging_mixin.py:190} INFO - [2025-04-03T13:44:20.792+0000] {dag.py:3262} INFO - Creating ORM DAG for example_weekday_branch_operator
[2025-04-03T13:44:20.814+0000] {logging_mixin.py:190} INFO - [2025-04-03T13:44:20.813+0000] {dag.py:4180} INFO - Setting next_dagrun for example_weekday_branch_operator to 2025-04-02 00:00:00+00:00, run_after=2025-04-03 00:00:00+00:00
[2025-04-03T13:44:20.849+0000] {processor.py:208} INFO - Processing /home/hamza/Documents/project/Mlops/myenv/lib/python3.12/site-packages/airflow/example_dags/example_branch_day_of_week_operator.py took 0.372 seconds
[2025-04-03T13:45:34.001+0000] {processor.py:186} INFO - Started process (PID=99875) to work on /home/hamza/Documents/project/Mlops/myenv/lib/python3.12/site-packages/airflow/example_dags/example_branch_day_of_week_operator.py
[2025-04-03T13:45:34.004+0000] {processor.py:914} INFO - Processing file /home/hamza/Documents/project/Mlops/myenv/lib/python3.12/site-packages/airflow/example_dags/example_branch_day_of_week_operator.py for tasks to queue
[2025-04-03T13:45:34.009+0000] {logging_mixin.py:190} INFO - [2025-04-03T13:45:34.008+0000] {dagbag.py:588} INFO - Filling up the DagBag from /home/hamza/Documents/project/Mlops/myenv/lib/python3.12/site-packages/airflow/example_dags/example_branch_day_of_week_operator.py
[2025-04-03T13:45:34.034+0000] {processor.py:925} INFO - DAG(s) 'example_weekday_branch_operator' retrieved from /home/hamza/Documents/project/Mlops/myenv/lib/python3.12/site-packages/airflow/example_dags/example_branch_day_of_week_operator.py
[2025-04-03T13:45:34.073+0000] {logging_mixin.py:190} INFO - [2025-04-03T13:45:34.072+0000] {dag.py:3239} INFO - Sync 1 DAGs
[2025-04-03T13:45:34.126+0000] {logging_mixin.py:190} INFO - [2025-04-03T13:45:34.125+0000] {dag.py:4180} INFO - Setting next_dagrun for example_weekday_branch_operator to 2025-04-02 00:00:00+00:00, run_after=2025-04-03 00:00:00+00:00
[2025-04-03T13:45:34.176+0000] {processor.py:208} INFO - Processing /home/hamza/Documents/project/Mlops/myenv/lib/python3.12/site-packages/airflow/example_dags/example_branch_day_of_week_operator.py took 0.187 seconds
[2025-04-03T13:46:41.767+0000] {processor.py:186} INFO - Started process (PID=100530) to work on /home/hamza/Documents/project/Mlops/myenv/lib/python3.12/site-packages/airflow/example_dags/example_branch_day_of_week_operator.py
[2025-04-03T13:46:41.770+0000] {processor.py:914} INFO - Processing file /home/hamza/Documents/project/Mlops/myenv/lib/python3.12/site-packages/airflow/example_dags/example_branch_day_of_week_operator.py for tasks to queue
[2025-04-03T13:46:41.773+0000] {logging_mixin.py:190} INFO - [2025-04-03T13:46:41.772+0000] {dagbag.py:588} INFO - Filling up the DagBag from /home/hamza/Documents/project/Mlops/myenv/lib/python3.12/site-packages/airflow/example_dags/example_branch_day_of_week_operator.py
[2025-04-03T13:46:41.792+0000] {processor.py:925} INFO - DAG(s) 'example_weekday_branch_operator' retrieved from /home/hamza/Documents/project/Mlops/myenv/lib/python3.12/site-packages/airflow/example_dags/example_branch_day_of_week_operator.py
[2025-04-03T13:46:41.819+0000] {logging_mixin.py:190} INFO - [2025-04-03T13:46:41.818+0000] {dag.py:3239} INFO - Sync 1 DAGs
[2025-04-03T13:46:41.856+0000] {logging_mixin.py:190} INFO - [2025-04-03T13:46:41.855+0000] {dag.py:4180} INFO - Setting next_dagrun for example_weekday_branch_operator to 2025-04-02 00:00:00+00:00, run_after=2025-04-03 00:00:00+00:00
[2025-04-03T13:46:41.893+0000] {processor.py:208} INFO - Processing /home/hamza/Documents/project/Mlops/myenv/lib/python3.12/site-packages/airflow/example_dags/example_branch_day_of_week_operator.py took 0.135 seconds
[2025-04-03T13:47:48.450+0000] {processor.py:186} INFO - Started process (PID=101358) to work on /home/hamza/Documents/project/Mlops/myenv/lib/python3.12/site-packages/airflow/example_dags/example_branch_day_of_week_operator.py
[2025-04-03T13:47:48.453+0000] {processor.py:914} INFO - Processing file /home/hamza/Documents/project/Mlops/myenv/lib/python3.12/site-packages/airflow/example_dags/example_branch_day_of_week_operator.py for tasks to queue
[2025-04-03T13:47:48.455+0000] {logging_mixin.py:190} INFO - [2025-04-03T13:47:48.455+0000] {dagbag.py:588} INFO - Filling up the DagBag from /home/hamza/Documents/project/Mlops/myenv/lib/python3.12/site-packages/airflow/example_dags/example_branch_day_of_week_operator.py
[2025-04-03T13:47:48.476+0000] {processor.py:925} INFO - DAG(s) 'example_weekday_branch_operator' retrieved from /home/hamza/Documents/project/Mlops/myenv/lib/python3.12/site-packages/airflow/example_dags/example_branch_day_of_week_operator.py
[2025-04-03T13:47:48.503+0000] {logging_mixin.py:190} INFO - [2025-04-03T13:47:48.502+0000] {dag.py:3239} INFO - Sync 1 DAGs
[2025-04-03T13:47:48.542+0000] {logging_mixin.py:190} INFO - [2025-04-03T13:47:48.541+0000] {dag.py:4180} INFO - Setting next_dagrun for example_weekday_branch_operator to 2025-04-02 00:00:00+00:00, run_after=2025-04-03 00:00:00+00:00
[2025-04-03T13:47:48.579+0000] {processor.py:208} INFO - Processing /home/hamza/Documents/project/Mlops/myenv/lib/python3.12/site-packages/airflow/example_dags/example_branch_day_of_week_operator.py took 0.138 seconds
[2025-04-03T13:50:24.932+0000] {processor.py:186} INFO - Started process (PID=103462) to work on /home/hamza/Documents/project/Mlops/myenv/lib/python3.12/site-packages/airflow/example_dags/example_branch_day_of_week_operator.py
[2025-04-03T13:50:24.934+0000] {processor.py:914} INFO - Processing file /home/hamza/Documents/project/Mlops/myenv/lib/python3.12/site-packages/airflow/example_dags/example_branch_day_of_week_operator.py for tasks to queue
[2025-04-03T13:50:24.937+0000] {logging_mixin.py:190} INFO - [2025-04-03T13:50:24.937+0000] {dagbag.py:588} INFO - Filling up the DagBag from /home/hamza/Documents/project/Mlops/myenv/lib/python3.12/site-packages/airflow/example_dags/example_branch_day_of_week_operator.py
[2025-04-03T13:50:24.954+0000] {processor.py:925} INFO - DAG(s) 'example_weekday_branch_operator' retrieved from /home/hamza/Documents/project/Mlops/myenv/lib/python3.12/site-packages/airflow/example_dags/example_branch_day_of_week_operator.py
[2025-04-03T13:50:24.982+0000] {logging_mixin.py:190} INFO - [2025-04-03T13:50:24.981+0000] {dag.py:3239} INFO - Sync 1 DAGs
[2025-04-03T13:50:25.020+0000] {logging_mixin.py:190} INFO - [2025-04-03T13:50:25.019+0000] {dag.py:4180} INFO - Setting next_dagrun for example_weekday_branch_operator to 2025-04-02 00:00:00+00:00, run_after=2025-04-03 00:00:00+00:00
[2025-04-03T13:50:25.059+0000] {processor.py:208} INFO - Processing /home/hamza/Documents/project/Mlops/myenv/lib/python3.12/site-packages/airflow/example_dags/example_branch_day_of_week_operator.py took 0.135 seconds
[2025-04-03T13:52:01.869+0000] {processor.py:186} INFO - Started process (PID=104636) to work on /home/hamza/Documents/project/Mlops/myenv/lib/python3.12/site-packages/airflow/example_dags/example_branch_day_of_week_operator.py
[2025-04-03T13:52:01.871+0000] {processor.py:914} INFO - Processing file /home/hamza/Documents/project/Mlops/myenv/lib/python3.12/site-packages/airflow/example_dags/example_branch_day_of_week_operator.py for tasks to queue
[2025-04-03T13:52:01.875+0000] {logging_mixin.py:190} INFO - [2025-04-03T13:52:01.874+0000] {dagbag.py:588} INFO - Filling up the DagBag from /home/hamza/Documents/project/Mlops/myenv/lib/python3.12/site-packages/airflow/example_dags/example_branch_day_of_week_operator.py
[2025-04-03T13:52:01.893+0000] {processor.py:925} INFO - DAG(s) 'example_weekday_branch_operator' retrieved from /home/hamza/Documents/project/Mlops/myenv/lib/python3.12/site-packages/airflow/example_dags/example_branch_day_of_week_operator.py
[2025-04-03T13:52:01.920+0000] {logging_mixin.py:190} INFO - [2025-04-03T13:52:01.919+0000] {dag.py:3239} INFO - Sync 1 DAGs
[2025-04-03T13:52:01.957+0000] {logging_mixin.py:190} INFO - [2025-04-03T13:52:01.957+0000] {dag.py:4180} INFO - Setting next_dagrun for example_weekday_branch_operator to 2025-04-02 00:00:00+00:00, run_after=2025-04-03 00:00:00+00:00
[2025-04-03T13:52:01.996+0000] {processor.py:208} INFO - Processing /home/hamza/Documents/project/Mlops/myenv/lib/python3.12/site-packages/airflow/example_dags/example_branch_day_of_week_operator.py took 0.136 seconds
[2025-04-03T13:53:42.377+0000] {processor.py:186} INFO - Started process (PID=105659) to work on /home/hamza/Documents/project/Mlops/myenv/lib/python3.12/site-packages/airflow/example_dags/example_branch_day_of_week_operator.py
[2025-04-03T13:53:42.383+0000] {processor.py:914} INFO - Processing file /home/hamza/Documents/project/Mlops/myenv/lib/python3.12/site-packages/airflow/example_dags/example_branch_day_of_week_operator.py for tasks to queue
[2025-04-03T13:53:42.387+0000] {logging_mixin.py:190} INFO - [2025-04-03T13:53:42.386+0000] {dagbag.py:588} INFO - Filling up the DagBag from /home/hamza/Documents/project/Mlops/myenv/lib/python3.12/site-packages/airflow/example_dags/example_branch_day_of_week_operator.py
[2025-04-03T13:53:42.404+0000] {processor.py:925} INFO - DAG(s) 'example_weekday_branch_operator' retrieved from /home/hamza/Documents/project/Mlops/myenv/lib/python3.12/site-packages/airflow/example_dags/example_branch_day_of_week_operator.py
[2025-04-03T13:53:42.434+0000] {logging_mixin.py:190} INFO - [2025-04-03T13:53:42.433+0000] {dag.py:3239} INFO - Sync 1 DAGs
[2025-04-03T13:53:42.469+0000] {logging_mixin.py:190} INFO - [2025-04-03T13:53:42.468+0000] {dag.py:4180} INFO - Setting next_dagrun for example_weekday_branch_operator to 2025-04-02 00:00:00+00:00, run_after=2025-04-03 00:00:00+00:00
[2025-04-03T13:53:42.505+0000] {processor.py:208} INFO - Processing /home/hamza/Documents/project/Mlops/myenv/lib/python3.12/site-packages/airflow/example_dags/example_branch_day_of_week_operator.py took 0.137 seconds
[2025-04-03T14:10:44.413+0000] {processor.py:186} INFO - Started process (PID=118377) to work on /home/hamza/Documents/project/Mlops/myenv/lib/python3.12/site-packages/airflow/example_dags/example_branch_day_of_week_operator.py
[2025-04-03T14:10:44.416+0000] {processor.py:914} INFO - Processing file /home/hamza/Documents/project/Mlops/myenv/lib/python3.12/site-packages/airflow/example_dags/example_branch_day_of_week_operator.py for tasks to queue
[2025-04-03T14:10:44.419+0000] {logging_mixin.py:190} INFO - [2025-04-03T14:10:44.418+0000] {dagbag.py:588} INFO - Filling up the DagBag from /home/hamza/Documents/project/Mlops/myenv/lib/python3.12/site-packages/airflow/example_dags/example_branch_day_of_week_operator.py
[2025-04-03T14:10:44.431+0000] {processor.py:925} INFO - DAG(s) 'example_weekday_branch_operator' retrieved from /home/hamza/Documents/project/Mlops/myenv/lib/python3.12/site-packages/airflow/example_dags/example_branch_day_of_week_operator.py
[2025-04-03T14:10:44.459+0000] {logging_mixin.py:190} INFO - [2025-04-03T14:10:44.458+0000] {dag.py:3239} INFO - Sync 1 DAGs
[2025-04-03T14:10:44.486+0000] {logging_mixin.py:190} INFO - [2025-04-03T14:10:44.486+0000] {dag.py:4180} INFO - Setting next_dagrun for example_weekday_branch_operator to 2025-04-02 00:00:00+00:00, run_after=2025-04-03 00:00:00+00:00
[2025-04-03T14:10:44.518+0000] {processor.py:208} INFO - Processing /home/hamza/Documents/project/Mlops/myenv/lib/python3.12/site-packages/airflow/example_dags/example_branch_day_of_week_operator.py took 0.115 seconds
[2025-04-03T14:12:22.681+0000] {processor.py:186} INFO - Started process (PID=119249) to work on /home/hamza/Documents/project/Mlops/myenv/lib/python3.12/site-packages/airflow/example_dags/example_branch_day_of_week_operator.py
[2025-04-03T14:12:22.683+0000] {processor.py:914} INFO - Processing file /home/hamza/Documents/project/Mlops/myenv/lib/python3.12/site-packages/airflow/example_dags/example_branch_day_of_week_operator.py for tasks to queue
[2025-04-03T14:12:22.685+0000] {logging_mixin.py:190} INFO - [2025-04-03T14:12:22.684+0000] {dagbag.py:588} INFO - Filling up the DagBag from /home/hamza/Documents/project/Mlops/myenv/lib/python3.12/site-packages/airflow/example_dags/example_branch_day_of_week_operator.py
[2025-04-03T14:12:22.699+0000] {processor.py:925} INFO - DAG(s) 'example_weekday_branch_operator' retrieved from /home/hamza/Documents/project/Mlops/myenv/lib/python3.12/site-packages/airflow/example_dags/example_branch_day_of_week_operator.py
[2025-04-03T14:12:22.730+0000] {logging_mixin.py:190} INFO - [2025-04-03T14:12:22.729+0000] {dag.py:3239} INFO - Sync 1 DAGs
[2025-04-03T14:12:22.770+0000] {logging_mixin.py:190} INFO - [2025-04-03T14:12:22.769+0000] {dag.py:4180} INFO - Setting next_dagrun for example_weekday_branch_operator to 2025-04-02 00:00:00+00:00, run_after=2025-04-03 00:00:00+00:00
[2025-04-03T14:12:22.808+0000] {processor.py:208} INFO - Processing /home/hamza/Documents/project/Mlops/myenv/lib/python3.12/site-packages/airflow/example_dags/example_branch_day_of_week_operator.py took 0.137 seconds
[2025-04-03T14:19:23.441+0000] {processor.py:186} INFO - Started process (PID=122755) to work on /home/hamza/Documents/project/Mlops/myenv/lib/python3.12/site-packages/airflow/example_dags/example_branch_day_of_week_operator.py
[2025-04-03T14:19:23.443+0000] {processor.py:914} INFO - Processing file /home/hamza/Documents/project/Mlops/myenv/lib/python3.12/site-packages/airflow/example_dags/example_branch_day_of_week_operator.py for tasks to queue
[2025-04-03T14:19:23.446+0000] {logging_mixin.py:190} INFO - [2025-04-03T14:19:23.445+0000] {dagbag.py:588} INFO - Filling up the DagBag from /home/hamza/Documents/project/Mlops/myenv/lib/python3.12/site-packages/airflow/example_dags/example_branch_day_of_week_operator.py
[2025-04-03T14:19:23.460+0000] {processor.py:925} INFO - DAG(s) 'example_weekday_branch_operator' retrieved from /home/hamza/Documents/project/Mlops/myenv/lib/python3.12/site-packages/airflow/example_dags/example_branch_day_of_week_operator.py
[2025-04-03T14:19:23.506+0000] {logging_mixin.py:190} INFO - [2025-04-03T14:19:23.505+0000] {dag.py:3239} INFO - Sync 1 DAGs
[2025-04-03T14:19:23.553+0000] {logging_mixin.py:190} INFO - [2025-04-03T14:19:23.553+0000] {dag.py:4180} INFO - Setting next_dagrun for example_weekday_branch_operator to 2025-04-02 00:00:00+00:00, run_after=2025-04-03 00:00:00+00:00
[2025-04-03T14:19:23.587+0000] {processor.py:208} INFO - Processing /home/hamza/Documents/project/Mlops/myenv/lib/python3.12/site-packages/airflow/example_dags/example_branch_day_of_week_operator.py took 0.156 seconds
[2025-04-03T15:08:54.787+0000] {processor.py:186} INFO - Started process (PID=36453) to work on /home/hamza/Documents/project/Mlops/myenv/lib/python3.12/site-packages/airflow/example_dags/example_branch_day_of_week_operator.py
[2025-04-03T15:08:54.790+0000] {processor.py:914} INFO - Processing file /home/hamza/Documents/project/Mlops/myenv/lib/python3.12/site-packages/airflow/example_dags/example_branch_day_of_week_operator.py for tasks to queue
[2025-04-03T15:08:54.796+0000] {logging_mixin.py:190} INFO - [2025-04-03T15:08:54.795+0000] {dagbag.py:588} INFO - Filling up the DagBag from /home/hamza/Documents/project/Mlops/myenv/lib/python3.12/site-packages/airflow/example_dags/example_branch_day_of_week_operator.py
[2025-04-03T15:08:54.814+0000] {processor.py:925} INFO - DAG(s) 'example_weekday_branch_operator' retrieved from /home/hamza/Documents/project/Mlops/myenv/lib/python3.12/site-packages/airflow/example_dags/example_branch_day_of_week_operator.py
[2025-04-03T15:08:54.841+0000] {logging_mixin.py:190} INFO - [2025-04-03T15:08:54.840+0000] {dag.py:3239} INFO - Sync 1 DAGs
[2025-04-03T15:08:54.876+0000] {logging_mixin.py:190} INFO - [2025-04-03T15:08:54.876+0000] {dag.py:4180} INFO - Setting next_dagrun for example_weekday_branch_operator to 2025-04-02 00:00:00+00:00, run_after=2025-04-03 00:00:00+00:00
[2025-04-03T15:08:54.909+0000] {processor.py:208} INFO - Processing /home/hamza/Documents/project/Mlops/myenv/lib/python3.12/site-packages/airflow/example_dags/example_branch_day_of_week_operator.py took 0.130 seconds
[2025-04-03T15:10:24.841+0000] {processor.py:186} INFO - Started process (PID=37366) to work on /home/hamza/Documents/project/Mlops/myenv/lib/python3.12/site-packages/airflow/example_dags/example_branch_day_of_week_operator.py
[2025-04-03T15:10:24.844+0000] {processor.py:914} INFO - Processing file /home/hamza/Documents/project/Mlops/myenv/lib/python3.12/site-packages/airflow/example_dags/example_branch_day_of_week_operator.py for tasks to queue
[2025-04-03T15:10:24.848+0000] {logging_mixin.py:190} INFO - [2025-04-03T15:10:24.848+0000] {dagbag.py:588} INFO - Filling up the DagBag from /home/hamza/Documents/project/Mlops/myenv/lib/python3.12/site-packages/airflow/example_dags/example_branch_day_of_week_operator.py
[2025-04-03T15:10:24.870+0000] {processor.py:925} INFO - DAG(s) 'example_weekday_branch_operator' retrieved from /home/hamza/Documents/project/Mlops/myenv/lib/python3.12/site-packages/airflow/example_dags/example_branch_day_of_week_operator.py
[2025-04-03T15:10:24.899+0000] {logging_mixin.py:190} INFO - [2025-04-03T15:10:24.898+0000] {dag.py:3239} INFO - Sync 1 DAGs
[2025-04-03T15:10:24.934+0000] {logging_mixin.py:190} INFO - [2025-04-03T15:10:24.934+0000] {dag.py:4180} INFO - Setting next_dagrun for example_weekday_branch_operator to 2025-04-02 00:00:00+00:00, run_after=2025-04-03 00:00:00+00:00
[2025-04-03T15:10:24.969+0000] {processor.py:208} INFO - Processing /home/hamza/Documents/project/Mlops/myenv/lib/python3.12/site-packages/airflow/example_dags/example_branch_day_of_week_operator.py took 0.136 seconds
[2025-04-03T15:11:52.806+0000] {processor.py:186} INFO - Started process (PID=38148) to work on /home/hamza/Documents/project/Mlops/myenv/lib/python3.12/site-packages/airflow/example_dags/example_branch_day_of_week_operator.py
[2025-04-03T15:11:52.812+0000] {processor.py:914} INFO - Processing file /home/hamza/Documents/project/Mlops/myenv/lib/python3.12/site-packages/airflow/example_dags/example_branch_day_of_week_operator.py for tasks to queue
[2025-04-03T15:11:52.816+0000] {logging_mixin.py:190} INFO - [2025-04-03T15:11:52.815+0000] {dagbag.py:588} INFO - Filling up the DagBag from /home/hamza/Documents/project/Mlops/myenv/lib/python3.12/site-packages/airflow/example_dags/example_branch_day_of_week_operator.py
[2025-04-03T15:11:52.834+0000] {processor.py:925} INFO - DAG(s) 'example_weekday_branch_operator' retrieved from /home/hamza/Documents/project/Mlops/myenv/lib/python3.12/site-packages/airflow/example_dags/example_branch_day_of_week_operator.py
[2025-04-03T15:11:52.861+0000] {logging_mixin.py:190} INFO - [2025-04-03T15:11:52.861+0000] {dag.py:3239} INFO - Sync 1 DAGs
[2025-04-03T15:11:52.895+0000] {logging_mixin.py:190} INFO - [2025-04-03T15:11:52.894+0000] {dag.py:4180} INFO - Setting next_dagrun for example_weekday_branch_operator to 2025-04-02 00:00:00+00:00, run_after=2025-04-03 00:00:00+00:00
[2025-04-03T15:11:52.931+0000] {processor.py:208} INFO - Processing /home/hamza/Documents/project/Mlops/myenv/lib/python3.12/site-packages/airflow/example_dags/example_branch_day_of_week_operator.py took 0.133 seconds
[2025-04-03T15:13:30.682+0000] {processor.py:186} INFO - Started process (PID=39052) to work on /home/hamza/Documents/project/Mlops/myenv/lib/python3.12/site-packages/airflow/example_dags/example_branch_day_of_week_operator.py
[2025-04-03T15:13:30.685+0000] {processor.py:914} INFO - Processing file /home/hamza/Documents/project/Mlops/myenv/lib/python3.12/site-packages/airflow/example_dags/example_branch_day_of_week_operator.py for tasks to queue
[2025-04-03T15:13:30.689+0000] {logging_mixin.py:190} INFO - [2025-04-03T15:13:30.688+0000] {dagbag.py:588} INFO - Filling up the DagBag from /home/hamza/Documents/project/Mlops/myenv/lib/python3.12/site-packages/airflow/example_dags/example_branch_day_of_week_operator.py
[2025-04-03T15:13:30.707+0000] {processor.py:925} INFO - DAG(s) 'example_weekday_branch_operator' retrieved from /home/hamza/Documents/project/Mlops/myenv/lib/python3.12/site-packages/airflow/example_dags/example_branch_day_of_week_operator.py
[2025-04-03T15:13:30.733+0000] {logging_mixin.py:190} INFO - [2025-04-03T15:13:30.732+0000] {dag.py:3239} INFO - Sync 1 DAGs
[2025-04-03T15:13:30.769+0000] {logging_mixin.py:190} INFO - [2025-04-03T15:13:30.768+0000] {dag.py:4180} INFO - Setting next_dagrun for example_weekday_branch_operator to 2025-04-02 00:00:00+00:00, run_after=2025-04-03 00:00:00+00:00
[2025-04-03T15:13:30.807+0000] {processor.py:208} INFO - Processing /home/hamza/Documents/project/Mlops/myenv/lib/python3.12/site-packages/airflow/example_dags/example_branch_day_of_week_operator.py took 0.134 seconds
[2025-04-03T15:15:03.935+0000] {processor.py:186} INFO - Started process (PID=39955) to work on /home/hamza/Documents/project/Mlops/myenv/lib/python3.12/site-packages/airflow/example_dags/example_branch_day_of_week_operator.py
[2025-04-03T15:15:03.938+0000] {processor.py:914} INFO - Processing file /home/hamza/Documents/project/Mlops/myenv/lib/python3.12/site-packages/airflow/example_dags/example_branch_day_of_week_operator.py for tasks to queue
[2025-04-03T15:15:03.942+0000] {logging_mixin.py:190} INFO - [2025-04-03T15:15:03.941+0000] {dagbag.py:588} INFO - Filling up the DagBag from /home/hamza/Documents/project/Mlops/myenv/lib/python3.12/site-packages/airflow/example_dags/example_branch_day_of_week_operator.py
[2025-04-03T15:15:03.963+0000] {processor.py:925} INFO - DAG(s) 'example_weekday_branch_operator' retrieved from /home/hamza/Documents/project/Mlops/myenv/lib/python3.12/site-packages/airflow/example_dags/example_branch_day_of_week_operator.py
[2025-04-03T15:15:03.993+0000] {logging_mixin.py:190} INFO - [2025-04-03T15:15:03.992+0000] {dag.py:3239} INFO - Sync 1 DAGs
[2025-04-03T15:15:04.033+0000] {logging_mixin.py:190} INFO - [2025-04-03T15:15:04.032+0000] {dag.py:4180} INFO - Setting next_dagrun for example_weekday_branch_operator to 2025-04-02 00:00:00+00:00, run_after=2025-04-03 00:00:00+00:00
[2025-04-03T15:15:04.072+0000] {processor.py:208} INFO - Processing /home/hamza/Documents/project/Mlops/myenv/lib/python3.12/site-packages/airflow/example_dags/example_branch_day_of_week_operator.py took 0.147 seconds
[2025-04-03T15:16:43.531+0000] {processor.py:186} INFO - Started process (PID=40940) to work on /home/hamza/Documents/project/Mlops/myenv/lib/python3.12/site-packages/airflow/example_dags/example_branch_day_of_week_operator.py
[2025-04-03T15:16:43.534+0000] {processor.py:914} INFO - Processing file /home/hamza/Documents/project/Mlops/myenv/lib/python3.12/site-packages/airflow/example_dags/example_branch_day_of_week_operator.py for tasks to queue
[2025-04-03T15:16:43.538+0000] {logging_mixin.py:190} INFO - [2025-04-03T15:16:43.537+0000] {dagbag.py:588} INFO - Filling up the DagBag from /home/hamza/Documents/project/Mlops/myenv/lib/python3.12/site-packages/airflow/example_dags/example_branch_day_of_week_operator.py
[2025-04-03T15:16:43.556+0000] {processor.py:925} INFO - DAG(s) 'example_weekday_branch_operator' retrieved from /home/hamza/Documents/project/Mlops/myenv/lib/python3.12/site-packages/airflow/example_dags/example_branch_day_of_week_operator.py
[2025-04-03T15:16:43.583+0000] {logging_mixin.py:190} INFO - [2025-04-03T15:16:43.583+0000] {dag.py:3239} INFO - Sync 1 DAGs
[2025-04-03T15:16:43.618+0000] {logging_mixin.py:190} INFO - [2025-04-03T15:16:43.617+0000] {dag.py:4180} INFO - Setting next_dagrun for example_weekday_branch_operator to 2025-04-02 00:00:00+00:00, run_after=2025-04-03 00:00:00+00:00
[2025-04-03T15:16:43.652+0000] {processor.py:208} INFO - Processing /home/hamza/Documents/project/Mlops/myenv/lib/python3.12/site-packages/airflow/example_dags/example_branch_day_of_week_operator.py took 0.130 seconds
[2025-04-03T15:18:20.456+0000] {processor.py:186} INFO - Started process (PID=41975) to work on /home/hamza/Documents/project/Mlops/myenv/lib/python3.12/site-packages/airflow/example_dags/example_branch_day_of_week_operator.py
[2025-04-03T15:18:20.459+0000] {processor.py:914} INFO - Processing file /home/hamza/Documents/project/Mlops/myenv/lib/python3.12/site-packages/airflow/example_dags/example_branch_day_of_week_operator.py for tasks to queue
[2025-04-03T15:18:20.463+0000] {logging_mixin.py:190} INFO - [2025-04-03T15:18:20.462+0000] {dagbag.py:588} INFO - Filling up the DagBag from /home/hamza/Documents/project/Mlops/myenv/lib/python3.12/site-packages/airflow/example_dags/example_branch_day_of_week_operator.py
[2025-04-03T15:18:20.480+0000] {processor.py:925} INFO - DAG(s) 'example_weekday_branch_operator' retrieved from /home/hamza/Documents/project/Mlops/myenv/lib/python3.12/site-packages/airflow/example_dags/example_branch_day_of_week_operator.py
[2025-04-03T15:18:20.506+0000] {logging_mixin.py:190} INFO - [2025-04-03T15:18:20.506+0000] {dag.py:3239} INFO - Sync 1 DAGs
[2025-04-03T15:18:20.540+0000] {logging_mixin.py:190} INFO - [2025-04-03T15:18:20.539+0000] {dag.py:4180} INFO - Setting next_dagrun for example_weekday_branch_operator to 2025-04-02 00:00:00+00:00, run_after=2025-04-03 00:00:00+00:00
[2025-04-03T15:18:20.577+0000] {processor.py:208} INFO - Processing /home/hamza/Documents/project/Mlops/myenv/lib/python3.12/site-packages/airflow/example_dags/example_branch_day_of_week_operator.py took 0.129 seconds
[2025-04-03T15:19:50.879+0000] {processor.py:186} INFO - Started process (PID=42954) to work on /home/hamza/Documents/project/Mlops/myenv/lib/python3.12/site-packages/airflow/example_dags/example_branch_day_of_week_operator.py
[2025-04-03T15:19:50.881+0000] {processor.py:914} INFO - Processing file /home/hamza/Documents/project/Mlops/myenv/lib/python3.12/site-packages/airflow/example_dags/example_branch_day_of_week_operator.py for tasks to queue
[2025-04-03T15:19:50.886+0000] {logging_mixin.py:190} INFO - [2025-04-03T15:19:50.885+0000] {dagbag.py:588} INFO - Filling up the DagBag from /home/hamza/Documents/project/Mlops/myenv/lib/python3.12/site-packages/airflow/example_dags/example_branch_day_of_week_operator.py
[2025-04-03T15:19:50.903+0000] {processor.py:925} INFO - DAG(s) 'example_weekday_branch_operator' retrieved from /home/hamza/Documents/project/Mlops/myenv/lib/python3.12/site-packages/airflow/example_dags/example_branch_day_of_week_operator.py
[2025-04-03T15:19:50.930+0000] {logging_mixin.py:190} INFO - [2025-04-03T15:19:50.930+0000] {dag.py:3239} INFO - Sync 1 DAGs
[2025-04-03T15:19:50.965+0000] {logging_mixin.py:190} INFO - [2025-04-03T15:19:50.964+0000] {dag.py:4180} INFO - Setting next_dagrun for example_weekday_branch_operator to 2025-04-02 00:00:00+00:00, run_after=2025-04-03 00:00:00+00:00
[2025-04-03T15:19:51.003+0000] {processor.py:208} INFO - Processing /home/hamza/Documents/project/Mlops/myenv/lib/python3.12/site-packages/airflow/example_dags/example_branch_day_of_week_operator.py took 0.134 seconds
[2025-04-03T15:21:22.516+0000] {processor.py:186} INFO - Started process (PID=43858) to work on /home/hamza/Documents/project/Mlops/myenv/lib/python3.12/site-packages/airflow/example_dags/example_branch_day_of_week_operator.py
[2025-04-03T15:21:22.517+0000] {processor.py:914} INFO - Processing file /home/hamza/Documents/project/Mlops/myenv/lib/python3.12/site-packages/airflow/example_dags/example_branch_day_of_week_operator.py for tasks to queue
[2025-04-03T15:21:22.520+0000] {logging_mixin.py:190} INFO - [2025-04-03T15:21:22.519+0000] {dagbag.py:588} INFO - Filling up the DagBag from /home/hamza/Documents/project/Mlops/myenv/lib/python3.12/site-packages/airflow/example_dags/example_branch_day_of_week_operator.py
[2025-04-03T15:21:22.536+0000] {processor.py:925} INFO - DAG(s) 'example_weekday_branch_operator' retrieved from /home/hamza/Documents/project/Mlops/myenv/lib/python3.12/site-packages/airflow/example_dags/example_branch_day_of_week_operator.py
[2025-04-03T15:21:22.561+0000] {logging_mixin.py:190} INFO - [2025-04-03T15:21:22.560+0000] {dag.py:3239} INFO - Sync 1 DAGs
[2025-04-03T15:21:22.595+0000] {logging_mixin.py:190} INFO - [2025-04-03T15:21:22.594+0000] {dag.py:4180} INFO - Setting next_dagrun for example_weekday_branch_operator to 2025-04-02 00:00:00+00:00, run_after=2025-04-03 00:00:00+00:00
[2025-04-03T15:21:22.628+0000] {processor.py:208} INFO - Processing /home/hamza/Documents/project/Mlops/myenv/lib/python3.12/site-packages/airflow/example_dags/example_branch_day_of_week_operator.py took 0.120 seconds
[2025-04-03T15:22:59.832+0000] {processor.py:186} INFO - Started process (PID=44778) to work on /home/hamza/Documents/project/Mlops/myenv/lib/python3.12/site-packages/airflow/example_dags/example_branch_day_of_week_operator.py
[2025-04-03T15:22:59.835+0000] {processor.py:914} INFO - Processing file /home/hamza/Documents/project/Mlops/myenv/lib/python3.12/site-packages/airflow/example_dags/example_branch_day_of_week_operator.py for tasks to queue
[2025-04-03T15:22:59.838+0000] {logging_mixin.py:190} INFO - [2025-04-03T15:22:59.838+0000] {dagbag.py:588} INFO - Filling up the DagBag from /home/hamza/Documents/project/Mlops/myenv/lib/python3.12/site-packages/airflow/example_dags/example_branch_day_of_week_operator.py
[2025-04-03T15:22:59.856+0000] {processor.py:925} INFO - DAG(s) 'example_weekday_branch_operator' retrieved from /home/hamza/Documents/project/Mlops/myenv/lib/python3.12/site-packages/airflow/example_dags/example_branch_day_of_week_operator.py
[2025-04-03T15:22:59.882+0000] {logging_mixin.py:190} INFO - [2025-04-03T15:22:59.882+0000] {dag.py:3239} INFO - Sync 1 DAGs
[2025-04-03T15:22:59.920+0000] {logging_mixin.py:190} INFO - [2025-04-03T15:22:59.919+0000] {dag.py:4180} INFO - Setting next_dagrun for example_weekday_branch_operator to 2025-04-02 00:00:00+00:00, run_after=2025-04-03 00:00:00+00:00
[2025-04-03T15:22:59.956+0000] {processor.py:208} INFO - Processing /home/hamza/Documents/project/Mlops/myenv/lib/python3.12/site-packages/airflow/example_dags/example_branch_day_of_week_operator.py took 0.134 seconds
[2025-04-03T15:24:36.143+0000] {processor.py:186} INFO - Started process (PID=45747) to work on /home/hamza/Documents/project/Mlops/myenv/lib/python3.12/site-packages/airflow/example_dags/example_branch_day_of_week_operator.py
[2025-04-03T15:24:36.144+0000] {processor.py:914} INFO - Processing file /home/hamza/Documents/project/Mlops/myenv/lib/python3.12/site-packages/airflow/example_dags/example_branch_day_of_week_operator.py for tasks to queue
[2025-04-03T15:24:36.148+0000] {logging_mixin.py:190} INFO - [2025-04-03T15:24:36.147+0000] {dagbag.py:588} INFO - Filling up the DagBag from /home/hamza/Documents/project/Mlops/myenv/lib/python3.12/site-packages/airflow/example_dags/example_branch_day_of_week_operator.py
[2025-04-03T15:24:36.166+0000] {processor.py:925} INFO - DAG(s) 'example_weekday_branch_operator' retrieved from /home/hamza/Documents/project/Mlops/myenv/lib/python3.12/site-packages/airflow/example_dags/example_branch_day_of_week_operator.py
[2025-04-03T15:24:36.199+0000] {logging_mixin.py:190} INFO - [2025-04-03T15:24:36.198+0000] {dag.py:3239} INFO - Sync 1 DAGs
[2025-04-03T15:24:36.237+0000] {logging_mixin.py:190} INFO - [2025-04-03T15:24:36.237+0000] {dag.py:4180} INFO - Setting next_dagrun for example_weekday_branch_operator to 2025-04-02 00:00:00+00:00, run_after=2025-04-03 00:00:00+00:00
[2025-04-03T15:24:36.277+0000] {processor.py:208} INFO - Processing /home/hamza/Documents/project/Mlops/myenv/lib/python3.12/site-packages/airflow/example_dags/example_branch_day_of_week_operator.py took 0.144 seconds
[2025-04-03T15:26:06.098+0000] {processor.py:186} INFO - Started process (PID=46629) to work on /home/hamza/Documents/project/Mlops/myenv/lib/python3.12/site-packages/airflow/example_dags/example_branch_day_of_week_operator.py
[2025-04-03T15:26:06.101+0000] {processor.py:914} INFO - Processing file /home/hamza/Documents/project/Mlops/myenv/lib/python3.12/site-packages/airflow/example_dags/example_branch_day_of_week_operator.py for tasks to queue
[2025-04-03T15:26:06.106+0000] {logging_mixin.py:190} INFO - [2025-04-03T15:26:06.105+0000] {dagbag.py:588} INFO - Filling up the DagBag from /home/hamza/Documents/project/Mlops/myenv/lib/python3.12/site-packages/airflow/example_dags/example_branch_day_of_week_operator.py
[2025-04-03T15:26:06.124+0000] {processor.py:925} INFO - DAG(s) 'example_weekday_branch_operator' retrieved from /home/hamza/Documents/project/Mlops/myenv/lib/python3.12/site-packages/airflow/example_dags/example_branch_day_of_week_operator.py
[2025-04-03T15:26:06.152+0000] {logging_mixin.py:190} INFO - [2025-04-03T15:26:06.151+0000] {dag.py:3239} INFO - Sync 1 DAGs
[2025-04-03T15:26:06.187+0000] {logging_mixin.py:190} INFO - [2025-04-03T15:26:06.187+0000] {dag.py:4180} INFO - Setting next_dagrun for example_weekday_branch_operator to 2025-04-02 00:00:00+00:00, run_after=2025-04-03 00:00:00+00:00
[2025-04-03T15:26:06.226+0000] {processor.py:208} INFO - Processing /home/hamza/Documents/project/Mlops/myenv/lib/python3.12/site-packages/airflow/example_dags/example_branch_day_of_week_operator.py took 0.136 seconds
[2025-04-03T16:32:35.093+0000] {processor.py:186} INFO - Started process (PID=83396) to work on /home/hamza/Documents/project/Mlops/myenv/lib/python3.12/site-packages/airflow/example_dags/example_branch_day_of_week_operator.py
[2025-04-03T16:32:35.094+0000] {processor.py:914} INFO - Processing file /home/hamza/Documents/project/Mlops/myenv/lib/python3.12/site-packages/airflow/example_dags/example_branch_day_of_week_operator.py for tasks to queue
[2025-04-03T16:32:35.100+0000] {logging_mixin.py:190} INFO - [2025-04-03T16:32:35.099+0000] {dagbag.py:588} INFO - Filling up the DagBag from /home/hamza/Documents/project/Mlops/myenv/lib/python3.12/site-packages/airflow/example_dags/example_branch_day_of_week_operator.py
[2025-04-03T16:32:35.117+0000] {processor.py:925} INFO - DAG(s) 'example_weekday_branch_operator' retrieved from /home/hamza/Documents/project/Mlops/myenv/lib/python3.12/site-packages/airflow/example_dags/example_branch_day_of_week_operator.py
[2025-04-03T16:32:35.144+0000] {logging_mixin.py:190} INFO - [2025-04-03T16:32:35.144+0000] {dag.py:3239} INFO - Sync 1 DAGs
[2025-04-03T16:32:35.183+0000] {logging_mixin.py:190} INFO - [2025-04-03T16:32:35.182+0000] {dag.py:4180} INFO - Setting next_dagrun for example_weekday_branch_operator to 2025-04-02 00:00:00+00:00, run_after=2025-04-03 00:00:00+00:00
[2025-04-03T16:32:35.222+0000] {processor.py:208} INFO - Processing /home/hamza/Documents/project/Mlops/myenv/lib/python3.12/site-packages/airflow/example_dags/example_branch_day_of_week_operator.py took 0.137 seconds
[2025-04-03T16:34:45.951+0000] {processor.py:186} INFO - Started process (PID=84611) to work on /home/hamza/Documents/project/Mlops/myenv/lib/python3.12/site-packages/airflow/example_dags/example_branch_day_of_week_operator.py
[2025-04-03T16:34:45.953+0000] {processor.py:914} INFO - Processing file /home/hamza/Documents/project/Mlops/myenv/lib/python3.12/site-packages/airflow/example_dags/example_branch_day_of_week_operator.py for tasks to queue
[2025-04-03T16:34:45.961+0000] {logging_mixin.py:190} INFO - [2025-04-03T16:34:45.960+0000] {dagbag.py:588} INFO - Filling up the DagBag from /home/hamza/Documents/project/Mlops/myenv/lib/python3.12/site-packages/airflow/example_dags/example_branch_day_of_week_operator.py
[2025-04-03T16:34:45.979+0000] {processor.py:925} INFO - DAG(s) 'example_weekday_branch_operator' retrieved from /home/hamza/Documents/project/Mlops/myenv/lib/python3.12/site-packages/airflow/example_dags/example_branch_day_of_week_operator.py
[2025-04-03T16:34:46.009+0000] {logging_mixin.py:190} INFO - [2025-04-03T16:34:46.008+0000] {dag.py:3239} INFO - Sync 1 DAGs
[2025-04-03T16:34:46.049+0000] {logging_mixin.py:190} INFO - [2025-04-03T16:34:46.049+0000] {dag.py:4180} INFO - Setting next_dagrun for example_weekday_branch_operator to 2025-04-02 00:00:00+00:00, run_after=2025-04-03 00:00:00+00:00
[2025-04-03T16:34:46.087+0000] {processor.py:208} INFO - Processing /home/hamza/Documents/project/Mlops/myenv/lib/python3.12/site-packages/airflow/example_dags/example_branch_day_of_week_operator.py took 0.146 seconds
[2025-04-03T16:36:34.134+0000] {processor.py:186} INFO - Started process (PID=85547) to work on /home/hamza/Documents/project/Mlops/myenv/lib/python3.12/site-packages/airflow/example_dags/example_branch_day_of_week_operator.py
[2025-04-03T16:36:34.136+0000] {processor.py:914} INFO - Processing file /home/hamza/Documents/project/Mlops/myenv/lib/python3.12/site-packages/airflow/example_dags/example_branch_day_of_week_operator.py for tasks to queue
[2025-04-03T16:36:34.139+0000] {logging_mixin.py:190} INFO - [2025-04-03T16:36:34.139+0000] {dagbag.py:588} INFO - Filling up the DagBag from /home/hamza/Documents/project/Mlops/myenv/lib/python3.12/site-packages/airflow/example_dags/example_branch_day_of_week_operator.py
[2025-04-03T16:36:34.158+0000] {processor.py:925} INFO - DAG(s) 'example_weekday_branch_operator' retrieved from /home/hamza/Documents/project/Mlops/myenv/lib/python3.12/site-packages/airflow/example_dags/example_branch_day_of_week_operator.py
[2025-04-03T16:36:34.187+0000] {logging_mixin.py:190} INFO - [2025-04-03T16:36:34.186+0000] {dag.py:3239} INFO - Sync 1 DAGs
[2025-04-03T16:36:34.223+0000] {logging_mixin.py:190} INFO - [2025-04-03T16:36:34.222+0000] {dag.py:4180} INFO - Setting next_dagrun for example_weekday_branch_operator to 2025-04-02 00:00:00+00:00, run_after=2025-04-03 00:00:00+00:00
[2025-04-03T16:36:34.260+0000] {processor.py:208} INFO - Processing /home/hamza/Documents/project/Mlops/myenv/lib/python3.12/site-packages/airflow/example_dags/example_branch_day_of_week_operator.py took 0.136 seconds
[2025-04-03T16:38:03.412+0000] {processor.py:186} INFO - Started process (PID=86314) to work on /home/hamza/Documents/project/Mlops/myenv/lib/python3.12/site-packages/airflow/example_dags/example_branch_day_of_week_operator.py
[2025-04-03T16:38:03.413+0000] {processor.py:914} INFO - Processing file /home/hamza/Documents/project/Mlops/myenv/lib/python3.12/site-packages/airflow/example_dags/example_branch_day_of_week_operator.py for tasks to queue
[2025-04-03T16:38:03.417+0000] {logging_mixin.py:190} INFO - [2025-04-03T16:38:03.417+0000] {dagbag.py:588} INFO - Filling up the DagBag from /home/hamza/Documents/project/Mlops/myenv/lib/python3.12/site-packages/airflow/example_dags/example_branch_day_of_week_operator.py
[2025-04-03T16:38:03.438+0000] {processor.py:925} INFO - DAG(s) 'example_weekday_branch_operator' retrieved from /home/hamza/Documents/project/Mlops/myenv/lib/python3.12/site-packages/airflow/example_dags/example_branch_day_of_week_operator.py
[2025-04-03T16:38:03.470+0000] {logging_mixin.py:190} INFO - [2025-04-03T16:38:03.469+0000] {dag.py:3239} INFO - Sync 1 DAGs
[2025-04-03T16:38:03.510+0000] {logging_mixin.py:190} INFO - [2025-04-03T16:38:03.510+0000] {dag.py:4180} INFO - Setting next_dagrun for example_weekday_branch_operator to 2025-04-02 00:00:00+00:00, run_after=2025-04-03 00:00:00+00:00
[2025-04-03T16:38:03.548+0000] {processor.py:208} INFO - Processing /home/hamza/Documents/project/Mlops/myenv/lib/python3.12/site-packages/airflow/example_dags/example_branch_day_of_week_operator.py took 0.147 seconds
[2025-04-03T16:39:36.612+0000] {processor.py:186} INFO - Started process (PID=87563) to work on /home/hamza/Documents/project/Mlops/myenv/lib/python3.12/site-packages/airflow/example_dags/example_branch_day_of_week_operator.py
[2025-04-03T16:39:36.614+0000] {processor.py:914} INFO - Processing file /home/hamza/Documents/project/Mlops/myenv/lib/python3.12/site-packages/airflow/example_dags/example_branch_day_of_week_operator.py for tasks to queue
[2025-04-03T16:39:36.619+0000] {logging_mixin.py:190} INFO - [2025-04-03T16:39:36.618+0000] {dagbag.py:588} INFO - Filling up the DagBag from /home/hamza/Documents/project/Mlops/myenv/lib/python3.12/site-packages/airflow/example_dags/example_branch_day_of_week_operator.py
[2025-04-03T16:39:36.642+0000] {processor.py:925} INFO - DAG(s) 'example_weekday_branch_operator' retrieved from /home/hamza/Documents/project/Mlops/myenv/lib/python3.12/site-packages/airflow/example_dags/example_branch_day_of_week_operator.py
[2025-04-03T16:39:36.671+0000] {logging_mixin.py:190} INFO - [2025-04-03T16:39:36.671+0000] {dag.py:3239} INFO - Sync 1 DAGs
[2025-04-03T16:39:36.709+0000] {logging_mixin.py:190} INFO - [2025-04-03T16:39:36.708+0000] {dag.py:4180} INFO - Setting next_dagrun for example_weekday_branch_operator to 2025-04-02 00:00:00+00:00, run_after=2025-04-03 00:00:00+00:00
[2025-04-03T16:39:36.755+0000] {processor.py:208} INFO - Processing /home/hamza/Documents/project/Mlops/myenv/lib/python3.12/site-packages/airflow/example_dags/example_branch_day_of_week_operator.py took 0.157 seconds
[2025-04-03T16:41:11.096+0000] {processor.py:186} INFO - Started process (PID=88516) to work on /home/hamza/Documents/project/Mlops/myenv/lib/python3.12/site-packages/airflow/example_dags/example_branch_day_of_week_operator.py
[2025-04-03T16:41:11.098+0000] {processor.py:914} INFO - Processing file /home/hamza/Documents/project/Mlops/myenv/lib/python3.12/site-packages/airflow/example_dags/example_branch_day_of_week_operator.py for tasks to queue
[2025-04-03T16:41:11.102+0000] {logging_mixin.py:190} INFO - [2025-04-03T16:41:11.101+0000] {dagbag.py:588} INFO - Filling up the DagBag from /home/hamza/Documents/project/Mlops/myenv/lib/python3.12/site-packages/airflow/example_dags/example_branch_day_of_week_operator.py
[2025-04-03T16:41:11.120+0000] {processor.py:925} INFO - DAG(s) 'example_weekday_branch_operator' retrieved from /home/hamza/Documents/project/Mlops/myenv/lib/python3.12/site-packages/airflow/example_dags/example_branch_day_of_week_operator.py
[2025-04-03T16:41:11.149+0000] {logging_mixin.py:190} INFO - [2025-04-03T16:41:11.148+0000] {dag.py:3239} INFO - Sync 1 DAGs
[2025-04-03T16:41:11.184+0000] {logging_mixin.py:190} INFO - [2025-04-03T16:41:11.183+0000] {dag.py:4180} INFO - Setting next_dagrun for example_weekday_branch_operator to 2025-04-02 00:00:00+00:00, run_after=2025-04-03 00:00:00+00:00
[2025-04-03T16:41:11.221+0000] {processor.py:208} INFO - Processing /home/hamza/Documents/project/Mlops/myenv/lib/python3.12/site-packages/airflow/example_dags/example_branch_day_of_week_operator.py took 0.134 seconds
[2025-04-03T16:42:47.150+0000] {processor.py:186} INFO - Started process (PID=89277) to work on /home/hamza/Documents/project/Mlops/myenv/lib/python3.12/site-packages/airflow/example_dags/example_branch_day_of_week_operator.py
[2025-04-03T16:42:47.152+0000] {processor.py:914} INFO - Processing file /home/hamza/Documents/project/Mlops/myenv/lib/python3.12/site-packages/airflow/example_dags/example_branch_day_of_week_operator.py for tasks to queue
[2025-04-03T16:42:47.156+0000] {logging_mixin.py:190} INFO - [2025-04-03T16:42:47.155+0000] {dagbag.py:588} INFO - Filling up the DagBag from /home/hamza/Documents/project/Mlops/myenv/lib/python3.12/site-packages/airflow/example_dags/example_branch_day_of_week_operator.py
[2025-04-03T16:42:47.176+0000] {processor.py:925} INFO - DAG(s) 'example_weekday_branch_operator' retrieved from /home/hamza/Documents/project/Mlops/myenv/lib/python3.12/site-packages/airflow/example_dags/example_branch_day_of_week_operator.py
[2025-04-03T16:42:47.203+0000] {logging_mixin.py:190} INFO - [2025-04-03T16:42:47.202+0000] {dag.py:3239} INFO - Sync 1 DAGs
[2025-04-03T16:42:47.241+0000] {logging_mixin.py:190} INFO - [2025-04-03T16:42:47.241+0000] {dag.py:4180} INFO - Setting next_dagrun for example_weekday_branch_operator to 2025-04-02 00:00:00+00:00, run_after=2025-04-03 00:00:00+00:00
[2025-04-03T16:42:47.277+0000] {processor.py:208} INFO - Processing /home/hamza/Documents/project/Mlops/myenv/lib/python3.12/site-packages/airflow/example_dags/example_branch_day_of_week_operator.py took 0.136 seconds
[2025-04-03T16:44:22.442+0000] {processor.py:186} INFO - Started process (PID=89981) to work on /home/hamza/Documents/project/Mlops/myenv/lib/python3.12/site-packages/airflow/example_dags/example_branch_day_of_week_operator.py
[2025-04-03T16:44:22.444+0000] {processor.py:914} INFO - Processing file /home/hamza/Documents/project/Mlops/myenv/lib/python3.12/site-packages/airflow/example_dags/example_branch_day_of_week_operator.py for tasks to queue
[2025-04-03T16:44:22.448+0000] {logging_mixin.py:190} INFO - [2025-04-03T16:44:22.448+0000] {dagbag.py:588} INFO - Filling up the DagBag from /home/hamza/Documents/project/Mlops/myenv/lib/python3.12/site-packages/airflow/example_dags/example_branch_day_of_week_operator.py
[2025-04-03T16:44:22.467+0000] {processor.py:925} INFO - DAG(s) 'example_weekday_branch_operator' retrieved from /home/hamza/Documents/project/Mlops/myenv/lib/python3.12/site-packages/airflow/example_dags/example_branch_day_of_week_operator.py
[2025-04-03T16:44:22.494+0000] {logging_mixin.py:190} INFO - [2025-04-03T16:44:22.494+0000] {dag.py:3239} INFO - Sync 1 DAGs
[2025-04-03T16:44:22.531+0000] {logging_mixin.py:190} INFO - [2025-04-03T16:44:22.531+0000] {dag.py:4180} INFO - Setting next_dagrun for example_weekday_branch_operator to 2025-04-02 00:00:00+00:00, run_after=2025-04-03 00:00:00+00:00
[2025-04-03T16:44:22.568+0000] {processor.py:208} INFO - Processing /home/hamza/Documents/project/Mlops/myenv/lib/python3.12/site-packages/airflow/example_dags/example_branch_day_of_week_operator.py took 0.137 seconds
[2025-04-03T16:45:57.773+0000] {processor.py:186} INFO - Started process (PID=90817) to work on /home/hamza/Documents/project/Mlops/myenv/lib/python3.12/site-packages/airflow/example_dags/example_branch_day_of_week_operator.py
[2025-04-03T16:45:57.775+0000] {processor.py:914} INFO - Processing file /home/hamza/Documents/project/Mlops/myenv/lib/python3.12/site-packages/airflow/example_dags/example_branch_day_of_week_operator.py for tasks to queue
[2025-04-03T16:45:57.778+0000] {logging_mixin.py:190} INFO - [2025-04-03T16:45:57.778+0000] {dagbag.py:588} INFO - Filling up the DagBag from /home/hamza/Documents/project/Mlops/myenv/lib/python3.12/site-packages/airflow/example_dags/example_branch_day_of_week_operator.py
[2025-04-03T16:45:57.799+0000] {processor.py:925} INFO - DAG(s) 'example_weekday_branch_operator' retrieved from /home/hamza/Documents/project/Mlops/myenv/lib/python3.12/site-packages/airflow/example_dags/example_branch_day_of_week_operator.py
[2025-04-03T16:45:57.831+0000] {logging_mixin.py:190} INFO - [2025-04-03T16:45:57.830+0000] {dag.py:3239} INFO - Sync 1 DAGs
[2025-04-03T16:45:57.869+0000] {logging_mixin.py:190} INFO - [2025-04-03T16:45:57.868+0000] {dag.py:4180} INFO - Setting next_dagrun for example_weekday_branch_operator to 2025-04-02 00:00:00+00:00, run_after=2025-04-03 00:00:00+00:00
[2025-04-03T16:45:57.913+0000] {processor.py:208} INFO - Processing /home/hamza/Documents/project/Mlops/myenv/lib/python3.12/site-packages/airflow/example_dags/example_branch_day_of_week_operator.py took 0.150 seconds
[2025-04-03T16:47:32.197+0000] {processor.py:186} INFO - Started process (PID=91662) to work on /home/hamza/Documents/project/Mlops/myenv/lib/python3.12/site-packages/airflow/example_dags/example_branch_day_of_week_operator.py
[2025-04-03T16:47:32.200+0000] {processor.py:914} INFO - Processing file /home/hamza/Documents/project/Mlops/myenv/lib/python3.12/site-packages/airflow/example_dags/example_branch_day_of_week_operator.py for tasks to queue
[2025-04-03T16:47:32.203+0000] {logging_mixin.py:190} INFO - [2025-04-03T16:47:32.203+0000] {dagbag.py:588} INFO - Filling up the DagBag from /home/hamza/Documents/project/Mlops/myenv/lib/python3.12/site-packages/airflow/example_dags/example_branch_day_of_week_operator.py
[2025-04-03T16:47:32.222+0000] {processor.py:925} INFO - DAG(s) 'example_weekday_branch_operator' retrieved from /home/hamza/Documents/project/Mlops/myenv/lib/python3.12/site-packages/airflow/example_dags/example_branch_day_of_week_operator.py
[2025-04-03T16:47:32.248+0000] {logging_mixin.py:190} INFO - [2025-04-03T16:47:32.248+0000] {dag.py:3239} INFO - Sync 1 DAGs
[2025-04-03T16:47:32.283+0000] {logging_mixin.py:190} INFO - [2025-04-03T16:47:32.283+0000] {dag.py:4180} INFO - Setting next_dagrun for example_weekday_branch_operator to 2025-04-02 00:00:00+00:00, run_after=2025-04-03 00:00:00+00:00
[2025-04-03T16:47:32.320+0000] {processor.py:208} INFO - Processing /home/hamza/Documents/project/Mlops/myenv/lib/python3.12/site-packages/airflow/example_dags/example_branch_day_of_week_operator.py took 0.133 seconds
[2025-04-03T16:49:13.660+0000] {processor.py:186} INFO - Started process (PID=92513) to work on /home/hamza/Documents/project/Mlops/myenv/lib/python3.12/site-packages/airflow/example_dags/example_branch_day_of_week_operator.py
[2025-04-03T16:49:13.662+0000] {processor.py:914} INFO - Processing file /home/hamza/Documents/project/Mlops/myenv/lib/python3.12/site-packages/airflow/example_dags/example_branch_day_of_week_operator.py for tasks to queue
[2025-04-03T16:49:13.667+0000] {logging_mixin.py:190} INFO - [2025-04-03T16:49:13.666+0000] {dagbag.py:588} INFO - Filling up the DagBag from /home/hamza/Documents/project/Mlops/myenv/lib/python3.12/site-packages/airflow/example_dags/example_branch_day_of_week_operator.py
[2025-04-03T16:49:13.687+0000] {processor.py:925} INFO - DAG(s) 'example_weekday_branch_operator' retrieved from /home/hamza/Documents/project/Mlops/myenv/lib/python3.12/site-packages/airflow/example_dags/example_branch_day_of_week_operator.py
[2025-04-03T16:49:13.716+0000] {logging_mixin.py:190} INFO - [2025-04-03T16:49:13.715+0000] {dag.py:3239} INFO - Sync 1 DAGs
[2025-04-03T16:49:13.756+0000] {logging_mixin.py:190} INFO - [2025-04-03T16:49:13.755+0000] {dag.py:4180} INFO - Setting next_dagrun for example_weekday_branch_operator to 2025-04-02 00:00:00+00:00, run_after=2025-04-03 00:00:00+00:00
[2025-04-03T16:49:13.793+0000] {processor.py:208} INFO - Processing /home/hamza/Documents/project/Mlops/myenv/lib/python3.12/site-packages/airflow/example_dags/example_branch_day_of_week_operator.py took 0.143 seconds
[2025-04-03T16:50:50.498+0000] {processor.py:186} INFO - Started process (PID=93350) to work on /home/hamza/Documents/project/Mlops/myenv/lib/python3.12/site-packages/airflow/example_dags/example_branch_day_of_week_operator.py
[2025-04-03T16:50:50.499+0000] {processor.py:914} INFO - Processing file /home/hamza/Documents/project/Mlops/myenv/lib/python3.12/site-packages/airflow/example_dags/example_branch_day_of_week_operator.py for tasks to queue
[2025-04-03T16:50:50.503+0000] {logging_mixin.py:190} INFO - [2025-04-03T16:50:50.503+0000] {dagbag.py:588} INFO - Filling up the DagBag from /home/hamza/Documents/project/Mlops/myenv/lib/python3.12/site-packages/airflow/example_dags/example_branch_day_of_week_operator.py
[2025-04-03T16:50:50.523+0000] {processor.py:925} INFO - DAG(s) 'example_weekday_branch_operator' retrieved from /home/hamza/Documents/project/Mlops/myenv/lib/python3.12/site-packages/airflow/example_dags/example_branch_day_of_week_operator.py
[2025-04-03T16:50:50.556+0000] {logging_mixin.py:190} INFO - [2025-04-03T16:50:50.555+0000] {dag.py:3239} INFO - Sync 1 DAGs
[2025-04-03T16:50:50.596+0000] {logging_mixin.py:190} INFO - [2025-04-03T16:50:50.595+0000] {dag.py:4180} INFO - Setting next_dagrun for example_weekday_branch_operator to 2025-04-02 00:00:00+00:00, run_after=2025-04-03 00:00:00+00:00
[2025-04-03T16:50:50.636+0000] {processor.py:208} INFO - Processing /home/hamza/Documents/project/Mlops/myenv/lib/python3.12/site-packages/airflow/example_dags/example_branch_day_of_week_operator.py took 0.147 seconds
[2025-04-03T16:52:31.794+0000] {processor.py:186} INFO - Started process (PID=94180) to work on /home/hamza/Documents/project/Mlops/myenv/lib/python3.12/site-packages/airflow/example_dags/example_branch_day_of_week_operator.py
[2025-04-03T16:52:31.795+0000] {processor.py:914} INFO - Processing file /home/hamza/Documents/project/Mlops/myenv/lib/python3.12/site-packages/airflow/example_dags/example_branch_day_of_week_operator.py for tasks to queue
[2025-04-03T16:52:31.799+0000] {logging_mixin.py:190} INFO - [2025-04-03T16:52:31.799+0000] {dagbag.py:588} INFO - Filling up the DagBag from /home/hamza/Documents/project/Mlops/myenv/lib/python3.12/site-packages/airflow/example_dags/example_branch_day_of_week_operator.py
[2025-04-03T16:52:31.818+0000] {processor.py:925} INFO - DAG(s) 'example_weekday_branch_operator' retrieved from /home/hamza/Documents/project/Mlops/myenv/lib/python3.12/site-packages/airflow/example_dags/example_branch_day_of_week_operator.py
[2025-04-03T16:52:31.846+0000] {logging_mixin.py:190} INFO - [2025-04-03T16:52:31.846+0000] {dag.py:3239} INFO - Sync 1 DAGs
[2025-04-03T16:52:31.883+0000] {logging_mixin.py:190} INFO - [2025-04-03T16:52:31.883+0000] {dag.py:4180} INFO - Setting next_dagrun for example_weekday_branch_operator to 2025-04-02 00:00:00+00:00, run_after=2025-04-03 00:00:00+00:00
[2025-04-03T16:52:31.921+0000] {processor.py:208} INFO - Processing /home/hamza/Documents/project/Mlops/myenv/lib/python3.12/site-packages/airflow/example_dags/example_branch_day_of_week_operator.py took 0.137 seconds
[2025-04-03T16:54:08.014+0000] {processor.py:186} INFO - Started process (PID=95041) to work on /home/hamza/Documents/project/Mlops/myenv/lib/python3.12/site-packages/airflow/example_dags/example_branch_day_of_week_operator.py
[2025-04-03T16:54:08.015+0000] {processor.py:914} INFO - Processing file /home/hamza/Documents/project/Mlops/myenv/lib/python3.12/site-packages/airflow/example_dags/example_branch_day_of_week_operator.py for tasks to queue
[2025-04-03T16:54:08.019+0000] {logging_mixin.py:190} INFO - [2025-04-03T16:54:08.018+0000] {dagbag.py:588} INFO - Filling up the DagBag from /home/hamza/Documents/project/Mlops/myenv/lib/python3.12/site-packages/airflow/example_dags/example_branch_day_of_week_operator.py
[2025-04-03T16:54:08.039+0000] {processor.py:925} INFO - DAG(s) 'example_weekday_branch_operator' retrieved from /home/hamza/Documents/project/Mlops/myenv/lib/python3.12/site-packages/airflow/example_dags/example_branch_day_of_week_operator.py
[2025-04-03T16:54:08.072+0000] {logging_mixin.py:190} INFO - [2025-04-03T16:54:08.071+0000] {dag.py:3239} INFO - Sync 1 DAGs
[2025-04-03T16:54:08.123+0000] {logging_mixin.py:190} INFO - [2025-04-03T16:54:08.122+0000] {dag.py:4180} INFO - Setting next_dagrun for example_weekday_branch_operator to 2025-04-02 00:00:00+00:00, run_after=2025-04-03 00:00:00+00:00
[2025-04-03T16:54:08.160+0000] {processor.py:208} INFO - Processing /home/hamza/Documents/project/Mlops/myenv/lib/python3.12/site-packages/airflow/example_dags/example_branch_day_of_week_operator.py took 0.157 seconds
[2025-04-03T16:55:52.309+0000] {processor.py:186} INFO - Started process (PID=96080) to work on /home/hamza/Documents/project/Mlops/myenv/lib/python3.12/site-packages/airflow/example_dags/example_branch_day_of_week_operator.py
[2025-04-03T16:55:52.310+0000] {processor.py:914} INFO - Processing file /home/hamza/Documents/project/Mlops/myenv/lib/python3.12/site-packages/airflow/example_dags/example_branch_day_of_week_operator.py for tasks to queue
[2025-04-03T16:55:52.314+0000] {logging_mixin.py:190} INFO - [2025-04-03T16:55:52.313+0000] {dagbag.py:588} INFO - Filling up the DagBag from /home/hamza/Documents/project/Mlops/myenv/lib/python3.12/site-packages/airflow/example_dags/example_branch_day_of_week_operator.py
[2025-04-03T16:55:52.333+0000] {processor.py:925} INFO - DAG(s) 'example_weekday_branch_operator' retrieved from /home/hamza/Documents/project/Mlops/myenv/lib/python3.12/site-packages/airflow/example_dags/example_branch_day_of_week_operator.py
[2025-04-03T16:55:52.362+0000] {logging_mixin.py:190} INFO - [2025-04-03T16:55:52.361+0000] {dag.py:3239} INFO - Sync 1 DAGs
[2025-04-03T16:55:52.398+0000] {logging_mixin.py:190} INFO - [2025-04-03T16:55:52.398+0000] {dag.py:4180} INFO - Setting next_dagrun for example_weekday_branch_operator to 2025-04-02 00:00:00+00:00, run_after=2025-04-03 00:00:00+00:00
[2025-04-03T16:55:52.436+0000] {processor.py:208} INFO - Processing /home/hamza/Documents/project/Mlops/myenv/lib/python3.12/site-packages/airflow/example_dags/example_branch_day_of_week_operator.py took 0.137 seconds
