[2025-04-03T13:44:15.898+0000] {processor.py:186} INFO - Started process (PID=98897) to work on /home/hamza/Documents/project/Mlops/myenv/lib/python3.12/site-packages/airflow/example_dags/example_branch_operator.py
[2025-04-03T13:44:15.899+0000] {processor.py:914} INFO - Processing file /home/hamza/Documents/project/Mlops/myenv/lib/python3.12/site-packages/airflow/example_dags/example_branch_operator.py for tasks to queue
[2025-04-03T13:44:15.902+0000] {logging_mixin.py:190} INFO - [2025-04-03T13:44:15.901+0000] {dagbag.py:588} INFO - Filling up the DagBag from /home/hamza/Documents/project/Mlops/myenv/lib/python3.12/site-packages/airflow/example_dags/example_branch_operator.py
[2025-04-03T13:44:15.943+0000] {processor.py:925} INFO - DAG(s) 'example_branch_operator' retrieved from /home/hamza/Documents/project/Mlops/myenv/lib/python3.12/site-packages/airflow/example_dags/example_branch_operator.py
[2025-04-03T13:44:16.131+0000] {logging_mixin.py:190} INFO - [2025-04-03T13:44:16.130+0000] {override.py:1930} INFO - Created Permission View: can delete on DAG:example_branch_operator
[2025-04-03T13:44:16.151+0000] {logging_mixin.py:190} INFO - [2025-04-03T13:44:16.150+0000] {override.py:1930} INFO - Created Permission View: can read on DAG:example_branch_operator
[2025-04-03T13:44:16.166+0000] {logging_mixin.py:190} INFO - [2025-04-03T13:44:16.166+0000] {override.py:1930} INFO - Created Permission View: can edit on DAG:example_branch_operator
[2025-04-03T13:44:16.187+0000] {logging_mixin.py:190} INFO - [2025-04-03T13:44:16.186+0000] {override.py:1930} INFO - Created Permission View: can delete on DAG Run:example_branch_operator
[2025-04-03T13:44:16.201+0000] {logging_mixin.py:190} INFO - [2025-04-03T13:44:16.201+0000] {override.py:1930} INFO - Created Permission View: can read on DAG Run:example_branch_operator
[2025-04-03T13:44:16.214+0000] {logging_mixin.py:190} INFO - [2025-04-03T13:44:16.214+0000] {override.py:1930} INFO - Created Permission View: menu access on DAG Run:example_branch_operator
[2025-04-03T13:44:16.228+0000] {logging_mixin.py:190} INFO - [2025-04-03T13:44:16.227+0000] {override.py:1930} INFO - Created Permission View: can create on DAG Run:example_branch_operator
[2025-04-03T13:44:16.229+0000] {logging_mixin.py:190} INFO - [2025-04-03T13:44:16.228+0000] {dag.py:3239} INFO - Sync 1 DAGs
[2025-04-03T13:44:16.247+0000] {logging_mixin.py:190} INFO - [2025-04-03T13:44:16.246+0000] {dag.py:3262} INFO - Creating ORM DAG for example_branch_operator
[2025-04-03T13:44:16.263+0000] {logging_mixin.py:190} INFO - [2025-04-03T13:44:16.262+0000] {dag.py:4180} INFO - Setting next_dagrun for example_branch_operator to 2025-04-02 00:00:00+00:00, run_after=2025-04-03 00:00:00+00:00
[2025-04-03T13:44:16.307+0000] {processor.py:208} INFO - Processing /home/hamza/Documents/project/Mlops/myenv/lib/python3.12/site-packages/airflow/example_dags/example_branch_operator.py took 0.419 seconds
[2025-04-03T13:45:30.893+0000] {processor.py:186} INFO - Started process (PID=99853) to work on /home/hamza/Documents/project/Mlops/myenv/lib/python3.12/site-packages/airflow/example_dags/example_branch_operator.py
[2025-04-03T13:45:30.903+0000] {processor.py:914} INFO - Processing file /home/hamza/Documents/project/Mlops/myenv/lib/python3.12/site-packages/airflow/example_dags/example_branch_operator.py for tasks to queue
[2025-04-03T13:45:30.908+0000] {logging_mixin.py:190} INFO - [2025-04-03T13:45:30.907+0000] {dagbag.py:588} INFO - Filling up the DagBag from /home/hamza/Documents/project/Mlops/myenv/lib/python3.12/site-packages/airflow/example_dags/example_branch_operator.py
[2025-04-03T13:45:30.942+0000] {processor.py:925} INFO - DAG(s) 'example_branch_operator' retrieved from /home/hamza/Documents/project/Mlops/myenv/lib/python3.12/site-packages/airflow/example_dags/example_branch_operator.py
[2025-04-03T13:45:30.981+0000] {logging_mixin.py:190} INFO - [2025-04-03T13:45:30.981+0000] {dag.py:3239} INFO - Sync 1 DAGs
[2025-04-03T13:45:31.014+0000] {logging_mixin.py:190} INFO - [2025-04-03T13:45:31.013+0000] {dag.py:4180} INFO - Setting next_dagrun for example_branch_operator to 2025-04-02 00:00:00+00:00, run_after=2025-04-03 00:00:00+00:00
[2025-04-03T13:45:31.054+0000] {processor.py:208} INFO - Processing /home/hamza/Documents/project/Mlops/myenv/lib/python3.12/site-packages/airflow/example_dags/example_branch_operator.py took 0.170 seconds
[2025-04-03T13:46:37.951+0000] {processor.py:186} INFO - Started process (PID=100482) to work on /home/hamza/Documents/project/Mlops/myenv/lib/python3.12/site-packages/airflow/example_dags/example_branch_operator.py
[2025-04-03T13:46:37.954+0000] {processor.py:914} INFO - Processing file /home/hamza/Documents/project/Mlops/myenv/lib/python3.12/site-packages/airflow/example_dags/example_branch_operator.py for tasks to queue
[2025-04-03T13:46:37.958+0000] {logging_mixin.py:190} INFO - [2025-04-03T13:46:37.957+0000] {dagbag.py:588} INFO - Filling up the DagBag from /home/hamza/Documents/project/Mlops/myenv/lib/python3.12/site-packages/airflow/example_dags/example_branch_operator.py
[2025-04-03T13:46:37.992+0000] {processor.py:925} INFO - DAG(s) 'example_branch_operator' retrieved from /home/hamza/Documents/project/Mlops/myenv/lib/python3.12/site-packages/airflow/example_dags/example_branch_operator.py
[2025-04-03T13:46:38.034+0000] {logging_mixin.py:190} INFO - [2025-04-03T13:46:38.033+0000] {dag.py:3239} INFO - Sync 1 DAGs
[2025-04-03T13:46:38.068+0000] {logging_mixin.py:190} INFO - [2025-04-03T13:46:38.067+0000] {dag.py:4180} INFO - Setting next_dagrun for example_branch_operator to 2025-04-02 00:00:00+00:00, run_after=2025-04-03 00:00:00+00:00
[2025-04-03T13:46:38.100+0000] {processor.py:208} INFO - Processing /home/hamza/Documents/project/Mlops/myenv/lib/python3.12/site-packages/airflow/example_dags/example_branch_operator.py took 0.158 seconds
[2025-04-03T13:47:45.360+0000] {processor.py:186} INFO - Started process (PID=101336) to work on /home/hamza/Documents/project/Mlops/myenv/lib/python3.12/site-packages/airflow/example_dags/example_branch_operator.py
[2025-04-03T13:47:45.363+0000] {processor.py:914} INFO - Processing file /home/hamza/Documents/project/Mlops/myenv/lib/python3.12/site-packages/airflow/example_dags/example_branch_operator.py for tasks to queue
[2025-04-03T13:47:45.367+0000] {logging_mixin.py:190} INFO - [2025-04-03T13:47:45.366+0000] {dagbag.py:588} INFO - Filling up the DagBag from /home/hamza/Documents/project/Mlops/myenv/lib/python3.12/site-packages/airflow/example_dags/example_branch_operator.py
[2025-04-03T13:47:45.403+0000] {processor.py:925} INFO - DAG(s) 'example_branch_operator' retrieved from /home/hamza/Documents/project/Mlops/myenv/lib/python3.12/site-packages/airflow/example_dags/example_branch_operator.py
[2025-04-03T13:47:45.452+0000] {logging_mixin.py:190} INFO - [2025-04-03T13:47:45.451+0000] {dag.py:3239} INFO - Sync 1 DAGs
[2025-04-03T13:47:45.499+0000] {logging_mixin.py:190} INFO - [2025-04-03T13:47:45.498+0000] {dag.py:4180} INFO - Setting next_dagrun for example_branch_operator to 2025-04-02 00:00:00+00:00, run_after=2025-04-03 00:00:00+00:00
[2025-04-03T13:47:45.552+0000] {processor.py:208} INFO - Processing /home/hamza/Documents/project/Mlops/myenv/lib/python3.12/site-packages/airflow/example_dags/example_branch_operator.py took 0.203 seconds
[2025-04-03T13:50:21.505+0000] {processor.py:186} INFO - Started process (PID=103420) to work on /home/hamza/Documents/project/Mlops/myenv/lib/python3.12/site-packages/airflow/example_dags/example_branch_operator.py
[2025-04-03T13:50:21.508+0000] {processor.py:914} INFO - Processing file /home/hamza/Documents/project/Mlops/myenv/lib/python3.12/site-packages/airflow/example_dags/example_branch_operator.py for tasks to queue
[2025-04-03T13:50:21.511+0000] {logging_mixin.py:190} INFO - [2025-04-03T13:50:21.510+0000] {dagbag.py:588} INFO - Filling up the DagBag from /home/hamza/Documents/project/Mlops/myenv/lib/python3.12/site-packages/airflow/example_dags/example_branch_operator.py
[2025-04-03T13:50:21.543+0000] {processor.py:925} INFO - DAG(s) 'example_branch_operator' retrieved from /home/hamza/Documents/project/Mlops/myenv/lib/python3.12/site-packages/airflow/example_dags/example_branch_operator.py
[2025-04-03T13:50:21.771+0000] {logging_mixin.py:190} INFO - [2025-04-03T13:50:21.771+0000] {dag.py:3239} INFO - Sync 1 DAGs
[2025-04-03T13:50:21.813+0000] {logging_mixin.py:190} INFO - [2025-04-03T13:50:21.812+0000] {dag.py:4180} INFO - Setting next_dagrun for example_branch_operator to 2025-04-02 00:00:00+00:00, run_after=2025-04-03 00:00:00+00:00
[2025-04-03T13:50:21.859+0000] {processor.py:208} INFO - Processing /home/hamza/Documents/project/Mlops/myenv/lib/python3.12/site-packages/airflow/example_dags/example_branch_operator.py took 0.362 seconds
[2025-04-03T13:51:55.494+0000] {processor.py:186} INFO - Started process (PID=104572) to work on /home/hamza/Documents/project/Mlops/myenv/lib/python3.12/site-packages/airflow/example_dags/example_branch_operator.py
[2025-04-03T13:51:55.496+0000] {processor.py:914} INFO - Processing file /home/hamza/Documents/project/Mlops/myenv/lib/python3.12/site-packages/airflow/example_dags/example_branch_operator.py for tasks to queue
[2025-04-03T13:51:55.499+0000] {logging_mixin.py:190} INFO - [2025-04-03T13:51:55.499+0000] {dagbag.py:588} INFO - Filling up the DagBag from /home/hamza/Documents/project/Mlops/myenv/lib/python3.12/site-packages/airflow/example_dags/example_branch_operator.py
[2025-04-03T13:51:55.533+0000] {processor.py:925} INFO - DAG(s) 'example_branch_operator' retrieved from /home/hamza/Documents/project/Mlops/myenv/lib/python3.12/site-packages/airflow/example_dags/example_branch_operator.py
[2025-04-03T13:51:55.583+0000] {logging_mixin.py:190} INFO - [2025-04-03T13:51:55.582+0000] {dag.py:3239} INFO - Sync 1 DAGs
[2025-04-03T13:51:55.620+0000] {logging_mixin.py:190} INFO - [2025-04-03T13:51:55.619+0000] {dag.py:4180} INFO - Setting next_dagrun for example_branch_operator to 2025-04-02 00:00:00+00:00, run_after=2025-04-03 00:00:00+00:00
[2025-04-03T13:51:55.660+0000] {processor.py:208} INFO - Processing /home/hamza/Documents/project/Mlops/myenv/lib/python3.12/site-packages/airflow/example_dags/example_branch_operator.py took 0.175 seconds
[2025-04-03T13:53:38.564+0000] {processor.py:186} INFO - Started process (PID=105633) to work on /home/hamza/Documents/project/Mlops/myenv/lib/python3.12/site-packages/airflow/example_dags/example_branch_operator.py
[2025-04-03T13:53:38.567+0000] {processor.py:914} INFO - Processing file /home/hamza/Documents/project/Mlops/myenv/lib/python3.12/site-packages/airflow/example_dags/example_branch_operator.py for tasks to queue
[2025-04-03T13:53:38.571+0000] {logging_mixin.py:190} INFO - [2025-04-03T13:53:38.570+0000] {dagbag.py:588} INFO - Filling up the DagBag from /home/hamza/Documents/project/Mlops/myenv/lib/python3.12/site-packages/airflow/example_dags/example_branch_operator.py
[2025-04-03T13:53:38.609+0000] {processor.py:925} INFO - DAG(s) 'example_branch_operator' retrieved from /home/hamza/Documents/project/Mlops/myenv/lib/python3.12/site-packages/airflow/example_dags/example_branch_operator.py
[2025-04-03T13:53:38.654+0000] {logging_mixin.py:190} INFO - [2025-04-03T13:53:38.653+0000] {dag.py:3239} INFO - Sync 1 DAGs
[2025-04-03T13:53:38.693+0000] {logging_mixin.py:190} INFO - [2025-04-03T13:53:38.692+0000] {dag.py:4180} INFO - Setting next_dagrun for example_branch_operator to 2025-04-02 00:00:00+00:00, run_after=2025-04-03 00:00:00+00:00
[2025-04-03T13:53:38.739+0000] {processor.py:208} INFO - Processing /home/hamza/Documents/project/Mlops/myenv/lib/python3.12/site-packages/airflow/example_dags/example_branch_operator.py took 0.186 seconds
[2025-04-03T13:59:55.267+0000] {processor.py:186} INFO - Started process (PID=110410) to work on /home/hamza/Documents/project/Mlops/myenv/lib/python3.12/site-packages/airflow/example_dags/example_branch_operator.py
[2025-04-03T13:59:55.272+0000] {processor.py:914} INFO - Processing file /home/hamza/Documents/project/Mlops/myenv/lib/python3.12/site-packages/airflow/example_dags/example_branch_operator.py for tasks to queue
[2025-04-03T13:59:55.277+0000] {logging_mixin.py:190} INFO - [2025-04-03T13:59:55.276+0000] {dagbag.py:588} INFO - Filling up the DagBag from /home/hamza/Documents/project/Mlops/myenv/lib/python3.12/site-packages/airflow/example_dags/example_branch_operator.py
[2025-04-03T13:59:55.325+0000] {processor.py:925} INFO - DAG(s) 'example_branch_operator' retrieved from /home/hamza/Documents/project/Mlops/myenv/lib/python3.12/site-packages/airflow/example_dags/example_branch_operator.py
[2025-04-03T13:59:55.683+0000] {logging_mixin.py:190} INFO - [2025-04-03T13:59:55.682+0000] {dag.py:3239} INFO - Sync 1 DAGs
[2025-04-03T13:59:55.728+0000] {logging_mixin.py:190} INFO - [2025-04-03T13:59:55.727+0000] {dag.py:4180} INFO - Setting next_dagrun for example_branch_operator to 2025-04-02 00:00:00+00:00, run_after=2025-04-03 00:00:00+00:00
[2025-04-03T13:59:55.796+0000] {processor.py:208} INFO - Processing /home/hamza/Documents/project/Mlops/myenv/lib/python3.12/site-packages/airflow/example_dags/example_branch_operator.py took 0.542 seconds
[2025-04-03T14:10:41.945+0000] {processor.py:186} INFO - Started process (PID=118361) to work on /home/hamza/Documents/project/Mlops/myenv/lib/python3.12/site-packages/airflow/example_dags/example_branch_operator.py
[2025-04-03T14:10:41.947+0000] {processor.py:914} INFO - Processing file /home/hamza/Documents/project/Mlops/myenv/lib/python3.12/site-packages/airflow/example_dags/example_branch_operator.py for tasks to queue
[2025-04-03T14:10:41.949+0000] {logging_mixin.py:190} INFO - [2025-04-03T14:10:41.948+0000] {dagbag.py:588} INFO - Filling up the DagBag from /home/hamza/Documents/project/Mlops/myenv/lib/python3.12/site-packages/airflow/example_dags/example_branch_operator.py
[2025-04-03T14:10:41.978+0000] {processor.py:925} INFO - DAG(s) 'example_branch_operator' retrieved from /home/hamza/Documents/project/Mlops/myenv/lib/python3.12/site-packages/airflow/example_dags/example_branch_operator.py
[2025-04-03T14:10:42.156+0000] {logging_mixin.py:190} INFO - [2025-04-03T14:10:42.155+0000] {dag.py:3239} INFO - Sync 1 DAGs
[2025-04-03T14:10:42.182+0000] {logging_mixin.py:190} INFO - [2025-04-03T14:10:42.182+0000] {dag.py:4180} INFO - Setting next_dagrun for example_branch_operator to 2025-04-02 00:00:00+00:00, run_after=2025-04-03 00:00:00+00:00
[2025-04-03T14:10:42.220+0000] {processor.py:208} INFO - Processing /home/hamza/Documents/project/Mlops/myenv/lib/python3.12/site-packages/airflow/example_dags/example_branch_operator.py took 0.284 seconds
[2025-04-03T14:12:18.750+0000] {processor.py:186} INFO - Started process (PID=119226) to work on /home/hamza/Documents/project/Mlops/myenv/lib/python3.12/site-packages/airflow/example_dags/example_branch_operator.py
[2025-04-03T14:12:18.752+0000] {processor.py:914} INFO - Processing file /home/hamza/Documents/project/Mlops/myenv/lib/python3.12/site-packages/airflow/example_dags/example_branch_operator.py for tasks to queue
[2025-04-03T14:12:18.754+0000] {logging_mixin.py:190} INFO - [2025-04-03T14:12:18.754+0000] {dagbag.py:588} INFO - Filling up the DagBag from /home/hamza/Documents/project/Mlops/myenv/lib/python3.12/site-packages/airflow/example_dags/example_branch_operator.py
[2025-04-03T14:12:18.786+0000] {processor.py:925} INFO - DAG(s) 'example_branch_operator' retrieved from /home/hamza/Documents/project/Mlops/myenv/lib/python3.12/site-packages/airflow/example_dags/example_branch_operator.py
[2025-04-03T14:12:18.831+0000] {logging_mixin.py:190} INFO - [2025-04-03T14:12:18.831+0000] {dag.py:3239} INFO - Sync 1 DAGs
[2025-04-03T14:12:18.864+0000] {logging_mixin.py:190} INFO - [2025-04-03T14:12:18.864+0000] {dag.py:4180} INFO - Setting next_dagrun for example_branch_operator to 2025-04-02 00:00:00+00:00, run_after=2025-04-03 00:00:00+00:00
[2025-04-03T14:12:18.900+0000] {processor.py:208} INFO - Processing /home/hamza/Documents/project/Mlops/myenv/lib/python3.12/site-packages/airflow/example_dags/example_branch_operator.py took 0.158 seconds
[2025-04-03T14:19:20.684+0000] {processor.py:186} INFO - Started process (PID=122725) to work on /home/hamza/Documents/project/Mlops/myenv/lib/python3.12/site-packages/airflow/example_dags/example_branch_operator.py
[2025-04-03T14:19:20.690+0000] {processor.py:914} INFO - Processing file /home/hamza/Documents/project/Mlops/myenv/lib/python3.12/site-packages/airflow/example_dags/example_branch_operator.py for tasks to queue
[2025-04-03T14:19:20.692+0000] {logging_mixin.py:190} INFO - [2025-04-03T14:19:20.691+0000] {dagbag.py:588} INFO - Filling up the DagBag from /home/hamza/Documents/project/Mlops/myenv/lib/python3.12/site-packages/airflow/example_dags/example_branch_operator.py
[2025-04-03T14:19:20.721+0000] {processor.py:925} INFO - DAG(s) 'example_branch_operator' retrieved from /home/hamza/Documents/project/Mlops/myenv/lib/python3.12/site-packages/airflow/example_dags/example_branch_operator.py
[2025-04-03T14:19:20.764+0000] {logging_mixin.py:190} INFO - [2025-04-03T14:19:20.763+0000] {dag.py:3239} INFO - Sync 1 DAGs
[2025-04-03T14:19:20.799+0000] {logging_mixin.py:190} INFO - [2025-04-03T14:19:20.798+0000] {dag.py:4180} INFO - Setting next_dagrun for example_branch_operator to 2025-04-02 00:00:00+00:00, run_after=2025-04-03 00:00:00+00:00
[2025-04-03T14:19:20.834+0000] {processor.py:208} INFO - Processing /home/hamza/Documents/project/Mlops/myenv/lib/python3.12/site-packages/airflow/example_dags/example_branch_operator.py took 0.160 seconds
[2025-04-03T15:08:52.063+0000] {processor.py:186} INFO - Started process (PID=36425) to work on /home/hamza/Documents/project/Mlops/myenv/lib/python3.12/site-packages/airflow/example_dags/example_branch_operator.py
[2025-04-03T15:08:52.065+0000] {processor.py:914} INFO - Processing file /home/hamza/Documents/project/Mlops/myenv/lib/python3.12/site-packages/airflow/example_dags/example_branch_operator.py for tasks to queue
[2025-04-03T15:08:52.069+0000] {logging_mixin.py:190} INFO - [2025-04-03T15:08:52.068+0000] {dagbag.py:588} INFO - Filling up the DagBag from /home/hamza/Documents/project/Mlops/myenv/lib/python3.12/site-packages/airflow/example_dags/example_branch_operator.py
[2025-04-03T15:08:52.100+0000] {processor.py:925} INFO - DAG(s) 'example_branch_operator' retrieved from /home/hamza/Documents/project/Mlops/myenv/lib/python3.12/site-packages/airflow/example_dags/example_branch_operator.py
[2025-04-03T15:08:52.264+0000] {logging_mixin.py:190} INFO - [2025-04-03T15:08:52.263+0000] {dag.py:3239} INFO - Sync 1 DAGs
[2025-04-03T15:08:52.292+0000] {logging_mixin.py:190} INFO - [2025-04-03T15:08:52.291+0000] {dag.py:4180} INFO - Setting next_dagrun for example_branch_operator to 2025-04-02 00:00:00+00:00, run_after=2025-04-03 00:00:00+00:00
[2025-04-03T15:08:52.325+0000] {processor.py:208} INFO - Processing /home/hamza/Documents/project/Mlops/myenv/lib/python3.12/site-packages/airflow/example_dags/example_branch_operator.py took 0.270 seconds
[2025-04-03T15:10:21.040+0000] {processor.py:186} INFO - Started process (PID=37329) to work on /home/hamza/Documents/project/Mlops/myenv/lib/python3.12/site-packages/airflow/example_dags/example_branch_operator.py
[2025-04-03T15:10:21.042+0000] {processor.py:914} INFO - Processing file /home/hamza/Documents/project/Mlops/myenv/lib/python3.12/site-packages/airflow/example_dags/example_branch_operator.py for tasks to queue
[2025-04-03T15:10:21.046+0000] {logging_mixin.py:190} INFO - [2025-04-03T15:10:21.045+0000] {dagbag.py:588} INFO - Filling up the DagBag from /home/hamza/Documents/project/Mlops/myenv/lib/python3.12/site-packages/airflow/example_dags/example_branch_operator.py
[2025-04-03T15:10:21.078+0000] {processor.py:925} INFO - DAG(s) 'example_branch_operator' retrieved from /home/hamza/Documents/project/Mlops/myenv/lib/python3.12/site-packages/airflow/example_dags/example_branch_operator.py
[2025-04-03T15:10:21.117+0000] {logging_mixin.py:190} INFO - [2025-04-03T15:10:21.116+0000] {dag.py:3239} INFO - Sync 1 DAGs
[2025-04-03T15:10:21.151+0000] {logging_mixin.py:190} INFO - [2025-04-03T15:10:21.151+0000] {dag.py:4180} INFO - Setting next_dagrun for example_branch_operator to 2025-04-02 00:00:00+00:00, run_after=2025-04-03 00:00:00+00:00
[2025-04-03T15:10:21.193+0000] {processor.py:208} INFO - Processing /home/hamza/Documents/project/Mlops/myenv/lib/python3.12/site-packages/airflow/example_dags/example_branch_operator.py took 0.161 seconds
[2025-04-03T15:11:50.068+0000] {processor.py:186} INFO - Started process (PID=38116) to work on /home/hamza/Documents/project/Mlops/myenv/lib/python3.12/site-packages/airflow/example_dags/example_branch_operator.py
[2025-04-03T15:11:50.070+0000] {processor.py:914} INFO - Processing file /home/hamza/Documents/project/Mlops/myenv/lib/python3.12/site-packages/airflow/example_dags/example_branch_operator.py for tasks to queue
[2025-04-03T15:11:50.074+0000] {logging_mixin.py:190} INFO - [2025-04-03T15:11:50.073+0000] {dagbag.py:588} INFO - Filling up the DagBag from /home/hamza/Documents/project/Mlops/myenv/lib/python3.12/site-packages/airflow/example_dags/example_branch_operator.py
[2025-04-03T15:11:50.108+0000] {processor.py:925} INFO - DAG(s) 'example_branch_operator' retrieved from /home/hamza/Documents/project/Mlops/myenv/lib/python3.12/site-packages/airflow/example_dags/example_branch_operator.py
[2025-04-03T15:11:50.151+0000] {logging_mixin.py:190} INFO - [2025-04-03T15:11:50.151+0000] {dag.py:3239} INFO - Sync 1 DAGs
[2025-04-03T15:11:50.186+0000] {logging_mixin.py:190} INFO - [2025-04-03T15:11:50.185+0000] {dag.py:4180} INFO - Setting next_dagrun for example_branch_operator to 2025-04-02 00:00:00+00:00, run_after=2025-04-03 00:00:00+00:00
[2025-04-03T15:11:50.227+0000] {processor.py:208} INFO - Processing /home/hamza/Documents/project/Mlops/myenv/lib/python3.12/site-packages/airflow/example_dags/example_branch_operator.py took 0.168 seconds
[2025-04-03T15:13:26.886+0000] {processor.py:186} INFO - Started process (PID=39027) to work on /home/hamza/Documents/project/Mlops/myenv/lib/python3.12/site-packages/airflow/example_dags/example_branch_operator.py
[2025-04-03T15:13:26.889+0000] {processor.py:914} INFO - Processing file /home/hamza/Documents/project/Mlops/myenv/lib/python3.12/site-packages/airflow/example_dags/example_branch_operator.py for tasks to queue
[2025-04-03T15:13:26.893+0000] {logging_mixin.py:190} INFO - [2025-04-03T15:13:26.892+0000] {dagbag.py:588} INFO - Filling up the DagBag from /home/hamza/Documents/project/Mlops/myenv/lib/python3.12/site-packages/airflow/example_dags/example_branch_operator.py
[2025-04-03T15:13:26.921+0000] {processor.py:925} INFO - DAG(s) 'example_branch_operator' retrieved from /home/hamza/Documents/project/Mlops/myenv/lib/python3.12/site-packages/airflow/example_dags/example_branch_operator.py
[2025-04-03T15:13:26.958+0000] {logging_mixin.py:190} INFO - [2025-04-03T15:13:26.958+0000] {dag.py:3239} INFO - Sync 1 DAGs
[2025-04-03T15:13:26.992+0000] {logging_mixin.py:190} INFO - [2025-04-03T15:13:26.992+0000] {dag.py:4180} INFO - Setting next_dagrun for example_branch_operator to 2025-04-02 00:00:00+00:00, run_after=2025-04-03 00:00:00+00:00
[2025-04-03T15:13:27.025+0000] {processor.py:208} INFO - Processing /home/hamza/Documents/project/Mlops/myenv/lib/python3.12/site-packages/airflow/example_dags/example_branch_operator.py took 0.147 seconds
[2025-04-03T15:15:00.006+0000] {processor.py:186} INFO - Started process (PID=39896) to work on /home/hamza/Documents/project/Mlops/myenv/lib/python3.12/site-packages/airflow/example_dags/example_branch_operator.py
[2025-04-03T15:15:00.009+0000] {processor.py:914} INFO - Processing file /home/hamza/Documents/project/Mlops/myenv/lib/python3.12/site-packages/airflow/example_dags/example_branch_operator.py for tasks to queue
[2025-04-03T15:15:00.014+0000] {logging_mixin.py:190} INFO - [2025-04-03T15:15:00.013+0000] {dagbag.py:588} INFO - Filling up the DagBag from /home/hamza/Documents/project/Mlops/myenv/lib/python3.12/site-packages/airflow/example_dags/example_branch_operator.py
[2025-04-03T15:15:00.052+0000] {processor.py:925} INFO - DAG(s) 'example_branch_operator' retrieved from /home/hamza/Documents/project/Mlops/myenv/lib/python3.12/site-packages/airflow/example_dags/example_branch_operator.py
[2025-04-03T15:15:00.100+0000] {logging_mixin.py:190} INFO - [2025-04-03T15:15:00.100+0000] {dag.py:3239} INFO - Sync 1 DAGs
[2025-04-03T15:15:00.142+0000] {logging_mixin.py:190} INFO - [2025-04-03T15:15:00.142+0000] {dag.py:4180} INFO - Setting next_dagrun for example_branch_operator to 2025-04-02 00:00:00+00:00, run_after=2025-04-03 00:00:00+00:00
[2025-04-03T15:15:00.191+0000] {processor.py:208} INFO - Processing /home/hamza/Documents/project/Mlops/myenv/lib/python3.12/site-packages/airflow/example_dags/example_branch_operator.py took 0.196 seconds
[2025-04-03T15:16:40.019+0000] {processor.py:186} INFO - Started process (PID=40898) to work on /home/hamza/Documents/project/Mlops/myenv/lib/python3.12/site-packages/airflow/example_dags/example_branch_operator.py
[2025-04-03T15:16:40.022+0000] {processor.py:914} INFO - Processing file /home/hamza/Documents/project/Mlops/myenv/lib/python3.12/site-packages/airflow/example_dags/example_branch_operator.py for tasks to queue
[2025-04-03T15:16:40.027+0000] {logging_mixin.py:190} INFO - [2025-04-03T15:16:40.025+0000] {dagbag.py:588} INFO - Filling up the DagBag from /home/hamza/Documents/project/Mlops/myenv/lib/python3.12/site-packages/airflow/example_dags/example_branch_operator.py
[2025-04-03T15:16:40.061+0000] {processor.py:925} INFO - DAG(s) 'example_branch_operator' retrieved from /home/hamza/Documents/project/Mlops/myenv/lib/python3.12/site-packages/airflow/example_dags/example_branch_operator.py
[2025-04-03T15:16:40.099+0000] {logging_mixin.py:190} INFO - [2025-04-03T15:16:40.098+0000] {dag.py:3239} INFO - Sync 1 DAGs
[2025-04-03T15:16:40.131+0000] {logging_mixin.py:190} INFO - [2025-04-03T15:16:40.130+0000] {dag.py:4180} INFO - Setting next_dagrun for example_branch_operator to 2025-04-02 00:00:00+00:00, run_after=2025-04-03 00:00:00+00:00
[2025-04-03T15:16:40.166+0000] {processor.py:208} INFO - Processing /home/hamza/Documents/project/Mlops/myenv/lib/python3.12/site-packages/airflow/example_dags/example_branch_operator.py took 0.156 seconds
[2025-04-03T15:18:16.915+0000] {processor.py:186} INFO - Started process (PID=41939) to work on /home/hamza/Documents/project/Mlops/myenv/lib/python3.12/site-packages/airflow/example_dags/example_branch_operator.py
[2025-04-03T15:18:16.917+0000] {processor.py:914} INFO - Processing file /home/hamza/Documents/project/Mlops/myenv/lib/python3.12/site-packages/airflow/example_dags/example_branch_operator.py for tasks to queue
[2025-04-03T15:18:16.921+0000] {logging_mixin.py:190} INFO - [2025-04-03T15:18:16.920+0000] {dagbag.py:588} INFO - Filling up the DagBag from /home/hamza/Documents/project/Mlops/myenv/lib/python3.12/site-packages/airflow/example_dags/example_branch_operator.py
[2025-04-03T15:18:16.951+0000] {processor.py:925} INFO - DAG(s) 'example_branch_operator' retrieved from /home/hamza/Documents/project/Mlops/myenv/lib/python3.12/site-packages/airflow/example_dags/example_branch_operator.py
[2025-04-03T15:18:16.989+0000] {logging_mixin.py:190} INFO - [2025-04-03T15:18:16.989+0000] {dag.py:3239} INFO - Sync 1 DAGs
[2025-04-03T15:18:17.025+0000] {logging_mixin.py:190} INFO - [2025-04-03T15:18:17.024+0000] {dag.py:4180} INFO - Setting next_dagrun for example_branch_operator to 2025-04-02 00:00:00+00:00, run_after=2025-04-03 00:00:00+00:00
[2025-04-03T15:18:17.057+0000] {processor.py:208} INFO - Processing /home/hamza/Documents/project/Mlops/myenv/lib/python3.12/site-packages/airflow/example_dags/example_branch_operator.py took 0.151 seconds
[2025-04-03T15:19:47.085+0000] {processor.py:186} INFO - Started process (PID=42930) to work on /home/hamza/Documents/project/Mlops/myenv/lib/python3.12/site-packages/airflow/example_dags/example_branch_operator.py
[2025-04-03T15:19:47.087+0000] {processor.py:914} INFO - Processing file /home/hamza/Documents/project/Mlops/myenv/lib/python3.12/site-packages/airflow/example_dags/example_branch_operator.py for tasks to queue
[2025-04-03T15:19:47.090+0000] {logging_mixin.py:190} INFO - [2025-04-03T15:19:47.089+0000] {dagbag.py:588} INFO - Filling up the DagBag from /home/hamza/Documents/project/Mlops/myenv/lib/python3.12/site-packages/airflow/example_dags/example_branch_operator.py
[2025-04-03T15:19:47.122+0000] {processor.py:925} INFO - DAG(s) 'example_branch_operator' retrieved from /home/hamza/Documents/project/Mlops/myenv/lib/python3.12/site-packages/airflow/example_dags/example_branch_operator.py
[2025-04-03T15:19:47.160+0000] {logging_mixin.py:190} INFO - [2025-04-03T15:19:47.160+0000] {dag.py:3239} INFO - Sync 1 DAGs
[2025-04-03T15:19:47.195+0000] {logging_mixin.py:190} INFO - [2025-04-03T15:19:47.195+0000] {dag.py:4180} INFO - Setting next_dagrun for example_branch_operator to 2025-04-02 00:00:00+00:00, run_after=2025-04-03 00:00:00+00:00
[2025-04-03T15:19:47.227+0000] {processor.py:208} INFO - Processing /home/hamza/Documents/project/Mlops/myenv/lib/python3.12/site-packages/airflow/example_dags/example_branch_operator.py took 0.150 seconds
[2025-04-03T15:21:19.704+0000] {processor.py:186} INFO - Started process (PID=43834) to work on /home/hamza/Documents/project/Mlops/myenv/lib/python3.12/site-packages/airflow/example_dags/example_branch_operator.py
[2025-04-03T15:21:19.707+0000] {processor.py:914} INFO - Processing file /home/hamza/Documents/project/Mlops/myenv/lib/python3.12/site-packages/airflow/example_dags/example_branch_operator.py for tasks to queue
[2025-04-03T15:21:19.711+0000] {logging_mixin.py:190} INFO - [2025-04-03T15:21:19.710+0000] {dagbag.py:588} INFO - Filling up the DagBag from /home/hamza/Documents/project/Mlops/myenv/lib/python3.12/site-packages/airflow/example_dags/example_branch_operator.py
[2025-04-03T15:21:19.741+0000] {processor.py:925} INFO - DAG(s) 'example_branch_operator' retrieved from /home/hamza/Documents/project/Mlops/myenv/lib/python3.12/site-packages/airflow/example_dags/example_branch_operator.py
[2025-04-03T15:21:19.788+0000] {logging_mixin.py:190} INFO - [2025-04-03T15:21:19.787+0000] {dag.py:3239} INFO - Sync 1 DAGs
[2025-04-03T15:21:19.824+0000] {logging_mixin.py:190} INFO - [2025-04-03T15:21:19.823+0000] {dag.py:4180} INFO - Setting next_dagrun for example_branch_operator to 2025-04-02 00:00:00+00:00, run_after=2025-04-03 00:00:00+00:00
[2025-04-03T15:21:19.856+0000] {processor.py:208} INFO - Processing /home/hamza/Documents/project/Mlops/myenv/lib/python3.12/site-packages/airflow/example_dags/example_branch_operator.py took 0.161 seconds
[2025-04-03T15:22:56.009+0000] {processor.py:186} INFO - Started process (PID=44743) to work on /home/hamza/Documents/project/Mlops/myenv/lib/python3.12/site-packages/airflow/example_dags/example_branch_operator.py
[2025-04-03T15:22:56.012+0000] {processor.py:914} INFO - Processing file /home/hamza/Documents/project/Mlops/myenv/lib/python3.12/site-packages/airflow/example_dags/example_branch_operator.py for tasks to queue
[2025-04-03T15:22:56.016+0000] {logging_mixin.py:190} INFO - [2025-04-03T15:22:56.015+0000] {dagbag.py:588} INFO - Filling up the DagBag from /home/hamza/Documents/project/Mlops/myenv/lib/python3.12/site-packages/airflow/example_dags/example_branch_operator.py
[2025-04-03T15:22:56.049+0000] {processor.py:925} INFO - DAG(s) 'example_branch_operator' retrieved from /home/hamza/Documents/project/Mlops/myenv/lib/python3.12/site-packages/airflow/example_dags/example_branch_operator.py
[2025-04-03T15:22:56.091+0000] {logging_mixin.py:190} INFO - [2025-04-03T15:22:56.090+0000] {dag.py:3239} INFO - Sync 1 DAGs
[2025-04-03T15:22:56.129+0000] {logging_mixin.py:190} INFO - [2025-04-03T15:22:56.128+0000] {dag.py:4180} INFO - Setting next_dagrun for example_branch_operator to 2025-04-02 00:00:00+00:00, run_after=2025-04-03 00:00:00+00:00
[2025-04-03T15:22:56.166+0000] {processor.py:208} INFO - Processing /home/hamza/Documents/project/Mlops/myenv/lib/python3.12/site-packages/airflow/example_dags/example_branch_operator.py took 0.167 seconds
[2025-04-03T15:24:32.336+0000] {processor.py:186} INFO - Started process (PID=45715) to work on /home/hamza/Documents/project/Mlops/myenv/lib/python3.12/site-packages/airflow/example_dags/example_branch_operator.py
[2025-04-03T15:24:32.338+0000] {processor.py:914} INFO - Processing file /home/hamza/Documents/project/Mlops/myenv/lib/python3.12/site-packages/airflow/example_dags/example_branch_operator.py for tasks to queue
[2025-04-03T15:24:32.342+0000] {logging_mixin.py:190} INFO - [2025-04-03T15:24:32.341+0000] {dagbag.py:588} INFO - Filling up the DagBag from /home/hamza/Documents/project/Mlops/myenv/lib/python3.12/site-packages/airflow/example_dags/example_branch_operator.py
[2025-04-03T15:24:32.377+0000] {processor.py:925} INFO - DAG(s) 'example_branch_operator' retrieved from /home/hamza/Documents/project/Mlops/myenv/lib/python3.12/site-packages/airflow/example_dags/example_branch_operator.py
[2025-04-03T15:24:32.419+0000] {logging_mixin.py:190} INFO - [2025-04-03T15:24:32.419+0000] {dag.py:3239} INFO - Sync 1 DAGs
[2025-04-03T15:24:32.460+0000] {logging_mixin.py:190} INFO - [2025-04-03T15:24:32.460+0000] {dag.py:4180} INFO - Setting next_dagrun for example_branch_operator to 2025-04-02 00:00:00+00:00, run_after=2025-04-03 00:00:00+00:00
[2025-04-03T15:24:32.498+0000] {processor.py:208} INFO - Processing /home/hamza/Documents/project/Mlops/myenv/lib/python3.12/site-packages/airflow/example_dags/example_branch_operator.py took 0.171 seconds
[2025-04-03T15:26:03.258+0000] {processor.py:186} INFO - Started process (PID=46591) to work on /home/hamza/Documents/project/Mlops/myenv/lib/python3.12/site-packages/airflow/example_dags/example_branch_operator.py
[2025-04-03T15:26:03.261+0000] {processor.py:914} INFO - Processing file /home/hamza/Documents/project/Mlops/myenv/lib/python3.12/site-packages/airflow/example_dags/example_branch_operator.py for tasks to queue
[2025-04-03T15:26:03.265+0000] {logging_mixin.py:190} INFO - [2025-04-03T15:26:03.265+0000] {dagbag.py:588} INFO - Filling up the DagBag from /home/hamza/Documents/project/Mlops/myenv/lib/python3.12/site-packages/airflow/example_dags/example_branch_operator.py
[2025-04-03T15:26:03.296+0000] {processor.py:925} INFO - DAG(s) 'example_branch_operator' retrieved from /home/hamza/Documents/project/Mlops/myenv/lib/python3.12/site-packages/airflow/example_dags/example_branch_operator.py
[2025-04-03T15:26:03.333+0000] {logging_mixin.py:190} INFO - [2025-04-03T15:26:03.332+0000] {dag.py:3239} INFO - Sync 1 DAGs
[2025-04-03T15:26:03.366+0000] {logging_mixin.py:190} INFO - [2025-04-03T15:26:03.366+0000] {dag.py:4180} INFO - Setting next_dagrun for example_branch_operator to 2025-04-02 00:00:00+00:00, run_after=2025-04-03 00:00:00+00:00
[2025-04-03T15:26:03.398+0000] {processor.py:208} INFO - Processing /home/hamza/Documents/project/Mlops/myenv/lib/python3.12/site-packages/airflow/example_dags/example_branch_operator.py took 0.149 seconds
[2025-04-03T16:32:31.517+0000] {processor.py:186} INFO - Started process (PID=83331) to work on /home/hamza/Documents/project/Mlops/myenv/lib/python3.12/site-packages/airflow/example_dags/example_branch_operator.py
[2025-04-03T16:32:31.521+0000] {processor.py:914} INFO - Processing file /home/hamza/Documents/project/Mlops/myenv/lib/python3.12/site-packages/airflow/example_dags/example_branch_operator.py for tasks to queue
[2025-04-03T16:32:31.525+0000] {logging_mixin.py:190} INFO - [2025-04-03T16:32:31.524+0000] {dagbag.py:588} INFO - Filling up the DagBag from /home/hamza/Documents/project/Mlops/myenv/lib/python3.12/site-packages/airflow/example_dags/example_branch_operator.py
[2025-04-03T16:32:31.568+0000] {processor.py:925} INFO - DAG(s) 'example_branch_operator' retrieved from /home/hamza/Documents/project/Mlops/myenv/lib/python3.12/site-packages/airflow/example_dags/example_branch_operator.py
[2025-04-03T16:32:31.852+0000] {logging_mixin.py:190} INFO - [2025-04-03T16:32:31.851+0000] {dag.py:3239} INFO - Sync 1 DAGs
[2025-04-03T16:32:31.895+0000] {logging_mixin.py:190} INFO - [2025-04-03T16:32:31.895+0000] {dag.py:4180} INFO - Setting next_dagrun for example_branch_operator to 2025-04-02 00:00:00+00:00, run_after=2025-04-03 00:00:00+00:00
[2025-04-03T16:32:31.934+0000] {processor.py:208} INFO - Processing /home/hamza/Documents/project/Mlops/myenv/lib/python3.12/site-packages/airflow/example_dags/example_branch_operator.py took 0.429 seconds
[2025-04-03T16:34:43.117+0000] {processor.py:186} INFO - Started process (PID=84588) to work on /home/hamza/Documents/project/Mlops/myenv/lib/python3.12/site-packages/airflow/example_dags/example_branch_operator.py
[2025-04-03T16:34:43.118+0000] {processor.py:914} INFO - Processing file /home/hamza/Documents/project/Mlops/myenv/lib/python3.12/site-packages/airflow/example_dags/example_branch_operator.py for tasks to queue
[2025-04-03T16:34:43.122+0000] {logging_mixin.py:190} INFO - [2025-04-03T16:34:43.121+0000] {dagbag.py:588} INFO - Filling up the DagBag from /home/hamza/Documents/project/Mlops/myenv/lib/python3.12/site-packages/airflow/example_dags/example_branch_operator.py
[2025-04-03T16:34:43.159+0000] {processor.py:925} INFO - DAG(s) 'example_branch_operator' retrieved from /home/hamza/Documents/project/Mlops/myenv/lib/python3.12/site-packages/airflow/example_dags/example_branch_operator.py
[2025-04-03T16:34:43.335+0000] {logging_mixin.py:190} INFO - [2025-04-03T16:34:43.335+0000] {dag.py:3239} INFO - Sync 1 DAGs
[2025-04-03T16:34:43.367+0000] {logging_mixin.py:190} INFO - [2025-04-03T16:34:43.367+0000] {dag.py:4180} INFO - Setting next_dagrun for example_branch_operator to 2025-04-02 00:00:00+00:00, run_after=2025-04-03 00:00:00+00:00
[2025-04-03T16:34:43.402+0000] {processor.py:208} INFO - Processing /home/hamza/Documents/project/Mlops/myenv/lib/python3.12/site-packages/airflow/example_dags/example_branch_operator.py took 0.295 seconds
[2025-04-03T16:36:32.684+0000] {processor.py:186} INFO - Started process (PID=85525) to work on /home/hamza/Documents/project/Mlops/myenv/lib/python3.12/site-packages/airflow/example_dags/example_branch_operator.py
[2025-04-03T16:36:32.686+0000] {processor.py:914} INFO - Processing file /home/hamza/Documents/project/Mlops/myenv/lib/python3.12/site-packages/airflow/example_dags/example_branch_operator.py for tasks to queue
[2025-04-03T16:36:32.690+0000] {logging_mixin.py:190} INFO - [2025-04-03T16:36:32.689+0000] {dagbag.py:588} INFO - Filling up the DagBag from /home/hamza/Documents/project/Mlops/myenv/lib/python3.12/site-packages/airflow/example_dags/example_branch_operator.py
[2025-04-03T16:36:32.731+0000] {processor.py:925} INFO - DAG(s) 'example_branch_operator' retrieved from /home/hamza/Documents/project/Mlops/myenv/lib/python3.12/site-packages/airflow/example_dags/example_branch_operator.py
[2025-04-03T16:36:32.785+0000] {logging_mixin.py:190} INFO - [2025-04-03T16:36:32.784+0000] {dag.py:3239} INFO - Sync 1 DAGs
[2025-04-03T16:36:32.829+0000] {logging_mixin.py:190} INFO - [2025-04-03T16:36:32.829+0000] {dag.py:4180} INFO - Setting next_dagrun for example_branch_operator to 2025-04-02 00:00:00+00:00, run_after=2025-04-03 00:00:00+00:00
[2025-04-03T16:36:32.865+0000] {processor.py:208} INFO - Processing /home/hamza/Documents/project/Mlops/myenv/lib/python3.12/site-packages/airflow/example_dags/example_branch_operator.py took 0.192 seconds
[2025-04-03T16:38:00.073+0000] {processor.py:186} INFO - Started process (PID=86295) to work on /home/hamza/Documents/project/Mlops/myenv/lib/python3.12/site-packages/airflow/example_dags/example_branch_operator.py
[2025-04-03T16:38:00.075+0000] {processor.py:914} INFO - Processing file /home/hamza/Documents/project/Mlops/myenv/lib/python3.12/site-packages/airflow/example_dags/example_branch_operator.py for tasks to queue
[2025-04-03T16:38:00.080+0000] {logging_mixin.py:190} INFO - [2025-04-03T16:38:00.079+0000] {dagbag.py:588} INFO - Filling up the DagBag from /home/hamza/Documents/project/Mlops/myenv/lib/python3.12/site-packages/airflow/example_dags/example_branch_operator.py
[2025-04-03T16:38:00.113+0000] {processor.py:925} INFO - DAG(s) 'example_branch_operator' retrieved from /home/hamza/Documents/project/Mlops/myenv/lib/python3.12/site-packages/airflow/example_dags/example_branch_operator.py
[2025-04-03T16:38:00.158+0000] {logging_mixin.py:190} INFO - [2025-04-03T16:38:00.157+0000] {dag.py:3239} INFO - Sync 1 DAGs
[2025-04-03T16:38:00.196+0000] {logging_mixin.py:190} INFO - [2025-04-03T16:38:00.196+0000] {dag.py:4180} INFO - Setting next_dagrun for example_branch_operator to 2025-04-02 00:00:00+00:00, run_after=2025-04-03 00:00:00+00:00
[2025-04-03T16:38:00.234+0000] {processor.py:208} INFO - Processing /home/hamza/Documents/project/Mlops/myenv/lib/python3.12/site-packages/airflow/example_dags/example_branch_operator.py took 0.171 seconds
[2025-04-03T16:39:32.753+0000] {processor.py:186} INFO - Started process (PID=87527) to work on /home/hamza/Documents/project/Mlops/myenv/lib/python3.12/site-packages/airflow/example_dags/example_branch_operator.py
[2025-04-03T16:39:32.754+0000] {processor.py:914} INFO - Processing file /home/hamza/Documents/project/Mlops/myenv/lib/python3.12/site-packages/airflow/example_dags/example_branch_operator.py for tasks to queue
[2025-04-03T16:39:32.759+0000] {logging_mixin.py:190} INFO - [2025-04-03T16:39:32.758+0000] {dagbag.py:588} INFO - Filling up the DagBag from /home/hamza/Documents/project/Mlops/myenv/lib/python3.12/site-packages/airflow/example_dags/example_branch_operator.py
[2025-04-03T16:39:32.793+0000] {processor.py:925} INFO - DAG(s) 'example_branch_operator' retrieved from /home/hamza/Documents/project/Mlops/myenv/lib/python3.12/site-packages/airflow/example_dags/example_branch_operator.py
[2025-04-03T16:39:32.835+0000] {logging_mixin.py:190} INFO - [2025-04-03T16:39:32.835+0000] {dag.py:3239} INFO - Sync 1 DAGs
[2025-04-03T16:39:32.874+0000] {logging_mixin.py:190} INFO - [2025-04-03T16:39:32.874+0000] {dag.py:4180} INFO - Setting next_dagrun for example_branch_operator to 2025-04-02 00:00:00+00:00, run_after=2025-04-03 00:00:00+00:00
[2025-04-03T16:39:32.911+0000] {processor.py:208} INFO - Processing /home/hamza/Documents/project/Mlops/myenv/lib/python3.12/site-packages/airflow/example_dags/example_branch_operator.py took 0.168 seconds
[2025-04-03T16:41:07.268+0000] {processor.py:186} INFO - Started process (PID=88390) to work on /home/hamza/Documents/project/Mlops/myenv/lib/python3.12/site-packages/airflow/example_dags/example_branch_operator.py
[2025-04-03T16:41:07.270+0000] {processor.py:914} INFO - Processing file /home/hamza/Documents/project/Mlops/myenv/lib/python3.12/site-packages/airflow/example_dags/example_branch_operator.py for tasks to queue
[2025-04-03T16:41:07.273+0000] {logging_mixin.py:190} INFO - [2025-04-03T16:41:07.272+0000] {dagbag.py:588} INFO - Filling up the DagBag from /home/hamza/Documents/project/Mlops/myenv/lib/python3.12/site-packages/airflow/example_dags/example_branch_operator.py
[2025-04-03T16:41:07.304+0000] {processor.py:925} INFO - DAG(s) 'example_branch_operator' retrieved from /home/hamza/Documents/project/Mlops/myenv/lib/python3.12/site-packages/airflow/example_dags/example_branch_operator.py
[2025-04-03T16:41:07.344+0000] {logging_mixin.py:190} INFO - [2025-04-03T16:41:07.343+0000] {dag.py:3239} INFO - Sync 1 DAGs
[2025-04-03T16:41:07.379+0000] {logging_mixin.py:190} INFO - [2025-04-03T16:41:07.379+0000] {dag.py:4180} INFO - Setting next_dagrun for example_branch_operator to 2025-04-02 00:00:00+00:00, run_after=2025-04-03 00:00:00+00:00
[2025-04-03T16:41:07.411+0000] {processor.py:208} INFO - Processing /home/hamza/Documents/project/Mlops/myenv/lib/python3.12/site-packages/airflow/example_dags/example_branch_operator.py took 0.151 seconds
[2025-04-03T16:42:44.004+0000] {processor.py:186} INFO - Started process (PID=89253) to work on /home/hamza/Documents/project/Mlops/myenv/lib/python3.12/site-packages/airflow/example_dags/example_branch_operator.py
[2025-04-03T16:42:44.005+0000] {processor.py:914} INFO - Processing file /home/hamza/Documents/project/Mlops/myenv/lib/python3.12/site-packages/airflow/example_dags/example_branch_operator.py for tasks to queue
[2025-04-03T16:42:44.009+0000] {logging_mixin.py:190} INFO - [2025-04-03T16:42:44.009+0000] {dagbag.py:588} INFO - Filling up the DagBag from /home/hamza/Documents/project/Mlops/myenv/lib/python3.12/site-packages/airflow/example_dags/example_branch_operator.py
[2025-04-03T16:42:44.043+0000] {processor.py:925} INFO - DAG(s) 'example_branch_operator' retrieved from /home/hamza/Documents/project/Mlops/myenv/lib/python3.12/site-packages/airflow/example_dags/example_branch_operator.py
[2025-04-03T16:42:44.084+0000] {logging_mixin.py:190} INFO - [2025-04-03T16:42:44.083+0000] {dag.py:3239} INFO - Sync 1 DAGs
[2025-04-03T16:42:44.119+0000] {logging_mixin.py:190} INFO - [2025-04-03T16:42:44.118+0000] {dag.py:4180} INFO - Setting next_dagrun for example_branch_operator to 2025-04-02 00:00:00+00:00, run_after=2025-04-03 00:00:00+00:00
[2025-04-03T16:42:44.156+0000] {processor.py:208} INFO - Processing /home/hamza/Documents/project/Mlops/myenv/lib/python3.12/site-packages/airflow/example_dags/example_branch_operator.py took 0.161 seconds
[2025-04-03T16:44:18.643+0000] {processor.py:186} INFO - Started process (PID=89962) to work on /home/hamza/Documents/project/Mlops/myenv/lib/python3.12/site-packages/airflow/example_dags/example_branch_operator.py
[2025-04-03T16:44:18.645+0000] {processor.py:914} INFO - Processing file /home/hamza/Documents/project/Mlops/myenv/lib/python3.12/site-packages/airflow/example_dags/example_branch_operator.py for tasks to queue
[2025-04-03T16:44:18.650+0000] {logging_mixin.py:190} INFO - [2025-04-03T16:44:18.649+0000] {dagbag.py:588} INFO - Filling up the DagBag from /home/hamza/Documents/project/Mlops/myenv/lib/python3.12/site-packages/airflow/example_dags/example_branch_operator.py
[2025-04-03T16:44:18.684+0000] {processor.py:925} INFO - DAG(s) 'example_branch_operator' retrieved from /home/hamza/Documents/project/Mlops/myenv/lib/python3.12/site-packages/airflow/example_dags/example_branch_operator.py
[2025-04-03T16:44:18.726+0000] {logging_mixin.py:190} INFO - [2025-04-03T16:44:18.726+0000] {dag.py:3239} INFO - Sync 1 DAGs
[2025-04-03T16:44:18.763+0000] {logging_mixin.py:190} INFO - [2025-04-03T16:44:18.763+0000] {dag.py:4180} INFO - Setting next_dagrun for example_branch_operator to 2025-04-02 00:00:00+00:00, run_after=2025-04-03 00:00:00+00:00
[2025-04-03T16:44:18.801+0000] {processor.py:208} INFO - Processing /home/hamza/Documents/project/Mlops/myenv/lib/python3.12/site-packages/airflow/example_dags/example_branch_operator.py took 0.168 seconds
[2025-04-03T16:45:54.769+0000] {processor.py:186} INFO - Started process (PID=90779) to work on /home/hamza/Documents/project/Mlops/myenv/lib/python3.12/site-packages/airflow/example_dags/example_branch_operator.py
[2025-04-03T16:45:54.770+0000] {processor.py:914} INFO - Processing file /home/hamza/Documents/project/Mlops/myenv/lib/python3.12/site-packages/airflow/example_dags/example_branch_operator.py for tasks to queue
[2025-04-03T16:45:54.774+0000] {logging_mixin.py:190} INFO - [2025-04-03T16:45:54.773+0000] {dagbag.py:588} INFO - Filling up the DagBag from /home/hamza/Documents/project/Mlops/myenv/lib/python3.12/site-packages/airflow/example_dags/example_branch_operator.py
[2025-04-03T16:45:54.806+0000] {processor.py:925} INFO - DAG(s) 'example_branch_operator' retrieved from /home/hamza/Documents/project/Mlops/myenv/lib/python3.12/site-packages/airflow/example_dags/example_branch_operator.py
[2025-04-03T16:45:54.846+0000] {logging_mixin.py:190} INFO - [2025-04-03T16:45:54.846+0000] {dag.py:3239} INFO - Sync 1 DAGs
[2025-04-03T16:45:54.881+0000] {logging_mixin.py:190} INFO - [2025-04-03T16:45:54.881+0000] {dag.py:4180} INFO - Setting next_dagrun for example_branch_operator to 2025-04-02 00:00:00+00:00, run_after=2025-04-03 00:00:00+00:00
[2025-04-03T16:45:54.915+0000] {processor.py:208} INFO - Processing /home/hamza/Documents/project/Mlops/myenv/lib/python3.12/site-packages/airflow/example_dags/example_branch_operator.py took 0.155 seconds
[2025-04-03T16:47:29.149+0000] {processor.py:186} INFO - Started process (PID=91638) to work on /home/hamza/Documents/project/Mlops/myenv/lib/python3.12/site-packages/airflow/example_dags/example_branch_operator.py
[2025-04-03T16:47:29.150+0000] {processor.py:914} INFO - Processing file /home/hamza/Documents/project/Mlops/myenv/lib/python3.12/site-packages/airflow/example_dags/example_branch_operator.py for tasks to queue
[2025-04-03T16:47:29.154+0000] {logging_mixin.py:190} INFO - [2025-04-03T16:47:29.153+0000] {dagbag.py:588} INFO - Filling up the DagBag from /home/hamza/Documents/project/Mlops/myenv/lib/python3.12/site-packages/airflow/example_dags/example_branch_operator.py
[2025-04-03T16:47:29.187+0000] {processor.py:925} INFO - DAG(s) 'example_branch_operator' retrieved from /home/hamza/Documents/project/Mlops/myenv/lib/python3.12/site-packages/airflow/example_dags/example_branch_operator.py
[2025-04-03T16:47:29.229+0000] {logging_mixin.py:190} INFO - [2025-04-03T16:47:29.229+0000] {dag.py:3239} INFO - Sync 1 DAGs
[2025-04-03T16:47:29.264+0000] {logging_mixin.py:190} INFO - [2025-04-03T16:47:29.263+0000] {dag.py:4180} INFO - Setting next_dagrun for example_branch_operator to 2025-04-02 00:00:00+00:00, run_after=2025-04-03 00:00:00+00:00
[2025-04-03T16:47:29.297+0000] {processor.py:208} INFO - Processing /home/hamza/Documents/project/Mlops/myenv/lib/python3.12/site-packages/airflow/example_dags/example_branch_operator.py took 0.158 seconds
[2025-04-03T16:49:09.842+0000] {processor.py:186} INFO - Started process (PID=92492) to work on /home/hamza/Documents/project/Mlops/myenv/lib/python3.12/site-packages/airflow/example_dags/example_branch_operator.py
[2025-04-03T16:49:09.844+0000] {processor.py:914} INFO - Processing file /home/hamza/Documents/project/Mlops/myenv/lib/python3.12/site-packages/airflow/example_dags/example_branch_operator.py for tasks to queue
[2025-04-03T16:49:09.848+0000] {logging_mixin.py:190} INFO - [2025-04-03T16:49:09.848+0000] {dagbag.py:588} INFO - Filling up the DagBag from /home/hamza/Documents/project/Mlops/myenv/lib/python3.12/site-packages/airflow/example_dags/example_branch_operator.py
[2025-04-03T16:49:09.882+0000] {processor.py:925} INFO - DAG(s) 'example_branch_operator' retrieved from /home/hamza/Documents/project/Mlops/myenv/lib/python3.12/site-packages/airflow/example_dags/example_branch_operator.py
[2025-04-03T16:49:09.924+0000] {logging_mixin.py:190} INFO - [2025-04-03T16:49:09.924+0000] {dag.py:3239} INFO - Sync 1 DAGs
[2025-04-03T16:49:09.963+0000] {logging_mixin.py:190} INFO - [2025-04-03T16:49:09.963+0000] {dag.py:4180} INFO - Setting next_dagrun for example_branch_operator to 2025-04-02 00:00:00+00:00, run_after=2025-04-03 00:00:00+00:00
[2025-04-03T16:49:10.007+0000] {processor.py:208} INFO - Processing /home/hamza/Documents/project/Mlops/myenv/lib/python3.12/site-packages/airflow/example_dags/example_branch_operator.py took 0.174 seconds
[2025-04-03T16:50:47.528+0000] {processor.py:186} INFO - Started process (PID=93327) to work on /home/hamza/Documents/project/Mlops/myenv/lib/python3.12/site-packages/airflow/example_dags/example_branch_operator.py
[2025-04-03T16:50:47.530+0000] {processor.py:914} INFO - Processing file /home/hamza/Documents/project/Mlops/myenv/lib/python3.12/site-packages/airflow/example_dags/example_branch_operator.py for tasks to queue
[2025-04-03T16:50:47.534+0000] {logging_mixin.py:190} INFO - [2025-04-03T16:50:47.534+0000] {dagbag.py:588} INFO - Filling up the DagBag from /home/hamza/Documents/project/Mlops/myenv/lib/python3.12/site-packages/airflow/example_dags/example_branch_operator.py
[2025-04-03T16:50:47.572+0000] {processor.py:925} INFO - DAG(s) 'example_branch_operator' retrieved from /home/hamza/Documents/project/Mlops/myenv/lib/python3.12/site-packages/airflow/example_dags/example_branch_operator.py
[2025-04-03T16:50:47.613+0000] {logging_mixin.py:190} INFO - [2025-04-03T16:50:47.613+0000] {dag.py:3239} INFO - Sync 1 DAGs
[2025-04-03T16:50:47.661+0000] {logging_mixin.py:190} INFO - [2025-04-03T16:50:47.661+0000] {dag.py:4180} INFO - Setting next_dagrun for example_branch_operator to 2025-04-02 00:00:00+00:00, run_after=2025-04-03 00:00:00+00:00
[2025-04-03T16:50:47.699+0000] {processor.py:208} INFO - Processing /home/hamza/Documents/project/Mlops/myenv/lib/python3.12/site-packages/airflow/example_dags/example_branch_operator.py took 0.180 seconds
[2025-04-03T16:52:27.967+0000] {processor.py:186} INFO - Started process (PID=94146) to work on /home/hamza/Documents/project/Mlops/myenv/lib/python3.12/site-packages/airflow/example_dags/example_branch_operator.py
[2025-04-03T16:52:27.969+0000] {processor.py:914} INFO - Processing file /home/hamza/Documents/project/Mlops/myenv/lib/python3.12/site-packages/airflow/example_dags/example_branch_operator.py for tasks to queue
[2025-04-03T16:52:27.972+0000] {logging_mixin.py:190} INFO - [2025-04-03T16:52:27.971+0000] {dagbag.py:588} INFO - Filling up the DagBag from /home/hamza/Documents/project/Mlops/myenv/lib/python3.12/site-packages/airflow/example_dags/example_branch_operator.py
[2025-04-03T16:52:28.007+0000] {processor.py:925} INFO - DAG(s) 'example_branch_operator' retrieved from /home/hamza/Documents/project/Mlops/myenv/lib/python3.12/site-packages/airflow/example_dags/example_branch_operator.py
[2025-04-03T16:52:28.051+0000] {logging_mixin.py:190} INFO - [2025-04-03T16:52:28.051+0000] {dag.py:3239} INFO - Sync 1 DAGs
[2025-04-03T16:52:28.089+0000] {logging_mixin.py:190} INFO - [2025-04-03T16:52:28.089+0000] {dag.py:4180} INFO - Setting next_dagrun for example_branch_operator to 2025-04-02 00:00:00+00:00, run_after=2025-04-03 00:00:00+00:00
[2025-04-03T16:52:28.124+0000] {processor.py:208} INFO - Processing /home/hamza/Documents/project/Mlops/myenv/lib/python3.12/site-packages/airflow/example_dags/example_branch_operator.py took 0.166 seconds
[2025-04-03T16:54:04.863+0000] {processor.py:186} INFO - Started process (PID=95001) to work on /home/hamza/Documents/project/Mlops/myenv/lib/python3.12/site-packages/airflow/example_dags/example_branch_operator.py
[2025-04-03T16:54:04.866+0000] {processor.py:914} INFO - Processing file /home/hamza/Documents/project/Mlops/myenv/lib/python3.12/site-packages/airflow/example_dags/example_branch_operator.py for tasks to queue
[2025-04-03T16:54:04.871+0000] {logging_mixin.py:190} INFO - [2025-04-03T16:54:04.870+0000] {dagbag.py:588} INFO - Filling up the DagBag from /home/hamza/Documents/project/Mlops/myenv/lib/python3.12/site-packages/airflow/example_dags/example_branch_operator.py
[2025-04-03T16:54:04.932+0000] {processor.py:925} INFO - DAG(s) 'example_branch_operator' retrieved from /home/hamza/Documents/project/Mlops/myenv/lib/python3.12/site-packages/airflow/example_dags/example_branch_operator.py
[2025-04-03T16:54:04.998+0000] {logging_mixin.py:190} INFO - [2025-04-03T16:54:04.997+0000] {dag.py:3239} INFO - Sync 1 DAGs
[2025-04-03T16:54:05.055+0000] {logging_mixin.py:190} INFO - [2025-04-03T16:54:05.054+0000] {dag.py:4180} INFO - Setting next_dagrun for example_branch_operator to 2025-04-02 00:00:00+00:00, run_after=2025-04-03 00:00:00+00:00
[2025-04-03T16:54:05.109+0000] {processor.py:208} INFO - Processing /home/hamza/Documents/project/Mlops/myenv/lib/python3.12/site-packages/airflow/example_dags/example_branch_operator.py took 0.260 seconds
[2025-04-03T16:55:49.557+0000] {processor.py:186} INFO - Started process (PID=96063) to work on /home/hamza/Documents/project/Mlops/myenv/lib/python3.12/site-packages/airflow/example_dags/example_branch_operator.py
[2025-04-03T16:55:49.559+0000] {processor.py:914} INFO - Processing file /home/hamza/Documents/project/Mlops/myenv/lib/python3.12/site-packages/airflow/example_dags/example_branch_operator.py for tasks to queue
[2025-04-03T16:55:49.562+0000] {logging_mixin.py:190} INFO - [2025-04-03T16:55:49.561+0000] {dagbag.py:588} INFO - Filling up the DagBag from /home/hamza/Documents/project/Mlops/myenv/lib/python3.12/site-packages/airflow/example_dags/example_branch_operator.py
[2025-04-03T16:55:49.602+0000] {processor.py:925} INFO - DAG(s) 'example_branch_operator' retrieved from /home/hamza/Documents/project/Mlops/myenv/lib/python3.12/site-packages/airflow/example_dags/example_branch_operator.py
[2025-04-03T16:55:49.649+0000] {logging_mixin.py:190} INFO - [2025-04-03T16:55:49.649+0000] {dag.py:3239} INFO - Sync 1 DAGs
[2025-04-03T16:55:49.689+0000] {logging_mixin.py:190} INFO - [2025-04-03T16:55:49.689+0000] {dag.py:4180} INFO - Setting next_dagrun for example_branch_operator to 2025-04-02 00:00:00+00:00, run_after=2025-04-03 00:00:00+00:00
[2025-04-03T16:55:49.724+0000] {processor.py:208} INFO - Processing /home/hamza/Documents/project/Mlops/myenv/lib/python3.12/site-packages/airflow/example_dags/example_branch_operator.py took 0.179 seconds
