[2025-04-03T13:43:38.404+0000] {processor.py:186} INFO - Started process (PID=98446) to work on /home/hamza/Documents/project/Mlops/myenv/lib/python3.12/site-packages/airflow/example_dags/example_setup_teardown.py
[2025-04-03T13:43:38.405+0000] {processor.py:914} INFO - Processing file /home/hamza/Documents/project/Mlops/myenv/lib/python3.12/site-packages/airflow/example_dags/example_setup_teardown.py for tasks to queue
[2025-04-03T13:43:38.409+0000] {logging_mixin.py:190} INFO - [2025-04-03T13:43:38.408+0000] {dagbag.py:588} INFO - Filling up the DagBag from /home/hamza/Documents/project/Mlops/myenv/lib/python3.12/site-packages/airflow/example_dags/example_setup_teardown.py
[2025-04-03T13:43:38.430+0000] {processor.py:925} INFO - DAG(s) 'example_setup_teardown' retrieved from /home/hamza/Documents/project/Mlops/myenv/lib/python3.12/site-packages/airflow/example_dags/example_setup_teardown.py
[2025-04-03T13:43:38.635+0000] {logging_mixin.py:190} INFO - [2025-04-03T13:43:38.634+0000] {override.py:1930} INFO - Created Permission View: can delete on DAG:example_setup_teardown
[2025-04-03T13:43:38.660+0000] {logging_mixin.py:190} INFO - [2025-04-03T13:43:38.659+0000] {override.py:1930} INFO - Created Permission View: can read on DAG:example_setup_teardown
[2025-04-03T13:43:38.676+0000] {logging_mixin.py:190} INFO - [2025-04-03T13:43:38.675+0000] {override.py:1930} INFO - Created Permission View: can edit on DAG:example_setup_teardown
[2025-04-03T13:43:38.701+0000] {logging_mixin.py:190} INFO - [2025-04-03T13:43:38.700+0000] {override.py:1930} INFO - Created Permission View: can delete on DAG Run:example_setup_teardown
[2025-04-03T13:43:38.718+0000] {logging_mixin.py:190} INFO - [2025-04-03T13:43:38.717+0000] {override.py:1930} INFO - Created Permission View: can read on DAG Run:example_setup_teardown
[2025-04-03T13:43:38.737+0000] {logging_mixin.py:190} INFO - [2025-04-03T13:43:38.736+0000] {override.py:1930} INFO - Created Permission View: menu access on DAG Run:example_setup_teardown
[2025-04-03T13:43:38.756+0000] {logging_mixin.py:190} INFO - [2025-04-03T13:43:38.755+0000] {override.py:1930} INFO - Created Permission View: can create on DAG Run:example_setup_teardown
[2025-04-03T13:43:38.757+0000] {logging_mixin.py:190} INFO - [2025-04-03T13:43:38.756+0000] {dag.py:3239} INFO - Sync 1 DAGs
[2025-04-03T13:43:38.781+0000] {logging_mixin.py:190} INFO - [2025-04-03T13:43:38.780+0000] {dag.py:3262} INFO - Creating ORM DAG for example_setup_teardown
[2025-04-03T13:43:38.783+0000] {logging_mixin.py:190} INFO - [2025-04-03T13:43:38.782+0000] {dag.py:4180} INFO - Setting next_dagrun for example_setup_teardown to None, run_after=None
[2025-04-03T13:43:38.817+0000] {processor.py:208} INFO - Processing /home/hamza/Documents/project/Mlops/myenv/lib/python3.12/site-packages/airflow/example_dags/example_setup_teardown.py took 0.425 seconds
[2025-04-03T13:44:52.099+0000] {processor.py:186} INFO - Started process (PID=99512) to work on /home/hamza/Documents/project/Mlops/myenv/lib/python3.12/site-packages/airflow/example_dags/example_setup_teardown.py
[2025-04-03T13:44:52.101+0000] {processor.py:914} INFO - Processing file /home/hamza/Documents/project/Mlops/myenv/lib/python3.12/site-packages/airflow/example_dags/example_setup_teardown.py for tasks to queue
[2025-04-03T13:44:52.105+0000] {logging_mixin.py:190} INFO - [2025-04-03T13:44:52.104+0000] {dagbag.py:588} INFO - Filling up the DagBag from /home/hamza/Documents/project/Mlops/myenv/lib/python3.12/site-packages/airflow/example_dags/example_setup_teardown.py
[2025-04-03T13:44:52.120+0000] {processor.py:925} INFO - DAG(s) 'example_setup_teardown' retrieved from /home/hamza/Documents/project/Mlops/myenv/lib/python3.12/site-packages/airflow/example_dags/example_setup_teardown.py
[2025-04-03T13:44:52.148+0000] {logging_mixin.py:190} INFO - [2025-04-03T13:44:52.148+0000] {dag.py:3239} INFO - Sync 1 DAGs
[2025-04-03T13:44:52.171+0000] {logging_mixin.py:190} INFO - [2025-04-03T13:44:52.170+0000] {dag.py:4180} INFO - Setting next_dagrun for example_setup_teardown to None, run_after=None
[2025-04-03T13:44:52.208+0000] {processor.py:208} INFO - Processing /home/hamza/Documents/project/Mlops/myenv/lib/python3.12/site-packages/airflow/example_dags/example_setup_teardown.py took 0.117 seconds
[2025-04-03T13:45:58.369+0000] {processor.py:186} INFO - Started process (PID=100081) to work on /home/hamza/Documents/project/Mlops/myenv/lib/python3.12/site-packages/airflow/example_dags/example_setup_teardown.py
[2025-04-03T13:45:58.372+0000] {processor.py:914} INFO - Processing file /home/hamza/Documents/project/Mlops/myenv/lib/python3.12/site-packages/airflow/example_dags/example_setup_teardown.py for tasks to queue
[2025-04-03T13:45:58.375+0000] {logging_mixin.py:190} INFO - [2025-04-03T13:45:58.374+0000] {dagbag.py:588} INFO - Filling up the DagBag from /home/hamza/Documents/project/Mlops/myenv/lib/python3.12/site-packages/airflow/example_dags/example_setup_teardown.py
[2025-04-03T13:45:58.390+0000] {processor.py:925} INFO - DAG(s) 'example_setup_teardown' retrieved from /home/hamza/Documents/project/Mlops/myenv/lib/python3.12/site-packages/airflow/example_dags/example_setup_teardown.py
[2025-04-03T13:45:58.422+0000] {logging_mixin.py:190} INFO - [2025-04-03T13:45:58.421+0000] {dag.py:3239} INFO - Sync 1 DAGs
[2025-04-03T13:45:58.445+0000] {logging_mixin.py:190} INFO - [2025-04-03T13:45:58.445+0000] {dag.py:4180} INFO - Setting next_dagrun for example_setup_teardown to None, run_after=None
[2025-04-03T13:45:58.480+0000] {processor.py:208} INFO - Processing /home/hamza/Documents/project/Mlops/myenv/lib/python3.12/site-packages/airflow/example_dags/example_setup_teardown.py took 0.119 seconds
[2025-04-03T13:47:06.199+0000] {processor.py:186} INFO - Started process (PID=100820) to work on /home/hamza/Documents/project/Mlops/myenv/lib/python3.12/site-packages/airflow/example_dags/example_setup_teardown.py
[2025-04-03T13:47:06.201+0000] {processor.py:914} INFO - Processing file /home/hamza/Documents/project/Mlops/myenv/lib/python3.12/site-packages/airflow/example_dags/example_setup_teardown.py for tasks to queue
[2025-04-03T13:47:06.205+0000] {logging_mixin.py:190} INFO - [2025-04-03T13:47:06.204+0000] {dagbag.py:588} INFO - Filling up the DagBag from /home/hamza/Documents/project/Mlops/myenv/lib/python3.12/site-packages/airflow/example_dags/example_setup_teardown.py
[2025-04-03T13:47:06.223+0000] {processor.py:925} INFO - DAG(s) 'example_setup_teardown' retrieved from /home/hamza/Documents/project/Mlops/myenv/lib/python3.12/site-packages/airflow/example_dags/example_setup_teardown.py
[2025-04-03T13:47:06.254+0000] {logging_mixin.py:190} INFO - [2025-04-03T13:47:06.253+0000] {dag.py:3239} INFO - Sync 1 DAGs
[2025-04-03T13:47:06.280+0000] {logging_mixin.py:190} INFO - [2025-04-03T13:47:06.280+0000] {dag.py:4180} INFO - Setting next_dagrun for example_setup_teardown to None, run_after=None
[2025-04-03T13:47:06.321+0000] {processor.py:208} INFO - Processing /home/hamza/Documents/project/Mlops/myenv/lib/python3.12/site-packages/airflow/example_dags/example_setup_teardown.py took 0.131 seconds
[2025-04-03T13:48:14.242+0000] {processor.py:186} INFO - Started process (PID=101716) to work on /home/hamza/Documents/project/Mlops/myenv/lib/python3.12/site-packages/airflow/example_dags/example_setup_teardown.py
[2025-04-03T13:48:14.245+0000] {processor.py:914} INFO - Processing file /home/hamza/Documents/project/Mlops/myenv/lib/python3.12/site-packages/airflow/example_dags/example_setup_teardown.py for tasks to queue
[2025-04-03T13:48:14.252+0000] {logging_mixin.py:190} INFO - [2025-04-03T13:48:14.251+0000] {dagbag.py:588} INFO - Filling up the DagBag from /home/hamza/Documents/project/Mlops/myenv/lib/python3.12/site-packages/airflow/example_dags/example_setup_teardown.py
[2025-04-03T13:48:14.268+0000] {processor.py:925} INFO - DAG(s) 'example_setup_teardown' retrieved from /home/hamza/Documents/project/Mlops/myenv/lib/python3.12/site-packages/airflow/example_dags/example_setup_teardown.py
[2025-04-03T13:48:14.299+0000] {logging_mixin.py:190} INFO - [2025-04-03T13:48:14.298+0000] {dag.py:3239} INFO - Sync 1 DAGs
[2025-04-03T13:48:14.320+0000] {logging_mixin.py:190} INFO - [2025-04-03T13:48:14.319+0000] {dag.py:4180} INFO - Setting next_dagrun for example_setup_teardown to None, run_after=None
[2025-04-03T13:48:14.353+0000] {processor.py:208} INFO - Processing /home/hamza/Documents/project/Mlops/myenv/lib/python3.12/site-packages/airflow/example_dags/example_setup_teardown.py took 0.124 seconds
[2025-04-03T13:49:50.424+0000] {processor.py:186} INFO - Started process (PID=103036) to work on /home/hamza/Documents/project/Mlops/myenv/lib/python3.12/site-packages/airflow/example_dags/example_setup_teardown.py
[2025-04-03T13:49:50.429+0000] {processor.py:914} INFO - Processing file /home/hamza/Documents/project/Mlops/myenv/lib/python3.12/site-packages/airflow/example_dags/example_setup_teardown.py for tasks to queue
[2025-04-03T13:49:50.434+0000] {logging_mixin.py:190} INFO - [2025-04-03T13:49:50.433+0000] {dagbag.py:588} INFO - Filling up the DagBag from /home/hamza/Documents/project/Mlops/myenv/lib/python3.12/site-packages/airflow/example_dags/example_setup_teardown.py
[2025-04-03T13:49:50.454+0000] {processor.py:925} INFO - DAG(s) 'example_setup_teardown' retrieved from /home/hamza/Documents/project/Mlops/myenv/lib/python3.12/site-packages/airflow/example_dags/example_setup_teardown.py
[2025-04-03T13:49:50.495+0000] {logging_mixin.py:190} INFO - [2025-04-03T13:49:50.494+0000] {dag.py:3239} INFO - Sync 1 DAGs
[2025-04-03T13:49:50.521+0000] {logging_mixin.py:190} INFO - [2025-04-03T13:49:50.521+0000] {dag.py:4180} INFO - Setting next_dagrun for example_setup_teardown to None, run_after=None
[2025-04-03T13:49:50.566+0000] {processor.py:208} INFO - Processing /home/hamza/Documents/project/Mlops/myenv/lib/python3.12/site-packages/airflow/example_dags/example_setup_teardown.py took 0.153 seconds
[2025-04-03T13:51:09.002+0000] {processor.py:186} INFO - Started process (PID=104028) to work on /home/hamza/Documents/project/Mlops/myenv/lib/python3.12/site-packages/airflow/example_dags/example_setup_teardown.py
[2025-04-03T13:51:09.004+0000] {processor.py:914} INFO - Processing file /home/hamza/Documents/project/Mlops/myenv/lib/python3.12/site-packages/airflow/example_dags/example_setup_teardown.py for tasks to queue
[2025-04-03T13:51:09.008+0000] {logging_mixin.py:190} INFO - [2025-04-03T13:51:09.007+0000] {dagbag.py:588} INFO - Filling up the DagBag from /home/hamza/Documents/project/Mlops/myenv/lib/python3.12/site-packages/airflow/example_dags/example_setup_teardown.py
[2025-04-03T13:51:09.025+0000] {processor.py:925} INFO - DAG(s) 'example_setup_teardown' retrieved from /home/hamza/Documents/project/Mlops/myenv/lib/python3.12/site-packages/airflow/example_dags/example_setup_teardown.py
[2025-04-03T13:51:09.055+0000] {logging_mixin.py:190} INFO - [2025-04-03T13:51:09.054+0000] {dag.py:3239} INFO - Sync 1 DAGs
[2025-04-03T13:51:09.078+0000] {logging_mixin.py:190} INFO - [2025-04-03T13:51:09.077+0000] {dag.py:4180} INFO - Setting next_dagrun for example_setup_teardown to None, run_after=None
[2025-04-03T13:51:09.112+0000] {processor.py:208} INFO - Processing /home/hamza/Documents/project/Mlops/myenv/lib/python3.12/site-packages/airflow/example_dags/example_setup_teardown.py took 0.119 seconds
[2025-04-03T13:52:48.965+0000] {processor.py:186} INFO - Started process (PID=105071) to work on /home/hamza/Documents/project/Mlops/myenv/lib/python3.12/site-packages/airflow/example_dags/example_setup_teardown.py
[2025-04-03T13:52:48.966+0000] {processor.py:914} INFO - Processing file /home/hamza/Documents/project/Mlops/myenv/lib/python3.12/site-packages/airflow/example_dags/example_setup_teardown.py for tasks to queue
[2025-04-03T13:52:48.970+0000] {logging_mixin.py:190} INFO - [2025-04-03T13:52:48.969+0000] {dagbag.py:588} INFO - Filling up the DagBag from /home/hamza/Documents/project/Mlops/myenv/lib/python3.12/site-packages/airflow/example_dags/example_setup_teardown.py
[2025-04-03T13:52:48.986+0000] {processor.py:925} INFO - DAG(s) 'example_setup_teardown' retrieved from /home/hamza/Documents/project/Mlops/myenv/lib/python3.12/site-packages/airflow/example_dags/example_setup_teardown.py
[2025-04-03T13:52:49.014+0000] {logging_mixin.py:190} INFO - [2025-04-03T13:52:49.014+0000] {dag.py:3239} INFO - Sync 1 DAGs
[2025-04-03T13:52:49.036+0000] {logging_mixin.py:190} INFO - [2025-04-03T13:52:49.036+0000] {dag.py:4180} INFO - Setting next_dagrun for example_setup_teardown to None, run_after=None
[2025-04-03T13:52:49.077+0000] {processor.py:208} INFO - Processing /home/hamza/Documents/project/Mlops/myenv/lib/python3.12/site-packages/airflow/example_dags/example_setup_teardown.py took 0.122 seconds
[2025-04-03T13:54:25.746+0000] {processor.py:186} INFO - Started process (PID=106170) to work on /home/hamza/Documents/project/Mlops/myenv/lib/python3.12/site-packages/airflow/example_dags/example_setup_teardown.py
[2025-04-03T13:54:25.751+0000] {processor.py:914} INFO - Processing file /home/hamza/Documents/project/Mlops/myenv/lib/python3.12/site-packages/airflow/example_dags/example_setup_teardown.py for tasks to queue
[2025-04-03T13:54:25.756+0000] {logging_mixin.py:190} INFO - [2025-04-03T13:54:25.755+0000] {dagbag.py:588} INFO - Filling up the DagBag from /home/hamza/Documents/project/Mlops/myenv/lib/python3.12/site-packages/airflow/example_dags/example_setup_teardown.py
[2025-04-03T13:54:25.780+0000] {processor.py:925} INFO - DAG(s) 'example_setup_teardown' retrieved from /home/hamza/Documents/project/Mlops/myenv/lib/python3.12/site-packages/airflow/example_dags/example_setup_teardown.py
[2025-04-03T13:54:25.821+0000] {logging_mixin.py:190} INFO - [2025-04-03T13:54:25.820+0000] {dag.py:3239} INFO - Sync 1 DAGs
[2025-04-03T13:54:25.856+0000] {logging_mixin.py:190} INFO - [2025-04-03T13:54:25.855+0000] {dag.py:4180} INFO - Setting next_dagrun for example_setup_teardown to None, run_after=None
[2025-04-03T13:54:25.922+0000] {processor.py:208} INFO - Processing /home/hamza/Documents/project/Mlops/myenv/lib/python3.12/site-packages/airflow/example_dags/example_setup_teardown.py took 0.188 seconds
[2025-04-03T13:59:22.389+0000] {processor.py:186} INFO - Started process (PID=110036) to work on /home/hamza/Documents/project/Mlops/myenv/lib/python3.12/site-packages/airflow/example_dags/example_setup_teardown.py
[2025-04-03T13:59:22.390+0000] {processor.py:914} INFO - Processing file /home/hamza/Documents/project/Mlops/myenv/lib/python3.12/site-packages/airflow/example_dags/example_setup_teardown.py for tasks to queue
[2025-04-03T13:59:22.394+0000] {logging_mixin.py:190} INFO - [2025-04-03T13:59:22.393+0000] {dagbag.py:588} INFO - Filling up the DagBag from /home/hamza/Documents/project/Mlops/myenv/lib/python3.12/site-packages/airflow/example_dags/example_setup_teardown.py
[2025-04-03T13:59:22.409+0000] {processor.py:925} INFO - DAG(s) 'example_setup_teardown' retrieved from /home/hamza/Documents/project/Mlops/myenv/lib/python3.12/site-packages/airflow/example_dags/example_setup_teardown.py
[2025-04-03T13:59:22.439+0000] {logging_mixin.py:190} INFO - [2025-04-03T13:59:22.438+0000] {dag.py:3239} INFO - Sync 1 DAGs
[2025-04-03T13:59:22.460+0000] {logging_mixin.py:190} INFO - [2025-04-03T13:59:22.459+0000] {dag.py:4180} INFO - Setting next_dagrun for example_setup_teardown to None, run_after=None
[2025-04-03T13:59:22.495+0000] {processor.py:208} INFO - Processing /home/hamza/Documents/project/Mlops/myenv/lib/python3.12/site-packages/airflow/example_dags/example_setup_teardown.py took 0.115 seconds
[2025-04-03T14:10:12.160+0000] {processor.py:186} INFO - Started process (PID=118047) to work on /home/hamza/Documents/project/Mlops/myenv/lib/python3.12/site-packages/airflow/example_dags/example_setup_teardown.py
[2025-04-03T14:10:12.162+0000] {processor.py:914} INFO - Processing file /home/hamza/Documents/project/Mlops/myenv/lib/python3.12/site-packages/airflow/example_dags/example_setup_teardown.py for tasks to queue
[2025-04-03T14:10:12.164+0000] {logging_mixin.py:190} INFO - [2025-04-03T14:10:12.163+0000] {dagbag.py:588} INFO - Filling up the DagBag from /home/hamza/Documents/project/Mlops/myenv/lib/python3.12/site-packages/airflow/example_dags/example_setup_teardown.py
[2025-04-03T14:10:12.181+0000] {processor.py:925} INFO - DAG(s) 'example_setup_teardown' retrieved from /home/hamza/Documents/project/Mlops/myenv/lib/python3.12/site-packages/airflow/example_dags/example_setup_teardown.py
[2025-04-03T14:10:12.212+0000] {logging_mixin.py:190} INFO - [2025-04-03T14:10:12.212+0000] {dag.py:3239} INFO - Sync 1 DAGs
[2025-04-03T14:10:12.230+0000] {logging_mixin.py:190} INFO - [2025-04-03T14:10:12.230+0000] {dag.py:4180} INFO - Setting next_dagrun for example_setup_teardown to None, run_after=None
[2025-04-03T14:10:12.259+0000] {processor.py:208} INFO - Processing /home/hamza/Documents/project/Mlops/myenv/lib/python3.12/site-packages/airflow/example_dags/example_setup_teardown.py took 0.108 seconds
[2025-04-03T14:11:28.246+0000] {processor.py:186} INFO - Started process (PID=118751) to work on /home/hamza/Documents/project/Mlops/myenv/lib/python3.12/site-packages/airflow/example_dags/example_setup_teardown.py
[2025-04-03T14:11:28.251+0000] {processor.py:914} INFO - Processing file /home/hamza/Documents/project/Mlops/myenv/lib/python3.12/site-packages/airflow/example_dags/example_setup_teardown.py for tasks to queue
[2025-04-03T14:11:28.253+0000] {logging_mixin.py:190} INFO - [2025-04-03T14:11:28.253+0000] {dagbag.py:588} INFO - Filling up the DagBag from /home/hamza/Documents/project/Mlops/myenv/lib/python3.12/site-packages/airflow/example_dags/example_setup_teardown.py
[2025-04-03T14:11:28.267+0000] {processor.py:925} INFO - DAG(s) 'example_setup_teardown' retrieved from /home/hamza/Documents/project/Mlops/myenv/lib/python3.12/site-packages/airflow/example_dags/example_setup_teardown.py
[2025-04-03T14:11:28.302+0000] {logging_mixin.py:190} INFO - [2025-04-03T14:11:28.302+0000] {dag.py:3239} INFO - Sync 1 DAGs
[2025-04-03T14:11:28.322+0000] {logging_mixin.py:190} INFO - [2025-04-03T14:11:28.322+0000] {dag.py:4180} INFO - Setting next_dagrun for example_setup_teardown to None, run_after=None
[2025-04-03T14:11:28.355+0000] {processor.py:208} INFO - Processing /home/hamza/Documents/project/Mlops/myenv/lib/python3.12/site-packages/airflow/example_dags/example_setup_teardown.py took 0.118 seconds
[2025-04-03T14:13:08.340+0000] {processor.py:186} INFO - Started process (PID=119687) to work on /home/hamza/Documents/project/Mlops/myenv/lib/python3.12/site-packages/airflow/example_dags/example_setup_teardown.py
[2025-04-03T14:13:08.341+0000] {processor.py:914} INFO - Processing file /home/hamza/Documents/project/Mlops/myenv/lib/python3.12/site-packages/airflow/example_dags/example_setup_teardown.py for tasks to queue
[2025-04-03T14:13:08.343+0000] {logging_mixin.py:190} INFO - [2025-04-03T14:13:08.343+0000] {dagbag.py:588} INFO - Filling up the DagBag from /home/hamza/Documents/project/Mlops/myenv/lib/python3.12/site-packages/airflow/example_dags/example_setup_teardown.py
[2025-04-03T14:13:08.355+0000] {processor.py:925} INFO - DAG(s) 'example_setup_teardown' retrieved from /home/hamza/Documents/project/Mlops/myenv/lib/python3.12/site-packages/airflow/example_dags/example_setup_teardown.py
[2025-04-03T14:13:08.383+0000] {logging_mixin.py:190} INFO - [2025-04-03T14:13:08.383+0000] {dag.py:3239} INFO - Sync 1 DAGs
[2025-04-03T14:13:08.404+0000] {logging_mixin.py:190} INFO - [2025-04-03T14:13:08.403+0000] {dag.py:4180} INFO - Setting next_dagrun for example_setup_teardown to None, run_after=None
[2025-04-03T14:13:08.437+0000] {processor.py:208} INFO - Processing /home/hamza/Documents/project/Mlops/myenv/lib/python3.12/site-packages/airflow/example_dags/example_setup_teardown.py took 0.106 seconds
[2025-04-03T14:18:53.151+0000] {processor.py:186} INFO - Started process (PID=122461) to work on /home/hamza/Documents/project/Mlops/myenv/lib/python3.12/site-packages/airflow/example_dags/example_setup_teardown.py
[2025-04-03T14:18:53.154+0000] {processor.py:914} INFO - Processing file /home/hamza/Documents/project/Mlops/myenv/lib/python3.12/site-packages/airflow/example_dags/example_setup_teardown.py for tasks to queue
[2025-04-03T14:18:53.156+0000] {logging_mixin.py:190} INFO - [2025-04-03T14:18:53.155+0000] {dagbag.py:588} INFO - Filling up the DagBag from /home/hamza/Documents/project/Mlops/myenv/lib/python3.12/site-packages/airflow/example_dags/example_setup_teardown.py
[2025-04-03T14:18:53.166+0000] {processor.py:925} INFO - DAG(s) 'example_setup_teardown' retrieved from /home/hamza/Documents/project/Mlops/myenv/lib/python3.12/site-packages/airflow/example_dags/example_setup_teardown.py
[2025-04-03T14:18:53.197+0000] {logging_mixin.py:190} INFO - [2025-04-03T14:18:53.197+0000] {dag.py:3239} INFO - Sync 1 DAGs
[2025-04-03T14:18:53.217+0000] {logging_mixin.py:190} INFO - [2025-04-03T14:18:53.216+0000] {dag.py:4180} INFO - Setting next_dagrun for example_setup_teardown to None, run_after=None
[2025-04-03T14:18:53.257+0000] {processor.py:208} INFO - Processing /home/hamza/Documents/project/Mlops/myenv/lib/python3.12/site-packages/airflow/example_dags/example_setup_teardown.py took 0.116 seconds
[2025-04-03T15:08:24.119+0000] {processor.py:186} INFO - Started process (PID=36163) to work on /home/hamza/Documents/project/Mlops/myenv/lib/python3.12/site-packages/airflow/example_dags/example_setup_teardown.py
[2025-04-03T15:08:24.120+0000] {processor.py:914} INFO - Processing file /home/hamza/Documents/project/Mlops/myenv/lib/python3.12/site-packages/airflow/example_dags/example_setup_teardown.py for tasks to queue
[2025-04-03T15:08:24.124+0000] {logging_mixin.py:190} INFO - [2025-04-03T15:08:24.123+0000] {dagbag.py:588} INFO - Filling up the DagBag from /home/hamza/Documents/project/Mlops/myenv/lib/python3.12/site-packages/airflow/example_dags/example_setup_teardown.py
[2025-04-03T15:08:24.139+0000] {processor.py:925} INFO - DAG(s) 'example_setup_teardown' retrieved from /home/hamza/Documents/project/Mlops/myenv/lib/python3.12/site-packages/airflow/example_dags/example_setup_teardown.py
[2025-04-03T15:08:24.167+0000] {logging_mixin.py:190} INFO - [2025-04-03T15:08:24.167+0000] {dag.py:3239} INFO - Sync 1 DAGs
[2025-04-03T15:08:24.187+0000] {logging_mixin.py:190} INFO - [2025-04-03T15:08:24.187+0000] {dag.py:4180} INFO - Setting next_dagrun for example_setup_teardown to None, run_after=None
[2025-04-03T15:08:24.231+0000] {processor.py:208} INFO - Processing /home/hamza/Documents/project/Mlops/myenv/lib/python3.12/site-packages/airflow/example_dags/example_setup_teardown.py took 0.121 seconds
[2025-04-03T15:09:38.809+0000] {processor.py:186} INFO - Started process (PID=36902) to work on /home/hamza/Documents/project/Mlops/myenv/lib/python3.12/site-packages/airflow/example_dags/example_setup_teardown.py
[2025-04-03T15:09:38.814+0000] {processor.py:914} INFO - Processing file /home/hamza/Documents/project/Mlops/myenv/lib/python3.12/site-packages/airflow/example_dags/example_setup_teardown.py for tasks to queue
[2025-04-03T15:09:38.818+0000] {logging_mixin.py:190} INFO - [2025-04-03T15:09:38.817+0000] {dagbag.py:588} INFO - Filling up the DagBag from /home/hamza/Documents/project/Mlops/myenv/lib/python3.12/site-packages/airflow/example_dags/example_setup_teardown.py
[2025-04-03T15:09:38.832+0000] {processor.py:925} INFO - DAG(s) 'example_setup_teardown' retrieved from /home/hamza/Documents/project/Mlops/myenv/lib/python3.12/site-packages/airflow/example_dags/example_setup_teardown.py
[2025-04-03T15:09:38.858+0000] {logging_mixin.py:190} INFO - [2025-04-03T15:09:38.857+0000] {dag.py:3239} INFO - Sync 1 DAGs
[2025-04-03T15:09:38.877+0000] {logging_mixin.py:190} INFO - [2025-04-03T15:09:38.877+0000] {dag.py:4180} INFO - Setting next_dagrun for example_setup_teardown to None, run_after=None
[2025-04-03T15:09:38.913+0000] {processor.py:208} INFO - Processing /home/hamza/Documents/project/Mlops/myenv/lib/python3.12/site-packages/airflow/example_dags/example_setup_teardown.py took 0.112 seconds
[2025-04-03T15:11:07.219+0000] {processor.py:186} INFO - Started process (PID=37756) to work on /home/hamza/Documents/project/Mlops/myenv/lib/python3.12/site-packages/airflow/example_dags/example_setup_teardown.py
[2025-04-03T15:11:07.226+0000] {processor.py:914} INFO - Processing file /home/hamza/Documents/project/Mlops/myenv/lib/python3.12/site-packages/airflow/example_dags/example_setup_teardown.py for tasks to queue
[2025-04-03T15:11:07.230+0000] {logging_mixin.py:190} INFO - [2025-04-03T15:11:07.229+0000] {dagbag.py:588} INFO - Filling up the DagBag from /home/hamza/Documents/project/Mlops/myenv/lib/python3.12/site-packages/airflow/example_dags/example_setup_teardown.py
[2025-04-03T15:11:07.246+0000] {processor.py:925} INFO - DAG(s) 'example_setup_teardown' retrieved from /home/hamza/Documents/project/Mlops/myenv/lib/python3.12/site-packages/airflow/example_dags/example_setup_teardown.py
[2025-04-03T15:11:07.272+0000] {logging_mixin.py:190} INFO - [2025-04-03T15:11:07.272+0000] {dag.py:3239} INFO - Sync 1 DAGs
[2025-04-03T15:11:07.292+0000] {logging_mixin.py:190} INFO - [2025-04-03T15:11:07.291+0000] {dag.py:4180} INFO - Setting next_dagrun for example_setup_teardown to None, run_after=None
[2025-04-03T15:11:07.324+0000] {processor.py:208} INFO - Processing /home/hamza/Documents/project/Mlops/myenv/lib/python3.12/site-packages/airflow/example_dags/example_setup_teardown.py took 0.113 seconds
[2025-04-03T15:12:37.544+0000] {processor.py:186} INFO - Started process (PID=38548) to work on /home/hamza/Documents/project/Mlops/myenv/lib/python3.12/site-packages/airflow/example_dags/example_setup_teardown.py
[2025-04-03T15:12:37.548+0000] {processor.py:914} INFO - Processing file /home/hamza/Documents/project/Mlops/myenv/lib/python3.12/site-packages/airflow/example_dags/example_setup_teardown.py for tasks to queue
[2025-04-03T15:12:37.553+0000] {logging_mixin.py:190} INFO - [2025-04-03T15:12:37.552+0000] {dagbag.py:588} INFO - Filling up the DagBag from /home/hamza/Documents/project/Mlops/myenv/lib/python3.12/site-packages/airflow/example_dags/example_setup_teardown.py
[2025-04-03T15:12:37.572+0000] {processor.py:925} INFO - DAG(s) 'example_setup_teardown' retrieved from /home/hamza/Documents/project/Mlops/myenv/lib/python3.12/site-packages/airflow/example_dags/example_setup_teardown.py
[2025-04-03T15:12:37.603+0000] {logging_mixin.py:190} INFO - [2025-04-03T15:12:37.602+0000] {dag.py:3239} INFO - Sync 1 DAGs
[2025-04-03T15:12:37.629+0000] {logging_mixin.py:190} INFO - [2025-04-03T15:12:37.629+0000] {dag.py:4180} INFO - Setting next_dagrun for example_setup_teardown to None, run_after=None
[2025-04-03T15:12:37.673+0000] {processor.py:208} INFO - Processing /home/hamza/Documents/project/Mlops/myenv/lib/python3.12/site-packages/airflow/example_dags/example_setup_teardown.py took 0.140 seconds
[2025-04-03T15:14:12.609+0000] {processor.py:186} INFO - Started process (PID=39428) to work on /home/hamza/Documents/project/Mlops/myenv/lib/python3.12/site-packages/airflow/example_dags/example_setup_teardown.py
[2025-04-03T15:14:12.612+0000] {processor.py:914} INFO - Processing file /home/hamza/Documents/project/Mlops/myenv/lib/python3.12/site-packages/airflow/example_dags/example_setup_teardown.py for tasks to queue
[2025-04-03T15:14:12.616+0000] {logging_mixin.py:190} INFO - [2025-04-03T15:14:12.615+0000] {dagbag.py:588} INFO - Filling up the DagBag from /home/hamza/Documents/project/Mlops/myenv/lib/python3.12/site-packages/airflow/example_dags/example_setup_teardown.py
[2025-04-03T15:14:12.634+0000] {processor.py:925} INFO - DAG(s) 'example_setup_teardown' retrieved from /home/hamza/Documents/project/Mlops/myenv/lib/python3.12/site-packages/airflow/example_dags/example_setup_teardown.py
[2025-04-03T15:14:12.659+0000] {logging_mixin.py:190} INFO - [2025-04-03T15:14:12.659+0000] {dag.py:3239} INFO - Sync 1 DAGs
[2025-04-03T15:14:12.679+0000] {logging_mixin.py:190} INFO - [2025-04-03T15:14:12.678+0000] {dag.py:4180} INFO - Setting next_dagrun for example_setup_teardown to None, run_after=None
[2025-04-03T15:14:12.711+0000] {processor.py:208} INFO - Processing /home/hamza/Documents/project/Mlops/myenv/lib/python3.12/site-packages/airflow/example_dags/example_setup_teardown.py took 0.111 seconds
[2025-04-03T15:15:47.364+0000] {processor.py:186} INFO - Started process (PID=40388) to work on /home/hamza/Documents/project/Mlops/myenv/lib/python3.12/site-packages/airflow/example_dags/example_setup_teardown.py
[2025-04-03T15:15:47.366+0000] {processor.py:914} INFO - Processing file /home/hamza/Documents/project/Mlops/myenv/lib/python3.12/site-packages/airflow/example_dags/example_setup_teardown.py for tasks to queue
[2025-04-03T15:15:47.370+0000] {logging_mixin.py:190} INFO - [2025-04-03T15:15:47.370+0000] {dagbag.py:588} INFO - Filling up the DagBag from /home/hamza/Documents/project/Mlops/myenv/lib/python3.12/site-packages/airflow/example_dags/example_setup_teardown.py
[2025-04-03T15:15:47.388+0000] {processor.py:925} INFO - DAG(s) 'example_setup_teardown' retrieved from /home/hamza/Documents/project/Mlops/myenv/lib/python3.12/site-packages/airflow/example_dags/example_setup_teardown.py
[2025-04-03T15:15:47.415+0000] {logging_mixin.py:190} INFO - [2025-04-03T15:15:47.415+0000] {dag.py:3239} INFO - Sync 1 DAGs
[2025-04-03T15:15:47.437+0000] {logging_mixin.py:190} INFO - [2025-04-03T15:15:47.436+0000] {dag.py:4180} INFO - Setting next_dagrun for example_setup_teardown to None, run_after=None
[2025-04-03T15:15:47.473+0000] {processor.py:208} INFO - Processing /home/hamza/Documents/project/Mlops/myenv/lib/python3.12/site-packages/airflow/example_dags/example_setup_teardown.py took 0.120 seconds
