[2025-04-03T13:43:32.803+0000] {processor.py:186} INFO - Started process (PID=98367) to work on /home/hamza/Documents/project/Mlops/myenv/lib/python3.12/site-packages/airflow/example_dags/example_short_circuit_operator.py
[2025-04-03T13:43:32.804+0000] {processor.py:914} INFO - Processing file /home/hamza/Documents/project/Mlops/myenv/lib/python3.12/site-packages/airflow/example_dags/example_short_circuit_operator.py for tasks to queue
[2025-04-03T13:43:32.808+0000] {logging_mixin.py:190} INFO - [2025-04-03T13:43:32.807+0000] {dagbag.py:588} INFO - Filling up the DagBag from /home/hamza/Documents/project/Mlops/myenv/lib/python3.12/site-packages/airflow/example_dags/example_short_circuit_operator.py
[2025-04-03T13:43:32.831+0000] {processor.py:925} INFO - DAG(s) 'example_short_circuit_operator' retrieved from /home/hamza/Documents/project/Mlops/myenv/lib/python3.12/site-packages/airflow/example_dags/example_short_circuit_operator.py
[2025-04-03T13:43:33.040+0000] {logging_mixin.py:190} INFO - [2025-04-03T13:43:33.038+0000] {override.py:1930} INFO - Created Permission View: can delete on DAG:example_short_circuit_operator
[2025-04-03T13:43:33.059+0000] {logging_mixin.py:190} INFO - [2025-04-03T13:43:33.058+0000] {override.py:1930} INFO - Created Permission View: can read on DAG:example_short_circuit_operator
[2025-04-03T13:43:33.075+0000] {logging_mixin.py:190} INFO - [2025-04-03T13:43:33.075+0000] {override.py:1930} INFO - Created Permission View: can edit on DAG:example_short_circuit_operator
[2025-04-03T13:43:33.096+0000] {logging_mixin.py:190} INFO - [2025-04-03T13:43:33.096+0000] {override.py:1930} INFO - Created Permission View: can delete on DAG Run:example_short_circuit_operator
[2025-04-03T13:43:33.111+0000] {logging_mixin.py:190} INFO - [2025-04-03T13:43:33.111+0000] {override.py:1930} INFO - Created Permission View: can read on DAG Run:example_short_circuit_operator
[2025-04-03T13:43:33.127+0000] {logging_mixin.py:190} INFO - [2025-04-03T13:43:33.126+0000] {override.py:1930} INFO - Created Permission View: menu access on DAG Run:example_short_circuit_operator
[2025-04-03T13:43:33.147+0000] {logging_mixin.py:190} INFO - [2025-04-03T13:43:33.146+0000] {override.py:1930} INFO - Created Permission View: can create on DAG Run:example_short_circuit_operator
[2025-04-03T13:43:33.148+0000] {logging_mixin.py:190} INFO - [2025-04-03T13:43:33.148+0000] {dag.py:3239} INFO - Sync 1 DAGs
[2025-04-03T13:43:33.169+0000] {logging_mixin.py:190} INFO - [2025-04-03T13:43:33.169+0000] {dag.py:3262} INFO - Creating ORM DAG for example_short_circuit_operator
[2025-04-03T13:43:33.171+0000] {logging_mixin.py:190} INFO - [2025-04-03T13:43:33.170+0000] {dag.py:4180} INFO - Setting next_dagrun for example_short_circuit_operator to None, run_after=None
[2025-04-03T13:43:33.206+0000] {processor.py:208} INFO - Processing /home/hamza/Documents/project/Mlops/myenv/lib/python3.12/site-packages/airflow/example_dags/example_short_circuit_operator.py took 0.415 seconds
[2025-04-03T13:44:47.722+0000] {processor.py:186} INFO - Started process (PID=99477) to work on /home/hamza/Documents/project/Mlops/myenv/lib/python3.12/site-packages/airflow/example_dags/example_short_circuit_operator.py
[2025-04-03T13:44:47.723+0000] {processor.py:914} INFO - Processing file /home/hamza/Documents/project/Mlops/myenv/lib/python3.12/site-packages/airflow/example_dags/example_short_circuit_operator.py for tasks to queue
[2025-04-03T13:44:47.727+0000] {logging_mixin.py:190} INFO - [2025-04-03T13:44:47.726+0000] {dagbag.py:588} INFO - Filling up the DagBag from /home/hamza/Documents/project/Mlops/myenv/lib/python3.12/site-packages/airflow/example_dags/example_short_circuit_operator.py
[2025-04-03T13:44:47.743+0000] {processor.py:925} INFO - DAG(s) 'example_short_circuit_operator' retrieved from /home/hamza/Documents/project/Mlops/myenv/lib/python3.12/site-packages/airflow/example_dags/example_short_circuit_operator.py
[2025-04-03T13:44:47.777+0000] {logging_mixin.py:190} INFO - [2025-04-03T13:44:47.777+0000] {dag.py:3239} INFO - Sync 1 DAGs
[2025-04-03T13:44:47.800+0000] {logging_mixin.py:190} INFO - [2025-04-03T13:44:47.799+0000] {dag.py:4180} INFO - Setting next_dagrun for example_short_circuit_operator to None, run_after=None
[2025-04-03T13:44:47.847+0000] {processor.py:208} INFO - Processing /home/hamza/Documents/project/Mlops/myenv/lib/python3.12/site-packages/airflow/example_dags/example_short_circuit_operator.py took 0.134 seconds
[2025-04-03T13:45:54.349+0000] {processor.py:186} INFO - Started process (PID=100049) to work on /home/hamza/Documents/project/Mlops/myenv/lib/python3.12/site-packages/airflow/example_dags/example_short_circuit_operator.py
[2025-04-03T13:45:54.352+0000] {processor.py:914} INFO - Processing file /home/hamza/Documents/project/Mlops/myenv/lib/python3.12/site-packages/airflow/example_dags/example_short_circuit_operator.py for tasks to queue
[2025-04-03T13:45:54.356+0000] {logging_mixin.py:190} INFO - [2025-04-03T13:45:54.355+0000] {dagbag.py:588} INFO - Filling up the DagBag from /home/hamza/Documents/project/Mlops/myenv/lib/python3.12/site-packages/airflow/example_dags/example_short_circuit_operator.py
[2025-04-03T13:45:54.372+0000] {processor.py:925} INFO - DAG(s) 'example_short_circuit_operator' retrieved from /home/hamza/Documents/project/Mlops/myenv/lib/python3.12/site-packages/airflow/example_dags/example_short_circuit_operator.py
[2025-04-03T13:45:54.404+0000] {logging_mixin.py:190} INFO - [2025-04-03T13:45:54.403+0000] {dag.py:3239} INFO - Sync 1 DAGs
[2025-04-03T13:45:54.425+0000] {logging_mixin.py:190} INFO - [2025-04-03T13:45:54.425+0000] {dag.py:4180} INFO - Setting next_dagrun for example_short_circuit_operator to None, run_after=None
[2025-04-03T13:45:54.464+0000] {processor.py:208} INFO - Processing /home/hamza/Documents/project/Mlops/myenv/lib/python3.12/site-packages/airflow/example_dags/example_short_circuit_operator.py took 0.125 seconds
[2025-04-03T13:47:02.482+0000] {processor.py:186} INFO - Started process (PID=100788) to work on /home/hamza/Documents/project/Mlops/myenv/lib/python3.12/site-packages/airflow/example_dags/example_short_circuit_operator.py
[2025-04-03T13:47:02.485+0000] {processor.py:914} INFO - Processing file /home/hamza/Documents/project/Mlops/myenv/lib/python3.12/site-packages/airflow/example_dags/example_short_circuit_operator.py for tasks to queue
[2025-04-03T13:47:02.491+0000] {logging_mixin.py:190} INFO - [2025-04-03T13:47:02.490+0000] {dagbag.py:588} INFO - Filling up the DagBag from /home/hamza/Documents/project/Mlops/myenv/lib/python3.12/site-packages/airflow/example_dags/example_short_circuit_operator.py
[2025-04-03T13:47:02.508+0000] {processor.py:925} INFO - DAG(s) 'example_short_circuit_operator' retrieved from /home/hamza/Documents/project/Mlops/myenv/lib/python3.12/site-packages/airflow/example_dags/example_short_circuit_operator.py
[2025-04-03T13:47:02.547+0000] {logging_mixin.py:190} INFO - [2025-04-03T13:47:02.546+0000] {dag.py:3239} INFO - Sync 1 DAGs
[2025-04-03T13:47:02.577+0000] {logging_mixin.py:190} INFO - [2025-04-03T13:47:02.577+0000] {dag.py:4180} INFO - Setting next_dagrun for example_short_circuit_operator to None, run_after=None
[2025-04-03T13:47:02.615+0000] {processor.py:208} INFO - Processing /home/hamza/Documents/project/Mlops/myenv/lib/python3.12/site-packages/airflow/example_dags/example_short_circuit_operator.py took 0.143 seconds
[2025-04-03T13:48:10.009+0000] {processor.py:186} INFO - Started process (PID=101635) to work on /home/hamza/Documents/project/Mlops/myenv/lib/python3.12/site-packages/airflow/example_dags/example_short_circuit_operator.py
[2025-04-03T13:48:10.012+0000] {processor.py:914} INFO - Processing file /home/hamza/Documents/project/Mlops/myenv/lib/python3.12/site-packages/airflow/example_dags/example_short_circuit_operator.py for tasks to queue
[2025-04-03T13:48:10.016+0000] {logging_mixin.py:190} INFO - [2025-04-03T13:48:10.015+0000] {dagbag.py:588} INFO - Filling up the DagBag from /home/hamza/Documents/project/Mlops/myenv/lib/python3.12/site-packages/airflow/example_dags/example_short_circuit_operator.py
[2025-04-03T13:48:10.031+0000] {processor.py:925} INFO - DAG(s) 'example_short_circuit_operator' retrieved from /home/hamza/Documents/project/Mlops/myenv/lib/python3.12/site-packages/airflow/example_dags/example_short_circuit_operator.py
[2025-04-03T13:48:10.072+0000] {logging_mixin.py:190} INFO - [2025-04-03T13:48:10.071+0000] {dag.py:3239} INFO - Sync 1 DAGs
[2025-04-03T13:48:10.095+0000] {logging_mixin.py:190} INFO - [2025-04-03T13:48:10.095+0000] {dag.py:4180} INFO - Setting next_dagrun for example_short_circuit_operator to None, run_after=None
[2025-04-03T13:48:10.131+0000] {processor.py:208} INFO - Processing /home/hamza/Documents/project/Mlops/myenv/lib/python3.12/site-packages/airflow/example_dags/example_short_circuit_operator.py took 0.131 seconds
[2025-04-03T13:49:46.413+0000] {processor.py:186} INFO - Started process (PID=103001) to work on /home/hamza/Documents/project/Mlops/myenv/lib/python3.12/site-packages/airflow/example_dags/example_short_circuit_operator.py
[2025-04-03T13:49:46.417+0000] {processor.py:914} INFO - Processing file /home/hamza/Documents/project/Mlops/myenv/lib/python3.12/site-packages/airflow/example_dags/example_short_circuit_operator.py for tasks to queue
[2025-04-03T13:49:46.420+0000] {logging_mixin.py:190} INFO - [2025-04-03T13:49:46.419+0000] {dagbag.py:588} INFO - Filling up the DagBag from /home/hamza/Documents/project/Mlops/myenv/lib/python3.12/site-packages/airflow/example_dags/example_short_circuit_operator.py
[2025-04-03T13:49:46.438+0000] {processor.py:925} INFO - DAG(s) 'example_short_circuit_operator' retrieved from /home/hamza/Documents/project/Mlops/myenv/lib/python3.12/site-packages/airflow/example_dags/example_short_circuit_operator.py
[2025-04-03T13:49:46.473+0000] {logging_mixin.py:190} INFO - [2025-04-03T13:49:46.473+0000] {dag.py:3239} INFO - Sync 1 DAGs
[2025-04-03T13:49:46.495+0000] {logging_mixin.py:190} INFO - [2025-04-03T13:49:46.494+0000] {dag.py:4180} INFO - Setting next_dagrun for example_short_circuit_operator to None, run_after=None
[2025-04-03T13:49:46.530+0000] {processor.py:208} INFO - Processing /home/hamza/Documents/project/Mlops/myenv/lib/python3.12/site-packages/airflow/example_dags/example_short_circuit_operator.py took 0.126 seconds
[2025-04-03T13:51:04.752+0000] {processor.py:186} INFO - Started process (PID=103963) to work on /home/hamza/Documents/project/Mlops/myenv/lib/python3.12/site-packages/airflow/example_dags/example_short_circuit_operator.py
[2025-04-03T13:51:04.753+0000] {processor.py:914} INFO - Processing file /home/hamza/Documents/project/Mlops/myenv/lib/python3.12/site-packages/airflow/example_dags/example_short_circuit_operator.py for tasks to queue
[2025-04-03T13:51:04.757+0000] {logging_mixin.py:190} INFO - [2025-04-03T13:51:04.756+0000] {dagbag.py:588} INFO - Filling up the DagBag from /home/hamza/Documents/project/Mlops/myenv/lib/python3.12/site-packages/airflow/example_dags/example_short_circuit_operator.py
[2025-04-03T13:51:04.775+0000] {processor.py:925} INFO - DAG(s) 'example_short_circuit_operator' retrieved from /home/hamza/Documents/project/Mlops/myenv/lib/python3.12/site-packages/airflow/example_dags/example_short_circuit_operator.py
[2025-04-03T13:51:04.808+0000] {logging_mixin.py:190} INFO - [2025-04-03T13:51:04.808+0000] {dag.py:3239} INFO - Sync 1 DAGs
[2025-04-03T13:51:04.830+0000] {logging_mixin.py:190} INFO - [2025-04-03T13:51:04.829+0000] {dag.py:4180} INFO - Setting next_dagrun for example_short_circuit_operator to None, run_after=None
[2025-04-03T13:51:04.867+0000] {processor.py:208} INFO - Processing /home/hamza/Documents/project/Mlops/myenv/lib/python3.12/site-packages/airflow/example_dags/example_short_circuit_operator.py took 0.125 seconds
[2025-04-03T13:52:44.939+0000] {processor.py:186} INFO - Started process (PID=105027) to work on /home/hamza/Documents/project/Mlops/myenv/lib/python3.12/site-packages/airflow/example_dags/example_short_circuit_operator.py
[2025-04-03T13:52:44.941+0000] {processor.py:914} INFO - Processing file /home/hamza/Documents/project/Mlops/myenv/lib/python3.12/site-packages/airflow/example_dags/example_short_circuit_operator.py for tasks to queue
[2025-04-03T13:52:44.946+0000] {logging_mixin.py:190} INFO - [2025-04-03T13:52:44.945+0000] {dagbag.py:588} INFO - Filling up the DagBag from /home/hamza/Documents/project/Mlops/myenv/lib/python3.12/site-packages/airflow/example_dags/example_short_circuit_operator.py
[2025-04-03T13:52:44.963+0000] {processor.py:925} INFO - DAG(s) 'example_short_circuit_operator' retrieved from /home/hamza/Documents/project/Mlops/myenv/lib/python3.12/site-packages/airflow/example_dags/example_short_circuit_operator.py
[2025-04-03T13:52:44.996+0000] {logging_mixin.py:190} INFO - [2025-04-03T13:52:44.996+0000] {dag.py:3239} INFO - Sync 1 DAGs
[2025-04-03T13:52:45.024+0000] {logging_mixin.py:190} INFO - [2025-04-03T13:52:45.023+0000] {dag.py:4180} INFO - Setting next_dagrun for example_short_circuit_operator to None, run_after=None
[2025-04-03T13:52:45.064+0000] {processor.py:208} INFO - Processing /home/hamza/Documents/project/Mlops/myenv/lib/python3.12/site-packages/airflow/example_dags/example_short_circuit_operator.py took 0.134 seconds
[2025-04-03T13:54:20.754+0000] {processor.py:186} INFO - Started process (PID=106105) to work on /home/hamza/Documents/project/Mlops/myenv/lib/python3.12/site-packages/airflow/example_dags/example_short_circuit_operator.py
[2025-04-03T13:54:20.757+0000] {processor.py:914} INFO - Processing file /home/hamza/Documents/project/Mlops/myenv/lib/python3.12/site-packages/airflow/example_dags/example_short_circuit_operator.py for tasks to queue
[2025-04-03T13:54:20.764+0000] {logging_mixin.py:190} INFO - [2025-04-03T13:54:20.763+0000] {dagbag.py:588} INFO - Filling up the DagBag from /home/hamza/Documents/project/Mlops/myenv/lib/python3.12/site-packages/airflow/example_dags/example_short_circuit_operator.py
[2025-04-03T13:54:20.788+0000] {processor.py:925} INFO - DAG(s) 'example_short_circuit_operator' retrieved from /home/hamza/Documents/project/Mlops/myenv/lib/python3.12/site-packages/airflow/example_dags/example_short_circuit_operator.py
[2025-04-03T13:54:20.844+0000] {logging_mixin.py:190} INFO - [2025-04-03T13:54:20.844+0000] {dag.py:3239} INFO - Sync 1 DAGs
[2025-04-03T13:54:20.878+0000] {logging_mixin.py:190} INFO - [2025-04-03T13:54:20.878+0000] {dag.py:4180} INFO - Setting next_dagrun for example_short_circuit_operator to None, run_after=None
[2025-04-03T13:54:20.929+0000] {processor.py:208} INFO - Processing /home/hamza/Documents/project/Mlops/myenv/lib/python3.12/site-packages/airflow/example_dags/example_short_circuit_operator.py took 0.188 seconds
[2025-04-03T13:59:17.235+0000] {processor.py:186} INFO - Started process (PID=109992) to work on /home/hamza/Documents/project/Mlops/myenv/lib/python3.12/site-packages/airflow/example_dags/example_short_circuit_operator.py
[2025-04-03T13:59:17.238+0000] {processor.py:914} INFO - Processing file /home/hamza/Documents/project/Mlops/myenv/lib/python3.12/site-packages/airflow/example_dags/example_short_circuit_operator.py for tasks to queue
[2025-04-03T13:59:17.241+0000] {logging_mixin.py:190} INFO - [2025-04-03T13:59:17.240+0000] {dagbag.py:588} INFO - Filling up the DagBag from /home/hamza/Documents/project/Mlops/myenv/lib/python3.12/site-packages/airflow/example_dags/example_short_circuit_operator.py
[2025-04-03T13:59:17.259+0000] {processor.py:925} INFO - DAG(s) 'example_short_circuit_operator' retrieved from /home/hamza/Documents/project/Mlops/myenv/lib/python3.12/site-packages/airflow/example_dags/example_short_circuit_operator.py
[2025-04-03T13:59:17.297+0000] {logging_mixin.py:190} INFO - [2025-04-03T13:59:17.297+0000] {dag.py:3239} INFO - Sync 1 DAGs
[2025-04-03T13:59:17.324+0000] {logging_mixin.py:190} INFO - [2025-04-03T13:59:17.323+0000] {dag.py:4180} INFO - Setting next_dagrun for example_short_circuit_operator to None, run_after=None
[2025-04-03T13:59:17.358+0000] {processor.py:208} INFO - Processing /home/hamza/Documents/project/Mlops/myenv/lib/python3.12/site-packages/airflow/example_dags/example_short_circuit_operator.py took 0.133 seconds
[2025-04-03T14:10:08.738+0000] {processor.py:186} INFO - Started process (PID=118024) to work on /home/hamza/Documents/project/Mlops/myenv/lib/python3.12/site-packages/airflow/example_dags/example_short_circuit_operator.py
[2025-04-03T14:10:08.740+0000] {processor.py:914} INFO - Processing file /home/hamza/Documents/project/Mlops/myenv/lib/python3.12/site-packages/airflow/example_dags/example_short_circuit_operator.py for tasks to queue
[2025-04-03T14:10:08.742+0000] {logging_mixin.py:190} INFO - [2025-04-03T14:10:08.742+0000] {dagbag.py:588} INFO - Filling up the DagBag from /home/hamza/Documents/project/Mlops/myenv/lib/python3.12/site-packages/airflow/example_dags/example_short_circuit_operator.py
[2025-04-03T14:10:08.755+0000] {processor.py:925} INFO - DAG(s) 'example_short_circuit_operator' retrieved from /home/hamza/Documents/project/Mlops/myenv/lib/python3.12/site-packages/airflow/example_dags/example_short_circuit_operator.py
[2025-04-03T14:10:08.802+0000] {logging_mixin.py:190} INFO - [2025-04-03T14:10:08.801+0000] {dag.py:3239} INFO - Sync 1 DAGs
[2025-04-03T14:10:08.824+0000] {logging_mixin.py:190} INFO - [2025-04-03T14:10:08.823+0000] {dag.py:4180} INFO - Setting next_dagrun for example_short_circuit_operator to None, run_after=None
[2025-04-03T14:10:08.863+0000] {processor.py:208} INFO - Processing /home/hamza/Documents/project/Mlops/myenv/lib/python3.12/site-packages/airflow/example_dags/example_short_circuit_operator.py took 0.135 seconds
[2025-04-03T14:11:24.117+0000] {processor.py:186} INFO - Started process (PID=118717) to work on /home/hamza/Documents/project/Mlops/myenv/lib/python3.12/site-packages/airflow/example_dags/example_short_circuit_operator.py
[2025-04-03T14:11:24.121+0000] {processor.py:914} INFO - Processing file /home/hamza/Documents/project/Mlops/myenv/lib/python3.12/site-packages/airflow/example_dags/example_short_circuit_operator.py for tasks to queue
[2025-04-03T14:11:24.125+0000] {logging_mixin.py:190} INFO - [2025-04-03T14:11:24.124+0000] {dagbag.py:588} INFO - Filling up the DagBag from /home/hamza/Documents/project/Mlops/myenv/lib/python3.12/site-packages/airflow/example_dags/example_short_circuit_operator.py
[2025-04-03T14:11:24.137+0000] {processor.py:925} INFO - DAG(s) 'example_short_circuit_operator' retrieved from /home/hamza/Documents/project/Mlops/myenv/lib/python3.12/site-packages/airflow/example_dags/example_short_circuit_operator.py
[2025-04-03T14:11:24.175+0000] {logging_mixin.py:190} INFO - [2025-04-03T14:11:24.174+0000] {dag.py:3239} INFO - Sync 1 DAGs
[2025-04-03T14:11:24.198+0000] {logging_mixin.py:190} INFO - [2025-04-03T14:11:24.197+0000] {dag.py:4180} INFO - Setting next_dagrun for example_short_circuit_operator to None, run_after=None
[2025-04-03T14:11:24.234+0000] {processor.py:208} INFO - Processing /home/hamza/Documents/project/Mlops/myenv/lib/python3.12/site-packages/airflow/example_dags/example_short_circuit_operator.py took 0.127 seconds
[2025-04-03T14:13:04.552+0000] {processor.py:186} INFO - Started process (PID=119653) to work on /home/hamza/Documents/project/Mlops/myenv/lib/python3.12/site-packages/airflow/example_dags/example_short_circuit_operator.py
[2025-04-03T14:13:04.553+0000] {processor.py:914} INFO - Processing file /home/hamza/Documents/project/Mlops/myenv/lib/python3.12/site-packages/airflow/example_dags/example_short_circuit_operator.py for tasks to queue
[2025-04-03T14:13:04.556+0000] {logging_mixin.py:190} INFO - [2025-04-03T14:13:04.555+0000] {dagbag.py:588} INFO - Filling up the DagBag from /home/hamza/Documents/project/Mlops/myenv/lib/python3.12/site-packages/airflow/example_dags/example_short_circuit_operator.py
[2025-04-03T14:13:04.567+0000] {processor.py:925} INFO - DAG(s) 'example_short_circuit_operator' retrieved from /home/hamza/Documents/project/Mlops/myenv/lib/python3.12/site-packages/airflow/example_dags/example_short_circuit_operator.py
[2025-04-03T14:13:04.600+0000] {logging_mixin.py:190} INFO - [2025-04-03T14:13:04.600+0000] {dag.py:3239} INFO - Sync 1 DAGs
[2025-04-03T14:13:04.623+0000] {logging_mixin.py:190} INFO - [2025-04-03T14:13:04.622+0000] {dag.py:4180} INFO - Setting next_dagrun for example_short_circuit_operator to None, run_after=None
[2025-04-03T14:13:04.657+0000] {processor.py:208} INFO - Processing /home/hamza/Documents/project/Mlops/myenv/lib/python3.12/site-packages/airflow/example_dags/example_short_circuit_operator.py took 0.114 seconds
[2025-04-03T14:18:48.047+0000] {processor.py:186} INFO - Started process (PID=122411) to work on /home/hamza/Documents/project/Mlops/myenv/lib/python3.12/site-packages/airflow/example_dags/example_short_circuit_operator.py
[2025-04-03T14:18:48.050+0000] {processor.py:914} INFO - Processing file /home/hamza/Documents/project/Mlops/myenv/lib/python3.12/site-packages/airflow/example_dags/example_short_circuit_operator.py for tasks to queue
[2025-04-03T14:18:48.053+0000] {logging_mixin.py:190} INFO - [2025-04-03T14:18:48.052+0000] {dagbag.py:588} INFO - Filling up the DagBag from /home/hamza/Documents/project/Mlops/myenv/lib/python3.12/site-packages/airflow/example_dags/example_short_circuit_operator.py
[2025-04-03T14:18:48.066+0000] {processor.py:925} INFO - DAG(s) 'example_short_circuit_operator' retrieved from /home/hamza/Documents/project/Mlops/myenv/lib/python3.12/site-packages/airflow/example_dags/example_short_circuit_operator.py
[2025-04-03T14:18:48.109+0000] {logging_mixin.py:190} INFO - [2025-04-03T14:18:48.108+0000] {dag.py:3239} INFO - Sync 1 DAGs
[2025-04-03T14:18:48.128+0000] {logging_mixin.py:190} INFO - [2025-04-03T14:18:48.128+0000] {dag.py:4180} INFO - Setting next_dagrun for example_short_circuit_operator to None, run_after=None
[2025-04-03T14:18:48.161+0000] {processor.py:208} INFO - Processing /home/hamza/Documents/project/Mlops/myenv/lib/python3.12/site-packages/airflow/example_dags/example_short_circuit_operator.py took 0.124 seconds
[2025-04-03T14:20:28.630+0000] {processor.py:186} INFO - Started process (PID=123060) to work on /home/hamza/Documents/project/Mlops/myenv/lib/python3.12/site-packages/airflow/example_dags/example_short_circuit_operator.py
[2025-04-03T14:20:28.685+0000] {processor.py:914} INFO - Processing file /home/hamza/Documents/project/Mlops/myenv/lib/python3.12/site-packages/airflow/example_dags/example_short_circuit_operator.py for tasks to queue
[2025-04-03T14:20:28.711+0000] {logging_mixin.py:190} INFO - [2025-04-03T14:20:28.702+0000] {dagbag.py:588} INFO - Filling up the DagBag from /home/hamza/Documents/project/Mlops/myenv/lib/python3.12/site-packages/airflow/example_dags/example_short_circuit_operator.py
[2025-04-03T14:20:28.773+0000] {processor.py:925} INFO - DAG(s) 'example_short_circuit_operator' retrieved from /home/hamza/Documents/project/Mlops/myenv/lib/python3.12/site-packages/airflow/example_dags/example_short_circuit_operator.py
[2025-04-03T14:20:29.055+0000] {logging_mixin.py:190} INFO - [2025-04-03T14:20:28.981+0000] {dag.py:3239} INFO - Sync 1 DAGs
[2025-04-03T14:20:29.198+0000] {logging_mixin.py:190} INFO - [2025-04-03T14:20:29.178+0000] {dag.py:4180} INFO - Setting next_dagrun for example_short_circuit_operator to None, run_after=None
[2025-04-03T14:20:32.132+0000] {processor.py:208} INFO - Processing /home/hamza/Documents/project/Mlops/myenv/lib/python3.12/site-packages/airflow/example_dags/example_short_circuit_operator.py took 3.557 seconds
[2025-04-03T15:08:19.319+0000] {processor.py:186} INFO - Started process (PID=36119) to work on /home/hamza/Documents/project/Mlops/myenv/lib/python3.12/site-packages/airflow/example_dags/example_short_circuit_operator.py
[2025-04-03T15:08:19.321+0000] {processor.py:914} INFO - Processing file /home/hamza/Documents/project/Mlops/myenv/lib/python3.12/site-packages/airflow/example_dags/example_short_circuit_operator.py for tasks to queue
[2025-04-03T15:08:19.325+0000] {logging_mixin.py:190} INFO - [2025-04-03T15:08:19.324+0000] {dagbag.py:588} INFO - Filling up the DagBag from /home/hamza/Documents/project/Mlops/myenv/lib/python3.12/site-packages/airflow/example_dags/example_short_circuit_operator.py
[2025-04-03T15:08:19.340+0000] {processor.py:925} INFO - DAG(s) 'example_short_circuit_operator' retrieved from /home/hamza/Documents/project/Mlops/myenv/lib/python3.12/site-packages/airflow/example_dags/example_short_circuit_operator.py
[2025-04-03T15:08:19.376+0000] {logging_mixin.py:190} INFO - [2025-04-03T15:08:19.376+0000] {dag.py:3239} INFO - Sync 1 DAGs
[2025-04-03T15:08:19.400+0000] {logging_mixin.py:190} INFO - [2025-04-03T15:08:19.400+0000] {dag.py:4180} INFO - Setting next_dagrun for example_short_circuit_operator to None, run_after=None
[2025-04-03T15:08:19.435+0000] {processor.py:208} INFO - Processing /home/hamza/Documents/project/Mlops/myenv/lib/python3.12/site-packages/airflow/example_dags/example_short_circuit_operator.py took 0.126 seconds
[2025-04-03T15:09:34.586+0000] {processor.py:186} INFO - Started process (PID=36862) to work on /home/hamza/Documents/project/Mlops/myenv/lib/python3.12/site-packages/airflow/example_dags/example_short_circuit_operator.py
[2025-04-03T15:09:34.588+0000] {processor.py:914} INFO - Processing file /home/hamza/Documents/project/Mlops/myenv/lib/python3.12/site-packages/airflow/example_dags/example_short_circuit_operator.py for tasks to queue
[2025-04-03T15:09:34.591+0000] {logging_mixin.py:190} INFO - [2025-04-03T15:09:34.591+0000] {dagbag.py:588} INFO - Filling up the DagBag from /home/hamza/Documents/project/Mlops/myenv/lib/python3.12/site-packages/airflow/example_dags/example_short_circuit_operator.py
[2025-04-03T15:09:34.607+0000] {processor.py:925} INFO - DAG(s) 'example_short_circuit_operator' retrieved from /home/hamza/Documents/project/Mlops/myenv/lib/python3.12/site-packages/airflow/example_dags/example_short_circuit_operator.py
[2025-04-03T15:09:34.637+0000] {logging_mixin.py:190} INFO - [2025-04-03T15:09:34.637+0000] {dag.py:3239} INFO - Sync 1 DAGs
[2025-04-03T15:09:34.660+0000] {logging_mixin.py:190} INFO - [2025-04-03T15:09:34.660+0000] {dag.py:4180} INFO - Setting next_dagrun for example_short_circuit_operator to None, run_after=None
[2025-04-03T15:09:34.696+0000] {processor.py:208} INFO - Processing /home/hamza/Documents/project/Mlops/myenv/lib/python3.12/site-packages/airflow/example_dags/example_short_circuit_operator.py took 0.118 seconds
[2025-04-03T15:11:02.419+0000] {processor.py:186} INFO - Started process (PID=37690) to work on /home/hamza/Documents/project/Mlops/myenv/lib/python3.12/site-packages/airflow/example_dags/example_short_circuit_operator.py
[2025-04-03T15:11:02.423+0000] {processor.py:914} INFO - Processing file /home/hamza/Documents/project/Mlops/myenv/lib/python3.12/site-packages/airflow/example_dags/example_short_circuit_operator.py for tasks to queue
[2025-04-03T15:11:02.427+0000] {logging_mixin.py:190} INFO - [2025-04-03T15:11:02.427+0000] {dagbag.py:588} INFO - Filling up the DagBag from /home/hamza/Documents/project/Mlops/myenv/lib/python3.12/site-packages/airflow/example_dags/example_short_circuit_operator.py
[2025-04-03T15:11:02.443+0000] {processor.py:925} INFO - DAG(s) 'example_short_circuit_operator' retrieved from /home/hamza/Documents/project/Mlops/myenv/lib/python3.12/site-packages/airflow/example_dags/example_short_circuit_operator.py
[2025-04-03T15:11:02.475+0000] {logging_mixin.py:190} INFO - [2025-04-03T15:11:02.474+0000] {dag.py:3239} INFO - Sync 1 DAGs
[2025-04-03T15:11:02.495+0000] {logging_mixin.py:190} INFO - [2025-04-03T15:11:02.495+0000] {dag.py:4180} INFO - Setting next_dagrun for example_short_circuit_operator to None, run_after=None
[2025-04-03T15:11:02.536+0000] {processor.py:208} INFO - Processing /home/hamza/Documents/project/Mlops/myenv/lib/python3.12/site-packages/airflow/example_dags/example_short_circuit_operator.py took 0.126 seconds
[2025-04-03T15:12:32.870+0000] {processor.py:186} INFO - Started process (PID=38494) to work on /home/hamza/Documents/project/Mlops/myenv/lib/python3.12/site-packages/airflow/example_dags/example_short_circuit_operator.py
[2025-04-03T15:12:32.872+0000] {processor.py:914} INFO - Processing file /home/hamza/Documents/project/Mlops/myenv/lib/python3.12/site-packages/airflow/example_dags/example_short_circuit_operator.py for tasks to queue
[2025-04-03T15:12:32.875+0000] {logging_mixin.py:190} INFO - [2025-04-03T15:12:32.875+0000] {dagbag.py:588} INFO - Filling up the DagBag from /home/hamza/Documents/project/Mlops/myenv/lib/python3.12/site-packages/airflow/example_dags/example_short_circuit_operator.py
[2025-04-03T15:12:32.890+0000] {processor.py:925} INFO - DAG(s) 'example_short_circuit_operator' retrieved from /home/hamza/Documents/project/Mlops/myenv/lib/python3.12/site-packages/airflow/example_dags/example_short_circuit_operator.py
[2025-04-03T15:12:32.927+0000] {logging_mixin.py:190} INFO - [2025-04-03T15:12:32.927+0000] {dag.py:3239} INFO - Sync 1 DAGs
[2025-04-03T15:12:32.949+0000] {logging_mixin.py:190} INFO - [2025-04-03T15:12:32.948+0000] {dag.py:4180} INFO - Setting next_dagrun for example_short_circuit_operator to None, run_after=None
[2025-04-03T15:12:32.988+0000] {processor.py:208} INFO - Processing /home/hamza/Documents/project/Mlops/myenv/lib/python3.12/site-packages/airflow/example_dags/example_short_circuit_operator.py took 0.127 seconds
[2025-04-03T15:14:08.609+0000] {processor.py:186} INFO - Started process (PID=39397) to work on /home/hamza/Documents/project/Mlops/myenv/lib/python3.12/site-packages/airflow/example_dags/example_short_circuit_operator.py
[2025-04-03T15:14:08.614+0000] {processor.py:914} INFO - Processing file /home/hamza/Documents/project/Mlops/myenv/lib/python3.12/site-packages/airflow/example_dags/example_short_circuit_operator.py for tasks to queue
[2025-04-03T15:14:08.617+0000] {logging_mixin.py:190} INFO - [2025-04-03T15:14:08.617+0000] {dagbag.py:588} INFO - Filling up the DagBag from /home/hamza/Documents/project/Mlops/myenv/lib/python3.12/site-packages/airflow/example_dags/example_short_circuit_operator.py
[2025-04-03T15:14:08.633+0000] {processor.py:925} INFO - DAG(s) 'example_short_circuit_operator' retrieved from /home/hamza/Documents/project/Mlops/myenv/lib/python3.12/site-packages/airflow/example_dags/example_short_circuit_operator.py
[2025-04-03T15:14:08.665+0000] {logging_mixin.py:190} INFO - [2025-04-03T15:14:08.664+0000] {dag.py:3239} INFO - Sync 1 DAGs
[2025-04-03T15:14:08.689+0000] {logging_mixin.py:190} INFO - [2025-04-03T15:14:08.688+0000] {dag.py:4180} INFO - Setting next_dagrun for example_short_circuit_operator to None, run_after=None
[2025-04-03T15:14:08.730+0000] {processor.py:208} INFO - Processing /home/hamza/Documents/project/Mlops/myenv/lib/python3.12/site-packages/airflow/example_dags/example_short_circuit_operator.py took 0.130 seconds
[2025-04-03T15:15:43.266+0000] {processor.py:186} INFO - Started process (PID=40351) to work on /home/hamza/Documents/project/Mlops/myenv/lib/python3.12/site-packages/airflow/example_dags/example_short_circuit_operator.py
[2025-04-03T15:15:43.268+0000] {processor.py:914} INFO - Processing file /home/hamza/Documents/project/Mlops/myenv/lib/python3.12/site-packages/airflow/example_dags/example_short_circuit_operator.py for tasks to queue
[2025-04-03T15:15:43.272+0000] {logging_mixin.py:190} INFO - [2025-04-03T15:15:43.271+0000] {dagbag.py:588} INFO - Filling up the DagBag from /home/hamza/Documents/project/Mlops/myenv/lib/python3.12/site-packages/airflow/example_dags/example_short_circuit_operator.py
[2025-04-03T15:15:43.286+0000] {processor.py:925} INFO - DAG(s) 'example_short_circuit_operator' retrieved from /home/hamza/Documents/project/Mlops/myenv/lib/python3.12/site-packages/airflow/example_dags/example_short_circuit_operator.py
[2025-04-03T15:15:43.315+0000] {logging_mixin.py:190} INFO - [2025-04-03T15:15:43.314+0000] {dag.py:3239} INFO - Sync 1 DAGs
[2025-04-03T15:15:43.336+0000] {logging_mixin.py:190} INFO - [2025-04-03T15:15:43.335+0000] {dag.py:4180} INFO - Setting next_dagrun for example_short_circuit_operator to None, run_after=None
[2025-04-03T15:15:43.371+0000] {processor.py:208} INFO - Processing /home/hamza/Documents/project/Mlops/myenv/lib/python3.12/site-packages/airflow/example_dags/example_short_circuit_operator.py took 0.112 seconds
[2025-04-03T15:17:21.905+0000] {processor.py:186} INFO - Started process (PID=41357) to work on /home/hamza/Documents/project/Mlops/myenv/lib/python3.12/site-packages/airflow/example_dags/example_short_circuit_operator.py
[2025-04-03T15:17:21.907+0000] {processor.py:914} INFO - Processing file /home/hamza/Documents/project/Mlops/myenv/lib/python3.12/site-packages/airflow/example_dags/example_short_circuit_operator.py for tasks to queue
[2025-04-03T15:17:21.911+0000] {logging_mixin.py:190} INFO - [2025-04-03T15:17:21.910+0000] {dagbag.py:588} INFO - Filling up the DagBag from /home/hamza/Documents/project/Mlops/myenv/lib/python3.12/site-packages/airflow/example_dags/example_short_circuit_operator.py
[2025-04-03T15:17:21.929+0000] {processor.py:925} INFO - DAG(s) 'example_short_circuit_operator' retrieved from /home/hamza/Documents/project/Mlops/myenv/lib/python3.12/site-packages/airflow/example_dags/example_short_circuit_operator.py
[2025-04-03T15:17:21.965+0000] {logging_mixin.py:190} INFO - [2025-04-03T15:17:21.964+0000] {dag.py:3239} INFO - Sync 1 DAGs
[2025-04-03T15:17:21.988+0000] {logging_mixin.py:190} INFO - [2025-04-03T15:17:21.988+0000] {dag.py:4180} INFO - Setting next_dagrun for example_short_circuit_operator to None, run_after=None
[2025-04-03T15:17:22.031+0000] {processor.py:208} INFO - Processing /home/hamza/Documents/project/Mlops/myenv/lib/python3.12/site-packages/airflow/example_dags/example_short_circuit_operator.py took 0.136 seconds
[2025-04-03T15:18:53.771+0000] {processor.py:186} INFO - Started process (PID=42303) to work on /home/hamza/Documents/project/Mlops/myenv/lib/python3.12/site-packages/airflow/example_dags/example_short_circuit_operator.py
[2025-04-03T15:18:53.773+0000] {processor.py:914} INFO - Processing file /home/hamza/Documents/project/Mlops/myenv/lib/python3.12/site-packages/airflow/example_dags/example_short_circuit_operator.py for tasks to queue
[2025-04-03T15:18:53.777+0000] {logging_mixin.py:190} INFO - [2025-04-03T15:18:53.777+0000] {dagbag.py:588} INFO - Filling up the DagBag from /home/hamza/Documents/project/Mlops/myenv/lib/python3.12/site-packages/airflow/example_dags/example_short_circuit_operator.py
[2025-04-03T15:18:53.792+0000] {processor.py:925} INFO - DAG(s) 'example_short_circuit_operator' retrieved from /home/hamza/Documents/project/Mlops/myenv/lib/python3.12/site-packages/airflow/example_dags/example_short_circuit_operator.py
[2025-04-03T15:18:53.821+0000] {logging_mixin.py:190} INFO - [2025-04-03T15:18:53.821+0000] {dag.py:3239} INFO - Sync 1 DAGs
[2025-04-03T15:18:53.841+0000] {logging_mixin.py:190} INFO - [2025-04-03T15:18:53.841+0000] {dag.py:4180} INFO - Setting next_dagrun for example_short_circuit_operator to None, run_after=None
[2025-04-03T15:18:53.874+0000] {processor.py:208} INFO - Processing /home/hamza/Documents/project/Mlops/myenv/lib/python3.12/site-packages/airflow/example_dags/example_short_circuit_operator.py took 0.114 seconds
[2025-04-03T15:20:24.700+0000] {processor.py:186} INFO - Started process (PID=43319) to work on /home/hamza/Documents/project/Mlops/myenv/lib/python3.12/site-packages/airflow/example_dags/example_short_circuit_operator.py
[2025-04-03T15:20:24.702+0000] {processor.py:914} INFO - Processing file /home/hamza/Documents/project/Mlops/myenv/lib/python3.12/site-packages/airflow/example_dags/example_short_circuit_operator.py for tasks to queue
[2025-04-03T15:20:24.706+0000] {logging_mixin.py:190} INFO - [2025-04-03T15:20:24.705+0000] {dagbag.py:588} INFO - Filling up the DagBag from /home/hamza/Documents/project/Mlops/myenv/lib/python3.12/site-packages/airflow/example_dags/example_short_circuit_operator.py
[2025-04-03T15:20:24.718+0000] {processor.py:925} INFO - DAG(s) 'example_short_circuit_operator' retrieved from /home/hamza/Documents/project/Mlops/myenv/lib/python3.12/site-packages/airflow/example_dags/example_short_circuit_operator.py
[2025-04-03T15:20:24.744+0000] {logging_mixin.py:190} INFO - [2025-04-03T15:20:24.744+0000] {dag.py:3239} INFO - Sync 1 DAGs
[2025-04-03T15:20:24.763+0000] {logging_mixin.py:190} INFO - [2025-04-03T15:20:24.763+0000] {dag.py:4180} INFO - Setting next_dagrun for example_short_circuit_operator to None, run_after=None
[2025-04-03T15:20:24.793+0000] {processor.py:208} INFO - Processing /home/hamza/Documents/project/Mlops/myenv/lib/python3.12/site-packages/airflow/example_dags/example_short_circuit_operator.py took 0.101 seconds
[2025-04-03T15:22:00.161+0000] {processor.py:186} INFO - Started process (PID=44218) to work on /home/hamza/Documents/project/Mlops/myenv/lib/python3.12/site-packages/airflow/example_dags/example_short_circuit_operator.py
[2025-04-03T15:22:00.163+0000] {processor.py:914} INFO - Processing file /home/hamza/Documents/project/Mlops/myenv/lib/python3.12/site-packages/airflow/example_dags/example_short_circuit_operator.py for tasks to queue
[2025-04-03T15:22:00.167+0000] {logging_mixin.py:190} INFO - [2025-04-03T15:22:00.167+0000] {dagbag.py:588} INFO - Filling up the DagBag from /home/hamza/Documents/project/Mlops/myenv/lib/python3.12/site-packages/airflow/example_dags/example_short_circuit_operator.py
[2025-04-03T15:22:00.183+0000] {processor.py:925} INFO - DAG(s) 'example_short_circuit_operator' retrieved from /home/hamza/Documents/project/Mlops/myenv/lib/python3.12/site-packages/airflow/example_dags/example_short_circuit_operator.py
[2025-04-03T15:22:00.214+0000] {logging_mixin.py:190} INFO - [2025-04-03T15:22:00.213+0000] {dag.py:3239} INFO - Sync 1 DAGs
[2025-04-03T15:22:00.234+0000] {logging_mixin.py:190} INFO - [2025-04-03T15:22:00.234+0000] {dag.py:4180} INFO - Setting next_dagrun for example_short_circuit_operator to None, run_after=None
[2025-04-03T15:22:00.268+0000] {processor.py:208} INFO - Processing /home/hamza/Documents/project/Mlops/myenv/lib/python3.12/site-packages/airflow/example_dags/example_short_circuit_operator.py took 0.116 seconds
[2025-04-03T15:23:37.851+0000] {processor.py:186} INFO - Started process (PID=45163) to work on /home/hamza/Documents/project/Mlops/myenv/lib/python3.12/site-packages/airflow/example_dags/example_short_circuit_operator.py
[2025-04-03T15:23:37.854+0000] {processor.py:914} INFO - Processing file /home/hamza/Documents/project/Mlops/myenv/lib/python3.12/site-packages/airflow/example_dags/example_short_circuit_operator.py for tasks to queue
[2025-04-03T15:23:37.859+0000] {logging_mixin.py:190} INFO - [2025-04-03T15:23:37.858+0000] {dagbag.py:588} INFO - Filling up the DagBag from /home/hamza/Documents/project/Mlops/myenv/lib/python3.12/site-packages/airflow/example_dags/example_short_circuit_operator.py
[2025-04-03T15:23:37.876+0000] {processor.py:925} INFO - DAG(s) 'example_short_circuit_operator' retrieved from /home/hamza/Documents/project/Mlops/myenv/lib/python3.12/site-packages/airflow/example_dags/example_short_circuit_operator.py
[2025-04-03T15:23:37.906+0000] {logging_mixin.py:190} INFO - [2025-04-03T15:23:37.905+0000] {dag.py:3239} INFO - Sync 1 DAGs
[2025-04-03T15:23:37.926+0000] {logging_mixin.py:190} INFO - [2025-04-03T15:23:37.926+0000] {dag.py:4180} INFO - Setting next_dagrun for example_short_circuit_operator to None, run_after=None
[2025-04-03T15:23:37.959+0000] {processor.py:208} INFO - Processing /home/hamza/Documents/project/Mlops/myenv/lib/python3.12/site-packages/airflow/example_dags/example_short_circuit_operator.py took 0.118 seconds
[2025-04-03T15:25:10.992+0000] {processor.py:186} INFO - Started process (PID=46085) to work on /home/hamza/Documents/project/Mlops/myenv/lib/python3.12/site-packages/airflow/example_dags/example_short_circuit_operator.py
[2025-04-03T15:25:10.994+0000] {processor.py:914} INFO - Processing file /home/hamza/Documents/project/Mlops/myenv/lib/python3.12/site-packages/airflow/example_dags/example_short_circuit_operator.py for tasks to queue
[2025-04-03T15:25:10.998+0000] {logging_mixin.py:190} INFO - [2025-04-03T15:25:10.997+0000] {dagbag.py:588} INFO - Filling up the DagBag from /home/hamza/Documents/project/Mlops/myenv/lib/python3.12/site-packages/airflow/example_dags/example_short_circuit_operator.py
[2025-04-03T15:25:11.012+0000] {processor.py:925} INFO - DAG(s) 'example_short_circuit_operator' retrieved from /home/hamza/Documents/project/Mlops/myenv/lib/python3.12/site-packages/airflow/example_dags/example_short_circuit_operator.py
[2025-04-03T15:25:11.041+0000] {logging_mixin.py:190} INFO - [2025-04-03T15:25:11.041+0000] {dag.py:3239} INFO - Sync 1 DAGs
[2025-04-03T15:25:11.062+0000] {logging_mixin.py:190} INFO - [2025-04-03T15:25:11.061+0000] {dag.py:4180} INFO - Setting next_dagrun for example_short_circuit_operator to None, run_after=None
[2025-04-03T15:25:11.096+0000] {processor.py:208} INFO - Processing /home/hamza/Documents/project/Mlops/myenv/lib/python3.12/site-packages/airflow/example_dags/example_short_circuit_operator.py took 0.113 seconds
[2025-04-03T16:31:17.330+0000] {processor.py:186} INFO - Started process (PID=82721) to work on /home/hamza/Documents/project/Mlops/myenv/lib/python3.12/site-packages/airflow/example_dags/example_short_circuit_operator.py
[2025-04-03T16:31:17.331+0000] {processor.py:914} INFO - Processing file /home/hamza/Documents/project/Mlops/myenv/lib/python3.12/site-packages/airflow/example_dags/example_short_circuit_operator.py for tasks to queue
[2025-04-03T16:31:17.335+0000] {logging_mixin.py:190} INFO - [2025-04-03T16:31:17.334+0000] {dagbag.py:588} INFO - Filling up the DagBag from /home/hamza/Documents/project/Mlops/myenv/lib/python3.12/site-packages/airflow/example_dags/example_short_circuit_operator.py
[2025-04-03T16:31:17.351+0000] {processor.py:925} INFO - DAG(s) 'example_short_circuit_operator' retrieved from /home/hamza/Documents/project/Mlops/myenv/lib/python3.12/site-packages/airflow/example_dags/example_short_circuit_operator.py
[2025-04-03T16:31:17.384+0000] {logging_mixin.py:190} INFO - [2025-04-03T16:31:17.384+0000] {dag.py:3239} INFO - Sync 1 DAGs
[2025-04-03T16:31:17.405+0000] {logging_mixin.py:190} INFO - [2025-04-03T16:31:17.405+0000] {dag.py:4180} INFO - Setting next_dagrun for example_short_circuit_operator to None, run_after=None
[2025-04-03T16:31:17.442+0000] {processor.py:208} INFO - Processing /home/hamza/Documents/project/Mlops/myenv/lib/python3.12/site-packages/airflow/example_dags/example_short_circuit_operator.py took 0.122 seconds
[2025-04-03T16:33:56.982+0000] {processor.py:186} INFO - Started process (PID=84219) to work on /home/hamza/Documents/project/Mlops/myenv/lib/python3.12/site-packages/airflow/example_dags/example_short_circuit_operator.py
[2025-04-03T16:33:56.990+0000] {processor.py:914} INFO - Processing file /home/hamza/Documents/project/Mlops/myenv/lib/python3.12/site-packages/airflow/example_dags/example_short_circuit_operator.py for tasks to queue
[2025-04-03T16:33:56.994+0000] {logging_mixin.py:190} INFO - [2025-04-03T16:33:56.993+0000] {dagbag.py:588} INFO - Filling up the DagBag from /home/hamza/Documents/project/Mlops/myenv/lib/python3.12/site-packages/airflow/example_dags/example_short_circuit_operator.py
[2025-04-03T16:33:57.012+0000] {processor.py:925} INFO - DAG(s) 'example_short_circuit_operator' retrieved from /home/hamza/Documents/project/Mlops/myenv/lib/python3.12/site-packages/airflow/example_dags/example_short_circuit_operator.py
[2025-04-03T16:33:57.045+0000] {logging_mixin.py:190} INFO - [2025-04-03T16:33:57.045+0000] {dag.py:3239} INFO - Sync 1 DAGs
[2025-04-03T16:33:57.066+0000] {logging_mixin.py:190} INFO - [2025-04-03T16:33:57.066+0000] {dag.py:4180} INFO - Setting next_dagrun for example_short_circuit_operator to None, run_after=None
[2025-04-03T16:33:57.244+0000] {processor.py:208} INFO - Processing /home/hamza/Documents/project/Mlops/myenv/lib/python3.12/site-packages/airflow/example_dags/example_short_circuit_operator.py took 0.272 seconds
[2025-04-03T16:35:28.017+0000] {processor.py:186} INFO - Started process (PID=84990) to work on /home/hamza/Documents/project/Mlops/myenv/lib/python3.12/site-packages/airflow/example_dags/example_short_circuit_operator.py
[2025-04-03T16:35:28.018+0000] {processor.py:914} INFO - Processing file /home/hamza/Documents/project/Mlops/myenv/lib/python3.12/site-packages/airflow/example_dags/example_short_circuit_operator.py for tasks to queue
[2025-04-03T16:35:28.022+0000] {logging_mixin.py:190} INFO - [2025-04-03T16:35:28.022+0000] {dagbag.py:588} INFO - Filling up the DagBag from /home/hamza/Documents/project/Mlops/myenv/lib/python3.12/site-packages/airflow/example_dags/example_short_circuit_operator.py
[2025-04-03T16:35:28.043+0000] {processor.py:925} INFO - DAG(s) 'example_short_circuit_operator' retrieved from /home/hamza/Documents/project/Mlops/myenv/lib/python3.12/site-packages/airflow/example_dags/example_short_circuit_operator.py
[2025-04-03T16:35:28.076+0000] {logging_mixin.py:190} INFO - [2025-04-03T16:35:28.076+0000] {dag.py:3239} INFO - Sync 1 DAGs
[2025-04-03T16:35:28.099+0000] {logging_mixin.py:190} INFO - [2025-04-03T16:35:28.098+0000] {dag.py:4180} INFO - Setting next_dagrun for example_short_circuit_operator to None, run_after=None
[2025-04-03T16:35:28.143+0000] {processor.py:208} INFO - Processing /home/hamza/Documents/project/Mlops/myenv/lib/python3.12/site-packages/airflow/example_dags/example_short_circuit_operator.py took 0.136 seconds
[2025-04-03T16:37:03.092+0000] {processor.py:186} INFO - Started process (PID=85780) to work on /home/hamza/Documents/project/Mlops/myenv/lib/python3.12/site-packages/airflow/example_dags/example_short_circuit_operator.py
[2025-04-03T16:37:03.094+0000] {processor.py:914} INFO - Processing file /home/hamza/Documents/project/Mlops/myenv/lib/python3.12/site-packages/airflow/example_dags/example_short_circuit_operator.py for tasks to queue
[2025-04-03T16:37:03.100+0000] {logging_mixin.py:190} INFO - [2025-04-03T16:37:03.099+0000] {dagbag.py:588} INFO - Filling up the DagBag from /home/hamza/Documents/project/Mlops/myenv/lib/python3.12/site-packages/airflow/example_dags/example_short_circuit_operator.py
[2025-04-03T16:37:03.117+0000] {processor.py:925} INFO - DAG(s) 'example_short_circuit_operator' retrieved from /home/hamza/Documents/project/Mlops/myenv/lib/python3.12/site-packages/airflow/example_dags/example_short_circuit_operator.py
[2025-04-03T16:37:03.150+0000] {logging_mixin.py:190} INFO - [2025-04-03T16:37:03.149+0000] {dag.py:3239} INFO - Sync 1 DAGs
[2025-04-03T16:37:03.174+0000] {logging_mixin.py:190} INFO - [2025-04-03T16:37:03.173+0000] {dag.py:4180} INFO - Setting next_dagrun for example_short_circuit_operator to None, run_after=None
[2025-04-03T16:37:03.216+0000] {processor.py:208} INFO - Processing /home/hamza/Documents/project/Mlops/myenv/lib/python3.12/site-packages/airflow/example_dags/example_short_circuit_operator.py took 0.133 seconds
[2025-04-03T16:38:31.984+0000] {processor.py:186} INFO - Started process (PID=86610) to work on /home/hamza/Documents/project/Mlops/myenv/lib/python3.12/site-packages/airflow/example_dags/example_short_circuit_operator.py
[2025-04-03T16:38:31.986+0000] {processor.py:914} INFO - Processing file /home/hamza/Documents/project/Mlops/myenv/lib/python3.12/site-packages/airflow/example_dags/example_short_circuit_operator.py for tasks to queue
[2025-04-03T16:38:31.992+0000] {logging_mixin.py:190} INFO - [2025-04-03T16:38:31.991+0000] {dagbag.py:588} INFO - Filling up the DagBag from /home/hamza/Documents/project/Mlops/myenv/lib/python3.12/site-packages/airflow/example_dags/example_short_circuit_operator.py
[2025-04-03T16:38:32.008+0000] {processor.py:925} INFO - DAG(s) 'example_short_circuit_operator' retrieved from /home/hamza/Documents/project/Mlops/myenv/lib/python3.12/site-packages/airflow/example_dags/example_short_circuit_operator.py
[2025-04-03T16:38:32.043+0000] {logging_mixin.py:190} INFO - [2025-04-03T16:38:32.042+0000] {dag.py:3239} INFO - Sync 1 DAGs
[2025-04-03T16:38:32.066+0000] {logging_mixin.py:190} INFO - [2025-04-03T16:38:32.066+0000] {dag.py:4180} INFO - Setting next_dagrun for example_short_circuit_operator to None, run_after=None
[2025-04-03T16:38:32.108+0000] {processor.py:208} INFO - Processing /home/hamza/Documents/project/Mlops/myenv/lib/python3.12/site-packages/airflow/example_dags/example_short_circuit_operator.py took 0.135 seconds
[2025-04-03T16:40:03.100+0000] {processor.py:186} INFO - Started process (PID=87808) to work on /home/hamza/Documents/project/Mlops/myenv/lib/python3.12/site-packages/airflow/example_dags/example_short_circuit_operator.py
[2025-04-03T16:40:03.102+0000] {processor.py:914} INFO - Processing file /home/hamza/Documents/project/Mlops/myenv/lib/python3.12/site-packages/airflow/example_dags/example_short_circuit_operator.py for tasks to queue
[2025-04-03T16:40:03.106+0000] {logging_mixin.py:190} INFO - [2025-04-03T16:40:03.106+0000] {dagbag.py:588} INFO - Filling up the DagBag from /home/hamza/Documents/project/Mlops/myenv/lib/python3.12/site-packages/airflow/example_dags/example_short_circuit_operator.py
[2025-04-03T16:40:03.126+0000] {processor.py:925} INFO - DAG(s) 'example_short_circuit_operator' retrieved from /home/hamza/Documents/project/Mlops/myenv/lib/python3.12/site-packages/airflow/example_dags/example_short_circuit_operator.py
[2025-04-03T16:40:03.163+0000] {logging_mixin.py:190} INFO - [2025-04-03T16:40:03.163+0000] {dag.py:3239} INFO - Sync 1 DAGs
[2025-04-03T16:40:03.193+0000] {logging_mixin.py:190} INFO - [2025-04-03T16:40:03.192+0000] {dag.py:4180} INFO - Setting next_dagrun for example_short_circuit_operator to None, run_after=None
[2025-04-03T16:40:03.245+0000] {processor.py:208} INFO - Processing /home/hamza/Documents/project/Mlops/myenv/lib/python3.12/site-packages/airflow/example_dags/example_short_circuit_operator.py took 0.156 seconds
[2025-04-03T16:41:43.667+0000] {processor.py:186} INFO - Started process (PID=88757) to work on /home/hamza/Documents/project/Mlops/myenv/lib/python3.12/site-packages/airflow/example_dags/example_short_circuit_operator.py
[2025-04-03T16:41:43.669+0000] {processor.py:914} INFO - Processing file /home/hamza/Documents/project/Mlops/myenv/lib/python3.12/site-packages/airflow/example_dags/example_short_circuit_operator.py for tasks to queue
[2025-04-03T16:41:43.674+0000] {logging_mixin.py:190} INFO - [2025-04-03T16:41:43.673+0000] {dagbag.py:588} INFO - Filling up the DagBag from /home/hamza/Documents/project/Mlops/myenv/lib/python3.12/site-packages/airflow/example_dags/example_short_circuit_operator.py
[2025-04-03T16:41:43.690+0000] {processor.py:925} INFO - DAG(s) 'example_short_circuit_operator' retrieved from /home/hamza/Documents/project/Mlops/myenv/lib/python3.12/site-packages/airflow/example_dags/example_short_circuit_operator.py
[2025-04-03T16:41:43.722+0000] {logging_mixin.py:190} INFO - [2025-04-03T16:41:43.722+0000] {dag.py:3239} INFO - Sync 1 DAGs
[2025-04-03T16:41:43.746+0000] {logging_mixin.py:190} INFO - [2025-04-03T16:41:43.745+0000] {dag.py:4180} INFO - Setting next_dagrun for example_short_circuit_operator to None, run_after=None
[2025-04-03T16:41:43.783+0000] {processor.py:208} INFO - Processing /home/hamza/Documents/project/Mlops/myenv/lib/python3.12/site-packages/airflow/example_dags/example_short_circuit_operator.py took 0.125 seconds
[2025-04-03T16:43:16.871+0000] {processor.py:186} INFO - Started process (PID=89499) to work on /home/hamza/Documents/project/Mlops/myenv/lib/python3.12/site-packages/airflow/example_dags/example_short_circuit_operator.py
[2025-04-03T16:43:16.873+0000] {processor.py:914} INFO - Processing file /home/hamza/Documents/project/Mlops/myenv/lib/python3.12/site-packages/airflow/example_dags/example_short_circuit_operator.py for tasks to queue
[2025-04-03T16:43:16.878+0000] {logging_mixin.py:190} INFO - [2025-04-03T16:43:16.877+0000] {dagbag.py:588} INFO - Filling up the DagBag from /home/hamza/Documents/project/Mlops/myenv/lib/python3.12/site-packages/airflow/example_dags/example_short_circuit_operator.py
[2025-04-03T16:43:16.895+0000] {processor.py:925} INFO - DAG(s) 'example_short_circuit_operator' retrieved from /home/hamza/Documents/project/Mlops/myenv/lib/python3.12/site-packages/airflow/example_dags/example_short_circuit_operator.py
[2025-04-03T16:43:16.934+0000] {logging_mixin.py:190} INFO - [2025-04-03T16:43:16.933+0000] {dag.py:3239} INFO - Sync 1 DAGs
[2025-04-03T16:43:16.960+0000] {logging_mixin.py:190} INFO - [2025-04-03T16:43:16.960+0000] {dag.py:4180} INFO - Setting next_dagrun for example_short_circuit_operator to None, run_after=None
[2025-04-03T16:43:17.000+0000] {processor.py:208} INFO - Processing /home/hamza/Documents/project/Mlops/myenv/lib/python3.12/site-packages/airflow/example_dags/example_short_circuit_operator.py took 0.140 seconds
[2025-04-03T16:44:54.267+0000] {processor.py:186} INFO - Started process (PID=90263) to work on /home/hamza/Documents/project/Mlops/myenv/lib/python3.12/site-packages/airflow/example_dags/example_short_circuit_operator.py
[2025-04-03T16:44:54.268+0000] {processor.py:914} INFO - Processing file /home/hamza/Documents/project/Mlops/myenv/lib/python3.12/site-packages/airflow/example_dags/example_short_circuit_operator.py for tasks to queue
[2025-04-03T16:44:54.273+0000] {logging_mixin.py:190} INFO - [2025-04-03T16:44:54.272+0000] {dagbag.py:588} INFO - Filling up the DagBag from /home/hamza/Documents/project/Mlops/myenv/lib/python3.12/site-packages/airflow/example_dags/example_short_circuit_operator.py
[2025-04-03T16:44:54.289+0000] {processor.py:925} INFO - DAG(s) 'example_short_circuit_operator' retrieved from /home/hamza/Documents/project/Mlops/myenv/lib/python3.12/site-packages/airflow/example_dags/example_short_circuit_operator.py
[2025-04-03T16:44:54.321+0000] {logging_mixin.py:190} INFO - [2025-04-03T16:44:54.320+0000] {dag.py:3239} INFO - Sync 1 DAGs
[2025-04-03T16:44:54.342+0000] {logging_mixin.py:190} INFO - [2025-04-03T16:44:54.342+0000] {dag.py:4180} INFO - Setting next_dagrun for example_short_circuit_operator to None, run_after=None
[2025-04-03T16:44:54.377+0000] {processor.py:208} INFO - Processing /home/hamza/Documents/project/Mlops/myenv/lib/python3.12/site-packages/airflow/example_dags/example_short_circuit_operator.py took 0.119 seconds
[2025-04-03T16:46:27.953+0000] {processor.py:186} INFO - Started process (PID=91080) to work on /home/hamza/Documents/project/Mlops/myenv/lib/python3.12/site-packages/airflow/example_dags/example_short_circuit_operator.py
[2025-04-03T16:46:27.955+0000] {processor.py:914} INFO - Processing file /home/hamza/Documents/project/Mlops/myenv/lib/python3.12/site-packages/airflow/example_dags/example_short_circuit_operator.py for tasks to queue
[2025-04-03T16:46:27.959+0000] {logging_mixin.py:190} INFO - [2025-04-03T16:46:27.958+0000] {dagbag.py:588} INFO - Filling up the DagBag from /home/hamza/Documents/project/Mlops/myenv/lib/python3.12/site-packages/airflow/example_dags/example_short_circuit_operator.py
[2025-04-03T16:46:27.976+0000] {processor.py:925} INFO - DAG(s) 'example_short_circuit_operator' retrieved from /home/hamza/Documents/project/Mlops/myenv/lib/python3.12/site-packages/airflow/example_dags/example_short_circuit_operator.py
[2025-04-03T16:46:28.008+0000] {logging_mixin.py:190} INFO - [2025-04-03T16:46:28.008+0000] {dag.py:3239} INFO - Sync 1 DAGs
[2025-04-03T16:46:28.030+0000] {logging_mixin.py:190} INFO - [2025-04-03T16:46:28.030+0000] {dag.py:4180} INFO - Setting next_dagrun for example_short_circuit_operator to None, run_after=None
[2025-04-03T16:46:28.065+0000] {processor.py:208} INFO - Processing /home/hamza/Documents/project/Mlops/myenv/lib/python3.12/site-packages/airflow/example_dags/example_short_circuit_operator.py took 0.121 seconds
[2025-04-03T16:48:03.228+0000] {processor.py:186} INFO - Started process (PID=91931) to work on /home/hamza/Documents/project/Mlops/myenv/lib/python3.12/site-packages/airflow/example_dags/example_short_circuit_operator.py
[2025-04-03T16:48:03.229+0000] {processor.py:914} INFO - Processing file /home/hamza/Documents/project/Mlops/myenv/lib/python3.12/site-packages/airflow/example_dags/example_short_circuit_operator.py for tasks to queue
[2025-04-03T16:48:03.233+0000] {logging_mixin.py:190} INFO - [2025-04-03T16:48:03.232+0000] {dagbag.py:588} INFO - Filling up the DagBag from /home/hamza/Documents/project/Mlops/myenv/lib/python3.12/site-packages/airflow/example_dags/example_short_circuit_operator.py
[2025-04-03T16:48:03.249+0000] {processor.py:925} INFO - DAG(s) 'example_short_circuit_operator' retrieved from /home/hamza/Documents/project/Mlops/myenv/lib/python3.12/site-packages/airflow/example_dags/example_short_circuit_operator.py
[2025-04-03T16:48:03.281+0000] {logging_mixin.py:190} INFO - [2025-04-03T16:48:03.281+0000] {dag.py:3239} INFO - Sync 1 DAGs
[2025-04-03T16:48:03.304+0000] {logging_mixin.py:190} INFO - [2025-04-03T16:48:03.303+0000] {dag.py:4180} INFO - Setting next_dagrun for example_short_circuit_operator to None, run_after=None
[2025-04-03T16:48:03.342+0000] {processor.py:208} INFO - Processing /home/hamza/Documents/project/Mlops/myenv/lib/python3.12/site-packages/airflow/example_dags/example_short_circuit_operator.py took 0.124 seconds
[2025-04-03T16:49:45.671+0000] {processor.py:186} INFO - Started process (PID=92795) to work on /home/hamza/Documents/project/Mlops/myenv/lib/python3.12/site-packages/airflow/example_dags/example_short_circuit_operator.py
[2025-04-03T16:49:45.673+0000] {processor.py:914} INFO - Processing file /home/hamza/Documents/project/Mlops/myenv/lib/python3.12/site-packages/airflow/example_dags/example_short_circuit_operator.py for tasks to queue
[2025-04-03T16:49:45.677+0000] {logging_mixin.py:190} INFO - [2025-04-03T16:49:45.676+0000] {dagbag.py:588} INFO - Filling up the DagBag from /home/hamza/Documents/project/Mlops/myenv/lib/python3.12/site-packages/airflow/example_dags/example_short_circuit_operator.py
[2025-04-03T16:49:45.692+0000] {processor.py:925} INFO - DAG(s) 'example_short_circuit_operator' retrieved from /home/hamza/Documents/project/Mlops/myenv/lib/python3.12/site-packages/airflow/example_dags/example_short_circuit_operator.py
[2025-04-03T16:49:45.730+0000] {logging_mixin.py:190} INFO - [2025-04-03T16:49:45.730+0000] {dag.py:3239} INFO - Sync 1 DAGs
[2025-04-03T16:49:45.751+0000] {logging_mixin.py:190} INFO - [2025-04-03T16:49:45.751+0000] {dag.py:4180} INFO - Setting next_dagrun for example_short_circuit_operator to None, run_after=None
[2025-04-03T16:49:45.785+0000] {processor.py:208} INFO - Processing /home/hamza/Documents/project/Mlops/myenv/lib/python3.12/site-packages/airflow/example_dags/example_short_circuit_operator.py took 0.122 seconds
[2025-04-03T16:51:22.169+0000] {processor.py:186} INFO - Started process (PID=93603) to work on /home/hamza/Documents/project/Mlops/myenv/lib/python3.12/site-packages/airflow/example_dags/example_short_circuit_operator.py
[2025-04-03T16:51:22.171+0000] {processor.py:914} INFO - Processing file /home/hamza/Documents/project/Mlops/myenv/lib/python3.12/site-packages/airflow/example_dags/example_short_circuit_operator.py for tasks to queue
[2025-04-03T16:51:22.175+0000] {logging_mixin.py:190} INFO - [2025-04-03T16:51:22.174+0000] {dagbag.py:588} INFO - Filling up the DagBag from /home/hamza/Documents/project/Mlops/myenv/lib/python3.12/site-packages/airflow/example_dags/example_short_circuit_operator.py
[2025-04-03T16:51:22.191+0000] {processor.py:925} INFO - DAG(s) 'example_short_circuit_operator' retrieved from /home/hamza/Documents/project/Mlops/myenv/lib/python3.12/site-packages/airflow/example_dags/example_short_circuit_operator.py
[2025-04-03T16:51:22.223+0000] {logging_mixin.py:190} INFO - [2025-04-03T16:51:22.223+0000] {dag.py:3239} INFO - Sync 1 DAGs
[2025-04-03T16:51:22.246+0000] {logging_mixin.py:190} INFO - [2025-04-03T16:51:22.245+0000] {dag.py:4180} INFO - Setting next_dagrun for example_short_circuit_operator to None, run_after=None
[2025-04-03T16:51:22.290+0000] {processor.py:208} INFO - Processing /home/hamza/Documents/project/Mlops/myenv/lib/python3.12/site-packages/airflow/example_dags/example_short_circuit_operator.py took 0.130 seconds
[2025-04-03T16:53:03.166+0000] {processor.py:186} INFO - Started process (PID=94437) to work on /home/hamza/Documents/project/Mlops/myenv/lib/python3.12/site-packages/airflow/example_dags/example_short_circuit_operator.py
[2025-04-03T16:53:03.167+0000] {processor.py:914} INFO - Processing file /home/hamza/Documents/project/Mlops/myenv/lib/python3.12/site-packages/airflow/example_dags/example_short_circuit_operator.py for tasks to queue
[2025-04-03T16:53:03.173+0000] {logging_mixin.py:190} INFO - [2025-04-03T16:53:03.171+0000] {dagbag.py:588} INFO - Filling up the DagBag from /home/hamza/Documents/project/Mlops/myenv/lib/python3.12/site-packages/airflow/example_dags/example_short_circuit_operator.py
[2025-04-03T16:53:03.194+0000] {processor.py:925} INFO - DAG(s) 'example_short_circuit_operator' retrieved from /home/hamza/Documents/project/Mlops/myenv/lib/python3.12/site-packages/airflow/example_dags/example_short_circuit_operator.py
[2025-04-03T16:53:03.233+0000] {logging_mixin.py:190} INFO - [2025-04-03T16:53:03.233+0000] {dag.py:3239} INFO - Sync 1 DAGs
[2025-04-03T16:53:03.257+0000] {logging_mixin.py:190} INFO - [2025-04-03T16:53:03.256+0000] {dag.py:4180} INFO - Setting next_dagrun for example_short_circuit_operator to None, run_after=None
[2025-04-03T16:53:03.300+0000] {processor.py:208} INFO - Processing /home/hamza/Documents/project/Mlops/myenv/lib/python3.12/site-packages/airflow/example_dags/example_short_circuit_operator.py took 0.146 seconds
[2025-04-03T16:54:43.284+0000] {processor.py:186} INFO - Started process (PID=95479) to work on /home/hamza/Documents/project/Mlops/myenv/lib/python3.12/site-packages/airflow/example_dags/example_short_circuit_operator.py
[2025-04-03T16:54:43.286+0000] {processor.py:914} INFO - Processing file /home/hamza/Documents/project/Mlops/myenv/lib/python3.12/site-packages/airflow/example_dags/example_short_circuit_operator.py for tasks to queue
[2025-04-03T16:54:43.290+0000] {logging_mixin.py:190} INFO - [2025-04-03T16:54:43.289+0000] {dagbag.py:588} INFO - Filling up the DagBag from /home/hamza/Documents/project/Mlops/myenv/lib/python3.12/site-packages/airflow/example_dags/example_short_circuit_operator.py
[2025-04-03T16:54:43.306+0000] {processor.py:925} INFO - DAG(s) 'example_short_circuit_operator' retrieved from /home/hamza/Documents/project/Mlops/myenv/lib/python3.12/site-packages/airflow/example_dags/example_short_circuit_operator.py
[2025-04-03T16:54:43.340+0000] {logging_mixin.py:190} INFO - [2025-04-03T16:54:43.340+0000] {dag.py:3239} INFO - Sync 1 DAGs
[2025-04-03T16:54:43.362+0000] {logging_mixin.py:190} INFO - [2025-04-03T16:54:43.362+0000] {dag.py:4180} INFO - Setting next_dagrun for example_short_circuit_operator to None, run_after=None
[2025-04-03T16:54:43.398+0000] {processor.py:208} INFO - Processing /home/hamza/Documents/project/Mlops/myenv/lib/python3.12/site-packages/airflow/example_dags/example_short_circuit_operator.py took 0.123 seconds
[2025-04-03T16:56:22.595+0000] {processor.py:186} INFO - Started process (PID=96312) to work on /home/hamza/Documents/project/Mlops/myenv/lib/python3.12/site-packages/airflow/example_dags/example_short_circuit_operator.py
[2025-04-03T16:56:22.597+0000] {processor.py:914} INFO - Processing file /home/hamza/Documents/project/Mlops/myenv/lib/python3.12/site-packages/airflow/example_dags/example_short_circuit_operator.py for tasks to queue
[2025-04-03T16:56:22.601+0000] {logging_mixin.py:190} INFO - [2025-04-03T16:56:22.601+0000] {dagbag.py:588} INFO - Filling up the DagBag from /home/hamza/Documents/project/Mlops/myenv/lib/python3.12/site-packages/airflow/example_dags/example_short_circuit_operator.py
[2025-04-03T16:56:22.617+0000] {processor.py:925} INFO - DAG(s) 'example_short_circuit_operator' retrieved from /home/hamza/Documents/project/Mlops/myenv/lib/python3.12/site-packages/airflow/example_dags/example_short_circuit_operator.py
[2025-04-03T16:56:22.651+0000] {logging_mixin.py:190} INFO - [2025-04-03T16:56:22.650+0000] {dag.py:3239} INFO - Sync 1 DAGs
[2025-04-03T16:56:22.671+0000] {logging_mixin.py:190} INFO - [2025-04-03T16:56:22.671+0000] {dag.py:4180} INFO - Setting next_dagrun for example_short_circuit_operator to None, run_after=None
[2025-04-03T16:56:22.705+0000] {processor.py:208} INFO - Processing /home/hamza/Documents/project/Mlops/myenv/lib/python3.12/site-packages/airflow/example_dags/example_short_circuit_operator.py took 0.119 seconds
