[2025-04-03T13:43:09.698+0000] {processor.py:186} INFO - Started process (PID=98071) to work on /home/hamza/Documents/project/Mlops/myenv/lib/python3.12/site-packages/airflow/example_dags/tutorial_taskflow_templates.py
[2025-04-03T13:43:09.699+0000] {processor.py:914} INFO - Processing file /home/hamza/Documents/project/Mlops/myenv/lib/python3.12/site-packages/airflow/example_dags/tutorial_taskflow_templates.py for tasks to queue
[2025-04-03T13:43:09.703+0000] {logging_mixin.py:190} INFO - [2025-04-03T13:43:09.703+0000] {dagbag.py:588} INFO - Filling up the DagBag from /home/hamza/Documents/project/Mlops/myenv/lib/python3.12/site-packages/airflow/example_dags/tutorial_taskflow_templates.py
[2025-04-03T13:43:09.726+0000] {processor.py:925} INFO - DAG(s) 'tutorial_taskflow_templates' retrieved from /home/hamza/Documents/project/Mlops/myenv/lib/python3.12/site-packages/airflow/example_dags/tutorial_taskflow_templates.py
[2025-04-03T13:43:09.900+0000] {logging_mixin.py:190} INFO - [2025-04-03T13:43:09.899+0000] {override.py:1930} INFO - Created Permission View: can delete on DAG:tutorial_taskflow_templates
[2025-04-03T13:43:09.918+0000] {logging_mixin.py:190} INFO - [2025-04-03T13:43:09.917+0000] {override.py:1930} INFO - Created Permission View: can read on DAG:tutorial_taskflow_templates
[2025-04-03T13:43:09.931+0000] {logging_mixin.py:190} INFO - [2025-04-03T13:43:09.931+0000] {override.py:1930} INFO - Created Permission View: can edit on DAG:tutorial_taskflow_templates
[2025-04-03T13:43:09.952+0000] {logging_mixin.py:190} INFO - [2025-04-03T13:43:09.952+0000] {override.py:1930} INFO - Created Permission View: can delete on DAG Run:tutorial_taskflow_templates
[2025-04-03T13:43:09.966+0000] {logging_mixin.py:190} INFO - [2025-04-03T13:43:09.965+0000] {override.py:1930} INFO - Created Permission View: can read on DAG Run:tutorial_taskflow_templates
[2025-04-03T13:43:09.979+0000] {logging_mixin.py:190} INFO - [2025-04-03T13:43:09.979+0000] {override.py:1930} INFO - Created Permission View: menu access on DAG Run:tutorial_taskflow_templates
[2025-04-03T13:43:09.993+0000] {logging_mixin.py:190} INFO - [2025-04-03T13:43:09.992+0000] {override.py:1930} INFO - Created Permission View: can create on DAG Run:tutorial_taskflow_templates
[2025-04-03T13:43:09.993+0000] {logging_mixin.py:190} INFO - [2025-04-03T13:43:09.993+0000] {dag.py:3239} INFO - Sync 1 DAGs
[2025-04-03T13:43:10.017+0000] {logging_mixin.py:190} INFO - [2025-04-03T13:43:10.016+0000] {dag.py:3262} INFO - Creating ORM DAG for tutorial_taskflow_templates
[2025-04-03T13:43:10.038+0000] {logging_mixin.py:190} INFO - [2025-04-03T13:43:10.038+0000] {dag.py:4180} INFO - Setting next_dagrun for tutorial_taskflow_templates to 2025-04-02 00:00:00+00:00, run_after=2025-04-03 00:00:00+00:00
[2025-04-03T13:43:10.071+0000] {processor.py:208} INFO - Processing /home/hamza/Documents/project/Mlops/myenv/lib/python3.12/site-packages/airflow/example_dags/tutorial_taskflow_templates.py took 0.382 seconds
[2025-04-03T13:44:30.762+0000] {processor.py:186} INFO - Started process (PID=99270) to work on /home/hamza/Documents/project/Mlops/myenv/lib/python3.12/site-packages/airflow/example_dags/tutorial_taskflow_templates.py
[2025-04-03T13:44:30.763+0000] {processor.py:914} INFO - Processing file /home/hamza/Documents/project/Mlops/myenv/lib/python3.12/site-packages/airflow/example_dags/tutorial_taskflow_templates.py for tasks to queue
[2025-04-03T13:44:30.767+0000] {logging_mixin.py:190} INFO - [2025-04-03T13:44:30.766+0000] {dagbag.py:588} INFO - Filling up the DagBag from /home/hamza/Documents/project/Mlops/myenv/lib/python3.12/site-packages/airflow/example_dags/tutorial_taskflow_templates.py
[2025-04-03T13:44:30.792+0000] {processor.py:925} INFO - DAG(s) 'tutorial_taskflow_templates' retrieved from /home/hamza/Documents/project/Mlops/myenv/lib/python3.12/site-packages/airflow/example_dags/tutorial_taskflow_templates.py
[2025-04-03T13:44:30.822+0000] {logging_mixin.py:190} INFO - [2025-04-03T13:44:30.821+0000] {dag.py:3239} INFO - Sync 1 DAGs
[2025-04-03T13:44:30.864+0000] {logging_mixin.py:190} INFO - [2025-04-03T13:44:30.863+0000] {dag.py:4180} INFO - Setting next_dagrun for tutorial_taskflow_templates to 2025-04-02 00:00:00+00:00, run_after=2025-04-03 00:00:00+00:00
[2025-04-03T13:44:30.903+0000] {processor.py:208} INFO - Processing /home/hamza/Documents/project/Mlops/myenv/lib/python3.12/site-packages/airflow/example_dags/tutorial_taskflow_templates.py took 0.150 seconds
[2025-04-03T13:45:09.794+0000] {processor.py:186} INFO - Started process (PID=99668) to work on /home/hamza/Documents/project/Mlops/myenv/lib/python3.12/site-packages/airflow/example_dags/tutorial_taskflow_templates.py
[2025-04-03T13:45:09.797+0000] {processor.py:914} INFO - Processing file /home/hamza/Documents/project/Mlops/myenv/lib/python3.12/site-packages/airflow/example_dags/tutorial_taskflow_templates.py for tasks to queue
[2025-04-03T13:45:09.801+0000] {logging_mixin.py:190} INFO - [2025-04-03T13:45:09.800+0000] {dagbag.py:588} INFO - Filling up the DagBag from /home/hamza/Documents/project/Mlops/myenv/lib/python3.12/site-packages/airflow/example_dags/tutorial_taskflow_templates.py
[2025-04-03T13:45:09.825+0000] {processor.py:925} INFO - DAG(s) 'tutorial_taskflow_templates' retrieved from /home/hamza/Documents/project/Mlops/myenv/lib/python3.12/site-packages/airflow/example_dags/tutorial_taskflow_templates.py
[2025-04-03T13:45:09.854+0000] {logging_mixin.py:190} INFO - [2025-04-03T13:45:09.853+0000] {dag.py:3239} INFO - Sync 1 DAGs
[2025-04-03T13:45:09.894+0000] {logging_mixin.py:190} INFO - [2025-04-03T13:45:09.893+0000] {dag.py:4180} INFO - Setting next_dagrun for tutorial_taskflow_templates to 2025-04-02 00:00:00+00:00, run_after=2025-04-03 00:00:00+00:00
[2025-04-03T13:45:09.933+0000] {processor.py:208} INFO - Processing /home/hamza/Documents/project/Mlops/myenv/lib/python3.12/site-packages/airflow/example_dags/tutorial_taskflow_templates.py took 0.147 seconds
[2025-04-03T13:46:16.702+0000] {processor.py:186} INFO - Started process (PID=100244) to work on /home/hamza/Documents/project/Mlops/myenv/lib/python3.12/site-packages/airflow/example_dags/tutorial_taskflow_templates.py
[2025-04-03T13:46:16.705+0000] {processor.py:914} INFO - Processing file /home/hamza/Documents/project/Mlops/myenv/lib/python3.12/site-packages/airflow/example_dags/tutorial_taskflow_templates.py for tasks to queue
[2025-04-03T13:46:16.708+0000] {logging_mixin.py:190} INFO - [2025-04-03T13:46:16.707+0000] {dagbag.py:588} INFO - Filling up the DagBag from /home/hamza/Documents/project/Mlops/myenv/lib/python3.12/site-packages/airflow/example_dags/tutorial_taskflow_templates.py
[2025-04-03T13:46:16.730+0000] {processor.py:925} INFO - DAG(s) 'tutorial_taskflow_templates' retrieved from /home/hamza/Documents/project/Mlops/myenv/lib/python3.12/site-packages/airflow/example_dags/tutorial_taskflow_templates.py
[2025-04-03T13:46:16.755+0000] {logging_mixin.py:190} INFO - [2025-04-03T13:46:16.755+0000] {dag.py:3239} INFO - Sync 1 DAGs
[2025-04-03T13:46:16.788+0000] {logging_mixin.py:190} INFO - [2025-04-03T13:46:16.788+0000] {dag.py:4180} INFO - Setting next_dagrun for tutorial_taskflow_templates to 2025-04-02 00:00:00+00:00, run_after=2025-04-03 00:00:00+00:00
[2025-04-03T13:46:16.826+0000] {processor.py:208} INFO - Processing /home/hamza/Documents/project/Mlops/myenv/lib/python3.12/site-packages/airflow/example_dags/tutorial_taskflow_templates.py took 0.133 seconds
[2025-04-03T13:47:23.433+0000] {processor.py:186} INFO - Started process (PID=101014) to work on /home/hamza/Documents/project/Mlops/myenv/lib/python3.12/site-packages/airflow/example_dags/tutorial_taskflow_templates.py
[2025-04-03T13:47:23.436+0000] {processor.py:914} INFO - Processing file /home/hamza/Documents/project/Mlops/myenv/lib/python3.12/site-packages/airflow/example_dags/tutorial_taskflow_templates.py for tasks to queue
[2025-04-03T13:47:23.440+0000] {logging_mixin.py:190} INFO - [2025-04-03T13:47:23.439+0000] {dagbag.py:588} INFO - Filling up the DagBag from /home/hamza/Documents/project/Mlops/myenv/lib/python3.12/site-packages/airflow/example_dags/tutorial_taskflow_templates.py
[2025-04-03T13:47:23.462+0000] {processor.py:925} INFO - DAG(s) 'tutorial_taskflow_templates' retrieved from /home/hamza/Documents/project/Mlops/myenv/lib/python3.12/site-packages/airflow/example_dags/tutorial_taskflow_templates.py
[2025-04-03T13:47:23.490+0000] {logging_mixin.py:190} INFO - [2025-04-03T13:47:23.489+0000] {dag.py:3239} INFO - Sync 1 DAGs
[2025-04-03T13:47:23.524+0000] {logging_mixin.py:190} INFO - [2025-04-03T13:47:23.524+0000] {dag.py:4180} INFO - Setting next_dagrun for tutorial_taskflow_templates to 2025-04-02 00:00:00+00:00, run_after=2025-04-03 00:00:00+00:00
[2025-04-03T13:47:23.559+0000] {processor.py:208} INFO - Processing /home/hamza/Documents/project/Mlops/myenv/lib/python3.12/site-packages/airflow/example_dags/tutorial_taskflow_templates.py took 0.135 seconds
[2025-04-03T13:49:28.202+0000] {processor.py:186} INFO - Started process (PID=102727) to work on /home/hamza/Documents/project/Mlops/myenv/lib/python3.12/site-packages/airflow/example_dags/tutorial_taskflow_templates.py
[2025-04-03T13:49:28.204+0000] {processor.py:914} INFO - Processing file /home/hamza/Documents/project/Mlops/myenv/lib/python3.12/site-packages/airflow/example_dags/tutorial_taskflow_templates.py for tasks to queue
[2025-04-03T13:49:28.207+0000] {logging_mixin.py:190} INFO - [2025-04-03T13:49:28.207+0000] {dagbag.py:588} INFO - Filling up the DagBag from /home/hamza/Documents/project/Mlops/myenv/lib/python3.12/site-packages/airflow/example_dags/tutorial_taskflow_templates.py
[2025-04-03T13:49:28.227+0000] {processor.py:925} INFO - DAG(s) 'tutorial_taskflow_templates' retrieved from /home/hamza/Documents/project/Mlops/myenv/lib/python3.12/site-packages/airflow/example_dags/tutorial_taskflow_templates.py
[2025-04-03T13:49:28.270+0000] {logging_mixin.py:190} INFO - [2025-04-03T13:49:28.270+0000] {dag.py:3239} INFO - Sync 1 DAGs
[2025-04-03T13:49:28.300+0000] {logging_mixin.py:190} INFO - [2025-04-03T13:49:28.300+0000] {dag.py:4180} INFO - Setting next_dagrun for tutorial_taskflow_templates to 2025-04-02 00:00:00+00:00, run_after=2025-04-03 00:00:00+00:00
[2025-04-03T13:49:28.334+0000] {processor.py:208} INFO - Processing /home/hamza/Documents/project/Mlops/myenv/lib/python3.12/site-packages/airflow/example_dags/tutorial_taskflow_templates.py took 0.139 seconds
[2025-04-03T13:50:47.429+0000] {processor.py:186} INFO - Started process (PID=103750) to work on /home/hamza/Documents/project/Mlops/myenv/lib/python3.12/site-packages/airflow/example_dags/tutorial_taskflow_templates.py
[2025-04-03T13:50:47.433+0000] {processor.py:914} INFO - Processing file /home/hamza/Documents/project/Mlops/myenv/lib/python3.12/site-packages/airflow/example_dags/tutorial_taskflow_templates.py for tasks to queue
[2025-04-03T13:50:47.437+0000] {logging_mixin.py:190} INFO - [2025-04-03T13:50:47.436+0000] {dagbag.py:588} INFO - Filling up the DagBag from /home/hamza/Documents/project/Mlops/myenv/lib/python3.12/site-packages/airflow/example_dags/tutorial_taskflow_templates.py
[2025-04-03T13:50:47.463+0000] {processor.py:925} INFO - DAG(s) 'tutorial_taskflow_templates' retrieved from /home/hamza/Documents/project/Mlops/myenv/lib/python3.12/site-packages/airflow/example_dags/tutorial_taskflow_templates.py
[2025-04-03T13:50:47.490+0000] {logging_mixin.py:190} INFO - [2025-04-03T13:50:47.490+0000] {dag.py:3239} INFO - Sync 1 DAGs
[2025-04-03T13:50:47.525+0000] {logging_mixin.py:190} INFO - [2025-04-03T13:50:47.525+0000] {dag.py:4180} INFO - Setting next_dagrun for tutorial_taskflow_templates to 2025-04-02 00:00:00+00:00, run_after=2025-04-03 00:00:00+00:00
[2025-04-03T13:50:47.645+0000] {processor.py:208} INFO - Processing /home/hamza/Documents/project/Mlops/myenv/lib/python3.12/site-packages/airflow/example_dags/tutorial_taskflow_templates.py took 0.229 seconds
[2025-04-03T13:52:24.451+0000] {processor.py:186} INFO - Started process (PID=104860) to work on /home/hamza/Documents/project/Mlops/myenv/lib/python3.12/site-packages/airflow/example_dags/tutorial_taskflow_templates.py
[2025-04-03T13:52:24.452+0000] {processor.py:914} INFO - Processing file /home/hamza/Documents/project/Mlops/myenv/lib/python3.12/site-packages/airflow/example_dags/tutorial_taskflow_templates.py for tasks to queue
[2025-04-03T13:52:24.457+0000] {logging_mixin.py:190} INFO - [2025-04-03T13:52:24.456+0000] {dagbag.py:588} INFO - Filling up the DagBag from /home/hamza/Documents/project/Mlops/myenv/lib/python3.12/site-packages/airflow/example_dags/tutorial_taskflow_templates.py
[2025-04-03T13:52:24.494+0000] {processor.py:925} INFO - DAG(s) 'tutorial_taskflow_templates' retrieved from /home/hamza/Documents/project/Mlops/myenv/lib/python3.12/site-packages/airflow/example_dags/tutorial_taskflow_templates.py
[2025-04-03T13:52:24.527+0000] {logging_mixin.py:190} INFO - [2025-04-03T13:52:24.527+0000] {dag.py:3239} INFO - Sync 1 DAGs
[2025-04-03T13:52:24.579+0000] {logging_mixin.py:190} INFO - [2025-04-03T13:52:24.579+0000] {dag.py:4180} INFO - Setting next_dagrun for tutorial_taskflow_templates to 2025-04-02 00:00:00+00:00, run_after=2025-04-03 00:00:00+00:00
[2025-04-03T13:52:24.628+0000] {processor.py:208} INFO - Processing /home/hamza/Documents/project/Mlops/myenv/lib/python3.12/site-packages/airflow/example_dags/tutorial_taskflow_templates.py took 0.186 seconds
[2025-04-03T13:53:15.419+0000] {processor.py:186} INFO - Started process (PID=105328) to work on /home/hamza/Documents/project/Mlops/myenv/lib/python3.12/site-packages/airflow/example_dags/tutorial_taskflow_templates.py
[2025-04-03T13:53:15.423+0000] {processor.py:914} INFO - Processing file /home/hamza/Documents/project/Mlops/myenv/lib/python3.12/site-packages/airflow/example_dags/tutorial_taskflow_templates.py for tasks to queue
[2025-04-03T13:53:15.427+0000] {logging_mixin.py:190} INFO - [2025-04-03T13:53:15.426+0000] {dagbag.py:588} INFO - Filling up the DagBag from /home/hamza/Documents/project/Mlops/myenv/lib/python3.12/site-packages/airflow/example_dags/tutorial_taskflow_templates.py
[2025-04-03T13:53:15.452+0000] {processor.py:925} INFO - DAG(s) 'tutorial_taskflow_templates' retrieved from /home/hamza/Documents/project/Mlops/myenv/lib/python3.12/site-packages/airflow/example_dags/tutorial_taskflow_templates.py
[2025-04-03T13:53:15.481+0000] {logging_mixin.py:190} INFO - [2025-04-03T13:53:15.481+0000] {dag.py:3239} INFO - Sync 1 DAGs
[2025-04-03T13:53:15.520+0000] {logging_mixin.py:190} INFO - [2025-04-03T13:53:15.520+0000] {dag.py:4180} INFO - Setting next_dagrun for tutorial_taskflow_templates to 2025-04-02 00:00:00+00:00, run_after=2025-04-03 00:00:00+00:00
[2025-04-03T13:53:15.562+0000] {processor.py:208} INFO - Processing /home/hamza/Documents/project/Mlops/myenv/lib/python3.12/site-packages/airflow/example_dags/tutorial_taskflow_templates.py took 0.152 seconds
[2025-04-03T13:57:48.360+0000] {processor.py:186} INFO - Started process (PID=108875) to work on /home/hamza/Documents/project/Mlops/myenv/lib/python3.12/site-packages/airflow/example_dags/tutorial_taskflow_templates.py
[2025-04-03T13:57:48.362+0000] {processor.py:914} INFO - Processing file /home/hamza/Documents/project/Mlops/myenv/lib/python3.12/site-packages/airflow/example_dags/tutorial_taskflow_templates.py for tasks to queue
[2025-04-03T13:57:48.366+0000] {logging_mixin.py:190} INFO - [2025-04-03T13:57:48.365+0000] {dagbag.py:588} INFO - Filling up the DagBag from /home/hamza/Documents/project/Mlops/myenv/lib/python3.12/site-packages/airflow/example_dags/tutorial_taskflow_templates.py
[2025-04-03T13:57:48.382+0000] {processor.py:925} INFO - DAG(s) 'tutorial_taskflow_templates' retrieved from /home/hamza/Documents/project/Mlops/myenv/lib/python3.12/site-packages/airflow/example_dags/tutorial_taskflow_templates.py
[2025-04-03T13:57:48.427+0000] {logging_mixin.py:190} INFO - [2025-04-03T13:57:48.426+0000] {dag.py:3239} INFO - Sync 1 DAGs
[2025-04-03T13:57:48.457+0000] {logging_mixin.py:190} INFO - [2025-04-03T13:57:48.457+0000] {dag.py:4180} INFO - Setting next_dagrun for tutorial_taskflow_templates to 2025-04-02 00:00:00+00:00, run_after=2025-04-03 00:00:00+00:00
[2025-04-03T13:57:48.490+0000] {processor.py:208} INFO - Processing /home/hamza/Documents/project/Mlops/myenv/lib/python3.12/site-packages/airflow/example_dags/tutorial_taskflow_templates.py took 0.139 seconds
[2025-04-03T13:58:57.024+0000] {processor.py:186} INFO - Started process (PID=109735) to work on /home/hamza/Documents/project/Mlops/myenv/lib/python3.12/site-packages/airflow/example_dags/tutorial_taskflow_templates.py
[2025-04-03T13:58:57.026+0000] {processor.py:914} INFO - Processing file /home/hamza/Documents/project/Mlops/myenv/lib/python3.12/site-packages/airflow/example_dags/tutorial_taskflow_templates.py for tasks to queue
[2025-04-03T13:58:57.033+0000] {logging_mixin.py:190} INFO - [2025-04-03T13:58:57.032+0000] {dagbag.py:588} INFO - Filling up the DagBag from /home/hamza/Documents/project/Mlops/myenv/lib/python3.12/site-packages/airflow/example_dags/tutorial_taskflow_templates.py
[2025-04-03T13:58:57.068+0000] {processor.py:925} INFO - DAG(s) 'tutorial_taskflow_templates' retrieved from /home/hamza/Documents/project/Mlops/myenv/lib/python3.12/site-packages/airflow/example_dags/tutorial_taskflow_templates.py
[2025-04-03T13:58:57.119+0000] {logging_mixin.py:190} INFO - [2025-04-03T13:58:57.119+0000] {dag.py:3239} INFO - Sync 1 DAGs
[2025-04-03T13:58:57.162+0000] {logging_mixin.py:190} INFO - [2025-04-03T13:58:57.162+0000] {dag.py:4180} INFO - Setting next_dagrun for tutorial_taskflow_templates to 2025-04-02 00:00:00+00:00, run_after=2025-04-03 00:00:00+00:00
[2025-04-03T13:58:57.208+0000] {processor.py:208} INFO - Processing /home/hamza/Documents/project/Mlops/myenv/lib/python3.12/site-packages/airflow/example_dags/tutorial_taskflow_templates.py took 0.196 seconds
[2025-04-03T14:09:50.379+0000] {processor.py:186} INFO - Started process (PID=117858) to work on /home/hamza/Documents/project/Mlops/myenv/lib/python3.12/site-packages/airflow/example_dags/tutorial_taskflow_templates.py
[2025-04-03T14:09:50.382+0000] {processor.py:914} INFO - Processing file /home/hamza/Documents/project/Mlops/myenv/lib/python3.12/site-packages/airflow/example_dags/tutorial_taskflow_templates.py for tasks to queue
[2025-04-03T14:09:50.384+0000] {logging_mixin.py:190} INFO - [2025-04-03T14:09:50.383+0000] {dagbag.py:588} INFO - Filling up the DagBag from /home/hamza/Documents/project/Mlops/myenv/lib/python3.12/site-packages/airflow/example_dags/tutorial_taskflow_templates.py
[2025-04-03T14:09:50.401+0000] {processor.py:925} INFO - DAG(s) 'tutorial_taskflow_templates' retrieved from /home/hamza/Documents/project/Mlops/myenv/lib/python3.12/site-packages/airflow/example_dags/tutorial_taskflow_templates.py
[2025-04-03T14:09:50.442+0000] {logging_mixin.py:190} INFO - [2025-04-03T14:09:50.441+0000] {dag.py:3239} INFO - Sync 1 DAGs
[2025-04-03T14:09:50.482+0000] {logging_mixin.py:190} INFO - [2025-04-03T14:09:50.481+0000] {dag.py:4180} INFO - Setting next_dagrun for tutorial_taskflow_templates to 2025-04-02 00:00:00+00:00, run_after=2025-04-03 00:00:00+00:00
[2025-04-03T14:09:50.515+0000] {processor.py:208} INFO - Processing /home/hamza/Documents/project/Mlops/myenv/lib/python3.12/site-packages/airflow/example_dags/tutorial_taskflow_templates.py took 0.145 seconds
[2025-04-03T14:11:04.768+0000] {processor.py:186} INFO - Started process (PID=118559) to work on /home/hamza/Documents/project/Mlops/myenv/lib/python3.12/site-packages/airflow/example_dags/tutorial_taskflow_templates.py
[2025-04-03T14:11:04.770+0000] {processor.py:914} INFO - Processing file /home/hamza/Documents/project/Mlops/myenv/lib/python3.12/site-packages/airflow/example_dags/tutorial_taskflow_templates.py for tasks to queue
[2025-04-03T14:11:04.772+0000] {logging_mixin.py:190} INFO - [2025-04-03T14:11:04.771+0000] {dagbag.py:588} INFO - Filling up the DagBag from /home/hamza/Documents/project/Mlops/myenv/lib/python3.12/site-packages/airflow/example_dags/tutorial_taskflow_templates.py
[2025-04-03T14:11:04.791+0000] {processor.py:925} INFO - DAG(s) 'tutorial_taskflow_templates' retrieved from /home/hamza/Documents/project/Mlops/myenv/lib/python3.12/site-packages/airflow/example_dags/tutorial_taskflow_templates.py
[2025-04-03T14:11:04.817+0000] {logging_mixin.py:190} INFO - [2025-04-03T14:11:04.817+0000] {dag.py:3239} INFO - Sync 1 DAGs
[2025-04-03T14:11:04.848+0000] {logging_mixin.py:190} INFO - [2025-04-03T14:11:04.848+0000] {dag.py:4180} INFO - Setting next_dagrun for tutorial_taskflow_templates to 2025-04-02 00:00:00+00:00, run_after=2025-04-03 00:00:00+00:00
[2025-04-03T14:11:04.884+0000] {processor.py:208} INFO - Processing /home/hamza/Documents/project/Mlops/myenv/lib/python3.12/site-packages/airflow/example_dags/tutorial_taskflow_templates.py took 0.125 seconds
[2025-04-03T14:12:45.166+0000] {processor.py:186} INFO - Started process (PID=119474) to work on /home/hamza/Documents/project/Mlops/myenv/lib/python3.12/site-packages/airflow/example_dags/tutorial_taskflow_templates.py
[2025-04-03T14:12:45.168+0000] {processor.py:914} INFO - Processing file /home/hamza/Documents/project/Mlops/myenv/lib/python3.12/site-packages/airflow/example_dags/tutorial_taskflow_templates.py for tasks to queue
[2025-04-03T14:12:45.170+0000] {logging_mixin.py:190} INFO - [2025-04-03T14:12:45.169+0000] {dagbag.py:588} INFO - Filling up the DagBag from /home/hamza/Documents/project/Mlops/myenv/lib/python3.12/site-packages/airflow/example_dags/tutorial_taskflow_templates.py
[2025-04-03T14:12:45.188+0000] {processor.py:925} INFO - DAG(s) 'tutorial_taskflow_templates' retrieved from /home/hamza/Documents/project/Mlops/myenv/lib/python3.12/site-packages/airflow/example_dags/tutorial_taskflow_templates.py
[2025-04-03T14:12:45.214+0000] {logging_mixin.py:190} INFO - [2025-04-03T14:12:45.214+0000] {dag.py:3239} INFO - Sync 1 DAGs
[2025-04-03T14:12:45.244+0000] {logging_mixin.py:190} INFO - [2025-04-03T14:12:45.244+0000] {dag.py:4180} INFO - Setting next_dagrun for tutorial_taskflow_templates to 2025-04-02 00:00:00+00:00, run_after=2025-04-03 00:00:00+00:00
[2025-04-03T14:12:45.279+0000] {processor.py:208} INFO - Processing /home/hamza/Documents/project/Mlops/myenv/lib/python3.12/site-packages/airflow/example_dags/tutorial_taskflow_templates.py took 0.121 seconds
[2025-04-03T14:13:38.063+0000] {processor.py:186} INFO - Started process (PID=119963) to work on /home/hamza/Documents/project/Mlops/myenv/lib/python3.12/site-packages/airflow/example_dags/tutorial_taskflow_templates.py
[2025-04-03T14:13:38.065+0000] {processor.py:914} INFO - Processing file /home/hamza/Documents/project/Mlops/myenv/lib/python3.12/site-packages/airflow/example_dags/tutorial_taskflow_templates.py for tasks to queue
[2025-04-03T14:13:38.067+0000] {logging_mixin.py:190} INFO - [2025-04-03T14:13:38.066+0000] {dagbag.py:588} INFO - Filling up the DagBag from /home/hamza/Documents/project/Mlops/myenv/lib/python3.12/site-packages/airflow/example_dags/tutorial_taskflow_templates.py
[2025-04-03T14:13:38.091+0000] {processor.py:925} INFO - DAG(s) 'tutorial_taskflow_templates' retrieved from /home/hamza/Documents/project/Mlops/myenv/lib/python3.12/site-packages/airflow/example_dags/tutorial_taskflow_templates.py
[2025-04-03T14:13:38.122+0000] {logging_mixin.py:190} INFO - [2025-04-03T14:13:38.122+0000] {dag.py:3239} INFO - Sync 1 DAGs
[2025-04-03T14:13:38.160+0000] {logging_mixin.py:190} INFO - [2025-04-03T14:13:38.160+0000] {dag.py:4180} INFO - Setting next_dagrun for tutorial_taskflow_templates to 2025-04-02 00:00:00+00:00, run_after=2025-04-03 00:00:00+00:00
[2025-04-03T14:13:38.209+0000] {processor.py:208} INFO - Processing /home/hamza/Documents/project/Mlops/myenv/lib/python3.12/site-packages/airflow/example_dags/tutorial_taskflow_templates.py took 0.155 seconds
[2025-04-03T14:18:28.781+0000] {processor.py:186} INFO - Started process (PID=122211) to work on /home/hamza/Documents/project/Mlops/myenv/lib/python3.12/site-packages/airflow/example_dags/tutorial_taskflow_templates.py
[2025-04-03T14:18:28.783+0000] {processor.py:914} INFO - Processing file /home/hamza/Documents/project/Mlops/myenv/lib/python3.12/site-packages/airflow/example_dags/tutorial_taskflow_templates.py for tasks to queue
[2025-04-03T14:18:28.789+0000] {logging_mixin.py:190} INFO - [2025-04-03T14:18:28.787+0000] {dagbag.py:588} INFO - Filling up the DagBag from /home/hamza/Documents/project/Mlops/myenv/lib/python3.12/site-packages/airflow/example_dags/tutorial_taskflow_templates.py
[2025-04-03T14:18:28.808+0000] {processor.py:925} INFO - DAG(s) 'tutorial_taskflow_templates' retrieved from /home/hamza/Documents/project/Mlops/myenv/lib/python3.12/site-packages/airflow/example_dags/tutorial_taskflow_templates.py
[2025-04-03T14:18:28.848+0000] {logging_mixin.py:190} INFO - [2025-04-03T14:18:28.848+0000] {dag.py:3239} INFO - Sync 1 DAGs
[2025-04-03T14:18:28.885+0000] {logging_mixin.py:190} INFO - [2025-04-03T14:18:28.884+0000] {dag.py:4180} INFO - Setting next_dagrun for tutorial_taskflow_templates to 2025-04-02 00:00:00+00:00, run_after=2025-04-03 00:00:00+00:00
[2025-04-03T14:18:28.916+0000] {processor.py:208} INFO - Processing /home/hamza/Documents/project/Mlops/myenv/lib/python3.12/site-packages/airflow/example_dags/tutorial_taskflow_templates.py took 0.144 seconds
[2025-04-03T14:19:43.316+0000] {processor.py:186} INFO - Started process (PID=122927) to work on /home/hamza/Documents/project/Mlops/myenv/lib/python3.12/site-packages/airflow/example_dags/tutorial_taskflow_templates.py
[2025-04-03T14:19:43.320+0000] {processor.py:914} INFO - Processing file /home/hamza/Documents/project/Mlops/myenv/lib/python3.12/site-packages/airflow/example_dags/tutorial_taskflow_templates.py for tasks to queue
[2025-04-03T14:19:43.323+0000] {logging_mixin.py:190} INFO - [2025-04-03T14:19:43.322+0000] {dagbag.py:588} INFO - Filling up the DagBag from /home/hamza/Documents/project/Mlops/myenv/lib/python3.12/site-packages/airflow/example_dags/tutorial_taskflow_templates.py
[2025-04-03T14:19:43.359+0000] {processor.py:925} INFO - DAG(s) 'tutorial_taskflow_templates' retrieved from /home/hamza/Documents/project/Mlops/myenv/lib/python3.12/site-packages/airflow/example_dags/tutorial_taskflow_templates.py
[2025-04-03T14:19:43.415+0000] {logging_mixin.py:190} INFO - [2025-04-03T14:19:43.415+0000] {dag.py:3239} INFO - Sync 1 DAGs
[2025-04-03T14:19:43.454+0000] {logging_mixin.py:190} INFO - [2025-04-03T14:19:43.454+0000] {dag.py:4180} INFO - Setting next_dagrun for tutorial_taskflow_templates to 2025-04-02 00:00:00+00:00, run_after=2025-04-03 00:00:00+00:00
[2025-04-03T14:19:43.491+0000] {processor.py:208} INFO - Processing /home/hamza/Documents/project/Mlops/myenv/lib/python3.12/site-packages/airflow/example_dags/tutorial_taskflow_templates.py took 0.186 seconds
[2025-04-03T15:08:00.515+0000] {processor.py:186} INFO - Started process (PID=35654) to work on /home/hamza/Documents/project/Mlops/myenv/lib/python3.12/site-packages/airflow/example_dags/tutorial_taskflow_templates.py
[2025-04-03T15:08:00.518+0000] {processor.py:914} INFO - Processing file /home/hamza/Documents/project/Mlops/myenv/lib/python3.12/site-packages/airflow/example_dags/tutorial_taskflow_templates.py for tasks to queue
[2025-04-03T15:08:00.524+0000] {logging_mixin.py:190} INFO - [2025-04-03T15:08:00.523+0000] {dagbag.py:588} INFO - Filling up the DagBag from /home/hamza/Documents/project/Mlops/myenv/lib/python3.12/site-packages/airflow/example_dags/tutorial_taskflow_templates.py
[2025-04-03T15:08:00.547+0000] {processor.py:925} INFO - DAG(s) 'tutorial_taskflow_templates' retrieved from /home/hamza/Documents/project/Mlops/myenv/lib/python3.12/site-packages/airflow/example_dags/tutorial_taskflow_templates.py
[2025-04-03T15:08:00.587+0000] {logging_mixin.py:190} INFO - [2025-04-03T15:08:00.587+0000] {dag.py:3239} INFO - Sync 1 DAGs
[2025-04-03T15:08:00.641+0000] {logging_mixin.py:190} INFO - [2025-04-03T15:08:00.640+0000] {dag.py:4180} INFO - Setting next_dagrun for tutorial_taskflow_templates to 2025-04-02 00:00:00+00:00, run_after=2025-04-03 00:00:00+00:00
[2025-04-03T15:08:00.709+0000] {processor.py:208} INFO - Processing /home/hamza/Documents/project/Mlops/myenv/lib/python3.12/site-packages/airflow/example_dags/tutorial_taskflow_templates.py took 0.205 seconds
[2025-04-03T15:09:15.417+0000] {processor.py:186} INFO - Started process (PID=36689) to work on /home/hamza/Documents/project/Mlops/myenv/lib/python3.12/site-packages/airflow/example_dags/tutorial_taskflow_templates.py
[2025-04-03T15:09:15.419+0000] {processor.py:914} INFO - Processing file /home/hamza/Documents/project/Mlops/myenv/lib/python3.12/site-packages/airflow/example_dags/tutorial_taskflow_templates.py for tasks to queue
[2025-04-03T15:09:15.422+0000] {logging_mixin.py:190} INFO - [2025-04-03T15:09:15.422+0000] {dagbag.py:588} INFO - Filling up the DagBag from /home/hamza/Documents/project/Mlops/myenv/lib/python3.12/site-packages/airflow/example_dags/tutorial_taskflow_templates.py
[2025-04-03T15:09:15.444+0000] {processor.py:925} INFO - DAG(s) 'tutorial_taskflow_templates' retrieved from /home/hamza/Documents/project/Mlops/myenv/lib/python3.12/site-packages/airflow/example_dags/tutorial_taskflow_templates.py
[2025-04-03T15:09:15.472+0000] {logging_mixin.py:190} INFO - [2025-04-03T15:09:15.471+0000] {dag.py:3239} INFO - Sync 1 DAGs
[2025-04-03T15:09:15.506+0000] {logging_mixin.py:190} INFO - [2025-04-03T15:09:15.506+0000] {dag.py:4180} INFO - Setting next_dagrun for tutorial_taskflow_templates to 2025-04-02 00:00:00+00:00, run_after=2025-04-03 00:00:00+00:00
[2025-04-03T15:09:15.543+0000] {processor.py:208} INFO - Processing /home/hamza/Documents/project/Mlops/myenv/lib/python3.12/site-packages/airflow/example_dags/tutorial_taskflow_templates.py took 0.136 seconds
[2025-04-03T15:10:45.424+0000] {processor.py:186} INFO - Started process (PID=37534) to work on /home/hamza/Documents/project/Mlops/myenv/lib/python3.12/site-packages/airflow/example_dags/tutorial_taskflow_templates.py
[2025-04-03T15:10:45.429+0000] {processor.py:914} INFO - Processing file /home/hamza/Documents/project/Mlops/myenv/lib/python3.12/site-packages/airflow/example_dags/tutorial_taskflow_templates.py for tasks to queue
[2025-04-03T15:10:45.433+0000] {logging_mixin.py:190} INFO - [2025-04-03T15:10:45.433+0000] {dagbag.py:588} INFO - Filling up the DagBag from /home/hamza/Documents/project/Mlops/myenv/lib/python3.12/site-packages/airflow/example_dags/tutorial_taskflow_templates.py
[2025-04-03T15:10:45.457+0000] {processor.py:925} INFO - DAG(s) 'tutorial_taskflow_templates' retrieved from /home/hamza/Documents/project/Mlops/myenv/lib/python3.12/site-packages/airflow/example_dags/tutorial_taskflow_templates.py
[2025-04-03T15:10:45.482+0000] {logging_mixin.py:190} INFO - [2025-04-03T15:10:45.482+0000] {dag.py:3239} INFO - Sync 1 DAGs
[2025-04-03T15:10:45.517+0000] {logging_mixin.py:190} INFO - [2025-04-03T15:10:45.517+0000] {dag.py:4180} INFO - Setting next_dagrun for tutorial_taskflow_templates to 2025-04-02 00:00:00+00:00, run_after=2025-04-03 00:00:00+00:00
[2025-04-03T15:10:45.553+0000] {processor.py:208} INFO - Processing /home/hamza/Documents/project/Mlops/myenv/lib/python3.12/site-packages/airflow/example_dags/tutorial_taskflow_templates.py took 0.138 seconds
[2025-04-03T15:12:12.662+0000] {processor.py:186} INFO - Started process (PID=38323) to work on /home/hamza/Documents/project/Mlops/myenv/lib/python3.12/site-packages/airflow/example_dags/tutorial_taskflow_templates.py
[2025-04-03T15:12:12.666+0000] {processor.py:914} INFO - Processing file /home/hamza/Documents/project/Mlops/myenv/lib/python3.12/site-packages/airflow/example_dags/tutorial_taskflow_templates.py for tasks to queue
[2025-04-03T15:12:12.669+0000] {logging_mixin.py:190} INFO - [2025-04-03T15:12:12.669+0000] {dagbag.py:588} INFO - Filling up the DagBag from /home/hamza/Documents/project/Mlops/myenv/lib/python3.12/site-packages/airflow/example_dags/tutorial_taskflow_templates.py
[2025-04-03T15:12:12.692+0000] {processor.py:925} INFO - DAG(s) 'tutorial_taskflow_templates' retrieved from /home/hamza/Documents/project/Mlops/myenv/lib/python3.12/site-packages/airflow/example_dags/tutorial_taskflow_templates.py
[2025-04-03T15:12:12.722+0000] {logging_mixin.py:190} INFO - [2025-04-03T15:12:12.721+0000] {dag.py:3239} INFO - Sync 1 DAGs
[2025-04-03T15:12:12.760+0000] {logging_mixin.py:190} INFO - [2025-04-03T15:12:12.760+0000] {dag.py:4180} INFO - Setting next_dagrun for tutorial_taskflow_templates to 2025-04-02 00:00:00+00:00, run_after=2025-04-03 00:00:00+00:00
[2025-04-03T15:12:12.796+0000] {processor.py:208} INFO - Processing /home/hamza/Documents/project/Mlops/myenv/lib/python3.12/site-packages/airflow/example_dags/tutorial_taskflow_templates.py took 0.143 seconds
[2025-04-03T15:13:00.203+0000] {processor.py:186} INFO - Started process (PID=38755) to work on /home/hamza/Documents/project/Mlops/myenv/lib/python3.12/site-packages/airflow/example_dags/tutorial_taskflow_templates.py
[2025-04-03T15:13:00.205+0000] {processor.py:914} INFO - Processing file /home/hamza/Documents/project/Mlops/myenv/lib/python3.12/site-packages/airflow/example_dags/tutorial_taskflow_templates.py for tasks to queue
[2025-04-03T15:13:00.209+0000] {logging_mixin.py:190} INFO - [2025-04-03T15:13:00.208+0000] {dagbag.py:588} INFO - Filling up the DagBag from /home/hamza/Documents/project/Mlops/myenv/lib/python3.12/site-packages/airflow/example_dags/tutorial_taskflow_templates.py
[2025-04-03T15:13:00.231+0000] {processor.py:925} INFO - DAG(s) 'tutorial_taskflow_templates' retrieved from /home/hamza/Documents/project/Mlops/myenv/lib/python3.12/site-packages/airflow/example_dags/tutorial_taskflow_templates.py
[2025-04-03T15:13:00.256+0000] {logging_mixin.py:190} INFO - [2025-04-03T15:13:00.256+0000] {dag.py:3239} INFO - Sync 1 DAGs
[2025-04-03T15:13:00.294+0000] {logging_mixin.py:190} INFO - [2025-04-03T15:13:00.293+0000] {dag.py:4180} INFO - Setting next_dagrun for tutorial_taskflow_templates to 2025-04-02 00:00:00+00:00, run_after=2025-04-03 00:00:00+00:00
[2025-04-03T15:13:00.335+0000] {processor.py:208} INFO - Processing /home/hamza/Documents/project/Mlops/myenv/lib/python3.12/site-packages/airflow/example_dags/tutorial_taskflow_templates.py took 0.141 seconds
[2025-04-03T15:13:50.569+0000] {processor.py:186} INFO - Started process (PID=39225) to work on /home/hamza/Documents/project/Mlops/myenv/lib/python3.12/site-packages/airflow/example_dags/tutorial_taskflow_templates.py
[2025-04-03T15:13:50.571+0000] {processor.py:914} INFO - Processing file /home/hamza/Documents/project/Mlops/myenv/lib/python3.12/site-packages/airflow/example_dags/tutorial_taskflow_templates.py for tasks to queue
[2025-04-03T15:13:50.575+0000] {logging_mixin.py:190} INFO - [2025-04-03T15:13:50.574+0000] {dagbag.py:588} INFO - Filling up the DagBag from /home/hamza/Documents/project/Mlops/myenv/lib/python3.12/site-packages/airflow/example_dags/tutorial_taskflow_templates.py
[2025-04-03T15:13:50.597+0000] {processor.py:925} INFO - DAG(s) 'tutorial_taskflow_templates' retrieved from /home/hamza/Documents/project/Mlops/myenv/lib/python3.12/site-packages/airflow/example_dags/tutorial_taskflow_templates.py
[2025-04-03T15:13:50.623+0000] {logging_mixin.py:190} INFO - [2025-04-03T15:13:50.622+0000] {dag.py:3239} INFO - Sync 1 DAGs
[2025-04-03T15:13:50.659+0000] {logging_mixin.py:190} INFO - [2025-04-03T15:13:50.659+0000] {dag.py:4180} INFO - Setting next_dagrun for tutorial_taskflow_templates to 2025-04-02 00:00:00+00:00, run_after=2025-04-03 00:00:00+00:00
[2025-04-03T15:13:50.694+0000] {processor.py:208} INFO - Processing /home/hamza/Documents/project/Mlops/myenv/lib/python3.12/site-packages/airflow/example_dags/tutorial_taskflow_templates.py took 0.134 seconds
[2025-04-03T15:15:23.229+0000] {processor.py:186} INFO - Started process (PID=40168) to work on /home/hamza/Documents/project/Mlops/myenv/lib/python3.12/site-packages/airflow/example_dags/tutorial_taskflow_templates.py
[2025-04-03T15:15:23.232+0000] {processor.py:914} INFO - Processing file /home/hamza/Documents/project/Mlops/myenv/lib/python3.12/site-packages/airflow/example_dags/tutorial_taskflow_templates.py for tasks to queue
[2025-04-03T15:15:23.236+0000] {logging_mixin.py:190} INFO - [2025-04-03T15:15:23.235+0000] {dagbag.py:588} INFO - Filling up the DagBag from /home/hamza/Documents/project/Mlops/myenv/lib/python3.12/site-packages/airflow/example_dags/tutorial_taskflow_templates.py
[2025-04-03T15:15:23.259+0000] {processor.py:925} INFO - DAG(s) 'tutorial_taskflow_templates' retrieved from /home/hamza/Documents/project/Mlops/myenv/lib/python3.12/site-packages/airflow/example_dags/tutorial_taskflow_templates.py
[2025-04-03T15:15:23.285+0000] {logging_mixin.py:190} INFO - [2025-04-03T15:15:23.285+0000] {dag.py:3239} INFO - Sync 1 DAGs
[2025-04-03T15:15:23.320+0000] {logging_mixin.py:190} INFO - [2025-04-03T15:15:23.319+0000] {dag.py:4180} INFO - Setting next_dagrun for tutorial_taskflow_templates to 2025-04-02 00:00:00+00:00, run_after=2025-04-03 00:00:00+00:00
[2025-04-03T15:15:23.358+0000] {processor.py:208} INFO - Processing /home/hamza/Documents/project/Mlops/myenv/lib/python3.12/site-packages/airflow/example_dags/tutorial_taskflow_templates.py took 0.138 seconds
[2025-04-03T15:16:13.328+0000] {processor.py:186} INFO - Started process (PID=40633) to work on /home/hamza/Documents/project/Mlops/myenv/lib/python3.12/site-packages/airflow/example_dags/tutorial_taskflow_templates.py
[2025-04-03T15:16:13.330+0000] {processor.py:914} INFO - Processing file /home/hamza/Documents/project/Mlops/myenv/lib/python3.12/site-packages/airflow/example_dags/tutorial_taskflow_templates.py for tasks to queue
[2025-04-03T15:16:13.333+0000] {logging_mixin.py:190} INFO - [2025-04-03T15:16:13.333+0000] {dagbag.py:588} INFO - Filling up the DagBag from /home/hamza/Documents/project/Mlops/myenv/lib/python3.12/site-packages/airflow/example_dags/tutorial_taskflow_templates.py
[2025-04-03T15:16:13.356+0000] {processor.py:925} INFO - DAG(s) 'tutorial_taskflow_templates' retrieved from /home/hamza/Documents/project/Mlops/myenv/lib/python3.12/site-packages/airflow/example_dags/tutorial_taskflow_templates.py
[2025-04-03T15:16:13.383+0000] {logging_mixin.py:190} INFO - [2025-04-03T15:16:13.382+0000] {dag.py:3239} INFO - Sync 1 DAGs
[2025-04-03T15:16:13.416+0000] {logging_mixin.py:190} INFO - [2025-04-03T15:16:13.416+0000] {dag.py:4180} INFO - Setting next_dagrun for tutorial_taskflow_templates to 2025-04-02 00:00:00+00:00, run_after=2025-04-03 00:00:00+00:00
[2025-04-03T15:16:13.451+0000] {processor.py:208} INFO - Processing /home/hamza/Documents/project/Mlops/myenv/lib/python3.12/site-packages/airflow/example_dags/tutorial_taskflow_templates.py took 0.131 seconds
