[2025-04-03T13:43:06.191+0000] {processor.py:186} INFO - Started process (PID=98005) to work on /home/hamza/Documents/project/Mlops/myenv/lib/python3.12/site-packages/airflow/example_dags/tutorial_taskflow_api.py
[2025-04-03T13:43:06.192+0000] {processor.py:914} INFO - Processing file /home/hamza/Documents/project/Mlops/myenv/lib/python3.12/site-packages/airflow/example_dags/tutorial_taskflow_api.py for tasks to queue
[2025-04-03T13:43:06.195+0000] {logging_mixin.py:190} INFO - [2025-04-03T13:43:06.194+0000] {dagbag.py:588} INFO - Filling up the DagBag from /home/hamza/Documents/project/Mlops/myenv/lib/python3.12/site-packages/airflow/example_dags/tutorial_taskflow_api.py
[2025-04-03T13:43:06.213+0000] {processor.py:925} INFO - DAG(s) 'tutorial_taskflow_api' retrieved from /home/hamza/Documents/project/Mlops/myenv/lib/python3.12/site-packages/airflow/example_dags/tutorial_taskflow_api.py
[2025-04-03T13:43:06.509+0000] {logging_mixin.py:190} INFO - [2025-04-03T13:43:06.507+0000] {override.py:1930} INFO - Created Permission View: can delete on DAG:tutorial_taskflow_api
[2025-04-03T13:43:06.559+0000] {logging_mixin.py:190} INFO - [2025-04-03T13:43:06.557+0000] {override.py:1930} INFO - Created Permission View: can read on DAG:tutorial_taskflow_api
[2025-04-03T13:43:06.585+0000] {logging_mixin.py:190} INFO - [2025-04-03T13:43:06.584+0000] {override.py:1930} INFO - Created Permission View: can edit on DAG:tutorial_taskflow_api
[2025-04-03T13:43:06.616+0000] {logging_mixin.py:190} INFO - [2025-04-03T13:43:06.615+0000] {override.py:1930} INFO - Created Permission View: can delete on DAG Run:tutorial_taskflow_api
[2025-04-03T13:43:06.651+0000] {logging_mixin.py:190} INFO - [2025-04-03T13:43:06.651+0000] {override.py:1930} INFO - Created Permission View: can read on DAG Run:tutorial_taskflow_api
[2025-04-03T13:43:06.677+0000] {logging_mixin.py:190} INFO - [2025-04-03T13:43:06.676+0000] {override.py:1930} INFO - Created Permission View: menu access on DAG Run:tutorial_taskflow_api
[2025-04-03T13:43:06.705+0000] {logging_mixin.py:190} INFO - [2025-04-03T13:43:06.705+0000] {override.py:1930} INFO - Created Permission View: can create on DAG Run:tutorial_taskflow_api
[2025-04-03T13:43:06.708+0000] {logging_mixin.py:190} INFO - [2025-04-03T13:43:06.708+0000] {dag.py:3239} INFO - Sync 1 DAGs
[2025-04-03T13:43:06.733+0000] {logging_mixin.py:190} INFO - [2025-04-03T13:43:06.733+0000] {dag.py:3262} INFO - Creating ORM DAG for tutorial_taskflow_api
[2025-04-03T13:43:06.735+0000] {logging_mixin.py:190} INFO - [2025-04-03T13:43:06.734+0000] {dag.py:4180} INFO - Setting next_dagrun for tutorial_taskflow_api to None, run_after=None
[2025-04-03T13:43:06.781+0000] {processor.py:208} INFO - Processing /home/hamza/Documents/project/Mlops/myenv/lib/python3.12/site-packages/airflow/example_dags/tutorial_taskflow_api.py took 0.599 seconds
[2025-04-03T13:44:28.234+0000] {processor.py:186} INFO - Started process (PID=99212) to work on /home/hamza/Documents/project/Mlops/myenv/lib/python3.12/site-packages/airflow/example_dags/tutorial_taskflow_api.py
[2025-04-03T13:44:28.236+0000] {processor.py:914} INFO - Processing file /home/hamza/Documents/project/Mlops/myenv/lib/python3.12/site-packages/airflow/example_dags/tutorial_taskflow_api.py for tasks to queue
[2025-04-03T13:44:28.239+0000] {logging_mixin.py:190} INFO - [2025-04-03T13:44:28.238+0000] {dagbag.py:588} INFO - Filling up the DagBag from /home/hamza/Documents/project/Mlops/myenv/lib/python3.12/site-packages/airflow/example_dags/tutorial_taskflow_api.py
[2025-04-03T13:44:28.255+0000] {processor.py:925} INFO - DAG(s) 'tutorial_taskflow_api' retrieved from /home/hamza/Documents/project/Mlops/myenv/lib/python3.12/site-packages/airflow/example_dags/tutorial_taskflow_api.py
[2025-04-03T13:44:28.282+0000] {logging_mixin.py:190} INFO - [2025-04-03T13:44:28.282+0000] {dag.py:3239} INFO - Sync 1 DAGs
[2025-04-03T13:44:28.304+0000] {logging_mixin.py:190} INFO - [2025-04-03T13:44:28.304+0000] {dag.py:4180} INFO - Setting next_dagrun for tutorial_taskflow_api to None, run_after=None
[2025-04-03T13:44:28.340+0000] {processor.py:208} INFO - Processing /home/hamza/Documents/project/Mlops/myenv/lib/python3.12/site-packages/airflow/example_dags/tutorial_taskflow_api.py took 0.116 seconds
[2025-04-03T13:45:08.205+0000] {processor.py:186} INFO - Started process (PID=99653) to work on /home/hamza/Documents/project/Mlops/myenv/lib/python3.12/site-packages/airflow/example_dags/tutorial_taskflow_api.py
[2025-04-03T13:45:08.206+0000] {processor.py:914} INFO - Processing file /home/hamza/Documents/project/Mlops/myenv/lib/python3.12/site-packages/airflow/example_dags/tutorial_taskflow_api.py for tasks to queue
[2025-04-03T13:45:08.209+0000] {logging_mixin.py:190} INFO - [2025-04-03T13:45:08.209+0000] {dagbag.py:588} INFO - Filling up the DagBag from /home/hamza/Documents/project/Mlops/myenv/lib/python3.12/site-packages/airflow/example_dags/tutorial_taskflow_api.py
[2025-04-03T13:45:08.223+0000] {processor.py:925} INFO - DAG(s) 'tutorial_taskflow_api' retrieved from /home/hamza/Documents/project/Mlops/myenv/lib/python3.12/site-packages/airflow/example_dags/tutorial_taskflow_api.py
[2025-04-03T13:45:08.249+0000] {logging_mixin.py:190} INFO - [2025-04-03T13:45:08.248+0000] {dag.py:3239} INFO - Sync 1 DAGs
[2025-04-03T13:45:08.270+0000] {logging_mixin.py:190} INFO - [2025-04-03T13:45:08.270+0000] {dag.py:4180} INFO - Setting next_dagrun for tutorial_taskflow_api to None, run_after=None
[2025-04-03T13:45:08.304+0000] {processor.py:208} INFO - Processing /home/hamza/Documents/project/Mlops/myenv/lib/python3.12/site-packages/airflow/example_dags/tutorial_taskflow_api.py took 0.109 seconds
[2025-04-03T13:46:15.030+0000] {processor.py:186} INFO - Started process (PID=100217) to work on /home/hamza/Documents/project/Mlops/myenv/lib/python3.12/site-packages/airflow/example_dags/tutorial_taskflow_api.py
[2025-04-03T13:46:15.032+0000] {processor.py:914} INFO - Processing file /home/hamza/Documents/project/Mlops/myenv/lib/python3.12/site-packages/airflow/example_dags/tutorial_taskflow_api.py for tasks to queue
[2025-04-03T13:46:15.036+0000] {logging_mixin.py:190} INFO - [2025-04-03T13:46:15.035+0000] {dagbag.py:588} INFO - Filling up the DagBag from /home/hamza/Documents/project/Mlops/myenv/lib/python3.12/site-packages/airflow/example_dags/tutorial_taskflow_api.py
[2025-04-03T13:46:15.050+0000] {processor.py:925} INFO - DAG(s) 'tutorial_taskflow_api' retrieved from /home/hamza/Documents/project/Mlops/myenv/lib/python3.12/site-packages/airflow/example_dags/tutorial_taskflow_api.py
[2025-04-03T13:46:15.077+0000] {logging_mixin.py:190} INFO - [2025-04-03T13:46:15.076+0000] {dag.py:3239} INFO - Sync 1 DAGs
[2025-04-03T13:46:15.097+0000] {logging_mixin.py:190} INFO - [2025-04-03T13:46:15.096+0000] {dag.py:4180} INFO - Setting next_dagrun for tutorial_taskflow_api to None, run_after=None
[2025-04-03T13:46:15.132+0000] {processor.py:208} INFO - Processing /home/hamza/Documents/project/Mlops/myenv/lib/python3.12/site-packages/airflow/example_dags/tutorial_taskflow_api.py took 0.113 seconds
[2025-04-03T13:47:20.911+0000] {processor.py:186} INFO - Started process (PID=100977) to work on /home/hamza/Documents/project/Mlops/myenv/lib/python3.12/site-packages/airflow/example_dags/tutorial_taskflow_api.py
[2025-04-03T13:47:20.914+0000] {processor.py:914} INFO - Processing file /home/hamza/Documents/project/Mlops/myenv/lib/python3.12/site-packages/airflow/example_dags/tutorial_taskflow_api.py for tasks to queue
[2025-04-03T13:47:20.918+0000] {logging_mixin.py:190} INFO - [2025-04-03T13:47:20.917+0000] {dagbag.py:588} INFO - Filling up the DagBag from /home/hamza/Documents/project/Mlops/myenv/lib/python3.12/site-packages/airflow/example_dags/tutorial_taskflow_api.py
[2025-04-03T13:47:20.935+0000] {processor.py:925} INFO - DAG(s) 'tutorial_taskflow_api' retrieved from /home/hamza/Documents/project/Mlops/myenv/lib/python3.12/site-packages/airflow/example_dags/tutorial_taskflow_api.py
[2025-04-03T13:47:20.960+0000] {logging_mixin.py:190} INFO - [2025-04-03T13:47:20.960+0000] {dag.py:3239} INFO - Sync 1 DAGs
[2025-04-03T13:47:20.980+0000] {logging_mixin.py:190} INFO - [2025-04-03T13:47:20.980+0000] {dag.py:4180} INFO - Setting next_dagrun for tutorial_taskflow_api to None, run_after=None
[2025-04-03T13:47:21.015+0000] {processor.py:208} INFO - Processing /home/hamza/Documents/project/Mlops/myenv/lib/python3.12/site-packages/airflow/example_dags/tutorial_taskflow_api.py took 0.115 seconds
[2025-04-03T13:49:25.587+0000] {processor.py:186} INFO - Started process (PID=102688) to work on /home/hamza/Documents/project/Mlops/myenv/lib/python3.12/site-packages/airflow/example_dags/tutorial_taskflow_api.py
[2025-04-03T13:49:25.589+0000] {processor.py:914} INFO - Processing file /home/hamza/Documents/project/Mlops/myenv/lib/python3.12/site-packages/airflow/example_dags/tutorial_taskflow_api.py for tasks to queue
[2025-04-03T13:49:25.593+0000] {logging_mixin.py:190} INFO - [2025-04-03T13:49:25.592+0000] {dagbag.py:588} INFO - Filling up the DagBag from /home/hamza/Documents/project/Mlops/myenv/lib/python3.12/site-packages/airflow/example_dags/tutorial_taskflow_api.py
[2025-04-03T13:49:25.607+0000] {processor.py:925} INFO - DAG(s) 'tutorial_taskflow_api' retrieved from /home/hamza/Documents/project/Mlops/myenv/lib/python3.12/site-packages/airflow/example_dags/tutorial_taskflow_api.py
[2025-04-03T13:49:25.647+0000] {logging_mixin.py:190} INFO - [2025-04-03T13:49:25.646+0000] {dag.py:3239} INFO - Sync 1 DAGs
[2025-04-03T13:49:25.667+0000] {logging_mixin.py:190} INFO - [2025-04-03T13:49:25.667+0000] {dag.py:4180} INFO - Setting next_dagrun for tutorial_taskflow_api to None, run_after=None
[2025-04-03T13:49:25.709+0000] {processor.py:208} INFO - Processing /home/hamza/Documents/project/Mlops/myenv/lib/python3.12/site-packages/airflow/example_dags/tutorial_taskflow_api.py took 0.130 seconds
[2025-04-03T13:50:44.906+0000] {processor.py:186} INFO - Started process (PID=103733) to work on /home/hamza/Documents/project/Mlops/myenv/lib/python3.12/site-packages/airflow/example_dags/tutorial_taskflow_api.py
[2025-04-03T13:50:44.911+0000] {processor.py:914} INFO - Processing file /home/hamza/Documents/project/Mlops/myenv/lib/python3.12/site-packages/airflow/example_dags/tutorial_taskflow_api.py for tasks to queue
[2025-04-03T13:50:44.915+0000] {logging_mixin.py:190} INFO - [2025-04-03T13:50:44.914+0000] {dagbag.py:588} INFO - Filling up the DagBag from /home/hamza/Documents/project/Mlops/myenv/lib/python3.12/site-packages/airflow/example_dags/tutorial_taskflow_api.py
[2025-04-03T13:50:44.929+0000] {processor.py:925} INFO - DAG(s) 'tutorial_taskflow_api' retrieved from /home/hamza/Documents/project/Mlops/myenv/lib/python3.12/site-packages/airflow/example_dags/tutorial_taskflow_api.py
[2025-04-03T13:50:44.958+0000] {logging_mixin.py:190} INFO - [2025-04-03T13:50:44.958+0000] {dag.py:3239} INFO - Sync 1 DAGs
[2025-04-03T13:50:44.980+0000] {logging_mixin.py:190} INFO - [2025-04-03T13:50:44.979+0000] {dag.py:4180} INFO - Setting next_dagrun for tutorial_taskflow_api to None, run_after=None
[2025-04-03T13:50:45.013+0000] {processor.py:208} INFO - Processing /home/hamza/Documents/project/Mlops/myenv/lib/python3.12/site-packages/airflow/example_dags/tutorial_taskflow_api.py took 0.116 seconds
[2025-04-03T13:51:31.919+0000] {processor.py:186} INFO - Started process (PID=104323) to work on /home/hamza/Documents/project/Mlops/myenv/lib/python3.12/site-packages/airflow/example_dags/tutorial_taskflow_api.py
[2025-04-03T13:51:31.920+0000] {processor.py:914} INFO - Processing file /home/hamza/Documents/project/Mlops/myenv/lib/python3.12/site-packages/airflow/example_dags/tutorial_taskflow_api.py for tasks to queue
[2025-04-03T13:51:31.923+0000] {logging_mixin.py:190} INFO - [2025-04-03T13:51:31.923+0000] {dagbag.py:588} INFO - Filling up the DagBag from /home/hamza/Documents/project/Mlops/myenv/lib/python3.12/site-packages/airflow/example_dags/tutorial_taskflow_api.py
[2025-04-03T13:51:31.939+0000] {processor.py:925} INFO - DAG(s) 'tutorial_taskflow_api' retrieved from /home/hamza/Documents/project/Mlops/myenv/lib/python3.12/site-packages/airflow/example_dags/tutorial_taskflow_api.py
[2025-04-03T13:51:31.969+0000] {logging_mixin.py:190} INFO - [2025-04-03T13:51:31.969+0000] {dag.py:3239} INFO - Sync 1 DAGs
[2025-04-03T13:51:31.990+0000] {logging_mixin.py:190} INFO - [2025-04-03T13:51:31.990+0000] {dag.py:4180} INFO - Setting next_dagrun for tutorial_taskflow_api to None, run_after=None
[2025-04-03T13:51:32.024+0000] {processor.py:208} INFO - Processing /home/hamza/Documents/project/Mlops/myenv/lib/python3.12/site-packages/airflow/example_dags/tutorial_taskflow_api.py took 0.115 seconds
[2025-04-03T13:52:21.909+0000] {processor.py:186} INFO - Started process (PID=104842) to work on /home/hamza/Documents/project/Mlops/myenv/lib/python3.12/site-packages/airflow/example_dags/tutorial_taskflow_api.py
[2025-04-03T13:52:21.913+0000] {processor.py:914} INFO - Processing file /home/hamza/Documents/project/Mlops/myenv/lib/python3.12/site-packages/airflow/example_dags/tutorial_taskflow_api.py for tasks to queue
[2025-04-03T13:52:21.917+0000] {logging_mixin.py:190} INFO - [2025-04-03T13:52:21.916+0000] {dagbag.py:588} INFO - Filling up the DagBag from /home/hamza/Documents/project/Mlops/myenv/lib/python3.12/site-packages/airflow/example_dags/tutorial_taskflow_api.py
[2025-04-03T13:52:21.941+0000] {processor.py:925} INFO - DAG(s) 'tutorial_taskflow_api' retrieved from /home/hamza/Documents/project/Mlops/myenv/lib/python3.12/site-packages/airflow/example_dags/tutorial_taskflow_api.py
[2025-04-03T13:52:21.984+0000] {logging_mixin.py:190} INFO - [2025-04-03T13:52:21.983+0000] {dag.py:3239} INFO - Sync 1 DAGs
[2025-04-03T13:52:22.025+0000] {logging_mixin.py:190} INFO - [2025-04-03T13:52:22.024+0000] {dag.py:4180} INFO - Setting next_dagrun for tutorial_taskflow_api to None, run_after=None
[2025-04-03T13:52:22.071+0000] {processor.py:208} INFO - Processing /home/hamza/Documents/project/Mlops/myenv/lib/python3.12/site-packages/airflow/example_dags/tutorial_taskflow_api.py took 0.171 seconds
[2025-04-03T13:53:12.888+0000] {processor.py:186} INFO - Started process (PID=105299) to work on /home/hamza/Documents/project/Mlops/myenv/lib/python3.12/site-packages/airflow/example_dags/tutorial_taskflow_api.py
[2025-04-03T13:53:12.890+0000] {processor.py:914} INFO - Processing file /home/hamza/Documents/project/Mlops/myenv/lib/python3.12/site-packages/airflow/example_dags/tutorial_taskflow_api.py for tasks to queue
[2025-04-03T13:53:12.893+0000] {logging_mixin.py:190} INFO - [2025-04-03T13:53:12.893+0000] {dagbag.py:588} INFO - Filling up the DagBag from /home/hamza/Documents/project/Mlops/myenv/lib/python3.12/site-packages/airflow/example_dags/tutorial_taskflow_api.py
[2025-04-03T13:53:12.909+0000] {processor.py:925} INFO - DAG(s) 'tutorial_taskflow_api' retrieved from /home/hamza/Documents/project/Mlops/myenv/lib/python3.12/site-packages/airflow/example_dags/tutorial_taskflow_api.py
[2025-04-03T13:53:12.934+0000] {logging_mixin.py:190} INFO - [2025-04-03T13:53:12.934+0000] {dag.py:3239} INFO - Sync 1 DAGs
[2025-04-03T13:53:12.956+0000] {logging_mixin.py:190} INFO - [2025-04-03T13:53:12.956+0000] {dag.py:4180} INFO - Setting next_dagrun for tutorial_taskflow_api to None, run_after=None
[2025-04-03T13:53:13.001+0000] {processor.py:208} INFO - Processing /home/hamza/Documents/project/Mlops/myenv/lib/python3.12/site-packages/airflow/example_dags/tutorial_taskflow_api.py took 0.122 seconds
[2025-04-03T13:54:01.548+0000] {processor.py:186} INFO - Started process (PID=105853) to work on /home/hamza/Documents/project/Mlops/myenv/lib/python3.12/site-packages/airflow/example_dags/tutorial_taskflow_api.py
[2025-04-03T13:54:01.550+0000] {processor.py:914} INFO - Processing file /home/hamza/Documents/project/Mlops/myenv/lib/python3.12/site-packages/airflow/example_dags/tutorial_taskflow_api.py for tasks to queue
[2025-04-03T13:54:01.555+0000] {logging_mixin.py:190} INFO - [2025-04-03T13:54:01.554+0000] {dagbag.py:588} INFO - Filling up the DagBag from /home/hamza/Documents/project/Mlops/myenv/lib/python3.12/site-packages/airflow/example_dags/tutorial_taskflow_api.py
[2025-04-03T13:54:01.575+0000] {processor.py:925} INFO - DAG(s) 'tutorial_taskflow_api' retrieved from /home/hamza/Documents/project/Mlops/myenv/lib/python3.12/site-packages/airflow/example_dags/tutorial_taskflow_api.py
[2025-04-03T13:54:01.605+0000] {logging_mixin.py:190} INFO - [2025-04-03T13:54:01.605+0000] {dag.py:3239} INFO - Sync 1 DAGs
[2025-04-03T13:54:01.628+0000] {logging_mixin.py:190} INFO - [2025-04-03T13:54:01.628+0000] {dag.py:4180} INFO - Setting next_dagrun for tutorial_taskflow_api to None, run_after=None
[2025-04-03T13:54:01.671+0000] {processor.py:208} INFO - Processing /home/hamza/Documents/project/Mlops/myenv/lib/python3.12/site-packages/airflow/example_dags/tutorial_taskflow_api.py took 0.134 seconds
[2025-04-03T13:57:45.763+0000] {processor.py:186} INFO - Started process (PID=108842) to work on /home/hamza/Documents/project/Mlops/myenv/lib/python3.12/site-packages/airflow/example_dags/tutorial_taskflow_api.py
[2025-04-03T13:57:45.764+0000] {processor.py:914} INFO - Processing file /home/hamza/Documents/project/Mlops/myenv/lib/python3.12/site-packages/airflow/example_dags/tutorial_taskflow_api.py for tasks to queue
[2025-04-03T13:57:45.767+0000] {logging_mixin.py:190} INFO - [2025-04-03T13:57:45.766+0000] {dagbag.py:588} INFO - Filling up the DagBag from /home/hamza/Documents/project/Mlops/myenv/lib/python3.12/site-packages/airflow/example_dags/tutorial_taskflow_api.py
[2025-04-03T13:57:45.781+0000] {processor.py:925} INFO - DAG(s) 'tutorial_taskflow_api' retrieved from /home/hamza/Documents/project/Mlops/myenv/lib/python3.12/site-packages/airflow/example_dags/tutorial_taskflow_api.py
[2025-04-03T13:57:45.835+0000] {logging_mixin.py:190} INFO - [2025-04-03T13:57:45.834+0000] {dag.py:3239} INFO - Sync 1 DAGs
[2025-04-03T13:57:45.854+0000] {logging_mixin.py:190} INFO - [2025-04-03T13:57:45.854+0000] {dag.py:4180} INFO - Setting next_dagrun for tutorial_taskflow_api to None, run_after=None
[2025-04-03T13:57:45.905+0000] {processor.py:208} INFO - Processing /home/hamza/Documents/project/Mlops/myenv/lib/python3.12/site-packages/airflow/example_dags/tutorial_taskflow_api.py took 0.152 seconds
[2025-04-03T13:58:54.226+0000] {processor.py:186} INFO - Started process (PID=109694) to work on /home/hamza/Documents/project/Mlops/myenv/lib/python3.12/site-packages/airflow/example_dags/tutorial_taskflow_api.py
[2025-04-03T13:58:54.229+0000] {processor.py:914} INFO - Processing file /home/hamza/Documents/project/Mlops/myenv/lib/python3.12/site-packages/airflow/example_dags/tutorial_taskflow_api.py for tasks to queue
[2025-04-03T13:58:54.234+0000] {logging_mixin.py:190} INFO - [2025-04-03T13:58:54.233+0000] {dagbag.py:588} INFO - Filling up the DagBag from /home/hamza/Documents/project/Mlops/myenv/lib/python3.12/site-packages/airflow/example_dags/tutorial_taskflow_api.py
[2025-04-03T13:58:54.250+0000] {processor.py:925} INFO - DAG(s) 'tutorial_taskflow_api' retrieved from /home/hamza/Documents/project/Mlops/myenv/lib/python3.12/site-packages/airflow/example_dags/tutorial_taskflow_api.py
[2025-04-03T13:58:54.295+0000] {logging_mixin.py:190} INFO - [2025-04-03T13:58:54.294+0000] {dag.py:3239} INFO - Sync 1 DAGs
[2025-04-03T13:58:54.315+0000] {logging_mixin.py:190} INFO - [2025-04-03T13:58:54.315+0000] {dag.py:4180} INFO - Setting next_dagrun for tutorial_taskflow_api to None, run_after=None
[2025-04-03T13:58:54.354+0000] {processor.py:208} INFO - Processing /home/hamza/Documents/project/Mlops/myenv/lib/python3.12/site-packages/airflow/example_dags/tutorial_taskflow_api.py took 0.138 seconds
[2025-04-03T14:09:47.576+0000] {processor.py:186} INFO - Started process (PID=117839) to work on /home/hamza/Documents/project/Mlops/myenv/lib/python3.12/site-packages/airflow/example_dags/tutorial_taskflow_api.py
[2025-04-03T14:09:47.579+0000] {processor.py:914} INFO - Processing file /home/hamza/Documents/project/Mlops/myenv/lib/python3.12/site-packages/airflow/example_dags/tutorial_taskflow_api.py for tasks to queue
[2025-04-03T14:09:47.581+0000] {logging_mixin.py:190} INFO - [2025-04-03T14:09:47.580+0000] {dagbag.py:588} INFO - Filling up the DagBag from /home/hamza/Documents/project/Mlops/myenv/lib/python3.12/site-packages/airflow/example_dags/tutorial_taskflow_api.py
[2025-04-03T14:09:47.592+0000] {processor.py:925} INFO - DAG(s) 'tutorial_taskflow_api' retrieved from /home/hamza/Documents/project/Mlops/myenv/lib/python3.12/site-packages/airflow/example_dags/tutorial_taskflow_api.py
[2025-04-03T14:09:47.630+0000] {logging_mixin.py:190} INFO - [2025-04-03T14:09:47.630+0000] {dag.py:3239} INFO - Sync 1 DAGs
[2025-04-03T14:09:47.655+0000] {logging_mixin.py:190} INFO - [2025-04-03T14:09:47.654+0000] {dag.py:4180} INFO - Setting next_dagrun for tutorial_taskflow_api to None, run_after=None
[2025-04-03T14:09:47.691+0000] {processor.py:208} INFO - Processing /home/hamza/Documents/project/Mlops/myenv/lib/python3.12/site-packages/airflow/example_dags/tutorial_taskflow_api.py took 0.124 seconds
[2025-04-03T14:11:02.161+0000] {processor.py:186} INFO - Started process (PID=118531) to work on /home/hamza/Documents/project/Mlops/myenv/lib/python3.12/site-packages/airflow/example_dags/tutorial_taskflow_api.py
[2025-04-03T14:11:02.163+0000] {processor.py:914} INFO - Processing file /home/hamza/Documents/project/Mlops/myenv/lib/python3.12/site-packages/airflow/example_dags/tutorial_taskflow_api.py for tasks to queue
[2025-04-03T14:11:02.166+0000] {logging_mixin.py:190} INFO - [2025-04-03T14:11:02.165+0000] {dagbag.py:588} INFO - Filling up the DagBag from /home/hamza/Documents/project/Mlops/myenv/lib/python3.12/site-packages/airflow/example_dags/tutorial_taskflow_api.py
[2025-04-03T14:11:02.177+0000] {processor.py:925} INFO - DAG(s) 'tutorial_taskflow_api' retrieved from /home/hamza/Documents/project/Mlops/myenv/lib/python3.12/site-packages/airflow/example_dags/tutorial_taskflow_api.py
[2025-04-03T14:11:02.204+0000] {logging_mixin.py:190} INFO - [2025-04-03T14:11:02.204+0000] {dag.py:3239} INFO - Sync 1 DAGs
[2025-04-03T14:11:02.223+0000] {logging_mixin.py:190} INFO - [2025-04-03T14:11:02.223+0000] {dag.py:4180} INFO - Setting next_dagrun for tutorial_taskflow_api to None, run_after=None
[2025-04-03T14:11:02.254+0000] {processor.py:208} INFO - Processing /home/hamza/Documents/project/Mlops/myenv/lib/python3.12/site-packages/airflow/example_dags/tutorial_taskflow_api.py took 0.104 seconds
[2025-04-03T14:11:51.128+0000] {processor.py:186} INFO - Started process (PID=118975) to work on /home/hamza/Documents/project/Mlops/myenv/lib/python3.12/site-packages/airflow/example_dags/tutorial_taskflow_api.py
[2025-04-03T14:11:51.130+0000] {processor.py:914} INFO - Processing file /home/hamza/Documents/project/Mlops/myenv/lib/python3.12/site-packages/airflow/example_dags/tutorial_taskflow_api.py for tasks to queue
[2025-04-03T14:11:51.133+0000] {logging_mixin.py:190} INFO - [2025-04-03T14:11:51.132+0000] {dagbag.py:588} INFO - Filling up the DagBag from /home/hamza/Documents/project/Mlops/myenv/lib/python3.12/site-packages/airflow/example_dags/tutorial_taskflow_api.py
[2025-04-03T14:11:51.148+0000] {processor.py:925} INFO - DAG(s) 'tutorial_taskflow_api' retrieved from /home/hamza/Documents/project/Mlops/myenv/lib/python3.12/site-packages/airflow/example_dags/tutorial_taskflow_api.py
[2025-04-03T14:11:51.175+0000] {logging_mixin.py:190} INFO - [2025-04-03T14:11:51.175+0000] {dag.py:3239} INFO - Sync 1 DAGs
[2025-04-03T14:11:51.196+0000] {logging_mixin.py:190} INFO - [2025-04-03T14:11:51.196+0000] {dag.py:4180} INFO - Setting next_dagrun for tutorial_taskflow_api to None, run_after=None
[2025-04-03T14:11:51.232+0000] {processor.py:208} INFO - Processing /home/hamza/Documents/project/Mlops/myenv/lib/python3.12/site-packages/airflow/example_dags/tutorial_taskflow_api.py took 0.115 seconds
[2025-04-03T14:12:42.540+0000] {processor.py:186} INFO - Started process (PID=119448) to work on /home/hamza/Documents/project/Mlops/myenv/lib/python3.12/site-packages/airflow/example_dags/tutorial_taskflow_api.py
[2025-04-03T14:12:42.544+0000] {processor.py:914} INFO - Processing file /home/hamza/Documents/project/Mlops/myenv/lib/python3.12/site-packages/airflow/example_dags/tutorial_taskflow_api.py for tasks to queue
[2025-04-03T14:12:42.547+0000] {logging_mixin.py:190} INFO - [2025-04-03T14:12:42.546+0000] {dagbag.py:588} INFO - Filling up the DagBag from /home/hamza/Documents/project/Mlops/myenv/lib/python3.12/site-packages/airflow/example_dags/tutorial_taskflow_api.py
[2025-04-03T14:12:42.561+0000] {processor.py:925} INFO - DAG(s) 'tutorial_taskflow_api' retrieved from /home/hamza/Documents/project/Mlops/myenv/lib/python3.12/site-packages/airflow/example_dags/tutorial_taskflow_api.py
[2025-04-03T14:12:42.589+0000] {logging_mixin.py:190} INFO - [2025-04-03T14:12:42.589+0000] {dag.py:3239} INFO - Sync 1 DAGs
[2025-04-03T14:12:42.608+0000] {logging_mixin.py:190} INFO - [2025-04-03T14:12:42.608+0000] {dag.py:4180} INFO - Setting next_dagrun for tutorial_taskflow_api to None, run_after=None
[2025-04-03T14:12:42.641+0000] {processor.py:208} INFO - Processing /home/hamza/Documents/project/Mlops/myenv/lib/python3.12/site-packages/airflow/example_dags/tutorial_taskflow_api.py took 0.111 seconds
[2025-04-03T14:13:35.448+0000] {processor.py:186} INFO - Started process (PID=119946) to work on /home/hamza/Documents/project/Mlops/myenv/lib/python3.12/site-packages/airflow/example_dags/tutorial_taskflow_api.py
[2025-04-03T14:13:35.450+0000] {processor.py:914} INFO - Processing file /home/hamza/Documents/project/Mlops/myenv/lib/python3.12/site-packages/airflow/example_dags/tutorial_taskflow_api.py for tasks to queue
[2025-04-03T14:13:35.454+0000] {logging_mixin.py:190} INFO - [2025-04-03T14:13:35.453+0000] {dagbag.py:588} INFO - Filling up the DagBag from /home/hamza/Documents/project/Mlops/myenv/lib/python3.12/site-packages/airflow/example_dags/tutorial_taskflow_api.py
[2025-04-03T14:13:35.468+0000] {processor.py:925} INFO - DAG(s) 'tutorial_taskflow_api' retrieved from /home/hamza/Documents/project/Mlops/myenv/lib/python3.12/site-packages/airflow/example_dags/tutorial_taskflow_api.py
[2025-04-03T14:13:35.501+0000] {logging_mixin.py:190} INFO - [2025-04-03T14:13:35.501+0000] {dag.py:3239} INFO - Sync 1 DAGs
[2025-04-03T14:13:35.523+0000] {logging_mixin.py:190} INFO - [2025-04-03T14:13:35.522+0000] {dag.py:4180} INFO - Setting next_dagrun for tutorial_taskflow_api to None, run_after=None
[2025-04-03T14:13:35.559+0000] {processor.py:208} INFO - Processing /home/hamza/Documents/project/Mlops/myenv/lib/python3.12/site-packages/airflow/example_dags/tutorial_taskflow_api.py took 0.125 seconds
[2025-04-03T14:18:26.241+0000] {processor.py:186} INFO - Started process (PID=122192) to work on /home/hamza/Documents/project/Mlops/myenv/lib/python3.12/site-packages/airflow/example_dags/tutorial_taskflow_api.py
[2025-04-03T14:18:26.243+0000] {processor.py:914} INFO - Processing file /home/hamza/Documents/project/Mlops/myenv/lib/python3.12/site-packages/airflow/example_dags/tutorial_taskflow_api.py for tasks to queue
[2025-04-03T14:18:26.246+0000] {logging_mixin.py:190} INFO - [2025-04-03T14:18:26.245+0000] {dagbag.py:588} INFO - Filling up the DagBag from /home/hamza/Documents/project/Mlops/myenv/lib/python3.12/site-packages/airflow/example_dags/tutorial_taskflow_api.py
[2025-04-03T14:18:26.259+0000] {processor.py:925} INFO - DAG(s) 'tutorial_taskflow_api' retrieved from /home/hamza/Documents/project/Mlops/myenv/lib/python3.12/site-packages/airflow/example_dags/tutorial_taskflow_api.py
[2025-04-03T14:18:26.297+0000] {logging_mixin.py:190} INFO - [2025-04-03T14:18:26.296+0000] {dag.py:3239} INFO - Sync 1 DAGs
[2025-04-03T14:18:26.318+0000] {logging_mixin.py:190} INFO - [2025-04-03T14:18:26.317+0000] {dag.py:4180} INFO - Setting next_dagrun for tutorial_taskflow_api to None, run_after=None
[2025-04-03T14:18:26.360+0000] {processor.py:208} INFO - Processing /home/hamza/Documents/project/Mlops/myenv/lib/python3.12/site-packages/airflow/example_dags/tutorial_taskflow_api.py took 0.129 seconds
[2025-04-03T14:19:40.760+0000] {processor.py:186} INFO - Started process (PID=122908) to work on /home/hamza/Documents/project/Mlops/myenv/lib/python3.12/site-packages/airflow/example_dags/tutorial_taskflow_api.py
[2025-04-03T14:19:40.762+0000] {processor.py:914} INFO - Processing file /home/hamza/Documents/project/Mlops/myenv/lib/python3.12/site-packages/airflow/example_dags/tutorial_taskflow_api.py for tasks to queue
[2025-04-03T14:19:40.764+0000] {logging_mixin.py:190} INFO - [2025-04-03T14:19:40.763+0000] {dagbag.py:588} INFO - Filling up the DagBag from /home/hamza/Documents/project/Mlops/myenv/lib/python3.12/site-packages/airflow/example_dags/tutorial_taskflow_api.py
[2025-04-03T14:19:40.776+0000] {processor.py:925} INFO - DAG(s) 'tutorial_taskflow_api' retrieved from /home/hamza/Documents/project/Mlops/myenv/lib/python3.12/site-packages/airflow/example_dags/tutorial_taskflow_api.py
[2025-04-03T14:19:40.805+0000] {logging_mixin.py:190} INFO - [2025-04-03T14:19:40.805+0000] {dag.py:3239} INFO - Sync 1 DAGs
[2025-04-03T14:19:40.829+0000] {logging_mixin.py:190} INFO - [2025-04-03T14:19:40.829+0000] {dag.py:4180} INFO - Setting next_dagrun for tutorial_taskflow_api to None, run_after=None
[2025-04-03T14:19:40.864+0000] {processor.py:208} INFO - Processing /home/hamza/Documents/project/Mlops/myenv/lib/python3.12/site-packages/airflow/example_dags/tutorial_taskflow_api.py took 0.112 seconds
[2025-04-03T15:07:57.784+0000] {processor.py:186} INFO - Started process (PID=35628) to work on /home/hamza/Documents/project/Mlops/myenv/lib/python3.12/site-packages/airflow/example_dags/tutorial_taskflow_api.py
[2025-04-03T15:07:57.787+0000] {processor.py:914} INFO - Processing file /home/hamza/Documents/project/Mlops/myenv/lib/python3.12/site-packages/airflow/example_dags/tutorial_taskflow_api.py for tasks to queue
[2025-04-03T15:07:57.792+0000] {logging_mixin.py:190} INFO - [2025-04-03T15:07:57.791+0000] {dagbag.py:588} INFO - Filling up the DagBag from /home/hamza/Documents/project/Mlops/myenv/lib/python3.12/site-packages/airflow/example_dags/tutorial_taskflow_api.py
[2025-04-03T15:07:57.806+0000] {processor.py:925} INFO - DAG(s) 'tutorial_taskflow_api' retrieved from /home/hamza/Documents/project/Mlops/myenv/lib/python3.12/site-packages/airflow/example_dags/tutorial_taskflow_api.py
[2025-04-03T15:07:57.844+0000] {logging_mixin.py:190} INFO - [2025-04-03T15:07:57.844+0000] {dag.py:3239} INFO - Sync 1 DAGs
[2025-04-03T15:07:57.868+0000] {logging_mixin.py:190} INFO - [2025-04-03T15:07:57.867+0000] {dag.py:4180} INFO - Setting next_dagrun for tutorial_taskflow_api to None, run_after=None
[2025-04-03T15:07:57.915+0000] {processor.py:208} INFO - Processing /home/hamza/Documents/project/Mlops/myenv/lib/python3.12/site-packages/airflow/example_dags/tutorial_taskflow_api.py took 0.140 seconds
[2025-04-03T15:09:12.882+0000] {processor.py:186} INFO - Started process (PID=36663) to work on /home/hamza/Documents/project/Mlops/myenv/lib/python3.12/site-packages/airflow/example_dags/tutorial_taskflow_api.py
[2025-04-03T15:09:12.883+0000] {processor.py:914} INFO - Processing file /home/hamza/Documents/project/Mlops/myenv/lib/python3.12/site-packages/airflow/example_dags/tutorial_taskflow_api.py for tasks to queue
[2025-04-03T15:09:12.887+0000] {logging_mixin.py:190} INFO - [2025-04-03T15:09:12.887+0000] {dagbag.py:588} INFO - Filling up the DagBag from /home/hamza/Documents/project/Mlops/myenv/lib/python3.12/site-packages/airflow/example_dags/tutorial_taskflow_api.py
[2025-04-03T15:09:12.903+0000] {processor.py:925} INFO - DAG(s) 'tutorial_taskflow_api' retrieved from /home/hamza/Documents/project/Mlops/myenv/lib/python3.12/site-packages/airflow/example_dags/tutorial_taskflow_api.py
[2025-04-03T15:09:12.928+0000] {logging_mixin.py:190} INFO - [2025-04-03T15:09:12.928+0000] {dag.py:3239} INFO - Sync 1 DAGs
[2025-04-03T15:09:12.949+0000] {logging_mixin.py:190} INFO - [2025-04-03T15:09:12.949+0000] {dag.py:4180} INFO - Setting next_dagrun for tutorial_taskflow_api to None, run_after=None
[2025-04-03T15:09:12.983+0000] {processor.py:208} INFO - Processing /home/hamza/Documents/project/Mlops/myenv/lib/python3.12/site-packages/airflow/example_dags/tutorial_taskflow_api.py took 0.110 seconds
[2025-04-03T15:10:42.987+0000] {processor.py:186} INFO - Started process (PID=37514) to work on /home/hamza/Documents/project/Mlops/myenv/lib/python3.12/site-packages/airflow/example_dags/tutorial_taskflow_api.py
[2025-04-03T15:10:42.990+0000] {processor.py:914} INFO - Processing file /home/hamza/Documents/project/Mlops/myenv/lib/python3.12/site-packages/airflow/example_dags/tutorial_taskflow_api.py for tasks to queue
[2025-04-03T15:10:42.994+0000] {logging_mixin.py:190} INFO - [2025-04-03T15:10:42.993+0000] {dagbag.py:588} INFO - Filling up the DagBag from /home/hamza/Documents/project/Mlops/myenv/lib/python3.12/site-packages/airflow/example_dags/tutorial_taskflow_api.py
[2025-04-03T15:10:43.006+0000] {processor.py:925} INFO - DAG(s) 'tutorial_taskflow_api' retrieved from /home/hamza/Documents/project/Mlops/myenv/lib/python3.12/site-packages/airflow/example_dags/tutorial_taskflow_api.py
[2025-04-03T15:10:43.027+0000] {logging_mixin.py:190} INFO - [2025-04-03T15:10:43.027+0000] {dag.py:3239} INFO - Sync 1 DAGs
[2025-04-03T15:10:43.045+0000] {logging_mixin.py:190} INFO - [2025-04-03T15:10:43.045+0000] {dag.py:4180} INFO - Setting next_dagrun for tutorial_taskflow_api to None, run_after=None
[2025-04-03T15:10:43.075+0000] {processor.py:208} INFO - Processing /home/hamza/Documents/project/Mlops/myenv/lib/python3.12/site-packages/airflow/example_dags/tutorial_taskflow_api.py took 0.095 seconds
[2025-04-03T15:12:10.140+0000] {processor.py:186} INFO - Started process (PID=38303) to work on /home/hamza/Documents/project/Mlops/myenv/lib/python3.12/site-packages/airflow/example_dags/tutorial_taskflow_api.py
[2025-04-03T15:12:10.147+0000] {processor.py:914} INFO - Processing file /home/hamza/Documents/project/Mlops/myenv/lib/python3.12/site-packages/airflow/example_dags/tutorial_taskflow_api.py for tasks to queue
[2025-04-03T15:12:10.151+0000] {logging_mixin.py:190} INFO - [2025-04-03T15:12:10.150+0000] {dagbag.py:588} INFO - Filling up the DagBag from /home/hamza/Documents/project/Mlops/myenv/lib/python3.12/site-packages/airflow/example_dags/tutorial_taskflow_api.py
[2025-04-03T15:12:10.166+0000] {processor.py:925} INFO - DAG(s) 'tutorial_taskflow_api' retrieved from /home/hamza/Documents/project/Mlops/myenv/lib/python3.12/site-packages/airflow/example_dags/tutorial_taskflow_api.py
[2025-04-03T15:12:10.193+0000] {logging_mixin.py:190} INFO - [2025-04-03T15:12:10.193+0000] {dag.py:3239} INFO - Sync 1 DAGs
[2025-04-03T15:12:10.214+0000] {logging_mixin.py:190} INFO - [2025-04-03T15:12:10.213+0000] {dag.py:4180} INFO - Setting next_dagrun for tutorial_taskflow_api to None, run_after=None
[2025-04-03T15:12:10.251+0000] {processor.py:208} INFO - Processing /home/hamza/Documents/project/Mlops/myenv/lib/python3.12/site-packages/airflow/example_dags/tutorial_taskflow_api.py took 0.121 seconds
[2025-04-03T15:12:57.675+0000] {processor.py:186} INFO - Started process (PID=38737) to work on /home/hamza/Documents/project/Mlops/myenv/lib/python3.12/site-packages/airflow/example_dags/tutorial_taskflow_api.py
[2025-04-03T15:12:57.677+0000] {processor.py:914} INFO - Processing file /home/hamza/Documents/project/Mlops/myenv/lib/python3.12/site-packages/airflow/example_dags/tutorial_taskflow_api.py for tasks to queue
[2025-04-03T15:12:57.682+0000] {logging_mixin.py:190} INFO - [2025-04-03T15:12:57.681+0000] {dagbag.py:588} INFO - Filling up the DagBag from /home/hamza/Documents/project/Mlops/myenv/lib/python3.12/site-packages/airflow/example_dags/tutorial_taskflow_api.py
[2025-04-03T15:12:57.698+0000] {processor.py:925} INFO - DAG(s) 'tutorial_taskflow_api' retrieved from /home/hamza/Documents/project/Mlops/myenv/lib/python3.12/site-packages/airflow/example_dags/tutorial_taskflow_api.py
[2025-04-03T15:12:57.723+0000] {logging_mixin.py:190} INFO - [2025-04-03T15:12:57.722+0000] {dag.py:3239} INFO - Sync 1 DAGs
[2025-04-03T15:12:57.743+0000] {logging_mixin.py:190} INFO - [2025-04-03T15:12:57.742+0000] {dag.py:4180} INFO - Setting next_dagrun for tutorial_taskflow_api to None, run_after=None
[2025-04-03T15:12:57.781+0000] {processor.py:208} INFO - Processing /home/hamza/Documents/project/Mlops/myenv/lib/python3.12/site-packages/airflow/example_dags/tutorial_taskflow_api.py took 0.114 seconds
[2025-04-03T15:13:48.050+0000] {processor.py:186} INFO - Started process (PID=39207) to work on /home/hamza/Documents/project/Mlops/myenv/lib/python3.12/site-packages/airflow/example_dags/tutorial_taskflow_api.py
[2025-04-03T15:13:48.053+0000] {processor.py:914} INFO - Processing file /home/hamza/Documents/project/Mlops/myenv/lib/python3.12/site-packages/airflow/example_dags/tutorial_taskflow_api.py for tasks to queue
[2025-04-03T15:13:48.056+0000] {logging_mixin.py:190} INFO - [2025-04-03T15:13:48.056+0000] {dagbag.py:588} INFO - Filling up the DagBag from /home/hamza/Documents/project/Mlops/myenv/lib/python3.12/site-packages/airflow/example_dags/tutorial_taskflow_api.py
[2025-04-03T15:13:48.071+0000] {processor.py:925} INFO - DAG(s) 'tutorial_taskflow_api' retrieved from /home/hamza/Documents/project/Mlops/myenv/lib/python3.12/site-packages/airflow/example_dags/tutorial_taskflow_api.py
[2025-04-03T15:13:48.097+0000] {logging_mixin.py:190} INFO - [2025-04-03T15:13:48.096+0000] {dag.py:3239} INFO - Sync 1 DAGs
[2025-04-03T15:13:48.119+0000] {logging_mixin.py:190} INFO - [2025-04-03T15:13:48.119+0000] {dag.py:4180} INFO - Setting next_dagrun for tutorial_taskflow_api to None, run_after=None
[2025-04-03T15:13:48.156+0000] {processor.py:208} INFO - Processing /home/hamza/Documents/project/Mlops/myenv/lib/python3.12/site-packages/airflow/example_dags/tutorial_taskflow_api.py took 0.115 seconds
[2025-04-03T15:14:35.440+0000] {processor.py:186} INFO - Started process (PID=39663) to work on /home/hamza/Documents/project/Mlops/myenv/lib/python3.12/site-packages/airflow/example_dags/tutorial_taskflow_api.py
[2025-04-03T15:14:35.442+0000] {processor.py:914} INFO - Processing file /home/hamza/Documents/project/Mlops/myenv/lib/python3.12/site-packages/airflow/example_dags/tutorial_taskflow_api.py for tasks to queue
[2025-04-03T15:14:35.446+0000] {logging_mixin.py:190} INFO - [2025-04-03T15:14:35.445+0000] {dagbag.py:588} INFO - Filling up the DagBag from /home/hamza/Documents/project/Mlops/myenv/lib/python3.12/site-packages/airflow/example_dags/tutorial_taskflow_api.py
[2025-04-03T15:14:35.461+0000] {processor.py:925} INFO - DAG(s) 'tutorial_taskflow_api' retrieved from /home/hamza/Documents/project/Mlops/myenv/lib/python3.12/site-packages/airflow/example_dags/tutorial_taskflow_api.py
[2025-04-03T15:14:35.487+0000] {logging_mixin.py:190} INFO - [2025-04-03T15:14:35.486+0000] {dag.py:3239} INFO - Sync 1 DAGs
[2025-04-03T15:14:35.508+0000] {logging_mixin.py:190} INFO - [2025-04-03T15:14:35.507+0000] {dag.py:4180} INFO - Setting next_dagrun for tutorial_taskflow_api to None, run_after=None
[2025-04-03T15:14:35.543+0000] {processor.py:208} INFO - Processing /home/hamza/Documents/project/Mlops/myenv/lib/python3.12/site-packages/airflow/example_dags/tutorial_taskflow_api.py took 0.111 seconds
[2025-04-03T15:15:21.972+0000] {processor.py:186} INFO - Started process (PID=40151) to work on /home/hamza/Documents/project/Mlops/myenv/lib/python3.12/site-packages/airflow/example_dags/tutorial_taskflow_api.py
[2025-04-03T15:15:21.974+0000] {processor.py:914} INFO - Processing file /home/hamza/Documents/project/Mlops/myenv/lib/python3.12/site-packages/airflow/example_dags/tutorial_taskflow_api.py for tasks to queue
[2025-04-03T15:15:21.978+0000] {logging_mixin.py:190} INFO - [2025-04-03T15:15:21.977+0000] {dagbag.py:588} INFO - Filling up the DagBag from /home/hamza/Documents/project/Mlops/myenv/lib/python3.12/site-packages/airflow/example_dags/tutorial_taskflow_api.py
[2025-04-03T15:15:21.992+0000] {processor.py:925} INFO - DAG(s) 'tutorial_taskflow_api' retrieved from /home/hamza/Documents/project/Mlops/myenv/lib/python3.12/site-packages/airflow/example_dags/tutorial_taskflow_api.py
[2025-04-03T15:15:22.019+0000] {logging_mixin.py:190} INFO - [2025-04-03T15:15:22.018+0000] {dag.py:3239} INFO - Sync 1 DAGs
[2025-04-03T15:15:22.045+0000] {logging_mixin.py:190} INFO - [2025-04-03T15:15:22.044+0000] {dag.py:4180} INFO - Setting next_dagrun for tutorial_taskflow_api to None, run_after=None
[2025-04-03T15:15:22.079+0000] {processor.py:208} INFO - Processing /home/hamza/Documents/project/Mlops/myenv/lib/python3.12/site-packages/airflow/example_dags/tutorial_taskflow_api.py took 0.116 seconds
[2025-04-03T15:16:10.815+0000] {processor.py:186} INFO - Started process (PID=40606) to work on /home/hamza/Documents/project/Mlops/myenv/lib/python3.12/site-packages/airflow/example_dags/tutorial_taskflow_api.py
[2025-04-03T15:16:10.818+0000] {processor.py:914} INFO - Processing file /home/hamza/Documents/project/Mlops/myenv/lib/python3.12/site-packages/airflow/example_dags/tutorial_taskflow_api.py for tasks to queue
[2025-04-03T15:16:10.822+0000] {logging_mixin.py:190} INFO - [2025-04-03T15:16:10.821+0000] {dagbag.py:588} INFO - Filling up the DagBag from /home/hamza/Documents/project/Mlops/myenv/lib/python3.12/site-packages/airflow/example_dags/tutorial_taskflow_api.py
[2025-04-03T15:16:10.837+0000] {processor.py:925} INFO - DAG(s) 'tutorial_taskflow_api' retrieved from /home/hamza/Documents/project/Mlops/myenv/lib/python3.12/site-packages/airflow/example_dags/tutorial_taskflow_api.py
[2025-04-03T15:16:10.863+0000] {logging_mixin.py:190} INFO - [2025-04-03T15:16:10.862+0000] {dag.py:3239} INFO - Sync 1 DAGs
[2025-04-03T15:16:10.884+0000] {logging_mixin.py:190} INFO - [2025-04-03T15:16:10.884+0000] {dag.py:4180} INFO - Setting next_dagrun for tutorial_taskflow_api to None, run_after=None
[2025-04-03T15:16:10.916+0000] {processor.py:208} INFO - Processing /home/hamza/Documents/project/Mlops/myenv/lib/python3.12/site-packages/airflow/example_dags/tutorial_taskflow_api.py took 0.110 seconds
[2025-04-03T15:17:00.371+0000] {processor.py:186} INFO - Started process (PID=41111) to work on /home/hamza/Documents/project/Mlops/myenv/lib/python3.12/site-packages/airflow/example_dags/tutorial_taskflow_api.py
[2025-04-03T15:17:00.376+0000] {processor.py:914} INFO - Processing file /home/hamza/Documents/project/Mlops/myenv/lib/python3.12/site-packages/airflow/example_dags/tutorial_taskflow_api.py for tasks to queue
[2025-04-03T15:17:00.380+0000] {logging_mixin.py:190} INFO - [2025-04-03T15:17:00.379+0000] {dagbag.py:588} INFO - Filling up the DagBag from /home/hamza/Documents/project/Mlops/myenv/lib/python3.12/site-packages/airflow/example_dags/tutorial_taskflow_api.py
[2025-04-03T15:17:00.394+0000] {processor.py:925} INFO - DAG(s) 'tutorial_taskflow_api' retrieved from /home/hamza/Documents/project/Mlops/myenv/lib/python3.12/site-packages/airflow/example_dags/tutorial_taskflow_api.py
[2025-04-03T15:17:00.424+0000] {logging_mixin.py:190} INFO - [2025-04-03T15:17:00.423+0000] {dag.py:3239} INFO - Sync 1 DAGs
[2025-04-03T15:17:00.443+0000] {logging_mixin.py:190} INFO - [2025-04-03T15:17:00.442+0000] {dag.py:4180} INFO - Setting next_dagrun for tutorial_taskflow_api to None, run_after=None
[2025-04-03T15:17:00.473+0000] {processor.py:208} INFO - Processing /home/hamza/Documents/project/Mlops/myenv/lib/python3.12/site-packages/airflow/example_dags/tutorial_taskflow_api.py took 0.109 seconds
[2025-04-03T15:17:50.732+0000] {processor.py:186} INFO - Started process (PID=41676) to work on /home/hamza/Documents/project/Mlops/myenv/lib/python3.12/site-packages/airflow/example_dags/tutorial_taskflow_api.py
[2025-04-03T15:17:50.734+0000] {processor.py:914} INFO - Processing file /home/hamza/Documents/project/Mlops/myenv/lib/python3.12/site-packages/airflow/example_dags/tutorial_taskflow_api.py for tasks to queue
[2025-04-03T15:17:50.737+0000] {logging_mixin.py:190} INFO - [2025-04-03T15:17:50.737+0000] {dagbag.py:588} INFO - Filling up the DagBag from /home/hamza/Documents/project/Mlops/myenv/lib/python3.12/site-packages/airflow/example_dags/tutorial_taskflow_api.py
[2025-04-03T15:17:50.753+0000] {processor.py:925} INFO - DAG(s) 'tutorial_taskflow_api' retrieved from /home/hamza/Documents/project/Mlops/myenv/lib/python3.12/site-packages/airflow/example_dags/tutorial_taskflow_api.py
[2025-04-03T15:17:50.776+0000] {logging_mixin.py:190} INFO - [2025-04-03T15:17:50.776+0000] {dag.py:3239} INFO - Sync 1 DAGs
[2025-04-03T15:17:50.795+0000] {logging_mixin.py:190} INFO - [2025-04-03T15:17:50.795+0000] {dag.py:4180} INFO - Setting next_dagrun for tutorial_taskflow_api to None, run_after=None
[2025-04-03T15:17:50.825+0000] {processor.py:208} INFO - Processing /home/hamza/Documents/project/Mlops/myenv/lib/python3.12/site-packages/airflow/example_dags/tutorial_taskflow_api.py took 0.101 seconds
[2025-04-03T15:18:37.356+0000] {processor.py:186} INFO - Started process (PID=42130) to work on /home/hamza/Documents/project/Mlops/myenv/lib/python3.12/site-packages/airflow/example_dags/tutorial_taskflow_api.py
[2025-04-03T15:18:37.359+0000] {processor.py:914} INFO - Processing file /home/hamza/Documents/project/Mlops/myenv/lib/python3.12/site-packages/airflow/example_dags/tutorial_taskflow_api.py for tasks to queue
[2025-04-03T15:18:37.363+0000] {logging_mixin.py:190} INFO - [2025-04-03T15:18:37.362+0000] {dagbag.py:588} INFO - Filling up the DagBag from /home/hamza/Documents/project/Mlops/myenv/lib/python3.12/site-packages/airflow/example_dags/tutorial_taskflow_api.py
[2025-04-03T15:18:37.378+0000] {processor.py:925} INFO - DAG(s) 'tutorial_taskflow_api' retrieved from /home/hamza/Documents/project/Mlops/myenv/lib/python3.12/site-packages/airflow/example_dags/tutorial_taskflow_api.py
[2025-04-03T15:18:37.404+0000] {logging_mixin.py:190} INFO - [2025-04-03T15:18:37.404+0000] {dag.py:3239} INFO - Sync 1 DAGs
[2025-04-03T15:18:37.425+0000] {logging_mixin.py:190} INFO - [2025-04-03T15:18:37.424+0000] {dag.py:4180} INFO - Setting next_dagrun for tutorial_taskflow_api to None, run_after=None
[2025-04-03T15:18:37.460+0000] {processor.py:208} INFO - Processing /home/hamza/Documents/project/Mlops/myenv/lib/python3.12/site-packages/airflow/example_dags/tutorial_taskflow_api.py took 0.114 seconds
[2025-04-03T15:19:22.469+0000] {processor.py:186} INFO - Started process (PID=42559) to work on /home/hamza/Documents/project/Mlops/myenv/lib/python3.12/site-packages/airflow/example_dags/tutorial_taskflow_api.py
[2025-04-03T15:19:22.471+0000] {processor.py:914} INFO - Processing file /home/hamza/Documents/project/Mlops/myenv/lib/python3.12/site-packages/airflow/example_dags/tutorial_taskflow_api.py for tasks to queue
[2025-04-03T15:19:22.475+0000] {logging_mixin.py:190} INFO - [2025-04-03T15:19:22.474+0000] {dagbag.py:588} INFO - Filling up the DagBag from /home/hamza/Documents/project/Mlops/myenv/lib/python3.12/site-packages/airflow/example_dags/tutorial_taskflow_api.py
[2025-04-03T15:19:22.490+0000] {processor.py:925} INFO - DAG(s) 'tutorial_taskflow_api' retrieved from /home/hamza/Documents/project/Mlops/myenv/lib/python3.12/site-packages/airflow/example_dags/tutorial_taskflow_api.py
[2025-04-03T15:19:22.515+0000] {logging_mixin.py:190} INFO - [2025-04-03T15:19:22.514+0000] {dag.py:3239} INFO - Sync 1 DAGs
[2025-04-03T15:19:22.535+0000] {logging_mixin.py:190} INFO - [2025-04-03T15:19:22.535+0000] {dag.py:4180} INFO - Setting next_dagrun for tutorial_taskflow_api to None, run_after=None
[2025-04-03T15:19:22.569+0000] {processor.py:208} INFO - Processing /home/hamza/Documents/project/Mlops/myenv/lib/python3.12/site-packages/airflow/example_dags/tutorial_taskflow_api.py took 0.109 seconds
[2025-04-03T15:20:08.125+0000] {processor.py:186} INFO - Started process (PID=43136) to work on /home/hamza/Documents/project/Mlops/myenv/lib/python3.12/site-packages/airflow/example_dags/tutorial_taskflow_api.py
[2025-04-03T15:20:08.128+0000] {processor.py:914} INFO - Processing file /home/hamza/Documents/project/Mlops/myenv/lib/python3.12/site-packages/airflow/example_dags/tutorial_taskflow_api.py for tasks to queue
[2025-04-03T15:20:08.132+0000] {logging_mixin.py:190} INFO - [2025-04-03T15:20:08.131+0000] {dagbag.py:588} INFO - Filling up the DagBag from /home/hamza/Documents/project/Mlops/myenv/lib/python3.12/site-packages/airflow/example_dags/tutorial_taskflow_api.py
[2025-04-03T15:20:08.148+0000] {processor.py:925} INFO - DAG(s) 'tutorial_taskflow_api' retrieved from /home/hamza/Documents/project/Mlops/myenv/lib/python3.12/site-packages/airflow/example_dags/tutorial_taskflow_api.py
[2025-04-03T15:20:08.178+0000] {logging_mixin.py:190} INFO - [2025-04-03T15:20:08.178+0000] {dag.py:3239} INFO - Sync 1 DAGs
[2025-04-03T15:20:08.210+0000] {logging_mixin.py:190} INFO - [2025-04-03T15:20:08.209+0000] {dag.py:4180} INFO - Setting next_dagrun for tutorial_taskflow_api to None, run_after=None
[2025-04-03T15:20:08.249+0000] {processor.py:208} INFO - Processing /home/hamza/Documents/project/Mlops/myenv/lib/python3.12/site-packages/airflow/example_dags/tutorial_taskflow_api.py took 0.133 seconds
[2025-04-03T15:21:39.944+0000] {processor.py:186} INFO - Started process (PID=44008) to work on /home/hamza/Documents/project/Mlops/myenv/lib/python3.12/site-packages/airflow/example_dags/tutorial_taskflow_api.py
[2025-04-03T15:21:39.947+0000] {processor.py:914} INFO - Processing file /home/hamza/Documents/project/Mlops/myenv/lib/python3.12/site-packages/airflow/example_dags/tutorial_taskflow_api.py for tasks to queue
[2025-04-03T15:21:39.954+0000] {logging_mixin.py:190} INFO - [2025-04-03T15:21:39.953+0000] {dagbag.py:588} INFO - Filling up the DagBag from /home/hamza/Documents/project/Mlops/myenv/lib/python3.12/site-packages/airflow/example_dags/tutorial_taskflow_api.py
[2025-04-03T15:21:39.975+0000] {processor.py:925} INFO - DAG(s) 'tutorial_taskflow_api' retrieved from /home/hamza/Documents/project/Mlops/myenv/lib/python3.12/site-packages/airflow/example_dags/tutorial_taskflow_api.py
[2025-04-03T15:21:40.008+0000] {logging_mixin.py:190} INFO - [2025-04-03T15:21:40.007+0000] {dag.py:3239} INFO - Sync 1 DAGs
[2025-04-03T15:21:40.038+0000] {logging_mixin.py:190} INFO - [2025-04-03T15:21:40.037+0000] {dag.py:4180} INFO - Setting next_dagrun for tutorial_taskflow_api to None, run_after=None
[2025-04-03T15:21:40.076+0000] {processor.py:208} INFO - Processing /home/hamza/Documents/project/Mlops/myenv/lib/python3.12/site-packages/airflow/example_dags/tutorial_taskflow_api.py took 0.141 seconds
[2025-04-03T15:22:28.853+0000] {processor.py:186} INFO - Started process (PID=44489) to work on /home/hamza/Documents/project/Mlops/myenv/lib/python3.12/site-packages/airflow/example_dags/tutorial_taskflow_api.py
[2025-04-03T15:22:28.855+0000] {processor.py:914} INFO - Processing file /home/hamza/Documents/project/Mlops/myenv/lib/python3.12/site-packages/airflow/example_dags/tutorial_taskflow_api.py for tasks to queue
[2025-04-03T15:22:28.858+0000] {logging_mixin.py:190} INFO - [2025-04-03T15:22:28.858+0000] {dagbag.py:588} INFO - Filling up the DagBag from /home/hamza/Documents/project/Mlops/myenv/lib/python3.12/site-packages/airflow/example_dags/tutorial_taskflow_api.py
[2025-04-03T15:22:28.873+0000] {processor.py:925} INFO - DAG(s) 'tutorial_taskflow_api' retrieved from /home/hamza/Documents/project/Mlops/myenv/lib/python3.12/site-packages/airflow/example_dags/tutorial_taskflow_api.py
[2025-04-03T15:22:28.898+0000] {logging_mixin.py:190} INFO - [2025-04-03T15:22:28.898+0000] {dag.py:3239} INFO - Sync 1 DAGs
[2025-04-03T15:22:28.919+0000] {logging_mixin.py:190} INFO - [2025-04-03T15:22:28.918+0000] {dag.py:4180} INFO - Setting next_dagrun for tutorial_taskflow_api to None, run_after=None
[2025-04-03T15:22:28.950+0000] {processor.py:208} INFO - Processing /home/hamza/Documents/project/Mlops/myenv/lib/python3.12/site-packages/airflow/example_dags/tutorial_taskflow_api.py took 0.107 seconds
[2025-04-03T15:23:17.613+0000] {processor.py:186} INFO - Started process (PID=44977) to work on /home/hamza/Documents/project/Mlops/myenv/lib/python3.12/site-packages/airflow/example_dags/tutorial_taskflow_api.py
[2025-04-03T15:23:17.617+0000] {processor.py:914} INFO - Processing file /home/hamza/Documents/project/Mlops/myenv/lib/python3.12/site-packages/airflow/example_dags/tutorial_taskflow_api.py for tasks to queue
[2025-04-03T15:23:17.620+0000] {logging_mixin.py:190} INFO - [2025-04-03T15:23:17.620+0000] {dagbag.py:588} INFO - Filling up the DagBag from /home/hamza/Documents/project/Mlops/myenv/lib/python3.12/site-packages/airflow/example_dags/tutorial_taskflow_api.py
[2025-04-03T15:23:17.637+0000] {processor.py:925} INFO - DAG(s) 'tutorial_taskflow_api' retrieved from /home/hamza/Documents/project/Mlops/myenv/lib/python3.12/site-packages/airflow/example_dags/tutorial_taskflow_api.py
[2025-04-03T15:23:17.666+0000] {logging_mixin.py:190} INFO - [2025-04-03T15:23:17.666+0000] {dag.py:3239} INFO - Sync 1 DAGs
[2025-04-03T15:23:17.696+0000] {logging_mixin.py:190} INFO - [2025-04-03T15:23:17.696+0000] {dag.py:4180} INFO - Setting next_dagrun for tutorial_taskflow_api to None, run_after=None
[2025-04-03T15:23:17.739+0000] {processor.py:208} INFO - Processing /home/hamza/Documents/project/Mlops/myenv/lib/python3.12/site-packages/airflow/example_dags/tutorial_taskflow_api.py took 0.136 seconds
[2025-04-03T15:24:05.400+0000] {processor.py:186} INFO - Started process (PID=45438) to work on /home/hamza/Documents/project/Mlops/myenv/lib/python3.12/site-packages/airflow/example_dags/tutorial_taskflow_api.py
[2025-04-03T15:24:05.402+0000] {processor.py:914} INFO - Processing file /home/hamza/Documents/project/Mlops/myenv/lib/python3.12/site-packages/airflow/example_dags/tutorial_taskflow_api.py for tasks to queue
[2025-04-03T15:24:05.408+0000] {logging_mixin.py:190} INFO - [2025-04-03T15:24:05.407+0000] {dagbag.py:588} INFO - Filling up the DagBag from /home/hamza/Documents/project/Mlops/myenv/lib/python3.12/site-packages/airflow/example_dags/tutorial_taskflow_api.py
[2025-04-03T15:24:05.423+0000] {processor.py:925} INFO - DAG(s) 'tutorial_taskflow_api' retrieved from /home/hamza/Documents/project/Mlops/myenv/lib/python3.12/site-packages/airflow/example_dags/tutorial_taskflow_api.py
[2025-04-03T15:24:05.448+0000] {logging_mixin.py:190} INFO - [2025-04-03T15:24:05.447+0000] {dag.py:3239} INFO - Sync 1 DAGs
[2025-04-03T15:24:05.469+0000] {logging_mixin.py:190} INFO - [2025-04-03T15:24:05.469+0000] {dag.py:4180} INFO - Setting next_dagrun for tutorial_taskflow_api to None, run_after=None
[2025-04-03T15:24:05.504+0000] {processor.py:208} INFO - Processing /home/hamza/Documents/project/Mlops/myenv/lib/python3.12/site-packages/airflow/example_dags/tutorial_taskflow_api.py took 0.113 seconds
[2025-04-03T15:24:52.616+0000] {processor.py:186} INFO - Started process (PID=45892) to work on /home/hamza/Documents/project/Mlops/myenv/lib/python3.12/site-packages/airflow/example_dags/tutorial_taskflow_api.py
[2025-04-03T15:24:52.618+0000] {processor.py:914} INFO - Processing file /home/hamza/Documents/project/Mlops/myenv/lib/python3.12/site-packages/airflow/example_dags/tutorial_taskflow_api.py for tasks to queue
[2025-04-03T15:24:52.624+0000] {logging_mixin.py:190} INFO - [2025-04-03T15:24:52.623+0000] {dagbag.py:588} INFO - Filling up the DagBag from /home/hamza/Documents/project/Mlops/myenv/lib/python3.12/site-packages/airflow/example_dags/tutorial_taskflow_api.py
[2025-04-03T15:24:52.649+0000] {processor.py:925} INFO - DAG(s) 'tutorial_taskflow_api' retrieved from /home/hamza/Documents/project/Mlops/myenv/lib/python3.12/site-packages/airflow/example_dags/tutorial_taskflow_api.py
[2025-04-03T15:24:52.687+0000] {logging_mixin.py:190} INFO - [2025-04-03T15:24:52.687+0000] {dag.py:3239} INFO - Sync 1 DAGs
[2025-04-03T15:24:52.720+0000] {logging_mixin.py:190} INFO - [2025-04-03T15:24:52.720+0000] {dag.py:4180} INFO - Setting next_dagrun for tutorial_taskflow_api to None, run_after=None
[2025-04-03T15:24:52.767+0000] {processor.py:208} INFO - Processing /home/hamza/Documents/project/Mlops/myenv/lib/python3.12/site-packages/airflow/example_dags/tutorial_taskflow_api.py took 0.166 seconds
[2025-04-03T15:25:38.969+0000] {processor.py:186} INFO - Started process (PID=46365) to work on /home/hamza/Documents/project/Mlops/myenv/lib/python3.12/site-packages/airflow/example_dags/tutorial_taskflow_api.py
[2025-04-03T15:25:38.972+0000] {processor.py:914} INFO - Processing file /home/hamza/Documents/project/Mlops/myenv/lib/python3.12/site-packages/airflow/example_dags/tutorial_taskflow_api.py for tasks to queue
[2025-04-03T15:25:38.975+0000] {logging_mixin.py:190} INFO - [2025-04-03T15:25:38.974+0000] {dagbag.py:588} INFO - Filling up the DagBag from /home/hamza/Documents/project/Mlops/myenv/lib/python3.12/site-packages/airflow/example_dags/tutorial_taskflow_api.py
[2025-04-03T15:25:38.990+0000] {processor.py:925} INFO - DAG(s) 'tutorial_taskflow_api' retrieved from /home/hamza/Documents/project/Mlops/myenv/lib/python3.12/site-packages/airflow/example_dags/tutorial_taskflow_api.py
[2025-04-03T15:25:39.015+0000] {logging_mixin.py:190} INFO - [2025-04-03T15:25:39.015+0000] {dag.py:3239} INFO - Sync 1 DAGs
[2025-04-03T15:25:39.035+0000] {logging_mixin.py:190} INFO - [2025-04-03T15:25:39.035+0000] {dag.py:4180} INFO - Setting next_dagrun for tutorial_taskflow_api to None, run_after=None
[2025-04-03T15:25:39.068+0000] {processor.py:208} INFO - Processing /home/hamza/Documents/project/Mlops/myenv/lib/python3.12/site-packages/airflow/example_dags/tutorial_taskflow_api.py took 0.108 seconds
[2025-04-03T16:30:56.815+0000] {processor.py:186} INFO - Started process (PID=82379) to work on /home/hamza/Documents/project/Mlops/myenv/lib/python3.12/site-packages/airflow/example_dags/tutorial_taskflow_api.py
[2025-04-03T16:30:56.816+0000] {processor.py:914} INFO - Processing file /home/hamza/Documents/project/Mlops/myenv/lib/python3.12/site-packages/airflow/example_dags/tutorial_taskflow_api.py for tasks to queue
[2025-04-03T16:30:56.822+0000] {logging_mixin.py:190} INFO - [2025-04-03T16:30:56.821+0000] {dagbag.py:588} INFO - Filling up the DagBag from /home/hamza/Documents/project/Mlops/myenv/lib/python3.12/site-packages/airflow/example_dags/tutorial_taskflow_api.py
[2025-04-03T16:30:56.836+0000] {processor.py:925} INFO - DAG(s) 'tutorial_taskflow_api' retrieved from /home/hamza/Documents/project/Mlops/myenv/lib/python3.12/site-packages/airflow/example_dags/tutorial_taskflow_api.py
[2025-04-03T16:30:56.875+0000] {logging_mixin.py:190} INFO - [2025-04-03T16:30:56.875+0000] {dag.py:3239} INFO - Sync 1 DAGs
[2025-04-03T16:30:56.900+0000] {logging_mixin.py:190} INFO - [2025-04-03T16:30:56.900+0000] {dag.py:4180} INFO - Setting next_dagrun for tutorial_taskflow_api to None, run_after=None
[2025-04-03T16:30:56.944+0000] {processor.py:208} INFO - Processing /home/hamza/Documents/project/Mlops/myenv/lib/python3.12/site-packages/airflow/example_dags/tutorial_taskflow_api.py took 0.139 seconds
[2025-04-03T16:32:56.405+0000] {processor.py:186} INFO - Started process (PID=83605) to work on /home/hamza/Documents/project/Mlops/myenv/lib/python3.12/site-packages/airflow/example_dags/tutorial_taskflow_api.py
[2025-04-03T16:32:56.406+0000] {processor.py:914} INFO - Processing file /home/hamza/Documents/project/Mlops/myenv/lib/python3.12/site-packages/airflow/example_dags/tutorial_taskflow_api.py for tasks to queue
[2025-04-03T16:32:56.410+0000] {logging_mixin.py:190} INFO - [2025-04-03T16:32:56.410+0000] {dagbag.py:588} INFO - Filling up the DagBag from /home/hamza/Documents/project/Mlops/myenv/lib/python3.12/site-packages/airflow/example_dags/tutorial_taskflow_api.py
[2025-04-03T16:32:56.426+0000] {processor.py:925} INFO - DAG(s) 'tutorial_taskflow_api' retrieved from /home/hamza/Documents/project/Mlops/myenv/lib/python3.12/site-packages/airflow/example_dags/tutorial_taskflow_api.py
[2025-04-03T16:32:56.453+0000] {logging_mixin.py:190} INFO - [2025-04-03T16:32:56.453+0000] {dag.py:3239} INFO - Sync 1 DAGs
[2025-04-03T16:32:56.474+0000] {logging_mixin.py:190} INFO - [2025-04-03T16:32:56.474+0000] {dag.py:4180} INFO - Setting next_dagrun for tutorial_taskflow_api to None, run_after=None
[2025-04-03T16:32:56.509+0000] {processor.py:208} INFO - Processing /home/hamza/Documents/project/Mlops/myenv/lib/python3.12/site-packages/airflow/example_dags/tutorial_taskflow_api.py took 0.114 seconds
[2025-04-03T16:33:35.302+0000] {processor.py:186} INFO - Started process (PID=83964) to work on /home/hamza/Documents/project/Mlops/myenv/lib/python3.12/site-packages/airflow/example_dags/tutorial_taskflow_api.py
[2025-04-03T16:33:35.304+0000] {processor.py:914} INFO - Processing file /home/hamza/Documents/project/Mlops/myenv/lib/python3.12/site-packages/airflow/example_dags/tutorial_taskflow_api.py for tasks to queue
[2025-04-03T16:33:35.309+0000] {logging_mixin.py:190} INFO - [2025-04-03T16:33:35.308+0000] {dagbag.py:588} INFO - Filling up the DagBag from /home/hamza/Documents/project/Mlops/myenv/lib/python3.12/site-packages/airflow/example_dags/tutorial_taskflow_api.py
[2025-04-03T16:33:35.326+0000] {processor.py:925} INFO - DAG(s) 'tutorial_taskflow_api' retrieved from /home/hamza/Documents/project/Mlops/myenv/lib/python3.12/site-packages/airflow/example_dags/tutorial_taskflow_api.py
[2025-04-03T16:33:35.368+0000] {logging_mixin.py:190} INFO - [2025-04-03T16:33:35.367+0000] {dag.py:3239} INFO - Sync 1 DAGs
[2025-04-03T16:33:35.391+0000] {logging_mixin.py:190} INFO - [2025-04-03T16:33:35.391+0000] {dag.py:4180} INFO - Setting next_dagrun for tutorial_taskflow_api to None, run_after=None
[2025-04-03T16:33:35.431+0000] {processor.py:208} INFO - Processing /home/hamza/Documents/project/Mlops/myenv/lib/python3.12/site-packages/airflow/example_dags/tutorial_taskflow_api.py took 0.139 seconds
[2025-04-03T16:35:07.533+0000] {processor.py:186} INFO - Started process (PID=84764) to work on /home/hamza/Documents/project/Mlops/myenv/lib/python3.12/site-packages/airflow/example_dags/tutorial_taskflow_api.py
[2025-04-03T16:35:07.535+0000] {processor.py:914} INFO - Processing file /home/hamza/Documents/project/Mlops/myenv/lib/python3.12/site-packages/airflow/example_dags/tutorial_taskflow_api.py for tasks to queue
[2025-04-03T16:35:07.538+0000] {logging_mixin.py:190} INFO - [2025-04-03T16:35:07.538+0000] {dagbag.py:588} INFO - Filling up the DagBag from /home/hamza/Documents/project/Mlops/myenv/lib/python3.12/site-packages/airflow/example_dags/tutorial_taskflow_api.py
[2025-04-03T16:35:07.554+0000] {processor.py:925} INFO - DAG(s) 'tutorial_taskflow_api' retrieved from /home/hamza/Documents/project/Mlops/myenv/lib/python3.12/site-packages/airflow/example_dags/tutorial_taskflow_api.py
[2025-04-03T16:35:07.583+0000] {logging_mixin.py:190} INFO - [2025-04-03T16:35:07.582+0000] {dag.py:3239} INFO - Sync 1 DAGs
[2025-04-03T16:35:07.605+0000] {logging_mixin.py:190} INFO - [2025-04-03T16:35:07.604+0000] {dag.py:4180} INFO - Setting next_dagrun for tutorial_taskflow_api to None, run_after=None
[2025-04-03T16:35:07.641+0000] {processor.py:208} INFO - Processing /home/hamza/Documents/project/Mlops/myenv/lib/python3.12/site-packages/airflow/example_dags/tutorial_taskflow_api.py took 0.117 seconds
[2025-04-03T16:36:09.145+0000] {processor.py:186} INFO - Started process (PID=85329) to work on /home/hamza/Documents/project/Mlops/myenv/lib/python3.12/site-packages/airflow/example_dags/tutorial_taskflow_api.py
[2025-04-03T16:36:09.146+0000] {processor.py:914} INFO - Processing file /home/hamza/Documents/project/Mlops/myenv/lib/python3.12/site-packages/airflow/example_dags/tutorial_taskflow_api.py for tasks to queue
[2025-04-03T16:36:09.150+0000] {logging_mixin.py:190} INFO - [2025-04-03T16:36:09.150+0000] {dagbag.py:588} INFO - Filling up the DagBag from /home/hamza/Documents/project/Mlops/myenv/lib/python3.12/site-packages/airflow/example_dags/tutorial_taskflow_api.py
[2025-04-03T16:36:09.168+0000] {processor.py:925} INFO - DAG(s) 'tutorial_taskflow_api' retrieved from /home/hamza/Documents/project/Mlops/myenv/lib/python3.12/site-packages/airflow/example_dags/tutorial_taskflow_api.py
[2025-04-03T16:36:09.200+0000] {logging_mixin.py:190} INFO - [2025-04-03T16:36:09.200+0000] {dag.py:3239} INFO - Sync 1 DAGs
[2025-04-03T16:36:09.230+0000] {logging_mixin.py:190} INFO - [2025-04-03T16:36:09.229+0000] {dag.py:4180} INFO - Setting next_dagrun for tutorial_taskflow_api to None, run_after=None
[2025-04-03T16:36:09.274+0000] {processor.py:208} INFO - Processing /home/hamza/Documents/project/Mlops/myenv/lib/python3.12/site-packages/airflow/example_dags/tutorial_taskflow_api.py took 0.141 seconds
[2025-04-03T16:37:37.152+0000] {processor.py:186} INFO - Started process (PID=86065) to work on /home/hamza/Documents/project/Mlops/myenv/lib/python3.12/site-packages/airflow/example_dags/tutorial_taskflow_api.py
[2025-04-03T16:37:37.154+0000] {processor.py:914} INFO - Processing file /home/hamza/Documents/project/Mlops/myenv/lib/python3.12/site-packages/airflow/example_dags/tutorial_taskflow_api.py for tasks to queue
[2025-04-03T16:37:37.158+0000] {logging_mixin.py:190} INFO - [2025-04-03T16:37:37.157+0000] {dagbag.py:588} INFO - Filling up the DagBag from /home/hamza/Documents/project/Mlops/myenv/lib/python3.12/site-packages/airflow/example_dags/tutorial_taskflow_api.py
[2025-04-03T16:37:37.178+0000] {processor.py:925} INFO - DAG(s) 'tutorial_taskflow_api' retrieved from /home/hamza/Documents/project/Mlops/myenv/lib/python3.12/site-packages/airflow/example_dags/tutorial_taskflow_api.py
[2025-04-03T16:37:37.207+0000] {logging_mixin.py:190} INFO - [2025-04-03T16:37:37.207+0000] {dag.py:3239} INFO - Sync 1 DAGs
[2025-04-03T16:37:37.235+0000] {logging_mixin.py:190} INFO - [2025-04-03T16:37:37.234+0000] {dag.py:4180} INFO - Setting next_dagrun for tutorial_taskflow_api to None, run_after=None
[2025-04-03T16:37:37.273+0000] {processor.py:208} INFO - Processing /home/hamza/Documents/project/Mlops/myenv/lib/python3.12/site-packages/airflow/example_dags/tutorial_taskflow_api.py took 0.130 seconds
[2025-04-03T16:39:11.126+0000] {processor.py:186} INFO - Started process (PID=87185) to work on /home/hamza/Documents/project/Mlops/myenv/lib/python3.12/site-packages/airflow/example_dags/tutorial_taskflow_api.py
[2025-04-03T16:39:11.128+0000] {processor.py:914} INFO - Processing file /home/hamza/Documents/project/Mlops/myenv/lib/python3.12/site-packages/airflow/example_dags/tutorial_taskflow_api.py for tasks to queue
[2025-04-03T16:39:11.133+0000] {logging_mixin.py:190} INFO - [2025-04-03T16:39:11.132+0000] {dagbag.py:588} INFO - Filling up the DagBag from /home/hamza/Documents/project/Mlops/myenv/lib/python3.12/site-packages/airflow/example_dags/tutorial_taskflow_api.py
[2025-04-03T16:39:11.155+0000] {processor.py:925} INFO - DAG(s) 'tutorial_taskflow_api' retrieved from /home/hamza/Documents/project/Mlops/myenv/lib/python3.12/site-packages/airflow/example_dags/tutorial_taskflow_api.py
[2025-04-03T16:39:11.186+0000] {logging_mixin.py:190} INFO - [2025-04-03T16:39:11.185+0000] {dag.py:3239} INFO - Sync 1 DAGs
[2025-04-03T16:39:11.219+0000] {logging_mixin.py:190} INFO - [2025-04-03T16:39:11.218+0000] {dag.py:4180} INFO - Setting next_dagrun for tutorial_taskflow_api to None, run_after=None
[2025-04-03T16:39:11.270+0000] {processor.py:208} INFO - Processing /home/hamza/Documents/project/Mlops/myenv/lib/python3.12/site-packages/airflow/example_dags/tutorial_taskflow_api.py took 0.153 seconds
[2025-04-03T16:40:40.617+0000] {processor.py:186} INFO - Started process (PID=88158) to work on /home/hamza/Documents/project/Mlops/myenv/lib/python3.12/site-packages/airflow/example_dags/tutorial_taskflow_api.py
[2025-04-03T16:40:40.618+0000] {processor.py:914} INFO - Processing file /home/hamza/Documents/project/Mlops/myenv/lib/python3.12/site-packages/airflow/example_dags/tutorial_taskflow_api.py for tasks to queue
[2025-04-03T16:40:40.622+0000] {logging_mixin.py:190} INFO - [2025-04-03T16:40:40.621+0000] {dagbag.py:588} INFO - Filling up the DagBag from /home/hamza/Documents/project/Mlops/myenv/lib/python3.12/site-packages/airflow/example_dags/tutorial_taskflow_api.py
[2025-04-03T16:40:40.640+0000] {processor.py:925} INFO - DAG(s) 'tutorial_taskflow_api' retrieved from /home/hamza/Documents/project/Mlops/myenv/lib/python3.12/site-packages/airflow/example_dags/tutorial_taskflow_api.py
[2025-04-03T16:40:40.666+0000] {logging_mixin.py:190} INFO - [2025-04-03T16:40:40.666+0000] {dag.py:3239} INFO - Sync 1 DAGs
[2025-04-03T16:40:40.689+0000] {logging_mixin.py:190} INFO - [2025-04-03T16:40:40.688+0000] {dag.py:4180} INFO - Setting next_dagrun for tutorial_taskflow_api to None, run_after=None
[2025-04-03T16:40:40.727+0000] {processor.py:208} INFO - Processing /home/hamza/Documents/project/Mlops/myenv/lib/python3.12/site-packages/airflow/example_dags/tutorial_taskflow_api.py took 0.119 seconds
[2025-04-03T16:41:30.704+0000] {processor.py:186} INFO - Started process (PID=88647) to work on /home/hamza/Documents/project/Mlops/myenv/lib/python3.12/site-packages/airflow/example_dags/tutorial_taskflow_api.py
[2025-04-03T16:41:30.705+0000] {processor.py:914} INFO - Processing file /home/hamza/Documents/project/Mlops/myenv/lib/python3.12/site-packages/airflow/example_dags/tutorial_taskflow_api.py for tasks to queue
[2025-04-03T16:41:30.709+0000] {logging_mixin.py:190} INFO - [2025-04-03T16:41:30.708+0000] {dagbag.py:588} INFO - Filling up the DagBag from /home/hamza/Documents/project/Mlops/myenv/lib/python3.12/site-packages/airflow/example_dags/tutorial_taskflow_api.py
[2025-04-03T16:41:30.728+0000] {processor.py:925} INFO - DAG(s) 'tutorial_taskflow_api' retrieved from /home/hamza/Documents/project/Mlops/myenv/lib/python3.12/site-packages/airflow/example_dags/tutorial_taskflow_api.py
[2025-04-03T16:41:30.756+0000] {logging_mixin.py:190} INFO - [2025-04-03T16:41:30.755+0000] {dag.py:3239} INFO - Sync 1 DAGs
[2025-04-03T16:41:30.778+0000] {logging_mixin.py:190} INFO - [2025-04-03T16:41:30.777+0000] {dag.py:4180} INFO - Setting next_dagrun for tutorial_taskflow_api to None, run_after=None
[2025-04-03T16:41:30.820+0000] {processor.py:208} INFO - Processing /home/hamza/Documents/project/Mlops/myenv/lib/python3.12/site-packages/airflow/example_dags/tutorial_taskflow_api.py took 0.126 seconds
[2025-04-03T16:42:19.900+0000] {processor.py:186} INFO - Started process (PID=89033) to work on /home/hamza/Documents/project/Mlops/myenv/lib/python3.12/site-packages/airflow/example_dags/tutorial_taskflow_api.py
[2025-04-03T16:42:19.902+0000] {processor.py:914} INFO - Processing file /home/hamza/Documents/project/Mlops/myenv/lib/python3.12/site-packages/airflow/example_dags/tutorial_taskflow_api.py for tasks to queue
[2025-04-03T16:42:19.906+0000] {logging_mixin.py:190} INFO - [2025-04-03T16:42:19.905+0000] {dagbag.py:588} INFO - Filling up the DagBag from /home/hamza/Documents/project/Mlops/myenv/lib/python3.12/site-packages/airflow/example_dags/tutorial_taskflow_api.py
[2025-04-03T16:42:19.922+0000] {processor.py:925} INFO - DAG(s) 'tutorial_taskflow_api' retrieved from /home/hamza/Documents/project/Mlops/myenv/lib/python3.12/site-packages/airflow/example_dags/tutorial_taskflow_api.py
[2025-04-03T16:42:19.954+0000] {logging_mixin.py:190} INFO - [2025-04-03T16:42:19.954+0000] {dag.py:3239} INFO - Sync 1 DAGs
[2025-04-03T16:42:19.978+0000] {logging_mixin.py:190} INFO - [2025-04-03T16:42:19.977+0000] {dag.py:4180} INFO - Setting next_dagrun for tutorial_taskflow_api to None, run_after=None
[2025-04-03T16:42:20.015+0000] {processor.py:208} INFO - Processing /home/hamza/Documents/project/Mlops/myenv/lib/python3.12/site-packages/airflow/example_dags/tutorial_taskflow_api.py took 0.124 seconds
[2025-04-03T16:43:51.976+0000] {processor.py:186} INFO - Started process (PID=89761) to work on /home/hamza/Documents/project/Mlops/myenv/lib/python3.12/site-packages/airflow/example_dags/tutorial_taskflow_api.py
[2025-04-03T16:43:51.979+0000] {processor.py:914} INFO - Processing file /home/hamza/Documents/project/Mlops/myenv/lib/python3.12/site-packages/airflow/example_dags/tutorial_taskflow_api.py for tasks to queue
[2025-04-03T16:43:51.983+0000] {logging_mixin.py:190} INFO - [2025-04-03T16:43:51.982+0000] {dagbag.py:588} INFO - Filling up the DagBag from /home/hamza/Documents/project/Mlops/myenv/lib/python3.12/site-packages/airflow/example_dags/tutorial_taskflow_api.py
[2025-04-03T16:43:51.998+0000] {processor.py:925} INFO - DAG(s) 'tutorial_taskflow_api' retrieved from /home/hamza/Documents/project/Mlops/myenv/lib/python3.12/site-packages/airflow/example_dags/tutorial_taskflow_api.py
[2025-04-03T16:43:52.023+0000] {logging_mixin.py:190} INFO - [2025-04-03T16:43:52.023+0000] {dag.py:3239} INFO - Sync 1 DAGs
[2025-04-03T16:43:52.046+0000] {logging_mixin.py:190} INFO - [2025-04-03T16:43:52.046+0000] {dag.py:4180} INFO - Setting next_dagrun for tutorial_taskflow_api to None, run_after=None
[2025-04-03T16:43:52.081+0000] {processor.py:208} INFO - Processing /home/hamza/Documents/project/Mlops/myenv/lib/python3.12/site-packages/airflow/example_dags/tutorial_taskflow_api.py took 0.115 seconds
[2025-04-03T16:44:41.148+0000] {processor.py:186} INFO - Started process (PID=90139) to work on /home/hamza/Documents/project/Mlops/myenv/lib/python3.12/site-packages/airflow/example_dags/tutorial_taskflow_api.py
[2025-04-03T16:44:41.150+0000] {processor.py:914} INFO - Processing file /home/hamza/Documents/project/Mlops/myenv/lib/python3.12/site-packages/airflow/example_dags/tutorial_taskflow_api.py for tasks to queue
[2025-04-03T16:44:41.156+0000] {logging_mixin.py:190} INFO - [2025-04-03T16:44:41.154+0000] {dagbag.py:588} INFO - Filling up the DagBag from /home/hamza/Documents/project/Mlops/myenv/lib/python3.12/site-packages/airflow/example_dags/tutorial_taskflow_api.py
[2025-04-03T16:44:41.176+0000] {processor.py:925} INFO - DAG(s) 'tutorial_taskflow_api' retrieved from /home/hamza/Documents/project/Mlops/myenv/lib/python3.12/site-packages/airflow/example_dags/tutorial_taskflow_api.py
[2025-04-03T16:44:41.206+0000] {logging_mixin.py:190} INFO - [2025-04-03T16:44:41.206+0000] {dag.py:3239} INFO - Sync 1 DAGs
[2025-04-03T16:44:41.230+0000] {logging_mixin.py:190} INFO - [2025-04-03T16:44:41.230+0000] {dag.py:4180} INFO - Setting next_dagrun for tutorial_taskflow_api to None, run_after=None
[2025-04-03T16:44:41.269+0000] {processor.py:208} INFO - Processing /home/hamza/Documents/project/Mlops/myenv/lib/python3.12/site-packages/airflow/example_dags/tutorial_taskflow_api.py took 0.131 seconds
[2025-04-03T16:45:30.641+0000] {processor.py:186} INFO - Started process (PID=90552) to work on /home/hamza/Documents/project/Mlops/myenv/lib/python3.12/site-packages/airflow/example_dags/tutorial_taskflow_api.py
[2025-04-03T16:45:30.643+0000] {processor.py:914} INFO - Processing file /home/hamza/Documents/project/Mlops/myenv/lib/python3.12/site-packages/airflow/example_dags/tutorial_taskflow_api.py for tasks to queue
[2025-04-03T16:45:30.647+0000] {logging_mixin.py:190} INFO - [2025-04-03T16:45:30.647+0000] {dagbag.py:588} INFO - Filling up the DagBag from /home/hamza/Documents/project/Mlops/myenv/lib/python3.12/site-packages/airflow/example_dags/tutorial_taskflow_api.py
[2025-04-03T16:45:30.670+0000] {processor.py:925} INFO - DAG(s) 'tutorial_taskflow_api' retrieved from /home/hamza/Documents/project/Mlops/myenv/lib/python3.12/site-packages/airflow/example_dags/tutorial_taskflow_api.py
[2025-04-03T16:45:30.700+0000] {logging_mixin.py:190} INFO - [2025-04-03T16:45:30.700+0000] {dag.py:3239} INFO - Sync 1 DAGs
[2025-04-03T16:45:30.728+0000] {logging_mixin.py:190} INFO - [2025-04-03T16:45:30.727+0000] {dag.py:4180} INFO - Setting next_dagrun for tutorial_taskflow_api to None, run_after=None
[2025-04-03T16:45:30.765+0000] {processor.py:208} INFO - Processing /home/hamza/Documents/project/Mlops/myenv/lib/python3.12/site-packages/airflow/example_dags/tutorial_taskflow_api.py took 0.133 seconds
[2025-04-03T16:47:05.052+0000] {processor.py:186} INFO - Started process (PID=91434) to work on /home/hamza/Documents/project/Mlops/myenv/lib/python3.12/site-packages/airflow/example_dags/tutorial_taskflow_api.py
[2025-04-03T16:47:05.054+0000] {processor.py:914} INFO - Processing file /home/hamza/Documents/project/Mlops/myenv/lib/python3.12/site-packages/airflow/example_dags/tutorial_taskflow_api.py for tasks to queue
[2025-04-03T16:47:05.058+0000] {logging_mixin.py:190} INFO - [2025-04-03T16:47:05.057+0000] {dagbag.py:588} INFO - Filling up the DagBag from /home/hamza/Documents/project/Mlops/myenv/lib/python3.12/site-packages/airflow/example_dags/tutorial_taskflow_api.py
[2025-04-03T16:47:05.074+0000] {processor.py:925} INFO - DAG(s) 'tutorial_taskflow_api' retrieved from /home/hamza/Documents/project/Mlops/myenv/lib/python3.12/site-packages/airflow/example_dags/tutorial_taskflow_api.py
[2025-04-03T16:47:05.100+0000] {logging_mixin.py:190} INFO - [2025-04-03T16:47:05.099+0000] {dag.py:3239} INFO - Sync 1 DAGs
[2025-04-03T16:47:05.123+0000] {logging_mixin.py:190} INFO - [2025-04-03T16:47:05.122+0000] {dag.py:4180} INFO - Setting next_dagrun for tutorial_taskflow_api to None, run_after=None
[2025-04-03T16:47:05.159+0000] {processor.py:208} INFO - Processing /home/hamza/Documents/project/Mlops/myenv/lib/python3.12/site-packages/airflow/example_dags/tutorial_taskflow_api.py took 0.116 seconds
[2025-04-03T16:48:42.778+0000] {processor.py:186} INFO - Started process (PID=92251) to work on /home/hamza/Documents/project/Mlops/myenv/lib/python3.12/site-packages/airflow/example_dags/tutorial_taskflow_api.py
[2025-04-03T16:48:42.780+0000] {processor.py:914} INFO - Processing file /home/hamza/Documents/project/Mlops/myenv/lib/python3.12/site-packages/airflow/example_dags/tutorial_taskflow_api.py for tasks to queue
[2025-04-03T16:48:42.784+0000] {logging_mixin.py:190} INFO - [2025-04-03T16:48:42.783+0000] {dagbag.py:588} INFO - Filling up the DagBag from /home/hamza/Documents/project/Mlops/myenv/lib/python3.12/site-packages/airflow/example_dags/tutorial_taskflow_api.py
[2025-04-03T16:48:42.801+0000] {processor.py:925} INFO - DAG(s) 'tutorial_taskflow_api' retrieved from /home/hamza/Documents/project/Mlops/myenv/lib/python3.12/site-packages/airflow/example_dags/tutorial_taskflow_api.py
[2025-04-03T16:48:42.828+0000] {logging_mixin.py:190} INFO - [2025-04-03T16:48:42.827+0000] {dag.py:3239} INFO - Sync 1 DAGs
[2025-04-03T16:48:42.851+0000] {logging_mixin.py:190} INFO - [2025-04-03T16:48:42.850+0000] {dag.py:4180} INFO - Setting next_dagrun for tutorial_taskflow_api to None, run_after=None
[2025-04-03T16:48:42.886+0000] {processor.py:208} INFO - Processing /home/hamza/Documents/project/Mlops/myenv/lib/python3.12/site-packages/airflow/example_dags/tutorial_taskflow_api.py took 0.117 seconds
[2025-04-03T16:49:34.022+0000] {processor.py:186} INFO - Started process (PID=92696) to work on /home/hamza/Documents/project/Mlops/myenv/lib/python3.12/site-packages/airflow/example_dags/tutorial_taskflow_api.py
[2025-04-03T16:49:34.024+0000] {processor.py:914} INFO - Processing file /home/hamza/Documents/project/Mlops/myenv/lib/python3.12/site-packages/airflow/example_dags/tutorial_taskflow_api.py for tasks to queue
[2025-04-03T16:49:34.028+0000] {logging_mixin.py:190} INFO - [2025-04-03T16:49:34.027+0000] {dagbag.py:588} INFO - Filling up the DagBag from /home/hamza/Documents/project/Mlops/myenv/lib/python3.12/site-packages/airflow/example_dags/tutorial_taskflow_api.py
[2025-04-03T16:49:34.045+0000] {processor.py:925} INFO - DAG(s) 'tutorial_taskflow_api' retrieved from /home/hamza/Documents/project/Mlops/myenv/lib/python3.12/site-packages/airflow/example_dags/tutorial_taskflow_api.py
[2025-04-03T16:49:34.070+0000] {logging_mixin.py:190} INFO - [2025-04-03T16:49:34.070+0000] {dag.py:3239} INFO - Sync 1 DAGs
[2025-04-03T16:49:34.091+0000] {logging_mixin.py:190} INFO - [2025-04-03T16:49:34.091+0000] {dag.py:4180} INFO - Setting next_dagrun for tutorial_taskflow_api to None, run_after=None
[2025-04-03T16:49:34.125+0000] {processor.py:208} INFO - Processing /home/hamza/Documents/project/Mlops/myenv/lib/python3.12/site-packages/airflow/example_dags/tutorial_taskflow_api.py took 0.113 seconds
[2025-04-03T16:50:23.146+0000] {processor.py:186} INFO - Started process (PID=93106) to work on /home/hamza/Documents/project/Mlops/myenv/lib/python3.12/site-packages/airflow/example_dags/tutorial_taskflow_api.py
[2025-04-03T16:50:23.147+0000] {processor.py:914} INFO - Processing file /home/hamza/Documents/project/Mlops/myenv/lib/python3.12/site-packages/airflow/example_dags/tutorial_taskflow_api.py for tasks to queue
[2025-04-03T16:50:23.151+0000] {logging_mixin.py:190} INFO - [2025-04-03T16:50:23.150+0000] {dagbag.py:588} INFO - Filling up the DagBag from /home/hamza/Documents/project/Mlops/myenv/lib/python3.12/site-packages/airflow/example_dags/tutorial_taskflow_api.py
[2025-04-03T16:50:23.171+0000] {processor.py:925} INFO - DAG(s) 'tutorial_taskflow_api' retrieved from /home/hamza/Documents/project/Mlops/myenv/lib/python3.12/site-packages/airflow/example_dags/tutorial_taskflow_api.py
[2025-04-03T16:50:23.202+0000] {logging_mixin.py:190} INFO - [2025-04-03T16:50:23.201+0000] {dag.py:3239} INFO - Sync 1 DAGs
[2025-04-03T16:50:23.228+0000] {logging_mixin.py:190} INFO - [2025-04-03T16:50:23.228+0000] {dag.py:4180} INFO - Setting next_dagrun for tutorial_taskflow_api to None, run_after=None
[2025-04-03T16:50:23.268+0000] {processor.py:208} INFO - Processing /home/hamza/Documents/project/Mlops/myenv/lib/python3.12/site-packages/airflow/example_dags/tutorial_taskflow_api.py took 0.133 seconds
[2025-04-03T16:52:00.911+0000] {processor.py:186} INFO - Started process (PID=93918) to work on /home/hamza/Documents/project/Mlops/myenv/lib/python3.12/site-packages/airflow/example_dags/tutorial_taskflow_api.py
[2025-04-03T16:52:00.912+0000] {processor.py:914} INFO - Processing file /home/hamza/Documents/project/Mlops/myenv/lib/python3.12/site-packages/airflow/example_dags/tutorial_taskflow_api.py for tasks to queue
[2025-04-03T16:52:00.916+0000] {logging_mixin.py:190} INFO - [2025-04-03T16:52:00.915+0000] {dagbag.py:588} INFO - Filling up the DagBag from /home/hamza/Documents/project/Mlops/myenv/lib/python3.12/site-packages/airflow/example_dags/tutorial_taskflow_api.py
[2025-04-03T16:52:00.932+0000] {processor.py:925} INFO - DAG(s) 'tutorial_taskflow_api' retrieved from /home/hamza/Documents/project/Mlops/myenv/lib/python3.12/site-packages/airflow/example_dags/tutorial_taskflow_api.py
[2025-04-03T16:52:00.959+0000] {logging_mixin.py:190} INFO - [2025-04-03T16:52:00.959+0000] {dag.py:3239} INFO - Sync 1 DAGs
[2025-04-03T16:52:00.982+0000] {logging_mixin.py:190} INFO - [2025-04-03T16:52:00.982+0000] {dag.py:4180} INFO - Setting next_dagrun for tutorial_taskflow_api to None, run_after=None
[2025-04-03T16:52:01.017+0000] {processor.py:208} INFO - Processing /home/hamza/Documents/project/Mlops/myenv/lib/python3.12/site-packages/airflow/example_dags/tutorial_taskflow_api.py took 0.115 seconds
[2025-04-03T16:52:52.757+0000] {processor.py:186} INFO - Started process (PID=94352) to work on /home/hamza/Documents/project/Mlops/myenv/lib/python3.12/site-packages/airflow/example_dags/tutorial_taskflow_api.py
[2025-04-03T16:52:52.758+0000] {processor.py:914} INFO - Processing file /home/hamza/Documents/project/Mlops/myenv/lib/python3.12/site-packages/airflow/example_dags/tutorial_taskflow_api.py for tasks to queue
[2025-04-03T16:52:52.762+0000] {logging_mixin.py:190} INFO - [2025-04-03T16:52:52.762+0000] {dagbag.py:588} INFO - Filling up the DagBag from /home/hamza/Documents/project/Mlops/myenv/lib/python3.12/site-packages/airflow/example_dags/tutorial_taskflow_api.py
[2025-04-03T16:52:52.779+0000] {processor.py:925} INFO - DAG(s) 'tutorial_taskflow_api' retrieved from /home/hamza/Documents/project/Mlops/myenv/lib/python3.12/site-packages/airflow/example_dags/tutorial_taskflow_api.py
[2025-04-03T16:52:52.808+0000] {logging_mixin.py:190} INFO - [2025-04-03T16:52:52.808+0000] {dag.py:3239} INFO - Sync 1 DAGs
[2025-04-03T16:52:52.831+0000] {logging_mixin.py:190} INFO - [2025-04-03T16:52:52.831+0000] {dag.py:4180} INFO - Setting next_dagrun for tutorial_taskflow_api to None, run_after=None
[2025-04-03T16:52:52.868+0000] {processor.py:208} INFO - Processing /home/hamza/Documents/project/Mlops/myenv/lib/python3.12/site-packages/airflow/example_dags/tutorial_taskflow_api.py took 0.122 seconds
[2025-04-03T16:54:31.604+0000] {processor.py:186} INFO - Started process (PID=95279) to work on /home/hamza/Documents/project/Mlops/myenv/lib/python3.12/site-packages/airflow/example_dags/tutorial_taskflow_api.py
[2025-04-03T16:54:31.605+0000] {processor.py:914} INFO - Processing file /home/hamza/Documents/project/Mlops/myenv/lib/python3.12/site-packages/airflow/example_dags/tutorial_taskflow_api.py for tasks to queue
[2025-04-03T16:54:31.610+0000] {logging_mixin.py:190} INFO - [2025-04-03T16:54:31.609+0000] {dagbag.py:588} INFO - Filling up the DagBag from /home/hamza/Documents/project/Mlops/myenv/lib/python3.12/site-packages/airflow/example_dags/tutorial_taskflow_api.py
[2025-04-03T16:54:31.636+0000] {processor.py:925} INFO - DAG(s) 'tutorial_taskflow_api' retrieved from /home/hamza/Documents/project/Mlops/myenv/lib/python3.12/site-packages/airflow/example_dags/tutorial_taskflow_api.py
[2025-04-03T16:54:31.666+0000] {logging_mixin.py:190} INFO - [2025-04-03T16:54:31.666+0000] {dag.py:3239} INFO - Sync 1 DAGs
[2025-04-03T16:54:31.695+0000] {logging_mixin.py:190} INFO - [2025-04-03T16:54:31.695+0000] {dag.py:4180} INFO - Setting next_dagrun for tutorial_taskflow_api to None, run_after=None
[2025-04-03T16:54:31.734+0000] {processor.py:208} INFO - Processing /home/hamza/Documents/project/Mlops/myenv/lib/python3.12/site-packages/airflow/example_dags/tutorial_taskflow_api.py took 0.139 seconds
[2025-04-03T16:55:26.261+0000] {processor.py:186} INFO - Started process (PID=95868) to work on /home/hamza/Documents/project/Mlops/myenv/lib/python3.12/site-packages/airflow/example_dags/tutorial_taskflow_api.py
[2025-04-03T16:55:26.263+0000] {processor.py:914} INFO - Processing file /home/hamza/Documents/project/Mlops/myenv/lib/python3.12/site-packages/airflow/example_dags/tutorial_taskflow_api.py for tasks to queue
[2025-04-03T16:55:26.267+0000] {logging_mixin.py:190} INFO - [2025-04-03T16:55:26.266+0000] {dagbag.py:588} INFO - Filling up the DagBag from /home/hamza/Documents/project/Mlops/myenv/lib/python3.12/site-packages/airflow/example_dags/tutorial_taskflow_api.py
[2025-04-03T16:55:26.287+0000] {processor.py:925} INFO - DAG(s) 'tutorial_taskflow_api' retrieved from /home/hamza/Documents/project/Mlops/myenv/lib/python3.12/site-packages/airflow/example_dags/tutorial_taskflow_api.py
[2025-04-03T16:55:26.314+0000] {logging_mixin.py:190} INFO - [2025-04-03T16:55:26.313+0000] {dag.py:3239} INFO - Sync 1 DAGs
[2025-04-03T16:55:26.336+0000] {logging_mixin.py:190} INFO - [2025-04-03T16:55:26.335+0000] {dag.py:4180} INFO - Setting next_dagrun for tutorial_taskflow_api to None, run_after=None
[2025-04-03T16:55:26.372+0000] {processor.py:208} INFO - Processing /home/hamza/Documents/project/Mlops/myenv/lib/python3.12/site-packages/airflow/example_dags/tutorial_taskflow_api.py took 0.119 seconds
