[2025-04-03T13:43:13.214+0000] {processor.py:186} INFO - Started process (PID=98098) to work on /home/hamza/Documents/project/Mlops/myenv/lib/python3.12/site-packages/airflow/example_dags/tutorial_objectstorage.py
[2025-04-03T13:43:13.216+0000] {processor.py:914} INFO - Processing file /home/hamza/Documents/project/Mlops/myenv/lib/python3.12/site-packages/airflow/example_dags/tutorial_objectstorage.py for tasks to queue
[2025-04-03T13:43:13.220+0000] {logging_mixin.py:190} INFO - [2025-04-03T13:43:13.219+0000] {dagbag.py:588} INFO - Filling up the DagBag from /home/hamza/Documents/project/Mlops/myenv/lib/python3.12/site-packages/airflow/example_dags/tutorial_objectstorage.py
[2025-04-03T13:43:13.239+0000] {processor.py:925} INFO - DAG(s) 'tutorial_objectstorage' retrieved from /home/hamza/Documents/project/Mlops/myenv/lib/python3.12/site-packages/airflow/example_dags/tutorial_objectstorage.py
[2025-04-03T13:43:13.485+0000] {logging_mixin.py:190} INFO - [2025-04-03T13:43:13.484+0000] {override.py:1930} INFO - Created Permission View: can delete on DAG:tutorial_objectstorage
[2025-04-03T13:43:13.508+0000] {logging_mixin.py:190} INFO - [2025-04-03T13:43:13.507+0000] {override.py:1930} INFO - Created Permission View: can read on DAG:tutorial_objectstorage
[2025-04-03T13:43:13.524+0000] {logging_mixin.py:190} INFO - [2025-04-03T13:43:13.523+0000] {override.py:1930} INFO - Created Permission View: can edit on DAG:tutorial_objectstorage
[2025-04-03T13:43:13.546+0000] {logging_mixin.py:190} INFO - [2025-04-03T13:43:13.546+0000] {override.py:1930} INFO - Created Permission View: can delete on DAG Run:tutorial_objectstorage
[2025-04-03T13:43:13.568+0000] {logging_mixin.py:190} INFO - [2025-04-03T13:43:13.567+0000] {override.py:1930} INFO - Created Permission View: can read on DAG Run:tutorial_objectstorage
[2025-04-03T13:43:13.583+0000] {logging_mixin.py:190} INFO - [2025-04-03T13:43:13.582+0000] {override.py:1930} INFO - Created Permission View: menu access on DAG Run:tutorial_objectstorage
[2025-04-03T13:43:13.600+0000] {logging_mixin.py:190} INFO - [2025-04-03T13:43:13.599+0000] {override.py:1930} INFO - Created Permission View: can create on DAG Run:tutorial_objectstorage
[2025-04-03T13:43:13.601+0000] {logging_mixin.py:190} INFO - [2025-04-03T13:43:13.601+0000] {dag.py:3239} INFO - Sync 1 DAGs
[2025-04-03T13:43:13.625+0000] {logging_mixin.py:190} INFO - [2025-04-03T13:43:13.625+0000] {dag.py:3262} INFO - Creating ORM DAG for tutorial_objectstorage
[2025-04-03T13:43:13.626+0000] {logging_mixin.py:190} INFO - [2025-04-03T13:43:13.626+0000] {dag.py:4180} INFO - Setting next_dagrun for tutorial_objectstorage to None, run_after=None
[2025-04-03T13:43:13.655+0000] {processor.py:208} INFO - Processing /home/hamza/Documents/project/Mlops/myenv/lib/python3.12/site-packages/airflow/example_dags/tutorial_objectstorage.py took 0.452 seconds
[2025-04-03T13:44:32.668+0000] {processor.py:186} INFO - Started process (PID=99292) to work on /home/hamza/Documents/project/Mlops/myenv/lib/python3.12/site-packages/airflow/example_dags/tutorial_objectstorage.py
[2025-04-03T13:44:32.669+0000] {processor.py:914} INFO - Processing file /home/hamza/Documents/project/Mlops/myenv/lib/python3.12/site-packages/airflow/example_dags/tutorial_objectstorage.py for tasks to queue
[2025-04-03T13:44:32.673+0000] {logging_mixin.py:190} INFO - [2025-04-03T13:44:32.672+0000] {dagbag.py:588} INFO - Filling up the DagBag from /home/hamza/Documents/project/Mlops/myenv/lib/python3.12/site-packages/airflow/example_dags/tutorial_objectstorage.py
[2025-04-03T13:44:32.691+0000] {processor.py:925} INFO - DAG(s) 'tutorial_objectstorage' retrieved from /home/hamza/Documents/project/Mlops/myenv/lib/python3.12/site-packages/airflow/example_dags/tutorial_objectstorage.py
[2025-04-03T13:44:32.720+0000] {logging_mixin.py:190} INFO - [2025-04-03T13:44:32.720+0000] {dag.py:3239} INFO - Sync 1 DAGs
[2025-04-03T13:44:32.745+0000] {logging_mixin.py:190} INFO - [2025-04-03T13:44:32.744+0000] {dag.py:4180} INFO - Setting next_dagrun for tutorial_objectstorage to None, run_after=None
[2025-04-03T13:44:32.790+0000] {processor.py:208} INFO - Processing /home/hamza/Documents/project/Mlops/myenv/lib/python3.12/site-packages/airflow/example_dags/tutorial_objectstorage.py took 0.131 seconds
[2025-04-03T13:45:12.326+0000] {processor.py:186} INFO - Started process (PID=99687) to work on /home/hamza/Documents/project/Mlops/myenv/lib/python3.12/site-packages/airflow/example_dags/tutorial_objectstorage.py
[2025-04-03T13:45:12.329+0000] {processor.py:914} INFO - Processing file /home/hamza/Documents/project/Mlops/myenv/lib/python3.12/site-packages/airflow/example_dags/tutorial_objectstorage.py for tasks to queue
[2025-04-03T13:45:12.333+0000] {logging_mixin.py:190} INFO - [2025-04-03T13:45:12.332+0000] {dagbag.py:588} INFO - Filling up the DagBag from /home/hamza/Documents/project/Mlops/myenv/lib/python3.12/site-packages/airflow/example_dags/tutorial_objectstorage.py
[2025-04-03T13:45:12.350+0000] {processor.py:925} INFO - DAG(s) 'tutorial_objectstorage' retrieved from /home/hamza/Documents/project/Mlops/myenv/lib/python3.12/site-packages/airflow/example_dags/tutorial_objectstorage.py
[2025-04-03T13:45:12.374+0000] {logging_mixin.py:190} INFO - [2025-04-03T13:45:12.374+0000] {dag.py:3239} INFO - Sync 1 DAGs
[2025-04-03T13:45:12.398+0000] {logging_mixin.py:190} INFO - [2025-04-03T13:45:12.397+0000] {dag.py:4180} INFO - Setting next_dagrun for tutorial_objectstorage to None, run_after=None
[2025-04-03T13:45:12.431+0000] {processor.py:208} INFO - Processing /home/hamza/Documents/project/Mlops/myenv/lib/python3.12/site-packages/airflow/example_dags/tutorial_objectstorage.py took 0.114 seconds
[2025-04-03T13:46:19.243+0000] {processor.py:186} INFO - Started process (PID=100275) to work on /home/hamza/Documents/project/Mlops/myenv/lib/python3.12/site-packages/airflow/example_dags/tutorial_objectstorage.py
[2025-04-03T13:46:19.245+0000] {processor.py:914} INFO - Processing file /home/hamza/Documents/project/Mlops/myenv/lib/python3.12/site-packages/airflow/example_dags/tutorial_objectstorage.py for tasks to queue
[2025-04-03T13:46:19.249+0000] {logging_mixin.py:190} INFO - [2025-04-03T13:46:19.248+0000] {dagbag.py:588} INFO - Filling up the DagBag from /home/hamza/Documents/project/Mlops/myenv/lib/python3.12/site-packages/airflow/example_dags/tutorial_objectstorage.py
[2025-04-03T13:46:19.267+0000] {processor.py:925} INFO - DAG(s) 'tutorial_objectstorage' retrieved from /home/hamza/Documents/project/Mlops/myenv/lib/python3.12/site-packages/airflow/example_dags/tutorial_objectstorage.py
[2025-04-03T13:46:19.294+0000] {logging_mixin.py:190} INFO - [2025-04-03T13:46:19.294+0000] {dag.py:3239} INFO - Sync 1 DAGs
[2025-04-03T13:46:19.315+0000] {logging_mixin.py:190} INFO - [2025-04-03T13:46:19.315+0000] {dag.py:4180} INFO - Setting next_dagrun for tutorial_objectstorage to None, run_after=None
[2025-04-03T13:46:19.351+0000] {processor.py:208} INFO - Processing /home/hamza/Documents/project/Mlops/myenv/lib/python3.12/site-packages/airflow/example_dags/tutorial_objectstorage.py took 0.117 seconds
[2025-04-03T13:47:25.897+0000] {processor.py:186} INFO - Started process (PID=101036) to work on /home/hamza/Documents/project/Mlops/myenv/lib/python3.12/site-packages/airflow/example_dags/tutorial_objectstorage.py
[2025-04-03T13:47:25.900+0000] {processor.py:914} INFO - Processing file /home/hamza/Documents/project/Mlops/myenv/lib/python3.12/site-packages/airflow/example_dags/tutorial_objectstorage.py for tasks to queue
[2025-04-03T13:47:25.917+0000] {logging_mixin.py:190} INFO - [2025-04-03T13:47:25.913+0000] {dagbag.py:588} INFO - Filling up the DagBag from /home/hamza/Documents/project/Mlops/myenv/lib/python3.12/site-packages/airflow/example_dags/tutorial_objectstorage.py
[2025-04-03T13:47:25.938+0000] {processor.py:925} INFO - DAG(s) 'tutorial_objectstorage' retrieved from /home/hamza/Documents/project/Mlops/myenv/lib/python3.12/site-packages/airflow/example_dags/tutorial_objectstorage.py
[2025-04-03T13:47:25.969+0000] {logging_mixin.py:190} INFO - [2025-04-03T13:47:25.968+0000] {dag.py:3239} INFO - Sync 1 DAGs
[2025-04-03T13:47:25.996+0000] {logging_mixin.py:190} INFO - [2025-04-03T13:47:25.995+0000] {dag.py:4180} INFO - Setting next_dagrun for tutorial_objectstorage to None, run_after=None
[2025-04-03T13:47:26.040+0000] {processor.py:208} INFO - Processing /home/hamza/Documents/project/Mlops/myenv/lib/python3.12/site-packages/airflow/example_dags/tutorial_objectstorage.py took 0.156 seconds
[2025-04-03T13:49:30.699+0000] {processor.py:186} INFO - Started process (PID=102780) to work on /home/hamza/Documents/project/Mlops/myenv/lib/python3.12/site-packages/airflow/example_dags/tutorial_objectstorage.py
[2025-04-03T13:49:30.702+0000] {processor.py:914} INFO - Processing file /home/hamza/Documents/project/Mlops/myenv/lib/python3.12/site-packages/airflow/example_dags/tutorial_objectstorage.py for tasks to queue
[2025-04-03T13:49:30.705+0000] {logging_mixin.py:190} INFO - [2025-04-03T13:49:30.704+0000] {dagbag.py:588} INFO - Filling up the DagBag from /home/hamza/Documents/project/Mlops/myenv/lib/python3.12/site-packages/airflow/example_dags/tutorial_objectstorage.py
[2025-04-03T13:49:30.721+0000] {processor.py:925} INFO - DAG(s) 'tutorial_objectstorage' retrieved from /home/hamza/Documents/project/Mlops/myenv/lib/python3.12/site-packages/airflow/example_dags/tutorial_objectstorage.py
[2025-04-03T13:49:30.759+0000] {logging_mixin.py:190} INFO - [2025-04-03T13:49:30.759+0000] {dag.py:3239} INFO - Sync 1 DAGs
[2025-04-03T13:49:30.778+0000] {logging_mixin.py:190} INFO - [2025-04-03T13:49:30.777+0000] {dag.py:4180} INFO - Setting next_dagrun for tutorial_objectstorage to None, run_after=None
[2025-04-03T13:49:30.813+0000] {processor.py:208} INFO - Processing /home/hamza/Documents/project/Mlops/myenv/lib/python3.12/site-packages/airflow/example_dags/tutorial_objectstorage.py took 0.124 seconds
[2025-04-03T13:50:50.195+0000] {processor.py:186} INFO - Started process (PID=103771) to work on /home/hamza/Documents/project/Mlops/myenv/lib/python3.12/site-packages/airflow/example_dags/tutorial_objectstorage.py
[2025-04-03T13:50:50.199+0000] {processor.py:914} INFO - Processing file /home/hamza/Documents/project/Mlops/myenv/lib/python3.12/site-packages/airflow/example_dags/tutorial_objectstorage.py for tasks to queue
[2025-04-03T13:50:50.203+0000] {logging_mixin.py:190} INFO - [2025-04-03T13:50:50.202+0000] {dagbag.py:588} INFO - Filling up the DagBag from /home/hamza/Documents/project/Mlops/myenv/lib/python3.12/site-packages/airflow/example_dags/tutorial_objectstorage.py
[2025-04-03T13:50:50.219+0000] {processor.py:925} INFO - DAG(s) 'tutorial_objectstorage' retrieved from /home/hamza/Documents/project/Mlops/myenv/lib/python3.12/site-packages/airflow/example_dags/tutorial_objectstorage.py
[2025-04-03T13:50:50.245+0000] {logging_mixin.py:190} INFO - [2025-04-03T13:50:50.244+0000] {dag.py:3239} INFO - Sync 1 DAGs
[2025-04-03T13:50:50.265+0000] {logging_mixin.py:190} INFO - [2025-04-03T13:50:50.265+0000] {dag.py:4180} INFO - Setting next_dagrun for tutorial_objectstorage to None, run_after=None
[2025-04-03T13:50:50.373+0000] {processor.py:208} INFO - Processing /home/hamza/Documents/project/Mlops/myenv/lib/python3.12/site-packages/airflow/example_dags/tutorial_objectstorage.py took 0.187 seconds
[2025-04-03T13:52:27.026+0000] {processor.py:186} INFO - Started process (PID=104880) to work on /home/hamza/Documents/project/Mlops/myenv/lib/python3.12/site-packages/airflow/example_dags/tutorial_objectstorage.py
[2025-04-03T13:52:27.027+0000] {processor.py:914} INFO - Processing file /home/hamza/Documents/project/Mlops/myenv/lib/python3.12/site-packages/airflow/example_dags/tutorial_objectstorage.py for tasks to queue
[2025-04-03T13:52:27.031+0000] {logging_mixin.py:190} INFO - [2025-04-03T13:52:27.030+0000] {dagbag.py:588} INFO - Filling up the DagBag from /home/hamza/Documents/project/Mlops/myenv/lib/python3.12/site-packages/airflow/example_dags/tutorial_objectstorage.py
[2025-04-03T13:52:27.053+0000] {processor.py:925} INFO - DAG(s) 'tutorial_objectstorage' retrieved from /home/hamza/Documents/project/Mlops/myenv/lib/python3.12/site-packages/airflow/example_dags/tutorial_objectstorage.py
[2025-04-03T13:52:27.080+0000] {logging_mixin.py:190} INFO - [2025-04-03T13:52:27.079+0000] {dag.py:3239} INFO - Sync 1 DAGs
[2025-04-03T13:52:27.102+0000] {logging_mixin.py:190} INFO - [2025-04-03T13:52:27.102+0000] {dag.py:4180} INFO - Setting next_dagrun for tutorial_objectstorage to None, run_after=None
[2025-04-03T13:52:27.139+0000] {processor.py:208} INFO - Processing /home/hamza/Documents/project/Mlops/myenv/lib/python3.12/site-packages/airflow/example_dags/tutorial_objectstorage.py took 0.122 seconds
[2025-04-03T13:54:03.451+0000] {processor.py:186} INFO - Started process (PID=105893) to work on /home/hamza/Documents/project/Mlops/myenv/lib/python3.12/site-packages/airflow/example_dags/tutorial_objectstorage.py
[2025-04-03T13:54:03.452+0000] {processor.py:914} INFO - Processing file /home/hamza/Documents/project/Mlops/myenv/lib/python3.12/site-packages/airflow/example_dags/tutorial_objectstorage.py for tasks to queue
[2025-04-03T13:54:03.456+0000] {logging_mixin.py:190} INFO - [2025-04-03T13:54:03.455+0000] {dagbag.py:588} INFO - Filling up the DagBag from /home/hamza/Documents/project/Mlops/myenv/lib/python3.12/site-packages/airflow/example_dags/tutorial_objectstorage.py
[2025-04-03T13:54:03.472+0000] {processor.py:925} INFO - DAG(s) 'tutorial_objectstorage' retrieved from /home/hamza/Documents/project/Mlops/myenv/lib/python3.12/site-packages/airflow/example_dags/tutorial_objectstorage.py
[2025-04-03T13:54:03.501+0000] {logging_mixin.py:190} INFO - [2025-04-03T13:54:03.500+0000] {dag.py:3239} INFO - Sync 1 DAGs
[2025-04-03T13:54:03.526+0000] {logging_mixin.py:190} INFO - [2025-04-03T13:54:03.525+0000] {dag.py:4180} INFO - Setting next_dagrun for tutorial_objectstorage to None, run_after=None
[2025-04-03T13:54:03.566+0000] {processor.py:208} INFO - Processing /home/hamza/Documents/project/Mlops/myenv/lib/python3.12/site-packages/airflow/example_dags/tutorial_objectstorage.py took 0.124 seconds
[2025-04-03T13:57:50.860+0000] {processor.py:186} INFO - Started process (PID=108907) to work on /home/hamza/Documents/project/Mlops/myenv/lib/python3.12/site-packages/airflow/example_dags/tutorial_objectstorage.py
[2025-04-03T13:57:50.862+0000] {processor.py:914} INFO - Processing file /home/hamza/Documents/project/Mlops/myenv/lib/python3.12/site-packages/airflow/example_dags/tutorial_objectstorage.py for tasks to queue
[2025-04-03T13:57:50.864+0000] {logging_mixin.py:190} INFO - [2025-04-03T13:57:50.863+0000] {dagbag.py:588} INFO - Filling up the DagBag from /home/hamza/Documents/project/Mlops/myenv/lib/python3.12/site-packages/airflow/example_dags/tutorial_objectstorage.py
[2025-04-03T13:57:50.879+0000] {processor.py:925} INFO - DAG(s) 'tutorial_objectstorage' retrieved from /home/hamza/Documents/project/Mlops/myenv/lib/python3.12/site-packages/airflow/example_dags/tutorial_objectstorage.py
[2025-04-03T13:57:50.930+0000] {logging_mixin.py:190} INFO - [2025-04-03T13:57:50.929+0000] {dag.py:3239} INFO - Sync 1 DAGs
[2025-04-03T13:57:50.954+0000] {logging_mixin.py:190} INFO - [2025-04-03T13:57:50.954+0000] {dag.py:4180} INFO - Setting next_dagrun for tutorial_objectstorage to None, run_after=None
[2025-04-03T13:57:50.999+0000] {processor.py:208} INFO - Processing /home/hamza/Documents/project/Mlops/myenv/lib/python3.12/site-packages/airflow/example_dags/tutorial_objectstorage.py took 0.149 seconds
[2025-04-03T13:58:59.147+0000] {processor.py:186} INFO - Started process (PID=109782) to work on /home/hamza/Documents/project/Mlops/myenv/lib/python3.12/site-packages/airflow/example_dags/tutorial_objectstorage.py
[2025-04-03T13:58:59.149+0000] {processor.py:914} INFO - Processing file /home/hamza/Documents/project/Mlops/myenv/lib/python3.12/site-packages/airflow/example_dags/tutorial_objectstorage.py for tasks to queue
[2025-04-03T13:58:59.154+0000] {logging_mixin.py:190} INFO - [2025-04-03T13:58:59.153+0000] {dagbag.py:588} INFO - Filling up the DagBag from /home/hamza/Documents/project/Mlops/myenv/lib/python3.12/site-packages/airflow/example_dags/tutorial_objectstorage.py
[2025-04-03T13:58:59.175+0000] {processor.py:925} INFO - DAG(s) 'tutorial_objectstorage' retrieved from /home/hamza/Documents/project/Mlops/myenv/lib/python3.12/site-packages/airflow/example_dags/tutorial_objectstorage.py
[2025-04-03T13:58:59.223+0000] {logging_mixin.py:190} INFO - [2025-04-03T13:58:59.223+0000] {dag.py:3239} INFO - Sync 1 DAGs
[2025-04-03T13:58:59.251+0000] {logging_mixin.py:190} INFO - [2025-04-03T13:58:59.251+0000] {dag.py:4180} INFO - Setting next_dagrun for tutorial_objectstorage to None, run_after=None
[2025-04-03T13:58:59.309+0000] {processor.py:208} INFO - Processing /home/hamza/Documents/project/Mlops/myenv/lib/python3.12/site-packages/airflow/example_dags/tutorial_objectstorage.py took 0.173 seconds
[2025-04-03T14:09:52.871+0000] {processor.py:186} INFO - Started process (PID=117882) to work on /home/hamza/Documents/project/Mlops/myenv/lib/python3.12/site-packages/airflow/example_dags/tutorial_objectstorage.py
[2025-04-03T14:09:52.874+0000] {processor.py:914} INFO - Processing file /home/hamza/Documents/project/Mlops/myenv/lib/python3.12/site-packages/airflow/example_dags/tutorial_objectstorage.py for tasks to queue
[2025-04-03T14:09:52.876+0000] {logging_mixin.py:190} INFO - [2025-04-03T14:09:52.875+0000] {dagbag.py:588} INFO - Filling up the DagBag from /home/hamza/Documents/project/Mlops/myenv/lib/python3.12/site-packages/airflow/example_dags/tutorial_objectstorage.py
[2025-04-03T14:09:52.891+0000] {processor.py:925} INFO - DAG(s) 'tutorial_objectstorage' retrieved from /home/hamza/Documents/project/Mlops/myenv/lib/python3.12/site-packages/airflow/example_dags/tutorial_objectstorage.py
[2025-04-03T14:09:52.936+0000] {logging_mixin.py:190} INFO - [2025-04-03T14:09:52.935+0000] {dag.py:3239} INFO - Sync 1 DAGs
[2025-04-03T14:09:52.964+0000] {logging_mixin.py:190} INFO - [2025-04-03T14:09:52.964+0000] {dag.py:4180} INFO - Setting next_dagrun for tutorial_objectstorage to None, run_after=None
[2025-04-03T14:09:53.001+0000] {processor.py:208} INFO - Processing /home/hamza/Documents/project/Mlops/myenv/lib/python3.12/site-packages/airflow/example_dags/tutorial_objectstorage.py took 0.140 seconds
[2025-04-03T14:11:07.268+0000] {processor.py:186} INFO - Started process (PID=118588) to work on /home/hamza/Documents/project/Mlops/myenv/lib/python3.12/site-packages/airflow/example_dags/tutorial_objectstorage.py
[2025-04-03T14:11:07.269+0000] {processor.py:914} INFO - Processing file /home/hamza/Documents/project/Mlops/myenv/lib/python3.12/site-packages/airflow/example_dags/tutorial_objectstorage.py for tasks to queue
[2025-04-03T14:11:07.272+0000] {logging_mixin.py:190} INFO - [2025-04-03T14:11:07.271+0000] {dagbag.py:588} INFO - Filling up the DagBag from /home/hamza/Documents/project/Mlops/myenv/lib/python3.12/site-packages/airflow/example_dags/tutorial_objectstorage.py
[2025-04-03T14:11:07.289+0000] {processor.py:925} INFO - DAG(s) 'tutorial_objectstorage' retrieved from /home/hamza/Documents/project/Mlops/myenv/lib/python3.12/site-packages/airflow/example_dags/tutorial_objectstorage.py
[2025-04-03T14:11:07.316+0000] {logging_mixin.py:190} INFO - [2025-04-03T14:11:07.316+0000] {dag.py:3239} INFO - Sync 1 DAGs
[2025-04-03T14:11:07.336+0000] {logging_mixin.py:190} INFO - [2025-04-03T14:11:07.336+0000] {dag.py:4180} INFO - Setting next_dagrun for tutorial_objectstorage to None, run_after=None
[2025-04-03T14:11:07.376+0000] {processor.py:208} INFO - Processing /home/hamza/Documents/project/Mlops/myenv/lib/python3.12/site-packages/airflow/example_dags/tutorial_objectstorage.py took 0.119 seconds
[2025-04-03T14:12:47.662+0000] {processor.py:186} INFO - Started process (PID=119495) to work on /home/hamza/Documents/project/Mlops/myenv/lib/python3.12/site-packages/airflow/example_dags/tutorial_objectstorage.py
[2025-04-03T14:12:47.664+0000] {processor.py:914} INFO - Processing file /home/hamza/Documents/project/Mlops/myenv/lib/python3.12/site-packages/airflow/example_dags/tutorial_objectstorage.py for tasks to queue
[2025-04-03T14:12:47.666+0000] {logging_mixin.py:190} INFO - [2025-04-03T14:12:47.665+0000] {dagbag.py:588} INFO - Filling up the DagBag from /home/hamza/Documents/project/Mlops/myenv/lib/python3.12/site-packages/airflow/example_dags/tutorial_objectstorage.py
[2025-04-03T14:12:47.680+0000] {processor.py:925} INFO - DAG(s) 'tutorial_objectstorage' retrieved from /home/hamza/Documents/project/Mlops/myenv/lib/python3.12/site-packages/airflow/example_dags/tutorial_objectstorage.py
[2025-04-03T14:12:47.707+0000] {logging_mixin.py:190} INFO - [2025-04-03T14:12:47.707+0000] {dag.py:3239} INFO - Sync 1 DAGs
[2025-04-03T14:12:47.729+0000] {logging_mixin.py:190} INFO - [2025-04-03T14:12:47.728+0000] {dag.py:4180} INFO - Setting next_dagrun for tutorial_objectstorage to None, run_after=None
[2025-04-03T14:12:47.765+0000] {processor.py:208} INFO - Processing /home/hamza/Documents/project/Mlops/myenv/lib/python3.12/site-packages/airflow/example_dags/tutorial_objectstorage.py took 0.112 seconds
[2025-04-03T14:18:31.411+0000] {processor.py:186} INFO - Started process (PID=122238) to work on /home/hamza/Documents/project/Mlops/myenv/lib/python3.12/site-packages/airflow/example_dags/tutorial_objectstorage.py
[2025-04-03T14:18:31.413+0000] {processor.py:914} INFO - Processing file /home/hamza/Documents/project/Mlops/myenv/lib/python3.12/site-packages/airflow/example_dags/tutorial_objectstorage.py for tasks to queue
[2025-04-03T14:18:31.415+0000] {logging_mixin.py:190} INFO - [2025-04-03T14:18:31.414+0000] {dagbag.py:588} INFO - Filling up the DagBag from /home/hamza/Documents/project/Mlops/myenv/lib/python3.12/site-packages/airflow/example_dags/tutorial_objectstorage.py
[2025-04-03T14:18:31.428+0000] {processor.py:925} INFO - DAG(s) 'tutorial_objectstorage' retrieved from /home/hamza/Documents/project/Mlops/myenv/lib/python3.12/site-packages/airflow/example_dags/tutorial_objectstorage.py
[2025-04-03T14:18:31.467+0000] {logging_mixin.py:190} INFO - [2025-04-03T14:18:31.467+0000] {dag.py:3239} INFO - Sync 1 DAGs
[2025-04-03T14:18:31.487+0000] {logging_mixin.py:190} INFO - [2025-04-03T14:18:31.487+0000] {dag.py:4180} INFO - Setting next_dagrun for tutorial_objectstorage to None, run_after=None
[2025-04-03T14:18:31.523+0000] {processor.py:208} INFO - Processing /home/hamza/Documents/project/Mlops/myenv/lib/python3.12/site-packages/airflow/example_dags/tutorial_objectstorage.py took 0.121 seconds
[2025-04-03T14:19:45.910+0000] {processor.py:186} INFO - Started process (PID=122952) to work on /home/hamza/Documents/project/Mlops/myenv/lib/python3.12/site-packages/airflow/example_dags/tutorial_objectstorage.py
[2025-04-03T14:19:45.912+0000] {processor.py:914} INFO - Processing file /home/hamza/Documents/project/Mlops/myenv/lib/python3.12/site-packages/airflow/example_dags/tutorial_objectstorage.py for tasks to queue
[2025-04-03T14:19:45.915+0000] {logging_mixin.py:190} INFO - [2025-04-03T14:19:45.914+0000] {dagbag.py:588} INFO - Filling up the DagBag from /home/hamza/Documents/project/Mlops/myenv/lib/python3.12/site-packages/airflow/example_dags/tutorial_objectstorage.py
[2025-04-03T14:19:45.959+0000] {processor.py:925} INFO - DAG(s) 'tutorial_objectstorage' retrieved from /home/hamza/Documents/project/Mlops/myenv/lib/python3.12/site-packages/airflow/example_dags/tutorial_objectstorage.py
[2025-04-03T14:19:45.992+0000] {logging_mixin.py:190} INFO - [2025-04-03T14:19:45.991+0000] {dag.py:3239} INFO - Sync 1 DAGs
[2025-04-03T14:19:46.020+0000] {logging_mixin.py:190} INFO - [2025-04-03T14:19:46.019+0000] {dag.py:4180} INFO - Setting next_dagrun for tutorial_objectstorage to None, run_after=None
[2025-04-03T14:19:46.059+0000] {processor.py:208} INFO - Processing /home/hamza/Documents/project/Mlops/myenv/lib/python3.12/site-packages/airflow/example_dags/tutorial_objectstorage.py took 0.161 seconds
[2025-04-03T15:08:02.723+0000] {processor.py:186} INFO - Started process (PID=35676) to work on /home/hamza/Documents/project/Mlops/myenv/lib/python3.12/site-packages/airflow/example_dags/tutorial_objectstorage.py
[2025-04-03T15:08:02.725+0000] {processor.py:914} INFO - Processing file /home/hamza/Documents/project/Mlops/myenv/lib/python3.12/site-packages/airflow/example_dags/tutorial_objectstorage.py for tasks to queue
[2025-04-03T15:08:02.729+0000] {logging_mixin.py:190} INFO - [2025-04-03T15:08:02.728+0000] {dagbag.py:588} INFO - Filling up the DagBag from /home/hamza/Documents/project/Mlops/myenv/lib/python3.12/site-packages/airflow/example_dags/tutorial_objectstorage.py
[2025-04-03T15:08:02.749+0000] {processor.py:925} INFO - DAG(s) 'tutorial_objectstorage' retrieved from /home/hamza/Documents/project/Mlops/myenv/lib/python3.12/site-packages/airflow/example_dags/tutorial_objectstorage.py
[2025-04-03T15:08:02.789+0000] {logging_mixin.py:190} INFO - [2025-04-03T15:08:02.788+0000] {dag.py:3239} INFO - Sync 1 DAGs
[2025-04-03T15:08:02.813+0000] {logging_mixin.py:190} INFO - [2025-04-03T15:08:02.812+0000] {dag.py:4180} INFO - Setting next_dagrun for tutorial_objectstorage to None, run_after=None
[2025-04-03T15:08:02.851+0000] {processor.py:208} INFO - Processing /home/hamza/Documents/project/Mlops/myenv/lib/python3.12/site-packages/airflow/example_dags/tutorial_objectstorage.py took 0.138 seconds
[2025-04-03T15:09:17.951+0000] {processor.py:186} INFO - Started process (PID=36720) to work on /home/hamza/Documents/project/Mlops/myenv/lib/python3.12/site-packages/airflow/example_dags/tutorial_objectstorage.py
[2025-04-03T15:09:17.958+0000] {processor.py:914} INFO - Processing file /home/hamza/Documents/project/Mlops/myenv/lib/python3.12/site-packages/airflow/example_dags/tutorial_objectstorage.py for tasks to queue
[2025-04-03T15:09:17.961+0000] {logging_mixin.py:190} INFO - [2025-04-03T15:09:17.961+0000] {dagbag.py:588} INFO - Filling up the DagBag from /home/hamza/Documents/project/Mlops/myenv/lib/python3.12/site-packages/airflow/example_dags/tutorial_objectstorage.py
[2025-04-03T15:09:17.978+0000] {processor.py:925} INFO - DAG(s) 'tutorial_objectstorage' retrieved from /home/hamza/Documents/project/Mlops/myenv/lib/python3.12/site-packages/airflow/example_dags/tutorial_objectstorage.py
[2025-04-03T15:09:18.003+0000] {logging_mixin.py:190} INFO - [2025-04-03T15:09:18.002+0000] {dag.py:3239} INFO - Sync 1 DAGs
[2025-04-03T15:09:18.023+0000] {logging_mixin.py:190} INFO - [2025-04-03T15:09:18.022+0000] {dag.py:4180} INFO - Setting next_dagrun for tutorial_objectstorage to None, run_after=None
[2025-04-03T15:09:18.061+0000] {processor.py:208} INFO - Processing /home/hamza/Documents/project/Mlops/myenv/lib/python3.12/site-packages/airflow/example_dags/tutorial_objectstorage.py took 0.118 seconds
[2025-04-03T15:10:46.990+0000] {processor.py:186} INFO - Started process (PID=37551) to work on /home/hamza/Documents/project/Mlops/myenv/lib/python3.12/site-packages/airflow/example_dags/tutorial_objectstorage.py
[2025-04-03T15:10:46.997+0000] {processor.py:914} INFO - Processing file /home/hamza/Documents/project/Mlops/myenv/lib/python3.12/site-packages/airflow/example_dags/tutorial_objectstorage.py for tasks to queue
[2025-04-03T15:10:47.000+0000] {logging_mixin.py:190} INFO - [2025-04-03T15:10:46.999+0000] {dagbag.py:588} INFO - Filling up the DagBag from /home/hamza/Documents/project/Mlops/myenv/lib/python3.12/site-packages/airflow/example_dags/tutorial_objectstorage.py
[2025-04-03T15:10:47.015+0000] {processor.py:925} INFO - DAG(s) 'tutorial_objectstorage' retrieved from /home/hamza/Documents/project/Mlops/myenv/lib/python3.12/site-packages/airflow/example_dags/tutorial_objectstorage.py
[2025-04-03T15:10:47.037+0000] {logging_mixin.py:190} INFO - [2025-04-03T15:10:47.037+0000] {dag.py:3239} INFO - Sync 1 DAGs
[2025-04-03T15:10:47.057+0000] {logging_mixin.py:190} INFO - [2025-04-03T15:10:47.056+0000] {dag.py:4180} INFO - Setting next_dagrun for tutorial_objectstorage to None, run_after=None
[2025-04-03T15:10:47.089+0000] {processor.py:208} INFO - Processing /home/hamza/Documents/project/Mlops/myenv/lib/python3.12/site-packages/airflow/example_dags/tutorial_objectstorage.py took 0.107 seconds
[2025-04-03T15:12:15.203+0000] {processor.py:186} INFO - Started process (PID=38349) to work on /home/hamza/Documents/project/Mlops/myenv/lib/python3.12/site-packages/airflow/example_dags/tutorial_objectstorage.py
[2025-04-03T15:12:15.205+0000] {processor.py:914} INFO - Processing file /home/hamza/Documents/project/Mlops/myenv/lib/python3.12/site-packages/airflow/example_dags/tutorial_objectstorage.py for tasks to queue
[2025-04-03T15:12:15.209+0000] {logging_mixin.py:190} INFO - [2025-04-03T15:12:15.208+0000] {dagbag.py:588} INFO - Filling up the DagBag from /home/hamza/Documents/project/Mlops/myenv/lib/python3.12/site-packages/airflow/example_dags/tutorial_objectstorage.py
[2025-04-03T15:12:15.226+0000] {processor.py:925} INFO - DAG(s) 'tutorial_objectstorage' retrieved from /home/hamza/Documents/project/Mlops/myenv/lib/python3.12/site-packages/airflow/example_dags/tutorial_objectstorage.py
[2025-04-03T15:12:15.253+0000] {logging_mixin.py:190} INFO - [2025-04-03T15:12:15.252+0000] {dag.py:3239} INFO - Sync 1 DAGs
[2025-04-03T15:12:15.277+0000] {logging_mixin.py:190} INFO - [2025-04-03T15:12:15.277+0000] {dag.py:4180} INFO - Setting next_dagrun for tutorial_objectstorage to None, run_after=None
[2025-04-03T15:12:15.317+0000] {processor.py:208} INFO - Processing /home/hamza/Documents/project/Mlops/myenv/lib/python3.12/site-packages/airflow/example_dags/tutorial_objectstorage.py took 0.122 seconds
[2025-04-03T15:13:52.396+0000] {processor.py:186} INFO - Started process (PID=39244) to work on /home/hamza/Documents/project/Mlops/myenv/lib/python3.12/site-packages/airflow/example_dags/tutorial_objectstorage.py
[2025-04-03T15:13:52.399+0000] {processor.py:914} INFO - Processing file /home/hamza/Documents/project/Mlops/myenv/lib/python3.12/site-packages/airflow/example_dags/tutorial_objectstorage.py for tasks to queue
[2025-04-03T15:13:52.404+0000] {logging_mixin.py:190} INFO - [2025-04-03T15:13:52.403+0000] {dagbag.py:588} INFO - Filling up the DagBag from /home/hamza/Documents/project/Mlops/myenv/lib/python3.12/site-packages/airflow/example_dags/tutorial_objectstorage.py
[2025-04-03T15:13:52.420+0000] {processor.py:925} INFO - DAG(s) 'tutorial_objectstorage' retrieved from /home/hamza/Documents/project/Mlops/myenv/lib/python3.12/site-packages/airflow/example_dags/tutorial_objectstorage.py
[2025-04-03T15:13:52.445+0000] {logging_mixin.py:190} INFO - [2025-04-03T15:13:52.444+0000] {dag.py:3239} INFO - Sync 1 DAGs
[2025-04-03T15:13:52.465+0000] {logging_mixin.py:190} INFO - [2025-04-03T15:13:52.465+0000] {dag.py:4180} INFO - Setting next_dagrun for tutorial_objectstorage to None, run_after=None
[2025-04-03T15:13:52.497+0000] {processor.py:208} INFO - Processing /home/hamza/Documents/project/Mlops/myenv/lib/python3.12/site-packages/airflow/example_dags/tutorial_objectstorage.py took 0.110 seconds
[2025-04-03T15:15:25.745+0000] {processor.py:186} INFO - Started process (PID=40186) to work on /home/hamza/Documents/project/Mlops/myenv/lib/python3.12/site-packages/airflow/example_dags/tutorial_objectstorage.py
[2025-04-03T15:15:25.748+0000] {processor.py:914} INFO - Processing file /home/hamza/Documents/project/Mlops/myenv/lib/python3.12/site-packages/airflow/example_dags/tutorial_objectstorage.py for tasks to queue
[2025-04-03T15:15:25.752+0000] {logging_mixin.py:190} INFO - [2025-04-03T15:15:25.751+0000] {dagbag.py:588} INFO - Filling up the DagBag from /home/hamza/Documents/project/Mlops/myenv/lib/python3.12/site-packages/airflow/example_dags/tutorial_objectstorage.py
[2025-04-03T15:15:25.768+0000] {processor.py:925} INFO - DAG(s) 'tutorial_objectstorage' retrieved from /home/hamza/Documents/project/Mlops/myenv/lib/python3.12/site-packages/airflow/example_dags/tutorial_objectstorage.py
[2025-04-03T15:15:25.793+0000] {logging_mixin.py:190} INFO - [2025-04-03T15:15:25.792+0000] {dag.py:3239} INFO - Sync 1 DAGs
[2025-04-03T15:15:25.813+0000] {logging_mixin.py:190} INFO - [2025-04-03T15:15:25.813+0000] {dag.py:4180} INFO - Setting next_dagrun for tutorial_objectstorage to None, run_after=None
[2025-04-03T15:15:25.847+0000] {processor.py:208} INFO - Processing /home/hamza/Documents/project/Mlops/myenv/lib/python3.12/site-packages/airflow/example_dags/tutorial_objectstorage.py took 0.111 seconds
[2025-04-03T15:16:15.866+0000] {processor.py:186} INFO - Started process (PID=40652) to work on /home/hamza/Documents/project/Mlops/myenv/lib/python3.12/site-packages/airflow/example_dags/tutorial_objectstorage.py
[2025-04-03T15:16:15.869+0000] {processor.py:914} INFO - Processing file /home/hamza/Documents/project/Mlops/myenv/lib/python3.12/site-packages/airflow/example_dags/tutorial_objectstorage.py for tasks to queue
[2025-04-03T15:16:15.873+0000] {logging_mixin.py:190} INFO - [2025-04-03T15:16:15.872+0000] {dagbag.py:588} INFO - Filling up the DagBag from /home/hamza/Documents/project/Mlops/myenv/lib/python3.12/site-packages/airflow/example_dags/tutorial_objectstorage.py
[2025-04-03T15:16:15.890+0000] {processor.py:925} INFO - DAG(s) 'tutorial_objectstorage' retrieved from /home/hamza/Documents/project/Mlops/myenv/lib/python3.12/site-packages/airflow/example_dags/tutorial_objectstorage.py
[2025-04-03T15:16:15.914+0000] {logging_mixin.py:190} INFO - [2025-04-03T15:16:15.914+0000] {dag.py:3239} INFO - Sync 1 DAGs
[2025-04-03T15:16:15.934+0000] {logging_mixin.py:190} INFO - [2025-04-03T15:16:15.933+0000] {dag.py:4180} INFO - Setting next_dagrun for tutorial_objectstorage to None, run_after=None
[2025-04-03T15:16:15.967+0000] {processor.py:208} INFO - Processing /home/hamza/Documents/project/Mlops/myenv/lib/python3.12/site-packages/airflow/example_dags/tutorial_objectstorage.py took 0.109 seconds
[2025-04-03T15:17:55.127+0000] {processor.py:186} INFO - Started process (PID=41716) to work on /home/hamza/Documents/project/Mlops/myenv/lib/python3.12/site-packages/airflow/example_dags/tutorial_objectstorage.py
[2025-04-03T15:17:55.129+0000] {processor.py:914} INFO - Processing file /home/hamza/Documents/project/Mlops/myenv/lib/python3.12/site-packages/airflow/example_dags/tutorial_objectstorage.py for tasks to queue
[2025-04-03T15:17:55.132+0000] {logging_mixin.py:190} INFO - [2025-04-03T15:17:55.131+0000] {dagbag.py:588} INFO - Filling up the DagBag from /home/hamza/Documents/project/Mlops/myenv/lib/python3.12/site-packages/airflow/example_dags/tutorial_objectstorage.py
[2025-04-03T15:17:55.146+0000] {processor.py:925} INFO - DAG(s) 'tutorial_objectstorage' retrieved from /home/hamza/Documents/project/Mlops/myenv/lib/python3.12/site-packages/airflow/example_dags/tutorial_objectstorage.py
[2025-04-03T15:17:55.169+0000] {logging_mixin.py:190} INFO - [2025-04-03T15:17:55.168+0000] {dag.py:3239} INFO - Sync 1 DAGs
[2025-04-03T15:17:55.196+0000] {logging_mixin.py:190} INFO - [2025-04-03T15:17:55.196+0000] {dag.py:4180} INFO - Setting next_dagrun for tutorial_objectstorage to None, run_after=None
[2025-04-03T15:17:55.231+0000] {processor.py:208} INFO - Processing /home/hamza/Documents/project/Mlops/myenv/lib/python3.12/site-packages/airflow/example_dags/tutorial_objectstorage.py took 0.111 seconds
[2025-04-03T15:19:26.235+0000] {processor.py:186} INFO - Started process (PID=42737) to work on /home/hamza/Documents/project/Mlops/myenv/lib/python3.12/site-packages/airflow/example_dags/tutorial_objectstorage.py
[2025-04-03T15:19:26.236+0000] {processor.py:914} INFO - Processing file /home/hamza/Documents/project/Mlops/myenv/lib/python3.12/site-packages/airflow/example_dags/tutorial_objectstorage.py for tasks to queue
[2025-04-03T15:19:26.240+0000] {logging_mixin.py:190} INFO - [2025-04-03T15:19:26.239+0000] {dagbag.py:588} INFO - Filling up the DagBag from /home/hamza/Documents/project/Mlops/myenv/lib/python3.12/site-packages/airflow/example_dags/tutorial_objectstorage.py
[2025-04-03T15:19:26.256+0000] {processor.py:925} INFO - DAG(s) 'tutorial_objectstorage' retrieved from /home/hamza/Documents/project/Mlops/myenv/lib/python3.12/site-packages/airflow/example_dags/tutorial_objectstorage.py
[2025-04-03T15:19:26.279+0000] {logging_mixin.py:190} INFO - [2025-04-03T15:19:26.279+0000] {dag.py:3239} INFO - Sync 1 DAGs
[2025-04-03T15:19:26.299+0000] {logging_mixin.py:190} INFO - [2025-04-03T15:19:26.299+0000] {dag.py:4180} INFO - Setting next_dagrun for tutorial_objectstorage to None, run_after=None
[2025-04-03T15:19:26.331+0000] {processor.py:208} INFO - Processing /home/hamza/Documents/project/Mlops/myenv/lib/python3.12/site-packages/airflow/example_dags/tutorial_objectstorage.py took 0.105 seconds
[2025-04-03T15:20:54.332+0000] {processor.py:186} INFO - Started process (PID=43598) to work on /home/hamza/Documents/project/Mlops/myenv/lib/python3.12/site-packages/airflow/example_dags/tutorial_objectstorage.py
[2025-04-03T15:20:54.334+0000] {processor.py:914} INFO - Processing file /home/hamza/Documents/project/Mlops/myenv/lib/python3.12/site-packages/airflow/example_dags/tutorial_objectstorage.py for tasks to queue
[2025-04-03T15:20:54.338+0000] {logging_mixin.py:190} INFO - [2025-04-03T15:20:54.337+0000] {dagbag.py:588} INFO - Filling up the DagBag from /home/hamza/Documents/project/Mlops/myenv/lib/python3.12/site-packages/airflow/example_dags/tutorial_objectstorage.py
[2025-04-03T15:20:54.356+0000] {processor.py:925} INFO - DAG(s) 'tutorial_objectstorage' retrieved from /home/hamza/Documents/project/Mlops/myenv/lib/python3.12/site-packages/airflow/example_dags/tutorial_objectstorage.py
[2025-04-03T15:20:54.378+0000] {logging_mixin.py:190} INFO - [2025-04-03T15:20:54.377+0000] {dag.py:3239} INFO - Sync 1 DAGs
[2025-04-03T15:20:54.397+0000] {logging_mixin.py:190} INFO - [2025-04-03T15:20:54.396+0000] {dag.py:4180} INFO - Setting next_dagrun for tutorial_objectstorage to None, run_after=None
[2025-04-03T15:20:54.429+0000] {processor.py:208} INFO - Processing /home/hamza/Documents/project/Mlops/myenv/lib/python3.12/site-packages/airflow/example_dags/tutorial_objectstorage.py took 0.106 seconds
[2025-04-03T15:21:44.842+0000] {processor.py:186} INFO - Started process (PID=44058) to work on /home/hamza/Documents/project/Mlops/myenv/lib/python3.12/site-packages/airflow/example_dags/tutorial_objectstorage.py
[2025-04-03T15:21:44.844+0000] {processor.py:914} INFO - Processing file /home/hamza/Documents/project/Mlops/myenv/lib/python3.12/site-packages/airflow/example_dags/tutorial_objectstorage.py for tasks to queue
[2025-04-03T15:21:44.848+0000] {logging_mixin.py:190} INFO - [2025-04-03T15:21:44.848+0000] {dagbag.py:588} INFO - Filling up the DagBag from /home/hamza/Documents/project/Mlops/myenv/lib/python3.12/site-packages/airflow/example_dags/tutorial_objectstorage.py
[2025-04-03T15:21:44.865+0000] {processor.py:925} INFO - DAG(s) 'tutorial_objectstorage' retrieved from /home/hamza/Documents/project/Mlops/myenv/lib/python3.12/site-packages/airflow/example_dags/tutorial_objectstorage.py
[2025-04-03T15:21:44.890+0000] {logging_mixin.py:190} INFO - [2025-04-03T15:21:44.889+0000] {dag.py:3239} INFO - Sync 1 DAGs
[2025-04-03T15:21:44.909+0000] {logging_mixin.py:190} INFO - [2025-04-03T15:21:44.909+0000] {dag.py:4180} INFO - Setting next_dagrun for tutorial_objectstorage to None, run_after=None
[2025-04-03T15:21:44.945+0000] {processor.py:208} INFO - Processing /home/hamza/Documents/project/Mlops/myenv/lib/python3.12/site-packages/airflow/example_dags/tutorial_objectstorage.py took 0.112 seconds
[2025-04-03T15:23:21.397+0000] {processor.py:186} INFO - Started process (PID=45005) to work on /home/hamza/Documents/project/Mlops/myenv/lib/python3.12/site-packages/airflow/example_dags/tutorial_objectstorage.py
[2025-04-03T15:23:21.399+0000] {processor.py:914} INFO - Processing file /home/hamza/Documents/project/Mlops/myenv/lib/python3.12/site-packages/airflow/example_dags/tutorial_objectstorage.py for tasks to queue
[2025-04-03T15:23:21.403+0000] {logging_mixin.py:190} INFO - [2025-04-03T15:23:21.402+0000] {dagbag.py:588} INFO - Filling up the DagBag from /home/hamza/Documents/project/Mlops/myenv/lib/python3.12/site-packages/airflow/example_dags/tutorial_objectstorage.py
[2025-04-03T15:23:21.418+0000] {processor.py:925} INFO - DAG(s) 'tutorial_objectstorage' retrieved from /home/hamza/Documents/project/Mlops/myenv/lib/python3.12/site-packages/airflow/example_dags/tutorial_objectstorage.py
[2025-04-03T15:23:21.444+0000] {logging_mixin.py:190} INFO - [2025-04-03T15:23:21.443+0000] {dag.py:3239} INFO - Sync 1 DAGs
[2025-04-03T15:23:21.463+0000] {logging_mixin.py:190} INFO - [2025-04-03T15:23:21.463+0000] {dag.py:4180} INFO - Setting next_dagrun for tutorial_objectstorage to None, run_after=None
[2025-04-03T15:23:21.496+0000] {processor.py:208} INFO - Processing /home/hamza/Documents/project/Mlops/myenv/lib/python3.12/site-packages/airflow/example_dags/tutorial_objectstorage.py took 0.108 seconds
[2025-04-03T15:24:57.610+0000] {processor.py:186} INFO - Started process (PID=45939) to work on /home/hamza/Documents/project/Mlops/myenv/lib/python3.12/site-packages/airflow/example_dags/tutorial_objectstorage.py
[2025-04-03T15:24:57.612+0000] {processor.py:914} INFO - Processing file /home/hamza/Documents/project/Mlops/myenv/lib/python3.12/site-packages/airflow/example_dags/tutorial_objectstorage.py for tasks to queue
[2025-04-03T15:24:57.615+0000] {logging_mixin.py:190} INFO - [2025-04-03T15:24:57.615+0000] {dagbag.py:588} INFO - Filling up the DagBag from /home/hamza/Documents/project/Mlops/myenv/lib/python3.12/site-packages/airflow/example_dags/tutorial_objectstorage.py
[2025-04-03T15:24:57.632+0000] {processor.py:925} INFO - DAG(s) 'tutorial_objectstorage' retrieved from /home/hamza/Documents/project/Mlops/myenv/lib/python3.12/site-packages/airflow/example_dags/tutorial_objectstorage.py
[2025-04-03T15:24:57.657+0000] {logging_mixin.py:190} INFO - [2025-04-03T15:24:57.657+0000] {dag.py:3239} INFO - Sync 1 DAGs
[2025-04-03T15:24:57.678+0000] {logging_mixin.py:190} INFO - [2025-04-03T15:24:57.678+0000] {dag.py:4180} INFO - Setting next_dagrun for tutorial_objectstorage to None, run_after=None
[2025-04-03T15:24:57.712+0000] {processor.py:208} INFO - Processing /home/hamza/Documents/project/Mlops/myenv/lib/python3.12/site-packages/airflow/example_dags/tutorial_objectstorage.py took 0.111 seconds
[2025-04-03T15:26:26.973+0000] {processor.py:186} INFO - Started process (PID=46810) to work on /home/hamza/Documents/project/Mlops/myenv/lib/python3.12/site-packages/airflow/example_dags/tutorial_objectstorage.py
[2025-04-03T15:26:26.976+0000] {processor.py:914} INFO - Processing file /home/hamza/Documents/project/Mlops/myenv/lib/python3.12/site-packages/airflow/example_dags/tutorial_objectstorage.py for tasks to queue
[2025-04-03T15:26:26.980+0000] {logging_mixin.py:190} INFO - [2025-04-03T15:26:26.979+0000] {dagbag.py:588} INFO - Filling up the DagBag from /home/hamza/Documents/project/Mlops/myenv/lib/python3.12/site-packages/airflow/example_dags/tutorial_objectstorage.py
[2025-04-03T15:26:26.995+0000] {processor.py:925} INFO - DAG(s) 'tutorial_objectstorage' retrieved from /home/hamza/Documents/project/Mlops/myenv/lib/python3.12/site-packages/airflow/example_dags/tutorial_objectstorage.py
[2025-04-03T15:26:27.020+0000] {logging_mixin.py:190} INFO - [2025-04-03T15:26:27.020+0000] {dag.py:3239} INFO - Sync 1 DAGs
[2025-04-03T15:26:27.041+0000] {logging_mixin.py:190} INFO - [2025-04-03T15:26:27.040+0000] {dag.py:4180} INFO - Setting next_dagrun for tutorial_objectstorage to None, run_after=None
[2025-04-03T15:26:27.073+0000] {processor.py:208} INFO - Processing /home/hamza/Documents/project/Mlops/myenv/lib/python3.12/site-packages/airflow/example_dags/tutorial_objectstorage.py took 0.108 seconds
[2025-04-03T16:31:01.694+0000] {processor.py:186} INFO - Started process (PID=82488) to work on /home/hamza/Documents/project/Mlops/myenv/lib/python3.12/site-packages/airflow/example_dags/tutorial_objectstorage.py
[2025-04-03T16:31:01.696+0000] {processor.py:914} INFO - Processing file /home/hamza/Documents/project/Mlops/myenv/lib/python3.12/site-packages/airflow/example_dags/tutorial_objectstorage.py for tasks to queue
[2025-04-03T16:31:01.699+0000] {logging_mixin.py:190} INFO - [2025-04-03T16:31:01.699+0000] {dagbag.py:588} INFO - Filling up the DagBag from /home/hamza/Documents/project/Mlops/myenv/lib/python3.12/site-packages/airflow/example_dags/tutorial_objectstorage.py
[2025-04-03T16:31:01.723+0000] {processor.py:925} INFO - DAG(s) 'tutorial_objectstorage' retrieved from /home/hamza/Documents/project/Mlops/myenv/lib/python3.12/site-packages/airflow/example_dags/tutorial_objectstorage.py
[2025-04-03T16:31:01.774+0000] {logging_mixin.py:190} INFO - [2025-04-03T16:31:01.773+0000] {dag.py:3239} INFO - Sync 1 DAGs
[2025-04-03T16:31:01.801+0000] {logging_mixin.py:190} INFO - [2025-04-03T16:31:01.800+0000] {dag.py:4180} INFO - Setting next_dagrun for tutorial_objectstorage to None, run_after=None
[2025-04-03T16:31:01.856+0000] {processor.py:208} INFO - Processing /home/hamza/Documents/project/Mlops/myenv/lib/python3.12/site-packages/airflow/example_dags/tutorial_objectstorage.py took 0.172 seconds
[2025-04-03T16:33:01.498+0000] {processor.py:186} INFO - Started process (PID=83643) to work on /home/hamza/Documents/project/Mlops/myenv/lib/python3.12/site-packages/airflow/example_dags/tutorial_objectstorage.py
[2025-04-03T16:33:01.506+0000] {processor.py:914} INFO - Processing file /home/hamza/Documents/project/Mlops/myenv/lib/python3.12/site-packages/airflow/example_dags/tutorial_objectstorage.py for tasks to queue
[2025-04-03T16:33:01.509+0000] {logging_mixin.py:190} INFO - [2025-04-03T16:33:01.509+0000] {dagbag.py:588} INFO - Filling up the DagBag from /home/hamza/Documents/project/Mlops/myenv/lib/python3.12/site-packages/airflow/example_dags/tutorial_objectstorage.py
[2025-04-03T16:33:01.529+0000] {processor.py:925} INFO - DAG(s) 'tutorial_objectstorage' retrieved from /home/hamza/Documents/project/Mlops/myenv/lib/python3.12/site-packages/airflow/example_dags/tutorial_objectstorage.py
[2025-04-03T16:33:01.553+0000] {logging_mixin.py:190} INFO - [2025-04-03T16:33:01.552+0000] {dag.py:3239} INFO - Sync 1 DAGs
[2025-04-03T16:33:01.572+0000] {logging_mixin.py:190} INFO - [2025-04-03T16:33:01.572+0000] {dag.py:4180} INFO - Setting next_dagrun for tutorial_objectstorage to None, run_after=None
[2025-04-03T16:33:02.110+0000] {processor.py:208} INFO - Processing /home/hamza/Documents/project/Mlops/myenv/lib/python3.12/site-packages/airflow/example_dags/tutorial_objectstorage.py took 0.620 seconds
[2025-04-03T16:33:40.172+0000] {processor.py:186} INFO - Started process (PID=84006) to work on /home/hamza/Documents/project/Mlops/myenv/lib/python3.12/site-packages/airflow/example_dags/tutorial_objectstorage.py
[2025-04-03T16:33:40.174+0000] {processor.py:914} INFO - Processing file /home/hamza/Documents/project/Mlops/myenv/lib/python3.12/site-packages/airflow/example_dags/tutorial_objectstorage.py for tasks to queue
[2025-04-03T16:33:40.178+0000] {logging_mixin.py:190} INFO - [2025-04-03T16:33:40.177+0000] {dagbag.py:588} INFO - Filling up the DagBag from /home/hamza/Documents/project/Mlops/myenv/lib/python3.12/site-packages/airflow/example_dags/tutorial_objectstorage.py
[2025-04-03T16:33:40.199+0000] {processor.py:925} INFO - DAG(s) 'tutorial_objectstorage' retrieved from /home/hamza/Documents/project/Mlops/myenv/lib/python3.12/site-packages/airflow/example_dags/tutorial_objectstorage.py
[2025-04-03T16:33:40.239+0000] {logging_mixin.py:190} INFO - [2025-04-03T16:33:40.239+0000] {dag.py:3239} INFO - Sync 1 DAGs
[2025-04-03T16:33:40.265+0000] {logging_mixin.py:190} INFO - [2025-04-03T16:33:40.264+0000] {dag.py:4180} INFO - Setting next_dagrun for tutorial_objectstorage to None, run_after=None
[2025-04-03T16:33:40.313+0000] {processor.py:208} INFO - Processing /home/hamza/Documents/project/Mlops/myenv/lib/python3.12/site-packages/airflow/example_dags/tutorial_objectstorage.py took 0.150 seconds
[2025-04-03T16:35:12.618+0000] {processor.py:186} INFO - Started process (PID=84799) to work on /home/hamza/Documents/project/Mlops/myenv/lib/python3.12/site-packages/airflow/example_dags/tutorial_objectstorage.py
[2025-04-03T16:35:12.620+0000] {processor.py:914} INFO - Processing file /home/hamza/Documents/project/Mlops/myenv/lib/python3.12/site-packages/airflow/example_dags/tutorial_objectstorage.py for tasks to queue
[2025-04-03T16:35:12.624+0000] {logging_mixin.py:190} INFO - [2025-04-03T16:35:12.623+0000] {dagbag.py:588} INFO - Filling up the DagBag from /home/hamza/Documents/project/Mlops/myenv/lib/python3.12/site-packages/airflow/example_dags/tutorial_objectstorage.py
[2025-04-03T16:35:12.641+0000] {processor.py:925} INFO - DAG(s) 'tutorial_objectstorage' retrieved from /home/hamza/Documents/project/Mlops/myenv/lib/python3.12/site-packages/airflow/example_dags/tutorial_objectstorage.py
[2025-04-03T16:35:12.667+0000] {logging_mixin.py:190} INFO - [2025-04-03T16:35:12.666+0000] {dag.py:3239} INFO - Sync 1 DAGs
[2025-04-03T16:35:12.688+0000] {logging_mixin.py:190} INFO - [2025-04-03T16:35:12.688+0000] {dag.py:4180} INFO - Setting next_dagrun for tutorial_objectstorage to None, run_after=None
[2025-04-03T16:35:12.729+0000] {processor.py:208} INFO - Processing /home/hamza/Documents/project/Mlops/myenv/lib/python3.12/site-packages/airflow/example_dags/tutorial_objectstorage.py took 0.121 seconds
[2025-04-03T16:36:14.267+0000] {processor.py:186} INFO - Started process (PID=85369) to work on /home/hamza/Documents/project/Mlops/myenv/lib/python3.12/site-packages/airflow/example_dags/tutorial_objectstorage.py
[2025-04-03T16:36:14.269+0000] {processor.py:914} INFO - Processing file /home/hamza/Documents/project/Mlops/myenv/lib/python3.12/site-packages/airflow/example_dags/tutorial_objectstorage.py for tasks to queue
[2025-04-03T16:36:14.272+0000] {logging_mixin.py:190} INFO - [2025-04-03T16:36:14.272+0000] {dagbag.py:588} INFO - Filling up the DagBag from /home/hamza/Documents/project/Mlops/myenv/lib/python3.12/site-packages/airflow/example_dags/tutorial_objectstorage.py
[2025-04-03T16:36:14.291+0000] {processor.py:925} INFO - DAG(s) 'tutorial_objectstorage' retrieved from /home/hamza/Documents/project/Mlops/myenv/lib/python3.12/site-packages/airflow/example_dags/tutorial_objectstorage.py
[2025-04-03T16:36:14.321+0000] {logging_mixin.py:190} INFO - [2025-04-03T16:36:14.320+0000] {dag.py:3239} INFO - Sync 1 DAGs
[2025-04-03T16:36:14.348+0000] {logging_mixin.py:190} INFO - [2025-04-03T16:36:14.347+0000] {dag.py:4180} INFO - Setting next_dagrun for tutorial_objectstorage to None, run_after=None
[2025-04-03T16:36:14.390+0000] {processor.py:208} INFO - Processing /home/hamza/Documents/project/Mlops/myenv/lib/python3.12/site-packages/airflow/example_dags/tutorial_objectstorage.py took 0.134 seconds
[2025-04-03T16:37:41.682+0000] {processor.py:186} INFO - Started process (PID=86106) to work on /home/hamza/Documents/project/Mlops/myenv/lib/python3.12/site-packages/airflow/example_dags/tutorial_objectstorage.py
[2025-04-03T16:37:41.683+0000] {processor.py:914} INFO - Processing file /home/hamza/Documents/project/Mlops/myenv/lib/python3.12/site-packages/airflow/example_dags/tutorial_objectstorage.py for tasks to queue
[2025-04-03T16:37:41.687+0000] {logging_mixin.py:190} INFO - [2025-04-03T16:37:41.687+0000] {dagbag.py:588} INFO - Filling up the DagBag from /home/hamza/Documents/project/Mlops/myenv/lib/python3.12/site-packages/airflow/example_dags/tutorial_objectstorage.py
[2025-04-03T16:37:41.706+0000] {processor.py:925} INFO - DAG(s) 'tutorial_objectstorage' retrieved from /home/hamza/Documents/project/Mlops/myenv/lib/python3.12/site-packages/airflow/example_dags/tutorial_objectstorage.py
[2025-04-03T16:37:41.733+0000] {logging_mixin.py:190} INFO - [2025-04-03T16:37:41.732+0000] {dag.py:3239} INFO - Sync 1 DAGs
[2025-04-03T16:37:41.757+0000] {logging_mixin.py:190} INFO - [2025-04-03T16:37:41.756+0000] {dag.py:4180} INFO - Setting next_dagrun for tutorial_objectstorage to None, run_after=None
[2025-04-03T16:37:41.795+0000] {processor.py:208} INFO - Processing /home/hamza/Documents/project/Mlops/myenv/lib/python3.12/site-packages/airflow/example_dags/tutorial_objectstorage.py took 0.123 seconds
[2025-04-03T16:39:14.758+0000] {processor.py:186} INFO - Started process (PID=87282) to work on /home/hamza/Documents/project/Mlops/myenv/lib/python3.12/site-packages/airflow/example_dags/tutorial_objectstorage.py
[2025-04-03T16:39:14.759+0000] {processor.py:914} INFO - Processing file /home/hamza/Documents/project/Mlops/myenv/lib/python3.12/site-packages/airflow/example_dags/tutorial_objectstorage.py for tasks to queue
[2025-04-03T16:39:14.763+0000] {logging_mixin.py:190} INFO - [2025-04-03T16:39:14.762+0000] {dagbag.py:588} INFO - Filling up the DagBag from /home/hamza/Documents/project/Mlops/myenv/lib/python3.12/site-packages/airflow/example_dags/tutorial_objectstorage.py
[2025-04-03T16:39:14.787+0000] {processor.py:925} INFO - DAG(s) 'tutorial_objectstorage' retrieved from /home/hamza/Documents/project/Mlops/myenv/lib/python3.12/site-packages/airflow/example_dags/tutorial_objectstorage.py
[2025-04-03T16:39:14.817+0000] {logging_mixin.py:190} INFO - [2025-04-03T16:39:14.816+0000] {dag.py:3239} INFO - Sync 1 DAGs
[2025-04-03T16:39:14.846+0000] {logging_mixin.py:190} INFO - [2025-04-03T16:39:14.845+0000] {dag.py:4180} INFO - Setting next_dagrun for tutorial_objectstorage to None, run_after=None
[2025-04-03T16:39:14.900+0000] {processor.py:208} INFO - Processing /home/hamza/Documents/project/Mlops/myenv/lib/python3.12/site-packages/airflow/example_dags/tutorial_objectstorage.py took 0.152 seconds
[2025-04-03T16:40:45.693+0000] {processor.py:186} INFO - Started process (PID=88195) to work on /home/hamza/Documents/project/Mlops/myenv/lib/python3.12/site-packages/airflow/example_dags/tutorial_objectstorage.py
[2025-04-03T16:40:45.694+0000] {processor.py:914} INFO - Processing file /home/hamza/Documents/project/Mlops/myenv/lib/python3.12/site-packages/airflow/example_dags/tutorial_objectstorage.py for tasks to queue
[2025-04-03T16:40:45.698+0000] {logging_mixin.py:190} INFO - [2025-04-03T16:40:45.698+0000] {dagbag.py:588} INFO - Filling up the DagBag from /home/hamza/Documents/project/Mlops/myenv/lib/python3.12/site-packages/airflow/example_dags/tutorial_objectstorage.py
[2025-04-03T16:40:45.715+0000] {processor.py:925} INFO - DAG(s) 'tutorial_objectstorage' retrieved from /home/hamza/Documents/project/Mlops/myenv/lib/python3.12/site-packages/airflow/example_dags/tutorial_objectstorage.py
[2025-04-03T16:40:45.741+0000] {logging_mixin.py:190} INFO - [2025-04-03T16:40:45.740+0000] {dag.py:3239} INFO - Sync 1 DAGs
[2025-04-03T16:40:45.763+0000] {logging_mixin.py:190} INFO - [2025-04-03T16:40:45.763+0000] {dag.py:4180} INFO - Setting next_dagrun for tutorial_objectstorage to None, run_after=None
[2025-04-03T16:40:45.801+0000] {processor.py:208} INFO - Processing /home/hamza/Documents/project/Mlops/myenv/lib/python3.12/site-packages/airflow/example_dags/tutorial_objectstorage.py took 0.118 seconds
[2025-04-03T16:42:23.687+0000] {processor.py:186} INFO - Started process (PID=89064) to work on /home/hamza/Documents/project/Mlops/myenv/lib/python3.12/site-packages/airflow/example_dags/tutorial_objectstorage.py
[2025-04-03T16:42:23.689+0000] {processor.py:914} INFO - Processing file /home/hamza/Documents/project/Mlops/myenv/lib/python3.12/site-packages/airflow/example_dags/tutorial_objectstorage.py for tasks to queue
[2025-04-03T16:42:23.692+0000] {logging_mixin.py:190} INFO - [2025-04-03T16:42:23.692+0000] {dagbag.py:588} INFO - Filling up the DagBag from /home/hamza/Documents/project/Mlops/myenv/lib/python3.12/site-packages/airflow/example_dags/tutorial_objectstorage.py
[2025-04-03T16:42:23.710+0000] {processor.py:925} INFO - DAG(s) 'tutorial_objectstorage' retrieved from /home/hamza/Documents/project/Mlops/myenv/lib/python3.12/site-packages/airflow/example_dags/tutorial_objectstorage.py
[2025-04-03T16:42:23.736+0000] {logging_mixin.py:190} INFO - [2025-04-03T16:42:23.736+0000] {dag.py:3239} INFO - Sync 1 DAGs
[2025-04-03T16:42:23.760+0000] {logging_mixin.py:190} INFO - [2025-04-03T16:42:23.759+0000] {dag.py:4180} INFO - Setting next_dagrun for tutorial_objectstorage to None, run_after=None
[2025-04-03T16:42:23.796+0000] {processor.py:208} INFO - Processing /home/hamza/Documents/project/Mlops/myenv/lib/python3.12/site-packages/airflow/example_dags/tutorial_objectstorage.py took 0.118 seconds
[2025-04-03T16:43:57.052+0000] {processor.py:186} INFO - Started process (PID=89801) to work on /home/hamza/Documents/project/Mlops/myenv/lib/python3.12/site-packages/airflow/example_dags/tutorial_objectstorage.py
[2025-04-03T16:43:57.054+0000] {processor.py:914} INFO - Processing file /home/hamza/Documents/project/Mlops/myenv/lib/python3.12/site-packages/airflow/example_dags/tutorial_objectstorage.py for tasks to queue
[2025-04-03T16:43:57.058+0000] {logging_mixin.py:190} INFO - [2025-04-03T16:43:57.057+0000] {dagbag.py:588} INFO - Filling up the DagBag from /home/hamza/Documents/project/Mlops/myenv/lib/python3.12/site-packages/airflow/example_dags/tutorial_objectstorage.py
[2025-04-03T16:43:57.075+0000] {processor.py:925} INFO - DAG(s) 'tutorial_objectstorage' retrieved from /home/hamza/Documents/project/Mlops/myenv/lib/python3.12/site-packages/airflow/example_dags/tutorial_objectstorage.py
[2025-04-03T16:43:57.103+0000] {logging_mixin.py:190} INFO - [2025-04-03T16:43:57.102+0000] {dag.py:3239} INFO - Sync 1 DAGs
[2025-04-03T16:43:57.126+0000] {logging_mixin.py:190} INFO - [2025-04-03T16:43:57.126+0000] {dag.py:4180} INFO - Setting next_dagrun for tutorial_objectstorage to None, run_after=None
[2025-04-03T16:43:57.162+0000] {processor.py:208} INFO - Processing /home/hamza/Documents/project/Mlops/myenv/lib/python3.12/site-packages/airflow/example_dags/tutorial_objectstorage.py took 0.120 seconds
[2025-04-03T16:45:34.453+0000] {processor.py:186} INFO - Started process (PID=90610) to work on /home/hamza/Documents/project/Mlops/myenv/lib/python3.12/site-packages/airflow/example_dags/tutorial_objectstorage.py
[2025-04-03T16:45:34.455+0000] {processor.py:914} INFO - Processing file /home/hamza/Documents/project/Mlops/myenv/lib/python3.12/site-packages/airflow/example_dags/tutorial_objectstorage.py for tasks to queue
[2025-04-03T16:45:34.459+0000] {logging_mixin.py:190} INFO - [2025-04-03T16:45:34.458+0000] {dagbag.py:588} INFO - Filling up the DagBag from /home/hamza/Documents/project/Mlops/myenv/lib/python3.12/site-packages/airflow/example_dags/tutorial_objectstorage.py
[2025-04-03T16:45:34.479+0000] {processor.py:925} INFO - DAG(s) 'tutorial_objectstorage' retrieved from /home/hamza/Documents/project/Mlops/myenv/lib/python3.12/site-packages/airflow/example_dags/tutorial_objectstorage.py
[2025-04-03T16:45:34.504+0000] {logging_mixin.py:190} INFO - [2025-04-03T16:45:34.503+0000] {dag.py:3239} INFO - Sync 1 DAGs
[2025-04-03T16:45:34.527+0000] {logging_mixin.py:190} INFO - [2025-04-03T16:45:34.526+0000] {dag.py:4180} INFO - Setting next_dagrun for tutorial_objectstorage to None, run_after=None
[2025-04-03T16:45:34.565+0000] {processor.py:208} INFO - Processing /home/hamza/Documents/project/Mlops/myenv/lib/python3.12/site-packages/airflow/example_dags/tutorial_objectstorage.py took 0.121 seconds
[2025-04-03T16:47:08.848+0000] {processor.py:186} INFO - Started process (PID=91468) to work on /home/hamza/Documents/project/Mlops/myenv/lib/python3.12/site-packages/airflow/example_dags/tutorial_objectstorage.py
[2025-04-03T16:47:08.851+0000] {processor.py:914} INFO - Processing file /home/hamza/Documents/project/Mlops/myenv/lib/python3.12/site-packages/airflow/example_dags/tutorial_objectstorage.py for tasks to queue
[2025-04-03T16:47:08.855+0000] {logging_mixin.py:190} INFO - [2025-04-03T16:47:08.854+0000] {dagbag.py:588} INFO - Filling up the DagBag from /home/hamza/Documents/project/Mlops/myenv/lib/python3.12/site-packages/airflow/example_dags/tutorial_objectstorage.py
[2025-04-03T16:47:08.872+0000] {processor.py:925} INFO - DAG(s) 'tutorial_objectstorage' retrieved from /home/hamza/Documents/project/Mlops/myenv/lib/python3.12/site-packages/airflow/example_dags/tutorial_objectstorage.py
[2025-04-03T16:47:08.899+0000] {logging_mixin.py:190} INFO - [2025-04-03T16:47:08.898+0000] {dag.py:3239} INFO - Sync 1 DAGs
[2025-04-03T16:47:08.922+0000] {logging_mixin.py:190} INFO - [2025-04-03T16:47:08.922+0000] {dag.py:4180} INFO - Setting next_dagrun for tutorial_objectstorage to None, run_after=None
[2025-04-03T16:47:08.960+0000] {processor.py:208} INFO - Processing /home/hamza/Documents/project/Mlops/myenv/lib/python3.12/site-packages/airflow/example_dags/tutorial_objectstorage.py took 0.122 seconds
[2025-04-03T16:48:46.593+0000] {processor.py:186} INFO - Started process (PID=92283) to work on /home/hamza/Documents/project/Mlops/myenv/lib/python3.12/site-packages/airflow/example_dags/tutorial_objectstorage.py
[2025-04-03T16:48:46.594+0000] {processor.py:914} INFO - Processing file /home/hamza/Documents/project/Mlops/myenv/lib/python3.12/site-packages/airflow/example_dags/tutorial_objectstorage.py for tasks to queue
[2025-04-03T16:48:46.598+0000] {logging_mixin.py:190} INFO - [2025-04-03T16:48:46.597+0000] {dagbag.py:588} INFO - Filling up the DagBag from /home/hamza/Documents/project/Mlops/myenv/lib/python3.12/site-packages/airflow/example_dags/tutorial_objectstorage.py
[2025-04-03T16:48:46.616+0000] {processor.py:925} INFO - DAG(s) 'tutorial_objectstorage' retrieved from /home/hamza/Documents/project/Mlops/myenv/lib/python3.12/site-packages/airflow/example_dags/tutorial_objectstorage.py
[2025-04-03T16:48:46.639+0000] {logging_mixin.py:190} INFO - [2025-04-03T16:48:46.639+0000] {dag.py:3239} INFO - Sync 1 DAGs
[2025-04-03T16:48:46.661+0000] {logging_mixin.py:190} INFO - [2025-04-03T16:48:46.661+0000] {dag.py:4180} INFO - Setting next_dagrun for tutorial_objectstorage to None, run_after=None
[2025-04-03T16:48:46.695+0000] {processor.py:208} INFO - Processing /home/hamza/Documents/project/Mlops/myenv/lib/python3.12/site-packages/airflow/example_dags/tutorial_objectstorage.py took 0.111 seconds
[2025-04-03T16:50:24.411+0000] {processor.py:186} INFO - Started process (PID=93109) to work on /home/hamza/Documents/project/Mlops/myenv/lib/python3.12/site-packages/airflow/example_dags/tutorial_objectstorage.py
[2025-04-03T16:50:24.413+0000] {processor.py:914} INFO - Processing file /home/hamza/Documents/project/Mlops/myenv/lib/python3.12/site-packages/airflow/example_dags/tutorial_objectstorage.py for tasks to queue
[2025-04-03T16:50:24.418+0000] {logging_mixin.py:190} INFO - [2025-04-03T16:50:24.417+0000] {dagbag.py:588} INFO - Filling up the DagBag from /home/hamza/Documents/project/Mlops/myenv/lib/python3.12/site-packages/airflow/example_dags/tutorial_objectstorage.py
[2025-04-03T16:50:24.442+0000] {processor.py:925} INFO - DAG(s) 'tutorial_objectstorage' retrieved from /home/hamza/Documents/project/Mlops/myenv/lib/python3.12/site-packages/airflow/example_dags/tutorial_objectstorage.py
[2025-04-03T16:50:24.475+0000] {logging_mixin.py:190} INFO - [2025-04-03T16:50:24.474+0000] {dag.py:3239} INFO - Sync 1 DAGs
[2025-04-03T16:50:24.499+0000] {logging_mixin.py:190} INFO - [2025-04-03T16:50:24.498+0000] {dag.py:4180} INFO - Setting next_dagrun for tutorial_objectstorage to None, run_after=None
[2025-04-03T16:50:24.538+0000] {processor.py:208} INFO - Processing /home/hamza/Documents/project/Mlops/myenv/lib/python3.12/site-packages/airflow/example_dags/tutorial_objectstorage.py took 0.138 seconds
[2025-04-03T16:52:04.703+0000] {processor.py:186} INFO - Started process (PID=93952) to work on /home/hamza/Documents/project/Mlops/myenv/lib/python3.12/site-packages/airflow/example_dags/tutorial_objectstorage.py
[2025-04-03T16:52:04.705+0000] {processor.py:914} INFO - Processing file /home/hamza/Documents/project/Mlops/myenv/lib/python3.12/site-packages/airflow/example_dags/tutorial_objectstorage.py for tasks to queue
[2025-04-03T16:52:04.709+0000] {logging_mixin.py:190} INFO - [2025-04-03T16:52:04.708+0000] {dagbag.py:588} INFO - Filling up the DagBag from /home/hamza/Documents/project/Mlops/myenv/lib/python3.12/site-packages/airflow/example_dags/tutorial_objectstorage.py
[2025-04-03T16:52:04.727+0000] {processor.py:925} INFO - DAG(s) 'tutorial_objectstorage' retrieved from /home/hamza/Documents/project/Mlops/myenv/lib/python3.12/site-packages/airflow/example_dags/tutorial_objectstorage.py
[2025-04-03T16:52:04.753+0000] {logging_mixin.py:190} INFO - [2025-04-03T16:52:04.753+0000] {dag.py:3239} INFO - Sync 1 DAGs
[2025-04-03T16:52:04.776+0000] {logging_mixin.py:190} INFO - [2025-04-03T16:52:04.776+0000] {dag.py:4180} INFO - Setting next_dagrun for tutorial_objectstorage to None, run_after=None
[2025-04-03T16:52:04.812+0000] {processor.py:208} INFO - Processing /home/hamza/Documents/project/Mlops/myenv/lib/python3.12/site-packages/airflow/example_dags/tutorial_objectstorage.py took 0.119 seconds
[2025-04-03T16:53:40.726+0000] {processor.py:186} INFO - Started process (PID=94738) to work on /home/hamza/Documents/project/Mlops/myenv/lib/python3.12/site-packages/airflow/example_dags/tutorial_objectstorage.py
[2025-04-03T16:53:40.728+0000] {processor.py:914} INFO - Processing file /home/hamza/Documents/project/Mlops/myenv/lib/python3.12/site-packages/airflow/example_dags/tutorial_objectstorage.py for tasks to queue
[2025-04-03T16:53:40.733+0000] {logging_mixin.py:190} INFO - [2025-04-03T16:53:40.733+0000] {dagbag.py:588} INFO - Filling up the DagBag from /home/hamza/Documents/project/Mlops/myenv/lib/python3.12/site-packages/airflow/example_dags/tutorial_objectstorage.py
[2025-04-03T16:53:40.751+0000] {processor.py:925} INFO - DAG(s) 'tutorial_objectstorage' retrieved from /home/hamza/Documents/project/Mlops/myenv/lib/python3.12/site-packages/airflow/example_dags/tutorial_objectstorage.py
[2025-04-03T16:53:40.778+0000] {logging_mixin.py:190} INFO - [2025-04-03T16:53:40.777+0000] {dag.py:3239} INFO - Sync 1 DAGs
[2025-04-03T16:53:40.800+0000] {logging_mixin.py:190} INFO - [2025-04-03T16:53:40.800+0000] {dag.py:4180} INFO - Setting next_dagrun for tutorial_objectstorage to None, run_after=None
[2025-04-03T16:53:40.839+0000] {processor.py:208} INFO - Processing /home/hamza/Documents/project/Mlops/myenv/lib/python3.12/site-packages/airflow/example_dags/tutorial_objectstorage.py took 0.122 seconds
[2025-04-03T16:55:27.532+0000] {processor.py:186} INFO - Started process (PID=95883) to work on /home/hamza/Documents/project/Mlops/myenv/lib/python3.12/site-packages/airflow/example_dags/tutorial_objectstorage.py
[2025-04-03T16:55:27.548+0000] {processor.py:914} INFO - Processing file /home/hamza/Documents/project/Mlops/myenv/lib/python3.12/site-packages/airflow/example_dags/tutorial_objectstorage.py for tasks to queue
[2025-04-03T16:55:27.553+0000] {logging_mixin.py:190} INFO - [2025-04-03T16:55:27.552+0000] {dagbag.py:588} INFO - Filling up the DagBag from /home/hamza/Documents/project/Mlops/myenv/lib/python3.12/site-packages/airflow/example_dags/tutorial_objectstorage.py
[2025-04-03T16:55:27.937+0000] {processor.py:925} INFO - DAG(s) 'tutorial_objectstorage' retrieved from /home/hamza/Documents/project/Mlops/myenv/lib/python3.12/site-packages/airflow/example_dags/tutorial_objectstorage.py
[2025-04-03T16:55:27.970+0000] {logging_mixin.py:190} INFO - [2025-04-03T16:55:27.969+0000] {dag.py:3239} INFO - Sync 1 DAGs
[2025-04-03T16:55:27.992+0000] {logging_mixin.py:190} INFO - [2025-04-03T16:55:27.992+0000] {dag.py:4180} INFO - Setting next_dagrun for tutorial_objectstorage to None, run_after=None
[2025-04-03T16:55:28.184+0000] {processor.py:208} INFO - Processing /home/hamza/Documents/project/Mlops/myenv/lib/python3.12/site-packages/airflow/example_dags/tutorial_objectstorage.py took 0.661 seconds
