[2025-04-03T14:17:48.234+0000] {local_task_job_runner.py:123} INFO - ::group::Pre task execution logs
[2025-04-03T14:17:48.258+0000] {taskinstance.py:2614} INFO - Dependencies all met for dep_context=non-requeueable deps ti=<TaskInstance: news_api_collection.store_in_data_lake manual__2025-04-03T14:13:37.064016+00:00 [queued]>
[2025-04-03T14:17:48.272+0000] {taskinstance.py:2614} INFO - Dependencies all met for dep_context=requeueable deps ti=<TaskInstance: news_api_collection.store_in_data_lake manual__2025-04-03T14:13:37.064016+00:00 [queued]>
[2025-04-03T14:17:48.273+0000] {taskinstance.py:2867} INFO - Starting attempt 1 of 2
[2025-04-03T14:17:48.296+0000] {taskinstance.py:2890} INFO - Executing <Task(PythonOperator): store_in_data_lake> on 2025-04-03 14:13:37.064016+00:00
[2025-04-03T14:17:48.325+0000] {standard_task_runner.py:72} INFO - Started process 121871 to run task
[2025-04-03T14:17:48.331+0000] {standard_task_runner.py:104} INFO - Running: ['airflow', 'tasks', 'run', 'news_api_collection', 'store_in_data_lake', 'manual__2025-04-03T14:13:37.064016+00:00', '--job-id', '16', '--raw', '--subdir', 'DAGS_FOLDER/news_scrapper.py', '--cfg-path', '/tmp/tmpbvjpb94h']
[2025-04-03T14:17:48.333+0000] {standard_task_runner.py:105} INFO - Job 16: Subtask store_in_data_lake
[2025-04-03T14:17:48.389+0000] {task_command.py:467} INFO - Running <TaskInstance: news_api_collection.store_in_data_lake manual__2025-04-03T14:13:37.064016+00:00 [running]> on host hamza-HP-ProBook-450-G8-Notebook-PC
[2025-04-03T14:17:48.490+0000] {taskinstance.py:3134} INFO - Exporting env vars: AIRFLOW_CTX_DAG_OWNER='retail_mlops' AIRFLOW_CTX_DAG_ID='news_api_collection' AIRFLOW_CTX_TASK_ID='store_in_data_lake' AIRFLOW_CTX_EXECUTION_DATE='2025-04-03T14:13:37.064016+00:00' AIRFLOW_CTX_TRY_NUMBER='1' AIRFLOW_CTX_DAG_RUN_ID='manual__2025-04-03T14:13:37.064016+00:00'
[2025-04-03T14:17:48.492+0000] {logging_mixin.py:190} INFO - Task instance is in running state
[2025-04-03T14:17:48.493+0000] {logging_mixin.py:190} INFO -  Previous state of the Task instance: queued
[2025-04-03T14:17:48.493+0000] {logging_mixin.py:190} INFO - Current task name:store_in_data_lake state:running start_date:2025-04-03 14:17:48.259143+00:00
[2025-04-03T14:17:48.494+0000] {logging_mixin.py:190} INFO - Dag name:news_api_collection and current dag run status:running
[2025-04-03T14:17:48.494+0000] {taskinstance.py:732} INFO - ::endgroup::
[2025-04-03T14:17:48.529+0000] {logging_mixin.py:190} INFO - Articles received in store_in_data_lake: 75
[2025-04-03T14:17:48.607+0000] {logging_mixin.py:190} INFO - Stored 75 articles in data lake at raw/news/2025-04-03/articles.json
[2025-04-03T14:18:06.179+0000] {logging_mixin.py:190} INFO - Stored 72 images in data lake
[2025-04-03T14:18:06.181+0000] {python.py:240} INFO - Done. Returned value was: Processed 75 articles and 72 images for 2025-04-03
[2025-04-03T14:18:06.205+0000] {taskinstance.py:341} INFO - ::group::Post task execution logs
[2025-04-03T14:18:06.206+0000] {taskinstance.py:353} INFO - Marking task as SUCCESS. dag_id=news_api_collection, task_id=store_in_data_lake, run_id=manual__2025-04-03T14:13:37.064016+00:00, execution_date=20250403T141337, start_date=20250403T141748, end_date=20250403T141806
[2025-04-03T14:18:06.230+0000] {logging_mixin.py:190} INFO - Task instance in success state
[2025-04-03T14:18:06.230+0000] {logging_mixin.py:190} INFO -  Previous state of the Task instance: running
[2025-04-03T14:18:06.231+0000] {logging_mixin.py:190} INFO - Dag name:news_api_collection queued_at:2025-04-03 14:13:37.090628+00:00
[2025-04-03T14:18:06.231+0000] {logging_mixin.py:190} INFO - Task hostname:hamza-HP-ProBook-450-G8-Notebook-PC operator:PythonOperator
[2025-04-03T14:18:06.261+0000] {local_task_job_runner.py:266} INFO - Task exited with return code 0
[2025-04-03T14:18:06.275+0000] {taskinstance.py:3901} INFO - 0 downstream tasks scheduled from follow-on schedule check
[2025-04-03T14:18:06.277+0000] {local_task_job_runner.py:245} INFO - ::endgroup::
