[2025-04-03T14:16:30.774+0000] {local_task_job_runner.py:123} INFO - ::group::Pre task execution logs
[2025-04-03T14:16:30.798+0000] {taskinstance.py:2614} INFO - Dependencies all met for dep_context=non-requeueable deps ti=<TaskInstance: news_api_collection.store_in_data_lake scheduled__2025-04-03T06:00:00+00:00 [queued]>
[2025-04-03T14:16:30.811+0000] {taskinstance.py:2614} INFO - Dependencies all met for dep_context=requeueable deps ti=<TaskInstance: news_api_collection.store_in_data_lake scheduled__2025-04-03T06:00:00+00:00 [queued]>
[2025-04-03T14:16:30.812+0000] {taskinstance.py:2867} INFO - Starting attempt 2 of 2
[2025-04-03T14:16:30.834+0000] {taskinstance.py:2890} INFO - Executing <Task(PythonOperator): store_in_data_lake> on 2025-04-03 06:00:00+00:00
[2025-04-03T14:16:30.858+0000] {standard_task_runner.py:72} INFO - Started process 121287 to run task
[2025-04-03T14:16:30.864+0000] {standard_task_runner.py:104} INFO - Running: ['airflow', 'tasks', 'run', 'news_api_collection', 'store_in_data_lake', 'scheduled__2025-04-03T06:00:00+00:00', '--job-id', '14', '--raw', '--subdir', 'DAGS_FOLDER/news_scrapper.py', '--cfg-path', '/tmp/tmpnz74ngwg']
[2025-04-03T14:16:30.866+0000] {standard_task_runner.py:105} INFO - Job 14: Subtask store_in_data_lake
[2025-04-03T14:16:30.920+0000] {task_command.py:467} INFO - Running <TaskInstance: news_api_collection.store_in_data_lake scheduled__2025-04-03T06:00:00+00:00 [running]> on host hamza-HP-ProBook-450-G8-Notebook-PC
[2025-04-03T14:16:31.011+0000] {taskinstance.py:3134} INFO - Exporting env vars: AIRFLOW_CTX_DAG_OWNER='retail_mlops' AIRFLOW_CTX_DAG_ID='news_api_collection' AIRFLOW_CTX_TASK_ID='store_in_data_lake' AIRFLOW_CTX_EXECUTION_DATE='2025-04-03T06:00:00+00:00' AIRFLOW_CTX_TRY_NUMBER='2' AIRFLOW_CTX_DAG_RUN_ID='scheduled__2025-04-03T06:00:00+00:00'
[2025-04-03T14:16:31.012+0000] {logging_mixin.py:190} INFO - Task instance is in running state
[2025-04-03T14:16:31.013+0000] {logging_mixin.py:190} INFO -  Previous state of the Task instance: queued
[2025-04-03T14:16:31.013+0000] {logging_mixin.py:190} INFO - Current task name:store_in_data_lake state:running start_date:2025-04-03 14:16:30.799511+00:00
[2025-04-03T14:16:31.013+0000] {logging_mixin.py:190} INFO - Dag name:news_api_collection and current dag run status:running
[2025-04-03T14:16:31.014+0000] {taskinstance.py:732} INFO - ::endgroup::
[2025-04-03T14:16:31.038+0000] {logging_mixin.py:190} INFO - Articles received in store_in_data_lake: 74
[2025-04-03T14:16:31.132+0000] {logging_mixin.py:190} INFO - Stored 74 articles in data lake at raw/news/2025-04-03/articles.json
[2025-04-03T14:16:57.908+0000] {logging_mixin.py:190} INFO - Stored 71 images in data lake
[2025-04-03T14:16:57.909+0000] {python.py:240} INFO - Done. Returned value was: Processed 74 articles and 71 images for 2025-04-03
[2025-04-03T14:16:57.931+0000] {taskinstance.py:341} INFO - ::group::Post task execution logs
[2025-04-03T14:16:57.932+0000] {taskinstance.py:353} INFO - Marking task as SUCCESS. dag_id=news_api_collection, task_id=store_in_data_lake, run_id=scheduled__2025-04-03T06:00:00+00:00, execution_date=20250403T060000, start_date=20250403T141630, end_date=20250403T141657
[2025-04-03T14:16:57.957+0000] {logging_mixin.py:190} INFO - Task instance in success state
[2025-04-03T14:16:57.957+0000] {logging_mixin.py:190} INFO -  Previous state of the Task instance: running
[2025-04-03T14:16:57.958+0000] {logging_mixin.py:190} INFO - Dag name:news_api_collection queued_at:2025-04-03 13:54:26.034155+00:00
[2025-04-03T14:16:57.958+0000] {logging_mixin.py:190} INFO - Task hostname:hamza-HP-ProBook-450-G8-Notebook-PC operator:PythonOperator
[2025-04-03T14:16:57.990+0000] {local_task_job_runner.py:266} INFO - Task exited with return code 0
[2025-04-03T14:16:58.005+0000] {taskinstance.py:3901} INFO - 0 downstream tasks scheduled from follow-on schedule check
[2025-04-03T14:16:58.006+0000] {local_task_job_runner.py:245} INFO - ::endgroup::
